[2023-11-21T01:21:19.788+0000] {taskinstance.py:1159} INFO - Dependencies all met for dep_context=non-requeueable deps ti=<TaskInstance: outcomes_dag.transform scheduled__2023-11-18T00:00:00+00:00 [queued]>
[2023-11-21T01:21:19.812+0000] {taskinstance.py:1159} INFO - Dependencies all met for dep_context=requeueable deps ti=<TaskInstance: outcomes_dag.transform scheduled__2023-11-18T00:00:00+00:00 [queued]>
[2023-11-21T01:21:19.813+0000] {taskinstance.py:1361} INFO - Starting attempt 1 of 1
[2023-11-21T01:21:19.839+0000] {taskinstance.py:1382} INFO - Executing <Task(PythonOperator): transform> on 2023-11-18 00:00:00+00:00
[2023-11-21T01:21:19.847+0000] {standard_task_runner.py:57} INFO - Started process 304 to run task
[2023-11-21T01:21:19.882+0000] {standard_task_runner.py:84} INFO - Running: ['***', 'tasks', 'run', 'outcomes_dag', 'transform', 'scheduled__2023-11-18T00:00:00+00:00', '--job-id', '57', '--raw', '--subdir', 'DAGS_FOLDER/outcomes_dag.py', '--cfg-path', '/tmp/tmp3mc3xmyu']
[2023-11-21T01:21:19.898+0000] {standard_task_runner.py:85} INFO - Job 57: Subtask transform
[2023-11-21T01:21:20.074+0000] {task_command.py:416} INFO - Running <TaskInstance: outcomes_dag.transform scheduled__2023-11-18T00:00:00+00:00 [running]> on host f31a30014ab0
[2023-11-21T01:21:21.039+0000] {taskinstance.py:1662} INFO - Exporting env vars: AIRFLOW_CTX_DAG_OWNER='***' AIRFLOW_CTX_DAG_ID='outcomes_dag' AIRFLOW_CTX_TASK_ID='transform' AIRFLOW_CTX_EXECUTION_DATE='2023-11-18T00:00:00+00:00' AIRFLOW_CTX_TRY_NUMBER='1' AIRFLOW_CTX_DAG_RUN_ID='scheduled__2023-11-18T00:00:00+00:00'
[2023-11-21T01:21:21.195+0000] {python.py:194} INFO - Done. Returned value was: None
[2023-11-21T01:21:21.252+0000] {taskinstance.py:1400} INFO - Marking task as SUCCESS. dag_id=outcomes_dag, task_id=transform, execution_date=20231118T000000, start_date=20231121T012119, end_date=20231121T012121
[2023-11-21T01:21:21.349+0000] {local_task_job_runner.py:228} INFO - Task exited with return code 0
[2023-11-21T01:21:21.395+0000] {taskinstance.py:2778} INFO - 0 downstream tasks scheduled from follow-on schedule check
[2023-11-21T02:36:36.411+0000] {taskinstance.py:1159} INFO - Dependencies all met for dep_context=non-requeueable deps ti=<TaskInstance: outcomes_dag.transform scheduled__2023-11-18T00:00:00+00:00 [queued]>
[2023-11-21T02:36:36.416+0000] {taskinstance.py:1159} INFO - Dependencies all met for dep_context=requeueable deps ti=<TaskInstance: outcomes_dag.transform scheduled__2023-11-18T00:00:00+00:00 [queued]>
[2023-11-21T02:36:36.417+0000] {taskinstance.py:1361} INFO - Starting attempt 1 of 1
[2023-11-21T02:36:36.423+0000] {taskinstance.py:1382} INFO - Executing <Task(PythonOperator): transform> on 2023-11-18 00:00:00+00:00
[2023-11-21T02:36:36.428+0000] {standard_task_runner.py:57} INFO - Started process 325 to run task
[2023-11-21T02:36:36.439+0000] {standard_task_runner.py:84} INFO - Running: ['***', 'tasks', 'run', 'outcomes_dag', 'transform', 'scheduled__2023-11-18T00:00:00+00:00', '--job-id', '62', '--raw', '--subdir', 'DAGS_FOLDER/outcomes_dag.py', '--cfg-path', '/tmp/tmpfa71uvom']
[2023-11-21T02:36:36.444+0000] {standard_task_runner.py:85} INFO - Job 62: Subtask transform
[2023-11-21T02:36:36.485+0000] {task_command.py:416} INFO - Running <TaskInstance: outcomes_dag.transform scheduled__2023-11-18T00:00:00+00:00 [running]> on host b875fa978b1e
[2023-11-21T02:36:36.850+0000] {taskinstance.py:1662} INFO - Exporting env vars: AIRFLOW_CTX_DAG_OWNER='***' AIRFLOW_CTX_DAG_ID='outcomes_dag' AIRFLOW_CTX_TASK_ID='transform' AIRFLOW_CTX_EXECUTION_DATE='2023-11-18T00:00:00+00:00' AIRFLOW_CTX_TRY_NUMBER='1' AIRFLOW_CTX_DAG_RUN_ID='scheduled__2023-11-18T00:00:00+00:00'
[2023-11-21T02:36:36.905+0000] {python.py:194} INFO - Done. Returned value was: None
[2023-11-21T02:36:36.915+0000] {taskinstance.py:1400} INFO - Marking task as SUCCESS. dag_id=outcomes_dag, task_id=transform, execution_date=20231118T000000, start_date=20231121T023636, end_date=20231121T023636
[2023-11-21T02:36:36.966+0000] {local_task_job_runner.py:228} INFO - Task exited with return code 0
[2023-11-21T02:36:36.987+0000] {taskinstance.py:2778} INFO - 0 downstream tasks scheduled from follow-on schedule check
[2023-11-21T03:16:13.800+0000] {taskinstance.py:1159} INFO - Dependencies all met for dep_context=non-requeueable deps ti=<TaskInstance: outcomes_dag.transform scheduled__2023-11-18T00:00:00+00:00 [queued]>
[2023-11-21T03:16:13.818+0000] {taskinstance.py:1159} INFO - Dependencies all met for dep_context=requeueable deps ti=<TaskInstance: outcomes_dag.transform scheduled__2023-11-18T00:00:00+00:00 [queued]>
[2023-11-21T03:16:13.818+0000] {taskinstance.py:1361} INFO - Starting attempt 1 of 1
[2023-11-21T03:16:13.828+0000] {taskinstance.py:1382} INFO - Executing <Task(PythonOperator): transform> on 2023-11-18 00:00:00+00:00
[2023-11-21T03:16:13.846+0000] {standard_task_runner.py:57} INFO - Started process 113 to run task
[2023-11-21T03:16:13.856+0000] {standard_task_runner.py:84} INFO - Running: ['***', 'tasks', 'run', 'outcomes_dag', 'transform', 'scheduled__2023-11-18T00:00:00+00:00', '--job-id', '16', '--raw', '--subdir', 'DAGS_FOLDER/outcomes_dag.py', '--cfg-path', '/tmp/tmpgr1e7g_i']
[2023-11-21T03:16:13.864+0000] {standard_task_runner.py:85} INFO - Job 16: Subtask transform
[2023-11-21T03:16:13.994+0000] {task_command.py:416} INFO - Running <TaskInstance: outcomes_dag.transform scheduled__2023-11-18T00:00:00+00:00 [running]> on host 33d8c5494200
[2023-11-21T03:16:14.436+0000] {taskinstance.py:1662} INFO - Exporting env vars: AIRFLOW_CTX_DAG_OWNER='***' AIRFLOW_CTX_DAG_ID='outcomes_dag' AIRFLOW_CTX_TASK_ID='transform' AIRFLOW_CTX_EXECUTION_DATE='2023-11-18T00:00:00+00:00' AIRFLOW_CTX_TRY_NUMBER='1' AIRFLOW_CTX_DAG_RUN_ID='scheduled__2023-11-18T00:00:00+00:00'
[2023-11-21T03:16:14.535+0000] {python.py:194} INFO - Done. Returned value was: None
[2023-11-21T03:16:14.551+0000] {taskinstance.py:1400} INFO - Marking task as SUCCESS. dag_id=outcomes_dag, task_id=transform, execution_date=20231118T000000, start_date=20231121T031613, end_date=20231121T031614
[2023-11-21T03:16:14.612+0000] {local_task_job_runner.py:228} INFO - Task exited with return code 0
[2023-11-21T03:16:14.632+0000] {taskinstance.py:2778} INFO - 1 downstream tasks scheduled from follow-on schedule check
[2023-11-22T02:54:02.758+0000] {taskinstance.py:1159} INFO - Dependencies all met for dep_context=non-requeueable deps ti=<TaskInstance: outcomes_dag.Transform scheduled__2023-11-18T00:00:00+00:00 [queued]>
[2023-11-22T02:54:02.763+0000] {taskinstance.py:1159} INFO - Dependencies all met for dep_context=requeueable deps ti=<TaskInstance: outcomes_dag.Transform scheduled__2023-11-18T00:00:00+00:00 [queued]>
[2023-11-22T02:54:02.763+0000] {taskinstance.py:1361} INFO - Starting attempt 1 of 1
[2023-11-22T02:54:02.771+0000] {taskinstance.py:1382} INFO - Executing <Task(PythonOperator): Transform> on 2023-11-18 00:00:00+00:00
[2023-11-22T02:54:02.777+0000] {standard_task_runner.py:57} INFO - Started process 91 to run task
[2023-11-22T02:54:02.786+0000] {standard_task_runner.py:84} INFO - Running: ['***', 'tasks', 'run', 'outcomes_dag', 'Transform', 'scheduled__2023-11-18T00:00:00+00:00', '--job-id', '12', '--raw', '--subdir', 'DAGS_FOLDER/outcomes_dag.py', '--cfg-path', '/tmp/tmpv7ldjyap']
[2023-11-22T02:54:02.792+0000] {standard_task_runner.py:85} INFO - Job 12: Subtask Transform
[2023-11-22T02:54:02.849+0000] {task_command.py:416} INFO - Running <TaskInstance: outcomes_dag.Transform scheduled__2023-11-18T00:00:00+00:00 [running]> on host 24b88ba10398
[2023-11-22T02:54:02.943+0000] {taskinstance.py:1662} INFO - Exporting env vars: AIRFLOW_CTX_DAG_OWNER='***' AIRFLOW_CTX_DAG_ID='outcomes_dag' AIRFLOW_CTX_TASK_ID='Transform' AIRFLOW_CTX_EXECUTION_DATE='2023-11-18T00:00:00+00:00' AIRFLOW_CTX_TRY_NUMBER='1' AIRFLOW_CTX_DAG_RUN_ID='scheduled__2023-11-18T00:00:00+00:00'
[2023-11-22T02:54:02.945+0000] {logging_mixin.py:154} INFO - Getting data from Cloud Storage
[2023-11-22T02:54:04.604+0000] {taskinstance.py:1937} ERROR - Task failed with exception
Traceback (most recent call last):
  File "/home/airflow/.local/lib/python3.8/site-packages/airflow/operators/python.py", line 192, in execute
    return_value = self.execute_callable()
  File "/home/airflow/.local/lib/python3.8/site-packages/airflow/operators/python.py", line 209, in execute_callable
    return self.python_callable(*self.op_args, **self.op_kwargs)
  File "/opt/airflow/dags/ETL/Transform.py", line 10, in transform_data
    new_data = pre_process(df)
  File "/opt/airflow/dags/ETL/Transform.py", line 23, in pre_process
    df['Day'] = df["datetime"].dt.day
  File "/home/airflow/.local/lib/python3.8/site-packages/pandas/core/generic.py", line 5989, in __getattr__
    return object.__getattribute__(self, name)
  File "/home/airflow/.local/lib/python3.8/site-packages/pandas/core/accessor.py", line 224, in __get__
    accessor_obj = self._accessor(obj)
  File "/home/airflow/.local/lib/python3.8/site-packages/pandas/core/indexes/accessors.py", line 580, in __new__
    raise AttributeError("Can only use .dt accessor with datetimelike values")
AttributeError: Can only use .dt accessor with datetimelike values
[2023-11-22T02:54:04.623+0000] {taskinstance.py:1400} INFO - Marking task as FAILED. dag_id=outcomes_dag, task_id=Transform, execution_date=20231118T000000, start_date=20231122T025402, end_date=20231122T025404
[2023-11-22T02:54:04.632+0000] {standard_task_runner.py:104} ERROR - Failed to execute job 12 for task Transform (Can only use .dt accessor with datetimelike values; 91)
[2023-11-22T02:54:04.670+0000] {local_task_job_runner.py:228} INFO - Task exited with return code 1
[2023-11-22T03:22:54.183+0000] {taskinstance.py:1159} INFO - Dependencies all met for dep_context=non-requeueable deps ti=<TaskInstance: outcomes_dag.Transform scheduled__2023-11-18T00:00:00+00:00 [queued]>
[2023-11-22T03:22:54.205+0000] {taskinstance.py:1159} INFO - Dependencies all met for dep_context=requeueable deps ti=<TaskInstance: outcomes_dag.Transform scheduled__2023-11-18T00:00:00+00:00 [queued]>
[2023-11-22T03:22:54.206+0000] {taskinstance.py:1361} INFO - Starting attempt 1 of 1
[2023-11-22T03:22:54.227+0000] {taskinstance.py:1382} INFO - Executing <Task(PythonOperator): Transform> on 2023-11-18 00:00:00+00:00
[2023-11-22T03:22:54.256+0000] {standard_task_runner.py:57} INFO - Started process 112 to run task
[2023-11-22T03:22:54.285+0000] {standard_task_runner.py:84} INFO - Running: ['***', 'tasks', 'run', 'outcomes_dag', 'Transform', 'scheduled__2023-11-18T00:00:00+00:00', '--job-id', '17', '--raw', '--subdir', 'DAGS_FOLDER/outcomes_dag.py', '--cfg-path', '/tmp/tmpvbmk9z7h']
[2023-11-22T03:22:54.305+0000] {standard_task_runner.py:85} INFO - Job 17: Subtask Transform
[2023-11-22T03:22:54.486+0000] {task_command.py:416} INFO - Running <TaskInstance: outcomes_dag.Transform scheduled__2023-11-18T00:00:00+00:00 [running]> on host cf56a4e96859
[2023-11-22T03:22:54.685+0000] {taskinstance.py:1662} INFO - Exporting env vars: AIRFLOW_CTX_DAG_OWNER='***' AIRFLOW_CTX_DAG_ID='outcomes_dag' AIRFLOW_CTX_TASK_ID='Transform' AIRFLOW_CTX_EXECUTION_DATE='2023-11-18T00:00:00+00:00' AIRFLOW_CTX_TRY_NUMBER='1' AIRFLOW_CTX_DAG_RUN_ID='scheduled__2023-11-18T00:00:00+00:00'
[2023-11-22T03:22:54.689+0000] {logging_mixin.py:154} INFO - Getting data from Cloud Storage
[2023-11-22T03:22:55.216+0000] {logging_mixin.py:154} INFO - Index(['animal_id', 'datetime', 'monthyear', 'date_of_birth', 'outcome_type',
       'outcome_subtype', 'animal_type', 'sex_upon_outcome',
       'age_upon_outcome', 'breed', 'color', 'name'],
      dtype='object')
[2023-11-22T03:22:55.449+0000] {logging_mixin.py:154} INFO - Data Deposited into Cloud Storage
[2023-11-22T03:22:55.450+0000] {python.py:194} INFO - Done. Returned value was: None
[2023-11-22T03:22:55.477+0000] {taskinstance.py:1400} INFO - Marking task as SUCCESS. dag_id=outcomes_dag, task_id=Transform, execution_date=20231118T000000, start_date=20231122T032254, end_date=20231122T032255
[2023-11-22T03:22:55.542+0000] {local_task_job_runner.py:228} INFO - Task exited with return code 0
[2023-11-22T03:55:54.117+0000] {taskinstance.py:1159} INFO - Dependencies all met for dep_context=non-requeueable deps ti=<TaskInstance: outcomes_dag.Transform scheduled__2023-11-18T00:00:00+00:00 [queued]>
[2023-11-22T03:55:54.145+0000] {taskinstance.py:1159} INFO - Dependencies all met for dep_context=requeueable deps ti=<TaskInstance: outcomes_dag.Transform scheduled__2023-11-18T00:00:00+00:00 [queued]>
[2023-11-22T03:55:54.145+0000] {taskinstance.py:1361} INFO - Starting attempt 1 of 1
[2023-11-22T03:55:54.239+0000] {taskinstance.py:1382} INFO - Executing <Task(PythonOperator): Transform> on 2023-11-18 00:00:00+00:00
[2023-11-22T03:55:54.264+0000] {standard_task_runner.py:57} INFO - Started process 100 to run task
[2023-11-22T03:55:54.285+0000] {standard_task_runner.py:84} INFO - Running: ['***', 'tasks', 'run', 'outcomes_dag', 'Transform', 'scheduled__2023-11-18T00:00:00+00:00', '--job-id', '14', '--raw', '--subdir', 'DAGS_FOLDER/outcomes_dag.py', '--cfg-path', '/tmp/tmpwtdhmc5_']
[2023-11-22T03:55:54.324+0000] {standard_task_runner.py:85} INFO - Job 14: Subtask Transform
[2023-11-22T03:55:54.505+0000] {task_command.py:416} INFO - Running <TaskInstance: outcomes_dag.Transform scheduled__2023-11-18T00:00:00+00:00 [running]> on host cf936e748923
[2023-11-22T03:55:54.712+0000] {taskinstance.py:1662} INFO - Exporting env vars: AIRFLOW_CTX_DAG_OWNER='***' AIRFLOW_CTX_DAG_ID='outcomes_dag' AIRFLOW_CTX_TASK_ID='Transform' AIRFLOW_CTX_EXECUTION_DATE='2023-11-18T00:00:00+00:00' AIRFLOW_CTX_TRY_NUMBER='1' AIRFLOW_CTX_DAG_RUN_ID='scheduled__2023-11-18T00:00:00+00:00'
[2023-11-22T03:55:54.717+0000] {logging_mixin.py:154} INFO - Getting data from Cloud Storage
[2023-11-22T03:55:55.216+0000] {logging_mixin.py:154} INFO - Index(['animal_id', 'name', 'datetime', 'monthyear', 'date_of_birth',
       'outcome_type', 'animal_type', 'sex_upon_outcome', 'age_upon_outcome',
       'breed', 'color', 'outcome_subtype'],
      dtype='object')
[2023-11-22T03:55:55.372+0000] {logging_mixin.py:154} INFO - Data Deposited into Cloud Storage
[2023-11-22T03:55:55.373+0000] {python.py:194} INFO - Done. Returned value was: None
[2023-11-22T03:55:55.384+0000] {taskinstance.py:1400} INFO - Marking task as SUCCESS. dag_id=outcomes_dag, task_id=Transform, execution_date=20231118T000000, start_date=20231122T035554, end_date=20231122T035555
[2023-11-22T03:55:55.413+0000] {local_task_job_runner.py:228} INFO - Task exited with return code 0
[2023-11-22T05:47:45.145+0000] {taskinstance.py:1159} INFO - Dependencies all met for dep_context=non-requeueable deps ti=<TaskInstance: outcomes_dag.Transform scheduled__2023-11-18T00:00:00+00:00 [queued]>
[2023-11-22T05:47:45.151+0000] {taskinstance.py:1159} INFO - Dependencies all met for dep_context=requeueable deps ti=<TaskInstance: outcomes_dag.Transform scheduled__2023-11-18T00:00:00+00:00 [queued]>
[2023-11-22T05:47:45.152+0000] {taskinstance.py:1361} INFO - Starting attempt 1 of 1
[2023-11-22T05:47:45.158+0000] {taskinstance.py:1382} INFO - Executing <Task(PythonOperator): Transform> on 2023-11-18 00:00:00+00:00
[2023-11-22T05:47:45.165+0000] {standard_task_runner.py:57} INFO - Started process 154 to run task
[2023-11-22T05:47:45.169+0000] {standard_task_runner.py:84} INFO - Running: ['***', 'tasks', 'run', 'outcomes_dag', 'Transform', 'scheduled__2023-11-18T00:00:00+00:00', '--job-id', '11', '--raw', '--subdir', 'DAGS_FOLDER/outcomes_dag.py', '--cfg-path', '/tmp/tmpn7siq2gy']
[2023-11-22T05:47:45.176+0000] {standard_task_runner.py:85} INFO - Job 11: Subtask Transform
[2023-11-22T05:47:45.226+0000] {task_command.py:416} INFO - Running <TaskInstance: outcomes_dag.Transform scheduled__2023-11-18T00:00:00+00:00 [running]> on host 6e2e77b078ed
[2023-11-22T05:47:45.328+0000] {taskinstance.py:1662} INFO - Exporting env vars: AIRFLOW_CTX_DAG_OWNER='***' AIRFLOW_CTX_DAG_ID='outcomes_dag' AIRFLOW_CTX_TASK_ID='Transform' AIRFLOW_CTX_EXECUTION_DATE='2023-11-18T00:00:00+00:00' AIRFLOW_CTX_TRY_NUMBER='1' AIRFLOW_CTX_DAG_RUN_ID='scheduled__2023-11-18T00:00:00+00:00'
[2023-11-22T05:47:45.329+0000] {logging_mixin.py:154} INFO - Getting data from Cloud Storage
[2023-11-22T05:47:45.701+0000] {logging_mixin.py:154} INFO - Index(['animal_id', 'name', 'datetime', 'monthyear', 'date_of_birth',
       'outcome_type', 'animal_type', 'sex_upon_outcome', 'age_upon_outcome',
       'breed', 'color', 'outcome_subtype'],
      dtype='object')
[2023-11-22T05:47:45.905+0000] {logging_mixin.py:154} INFO - Data Deposited into Cloud Storage
[2023-11-22T05:47:45.907+0000] {python.py:194} INFO - Done. Returned value was: None
[2023-11-22T05:47:45.937+0000] {taskinstance.py:1400} INFO - Marking task as SUCCESS. dag_id=outcomes_dag, task_id=Transform, execution_date=20231118T000000, start_date=20231122T054745, end_date=20231122T054745
[2023-11-22T05:47:45.991+0000] {local_task_job_runner.py:228} INFO - Task exited with return code 0
[2023-11-22T06:09:40.519+0000] {taskinstance.py:1159} INFO - Dependencies all met for dep_context=non-requeueable deps ti=<TaskInstance: outcomes_dag.Transform scheduled__2023-11-18T00:00:00+00:00 [queued]>
[2023-11-22T06:09:40.527+0000] {taskinstance.py:1159} INFO - Dependencies all met for dep_context=requeueable deps ti=<TaskInstance: outcomes_dag.Transform scheduled__2023-11-18T00:00:00+00:00 [queued]>
[2023-11-22T06:09:40.528+0000] {taskinstance.py:1361} INFO - Starting attempt 1 of 1
[2023-11-22T06:09:40.538+0000] {taskinstance.py:1382} INFO - Executing <Task(PythonOperator): Transform> on 2023-11-18 00:00:00+00:00
[2023-11-22T06:09:40.545+0000] {standard_task_runner.py:57} INFO - Started process 94 to run task
[2023-11-22T06:09:40.555+0000] {standard_task_runner.py:84} INFO - Running: ['***', 'tasks', 'run', 'outcomes_dag', 'Transform', 'scheduled__2023-11-18T00:00:00+00:00', '--job-id', '13', '--raw', '--subdir', 'DAGS_FOLDER/outcomes_dag.py', '--cfg-path', '/tmp/tmprvibfb0k']
[2023-11-22T06:09:40.560+0000] {standard_task_runner.py:85} INFO - Job 13: Subtask Transform
[2023-11-22T06:09:40.606+0000] {task_command.py:416} INFO - Running <TaskInstance: outcomes_dag.Transform scheduled__2023-11-18T00:00:00+00:00 [running]> on host ded66acd9c7f
[2023-11-22T06:09:40.675+0000] {taskinstance.py:1662} INFO - Exporting env vars: AIRFLOW_CTX_DAG_OWNER='***' AIRFLOW_CTX_DAG_ID='outcomes_dag' AIRFLOW_CTX_TASK_ID='Transform' AIRFLOW_CTX_EXECUTION_DATE='2023-11-18T00:00:00+00:00' AIRFLOW_CTX_TRY_NUMBER='1' AIRFLOW_CTX_DAG_RUN_ID='scheduled__2023-11-18T00:00:00+00:00'
[2023-11-22T06:09:40.677+0000] {logging_mixin.py:154} INFO - Getting data from Cloud Storage
[2023-11-22T06:09:41.044+0000] {logging_mixin.py:154} INFO - Index(['animal_id', 'name', 'datetime', 'monthyear', 'date_of_birth',
       'outcome_type', 'animal_type', 'sex_upon_outcome', 'age_upon_outcome',
       'breed', 'color', 'outcome_subtype'],
      dtype='object')
[2023-11-22T06:09:41.288+0000] {logging_mixin.py:154} INFO - Data Deposited into Cloud Storage
[2023-11-22T06:09:41.288+0000] {python.py:194} INFO - Done. Returned value was: None
[2023-11-22T06:09:41.305+0000] {taskinstance.py:1400} INFO - Marking task as SUCCESS. dag_id=outcomes_dag, task_id=Transform, execution_date=20231118T000000, start_date=20231122T060940, end_date=20231122T060941
[2023-11-22T06:09:41.348+0000] {local_task_job_runner.py:228} INFO - Task exited with return code 0
[2023-11-22T06:19:00.874+0000] {taskinstance.py:1159} INFO - Dependencies all met for dep_context=non-requeueable deps ti=<TaskInstance: outcomes_dag.Transform scheduled__2023-11-18T00:00:00+00:00 [queued]>
[2023-11-22T06:19:00.883+0000] {taskinstance.py:1159} INFO - Dependencies all met for dep_context=requeueable deps ti=<TaskInstance: outcomes_dag.Transform scheduled__2023-11-18T00:00:00+00:00 [queued]>
[2023-11-22T06:19:00.883+0000] {taskinstance.py:1361} INFO - Starting attempt 1 of 1
[2023-11-22T06:19:00.901+0000] {taskinstance.py:1382} INFO - Executing <Task(PythonOperator): Transform> on 2023-11-18 00:00:00+00:00
[2023-11-22T06:19:00.916+0000] {standard_task_runner.py:57} INFO - Started process 104 to run task
[2023-11-22T06:19:00.934+0000] {standard_task_runner.py:84} INFO - Running: ['***', 'tasks', 'run', 'outcomes_dag', 'Transform', 'scheduled__2023-11-18T00:00:00+00:00', '--job-id', '14', '--raw', '--subdir', 'DAGS_FOLDER/outcomes_dag.py', '--cfg-path', '/tmp/tmpfe1fakpk']
[2023-11-22T06:19:00.950+0000] {standard_task_runner.py:85} INFO - Job 14: Subtask Transform
[2023-11-22T06:19:01.033+0000] {task_command.py:416} INFO - Running <TaskInstance: outcomes_dag.Transform scheduled__2023-11-18T00:00:00+00:00 [running]> on host 836b7d8b8a64
[2023-11-22T06:19:01.111+0000] {taskinstance.py:1662} INFO - Exporting env vars: AIRFLOW_CTX_DAG_OWNER='***' AIRFLOW_CTX_DAG_ID='outcomes_dag' AIRFLOW_CTX_TASK_ID='Transform' AIRFLOW_CTX_EXECUTION_DATE='2023-11-18T00:00:00+00:00' AIRFLOW_CTX_TRY_NUMBER='1' AIRFLOW_CTX_DAG_RUN_ID='scheduled__2023-11-18T00:00:00+00:00'
[2023-11-22T06:19:01.113+0000] {logging_mixin.py:154} INFO - Getting data from Cloud Storage
[2023-11-22T06:19:01.448+0000] {logging_mixin.py:154} INFO - Index(['animal_id', 'name', 'datetime', 'monthyear', 'date_of_birth',
       'outcome_type', 'animal_type', 'sex_upon_outcome', 'age_upon_outcome',
       'breed', 'color', 'outcome_subtype'],
      dtype='object')
[2023-11-22T06:19:01.714+0000] {logging_mixin.py:154} INFO - Data Deposited into Cloud Storage
[2023-11-22T06:19:01.715+0000] {python.py:194} INFO - Done. Returned value was: None
[2023-11-22T06:19:01.726+0000] {taskinstance.py:1400} INFO - Marking task as SUCCESS. dag_id=outcomes_dag, task_id=Transform, execution_date=20231118T000000, start_date=20231122T061900, end_date=20231122T061901
[2023-11-22T06:19:01.795+0000] {local_task_job_runner.py:228} INFO - Task exited with return code 0
[2023-11-22T07:15:04.524+0000] {taskinstance.py:1159} INFO - Dependencies all met for dep_context=non-requeueable deps ti=<TaskInstance: outcomes_dag.Transform scheduled__2023-11-18T00:00:00+00:00 [queued]>
[2023-11-22T07:15:04.531+0000] {taskinstance.py:1159} INFO - Dependencies all met for dep_context=requeueable deps ti=<TaskInstance: outcomes_dag.Transform scheduled__2023-11-18T00:00:00+00:00 [queued]>
[2023-11-22T07:15:04.531+0000] {taskinstance.py:1361} INFO - Starting attempt 1 of 1
[2023-11-22T07:15:04.538+0000] {taskinstance.py:1382} INFO - Executing <Task(PythonOperator): Transform> on 2023-11-18 00:00:00+00:00
[2023-11-22T07:15:04.544+0000] {standard_task_runner.py:57} INFO - Started process 106 to run task
[2023-11-22T07:15:04.548+0000] {standard_task_runner.py:84} INFO - Running: ['***', 'tasks', 'run', 'outcomes_dag', 'Transform', 'scheduled__2023-11-18T00:00:00+00:00', '--job-id', '18', '--raw', '--subdir', 'DAGS_FOLDER/outcomes_dag.py', '--cfg-path', '/tmp/tmpbwelx6_y']
[2023-11-22T07:15:04.551+0000] {standard_task_runner.py:85} INFO - Job 18: Subtask Transform
[2023-11-22T07:15:04.594+0000] {task_command.py:416} INFO - Running <TaskInstance: outcomes_dag.Transform scheduled__2023-11-18T00:00:00+00:00 [running]> on host 011245d9ad62
[2023-11-22T07:15:04.645+0000] {taskinstance.py:1662} INFO - Exporting env vars: AIRFLOW_CTX_DAG_OWNER='***' AIRFLOW_CTX_DAG_ID='outcomes_dag' AIRFLOW_CTX_TASK_ID='Transform' AIRFLOW_CTX_EXECUTION_DATE='2023-11-18T00:00:00+00:00' AIRFLOW_CTX_TRY_NUMBER='1' AIRFLOW_CTX_DAG_RUN_ID='scheduled__2023-11-18T00:00:00+00:00'
[2023-11-22T07:15:04.646+0000] {logging_mixin.py:154} INFO - Getting data from Cloud Storage
[2023-11-22T07:15:05.404+0000] {logging_mixin.py:154} INFO - Index(['animal_id', 'name', 'datetime', 'monthyear', 'date_of_birth',
       'outcome_type', 'animal_type', 'sex_upon_outcome', 'age_upon_outcome',
       'breed', 'color', 'outcome_subtype'],
      dtype='object')
[2023-11-22T07:15:05.737+0000] {logging_mixin.py:154} INFO - Data Deposited into Cloud Storage
[2023-11-22T07:15:05.739+0000] {python.py:194} INFO - Done. Returned value was: None
[2023-11-22T07:15:05.762+0000] {taskinstance.py:1400} INFO - Marking task as SUCCESS. dag_id=outcomes_dag, task_id=Transform, execution_date=20231118T000000, start_date=20231122T071504, end_date=20231122T071505
[2023-11-22T07:15:05.831+0000] {local_task_job_runner.py:228} INFO - Task exited with return code 0
[2023-11-22T07:54:40.443+0000] {taskinstance.py:1159} INFO - Dependencies all met for dep_context=non-requeueable deps ti=<TaskInstance: outcomes_dag.Transform scheduled__2023-11-18T00:00:00+00:00 [queued]>
[2023-11-22T07:54:40.456+0000] {taskinstance.py:1159} INFO - Dependencies all met for dep_context=requeueable deps ti=<TaskInstance: outcomes_dag.Transform scheduled__2023-11-18T00:00:00+00:00 [queued]>
[2023-11-22T07:54:40.456+0000] {taskinstance.py:1361} INFO - Starting attempt 1 of 1
[2023-11-22T07:54:40.473+0000] {taskinstance.py:1382} INFO - Executing <Task(PythonOperator): Transform> on 2023-11-18 00:00:00+00:00
[2023-11-22T07:54:40.481+0000] {standard_task_runner.py:57} INFO - Started process 464 to run task
[2023-11-22T07:54:40.487+0000] {standard_task_runner.py:84} INFO - Running: ['***', 'tasks', 'run', 'outcomes_dag', 'Transform', 'scheduled__2023-11-18T00:00:00+00:00', '--job-id', '76', '--raw', '--subdir', 'DAGS_FOLDER/outcomes_dag.py', '--cfg-path', '/tmp/tmpl05jvqhl']
[2023-11-22T07:54:40.491+0000] {standard_task_runner.py:85} INFO - Job 76: Subtask Transform
[2023-11-22T07:54:40.551+0000] {task_command.py:416} INFO - Running <TaskInstance: outcomes_dag.Transform scheduled__2023-11-18T00:00:00+00:00 [running]> on host 6318e996d951
[2023-11-22T07:54:40.614+0000] {taskinstance.py:1662} INFO - Exporting env vars: AIRFLOW_CTX_DAG_OWNER='***' AIRFLOW_CTX_DAG_ID='outcomes_dag' AIRFLOW_CTX_TASK_ID='Transform' AIRFLOW_CTX_EXECUTION_DATE='2023-11-18T00:00:00+00:00' AIRFLOW_CTX_TRY_NUMBER='1' AIRFLOW_CTX_DAG_RUN_ID='scheduled__2023-11-18T00:00:00+00:00'
[2023-11-22T07:54:40.615+0000] {logging_mixin.py:154} INFO - Getting data from Cloud Storage
[2023-11-22T07:54:41.077+0000] {logging_mixin.py:154} INFO - Index(['animal_id', 'name', 'datetime', 'monthyear', 'date_of_birth',
       'outcome_type', 'outcome_subtype', 'animal_type', 'sex_upon_outcome',
       'age_upon_outcome', 'breed', 'color'],
      dtype='object')
[2023-11-22T07:54:41.326+0000] {logging_mixin.py:154} INFO - Data Deposited into Cloud Storage
[2023-11-22T07:54:41.327+0000] {python.py:194} INFO - Done. Returned value was: None
[2023-11-22T07:54:41.342+0000] {taskinstance.py:1400} INFO - Marking task as SUCCESS. dag_id=outcomes_dag, task_id=Transform, execution_date=20231118T000000, start_date=20231122T075440, end_date=20231122T075441
[2023-11-22T07:54:41.392+0000] {local_task_job_runner.py:228} INFO - Task exited with return code 0
[2023-11-22T22:41:47.761+0000] {taskinstance.py:1159} INFO - Dependencies all met for dep_context=non-requeueable deps ti=<TaskInstance: outcomes_dag.Transform scheduled__2023-11-18T00:00:00+00:00 [queued]>
[2023-11-22T22:41:47.768+0000] {taskinstance.py:1159} INFO - Dependencies all met for dep_context=requeueable deps ti=<TaskInstance: outcomes_dag.Transform scheduled__2023-11-18T00:00:00+00:00 [queued]>
[2023-11-22T22:41:47.768+0000] {taskinstance.py:1361} INFO - Starting attempt 1 of 1
[2023-11-22T22:41:47.778+0000] {taskinstance.py:1382} INFO - Executing <Task(PythonOperator): Transform> on 2023-11-18 00:00:00+00:00
[2023-11-22T22:41:47.785+0000] {standard_task_runner.py:57} INFO - Started process 263 to run task
[2023-11-22T22:41:47.798+0000] {standard_task_runner.py:84} INFO - Running: ['***', 'tasks', 'run', 'outcomes_dag', 'Transform', 'scheduled__2023-11-18T00:00:00+00:00', '--job-id', '60', '--raw', '--subdir', 'DAGS_FOLDER/outcomes_dag.py', '--cfg-path', '/tmp/tmp5qqsg9x8']
[2023-11-22T22:41:47.818+0000] {standard_task_runner.py:85} INFO - Job 60: Subtask Transform
[2023-11-22T22:41:47.929+0000] {task_command.py:416} INFO - Running <TaskInstance: outcomes_dag.Transform scheduled__2023-11-18T00:00:00+00:00 [running]> on host 8ac13583809b
[2023-11-22T22:41:48.067+0000] {taskinstance.py:1662} INFO - Exporting env vars: AIRFLOW_CTX_DAG_OWNER='***' AIRFLOW_CTX_DAG_ID='outcomes_dag' AIRFLOW_CTX_TASK_ID='Transform' AIRFLOW_CTX_EXECUTION_DATE='2023-11-18T00:00:00+00:00' AIRFLOW_CTX_TRY_NUMBER='1' AIRFLOW_CTX_DAG_RUN_ID='scheduled__2023-11-18T00:00:00+00:00'
[2023-11-22T22:41:48.074+0000] {logging_mixin.py:154} INFO - Getting data from Cloud Storage
[2023-11-22T22:41:48.472+0000] {logging_mixin.py:154} INFO - Index(['animal_id', 'datetime', 'monthyear', 'date_of_birth', 'outcome_type',
       'outcome_subtype', 'animal_type', 'sex_upon_outcome',
       'age_upon_outcome', 'breed', 'color', 'name'],
      dtype='object')
[2023-11-22T22:41:48.664+0000] {logging_mixin.py:154} INFO - Data Deposited into Cloud Storage
[2023-11-22T22:41:48.668+0000] {python.py:194} INFO - Done. Returned value was: None
[2023-11-22T22:41:48.679+0000] {taskinstance.py:1400} INFO - Marking task as SUCCESS. dag_id=outcomes_dag, task_id=Transform, execution_date=20231118T000000, start_date=20231122T224147, end_date=20231122T224148
[2023-11-22T22:41:48.741+0000] {local_task_job_runner.py:228} INFO - Task exited with return code 0
[2023-11-22T23:03:28.956+0000] {taskinstance.py:1159} INFO - Dependencies all met for dep_context=non-requeueable deps ti=<TaskInstance: outcomes_dag.Transform scheduled__2023-11-18T00:00:00+00:00 [queued]>
[2023-11-22T23:03:28.963+0000] {taskinstance.py:1159} INFO - Dependencies all met for dep_context=requeueable deps ti=<TaskInstance: outcomes_dag.Transform scheduled__2023-11-18T00:00:00+00:00 [queued]>
[2023-11-22T23:03:28.963+0000] {taskinstance.py:1361} INFO - Starting attempt 1 of 1
[2023-11-22T23:03:28.969+0000] {taskinstance.py:1382} INFO - Executing <Task(PythonOperator): Transform> on 2023-11-18 00:00:00+00:00
[2023-11-22T23:03:28.980+0000] {standard_task_runner.py:57} INFO - Started process 482 to run task
[2023-11-22T23:03:28.990+0000] {standard_task_runner.py:84} INFO - Running: ['***', 'tasks', 'run', 'outcomes_dag', 'Transform', 'scheduled__2023-11-18T00:00:00+00:00', '--job-id', '122', '--raw', '--subdir', 'DAGS_FOLDER/outcomes_dag.py', '--cfg-path', '/tmp/tmpdyyedkl2']
[2023-11-22T23:03:28.994+0000] {standard_task_runner.py:85} INFO - Job 122: Subtask Transform
[2023-11-22T23:03:29.050+0000] {task_command.py:416} INFO - Running <TaskInstance: outcomes_dag.Transform scheduled__2023-11-18T00:00:00+00:00 [running]> on host 4b2f5af281f8
[2023-11-22T23:03:29.116+0000] {taskinstance.py:1662} INFO - Exporting env vars: AIRFLOW_CTX_DAG_OWNER='***' AIRFLOW_CTX_DAG_ID='outcomes_dag' AIRFLOW_CTX_TASK_ID='Transform' AIRFLOW_CTX_EXECUTION_DATE='2023-11-18T00:00:00+00:00' AIRFLOW_CTX_TRY_NUMBER='1' AIRFLOW_CTX_DAG_RUN_ID='scheduled__2023-11-18T00:00:00+00:00'
[2023-11-22T23:03:29.117+0000] {logging_mixin.py:154} INFO - Getting data from Cloud Storage
[2023-11-22T23:03:29.496+0000] {logging_mixin.py:154} INFO - Index(['animal_id', 'datetime', 'monthyear', 'date_of_birth', 'outcome_type',
       'outcome_subtype', 'animal_type', 'sex_upon_outcome',
       'age_upon_outcome', 'breed', 'color', 'name'],
      dtype='object')
[2023-11-22T23:03:29.780+0000] {logging_mixin.py:154} INFO - Data Deposited into Cloud Storage
[2023-11-22T23:03:29.781+0000] {python.py:194} INFO - Done. Returned value was: None
[2023-11-22T23:03:29.793+0000] {taskinstance.py:1400} INFO - Marking task as SUCCESS. dag_id=outcomes_dag, task_id=Transform, execution_date=20231118T000000, start_date=20231122T230328, end_date=20231122T230329
[2023-11-22T23:03:29.853+0000] {local_task_job_runner.py:228} INFO - Task exited with return code 0
[2023-11-22T23:23:50.308+0000] {taskinstance.py:1159} INFO - Dependencies all met for dep_context=non-requeueable deps ti=<TaskInstance: outcomes_dag.Transform scheduled__2023-11-18T00:00:00+00:00 [queued]>
[2023-11-22T23:23:50.319+0000] {taskinstance.py:1159} INFO - Dependencies all met for dep_context=requeueable deps ti=<TaskInstance: outcomes_dag.Transform scheduled__2023-11-18T00:00:00+00:00 [queued]>
[2023-11-22T23:23:50.322+0000] {taskinstance.py:1361} INFO - Starting attempt 1 of 1
[2023-11-22T23:23:50.333+0000] {taskinstance.py:1382} INFO - Executing <Task(PythonOperator): Transform> on 2023-11-18 00:00:00+00:00
[2023-11-22T23:23:50.360+0000] {standard_task_runner.py:57} INFO - Started process 425 to run task
[2023-11-22T23:23:50.366+0000] {standard_task_runner.py:84} INFO - Running: ['***', 'tasks', 'run', 'outcomes_dag', 'Transform', 'scheduled__2023-11-18T00:00:00+00:00', '--job-id', '104', '--raw', '--subdir', 'DAGS_FOLDER/outcomes_dag.py', '--cfg-path', '/tmp/tmpfblqi1kd']
[2023-11-22T23:23:50.367+0000] {standard_task_runner.py:85} INFO - Job 104: Subtask Transform
[2023-11-22T23:23:50.442+0000] {task_command.py:416} INFO - Running <TaskInstance: outcomes_dag.Transform scheduled__2023-11-18T00:00:00+00:00 [running]> on host b410bfb4af5e
[2023-11-22T23:23:50.506+0000] {taskinstance.py:1662} INFO - Exporting env vars: AIRFLOW_CTX_DAG_OWNER='***' AIRFLOW_CTX_DAG_ID='outcomes_dag' AIRFLOW_CTX_TASK_ID='Transform' AIRFLOW_CTX_EXECUTION_DATE='2023-11-18T00:00:00+00:00' AIRFLOW_CTX_TRY_NUMBER='1' AIRFLOW_CTX_DAG_RUN_ID='scheduled__2023-11-18T00:00:00+00:00'
[2023-11-22T23:23:50.509+0000] {logging_mixin.py:154} INFO - Getting data from Cloud Storage
[2023-11-22T23:23:50.776+0000] {logging_mixin.py:154} INFO - Index(['animal_id', 'name', 'datetime', 'monthyear', 'date_of_birth',
       'outcome_type', 'outcome_subtype', 'animal_type', 'sex_upon_outcome',
       'age_upon_outcome', 'breed', 'color'],
      dtype='object')
[2023-11-22T23:23:51.051+0000] {logging_mixin.py:154} INFO - Data Deposited into Cloud Storage
[2023-11-22T23:23:51.052+0000] {python.py:194} INFO - Done. Returned value was: None
[2023-11-22T23:23:51.060+0000] {taskinstance.py:1400} INFO - Marking task as SUCCESS. dag_id=outcomes_dag, task_id=Transform, execution_date=20231118T000000, start_date=20231122T232350, end_date=20231122T232351
[2023-11-22T23:23:51.112+0000] {local_task_job_runner.py:228} INFO - Task exited with return code 0
[2023-11-22T23:46:39.310+0000] {taskinstance.py:1159} INFO - Dependencies all met for dep_context=non-requeueable deps ti=<TaskInstance: outcomes_dag.Transform scheduled__2023-11-18T00:00:00+00:00 [queued]>
[2023-11-22T23:46:39.322+0000] {taskinstance.py:1159} INFO - Dependencies all met for dep_context=requeueable deps ti=<TaskInstance: outcomes_dag.Transform scheduled__2023-11-18T00:00:00+00:00 [queued]>
[2023-11-22T23:46:39.322+0000] {taskinstance.py:1361} INFO - Starting attempt 1 of 1
[2023-11-22T23:46:39.332+0000] {taskinstance.py:1382} INFO - Executing <Task(PythonOperator): Transform> on 2023-11-18 00:00:00+00:00
[2023-11-22T23:46:39.354+0000] {standard_task_runner.py:57} INFO - Started process 426 to run task
[2023-11-22T23:46:39.369+0000] {standard_task_runner.py:84} INFO - Running: ['***', 'tasks', 'run', 'outcomes_dag', 'Transform', 'scheduled__2023-11-18T00:00:00+00:00', '--job-id', '104', '--raw', '--subdir', 'DAGS_FOLDER/outcomes_dag.py', '--cfg-path', '/tmp/tmp304rypk5']
[2023-11-22T23:46:39.371+0000] {standard_task_runner.py:85} INFO - Job 104: Subtask Transform
[2023-11-22T23:46:39.470+0000] {task_command.py:416} INFO - Running <TaskInstance: outcomes_dag.Transform scheduled__2023-11-18T00:00:00+00:00 [running]> on host 371cae71aa63
[2023-11-22T23:46:39.531+0000] {taskinstance.py:1662} INFO - Exporting env vars: AIRFLOW_CTX_DAG_OWNER='***' AIRFLOW_CTX_DAG_ID='outcomes_dag' AIRFLOW_CTX_TASK_ID='Transform' AIRFLOW_CTX_EXECUTION_DATE='2023-11-18T00:00:00+00:00' AIRFLOW_CTX_TRY_NUMBER='1' AIRFLOW_CTX_DAG_RUN_ID='scheduled__2023-11-18T00:00:00+00:00'
[2023-11-22T23:46:39.535+0000] {logging_mixin.py:154} INFO - Getting data from Cloud Storage
[2023-11-22T23:46:39.899+0000] {logging_mixin.py:154} INFO - Index(['animal_id', 'name', 'datetime', 'monthyear', 'date_of_birth',
       'outcome_type', 'outcome_subtype', 'animal_type', 'sex_upon_outcome',
       'age_upon_outcome', 'breed', 'color'],
      dtype='object')
[2023-11-22T23:46:40.056+0000] {logging_mixin.py:154} INFO - Data Deposited into Cloud Storage
[2023-11-22T23:46:40.056+0000] {python.py:194} INFO - Done. Returned value was: None
[2023-11-22T23:46:40.069+0000] {taskinstance.py:1400} INFO - Marking task as SUCCESS. dag_id=outcomes_dag, task_id=Transform, execution_date=20231118T000000, start_date=20231122T234639, end_date=20231122T234640
[2023-11-22T23:46:40.103+0000] {local_task_job_runner.py:228} INFO - Task exited with return code 0
[2023-11-23T00:43:09.986+0000] {taskinstance.py:1159} INFO - Dependencies all met for dep_context=non-requeueable deps ti=<TaskInstance: outcomes_dag.Transform scheduled__2023-11-18T00:00:00+00:00 [queued]>
[2023-11-23T00:43:09.993+0000] {taskinstance.py:1159} INFO - Dependencies all met for dep_context=requeueable deps ti=<TaskInstance: outcomes_dag.Transform scheduled__2023-11-18T00:00:00+00:00 [queued]>
[2023-11-23T00:43:09.994+0000] {taskinstance.py:1361} INFO - Starting attempt 1 of 1
[2023-11-23T00:43:10.004+0000] {taskinstance.py:1382} INFO - Executing <Task(PythonOperator): Transform> on 2023-11-18 00:00:00+00:00
[2023-11-23T00:43:10.013+0000] {standard_task_runner.py:57} INFO - Started process 491 to run task
[2023-11-23T00:43:10.018+0000] {standard_task_runner.py:84} INFO - Running: ['***', 'tasks', 'run', 'outcomes_dag', 'Transform', 'scheduled__2023-11-18T00:00:00+00:00', '--job-id', '123', '--raw', '--subdir', 'DAGS_FOLDER/outcomes_dag.py', '--cfg-path', '/tmp/tmp9sq28qtq']
[2023-11-23T00:43:10.024+0000] {standard_task_runner.py:85} INFO - Job 123: Subtask Transform
[2023-11-23T00:43:10.109+0000] {task_command.py:416} INFO - Running <TaskInstance: outcomes_dag.Transform scheduled__2023-11-18T00:00:00+00:00 [running]> on host 75913536581a
[2023-11-23T00:43:10.224+0000] {taskinstance.py:1662} INFO - Exporting env vars: AIRFLOW_CTX_DAG_OWNER='***' AIRFLOW_CTX_DAG_ID='outcomes_dag' AIRFLOW_CTX_TASK_ID='Transform' AIRFLOW_CTX_EXECUTION_DATE='2023-11-18T00:00:00+00:00' AIRFLOW_CTX_TRY_NUMBER='1' AIRFLOW_CTX_DAG_RUN_ID='scheduled__2023-11-18T00:00:00+00:00'
[2023-11-23T00:43:10.226+0000] {logging_mixin.py:154} INFO - Getting data from Cloud Storage
[2023-11-23T00:43:10.576+0000] {logging_mixin.py:154} INFO - Index(['animal_id', 'datetime', 'monthyear', 'date_of_birth', 'outcome_type',
       'outcome_subtype', 'animal_type', 'sex_upon_outcome',
       'age_upon_outcome', 'breed', 'color', 'name'],
      dtype='object')
[2023-11-23T00:43:10.769+0000] {logging_mixin.py:154} INFO - Data Deposited into Cloud Storage
[2023-11-23T00:43:10.769+0000] {python.py:194} INFO - Done. Returned value was: None
[2023-11-23T00:43:10.780+0000] {taskinstance.py:1400} INFO - Marking task as SUCCESS. dag_id=outcomes_dag, task_id=Transform, execution_date=20231118T000000, start_date=20231123T004309, end_date=20231123T004310
[2023-11-23T00:43:10.836+0000] {local_task_job_runner.py:228} INFO - Task exited with return code 0
[2023-11-23T01:50:02.854+0000] {taskinstance.py:1159} INFO - Dependencies all met for dep_context=non-requeueable deps ti=<TaskInstance: outcomes_dag.Transform scheduled__2023-11-18T00:00:00+00:00 [queued]>
[2023-11-23T01:50:02.868+0000] {taskinstance.py:1159} INFO - Dependencies all met for dep_context=requeueable deps ti=<TaskInstance: outcomes_dag.Transform scheduled__2023-11-18T00:00:00+00:00 [queued]>
[2023-11-23T01:50:02.872+0000] {taskinstance.py:1361} INFO - Starting attempt 1 of 1
[2023-11-23T01:50:02.897+0000] {taskinstance.py:1382} INFO - Executing <Task(PythonOperator): Transform> on 2023-11-18 00:00:00+00:00
[2023-11-23T01:50:02.910+0000] {standard_task_runner.py:57} INFO - Started process 288 to run task
[2023-11-23T01:50:02.917+0000] {standard_task_runner.py:84} INFO - Running: ['***', 'tasks', 'run', 'outcomes_dag', 'Transform', 'scheduled__2023-11-18T00:00:00+00:00', '--job-id', '76', '--raw', '--subdir', 'DAGS_FOLDER/outcomes_dag.py', '--cfg-path', '/tmp/tmptdtj0s3_']
[2023-11-23T01:50:02.925+0000] {standard_task_runner.py:85} INFO - Job 76: Subtask Transform
[2023-11-23T01:50:03.020+0000] {task_command.py:416} INFO - Running <TaskInstance: outcomes_dag.Transform scheduled__2023-11-18T00:00:00+00:00 [running]> on host d15d3caa5b00
[2023-11-23T01:50:03.095+0000] {taskinstance.py:1662} INFO - Exporting env vars: AIRFLOW_CTX_DAG_OWNER='***' AIRFLOW_CTX_DAG_ID='outcomes_dag' AIRFLOW_CTX_TASK_ID='Transform' AIRFLOW_CTX_EXECUTION_DATE='2023-11-18T00:00:00+00:00' AIRFLOW_CTX_TRY_NUMBER='1' AIRFLOW_CTX_DAG_RUN_ID='scheduled__2023-11-18T00:00:00+00:00'
[2023-11-23T01:50:03.097+0000] {logging_mixin.py:154} INFO - Getting data from Cloud Storage
[2023-11-23T01:50:03.400+0000] {logging_mixin.py:154} INFO - Index(['animal_id', 'datetime', 'monthyear', 'date_of_birth', 'outcome_type',
       'outcome_subtype', 'animal_type', 'sex_upon_outcome',
       'age_upon_outcome', 'breed', 'color', 'name'],
      dtype='object')
[2023-11-23T01:50:03.656+0000] {logging_mixin.py:154} INFO - Data Deposited into Cloud Storage
[2023-11-23T01:50:03.661+0000] {python.py:194} INFO - Done. Returned value was: None
[2023-11-23T01:50:03.676+0000] {taskinstance.py:1400} INFO - Marking task as SUCCESS. dag_id=outcomes_dag, task_id=Transform, execution_date=20231118T000000, start_date=20231123T015002, end_date=20231123T015003
[2023-11-23T01:50:03.733+0000] {local_task_job_runner.py:228} INFO - Task exited with return code 0
[2023-11-23T01:58:39.484+0000] {taskinstance.py:1159} INFO - Dependencies all met for dep_context=non-requeueable deps ti=<TaskInstance: outcomes_dag.Transform scheduled__2023-11-18T00:00:00+00:00 [queued]>
[2023-11-23T01:58:39.494+0000] {taskinstance.py:1159} INFO - Dependencies all met for dep_context=requeueable deps ti=<TaskInstance: outcomes_dag.Transform scheduled__2023-11-18T00:00:00+00:00 [queued]>
[2023-11-23T01:58:39.495+0000] {taskinstance.py:1361} INFO - Starting attempt 1 of 1
[2023-11-23T01:58:39.520+0000] {taskinstance.py:1382} INFO - Executing <Task(PythonOperator): Transform> on 2023-11-18 00:00:00+00:00
[2023-11-23T01:58:39.526+0000] {standard_task_runner.py:57} INFO - Started process 88 to run task
[2023-11-23T01:58:39.532+0000] {standard_task_runner.py:84} INFO - Running: ['***', 'tasks', 'run', 'outcomes_dag', 'Transform', 'scheduled__2023-11-18T00:00:00+00:00', '--job-id', '11', '--raw', '--subdir', 'DAGS_FOLDER/outcomes_dag.py', '--cfg-path', '/tmp/tmp4pzw5jm6']
[2023-11-23T01:58:39.537+0000] {standard_task_runner.py:85} INFO - Job 11: Subtask Transform
[2023-11-23T01:58:39.636+0000] {task_command.py:416} INFO - Running <TaskInstance: outcomes_dag.Transform scheduled__2023-11-18T00:00:00+00:00 [running]> on host 3cdc572bc068
[2023-11-23T01:58:39.752+0000] {taskinstance.py:1662} INFO - Exporting env vars: AIRFLOW_CTX_DAG_OWNER='***' AIRFLOW_CTX_DAG_ID='outcomes_dag' AIRFLOW_CTX_TASK_ID='Transform' AIRFLOW_CTX_EXECUTION_DATE='2023-11-18T00:00:00+00:00' AIRFLOW_CTX_TRY_NUMBER='1' AIRFLOW_CTX_DAG_RUN_ID='scheduled__2023-11-18T00:00:00+00:00'
[2023-11-23T01:58:39.753+0000] {logging_mixin.py:154} INFO - Getting data from Cloud Storage
[2023-11-23T01:58:40.171+0000] {logging_mixin.py:154} INFO - Index(['animal_id', 'name', 'datetime', 'monthyear', 'date_of_birth',
       'outcome_type', 'outcome_subtype', 'animal_type', 'sex_upon_outcome',
       'age_upon_outcome', 'breed', 'color'],
      dtype='object')
[2023-11-23T01:58:40.417+0000] {logging_mixin.py:154} INFO - Data Deposited into Cloud Storage
[2023-11-23T01:58:40.418+0000] {python.py:194} INFO - Done. Returned value was: None
[2023-11-23T01:58:40.438+0000] {taskinstance.py:1400} INFO - Marking task as SUCCESS. dag_id=outcomes_dag, task_id=Transform, execution_date=20231118T000000, start_date=20231123T015839, end_date=20231123T015840
[2023-11-23T01:58:40.560+0000] {local_task_job_runner.py:228} INFO - Task exited with return code 0
[2023-11-23T02:59:41.654+0000] {taskinstance.py:1159} INFO - Dependencies all met for dep_context=non-requeueable deps ti=<TaskInstance: outcomes_dag.Transform scheduled__2023-11-18T00:00:00+00:00 [queued]>
[2023-11-23T02:59:41.666+0000] {taskinstance.py:1159} INFO - Dependencies all met for dep_context=requeueable deps ti=<TaskInstance: outcomes_dag.Transform scheduled__2023-11-18T00:00:00+00:00 [queued]>
[2023-11-23T02:59:41.666+0000] {taskinstance.py:1361} INFO - Starting attempt 1 of 1
[2023-11-23T02:59:42.119+0000] {taskinstance.py:1382} INFO - Executing <Task(PythonOperator): Transform> on 2023-11-18 00:00:00+00:00
[2023-11-23T02:59:42.127+0000] {standard_task_runner.py:57} INFO - Started process 141 to run task
[2023-11-23T02:59:42.171+0000] {standard_task_runner.py:84} INFO - Running: ['***', 'tasks', 'run', 'outcomes_dag', 'Transform', 'scheduled__2023-11-18T00:00:00+00:00', '--job-id', '10', '--raw', '--subdir', 'DAGS_FOLDER/outcomes_dag.py', '--cfg-path', '/tmp/tmp360qvde7']
[2023-11-23T02:59:42.184+0000] {standard_task_runner.py:85} INFO - Job 10: Subtask Transform
[2023-11-23T02:59:42.329+0000] {task_command.py:416} INFO - Running <TaskInstance: outcomes_dag.Transform scheduled__2023-11-18T00:00:00+00:00 [running]> on host 1268bd8e5db0
[2023-11-23T02:59:42.506+0000] {taskinstance.py:1662} INFO - Exporting env vars: AIRFLOW_CTX_DAG_OWNER='***' AIRFLOW_CTX_DAG_ID='outcomes_dag' AIRFLOW_CTX_TASK_ID='Transform' AIRFLOW_CTX_EXECUTION_DATE='2023-11-18T00:00:00+00:00' AIRFLOW_CTX_TRY_NUMBER='1' AIRFLOW_CTX_DAG_RUN_ID='scheduled__2023-11-18T00:00:00+00:00'
[2023-11-23T02:59:42.508+0000] {logging_mixin.py:154} INFO - Getting data from Cloud Storage
[2023-11-23T02:59:42.908+0000] {logging_mixin.py:154} INFO - Index(['animal_id', 'datetime', 'monthyear', 'date_of_birth', 'outcome_type',
       'outcome_subtype', 'animal_type', 'sex_upon_outcome',
       'age_upon_outcome', 'breed', 'color', 'name'],
      dtype='object')
[2023-11-23T02:59:43.055+0000] {logging_mixin.py:154} INFO - Data Deposited into Cloud Storage
[2023-11-23T02:59:43.056+0000] {python.py:194} INFO - Done. Returned value was: None
[2023-11-23T02:59:43.069+0000] {taskinstance.py:1400} INFO - Marking task as SUCCESS. dag_id=outcomes_dag, task_id=Transform, execution_date=20231118T000000, start_date=20231123T025941, end_date=20231123T025943
[2023-11-23T02:59:43.119+0000] {local_task_job_runner.py:228} INFO - Task exited with return code 0
[2023-11-23T03:42:06.685+0000] {taskinstance.py:1159} INFO - Dependencies all met for dep_context=non-requeueable deps ti=<TaskInstance: outcomes_dag.Transform scheduled__2023-11-18T00:00:00+00:00 [queued]>
[2023-11-23T03:42:06.711+0000] {taskinstance.py:1159} INFO - Dependencies all met for dep_context=requeueable deps ti=<TaskInstance: outcomes_dag.Transform scheduled__2023-11-18T00:00:00+00:00 [queued]>
[2023-11-23T03:42:06.711+0000] {taskinstance.py:1361} INFO - Starting attempt 1 of 1
[2023-11-23T03:42:06.749+0000] {taskinstance.py:1382} INFO - Executing <Task(PythonOperator): Transform> on 2023-11-18 00:00:00+00:00
[2023-11-23T03:42:06.801+0000] {standard_task_runner.py:57} INFO - Started process 537 to run task
[2023-11-23T03:42:06.856+0000] {standard_task_runner.py:84} INFO - Running: ['***', 'tasks', 'run', 'outcomes_dag', 'Transform', 'scheduled__2023-11-18T00:00:00+00:00', '--job-id', '155', '--raw', '--subdir', 'DAGS_FOLDER/outcomes_dag.py', '--cfg-path', '/tmp/tmpmxfg9_0p']
[2023-11-23T03:42:06.868+0000] {standard_task_runner.py:85} INFO - Job 155: Subtask Transform
[2023-11-23T03:42:07.101+0000] {task_command.py:416} INFO - Running <TaskInstance: outcomes_dag.Transform scheduled__2023-11-18T00:00:00+00:00 [running]> on host e647c96745b0
[2023-11-23T03:42:07.270+0000] {taskinstance.py:1662} INFO - Exporting env vars: AIRFLOW_CTX_DAG_OWNER='***' AIRFLOW_CTX_DAG_ID='outcomes_dag' AIRFLOW_CTX_TASK_ID='Transform' AIRFLOW_CTX_EXECUTION_DATE='2023-11-18T00:00:00+00:00' AIRFLOW_CTX_TRY_NUMBER='1' AIRFLOW_CTX_DAG_RUN_ID='scheduled__2023-11-18T00:00:00+00:00'
[2023-11-23T03:42:07.277+0000] {logging_mixin.py:154} INFO - Getting data from Cloud Storage
[2023-11-23T03:42:07.666+0000] {logging_mixin.py:154} INFO - Index(['animal_id', 'datetime', 'monthyear', 'date_of_birth', 'outcome_type',
       'outcome_subtype', 'animal_type', 'sex_upon_outcome',
       'age_upon_outcome', 'breed', 'color', 'name'],
      dtype='object')
[2023-11-23T03:42:07.901+0000] {logging_mixin.py:154} INFO - Data Deposited into Cloud Storage
[2023-11-23T03:42:07.902+0000] {python.py:194} INFO - Done. Returned value was: None
[2023-11-23T03:42:07.916+0000] {taskinstance.py:1400} INFO - Marking task as SUCCESS. dag_id=outcomes_dag, task_id=Transform, execution_date=20231118T000000, start_date=20231123T034206, end_date=20231123T034207
[2023-11-23T03:42:07.966+0000] {local_task_job_runner.py:228} INFO - Task exited with return code 0
