[2023-11-20T23:23:55.759+0000] {taskinstance.py:1159} INFO - Dependencies all met for dep_context=non-requeueable deps ti=<TaskInstance: outcomes_dag.transform manual__2023-11-20T23:23:51.928722+00:00 [queued]>
[2023-11-20T23:23:55.763+0000] {taskinstance.py:1159} INFO - Dependencies all met for dep_context=requeueable deps ti=<TaskInstance: outcomes_dag.transform manual__2023-11-20T23:23:51.928722+00:00 [queued]>
[2023-11-20T23:23:55.763+0000] {taskinstance.py:1361} INFO - Starting attempt 1 of 1
[2023-11-20T23:23:55.769+0000] {taskinstance.py:1382} INFO - Executing <Task(PythonOperator): transform> on 2023-11-20 23:23:51.928722+00:00
[2023-11-20T23:23:55.774+0000] {standard_task_runner.py:57} INFO - Started process 1532 to run task
[2023-11-20T23:23:55.777+0000] {standard_task_runner.py:84} INFO - Running: ['***', 'tasks', 'run', 'outcomes_dag', 'transform', 'manual__2023-11-20T23:23:51.928722+00:00', '--job-id', '57', '--raw', '--subdir', 'DAGS_FOLDER/outcomes_dag.py', '--cfg-path', '/tmp/tmpn9m0wtmd']
[2023-11-20T23:23:55.780+0000] {standard_task_runner.py:85} INFO - Job 57: Subtask transform
[2023-11-20T23:23:55.815+0000] {task_command.py:416} INFO - Running <TaskInstance: outcomes_dag.transform manual__2023-11-20T23:23:51.928722+00:00 [running]> on host 323903d45442
[2023-11-20T23:23:56.193+0000] {taskinstance.py:1662} INFO - Exporting env vars: AIRFLOW_CTX_DAG_OWNER='***' AIRFLOW_CTX_DAG_ID='outcomes_dag' AIRFLOW_CTX_TASK_ID='transform' AIRFLOW_CTX_EXECUTION_DATE='2023-11-20T23:23:51.928722+00:00' AIRFLOW_CTX_TRY_NUMBER='1' AIRFLOW_CTX_DAG_RUN_ID='manual__2023-11-20T23:23:51.928722+00:00'
[2023-11-20T23:23:56.234+0000] {python.py:194} INFO - Done. Returned value was:     Animal ID     Name          Outcome  ...         DOB Reproductive Status     Sex
0     A794011    Chunk        Rto-Adopt  ...  2017-05-02            Neutered    Male
1     A776359    Gizmo         Adoption  ...  2017-07-12            Neutered    Male
2     A821648      NaN       Euthanasia  ...  2019-08-16                None    None
3     A720371    Moose         Adoption  ...  2015-10-08            Neutered    Male
4     A674754      NaN         Transfer  ...  2014-03-12              Intact    Male
..        ...      ...              ...  ...         ...                 ...     ...
995   A705114      NaN         Transfer  ...  2015-06-11              Intact    Male
996   A800888      NaN         Transfer  ...  2019-07-03              Intact  Female
997   A796517  Chiquis         Adoption  ...  2017-06-02              Spayed  Female
998   A880162      NaN         Adoption  ...  2023-03-05            Neutered    Male
999   A772727     Oreo  Return to Owner  ...  2017-12-07              Spayed  Female

[1000 rows x 13 columns]
[2023-11-20T23:23:56.425+0000] {taskinstance.py:1400} INFO - Marking task as SUCCESS. dag_id=outcomes_dag, task_id=transform, execution_date=20231120T232351, start_date=20231120T232355, end_date=20231120T232356
[2023-11-20T23:23:56.478+0000] {local_task_job_runner.py:228} INFO - Task exited with return code 0
[2023-11-20T23:23:56.496+0000] {taskinstance.py:2778} INFO - 0 downstream tasks scheduled from follow-on schedule check
