[2023-11-20T22:16:37.054+0000] {taskinstance.py:1159} INFO - Dependencies all met for dep_context=non-requeueable deps ti=<TaskInstance: outcomes_dag.step1 scheduled__2023-11-05T00:00:00+00:00 [queued]>
[2023-11-20T22:16:37.110+0000] {taskinstance.py:1159} INFO - Dependencies all met for dep_context=requeueable deps ti=<TaskInstance: outcomes_dag.step1 scheduled__2023-11-05T00:00:00+00:00 [queued]>
[2023-11-20T22:16:37.111+0000] {taskinstance.py:1361} INFO - Starting attempt 1 of 1
[2023-11-20T22:16:37.180+0000] {taskinstance.py:1382} INFO - Executing <Task(BashOperator): step1> on 2023-11-05 00:00:00+00:00
[2023-11-20T22:16:37.195+0000] {standard_task_runner.py:57} INFO - Started process 339 to run task
[2023-11-20T22:16:37.238+0000] {standard_task_runner.py:84} INFO - Running: ['***', 'tasks', 'run', 'outcomes_dag', 'step1', 'scheduled__2023-11-05T00:00:00+00:00', '--job-id', '13', '--raw', '--subdir', 'DAGS_FOLDER/outcomes_dag.py', '--cfg-path', '/tmp/tmpomxrz9aa']
[2023-11-20T22:16:37.245+0000] {standard_task_runner.py:85} INFO - Job 13: Subtask step1
[2023-11-20T22:16:37.712+0000] {task_command.py:416} INFO - Running <TaskInstance: outcomes_dag.step1 scheduled__2023-11-05T00:00:00+00:00 [running]> on host 323903d45442
[2023-11-20T22:16:38.084+0000] {taskinstance.py:1662} INFO - Exporting env vars: AIRFLOW_CTX_DAG_OWNER='***' AIRFLOW_CTX_DAG_ID='outcomes_dag' AIRFLOW_CTX_TASK_ID='step1' AIRFLOW_CTX_EXECUTION_DATE='2023-11-05T00:00:00+00:00' AIRFLOW_CTX_TRY_NUMBER='1' AIRFLOW_CTX_DAG_RUN_ID='scheduled__2023-11-05T00:00:00+00:00'
[2023-11-20T22:16:38.087+0000] {subprocess.py:63} INFO - Tmp dir root location: /tmp
[2023-11-20T22:16:38.093+0000] {subprocess.py:75} INFO - Running command: ['/bin/bash', '-c', 'echo 1']
[2023-11-20T22:16:38.122+0000] {subprocess.py:86} INFO - Output:
[2023-11-20T22:16:38.129+0000] {subprocess.py:93} INFO - 1
[2023-11-20T22:16:38.141+0000] {subprocess.py:97} INFO - Command exited with return code 0
[2023-11-20T22:16:38.210+0000] {taskinstance.py:1400} INFO - Marking task as SUCCESS. dag_id=outcomes_dag, task_id=step1, execution_date=20231105T000000, start_date=20231120T221637, end_date=20231120T221638
[2023-11-20T22:16:38.268+0000] {local_task_job_runner.py:228} INFO - Task exited with return code 0
[2023-11-20T22:16:38.352+0000] {taskinstance.py:2778} INFO - 0 downstream tasks scheduled from follow-on schedule check
[2023-11-21T01:20:18.990+0000] {taskinstance.py:1159} INFO - Dependencies all met for dep_context=non-requeueable deps ti=<TaskInstance: outcomes_dag.step1 scheduled__2023-11-05T00:00:00+00:00 [queued]>
[2023-11-21T01:20:19.068+0000] {taskinstance.py:1159} INFO - Dependencies all met for dep_context=requeueable deps ti=<TaskInstance: outcomes_dag.step1 scheduled__2023-11-05T00:00:00+00:00 [queued]>
[2023-11-21T01:20:19.073+0000] {taskinstance.py:1361} INFO - Starting attempt 1 of 1
[2023-11-21T01:20:19.317+0000] {taskinstance.py:1382} INFO - Executing <Task(BashOperator): step1> on 2023-11-05 00:00:00+00:00
[2023-11-21T01:20:19.520+0000] {standard_task_runner.py:57} INFO - Started process 111 to run task
[2023-11-21T01:20:19.615+0000] {standard_task_runner.py:84} INFO - Running: ['***', 'tasks', 'run', 'outcomes_dag', 'step1', 'scheduled__2023-11-05T00:00:00+00:00', '--job-id', '16', '--raw', '--subdir', 'DAGS_FOLDER/outcomes_dag.py', '--cfg-path', '/tmp/tmpuhfxobkl']
[2023-11-21T01:20:19.988+0000] {standard_task_runner.py:85} INFO - Job 16: Subtask step1
[2023-11-21T01:20:21.302+0000] {task_command.py:416} INFO - Running <TaskInstance: outcomes_dag.step1 scheduled__2023-11-05T00:00:00+00:00 [running]> on host f31a30014ab0
[2023-11-21T01:20:34.975+0000] {taskinstance.py:1662} INFO - Exporting env vars: AIRFLOW_CTX_DAG_OWNER='***' AIRFLOW_CTX_DAG_ID='outcomes_dag' AIRFLOW_CTX_TASK_ID='step1' AIRFLOW_CTX_EXECUTION_DATE='2023-11-05T00:00:00+00:00' AIRFLOW_CTX_TRY_NUMBER='1' AIRFLOW_CTX_DAG_RUN_ID='scheduled__2023-11-05T00:00:00+00:00'
[2023-11-21T01:20:35.000+0000] {subprocess.py:63} INFO - Tmp dir root location: /tmp
[2023-11-21T01:20:35.006+0000] {subprocess.py:75} INFO - Running command: ['/bin/bash', '-c', 'curl --create-dirs -o /opt/***/data/2023-11-05/downloads/outcomes_2023-11-05.json https://data.austintexas.gov/resource/9t4d-g238.json']
[2023-11-21T01:20:35.094+0000] {subprocess.py:86} INFO - Output:
[2023-11-21T01:20:35.128+0000] {subprocess.py:93} INFO -   % Total    % Received % Xferd  Average Speed   Time    Time     Time  Current
[2023-11-21T01:20:35.129+0000] {subprocess.py:93} INFO -                                  Dload  Upload   Total   Spent    Left  Speed
[2023-11-21T01:20:36.471+0000] {subprocess.py:93} INFO -   0     0    0     0    0     0      0      0 --:--:-- --:--:-- --:--:--     0100  110k    0  110k    0     0   115k      0 --:--:-- --:--:-- --:--:--  115k100  320k    0  320k    0     0   240k      0 --:--:--  0:00:01 --:--:--  240k
[2023-11-21T01:20:36.488+0000] {subprocess.py:97} INFO - Command exited with return code 0
[2023-11-21T01:20:36.658+0000] {taskinstance.py:1400} INFO - Marking task as SUCCESS. dag_id=outcomes_dag, task_id=step1, execution_date=20231105T000000, start_date=20231121T012019, end_date=20231121T012036
[2023-11-21T01:20:36.811+0000] {local_task_job_runner.py:228} INFO - Task exited with return code 0
[2023-11-21T01:20:37.283+0000] {taskinstance.py:2778} INFO - 0 downstream tasks scheduled from follow-on schedule check
[2023-11-21T02:36:06.062+0000] {taskinstance.py:1159} INFO - Dependencies all met for dep_context=non-requeueable deps ti=<TaskInstance: outcomes_dag.step1 scheduled__2023-11-05T00:00:00+00:00 [queued]>
[2023-11-21T02:36:06.085+0000] {taskinstance.py:1159} INFO - Dependencies all met for dep_context=requeueable deps ti=<TaskInstance: outcomes_dag.step1 scheduled__2023-11-05T00:00:00+00:00 [queued]>
[2023-11-21T02:36:06.086+0000] {taskinstance.py:1361} INFO - Starting attempt 1 of 1
[2023-11-21T02:36:06.130+0000] {taskinstance.py:1382} INFO - Executing <Task(BashOperator): step1> on 2023-11-05 00:00:00+00:00
[2023-11-21T02:36:06.165+0000] {standard_task_runner.py:57} INFO - Started process 101 to run task
[2023-11-21T02:36:06.198+0000] {standard_task_runner.py:84} INFO - Running: ['***', 'tasks', 'run', 'outcomes_dag', 'step1', 'scheduled__2023-11-05T00:00:00+00:00', '--job-id', '14', '--raw', '--subdir', 'DAGS_FOLDER/outcomes_dag.py', '--cfg-path', '/tmp/tmppx80f6bu']
[2023-11-21T02:36:06.227+0000] {standard_task_runner.py:85} INFO - Job 14: Subtask step1
[2023-11-21T02:36:06.586+0000] {task_command.py:416} INFO - Running <TaskInstance: outcomes_dag.step1 scheduled__2023-11-05T00:00:00+00:00 [running]> on host b875fa978b1e
[2023-11-21T02:36:12.790+0000] {taskinstance.py:1662} INFO - Exporting env vars: AIRFLOW_CTX_DAG_OWNER='***' AIRFLOW_CTX_DAG_ID='outcomes_dag' AIRFLOW_CTX_TASK_ID='step1' AIRFLOW_CTX_EXECUTION_DATE='2023-11-05T00:00:00+00:00' AIRFLOW_CTX_TRY_NUMBER='1' AIRFLOW_CTX_DAG_RUN_ID='scheduled__2023-11-05T00:00:00+00:00'
[2023-11-21T02:36:12.809+0000] {subprocess.py:63} INFO - Tmp dir root location: /tmp
[2023-11-21T02:36:12.821+0000] {subprocess.py:75} INFO - Running command: ['/bin/bash', '-c', 'curl --create-dirs -o /opt/***/data/2023-11-05/downloads/outcomes_2023-11-05.json https://data.austintexas.gov/resource/9t4d-g238.json']
[2023-11-21T02:36:12.946+0000] {subprocess.py:86} INFO - Output:
[2023-11-21T02:36:13.132+0000] {subprocess.py:93} INFO -   % Total    % Received % Xferd  Average Speed   Time    Time     Time  Current
[2023-11-21T02:36:13.135+0000] {subprocess.py:93} INFO -                                  Dload  Upload   Total   Spent    Left  Speed
[2023-11-21T02:36:14.248+0000] {subprocess.py:93} INFO -   0     0    0     0    0     0      0      0 --:--:-- --:--:-- --:--:--     0  0     0    0     0    0     0      0      0 --:--:-- --:--:-- --:--:--     0100  222k    0  222k    0     0   201k      0 --:--:--  0:00:01 --:--:--  200k100  320k    0  320k    0     0   288k      0 --:--:--  0:00:01 --:--:--  288k
[2023-11-21T02:36:14.255+0000] {subprocess.py:97} INFO - Command exited with return code 0
[2023-11-21T02:36:14.506+0000] {taskinstance.py:1400} INFO - Marking task as SUCCESS. dag_id=outcomes_dag, task_id=step1, execution_date=20231105T000000, start_date=20231121T023606, end_date=20231121T023614
[2023-11-21T02:36:14.735+0000] {local_task_job_runner.py:228} INFO - Task exited with return code 0
[2023-11-21T02:36:15.014+0000] {taskinstance.py:2778} INFO - 0 downstream tasks scheduled from follow-on schedule check
