[2023-11-20T22:16:39.493+0000] {taskinstance.py:1159} INFO - Dependencies all met for dep_context=non-requeueable deps ti=<TaskInstance: outcomes_dag.step1 scheduled__2023-11-11T00:00:00+00:00 [queued]>
[2023-11-20T22:16:39.506+0000] {taskinstance.py:1159} INFO - Dependencies all met for dep_context=requeueable deps ti=<TaskInstance: outcomes_dag.step1 scheduled__2023-11-11T00:00:00+00:00 [queued]>
[2023-11-20T22:16:39.506+0000] {taskinstance.py:1361} INFO - Starting attempt 1 of 1
[2023-11-20T22:16:39.516+0000] {taskinstance.py:1382} INFO - Executing <Task(BashOperator): step1> on 2023-11-11 00:00:00+00:00
[2023-11-20T22:16:39.521+0000] {standard_task_runner.py:57} INFO - Started process 368 to run task
[2023-11-20T22:16:39.529+0000] {standard_task_runner.py:84} INFO - Running: ['***', 'tasks', 'run', 'outcomes_dag', 'step1', 'scheduled__2023-11-11T00:00:00+00:00', '--job-id', '26', '--raw', '--subdir', 'DAGS_FOLDER/outcomes_dag.py', '--cfg-path', '/tmp/tmph19odb8n']
[2023-11-20T22:16:39.533+0000] {standard_task_runner.py:85} INFO - Job 26: Subtask step1
[2023-11-20T22:16:39.633+0000] {task_command.py:416} INFO - Running <TaskInstance: outcomes_dag.step1 scheduled__2023-11-11T00:00:00+00:00 [running]> on host 323903d45442
[2023-11-20T22:16:39.782+0000] {taskinstance.py:1662} INFO - Exporting env vars: AIRFLOW_CTX_DAG_OWNER='***' AIRFLOW_CTX_DAG_ID='outcomes_dag' AIRFLOW_CTX_TASK_ID='step1' AIRFLOW_CTX_EXECUTION_DATE='2023-11-11T00:00:00+00:00' AIRFLOW_CTX_TRY_NUMBER='1' AIRFLOW_CTX_DAG_RUN_ID='scheduled__2023-11-11T00:00:00+00:00'
[2023-11-20T22:16:39.790+0000] {subprocess.py:63} INFO - Tmp dir root location: /tmp
[2023-11-20T22:16:39.796+0000] {subprocess.py:75} INFO - Running command: ['/bin/bash', '-c', 'echo 1']
[2023-11-20T22:16:39.825+0000] {subprocess.py:86} INFO - Output:
[2023-11-20T22:16:39.828+0000] {subprocess.py:93} INFO - 1
[2023-11-20T22:16:39.831+0000] {subprocess.py:97} INFO - Command exited with return code 0
[2023-11-20T22:16:39.876+0000] {taskinstance.py:1400} INFO - Marking task as SUCCESS. dag_id=outcomes_dag, task_id=step1, execution_date=20231111T000000, start_date=20231120T221639, end_date=20231120T221639
[2023-11-20T22:16:39.906+0000] {local_task_job_runner.py:228} INFO - Task exited with return code 0
[2023-11-20T22:16:40.005+0000] {taskinstance.py:2778} INFO - 0 downstream tasks scheduled from follow-on schedule check
[2023-11-21T01:20:37.206+0000] {taskinstance.py:1159} INFO - Dependencies all met for dep_context=non-requeueable deps ti=<TaskInstance: outcomes_dag.step1 scheduled__2023-11-11T00:00:00+00:00 [queued]>
[2023-11-21T01:20:37.280+0000] {taskinstance.py:1159} INFO - Dependencies all met for dep_context=requeueable deps ti=<TaskInstance: outcomes_dag.step1 scheduled__2023-11-11T00:00:00+00:00 [queued]>
[2023-11-21T01:20:37.287+0000] {taskinstance.py:1361} INFO - Starting attempt 1 of 1
[2023-11-21T01:20:37.384+0000] {taskinstance.py:1382} INFO - Executing <Task(BashOperator): step1> on 2023-11-11 00:00:00+00:00
[2023-11-21T01:20:37.425+0000] {standard_task_runner.py:57} INFO - Started process 156 to run task
[2023-11-21T01:20:37.512+0000] {standard_task_runner.py:84} INFO - Running: ['***', 'tasks', 'run', 'outcomes_dag', 'step1', 'scheduled__2023-11-11T00:00:00+00:00', '--job-id', '24', '--raw', '--subdir', 'DAGS_FOLDER/outcomes_dag.py', '--cfg-path', '/tmp/tmpwye4k7tj']
[2023-11-21T01:20:37.662+0000] {standard_task_runner.py:85} INFO - Job 24: Subtask step1
[2023-11-21T01:20:38.381+0000] {task_command.py:416} INFO - Running <TaskInstance: outcomes_dag.step1 scheduled__2023-11-11T00:00:00+00:00 [running]> on host f31a30014ab0
[2023-11-21T01:20:44.857+0000] {taskinstance.py:1662} INFO - Exporting env vars: AIRFLOW_CTX_DAG_OWNER='***' AIRFLOW_CTX_DAG_ID='outcomes_dag' AIRFLOW_CTX_TASK_ID='step1' AIRFLOW_CTX_EXECUTION_DATE='2023-11-11T00:00:00+00:00' AIRFLOW_CTX_TRY_NUMBER='1' AIRFLOW_CTX_DAG_RUN_ID='scheduled__2023-11-11T00:00:00+00:00'
[2023-11-21T01:20:44.912+0000] {subprocess.py:63} INFO - Tmp dir root location: /tmp
[2023-11-21T01:20:44.935+0000] {subprocess.py:75} INFO - Running command: ['/bin/bash', '-c', 'curl --create-dirs -o /opt/***/data/2023-11-11/downloads/outcomes_2023-11-11.json https://data.austintexas.gov/resource/9t4d-g238.json']
[2023-11-21T01:20:45.251+0000] {subprocess.py:86} INFO - Output:
[2023-11-21T01:20:45.380+0000] {subprocess.py:93} INFO -   % Total    % Received % Xferd  Average Speed   Time    Time     Time  Current
[2023-11-21T01:20:45.382+0000] {subprocess.py:93} INFO -                                  Dload  Upload   Total   Spent    Left  Speed
[2023-11-21T01:20:46.682+0000] {subprocess.py:93} INFO -   0     0    0     0    0     0      0      0 --:--:-- --:--:-- --:--:--     0  0     0    0     0    0     0      0      0 --:--:-- --:--:-- --:--:--     0100  320k    0  320k    0     0   247k      0 --:--:--  0:00:01 --:--:--  247k
[2023-11-21T01:20:46.714+0000] {subprocess.py:97} INFO - Command exited with return code 0
[2023-11-21T01:20:47.061+0000] {taskinstance.py:1400} INFO - Marking task as SUCCESS. dag_id=outcomes_dag, task_id=step1, execution_date=20231111T000000, start_date=20231121T012037, end_date=20231121T012047
[2023-11-21T01:20:47.272+0000] {local_task_job_runner.py:228} INFO - Task exited with return code 0
[2023-11-21T01:20:48.474+0000] {taskinstance.py:2778} INFO - 1 downstream tasks scheduled from follow-on schedule check
[2023-11-21T02:36:14.337+0000] {taskinstance.py:1159} INFO - Dependencies all met for dep_context=non-requeueable deps ti=<TaskInstance: outcomes_dag.step1 scheduled__2023-11-11T00:00:00+00:00 [queued]>
[2023-11-21T02:36:14.354+0000] {taskinstance.py:1159} INFO - Dependencies all met for dep_context=requeueable deps ti=<TaskInstance: outcomes_dag.step1 scheduled__2023-11-11T00:00:00+00:00 [queued]>
[2023-11-21T02:36:14.354+0000] {taskinstance.py:1361} INFO - Starting attempt 1 of 1
[2023-11-21T02:36:14.415+0000] {taskinstance.py:1382} INFO - Executing <Task(BashOperator): step1> on 2023-11-11 00:00:00+00:00
[2023-11-21T02:36:14.438+0000] {standard_task_runner.py:57} INFO - Started process 140 to run task
[2023-11-21T02:36:14.519+0000] {standard_task_runner.py:84} INFO - Running: ['***', 'tasks', 'run', 'outcomes_dag', 'step1', 'scheduled__2023-11-11T00:00:00+00:00', '--job-id', '23', '--raw', '--subdir', 'DAGS_FOLDER/outcomes_dag.py', '--cfg-path', '/tmp/tmp79_k8zjh']
[2023-11-21T02:36:14.596+0000] {standard_task_runner.py:85} INFO - Job 23: Subtask step1
[2023-11-21T02:36:14.900+0000] {task_command.py:416} INFO - Running <TaskInstance: outcomes_dag.step1 scheduled__2023-11-11T00:00:00+00:00 [running]> on host b875fa978b1e
[2023-11-21T02:36:17.532+0000] {taskinstance.py:1662} INFO - Exporting env vars: AIRFLOW_CTX_DAG_OWNER='***' AIRFLOW_CTX_DAG_ID='outcomes_dag' AIRFLOW_CTX_TASK_ID='step1' AIRFLOW_CTX_EXECUTION_DATE='2023-11-11T00:00:00+00:00' AIRFLOW_CTX_TRY_NUMBER='1' AIRFLOW_CTX_DAG_RUN_ID='scheduled__2023-11-11T00:00:00+00:00'
[2023-11-21T02:36:17.534+0000] {subprocess.py:63} INFO - Tmp dir root location: /tmp
[2023-11-21T02:36:17.535+0000] {subprocess.py:75} INFO - Running command: ['/bin/bash', '-c', 'curl --create-dirs -o /opt/***/data/2023-11-11/downloads/outcomes_2023-11-11.json https://data.austintexas.gov/resource/9t4d-g238.json']
[2023-11-21T02:36:17.623+0000] {subprocess.py:86} INFO - Output:
[2023-11-21T02:36:17.650+0000] {subprocess.py:93} INFO -   % Total    % Received % Xferd  Average Speed   Time    Time     Time  Current
[2023-11-21T02:36:17.651+0000] {subprocess.py:93} INFO -                                  Dload  Upload   Total   Spent    Left  Speed
[2023-11-21T02:36:18.554+0000] {subprocess.py:93} INFO -   0     0    0     0    0     0      0      0 --:--:-- --:--:-- --:--:--     0100 15336    0 15336    0     0  23027      0 --:--:-- --:--:-- --:--:-- 22992100  320k    0  320k    0     0   356k      0 --:--:-- --:--:-- --:--:--  355k
[2023-11-21T02:36:18.563+0000] {subprocess.py:97} INFO - Command exited with return code 0
[2023-11-21T02:36:18.769+0000] {taskinstance.py:1400} INFO - Marking task as SUCCESS. dag_id=outcomes_dag, task_id=step1, execution_date=20231111T000000, start_date=20231121T023614, end_date=20231121T023618
[2023-11-21T02:36:18.927+0000] {local_task_job_runner.py:228} INFO - Task exited with return code 0
[2023-11-21T02:36:19.140+0000] {taskinstance.py:2778} INFO - 1 downstream tasks scheduled from follow-on schedule check
