[2023-11-23T03:23:54.951+0000] {taskinstance.py:1159} INFO - Dependencies all met for dep_context=non-requeueable deps ti=<TaskInstance: outcomes_dag.dim1_to_cloud scheduled__2023-11-22T00:00:00+00:00 [queued]>
[2023-11-23T03:23:54.955+0000] {taskinstance.py:1159} INFO - Dependencies all met for dep_context=requeueable deps ti=<TaskInstance: outcomes_dag.dim1_to_cloud scheduled__2023-11-22T00:00:00+00:00 [queued]>
[2023-11-23T03:23:54.955+0000] {taskinstance.py:1361} INFO - Starting attempt 1 of 1
[2023-11-23T03:23:54.960+0000] {taskinstance.py:1382} INFO - Executing <Task(PythonOperator): dim1_to_cloud> on 2023-11-22 00:00:00+00:00
[2023-11-23T03:23:54.965+0000] {standard_task_runner.py:57} INFO - Started process 585 to run task
[2023-11-23T03:23:54.968+0000] {standard_task_runner.py:84} INFO - Running: ['***', 'tasks', 'run', 'outcomes_dag', 'dim1_to_cloud', 'scheduled__2023-11-22T00:00:00+00:00', '--job-id', '38', '--raw', '--subdir', 'DAGS_FOLDER/outcomes_dag.py', '--cfg-path', '/tmp/tmp12fjk7y2']
[2023-11-23T03:23:54.972+0000] {standard_task_runner.py:85} INFO - Job 38: Subtask dim1_to_cloud
[2023-11-23T03:23:55.022+0000] {task_command.py:416} INFO - Running <TaskInstance: outcomes_dag.dim1_to_cloud scheduled__2023-11-22T00:00:00+00:00 [running]> on host 1268bd8e5db0
[2023-11-23T03:23:55.078+0000] {taskinstance.py:1662} INFO - Exporting env vars: AIRFLOW_CTX_DAG_OWNER='***' AIRFLOW_CTX_DAG_ID='outcomes_dag' AIRFLOW_CTX_TASK_ID='dim1_to_cloud' AIRFLOW_CTX_EXECUTION_DATE='2023-11-22T00:00:00+00:00' AIRFLOW_CTX_TRY_NUMBER='1' AIRFLOW_CTX_DAG_RUN_ID='scheduled__2023-11-22T00:00:00+00:00'
[2023-11-23T03:24:03.095+0000] {taskinstance.py:1937} ERROR - Task failed with exception
Traceback (most recent call last):
  File "/home/airflow/.local/lib/python3.8/site-packages/airflow/operators/python.py", line 192, in execute
    return_value = self.execute_callable()
  File "/home/airflow/.local/lib/python3.8/site-packages/airflow/operators/python.py", line 209, in execute_callable
    return self.python_callable(*self.op_args, **self.op_kwargs)
  File "/opt/airflow/dags/ETL/load_to_Cloud.py", line 7, in transfer_data_to_bigquery
    conn = psycopg2.connect(
  File "/home/airflow/.local/lib/python3.8/site-packages/psycopg2/__init__.py", line 122, in connect
    conn = _connect(dsn, connection_factory=connection_factory, **kwasync)
psycopg2.OperationalError: could not translate host name "local" to address: Temporary failure in name resolution

[2023-11-23T03:24:03.129+0000] {taskinstance.py:1400} INFO - Marking task as FAILED. dag_id=outcomes_dag, task_id=dim1_to_cloud, execution_date=20231122T000000, start_date=20231123T032354, end_date=20231123T032403
[2023-11-23T03:24:03.147+0000] {standard_task_runner.py:104} ERROR - Failed to execute job 38 for task dim1_to_cloud (could not translate host name "local" to address: Temporary failure in name resolution
; 585)
[2023-11-23T03:24:03.201+0000] {local_task_job_runner.py:228} INFO - Task exited with return code 1
[2023-11-23T03:42:36.011+0000] {taskinstance.py:1159} INFO - Dependencies all met for dep_context=non-requeueable deps ti=<TaskInstance: outcomes_dag.dim1_to_cloud scheduled__2023-11-22T00:00:00+00:00 [queued]>
[2023-11-23T03:42:36.066+0000] {taskinstance.py:1159} INFO - Dependencies all met for dep_context=requeueable deps ti=<TaskInstance: outcomes_dag.dim1_to_cloud scheduled__2023-11-22T00:00:00+00:00 [queued]>
[2023-11-23T03:42:36.067+0000] {taskinstance.py:1361} INFO - Starting attempt 1 of 1
[2023-11-23T03:42:36.144+0000] {taskinstance.py:1382} INFO - Executing <Task(PythonOperator): dim1_to_cloud> on 2023-11-22 00:00:00+00:00
[2023-11-23T03:42:36.156+0000] {standard_task_runner.py:57} INFO - Started process 659 to run task
[2023-11-23T03:42:36.170+0000] {standard_task_runner.py:84} INFO - Running: ['***', 'tasks', 'run', 'outcomes_dag', 'dim1_to_cloud', 'scheduled__2023-11-22T00:00:00+00:00', '--job-id', '191', '--raw', '--subdir', 'DAGS_FOLDER/outcomes_dag.py', '--cfg-path', '/tmp/tmpxzzoo5i4']
[2023-11-23T03:42:36.178+0000] {standard_task_runner.py:85} INFO - Job 191: Subtask dim1_to_cloud
[2023-11-23T03:42:36.328+0000] {task_command.py:416} INFO - Running <TaskInstance: outcomes_dag.dim1_to_cloud scheduled__2023-11-22T00:00:00+00:00 [running]> on host e647c96745b0
[2023-11-23T03:42:36.630+0000] {taskinstance.py:1662} INFO - Exporting env vars: AIRFLOW_CTX_DAG_OWNER='***' AIRFLOW_CTX_DAG_ID='outcomes_dag' AIRFLOW_CTX_TASK_ID='dim1_to_cloud' AIRFLOW_CTX_EXECUTION_DATE='2023-11-22T00:00:00+00:00' AIRFLOW_CTX_TRY_NUMBER='1' AIRFLOW_CTX_DAG_RUN_ID='scheduled__2023-11-22T00:00:00+00:00'
[2023-11-23T03:42:38.431+0000] {python.py:194} INFO - Done. Returned value was: None
[2023-11-23T03:42:38.553+0000] {taskinstance.py:1400} INFO - Marking task as SUCCESS. dag_id=outcomes_dag, task_id=dim1_to_cloud, execution_date=20231122T000000, start_date=20231123T034236, end_date=20231123T034238
[2023-11-23T03:42:38.676+0000] {local_task_job_runner.py:228} INFO - Task exited with return code 0
