[2023-11-21T01:20:46.216+0000] {taskinstance.py:1159} INFO - Dependencies all met for dep_context=non-requeueable deps ti=<TaskInstance: outcomes_dag.transform scheduled__2023-11-07T00:00:00+00:00 [queued]>
[2023-11-21T01:20:46.286+0000] {taskinstance.py:1159} INFO - Dependencies all met for dep_context=requeueable deps ti=<TaskInstance: outcomes_dag.transform scheduled__2023-11-07T00:00:00+00:00 [queued]>
[2023-11-21T01:20:46.291+0000] {taskinstance.py:1361} INFO - Starting attempt 1 of 1
[2023-11-21T01:20:46.352+0000] {taskinstance.py:1382} INFO - Executing <Task(PythonOperator): transform> on 2023-11-07 00:00:00+00:00
[2023-11-21T01:20:46.397+0000] {standard_task_runner.py:57} INFO - Started process 190 to run task
[2023-11-21T01:20:46.426+0000] {standard_task_runner.py:84} INFO - Running: ['***', 'tasks', 'run', 'outcomes_dag', 'transform', 'scheduled__2023-11-07T00:00:00+00:00', '--job-id', '34', '--raw', '--subdir', 'DAGS_FOLDER/outcomes_dag.py', '--cfg-path', '/tmp/tmp6jlami_0']
[2023-11-21T01:20:46.457+0000] {standard_task_runner.py:85} INFO - Job 34: Subtask transform
[2023-11-21T01:20:46.883+0000] {task_command.py:416} INFO - Running <TaskInstance: outcomes_dag.transform scheduled__2023-11-07T00:00:00+00:00 [running]> on host f31a30014ab0
[2023-11-21T01:21:01.216+0000] {taskinstance.py:1662} INFO - Exporting env vars: AIRFLOW_CTX_DAG_OWNER='***' AIRFLOW_CTX_DAG_ID='outcomes_dag' AIRFLOW_CTX_TASK_ID='transform' AIRFLOW_CTX_EXECUTION_DATE='2023-11-07T00:00:00+00:00' AIRFLOW_CTX_TRY_NUMBER='1' AIRFLOW_CTX_DAG_RUN_ID='scheduled__2023-11-07T00:00:00+00:00'
[2023-11-21T01:21:01.935+0000] {python.py:194} INFO - Done. Returned value was: None
[2023-11-21T01:21:02.019+0000] {taskinstance.py:1400} INFO - Marking task as SUCCESS. dag_id=outcomes_dag, task_id=transform, execution_date=20231107T000000, start_date=20231121T012046, end_date=20231121T012102
[2023-11-21T01:21:02.586+0000] {local_task_job_runner.py:228} INFO - Task exited with return code 0
[2023-11-21T01:21:02.862+0000] {taskinstance.py:2778} INFO - 0 downstream tasks scheduled from follow-on schedule check
[2023-11-21T02:36:22.591+0000] {taskinstance.py:1159} INFO - Dependencies all met for dep_context=non-requeueable deps ti=<TaskInstance: outcomes_dag.transform scheduled__2023-11-07T00:00:00+00:00 [queued]>
[2023-11-21T02:36:22.660+0000] {taskinstance.py:1159} INFO - Dependencies all met for dep_context=requeueable deps ti=<TaskInstance: outcomes_dag.transform scheduled__2023-11-07T00:00:00+00:00 [queued]>
[2023-11-21T02:36:22.678+0000] {taskinstance.py:1361} INFO - Starting attempt 1 of 1
[2023-11-21T02:36:22.813+0000] {taskinstance.py:1382} INFO - Executing <Task(PythonOperator): transform> on 2023-11-07 00:00:00+00:00
[2023-11-21T02:36:22.829+0000] {standard_task_runner.py:57} INFO - Started process 213 to run task
[2023-11-21T02:36:22.843+0000] {standard_task_runner.py:84} INFO - Running: ['***', 'tasks', 'run', 'outcomes_dag', 'transform', 'scheduled__2023-11-07T00:00:00+00:00', '--job-id', '37', '--raw', '--subdir', 'DAGS_FOLDER/outcomes_dag.py', '--cfg-path', '/tmp/tmpc0enetuu']
[2023-11-21T02:36:22.854+0000] {standard_task_runner.py:85} INFO - Job 37: Subtask transform
[2023-11-21T02:36:23.035+0000] {task_command.py:416} INFO - Running <TaskInstance: outcomes_dag.transform scheduled__2023-11-07T00:00:00+00:00 [running]> on host b875fa978b1e
[2023-11-21T02:36:27.211+0000] {taskinstance.py:1662} INFO - Exporting env vars: AIRFLOW_CTX_DAG_OWNER='***' AIRFLOW_CTX_DAG_ID='outcomes_dag' AIRFLOW_CTX_TASK_ID='transform' AIRFLOW_CTX_EXECUTION_DATE='2023-11-07T00:00:00+00:00' AIRFLOW_CTX_TRY_NUMBER='1' AIRFLOW_CTX_DAG_RUN_ID='scheduled__2023-11-07T00:00:00+00:00'
[2023-11-21T02:36:27.683+0000] {python.py:194} INFO - Done. Returned value was: None
[2023-11-21T02:36:27.721+0000] {taskinstance.py:1400} INFO - Marking task as SUCCESS. dag_id=outcomes_dag, task_id=transform, execution_date=20231107T000000, start_date=20231121T023622, end_date=20231121T023627
[2023-11-21T02:36:28.029+0000] {local_task_job_runner.py:228} INFO - Task exited with return code 0
[2023-11-21T02:36:28.188+0000] {taskinstance.py:2778} INFO - 0 downstream tasks scheduled from follow-on schedule check
[2023-11-22T07:53:54.039+0000] {taskinstance.py:1159} INFO - Dependencies all met for dep_context=non-requeueable deps ti=<TaskInstance: outcomes_dag.Transform scheduled__2023-11-07T00:00:00+00:00 [queued]>
[2023-11-22T07:53:54.076+0000] {taskinstance.py:1159} INFO - Dependencies all met for dep_context=requeueable deps ti=<TaskInstance: outcomes_dag.Transform scheduled__2023-11-07T00:00:00+00:00 [queued]>
[2023-11-22T07:53:54.081+0000] {taskinstance.py:1361} INFO - Starting attempt 1 of 1
[2023-11-22T07:53:54.320+0000] {taskinstance.py:1382} INFO - Executing <Task(PythonOperator): Transform> on 2023-11-07 00:00:00+00:00
[2023-11-22T07:53:54.422+0000] {standard_task_runner.py:57} INFO - Started process 321 to run task
[2023-11-22T07:53:54.443+0000] {standard_task_runner.py:84} INFO - Running: ['***', 'tasks', 'run', 'outcomes_dag', 'Transform', 'scheduled__2023-11-07T00:00:00+00:00', '--job-id', '21', '--raw', '--subdir', 'DAGS_FOLDER/outcomes_dag.py', '--cfg-path', '/tmp/tmpg4t7gtho']
[2023-11-22T07:53:54.473+0000] {standard_task_runner.py:85} INFO - Job 21: Subtask Transform
[2023-11-22T07:53:54.669+0000] {task_command.py:416} INFO - Running <TaskInstance: outcomes_dag.Transform scheduled__2023-11-07T00:00:00+00:00 [running]> on host 6318e996d951
[2023-11-22T07:53:55.299+0000] {taskinstance.py:1662} INFO - Exporting env vars: AIRFLOW_CTX_DAG_OWNER='***' AIRFLOW_CTX_DAG_ID='outcomes_dag' AIRFLOW_CTX_TASK_ID='Transform' AIRFLOW_CTX_EXECUTION_DATE='2023-11-07T00:00:00+00:00' AIRFLOW_CTX_TRY_NUMBER='1' AIRFLOW_CTX_DAG_RUN_ID='scheduled__2023-11-07T00:00:00+00:00'
[2023-11-22T07:53:55.331+0000] {logging_mixin.py:154} INFO - Getting data from Cloud Storage
[2023-11-22T07:53:56.895+0000] {logging_mixin.py:154} INFO - Index(['animal_id', 'name', 'datetime', 'monthyear', 'date_of_birth',
       'outcome_type', 'animal_type', 'sex_upon_outcome', 'age_upon_outcome',
       'breed', 'color', 'outcome_subtype'],
      dtype='object')
[2023-11-22T07:53:57.693+0000] {logging_mixin.py:154} INFO - Data Deposited into Cloud Storage
[2023-11-22T07:53:57.762+0000] {python.py:194} INFO - Done. Returned value was: None
[2023-11-22T07:53:57.927+0000] {taskinstance.py:1400} INFO - Marking task as SUCCESS. dag_id=outcomes_dag, task_id=Transform, execution_date=20231107T000000, start_date=20231122T075354, end_date=20231122T075357
[2023-11-22T07:53:58.145+0000] {local_task_job_runner.py:228} INFO - Task exited with return code 0
[2023-11-22T22:41:25.253+0000] {taskinstance.py:1159} INFO - Dependencies all met for dep_context=non-requeueable deps ti=<TaskInstance: outcomes_dag.Transform scheduled__2023-11-07T00:00:00+00:00 [queued]>
[2023-11-22T22:41:25.288+0000] {taskinstance.py:1159} INFO - Dependencies all met for dep_context=requeueable deps ti=<TaskInstance: outcomes_dag.Transform scheduled__2023-11-07T00:00:00+00:00 [queued]>
[2023-11-22T22:41:25.288+0000] {taskinstance.py:1361} INFO - Starting attempt 1 of 1
[2023-11-22T22:41:25.310+0000] {taskinstance.py:1382} INFO - Executing <Task(PythonOperator): Transform> on 2023-11-07 00:00:00+00:00
[2023-11-22T22:41:25.329+0000] {standard_task_runner.py:57} INFO - Started process 172 to run task
[2023-11-22T22:41:25.345+0000] {standard_task_runner.py:84} INFO - Running: ['***', 'tasks', 'run', 'outcomes_dag', 'Transform', 'scheduled__2023-11-07T00:00:00+00:00', '--job-id', '21', '--raw', '--subdir', 'DAGS_FOLDER/outcomes_dag.py', '--cfg-path', '/tmp/tmpbf0jpnfg']
[2023-11-22T22:41:25.367+0000] {standard_task_runner.py:85} INFO - Job 21: Subtask Transform
[2023-11-22T22:41:25.680+0000] {task_command.py:416} INFO - Running <TaskInstance: outcomes_dag.Transform scheduled__2023-11-07T00:00:00+00:00 [running]> on host 8ac13583809b
[2023-11-22T22:41:25.936+0000] {taskinstance.py:1662} INFO - Exporting env vars: AIRFLOW_CTX_DAG_OWNER='***' AIRFLOW_CTX_DAG_ID='outcomes_dag' AIRFLOW_CTX_TASK_ID='Transform' AIRFLOW_CTX_EXECUTION_DATE='2023-11-07T00:00:00+00:00' AIRFLOW_CTX_TRY_NUMBER='1' AIRFLOW_CTX_DAG_RUN_ID='scheduled__2023-11-07T00:00:00+00:00'
[2023-11-22T22:41:26.009+0000] {logging_mixin.py:154} INFO - Getting data from Cloud Storage
[2023-11-22T22:41:27.146+0000] {logging_mixin.py:154} INFO - Index(['animal_id', 'name', 'datetime', 'monthyear', 'date_of_birth',
       'outcome_type', 'animal_type', 'sex_upon_outcome', 'age_upon_outcome',
       'breed', 'color', 'outcome_subtype'],
      dtype='object')
[2023-11-22T22:41:28.025+0000] {logging_mixin.py:154} INFO - Data Deposited into Cloud Storage
[2023-11-22T22:41:28.046+0000] {python.py:194} INFO - Done. Returned value was: None
[2023-11-22T22:41:28.180+0000] {taskinstance.py:1400} INFO - Marking task as SUCCESS. dag_id=outcomes_dag, task_id=Transform, execution_date=20231107T000000, start_date=20231122T224125, end_date=20231122T224128
[2023-11-22T22:41:28.307+0000] {local_task_job_runner.py:228} INFO - Task exited with return code 0
[2023-11-22T22:59:48.121+0000] {taskinstance.py:1159} INFO - Dependencies all met for dep_context=non-requeueable deps ti=<TaskInstance: outcomes_dag.Transform scheduled__2023-11-07T00:00:00+00:00 [queued]>
[2023-11-22T22:59:48.137+0000] {taskinstance.py:1159} INFO - Dependencies all met for dep_context=requeueable deps ti=<TaskInstance: outcomes_dag.Transform scheduled__2023-11-07T00:00:00+00:00 [queued]>
[2023-11-22T22:59:48.137+0000] {taskinstance.py:1361} INFO - Starting attempt 1 of 1
[2023-11-22T22:59:48.164+0000] {taskinstance.py:1382} INFO - Executing <Task(PythonOperator): Transform> on 2023-11-07 00:00:00+00:00
[2023-11-22T22:59:48.176+0000] {standard_task_runner.py:57} INFO - Started process 147 to run task
[2023-11-22T22:59:48.184+0000] {standard_task_runner.py:84} INFO - Running: ['***', 'tasks', 'run', 'outcomes_dag', 'Transform', 'scheduled__2023-11-07T00:00:00+00:00', '--job-id', '28', '--raw', '--subdir', 'DAGS_FOLDER/outcomes_dag.py', '--cfg-path', '/tmp/tmpww2t_oz0']
[2023-11-22T22:59:48.191+0000] {standard_task_runner.py:85} INFO - Job 28: Subtask Transform
[2023-11-22T22:59:48.318+0000] {task_command.py:416} INFO - Running <TaskInstance: outcomes_dag.Transform scheduled__2023-11-07T00:00:00+00:00 [running]> on host 4b2f5af281f8
[2023-11-22T22:59:48.451+0000] {taskinstance.py:1662} INFO - Exporting env vars: AIRFLOW_CTX_DAG_OWNER='***' AIRFLOW_CTX_DAG_ID='outcomes_dag' AIRFLOW_CTX_TASK_ID='Transform' AIRFLOW_CTX_EXECUTION_DATE='2023-11-07T00:00:00+00:00' AIRFLOW_CTX_TRY_NUMBER='1' AIRFLOW_CTX_DAG_RUN_ID='scheduled__2023-11-07T00:00:00+00:00'
[2023-11-22T22:59:48.456+0000] {logging_mixin.py:154} INFO - Getting data from Cloud Storage
[2023-11-22T22:59:51.958+0000] {logging_mixin.py:154} INFO - Index(['animal_id', 'name', 'datetime', 'monthyear', 'date_of_birth',
       'outcome_type', 'animal_type', 'sex_upon_outcome', 'age_upon_outcome',
       'breed', 'color', 'outcome_subtype'],
      dtype='object')
[2023-11-22T22:59:52.434+0000] {logging_mixin.py:154} INFO - Data Deposited into Cloud Storage
[2023-11-22T22:59:52.436+0000] {python.py:194} INFO - Done. Returned value was: None
[2023-11-22T22:59:52.520+0000] {taskinstance.py:1400} INFO - Marking task as SUCCESS. dag_id=outcomes_dag, task_id=Transform, execution_date=20231107T000000, start_date=20231122T225948, end_date=20231122T225952
[2023-11-22T22:59:52.618+0000] {local_task_job_runner.py:228} INFO - Task exited with return code 0
[2023-11-22T23:20:16.651+0000] {taskinstance.py:1159} INFO - Dependencies all met for dep_context=non-requeueable deps ti=<TaskInstance: outcomes_dag.Transform scheduled__2023-11-07T00:00:00+00:00 [queued]>
[2023-11-22T23:20:16.666+0000] {taskinstance.py:1159} INFO - Dependencies all met for dep_context=requeueable deps ti=<TaskInstance: outcomes_dag.Transform scheduled__2023-11-07T00:00:00+00:00 [queued]>
[2023-11-22T23:20:16.668+0000] {taskinstance.py:1361} INFO - Starting attempt 1 of 1
[2023-11-22T23:20:16.681+0000] {taskinstance.py:1382} INFO - Executing <Task(PythonOperator): Transform> on 2023-11-07 00:00:00+00:00
[2023-11-22T23:20:16.701+0000] {standard_task_runner.py:57} INFO - Started process 153 to run task
[2023-11-22T23:20:16.706+0000] {standard_task_runner.py:84} INFO - Running: ['***', 'tasks', 'run', 'outcomes_dag', 'Transform', 'scheduled__2023-11-07T00:00:00+00:00', '--job-id', '34', '--raw', '--subdir', 'DAGS_FOLDER/outcomes_dag.py', '--cfg-path', '/tmp/tmp7000dt7q']
[2023-11-22T23:20:16.718+0000] {standard_task_runner.py:85} INFO - Job 34: Subtask Transform
[2023-11-22T23:20:16.807+0000] {task_command.py:416} INFO - Running <TaskInstance: outcomes_dag.Transform scheduled__2023-11-07T00:00:00+00:00 [running]> on host b410bfb4af5e
[2023-11-22T23:20:16.917+0000] {taskinstance.py:1662} INFO - Exporting env vars: AIRFLOW_CTX_DAG_OWNER='***' AIRFLOW_CTX_DAG_ID='outcomes_dag' AIRFLOW_CTX_TASK_ID='Transform' AIRFLOW_CTX_EXECUTION_DATE='2023-11-07T00:00:00+00:00' AIRFLOW_CTX_TRY_NUMBER='1' AIRFLOW_CTX_DAG_RUN_ID='scheduled__2023-11-07T00:00:00+00:00'
[2023-11-22T23:20:16.922+0000] {logging_mixin.py:154} INFO - Getting data from Cloud Storage
[2023-11-22T23:20:17.309+0000] {logging_mixin.py:154} INFO - Index(['animal_id', 'name', 'datetime', 'monthyear', 'date_of_birth',
       'outcome_type', 'animal_type', 'sex_upon_outcome', 'age_upon_outcome',
       'breed', 'color', 'outcome_subtype'],
      dtype='object')
[2023-11-22T23:20:17.655+0000] {logging_mixin.py:154} INFO - Data Deposited into Cloud Storage
[2023-11-22T23:20:17.662+0000] {python.py:194} INFO - Done. Returned value was: None
[2023-11-22T23:20:17.794+0000] {taskinstance.py:1400} INFO - Marking task as SUCCESS. dag_id=outcomes_dag, task_id=Transform, execution_date=20231107T000000, start_date=20231122T232016, end_date=20231122T232017
[2023-11-22T23:20:18.070+0000] {local_task_job_runner.py:228} INFO - Task exited with return code 0
[2023-11-22T23:43:05.335+0000] {taskinstance.py:1159} INFO - Dependencies all met for dep_context=non-requeueable deps ti=<TaskInstance: outcomes_dag.Transform scheduled__2023-11-07T00:00:00+00:00 [queued]>
[2023-11-22T23:43:05.355+0000] {taskinstance.py:1159} INFO - Dependencies all met for dep_context=requeueable deps ti=<TaskInstance: outcomes_dag.Transform scheduled__2023-11-07T00:00:00+00:00 [queued]>
[2023-11-22T23:43:05.362+0000] {taskinstance.py:1361} INFO - Starting attempt 1 of 1
[2023-11-22T23:43:05.397+0000] {taskinstance.py:1382} INFO - Executing <Task(PythonOperator): Transform> on 2023-11-07 00:00:00+00:00
[2023-11-22T23:43:05.414+0000] {standard_task_runner.py:84} INFO - Running: ['***', 'tasks', 'run', 'outcomes_dag', 'Transform', 'scheduled__2023-11-07T00:00:00+00:00', '--job-id', '33', '--raw', '--subdir', 'DAGS_FOLDER/outcomes_dag.py', '--cfg-path', '/tmp/tmpjgvsml7n']
[2023-11-22T23:43:05.416+0000] {standard_task_runner.py:85} INFO - Job 33: Subtask Transform
[2023-11-22T23:43:05.406+0000] {standard_task_runner.py:57} INFO - Started process 175 to run task
[2023-11-22T23:43:05.568+0000] {task_command.py:416} INFO - Running <TaskInstance: outcomes_dag.Transform scheduled__2023-11-07T00:00:00+00:00 [running]> on host 371cae71aa63
[2023-11-22T23:43:05.814+0000] {taskinstance.py:1662} INFO - Exporting env vars: AIRFLOW_CTX_DAG_OWNER='***' AIRFLOW_CTX_DAG_ID='outcomes_dag' AIRFLOW_CTX_TASK_ID='Transform' AIRFLOW_CTX_EXECUTION_DATE='2023-11-07T00:00:00+00:00' AIRFLOW_CTX_TRY_NUMBER='1' AIRFLOW_CTX_DAG_RUN_ID='scheduled__2023-11-07T00:00:00+00:00'
[2023-11-22T23:43:05.822+0000] {logging_mixin.py:154} INFO - Getting data from Cloud Storage
[2023-11-22T23:43:06.244+0000] {logging_mixin.py:154} INFO - Index(['animal_id', 'name', 'datetime', 'monthyear', 'date_of_birth',
       'outcome_type', 'animal_type', 'sex_upon_outcome', 'age_upon_outcome',
       'breed', 'color', 'outcome_subtype'],
      dtype='object')
[2023-11-22T23:43:06.478+0000] {logging_mixin.py:154} INFO - Data Deposited into Cloud Storage
[2023-11-22T23:43:06.485+0000] {python.py:194} INFO - Done. Returned value was: None
[2023-11-22T23:43:06.514+0000] {taskinstance.py:1400} INFO - Marking task as SUCCESS. dag_id=outcomes_dag, task_id=Transform, execution_date=20231107T000000, start_date=20231122T234305, end_date=20231122T234306
[2023-11-22T23:43:06.612+0000] {local_task_job_runner.py:228} INFO - Task exited with return code 0
[2023-11-23T00:39:26.836+0000] {taskinstance.py:1159} INFO - Dependencies all met for dep_context=non-requeueable deps ti=<TaskInstance: outcomes_dag.Transform scheduled__2023-11-07T00:00:00+00:00 [queued]>
[2023-11-23T00:39:26.864+0000] {taskinstance.py:1159} INFO - Dependencies all met for dep_context=requeueable deps ti=<TaskInstance: outcomes_dag.Transform scheduled__2023-11-07T00:00:00+00:00 [queued]>
[2023-11-23T00:39:26.865+0000] {taskinstance.py:1361} INFO - Starting attempt 1 of 1
[2023-11-23T00:39:26.904+0000] {taskinstance.py:1382} INFO - Executing <Task(PythonOperator): Transform> on 2023-11-07 00:00:00+00:00
[2023-11-23T00:39:26.914+0000] {standard_task_runner.py:57} INFO - Started process 156 to run task
[2023-11-23T00:39:26.954+0000] {standard_task_runner.py:84} INFO - Running: ['***', 'tasks', 'run', 'outcomes_dag', 'Transform', 'scheduled__2023-11-07T00:00:00+00:00', '--job-id', '29', '--raw', '--subdir', 'DAGS_FOLDER/outcomes_dag.py', '--cfg-path', '/tmp/tmpn_8acur2']
[2023-11-23T00:39:26.963+0000] {standard_task_runner.py:85} INFO - Job 29: Subtask Transform
[2023-11-23T00:39:27.066+0000] {task_command.py:416} INFO - Running <TaskInstance: outcomes_dag.Transform scheduled__2023-11-07T00:00:00+00:00 [running]> on host 75913536581a
[2023-11-23T00:39:27.196+0000] {taskinstance.py:1662} INFO - Exporting env vars: AIRFLOW_CTX_DAG_OWNER='***' AIRFLOW_CTX_DAG_ID='outcomes_dag' AIRFLOW_CTX_TASK_ID='Transform' AIRFLOW_CTX_EXECUTION_DATE='2023-11-07T00:00:00+00:00' AIRFLOW_CTX_TRY_NUMBER='1' AIRFLOW_CTX_DAG_RUN_ID='scheduled__2023-11-07T00:00:00+00:00'
[2023-11-23T00:39:27.199+0000] {logging_mixin.py:154} INFO - Getting data from Cloud Storage
[2023-11-23T00:39:27.580+0000] {logging_mixin.py:154} INFO - Index(['animal_id', 'datetime', 'monthyear', 'date_of_birth', 'outcome_type',
       'animal_type', 'sex_upon_outcome', 'age_upon_outcome', 'breed', 'color',
       'name', 'outcome_subtype'],
      dtype='object')
[2023-11-23T00:39:27.869+0000] {logging_mixin.py:154} INFO - Data Deposited into Cloud Storage
[2023-11-23T00:39:27.871+0000] {python.py:194} INFO - Done. Returned value was: None
[2023-11-23T00:39:27.950+0000] {taskinstance.py:1400} INFO - Marking task as SUCCESS. dag_id=outcomes_dag, task_id=Transform, execution_date=20231107T000000, start_date=20231123T003926, end_date=20231123T003927
[2023-11-23T00:39:28.103+0000] {local_task_job_runner.py:228} INFO - Task exited with return code 0
[2023-11-23T01:49:31.394+0000] {taskinstance.py:1159} INFO - Dependencies all met for dep_context=non-requeueable deps ti=<TaskInstance: outcomes_dag.Transform scheduled__2023-11-07T00:00:00+00:00 [queued]>
[2023-11-23T01:49:31.432+0000] {taskinstance.py:1159} INFO - Dependencies all met for dep_context=requeueable deps ti=<TaskInstance: outcomes_dag.Transform scheduled__2023-11-07T00:00:00+00:00 [queued]>
[2023-11-23T01:49:31.436+0000] {taskinstance.py:1361} INFO - Starting attempt 1 of 1
[2023-11-23T01:49:31.500+0000] {taskinstance.py:1382} INFO - Executing <Task(PythonOperator): Transform> on 2023-11-07 00:00:00+00:00
[2023-11-23T01:49:31.547+0000] {standard_task_runner.py:57} INFO - Started process 148 to run task
[2023-11-23T01:49:31.633+0000] {standard_task_runner.py:84} INFO - Running: ['***', 'tasks', 'run', 'outcomes_dag', 'Transform', 'scheduled__2023-11-07T00:00:00+00:00', '--job-id', '22', '--raw', '--subdir', 'DAGS_FOLDER/outcomes_dag.py', '--cfg-path', '/tmp/tmppje4_llr']
[2023-11-23T01:49:31.660+0000] {standard_task_runner.py:85} INFO - Job 22: Subtask Transform
[2023-11-23T01:49:31.913+0000] {task_command.py:416} INFO - Running <TaskInstance: outcomes_dag.Transform scheduled__2023-11-07T00:00:00+00:00 [running]> on host d15d3caa5b00
[2023-11-23T01:49:32.353+0000] {taskinstance.py:1662} INFO - Exporting env vars: AIRFLOW_CTX_DAG_OWNER='***' AIRFLOW_CTX_DAG_ID='outcomes_dag' AIRFLOW_CTX_TASK_ID='Transform' AIRFLOW_CTX_EXECUTION_DATE='2023-11-07T00:00:00+00:00' AIRFLOW_CTX_TRY_NUMBER='1' AIRFLOW_CTX_DAG_RUN_ID='scheduled__2023-11-07T00:00:00+00:00'
[2023-11-23T01:49:32.367+0000] {logging_mixin.py:154} INFO - Getting data from Cloud Storage
[2023-11-23T01:49:33.343+0000] {logging_mixin.py:154} INFO - Index(['animal_id', 'name', 'datetime', 'monthyear', 'date_of_birth',
       'outcome_type', 'animal_type', 'sex_upon_outcome', 'age_upon_outcome',
       'breed', 'color', 'outcome_subtype'],
      dtype='object')
[2023-11-23T01:49:33.929+0000] {logging_mixin.py:154} INFO - Data Deposited into Cloud Storage
[2023-11-23T01:49:33.930+0000] {python.py:194} INFO - Done. Returned value was: None
[2023-11-23T01:49:34.014+0000] {taskinstance.py:1400} INFO - Marking task as SUCCESS. dag_id=outcomes_dag, task_id=Transform, execution_date=20231107T000000, start_date=20231123T014931, end_date=20231123T014933
[2023-11-23T01:49:34.233+0000] {local_task_job_runner.py:228} INFO - Task exited with return code 0
[2023-11-23T03:40:40.802+0000] {taskinstance.py:1159} INFO - Dependencies all met for dep_context=non-requeueable deps ti=<TaskInstance: outcomes_dag.Transform scheduled__2023-11-07T00:00:00+00:00 [queued]>
[2023-11-23T03:40:40.838+0000] {taskinstance.py:1159} INFO - Dependencies all met for dep_context=requeueable deps ti=<TaskInstance: outcomes_dag.Transform scheduled__2023-11-07T00:00:00+00:00 [queued]>
[2023-11-23T03:40:40.842+0000] {taskinstance.py:1361} INFO - Starting attempt 1 of 1
[2023-11-23T03:40:40.885+0000] {taskinstance.py:1382} INFO - Executing <Task(PythonOperator): Transform> on 2023-11-07 00:00:00+00:00
[2023-11-23T03:40:41.074+0000] {standard_task_runner.py:57} INFO - Started process 139 to run task
[2023-11-23T03:40:41.102+0000] {standard_task_runner.py:84} INFO - Running: ['***', 'tasks', 'run', 'outcomes_dag', 'Transform', 'scheduled__2023-11-07T00:00:00+00:00', '--job-id', '20', '--raw', '--subdir', 'DAGS_FOLDER/outcomes_dag.py', '--cfg-path', '/tmp/tmpmbqscu96']
[2023-11-23T03:40:41.137+0000] {standard_task_runner.py:85} INFO - Job 20: Subtask Transform
[2023-11-23T03:40:41.603+0000] {task_command.py:416} INFO - Running <TaskInstance: outcomes_dag.Transform scheduled__2023-11-07T00:00:00+00:00 [running]> on host e647c96745b0
[2023-11-23T03:40:42.079+0000] {taskinstance.py:1662} INFO - Exporting env vars: AIRFLOW_CTX_DAG_OWNER='***' AIRFLOW_CTX_DAG_ID='outcomes_dag' AIRFLOW_CTX_TASK_ID='Transform' AIRFLOW_CTX_EXECUTION_DATE='2023-11-07T00:00:00+00:00' AIRFLOW_CTX_TRY_NUMBER='1' AIRFLOW_CTX_DAG_RUN_ID='scheduled__2023-11-07T00:00:00+00:00'
[2023-11-23T03:40:42.098+0000] {logging_mixin.py:154} INFO - Getting data from Cloud Storage
[2023-11-23T03:40:43.060+0000] {logging_mixin.py:154} INFO - Index(['animal_id', 'name', 'datetime', 'monthyear', 'date_of_birth',
       'outcome_type', 'animal_type', 'sex_upon_outcome', 'age_upon_outcome',
       'breed', 'color', 'outcome_subtype'],
      dtype='object')
[2023-11-23T03:40:43.491+0000] {logging_mixin.py:154} INFO - Data Deposited into Cloud Storage
[2023-11-23T03:40:43.497+0000] {python.py:194} INFO - Done. Returned value was: None
[2023-11-23T03:40:43.538+0000] {taskinstance.py:1400} INFO - Marking task as SUCCESS. dag_id=outcomes_dag, task_id=Transform, execution_date=20231107T000000, start_date=20231123T034040, end_date=20231123T034043
[2023-11-23T03:40:43.598+0000] {local_task_job_runner.py:228} INFO - Task exited with return code 0
