[2023-11-22T05:47:54.399+0000] {taskinstance.py:1159} INFO - Dependencies all met for dep_context=non-requeueable deps ti=<TaskInstance: outcomes_dag.Insert scheduled__2023-11-16T00:00:00+00:00 [queued]>
[2023-11-22T05:47:54.406+0000] {taskinstance.py:1159} INFO - Dependencies all met for dep_context=requeueable deps ti=<TaskInstance: outcomes_dag.Insert scheduled__2023-11-16T00:00:00+00:00 [queued]>
[2023-11-22T05:47:54.406+0000] {taskinstance.py:1361} INFO - Starting attempt 1 of 1
[2023-11-22T05:47:54.422+0000] {taskinstance.py:1382} INFO - Executing <Task(PostgresOperator): Insert> on 2023-11-16 00:00:00+00:00
[2023-11-22T05:47:54.428+0000] {standard_task_runner.py:57} INFO - Started process 216 to run task
[2023-11-22T05:47:54.432+0000] {standard_task_runner.py:84} INFO - Running: ['***', 'tasks', 'run', 'outcomes_dag', 'Insert', 'scheduled__2023-11-16T00:00:00+00:00', '--job-id', '34', '--raw', '--subdir', 'DAGS_FOLDER/outcomes_dag.py', '--cfg-path', '/tmp/tmpz0sx1y8h']
[2023-11-22T05:47:54.435+0000] {standard_task_runner.py:85} INFO - Job 34: Subtask Insert
[2023-11-22T05:47:54.488+0000] {task_command.py:416} INFO - Running <TaskInstance: outcomes_dag.Insert scheduled__2023-11-16T00:00:00+00:00 [running]> on host 6e2e77b078ed
[2023-11-22T05:47:54.539+0000] {taskinstance.py:1662} INFO - Exporting env vars: AIRFLOW_CTX_DAG_OWNER='***' AIRFLOW_CTX_DAG_ID='outcomes_dag' AIRFLOW_CTX_TASK_ID='Insert' AIRFLOW_CTX_EXECUTION_DATE='2023-11-16T00:00:00+00:00' AIRFLOW_CTX_TRY_NUMBER='1' AIRFLOW_CTX_DAG_RUN_ID='scheduled__2023-11-16T00:00:00+00:00'
[2023-11-22T05:47:54.540+0000] {sql.py:274} INFO - Executing: --- INSERT DATA INTO DIMENSION TABLES

--- Animal Dimension
INSERT INTO animal_dim ("Animal ID", "Name", "Animal Type", "Breed", "Color", "Sex", "DOB")
SELECT DISTINCT "Animal ID", "Name", "Animal Type", "Breed", "Color", "Sex", "DOB"
FROM outcomes_staging
WHERE "Animal ID" IS NOT NULL;

--- Outcomes Dimension
INSERT INTO outcome_type_dim ("Outcome Type")
SELECT DISTINCT "Outcome"
FROM outcomes_staging
WHERE "Outcome" IS NOT NULL;

--- Reproductive Status Dimension
INSERT INTO reproductive_status_dim ("Reproductive Status")
SELECT DISTINCT "Reproductive Status"
FROM outcomes_staging
WHERE "Reproductive Status" IS NOT NULL;

--- Date Dimension
INSERT INTO date_dim ("Date ID", "Day", "Month", "Year")
SELECT DISTINCT "Date ID", "Day", "Month", "Year"
FROM outcomes_staging
WHERE "Date ID" IS NOT NULL;




--- INSERT DATA INTO FACT TABLE
INSERT INTO outcomes_fct ("Date", "Animal", "Outcome", "Repo Status")
SELECT 
    dd."Date ID",
    ad."Animal ID",
    otd."Outcome ID",
    rsd."Status ID"
FROM outcomes_staging os
JOIN date_dim dd ON os."Date ID" = dd."Date ID"
JOIN animal_dim ad ON os."Animal ID" = ad."Animal ID"
JOIN outcome_type_dim otd ON os."Outcome" = otd."Outcome Type"
JOIN reproductive_status_dim rsd ON os."Reproductive Status" = rsd."Reproductive Status";

[2023-11-22T05:47:54.553+0000] {taskinstance.py:1937} ERROR - Task failed with exception
Traceback (most recent call last):
  File "/home/airflow/.local/lib/python3.8/site-packages/airflow/providers/common/sql/operators/sql.py", line 275, in execute
    hook = self.get_db_hook()
  File "/home/airflow/.local/lib/python3.8/site-packages/airflow/providers/common/sql/operators/sql.py", line 186, in get_db_hook
    return self._hook
  File "/usr/local/lib/python3.8/functools.py", line 967, in __get__
    val = self.func(instance)
  File "/home/airflow/.local/lib/python3.8/site-packages/airflow/providers/common/sql/operators/sql.py", line 148, in _hook
    conn = BaseHook.get_connection(conn_id)
  File "/home/airflow/.local/lib/python3.8/site-packages/airflow/hooks/base.py", line 72, in get_connection
    conn = Connection.get_connection_from_secrets(conn_id)
  File "/home/airflow/.local/lib/python3.8/site-packages/airflow/models/connection.py", line 477, in get_connection_from_secrets
    raise AirflowNotFoundException(f"The conn_id `{conn_id}` isn't defined")
airflow.exceptions.AirflowNotFoundException: The conn_id `lab3_postgres_connection` isn't defined
[2023-11-22T05:47:54.556+0000] {taskinstance.py:1400} INFO - Marking task as FAILED. dag_id=outcomes_dag, task_id=Insert, execution_date=20231116T000000, start_date=20231122T054754, end_date=20231122T054754
[2023-11-22T05:47:54.568+0000] {standard_task_runner.py:104} ERROR - Failed to execute job 34 for task Insert (The conn_id `lab3_postgres_connection` isn't defined; 216)
[2023-11-22T05:47:54.603+0000] {local_task_job_runner.py:228} INFO - Task exited with return code 1
[2023-11-22T05:47:54.616+0000] {taskinstance.py:2778} INFO - 0 downstream tasks scheduled from follow-on schedule check
[2023-11-22T06:09:50.471+0000] {taskinstance.py:1159} INFO - Dependencies all met for dep_context=non-requeueable deps ti=<TaskInstance: outcomes_dag.Insert scheduled__2023-11-16T00:00:00+00:00 [queued]>
[2023-11-22T06:09:50.475+0000] {taskinstance.py:1159} INFO - Dependencies all met for dep_context=requeueable deps ti=<TaskInstance: outcomes_dag.Insert scheduled__2023-11-16T00:00:00+00:00 [queued]>
[2023-11-22T06:09:50.476+0000] {taskinstance.py:1361} INFO - Starting attempt 1 of 1
[2023-11-22T06:09:50.481+0000] {taskinstance.py:1382} INFO - Executing <Task(PythonOperator): Insert> on 2023-11-16 00:00:00+00:00
[2023-11-22T06:09:50.487+0000] {standard_task_runner.py:57} INFO - Started process 152 to run task
[2023-11-22T06:09:50.490+0000] {standard_task_runner.py:84} INFO - Running: ['***', 'tasks', 'run', 'outcomes_dag', 'Insert', 'scheduled__2023-11-16T00:00:00+00:00', '--job-id', '33', '--raw', '--subdir', 'DAGS_FOLDER/outcomes_dag.py', '--cfg-path', '/tmp/tmp8a3aikjc']
[2023-11-22T06:09:50.493+0000] {standard_task_runner.py:85} INFO - Job 33: Subtask Insert
[2023-11-22T06:09:50.538+0000] {task_command.py:416} INFO - Running <TaskInstance: outcomes_dag.Insert scheduled__2023-11-16T00:00:00+00:00 [running]> on host ded66acd9c7f
[2023-11-22T06:09:50.593+0000] {taskinstance.py:1662} INFO - Exporting env vars: AIRFLOW_CTX_DAG_OWNER='***' AIRFLOW_CTX_DAG_ID='outcomes_dag' AIRFLOW_CTX_TASK_ID='Insert' AIRFLOW_CTX_EXECUTION_DATE='2023-11-16T00:00:00+00:00' AIRFLOW_CTX_TRY_NUMBER='1' AIRFLOW_CTX_DAG_RUN_ID='scheduled__2023-11-16T00:00:00+00:00'
[2023-11-22T06:09:50.614+0000] {python.py:194} INFO - Done. Returned value was: None
[2023-11-22T06:09:50.621+0000] {taskinstance.py:1400} INFO - Marking task as SUCCESS. dag_id=outcomes_dag, task_id=Insert, execution_date=20231116T000000, start_date=20231122T060950, end_date=20231122T060950
[2023-11-22T06:09:50.662+0000] {local_task_job_runner.py:228} INFO - Task exited with return code 0
[2023-11-22T06:09:50.673+0000] {taskinstance.py:2778} INFO - 0 downstream tasks scheduled from follow-on schedule check
[2023-11-22T06:19:08.123+0000] {taskinstance.py:1159} INFO - Dependencies all met for dep_context=non-requeueable deps ti=<TaskInstance: outcomes_dag.Insert scheduled__2023-11-16T00:00:00+00:00 [queued]>
[2023-11-22T06:19:08.138+0000] {taskinstance.py:1159} INFO - Dependencies all met for dep_context=requeueable deps ti=<TaskInstance: outcomes_dag.Insert scheduled__2023-11-16T00:00:00+00:00 [queued]>
[2023-11-22T06:19:08.138+0000] {taskinstance.py:1361} INFO - Starting attempt 1 of 1
[2023-11-22T06:19:08.147+0000] {taskinstance.py:1382} INFO - Executing <Task(PythonOperator): Insert> on 2023-11-16 00:00:00+00:00
[2023-11-22T06:19:08.202+0000] {standard_task_runner.py:57} INFO - Started process 146 to run task
[2023-11-22T06:19:08.215+0000] {standard_task_runner.py:84} INFO - Running: ['***', 'tasks', 'run', 'outcomes_dag', 'Insert', 'scheduled__2023-11-16T00:00:00+00:00', '--job-id', '27', '--raw', '--subdir', 'DAGS_FOLDER/outcomes_dag.py', '--cfg-path', '/tmp/tmpqzgdfmul']
[2023-11-22T06:19:08.244+0000] {standard_task_runner.py:85} INFO - Job 27: Subtask Insert
[2023-11-22T06:19:08.331+0000] {task_command.py:416} INFO - Running <TaskInstance: outcomes_dag.Insert scheduled__2023-11-16T00:00:00+00:00 [running]> on host 836b7d8b8a64
[2023-11-22T06:19:08.425+0000] {taskinstance.py:1662} INFO - Exporting env vars: AIRFLOW_CTX_DAG_OWNER='***' AIRFLOW_CTX_DAG_ID='outcomes_dag' AIRFLOW_CTX_TASK_ID='Insert' AIRFLOW_CTX_EXECUTION_DATE='2023-11-16T00:00:00+00:00' AIRFLOW_CTX_TRY_NUMBER='1' AIRFLOW_CTX_DAG_RUN_ID='scheduled__2023-11-16T00:00:00+00:00'
[2023-11-22T06:19:08.514+0000] {python.py:194} INFO - Done. Returned value was: None
[2023-11-22T06:19:08.527+0000] {taskinstance.py:1400} INFO - Marking task as SUCCESS. dag_id=outcomes_dag, task_id=Insert, execution_date=20231116T000000, start_date=20231122T061908, end_date=20231122T061908
[2023-11-22T06:19:08.582+0000] {local_task_job_runner.py:228} INFO - Task exited with return code 0
[2023-11-22T06:19:08.603+0000] {taskinstance.py:2778} INFO - 0 downstream tasks scheduled from follow-on schedule check
[2023-11-22T07:15:11.418+0000] {taskinstance.py:1159} INFO - Dependencies all met for dep_context=non-requeueable deps ti=<TaskInstance: outcomes_dag.Insert scheduled__2023-11-16T00:00:00+00:00 [queued]>
[2023-11-22T07:15:11.426+0000] {taskinstance.py:1159} INFO - Dependencies all met for dep_context=requeueable deps ti=<TaskInstance: outcomes_dag.Insert scheduled__2023-11-16T00:00:00+00:00 [queued]>
[2023-11-22T07:15:11.426+0000] {taskinstance.py:1361} INFO - Starting attempt 1 of 1
[2023-11-22T07:15:11.436+0000] {taskinstance.py:1382} INFO - Executing <Task(PythonOperator): Insert> on 2023-11-16 00:00:00+00:00
[2023-11-22T07:15:11.441+0000] {standard_task_runner.py:57} INFO - Started process 153 to run task
[2023-11-22T07:15:11.445+0000] {standard_task_runner.py:84} INFO - Running: ['***', 'tasks', 'run', 'outcomes_dag', 'Insert', 'scheduled__2023-11-16T00:00:00+00:00', '--job-id', '33', '--raw', '--subdir', 'DAGS_FOLDER/outcomes_dag.py', '--cfg-path', '/tmp/tmpn4mpfz9m']
[2023-11-22T07:15:11.449+0000] {standard_task_runner.py:85} INFO - Job 33: Subtask Insert
[2023-11-22T07:15:11.495+0000] {task_command.py:416} INFO - Running <TaskInstance: outcomes_dag.Insert scheduled__2023-11-16T00:00:00+00:00 [running]> on host 011245d9ad62
[2023-11-22T07:15:11.552+0000] {taskinstance.py:1662} INFO - Exporting env vars: AIRFLOW_CTX_DAG_OWNER='***' AIRFLOW_CTX_DAG_ID='outcomes_dag' AIRFLOW_CTX_TASK_ID='Insert' AIRFLOW_CTX_EXECUTION_DATE='2023-11-16T00:00:00+00:00' AIRFLOW_CTX_TRY_NUMBER='1' AIRFLOW_CTX_DAG_RUN_ID='scheduled__2023-11-16T00:00:00+00:00'
[2023-11-22T07:15:11.563+0000] {logging_mixin.py:154} INFO - Error executing SQL script: (psycopg2.errors.UniqueViolation) duplicate key value violates unique constraint "animal_dim_pkey"
DETAIL:  Key ("Animal ID")=(A891289) already exists.

[SQL: --- INSERT DATA INTO DIMENSION TABLES

--- Animal Dimension
INSERT INTO animal_dim ("Animal ID", "Name", "Animal Type", "Breed", "Color", "Sex", "DOB")
SELECT DISTINCT "Animal ID", "Name", "Animal Type", "Breed", "Color", "Sex", "DOB"
FROM outcomes_staging
WHERE "Animal ID" IS NOT NULL;

--- Outcomes Dimension
INSERT INTO outcome_type_dim ("Outcome Type")
SELECT DISTINCT "Outcome"
FROM outcomes_staging
WHERE "Outcome" IS NOT NULL;

--- Reproductive Status Dimension
INSERT INTO reproductive_status_dim ("Reproductive Status")
SELECT DISTINCT "Reproductive Status"
FROM outcomes_staging
WHERE "Reproductive Status" IS NOT NULL;

--- Date Dimension
INSERT INTO date_dim ("Date ID", "Day", "Month", "Year")
SELECT DISTINCT "Date ID", "Day", "Month", "Year"
FROM outcomes_staging
WHERE "Date ID" IS NOT NULL;




--- INSERT DATA INTO FACT TABLE
INSERT INTO outcomes_fct ("Date", "Animal", "Outcome", "Repo Status")
SELECT 
    dd."Date ID",
    ad."Animal ID",
    otd."Outcome ID",
    rsd."Status ID"
FROM outcomes_staging os
JOIN date_dim dd ON os."Date ID" = dd."Date ID"
JOIN animal_dim ad ON os."Animal ID" = ad."Animal ID"
JOIN outcome_type_dim otd ON os."Outcome" = otd."Outcome Type"
JOIN reproductive_status_dim rsd ON os."Reproductive Status" = rsd."Reproductive Status";

]
(Background on this error at: https://sqlalche.me/e/14/gkpj)
[2023-11-22T07:15:11.563+0000] {python.py:194} INFO - Done. Returned value was: None
[2023-11-22T07:15:11.571+0000] {taskinstance.py:1400} INFO - Marking task as SUCCESS. dag_id=outcomes_dag, task_id=Insert, execution_date=20231116T000000, start_date=20231122T071511, end_date=20231122T071511
[2023-11-22T07:15:11.617+0000] {local_task_job_runner.py:228} INFO - Task exited with return code 0
[2023-11-22T07:15:11.628+0000] {taskinstance.py:2778} INFO - 0 downstream tasks scheduled from follow-on schedule check
[2023-11-22T07:54:23.447+0000] {taskinstance.py:1159} INFO - Dependencies all met for dep_context=non-requeueable deps ti=<TaskInstance: outcomes_dag.Insert scheduled__2023-11-16T00:00:00+00:00 [queued]>
[2023-11-22T07:54:23.495+0000] {taskinstance.py:1159} INFO - Dependencies all met for dep_context=requeueable deps ti=<TaskInstance: outcomes_dag.Insert scheduled__2023-11-16T00:00:00+00:00 [queued]>
[2023-11-22T07:54:23.501+0000] {taskinstance.py:1361} INFO - Starting attempt 1 of 1
[2023-11-22T07:54:23.562+0000] {taskinstance.py:1382} INFO - Executing <Task(PythonOperator): Insert> on 2023-11-16 00:00:00+00:00
[2023-11-22T07:54:23.654+0000] {standard_task_runner.py:57} INFO - Started process 420 to run task
[2023-11-22T07:54:23.746+0000] {standard_task_runner.py:84} INFO - Running: ['***', 'tasks', 'run', 'outcomes_dag', 'Insert', 'scheduled__2023-11-16T00:00:00+00:00', '--job-id', '55', '--raw', '--subdir', 'DAGS_FOLDER/outcomes_dag.py', '--cfg-path', '/tmp/tmpc6lfcoqy']
[2023-11-22T07:54:23.774+0000] {standard_task_runner.py:85} INFO - Job 55: Subtask Insert
[2023-11-22T07:54:24.312+0000] {task_command.py:416} INFO - Running <TaskInstance: outcomes_dag.Insert scheduled__2023-11-16T00:00:00+00:00 [running]> on host 6318e996d951
[2023-11-22T07:54:24.525+0000] {taskinstance.py:1662} INFO - Exporting env vars: AIRFLOW_CTX_DAG_OWNER='***' AIRFLOW_CTX_DAG_ID='outcomes_dag' AIRFLOW_CTX_TASK_ID='Insert' AIRFLOW_CTX_EXECUTION_DATE='2023-11-16T00:00:00+00:00' AIRFLOW_CTX_TRY_NUMBER='1' AIRFLOW_CTX_DAG_RUN_ID='scheduled__2023-11-16T00:00:00+00:00'
[2023-11-22T07:54:24.551+0000] {logging_mixin.py:154} INFO - Error executing SQL script: (psycopg2.errors.UniqueViolation) duplicate key value violates unique constraint "animal_dim_pkey"
DETAIL:  Key ("Animal ID")=(A889466) already exists.

[SQL: --- INSERT DATA INTO DIMENSION TABLES

--- Animal Dimension
INSERT INTO animal_dim ("Animal ID", "Name", "Animal Type", "Breed", "Color", "Sex", "DOB")
SELECT DISTINCT "Animal ID", "Name", "Animal Type", "Breed", "Color", "Sex", "DOB"
FROM outcomes_staging
WHERE "Animal ID" IS NOT NULL;

--- Outcomes Dimension
INSERT INTO outcome_type_dim ("Outcome Type")
SELECT DISTINCT "Outcome"
FROM outcomes_staging
WHERE "Outcome" IS NOT NULL;

--- Reproductive Status Dimension
INSERT INTO reproductive_status_dim ("Reproductive Status")
SELECT DISTINCT "Reproductive Status"
FROM outcomes_staging
WHERE "Reproductive Status" IS NOT NULL;

--- Date Dimension
INSERT INTO date_dim ("Date ID", "Day", "Month", "Year")
SELECT DISTINCT "Date ID", "Day", "Month", "Year"
FROM outcomes_staging
WHERE "Date ID" IS NOT NULL;




--- INSERT DATA INTO FACT TABLE
INSERT INTO outcomes_fct ("Date", "Animal", "Outcome", "Repo Status")
SELECT 
    dd."Date ID",
    ad."Animal ID",
    otd."Outcome ID",
    rsd."Status ID"
FROM outcomes_staging os
JOIN date_dim dd ON os."Date ID" = dd."Date ID"
JOIN animal_dim ad ON os."Animal ID" = ad."Animal ID"
JOIN outcome_type_dim otd ON os."Outcome" = otd."Outcome Type"
JOIN reproductive_status_dim rsd ON os."Reproductive Status" = rsd."Reproductive Status";

]
(Background on this error at: https://sqlalche.me/e/14/gkpj)
[2023-11-22T07:54:24.556+0000] {python.py:194} INFO - Done. Returned value was: None
[2023-11-22T07:54:24.583+0000] {taskinstance.py:1400} INFO - Marking task as SUCCESS. dag_id=outcomes_dag, task_id=Insert, execution_date=20231116T000000, start_date=20231122T075423, end_date=20231122T075424
[2023-11-22T07:54:24.651+0000] {local_task_job_runner.py:228} INFO - Task exited with return code 0
[2023-11-22T07:54:24.729+0000] {taskinstance.py:2778} INFO - 0 downstream tasks scheduled from follow-on schedule check
[2023-11-23T01:49:50.820+0000] {taskinstance.py:1159} INFO - Dependencies all met for dep_context=non-requeueable deps ti=<TaskInstance: outcomes_dag.Insert scheduled__2023-11-16T00:00:00+00:00 [queued]>
[2023-11-23T01:49:50.863+0000] {taskinstance.py:1159} INFO - Dependencies all met for dep_context=requeueable deps ti=<TaskInstance: outcomes_dag.Insert scheduled__2023-11-16T00:00:00+00:00 [queued]>
[2023-11-23T01:49:50.873+0000] {taskinstance.py:1361} INFO - Starting attempt 1 of 1
[2023-11-23T01:49:50.903+0000] {taskinstance.py:1382} INFO - Executing <Task(PythonOperator): Insert> on 2023-11-16 00:00:00+00:00
[2023-11-23T01:49:50.924+0000] {standard_task_runner.py:57} INFO - Started process 253 to run task
[2023-11-23T01:49:50.933+0000] {standard_task_runner.py:84} INFO - Running: ['***', 'tasks', 'run', 'outcomes_dag', 'Insert', 'scheduled__2023-11-16T00:00:00+00:00', '--job-id', '64', '--raw', '--subdir', 'DAGS_FOLDER/outcomes_dag.py', '--cfg-path', '/tmp/tmpgvt3jx0g']
[2023-11-23T01:49:50.945+0000] {standard_task_runner.py:85} INFO - Job 64: Subtask Insert
[2023-11-23T01:49:51.102+0000] {task_command.py:416} INFO - Running <TaskInstance: outcomes_dag.Insert scheduled__2023-11-16T00:00:00+00:00 [running]> on host d15d3caa5b00
[2023-11-23T01:49:51.300+0000] {taskinstance.py:1662} INFO - Exporting env vars: AIRFLOW_CTX_DAG_OWNER='***' AIRFLOW_CTX_DAG_ID='outcomes_dag' AIRFLOW_CTX_TASK_ID='Insert' AIRFLOW_CTX_EXECUTION_DATE='2023-11-16T00:00:00+00:00' AIRFLOW_CTX_TRY_NUMBER='1' AIRFLOW_CTX_DAG_RUN_ID='scheduled__2023-11-16T00:00:00+00:00'
[2023-11-23T01:49:51.328+0000] {logging_mixin.py:154} INFO - Error executing SQL script: (psycopg2.errors.SyntaxError) syntax error at or near "`"
LINE 4: INSERT INTO animal_dim (`Animal ID`, `Name`, `Animal Type`, ...
                                ^

[SQL: -- INSERT DATA INTO DIMENSION TABLES

-- Animal Dimension
INSERT INTO animal_dim (`Animal ID`, `Name`, `Animal Type`, `Breed`, `Color`, `Sex`, `DOB`)
SELECT DISTINCT `Animal ID`, `Name`, `Animal Type`, `Breed`, `Color`, `Sex`, `DOB`
FROM outcomes_staging
WHERE `Animal ID` IS NOT NULL;

-- Outcomes Dimension
INSERT INTO outcome_type_dim (`Outcome Type`)
SELECT DISTINCT `Outcome`
FROM outcomes_staging
WHERE `Outcome` IS NOT NULL;

-- Reproductive Status Dimension
INSERT INTO reproductive_status_dim (`Reproductive Status`)
SELECT DISTINCT `Reproductive Status`
FROM outcomes_staging
WHERE `Reproductive Status` IS NOT NULL;

-- Date Dimension
INSERT INTO date_dim (`Date ID`, `Day`, `Month`, `Year`)
SELECT DISTINCT `Date ID`, `Day`, `Month`, `Year`
FROM outcomes_staging
WHERE `Date ID` IS NOT NULL;

-- INSERT DATA INTO FACT TABLE
INSERT INTO outcomes_fct (`Date`, `Animal`, `Outcome`, `Repo Status`)
SELECT 
    dd.`Date ID`,
    ad.`Animal ID`,
    otd.`Outcome ID`,
    rsd.`Status ID`
FROM outcomes_staging os
JOIN date_dim dd ON os.`Date ID` = dd.`Date ID`
JOIN animal_dim ad ON os.`Animal ID` = ad.`Animal ID`
JOIN outcome_type_dim otd ON os.`Outcome` = otd.`Outcome Type`
JOIN reproductive_status_dim rsd ON os.`Reproductive Status` = rsd.`Reproductive Status`;
]
(Background on this error at: https://sqlalche.me/e/14/f405)
[2023-11-23T01:49:51.328+0000] {python.py:194} INFO - Done. Returned value was: None
[2023-11-23T01:49:51.346+0000] {taskinstance.py:1400} INFO - Marking task as SUCCESS. dag_id=outcomes_dag, task_id=Insert, execution_date=20231116T000000, start_date=20231123T014950, end_date=20231123T014951
[2023-11-23T01:49:51.406+0000] {local_task_job_runner.py:228} INFO - Task exited with return code 0
[2023-11-23T01:49:51.502+0000] {taskinstance.py:2778} INFO - 0 downstream tasks scheduled from follow-on schedule check
[2023-11-23T01:58:46.776+0000] {taskinstance.py:1159} INFO - Dependencies all met for dep_context=non-requeueable deps ti=<TaskInstance: outcomes_dag.Insert scheduled__2023-11-16T00:00:00+00:00 [queued]>
[2023-11-23T01:58:46.796+0000] {taskinstance.py:1159} INFO - Dependencies all met for dep_context=requeueable deps ti=<TaskInstance: outcomes_dag.Insert scheduled__2023-11-16T00:00:00+00:00 [queued]>
[2023-11-23T01:58:46.798+0000] {taskinstance.py:1361} INFO - Starting attempt 1 of 1
[2023-11-23T01:58:46.810+0000] {taskinstance.py:1382} INFO - Executing <Task(PythonOperator): Insert> on 2023-11-16 00:00:00+00:00
[2023-11-23T01:58:46.822+0000] {standard_task_runner.py:57} INFO - Started process 139 to run task
[2023-11-23T01:58:46.833+0000] {standard_task_runner.py:84} INFO - Running: ['***', 'tasks', 'run', 'outcomes_dag', 'Insert', 'scheduled__2023-11-16T00:00:00+00:00', '--job-id', '26', '--raw', '--subdir', 'DAGS_FOLDER/outcomes_dag.py', '--cfg-path', '/tmp/tmp6usrzxt_']
[2023-11-23T01:58:46.839+0000] {standard_task_runner.py:85} INFO - Job 26: Subtask Insert
[2023-11-23T01:58:46.936+0000] {task_command.py:416} INFO - Running <TaskInstance: outcomes_dag.Insert scheduled__2023-11-16T00:00:00+00:00 [running]> on host 3cdc572bc068
[2023-11-23T01:58:47.023+0000] {taskinstance.py:1662} INFO - Exporting env vars: AIRFLOW_CTX_DAG_OWNER='***' AIRFLOW_CTX_DAG_ID='outcomes_dag' AIRFLOW_CTX_TASK_ID='Insert' AIRFLOW_CTX_EXECUTION_DATE='2023-11-16T00:00:00+00:00' AIRFLOW_CTX_TRY_NUMBER='1' AIRFLOW_CTX_DAG_RUN_ID='scheduled__2023-11-16T00:00:00+00:00'
[2023-11-23T01:58:47.044+0000] {logging_mixin.py:154} INFO - Error executing SQL script: (psycopg2.errors.UniqueViolation) duplicate key value violates unique constraint "animal_dim_pkey"
DETAIL:  Key ("Animal ID")=(A887504) already exists.

[SQL: --- INSERT DATA INTO DIMENSION TABLES

--- Animal Dimension
INSERT INTO animal_dim ("Animal ID", "Name", "Animal Type", "Breed", "Color", "Sex", "DOB")
SELECT DISTINCT "Animal ID", "Name", "Animal Type", "Breed", "Color", "Sex", "DOB"
FROM outcomes_staging
WHERE "Animal ID" IS NOT NULL;

--- Outcomes Dimension
INSERT INTO outcome_type_dim ("Outcome Type")
SELECT DISTINCT "Outcome"
FROM outcomes_staging
WHERE "Outcome" IS NOT NULL;

--- Reproductive Status Dimension
INSERT INTO reproductive_status_dim ("Reproductive Status")
SELECT DISTINCT "Reproductive Status"
FROM outcomes_staging
WHERE "Reproductive Status" IS NOT NULL;

--- Date Dimension
INSERT INTO date_dim ("Date ID", "Day", "Month", "Year")
SELECT DISTINCT "Date ID", "Day", "Month", "Year"
FROM outcomes_staging
WHERE "Date ID" IS NOT NULL;




--- INSERT DATA INTO FACT TABLE
INSERT INTO outcomes_fct ("Date", "Animal", "Outcome", "Repo Status")
SELECT 
    dd."Date ID",
    ad."Animal ID",
    otd."Outcome ID",
    rsd."Status ID"
FROM outcomes_staging os
JOIN date_dim dd ON os."Date ID" = dd."Date ID"
JOIN animal_dim ad ON os."Animal ID" = ad."Animal ID"
JOIN outcome_type_dim otd ON os."Outcome" = otd."Outcome Type"
JOIN reproductive_status_dim rsd ON os."Reproductive Status" = rsd."Reproductive Status";

]
(Background on this error at: https://sqlalche.me/e/14/gkpj)
[2023-11-23T01:58:47.045+0000] {python.py:194} INFO - Done. Returned value was: None
[2023-11-23T01:58:47.062+0000] {taskinstance.py:1400} INFO - Marking task as SUCCESS. dag_id=outcomes_dag, task_id=Insert, execution_date=20231116T000000, start_date=20231123T015846, end_date=20231123T015847
[2023-11-23T01:58:47.098+0000] {local_task_job_runner.py:228} INFO - Task exited with return code 0
[2023-11-23T01:58:47.124+0000] {taskinstance.py:2778} INFO - 0 downstream tasks scheduled from follow-on schedule check
[2023-11-23T02:59:47.126+0000] {taskinstance.py:1159} INFO - Dependencies all met for dep_context=non-requeueable deps ti=<TaskInstance: outcomes_dag.Insert scheduled__2023-11-16T00:00:00+00:00 [queued]>
[2023-11-23T02:59:47.143+0000] {taskinstance.py:1159} INFO - Dependencies all met for dep_context=requeueable deps ti=<TaskInstance: outcomes_dag.Insert scheduled__2023-11-16T00:00:00+00:00 [queued]>
[2023-11-23T02:59:47.144+0000] {taskinstance.py:1361} INFO - Starting attempt 1 of 1
[2023-11-23T02:59:47.390+0000] {taskinstance.py:1382} INFO - Executing <Task(PythonOperator): Insert> on 2023-11-16 00:00:00+00:00
[2023-11-23T02:59:47.404+0000] {standard_task_runner.py:57} INFO - Started process 187 to run task
[2023-11-23T02:59:47.412+0000] {standard_task_runner.py:84} INFO - Running: ['***', 'tasks', 'run', 'outcomes_dag', 'Insert', 'scheduled__2023-11-16T00:00:00+00:00', '--job-id', '28', '--raw', '--subdir', 'DAGS_FOLDER/outcomes_dag.py', '--cfg-path', '/tmp/tmpb982o1or']
[2023-11-23T02:59:47.419+0000] {standard_task_runner.py:85} INFO - Job 28: Subtask Insert
[2023-11-23T02:59:47.515+0000] {task_command.py:416} INFO - Running <TaskInstance: outcomes_dag.Insert scheduled__2023-11-16T00:00:00+00:00 [running]> on host 1268bd8e5db0
[2023-11-23T02:59:47.591+0000] {taskinstance.py:1662} INFO - Exporting env vars: AIRFLOW_CTX_DAG_OWNER='***' AIRFLOW_CTX_DAG_ID='outcomes_dag' AIRFLOW_CTX_TASK_ID='Insert' AIRFLOW_CTX_EXECUTION_DATE='2023-11-16T00:00:00+00:00' AIRFLOW_CTX_TRY_NUMBER='1' AIRFLOW_CTX_DAG_RUN_ID='scheduled__2023-11-16T00:00:00+00:00'
[2023-11-23T02:59:47.592+0000] {taskinstance.py:1937} ERROR - Task failed with exception
Traceback (most recent call last):
  File "/home/airflow/.local/lib/python3.8/site-packages/airflow/operators/python.py", line 192, in execute
    return_value = self.execute_callable()
  File "/home/airflow/.local/lib/python3.8/site-packages/airflow/operators/python.py", line 209, in execute_callable
    return self.python_callable(*self.op_args, **self.op_kwargs)
TypeError: execute_sql_script() missing 1 required positional argument: 'engine'
[2023-11-23T02:59:47.598+0000] {taskinstance.py:1400} INFO - Marking task as FAILED. dag_id=outcomes_dag, task_id=Insert, execution_date=20231116T000000, start_date=20231123T025947, end_date=20231123T025947
[2023-11-23T02:59:47.603+0000] {standard_task_runner.py:104} ERROR - Failed to execute job 28 for task Insert (execute_sql_script() missing 1 required positional argument: 'engine'; 187)
[2023-11-23T02:59:47.628+0000] {local_task_job_runner.py:228} INFO - Task exited with return code 1
[2023-11-23T02:59:47.643+0000] {taskinstance.py:2778} INFO - 0 downstream tasks scheduled from follow-on schedule check
[2023-11-23T03:41:03.677+0000] {taskinstance.py:1159} INFO - Dependencies all met for dep_context=non-requeueable deps ti=<TaskInstance: outcomes_dag.Insert scheduled__2023-11-16T00:00:00+00:00 [queued]>
[2023-11-23T03:41:03.691+0000] {taskinstance.py:1159} INFO - Dependencies all met for dep_context=requeueable deps ti=<TaskInstance: outcomes_dag.Insert scheduled__2023-11-16T00:00:00+00:00 [queued]>
[2023-11-23T03:41:03.692+0000] {taskinstance.py:1361} INFO - Starting attempt 1 of 1
[2023-11-23T03:41:03.737+0000] {taskinstance.py:1382} INFO - Executing <Task(PythonOperator): Insert> on 2023-11-16 00:00:00+00:00
[2023-11-23T03:41:03.767+0000] {standard_task_runner.py:57} INFO - Started process 262 to run task
[2023-11-23T03:41:03.788+0000] {standard_task_runner.py:84} INFO - Running: ['***', 'tasks', 'run', 'outcomes_dag', 'Insert', 'scheduled__2023-11-16T00:00:00+00:00', '--job-id', '65', '--raw', '--subdir', 'DAGS_FOLDER/outcomes_dag.py', '--cfg-path', '/tmp/tmpd0t9z7xb']
[2023-11-23T03:41:03.851+0000] {standard_task_runner.py:85} INFO - Job 65: Subtask Insert
[2023-11-23T03:41:04.053+0000] {task_command.py:416} INFO - Running <TaskInstance: outcomes_dag.Insert scheduled__2023-11-16T00:00:00+00:00 [running]> on host e647c96745b0
[2023-11-23T03:41:04.628+0000] {taskinstance.py:1662} INFO - Exporting env vars: AIRFLOW_CTX_DAG_OWNER='***' AIRFLOW_CTX_DAG_ID='outcomes_dag' AIRFLOW_CTX_TASK_ID='Insert' AIRFLOW_CTX_EXECUTION_DATE='2023-11-16T00:00:00+00:00' AIRFLOW_CTX_TRY_NUMBER='1' AIRFLOW_CTX_DAG_RUN_ID='scheduled__2023-11-16T00:00:00+00:00'
[2023-11-23T03:41:04.690+0000] {logging_mixin.py:154} INFO - Error executing SQL script: (psycopg2.errors.UniqueViolation) duplicate key value violates unique constraint "animal_dim_pkey"
DETAIL:  Key ("Animal ID")=(A892660) already exists.

[SQL: --- INSERT DATA INTO DIMENSION TABLES

--- Animal Dimension
INSERT INTO animal_dim ("Animal ID", "Name", "Animal Type", "Breed", "Color", "Sex", "DOB")
SELECT DISTINCT "Animal ID", "Name", "Animal Type", "Breed", "Color", "Sex", "DOB"
FROM outcomes_staging
WHERE "Animal ID" IS NOT NULL;

--- Outcomes Dimension
INSERT INTO outcome_type_dim ("Outcome Type")
SELECT DISTINCT "Outcome"
FROM outcomes_staging
WHERE "Outcome" IS NOT NULL;

--- Reproductive Status Dimension
INSERT INTO reproductive_status_dim ("Reproductive Status")
SELECT DISTINCT "Reproductive Status"
FROM outcomes_staging
WHERE "Reproductive Status" IS NOT NULL;

--- Date Dimension
INSERT INTO date_dim ("Date ID", "Day", "Month", "Year")
SELECT DISTINCT "Date ID", "Day", "Month", "Year"
FROM outcomes_staging
WHERE "Date ID" IS NOT NULL;




--- INSERT DATA INTO FACT TABLE
INSERT INTO outcomes_fct ("Date", "Animal", "Outcome", "Repo Status")
SELECT 
    dd."Date ID",
    ad."Animal ID",
    otd."Outcome ID",
    rsd."Status ID"
FROM outcomes_staging os
JOIN date_dim dd ON os."Date ID" = dd."Date ID"
JOIN animal_dim ad ON os."Animal ID" = ad."Animal ID"
JOIN outcome_type_dim otd ON os."Outcome" = otd."Outcome Type"
JOIN reproductive_status_dim rsd ON os."Reproductive Status" = rsd."Reproductive Status";

]
(Background on this error at: https://sqlalche.me/e/14/gkpj)
[2023-11-23T03:41:04.694+0000] {python.py:194} INFO - Done. Returned value was: None
[2023-11-23T03:41:04.760+0000] {taskinstance.py:1400} INFO - Marking task as SUCCESS. dag_id=outcomes_dag, task_id=Insert, execution_date=20231116T000000, start_date=20231123T034103, end_date=20231123T034104
[2023-11-23T03:41:05.018+0000] {local_task_job_runner.py:228} INFO - Task exited with return code 0
