[2023-11-23T01:01:38.452+0000] {taskinstance.py:1159} INFO - Dependencies all met for dep_context=non-requeueable deps ti=<TaskInstance: outcomes_dag.Transform scheduled__2023-11-22T00:00:00+00:00 [queued]>
[2023-11-23T01:01:38.456+0000] {taskinstance.py:1159} INFO - Dependencies all met for dep_context=requeueable deps ti=<TaskInstance: outcomes_dag.Transform scheduled__2023-11-22T00:00:00+00:00 [queued]>
[2023-11-23T01:01:38.456+0000] {taskinstance.py:1361} INFO - Starting attempt 2 of 2
[2023-11-23T01:01:38.463+0000] {taskinstance.py:1382} INFO - Executing <Task(PythonOperator): Transform> on 2023-11-22 00:00:00+00:00
[2023-11-23T01:01:38.471+0000] {standard_task_runner.py:57} INFO - Started process 906 to run task
[2023-11-23T01:01:38.474+0000] {standard_task_runner.py:84} INFO - Running: ['***', 'tasks', 'run', 'outcomes_dag', 'Transform', 'scheduled__2023-11-22T00:00:00+00:00', '--job-id', '170', '--raw', '--subdir', 'DAGS_FOLDER/outcomes_dag.py', '--cfg-path', '/tmp/tmpfdgk_d4b']
[2023-11-23T01:01:38.476+0000] {standard_task_runner.py:85} INFO - Job 170: Subtask Transform
[2023-11-23T01:01:38.513+0000] {task_command.py:416} INFO - Running <TaskInstance: outcomes_dag.Transform scheduled__2023-11-22T00:00:00+00:00 [running]> on host 75913536581a
[2023-11-23T01:01:38.561+0000] {taskinstance.py:1662} INFO - Exporting env vars: AIRFLOW_CTX_DAG_OWNER='***' AIRFLOW_CTX_DAG_ID='outcomes_dag' AIRFLOW_CTX_TASK_ID='Transform' AIRFLOW_CTX_EXECUTION_DATE='2023-11-22T00:00:00+00:00' AIRFLOW_CTX_TRY_NUMBER='2' AIRFLOW_CTX_DAG_RUN_ID='scheduled__2023-11-22T00:00:00+00:00'
[2023-11-23T01:01:38.562+0000] {logging_mixin.py:154} INFO - Getting data from Cloud Storage
[2023-11-23T01:01:39.259+0000] {logging_mixin.py:154} INFO - Index(['animal_id', 'name', 'datetime', 'monthyear', 'date_of_birth',
       'outcome_type', 'animal_type', 'sex_upon_outcome', 'age_upon_outcome',
       'breed', 'color', 'outcome_subtype'],
      dtype='object')
[2023-11-23T01:01:40.158+0000] {logging_mixin.py:154} INFO - Data Deposited into Cloud Storage
[2023-11-23T01:01:40.159+0000] {python.py:194} INFO - Done. Returned value was: None
[2023-11-23T01:01:40.174+0000] {taskinstance.py:1400} INFO - Marking task as SUCCESS. dag_id=outcomes_dag, task_id=Transform, execution_date=20231122T000000, start_date=20231123T010138, end_date=20231123T010140
[2023-11-23T01:01:40.228+0000] {local_task_job_runner.py:228} INFO - Task exited with return code 0
[2023-11-23T01:53:57.732+0000] {taskinstance.py:1159} INFO - Dependencies all met for dep_context=non-requeueable deps ti=<TaskInstance: outcomes_dag.Transform scheduled__2023-11-22T00:00:00+00:00 [queued]>
[2023-11-23T01:53:57.736+0000] {taskinstance.py:1159} INFO - Dependencies all met for dep_context=requeueable deps ti=<TaskInstance: outcomes_dag.Transform scheduled__2023-11-22T00:00:00+00:00 [queued]>
[2023-11-23T01:53:57.736+0000] {taskinstance.py:1361} INFO - Starting attempt 2 of 2
[2023-11-23T01:53:57.742+0000] {taskinstance.py:1382} INFO - Executing <Task(PythonOperator): Transform> on 2023-11-22 00:00:00+00:00
[2023-11-23T01:53:57.745+0000] {standard_task_runner.py:57} INFO - Started process 404 to run task
[2023-11-23T01:53:57.749+0000] {standard_task_runner.py:84} INFO - Running: ['***', 'tasks', 'run', 'outcomes_dag', 'Transform', 'scheduled__2023-11-22T00:00:00+00:00', '--job-id', '94', '--raw', '--subdir', 'DAGS_FOLDER/outcomes_dag.py', '--cfg-path', '/tmp/tmpeaqibz8d']
[2023-11-23T01:53:57.751+0000] {standard_task_runner.py:85} INFO - Job 94: Subtask Transform
[2023-11-23T01:53:57.792+0000] {task_command.py:416} INFO - Running <TaskInstance: outcomes_dag.Transform scheduled__2023-11-22T00:00:00+00:00 [running]> on host d15d3caa5b00
[2023-11-23T01:53:57.845+0000] {taskinstance.py:1662} INFO - Exporting env vars: AIRFLOW_CTX_DAG_OWNER='***' AIRFLOW_CTX_DAG_ID='outcomes_dag' AIRFLOW_CTX_TASK_ID='Transform' AIRFLOW_CTX_EXECUTION_DATE='2023-11-22T00:00:00+00:00' AIRFLOW_CTX_TRY_NUMBER='2' AIRFLOW_CTX_DAG_RUN_ID='scheduled__2023-11-22T00:00:00+00:00'
[2023-11-23T01:53:57.846+0000] {logging_mixin.py:154} INFO - Getting data from Cloud Storage
[2023-11-23T01:53:58.246+0000] {logging_mixin.py:154} INFO - Index(['animal_id', 'name', 'datetime', 'monthyear', 'date_of_birth',
       'outcome_type', 'animal_type', 'sex_upon_outcome', 'age_upon_outcome',
       'breed', 'color', 'outcome_subtype'],
      dtype='object')
[2023-11-23T01:53:58.526+0000] {logging_mixin.py:154} INFO - Data Deposited into Cloud Storage
[2023-11-23T01:53:58.528+0000] {python.py:194} INFO - Done. Returned value was: None
[2023-11-23T01:53:58.545+0000] {taskinstance.py:1400} INFO - Marking task as SUCCESS. dag_id=outcomes_dag, task_id=Transform, execution_date=20231122T000000, start_date=20231123T015357, end_date=20231123T015358
[2023-11-23T01:53:58.595+0000] {local_task_job_runner.py:228} INFO - Task exited with return code 0
[2023-11-23T03:02:06.459+0000] {taskinstance.py:1159} INFO - Dependencies all met for dep_context=non-requeueable deps ti=<TaskInstance: outcomes_dag.Transform scheduled__2023-11-22T00:00:00+00:00 [queued]>
[2023-11-23T03:02:06.465+0000] {taskinstance.py:1159} INFO - Dependencies all met for dep_context=requeueable deps ti=<TaskInstance: outcomes_dag.Transform scheduled__2023-11-22T00:00:00+00:00 [queued]>
[2023-11-23T03:02:06.465+0000] {taskinstance.py:1361} INFO - Starting attempt 2 of 2
[2023-11-23T03:02:06.593+0000] {taskinstance.py:1382} INFO - Executing <Task(PythonOperator): Transform> on 2023-11-22 00:00:00+00:00
[2023-11-23T03:02:06.599+0000] {standard_task_runner.py:57} INFO - Started process 226 to run task
[2023-11-23T03:02:06.603+0000] {standard_task_runner.py:84} INFO - Running: ['***', 'tasks', 'run', 'outcomes_dag', 'Transform', 'scheduled__2023-11-22T00:00:00+00:00', '--job-id', '32', '--raw', '--subdir', 'DAGS_FOLDER/outcomes_dag.py', '--cfg-path', '/tmp/tmpmxp9yfd2']
[2023-11-23T03:02:06.606+0000] {standard_task_runner.py:85} INFO - Job 32: Subtask Transform
[2023-11-23T03:02:06.645+0000] {task_command.py:416} INFO - Running <TaskInstance: outcomes_dag.Transform scheduled__2023-11-22T00:00:00+00:00 [running]> on host 1268bd8e5db0
[2023-11-23T03:02:06.700+0000] {taskinstance.py:1662} INFO - Exporting env vars: AIRFLOW_CTX_DAG_OWNER='***' AIRFLOW_CTX_DAG_ID='outcomes_dag' AIRFLOW_CTX_TASK_ID='Transform' AIRFLOW_CTX_EXECUTION_DATE='2023-11-22T00:00:00+00:00' AIRFLOW_CTX_TRY_NUMBER='2' AIRFLOW_CTX_DAG_RUN_ID='scheduled__2023-11-22T00:00:00+00:00'
[2023-11-23T03:02:06.701+0000] {logging_mixin.py:154} INFO - Getting data from Cloud Storage
[2023-11-23T03:02:07.097+0000] {logging_mixin.py:154} INFO - Index(['animal_id', 'name', 'datetime', 'monthyear', 'date_of_birth',
       'outcome_type', 'animal_type', 'sex_upon_outcome', 'age_upon_outcome',
       'breed', 'color', 'outcome_subtype'],
      dtype='object')
[2023-11-23T03:02:07.291+0000] {logging_mixin.py:154} INFO - Data Deposited into Cloud Storage
[2023-11-23T03:02:07.292+0000] {python.py:194} INFO - Done. Returned value was: None
[2023-11-23T03:02:07.304+0000] {taskinstance.py:1400} INFO - Marking task as SUCCESS. dag_id=outcomes_dag, task_id=Transform, execution_date=20231122T000000, start_date=20231123T030206, end_date=20231123T030207
[2023-11-23T03:02:07.359+0000] {local_task_job_runner.py:228} INFO - Task exited with return code 0
