[2023-11-23T00:00:04.792+0000] {taskinstance.py:1159} INFO - Dependencies all met for dep_context=non-requeueable deps ti=<TaskInstance: outcomes_dag.Transform scheduled__2023-11-22T00:00:00+00:00 [queued]>
[2023-11-23T00:00:04.797+0000] {taskinstance.py:1159} INFO - Dependencies all met for dep_context=requeueable deps ti=<TaskInstance: outcomes_dag.Transform scheduled__2023-11-22T00:00:00+00:00 [queued]>
[2023-11-23T00:00:04.797+0000] {taskinstance.py:1361} INFO - Starting attempt 1 of 1
[2023-11-23T00:00:04.803+0000] {taskinstance.py:1382} INFO - Executing <Task(PythonOperator): Transform> on 2023-11-22 00:00:00+00:00
[2023-11-23T00:00:04.808+0000] {standard_task_runner.py:57} INFO - Started process 771 to run task
[2023-11-23T00:00:04.811+0000] {standard_task_runner.py:84} INFO - Running: ['***', 'tasks', 'run', 'outcomes_dag', 'Transform', 'scheduled__2023-11-22T00:00:00+00:00', '--job-id', '154', '--raw', '--subdir', 'DAGS_FOLDER/outcomes_dag.py', '--cfg-path', '/tmp/tmpc0k9xpp0']
[2023-11-23T00:00:04.814+0000] {standard_task_runner.py:85} INFO - Job 154: Subtask Transform
[2023-11-23T00:00:04.849+0000] {task_command.py:416} INFO - Running <TaskInstance: outcomes_dag.Transform scheduled__2023-11-22T00:00:00+00:00 [running]> on host 371cae71aa63
[2023-11-23T00:00:04.895+0000] {taskinstance.py:1662} INFO - Exporting env vars: AIRFLOW_CTX_DAG_OWNER='***' AIRFLOW_CTX_DAG_ID='outcomes_dag' AIRFLOW_CTX_TASK_ID='Transform' AIRFLOW_CTX_EXECUTION_DATE='2023-11-22T00:00:00+00:00' AIRFLOW_CTX_TRY_NUMBER='1' AIRFLOW_CTX_DAG_RUN_ID='scheduled__2023-11-22T00:00:00+00:00'
[2023-11-23T00:00:04.896+0000] {logging_mixin.py:154} INFO - Getting data from Cloud Storage
[2023-11-23T00:00:05.327+0000] {logging_mixin.py:154} INFO - Index(['animal_id', 'name', 'datetime', 'monthyear', 'date_of_birth',
       'outcome_type', 'animal_type', 'sex_upon_outcome', 'age_upon_outcome',
       'breed', 'color', 'outcome_subtype'],
      dtype='object')
[2023-11-23T00:00:05.464+0000] {logging_mixin.py:154} INFO - Data Deposited into Cloud Storage
[2023-11-23T00:00:05.465+0000] {python.py:194} INFO - Done. Returned value was: None
[2023-11-23T00:00:05.473+0000] {taskinstance.py:1400} INFO - Marking task as SUCCESS. dag_id=outcomes_dag, task_id=Transform, execution_date=20231122T000000, start_date=20231123T000004, end_date=20231123T000005
[2023-11-23T00:00:05.527+0000] {local_task_job_runner.py:228} INFO - Task exited with return code 0
[2023-11-23T00:43:10.274+0000] {taskinstance.py:1159} INFO - Dependencies all met for dep_context=non-requeueable deps ti=<TaskInstance: outcomes_dag.Transform scheduled__2023-11-22T00:00:00+00:00 [queued]>
[2023-11-23T00:43:10.279+0000] {taskinstance.py:1159} INFO - Dependencies all met for dep_context=requeueable deps ti=<TaskInstance: outcomes_dag.Transform scheduled__2023-11-22T00:00:00+00:00 [queued]>
[2023-11-23T00:43:10.280+0000] {taskinstance.py:1361} INFO - Starting attempt 1 of 1
[2023-11-23T00:43:10.286+0000] {taskinstance.py:1382} INFO - Executing <Task(PythonOperator): Transform> on 2023-11-22 00:00:00+00:00
[2023-11-23T00:43:10.291+0000] {standard_task_runner.py:57} INFO - Started process 495 to run task
[2023-11-23T00:43:10.294+0000] {standard_task_runner.py:84} INFO - Running: ['***', 'tasks', 'run', 'outcomes_dag', 'Transform', 'scheduled__2023-11-22T00:00:00+00:00', '--job-id', '127', '--raw', '--subdir', 'DAGS_FOLDER/outcomes_dag.py', '--cfg-path', '/tmp/tmpg0hkgjgd']
[2023-11-23T00:43:10.297+0000] {standard_task_runner.py:85} INFO - Job 127: Subtask Transform
[2023-11-23T00:43:10.346+0000] {task_command.py:416} INFO - Running <TaskInstance: outcomes_dag.Transform scheduled__2023-11-22T00:00:00+00:00 [running]> on host 75913536581a
[2023-11-23T00:43:10.395+0000] {taskinstance.py:1662} INFO - Exporting env vars: AIRFLOW_CTX_DAG_OWNER='***' AIRFLOW_CTX_DAG_ID='outcomes_dag' AIRFLOW_CTX_TASK_ID='Transform' AIRFLOW_CTX_EXECUTION_DATE='2023-11-22T00:00:00+00:00' AIRFLOW_CTX_TRY_NUMBER='1' AIRFLOW_CTX_DAG_RUN_ID='scheduled__2023-11-22T00:00:00+00:00'
[2023-11-23T00:43:10.396+0000] {logging_mixin.py:154} INFO - Getting data from Cloud Storage
[2023-11-23T00:43:10.777+0000] {logging_mixin.py:154} INFO - Index(['animal_id', 'name', 'datetime', 'monthyear', 'date_of_birth',
       'outcome_type', 'outcome_subtype', 'animal_type', 'sex_upon_outcome',
       'age_upon_outcome', 'breed', 'color'],
      dtype='object')
[2023-11-23T00:43:11.095+0000] {logging_mixin.py:154} INFO - Data Deposited into Cloud Storage
[2023-11-23T00:43:11.095+0000] {python.py:194} INFO - Done. Returned value was: None
[2023-11-23T00:43:11.107+0000] {taskinstance.py:1400} INFO - Marking task as SUCCESS. dag_id=outcomes_dag, task_id=Transform, execution_date=20231122T000000, start_date=20231123T004310, end_date=20231123T004311
[2023-11-23T00:43:11.157+0000] {local_task_job_runner.py:228} INFO - Task exited with return code 0
[2023-11-23T01:50:02.590+0000] {taskinstance.py:1159} INFO - Dependencies all met for dep_context=non-requeueable deps ti=<TaskInstance: outcomes_dag.Transform scheduled__2023-11-22T00:00:00+00:00 [queued]>
[2023-11-23T01:50:02.606+0000] {taskinstance.py:1159} INFO - Dependencies all met for dep_context=requeueable deps ti=<TaskInstance: outcomes_dag.Transform scheduled__2023-11-22T00:00:00+00:00 [queued]>
[2023-11-23T01:50:02.607+0000] {taskinstance.py:1361} INFO - Starting attempt 1 of 1
[2023-11-23T01:50:02.622+0000] {taskinstance.py:1382} INFO - Executing <Task(PythonOperator): Transform> on 2023-11-22 00:00:00+00:00
[2023-11-23T01:50:02.643+0000] {standard_task_runner.py:57} INFO - Started process 285 to run task
[2023-11-23T01:50:02.657+0000] {standard_task_runner.py:84} INFO - Running: ['***', 'tasks', 'run', 'outcomes_dag', 'Transform', 'scheduled__2023-11-22T00:00:00+00:00', '--job-id', '73', '--raw', '--subdir', 'DAGS_FOLDER/outcomes_dag.py', '--cfg-path', '/tmp/tmpxfjm_1oz']
[2023-11-23T01:50:02.672+0000] {standard_task_runner.py:85} INFO - Job 73: Subtask Transform
[2023-11-23T01:50:02.839+0000] {task_command.py:416} INFO - Running <TaskInstance: outcomes_dag.Transform scheduled__2023-11-22T00:00:00+00:00 [running]> on host d15d3caa5b00
[2023-11-23T01:50:03.004+0000] {taskinstance.py:1662} INFO - Exporting env vars: AIRFLOW_CTX_DAG_OWNER='***' AIRFLOW_CTX_DAG_ID='outcomes_dag' AIRFLOW_CTX_TASK_ID='Transform' AIRFLOW_CTX_EXECUTION_DATE='2023-11-22T00:00:00+00:00' AIRFLOW_CTX_TRY_NUMBER='1' AIRFLOW_CTX_DAG_RUN_ID='scheduled__2023-11-22T00:00:00+00:00'
[2023-11-23T01:50:03.009+0000] {logging_mixin.py:154} INFO - Getting data from Cloud Storage
[2023-11-23T01:50:03.401+0000] {logging_mixin.py:154} INFO - Index(['animal_id', 'name', 'datetime', 'monthyear', 'date_of_birth',
       'outcome_type', 'animal_type', 'sex_upon_outcome', 'age_upon_outcome',
       'breed', 'color', 'outcome_subtype'],
      dtype='object')
[2023-11-23T01:50:03.648+0000] {logging_mixin.py:154} INFO - Data Deposited into Cloud Storage
[2023-11-23T01:50:03.649+0000] {python.py:194} INFO - Done. Returned value was: None
[2023-11-23T01:50:03.672+0000] {taskinstance.py:1400} INFO - Marking task as SUCCESS. dag_id=outcomes_dag, task_id=Transform, execution_date=20231122T000000, start_date=20231123T015002, end_date=20231123T015003
[2023-11-23T01:50:03.736+0000] {local_task_job_runner.py:228} INFO - Task exited with return code 0
[2023-11-23T01:58:39.728+0000] {taskinstance.py:1159} INFO - Dependencies all met for dep_context=non-requeueable deps ti=<TaskInstance: outcomes_dag.Transform scheduled__2023-11-22T00:00:00+00:00 [queued]>
[2023-11-23T01:58:39.733+0000] {taskinstance.py:1159} INFO - Dependencies all met for dep_context=requeueable deps ti=<TaskInstance: outcomes_dag.Transform scheduled__2023-11-22T00:00:00+00:00 [queued]>
[2023-11-23T01:58:39.733+0000] {taskinstance.py:1361} INFO - Starting attempt 1 of 1
[2023-11-23T01:58:39.742+0000] {taskinstance.py:1382} INFO - Executing <Task(PythonOperator): Transform> on 2023-11-22 00:00:00+00:00
[2023-11-23T01:58:39.748+0000] {standard_task_runner.py:57} INFO - Started process 92 to run task
[2023-11-23T01:58:39.752+0000] {standard_task_runner.py:84} INFO - Running: ['***', 'tasks', 'run', 'outcomes_dag', 'Transform', 'scheduled__2023-11-22T00:00:00+00:00', '--job-id', '16', '--raw', '--subdir', 'DAGS_FOLDER/outcomes_dag.py', '--cfg-path', '/tmp/tmpbfqfrqov']
[2023-11-23T01:58:39.755+0000] {standard_task_runner.py:85} INFO - Job 16: Subtask Transform
[2023-11-23T01:58:39.818+0000] {task_command.py:416} INFO - Running <TaskInstance: outcomes_dag.Transform scheduled__2023-11-22T00:00:00+00:00 [running]> on host 3cdc572bc068
[2023-11-23T01:58:39.874+0000] {taskinstance.py:1662} INFO - Exporting env vars: AIRFLOW_CTX_DAG_OWNER='***' AIRFLOW_CTX_DAG_ID='outcomes_dag' AIRFLOW_CTX_TASK_ID='Transform' AIRFLOW_CTX_EXECUTION_DATE='2023-11-22T00:00:00+00:00' AIRFLOW_CTX_TRY_NUMBER='1' AIRFLOW_CTX_DAG_RUN_ID='scheduled__2023-11-22T00:00:00+00:00'
[2023-11-23T01:58:39.875+0000] {logging_mixin.py:154} INFO - Getting data from Cloud Storage
[2023-11-23T01:58:40.271+0000] {logging_mixin.py:154} INFO - Index(['animal_id', 'name', 'datetime', 'monthyear', 'date_of_birth',
       'outcome_type', 'animal_type', 'sex_upon_outcome', 'age_upon_outcome',
       'breed', 'color', 'outcome_subtype'],
      dtype='object')
[2023-11-23T01:58:40.426+0000] {logging_mixin.py:154} INFO - Data Deposited into Cloud Storage
[2023-11-23T01:58:40.427+0000] {python.py:194} INFO - Done. Returned value was: None
[2023-11-23T01:58:40.448+0000] {taskinstance.py:1400} INFO - Marking task as SUCCESS. dag_id=outcomes_dag, task_id=Transform, execution_date=20231122T000000, start_date=20231123T015839, end_date=20231123T015840
[2023-11-23T01:58:40.545+0000] {local_task_job_runner.py:228} INFO - Task exited with return code 0
[2023-11-23T02:59:41.742+0000] {taskinstance.py:1159} INFO - Dependencies all met for dep_context=non-requeueable deps ti=<TaskInstance: outcomes_dag.Transform scheduled__2023-11-22T00:00:00+00:00 [queued]>
[2023-11-23T02:59:41.759+0000] {taskinstance.py:1159} INFO - Dependencies all met for dep_context=requeueable deps ti=<TaskInstance: outcomes_dag.Transform scheduled__2023-11-22T00:00:00+00:00 [queued]>
[2023-11-23T02:59:41.760+0000] {taskinstance.py:1361} INFO - Starting attempt 1 of 1
[2023-11-23T02:59:42.185+0000] {taskinstance.py:1382} INFO - Executing <Task(PythonOperator): Transform> on 2023-11-22 00:00:00+00:00
[2023-11-23T02:59:42.191+0000] {standard_task_runner.py:57} INFO - Started process 143 to run task
[2023-11-23T02:59:42.216+0000] {standard_task_runner.py:84} INFO - Running: ['***', 'tasks', 'run', 'outcomes_dag', 'Transform', 'scheduled__2023-11-22T00:00:00+00:00', '--job-id', '12', '--raw', '--subdir', 'DAGS_FOLDER/outcomes_dag.py', '--cfg-path', '/tmp/tmp3xhy_h7d']
[2023-11-23T02:59:42.221+0000] {standard_task_runner.py:85} INFO - Job 12: Subtask Transform
[2023-11-23T02:59:42.335+0000] {task_command.py:416} INFO - Running <TaskInstance: outcomes_dag.Transform scheduled__2023-11-22T00:00:00+00:00 [running]> on host 1268bd8e5db0
[2023-11-23T02:59:42.514+0000] {taskinstance.py:1662} INFO - Exporting env vars: AIRFLOW_CTX_DAG_OWNER='***' AIRFLOW_CTX_DAG_ID='outcomes_dag' AIRFLOW_CTX_TASK_ID='Transform' AIRFLOW_CTX_EXECUTION_DATE='2023-11-22T00:00:00+00:00' AIRFLOW_CTX_TRY_NUMBER='1' AIRFLOW_CTX_DAG_RUN_ID='scheduled__2023-11-22T00:00:00+00:00'
[2023-11-23T02:59:42.521+0000] {logging_mixin.py:154} INFO - Getting data from Cloud Storage
[2023-11-23T02:59:43.064+0000] {logging_mixin.py:154} INFO - Index(['animal_id', 'name', 'datetime', 'monthyear', 'date_of_birth',
       'outcome_type', 'animal_type', 'sex_upon_outcome', 'age_upon_outcome',
       'breed', 'color', 'outcome_subtype'],
      dtype='object')
[2023-11-23T02:59:43.292+0000] {logging_mixin.py:154} INFO - Data Deposited into Cloud Storage
[2023-11-23T02:59:43.293+0000] {python.py:194} INFO - Done. Returned value was: None
[2023-11-23T02:59:43.306+0000] {taskinstance.py:1400} INFO - Marking task as SUCCESS. dag_id=outcomes_dag, task_id=Transform, execution_date=20231122T000000, start_date=20231123T025941, end_date=20231123T025943
[2023-11-23T02:59:43.341+0000] {local_task_job_runner.py:228} INFO - Task exited with return code 0
[2023-11-23T03:42:07.303+0000] {taskinstance.py:1159} INFO - Dependencies all met for dep_context=non-requeueable deps ti=<TaskInstance: outcomes_dag.Transform scheduled__2023-11-22T00:00:00+00:00 [queued]>
[2023-11-23T03:42:07.310+0000] {taskinstance.py:1159} INFO - Dependencies all met for dep_context=requeueable deps ti=<TaskInstance: outcomes_dag.Transform scheduled__2023-11-22T00:00:00+00:00 [queued]>
[2023-11-23T03:42:07.310+0000] {taskinstance.py:1361} INFO - Starting attempt 1 of 1
[2023-11-23T03:42:07.318+0000] {taskinstance.py:1382} INFO - Executing <Task(PythonOperator): Transform> on 2023-11-22 00:00:00+00:00
[2023-11-23T03:42:07.326+0000] {standard_task_runner.py:57} INFO - Started process 539 to run task
[2023-11-23T03:42:07.331+0000] {standard_task_runner.py:84} INFO - Running: ['***', 'tasks', 'run', 'outcomes_dag', 'Transform', 'scheduled__2023-11-22T00:00:00+00:00', '--job-id', '157', '--raw', '--subdir', 'DAGS_FOLDER/outcomes_dag.py', '--cfg-path', '/tmp/tmp_irgs5ed']
[2023-11-23T03:42:07.343+0000] {standard_task_runner.py:85} INFO - Job 157: Subtask Transform
[2023-11-23T03:42:07.416+0000] {task_command.py:416} INFO - Running <TaskInstance: outcomes_dag.Transform scheduled__2023-11-22T00:00:00+00:00 [running]> on host e647c96745b0
[2023-11-23T03:42:07.493+0000] {taskinstance.py:1662} INFO - Exporting env vars: AIRFLOW_CTX_DAG_OWNER='***' AIRFLOW_CTX_DAG_ID='outcomes_dag' AIRFLOW_CTX_TASK_ID='Transform' AIRFLOW_CTX_EXECUTION_DATE='2023-11-22T00:00:00+00:00' AIRFLOW_CTX_TRY_NUMBER='1' AIRFLOW_CTX_DAG_RUN_ID='scheduled__2023-11-22T00:00:00+00:00'
[2023-11-23T03:42:07.496+0000] {logging_mixin.py:154} INFO - Getting data from Cloud Storage
[2023-11-23T03:42:07.978+0000] {logging_mixin.py:154} INFO - Index(['animal_id', 'name', 'datetime', 'monthyear', 'date_of_birth',
       'outcome_type', 'outcome_subtype', 'animal_type', 'sex_upon_outcome',
       'age_upon_outcome', 'breed', 'color'],
      dtype='object')
[2023-11-23T03:42:08.307+0000] {logging_mixin.py:154} INFO - Data Deposited into Cloud Storage
[2023-11-23T03:42:08.311+0000] {python.py:194} INFO - Done. Returned value was: None
[2023-11-23T03:42:08.347+0000] {taskinstance.py:1400} INFO - Marking task as SUCCESS. dag_id=outcomes_dag, task_id=Transform, execution_date=20231122T000000, start_date=20231123T034207, end_date=20231123T034208
[2023-11-23T03:42:08.481+0000] {local_task_job_runner.py:228} INFO - Task exited with return code 0
