[2023-11-21T01:20:44.040+0000] {taskinstance.py:1159} INFO - Dependencies all met for dep_context=non-requeueable deps ti=<TaskInstance: outcomes_dag.transform scheduled__2023-11-06T00:00:00+00:00 [queued]>
[2023-11-21T01:20:44.230+0000] {taskinstance.py:1159} INFO - Dependencies all met for dep_context=requeueable deps ti=<TaskInstance: outcomes_dag.transform scheduled__2023-11-06T00:00:00+00:00 [queued]>
[2023-11-21T01:20:44.247+0000] {taskinstance.py:1361} INFO - Starting attempt 1 of 1
[2023-11-21T01:20:44.489+0000] {taskinstance.py:1382} INFO - Executing <Task(PythonOperator): transform> on 2023-11-06 00:00:00+00:00
[2023-11-21T01:20:45.192+0000] {standard_task_runner.py:57} INFO - Started process 183 to run task
[2023-11-21T01:20:45.277+0000] {standard_task_runner.py:84} INFO - Running: ['***', 'tasks', 'run', 'outcomes_dag', 'transform', 'scheduled__2023-11-06T00:00:00+00:00', '--job-id', '31', '--raw', '--subdir', 'DAGS_FOLDER/outcomes_dag.py', '--cfg-path', '/tmp/tmpsmt6iot3']
[2023-11-21T01:20:45.349+0000] {standard_task_runner.py:85} INFO - Job 31: Subtask transform
[2023-11-21T01:20:45.949+0000] {task_command.py:416} INFO - Running <TaskInstance: outcomes_dag.transform scheduled__2023-11-06T00:00:00+00:00 [running]> on host f31a30014ab0
[2023-11-21T01:21:00.196+0000] {taskinstance.py:1662} INFO - Exporting env vars: AIRFLOW_CTX_DAG_OWNER='***' AIRFLOW_CTX_DAG_ID='outcomes_dag' AIRFLOW_CTX_TASK_ID='transform' AIRFLOW_CTX_EXECUTION_DATE='2023-11-06T00:00:00+00:00' AIRFLOW_CTX_TRY_NUMBER='1' AIRFLOW_CTX_DAG_RUN_ID='scheduled__2023-11-06T00:00:00+00:00'
[2023-11-21T01:21:01.052+0000] {python.py:194} INFO - Done. Returned value was: None
[2023-11-21T01:21:01.227+0000] {taskinstance.py:1400} INFO - Marking task as SUCCESS. dag_id=outcomes_dag, task_id=transform, execution_date=20231106T000000, start_date=20231121T012044, end_date=20231121T012101
[2023-11-21T01:21:01.616+0000] {local_task_job_runner.py:228} INFO - Task exited with return code 0
[2023-11-21T01:21:01.680+0000] {taskinstance.py:2778} INFO - 0 downstream tasks scheduled from follow-on schedule check
[2023-11-21T02:36:20.429+0000] {taskinstance.py:1159} INFO - Dependencies all met for dep_context=non-requeueable deps ti=<TaskInstance: outcomes_dag.transform scheduled__2023-11-06T00:00:00+00:00 [queued]>
[2023-11-21T02:36:20.448+0000] {taskinstance.py:1159} INFO - Dependencies all met for dep_context=requeueable deps ti=<TaskInstance: outcomes_dag.transform scheduled__2023-11-06T00:00:00+00:00 [queued]>
[2023-11-21T02:36:20.457+0000] {taskinstance.py:1361} INFO - Starting attempt 1 of 1
[2023-11-21T02:36:20.486+0000] {taskinstance.py:1382} INFO - Executing <Task(PythonOperator): transform> on 2023-11-06 00:00:00+00:00
[2023-11-21T02:36:20.537+0000] {standard_task_runner.py:57} INFO - Started process 190 to run task
[2023-11-21T02:36:20.648+0000] {standard_task_runner.py:84} INFO - Running: ['***', 'tasks', 'run', 'outcomes_dag', 'transform', 'scheduled__2023-11-06T00:00:00+00:00', '--job-id', '33', '--raw', '--subdir', 'DAGS_FOLDER/outcomes_dag.py', '--cfg-path', '/tmp/tmpphf57__x']
[2023-11-21T02:36:20.698+0000] {standard_task_runner.py:85} INFO - Job 33: Subtask transform
[2023-11-21T02:36:20.896+0000] {task_command.py:416} INFO - Running <TaskInstance: outcomes_dag.transform scheduled__2023-11-06T00:00:00+00:00 [running]> on host b875fa978b1e
[2023-11-21T02:36:22.634+0000] {taskinstance.py:1662} INFO - Exporting env vars: AIRFLOW_CTX_DAG_OWNER='***' AIRFLOW_CTX_DAG_ID='outcomes_dag' AIRFLOW_CTX_TASK_ID='transform' AIRFLOW_CTX_EXECUTION_DATE='2023-11-06T00:00:00+00:00' AIRFLOW_CTX_TRY_NUMBER='1' AIRFLOW_CTX_DAG_RUN_ID='scheduled__2023-11-06T00:00:00+00:00'
[2023-11-21T02:36:22.868+0000] {python.py:194} INFO - Done. Returned value was: None
[2023-11-21T02:36:22.899+0000] {taskinstance.py:1400} INFO - Marking task as SUCCESS. dag_id=outcomes_dag, task_id=transform, execution_date=20231106T000000, start_date=20231121T023620, end_date=20231121T023622
[2023-11-21T02:36:23.016+0000] {local_task_job_runner.py:228} INFO - Task exited with return code 0
[2023-11-21T02:36:23.074+0000] {taskinstance.py:2778} INFO - 0 downstream tasks scheduled from follow-on schedule check
[2023-11-22T07:54:01.141+0000] {taskinstance.py:1159} INFO - Dependencies all met for dep_context=non-requeueable deps ti=<TaskInstance: outcomes_dag.Transform scheduled__2023-11-06T00:00:00+00:00 [queued]>
[2023-11-22T07:54:01.186+0000] {taskinstance.py:1159} INFO - Dependencies all met for dep_context=requeueable deps ti=<TaskInstance: outcomes_dag.Transform scheduled__2023-11-06T00:00:00+00:00 [queued]>
[2023-11-22T07:54:01.186+0000] {taskinstance.py:1361} INFO - Starting attempt 1 of 1
[2023-11-22T07:54:01.216+0000] {taskinstance.py:1382} INFO - Executing <Task(PythonOperator): Transform> on 2023-11-06 00:00:00+00:00
[2023-11-22T07:54:01.334+0000] {standard_task_runner.py:57} INFO - Started process 348 to run task
[2023-11-22T07:54:01.374+0000] {standard_task_runner.py:84} INFO - Running: ['***', 'tasks', 'run', 'outcomes_dag', 'Transform', 'scheduled__2023-11-06T00:00:00+00:00', '--job-id', '34', '--raw', '--subdir', 'DAGS_FOLDER/outcomes_dag.py', '--cfg-path', '/tmp/tmpg1ujvjy7']
[2023-11-22T07:54:01.428+0000] {standard_task_runner.py:85} INFO - Job 34: Subtask Transform
[2023-11-22T07:54:01.731+0000] {task_command.py:416} INFO - Running <TaskInstance: outcomes_dag.Transform scheduled__2023-11-06T00:00:00+00:00 [running]> on host 6318e996d951
[2023-11-22T07:54:02.000+0000] {taskinstance.py:1662} INFO - Exporting env vars: AIRFLOW_CTX_DAG_OWNER='***' AIRFLOW_CTX_DAG_ID='outcomes_dag' AIRFLOW_CTX_TASK_ID='Transform' AIRFLOW_CTX_EXECUTION_DATE='2023-11-06T00:00:00+00:00' AIRFLOW_CTX_TRY_NUMBER='1' AIRFLOW_CTX_DAG_RUN_ID='scheduled__2023-11-06T00:00:00+00:00'
[2023-11-22T07:54:02.027+0000] {logging_mixin.py:154} INFO - Getting data from Cloud Storage
[2023-11-22T07:54:02.888+0000] {logging_mixin.py:154} INFO - Index(['animal_id', 'datetime', 'monthyear', 'date_of_birth', 'outcome_type',
       'animal_type', 'sex_upon_outcome', 'age_upon_outcome', 'breed', 'color',
       'outcome_subtype', 'name'],
      dtype='object')
[2023-11-22T07:54:03.388+0000] {logging_mixin.py:154} INFO - Data Deposited into Cloud Storage
[2023-11-22T07:54:03.389+0000] {python.py:194} INFO - Done. Returned value was: None
[2023-11-22T07:54:03.513+0000] {taskinstance.py:1400} INFO - Marking task as SUCCESS. dag_id=outcomes_dag, task_id=Transform, execution_date=20231106T000000, start_date=20231122T075401, end_date=20231122T075403
[2023-11-22T07:54:03.697+0000] {local_task_job_runner.py:228} INFO - Task exited with return code 0
[2023-11-22T22:41:29.363+0000] {taskinstance.py:1159} INFO - Dependencies all met for dep_context=non-requeueable deps ti=<TaskInstance: outcomes_dag.Transform scheduled__2023-11-06T00:00:00+00:00 [queued]>
[2023-11-22T22:41:29.430+0000] {taskinstance.py:1159} INFO - Dependencies all met for dep_context=requeueable deps ti=<TaskInstance: outcomes_dag.Transform scheduled__2023-11-06T00:00:00+00:00 [queued]>
[2023-11-22T22:41:29.431+0000] {taskinstance.py:1361} INFO - Starting attempt 1 of 1
[2023-11-22T22:41:29.490+0000] {taskinstance.py:1382} INFO - Executing <Task(PythonOperator): Transform> on 2023-11-06 00:00:00+00:00
[2023-11-22T22:41:29.527+0000] {standard_task_runner.py:57} INFO - Started process 190 to run task
[2023-11-22T22:41:29.538+0000] {standard_task_runner.py:84} INFO - Running: ['***', 'tasks', 'run', 'outcomes_dag', 'Transform', 'scheduled__2023-11-06T00:00:00+00:00', '--job-id', '33', '--raw', '--subdir', 'DAGS_FOLDER/outcomes_dag.py', '--cfg-path', '/tmp/tmpmb8o26sx']
[2023-11-22T22:41:29.545+0000] {standard_task_runner.py:85} INFO - Job 33: Subtask Transform
[2023-11-22T22:41:29.767+0000] {task_command.py:416} INFO - Running <TaskInstance: outcomes_dag.Transform scheduled__2023-11-06T00:00:00+00:00 [running]> on host 8ac13583809b
[2023-11-22T22:41:30.089+0000] {taskinstance.py:1662} INFO - Exporting env vars: AIRFLOW_CTX_DAG_OWNER='***' AIRFLOW_CTX_DAG_ID='outcomes_dag' AIRFLOW_CTX_TASK_ID='Transform' AIRFLOW_CTX_EXECUTION_DATE='2023-11-06T00:00:00+00:00' AIRFLOW_CTX_TRY_NUMBER='1' AIRFLOW_CTX_DAG_RUN_ID='scheduled__2023-11-06T00:00:00+00:00'
[2023-11-22T22:41:30.093+0000] {logging_mixin.py:154} INFO - Getting data from Cloud Storage
[2023-11-22T22:41:30.644+0000] {logging_mixin.py:154} INFO - Index(['animal_id', 'datetime', 'monthyear', 'date_of_birth', 'outcome_type',
       'outcome_subtype', 'animal_type', 'sex_upon_outcome',
       'age_upon_outcome', 'breed', 'color', 'name'],
      dtype='object')
[2023-11-22T22:41:30.887+0000] {logging_mixin.py:154} INFO - Data Deposited into Cloud Storage
[2023-11-22T22:41:30.887+0000] {python.py:194} INFO - Done. Returned value was: None
[2023-11-22T22:41:30.931+0000] {taskinstance.py:1400} INFO - Marking task as SUCCESS. dag_id=outcomes_dag, task_id=Transform, execution_date=20231106T000000, start_date=20231122T224129, end_date=20231122T224130
[2023-11-22T22:41:31.199+0000] {local_task_job_runner.py:228} INFO - Task exited with return code 0
[2023-11-22T22:59:47.862+0000] {taskinstance.py:1159} INFO - Dependencies all met for dep_context=non-requeueable deps ti=<TaskInstance: outcomes_dag.Transform scheduled__2023-11-06T00:00:00+00:00 [queued]>
[2023-11-22T22:59:47.887+0000] {taskinstance.py:1159} INFO - Dependencies all met for dep_context=requeueable deps ti=<TaskInstance: outcomes_dag.Transform scheduled__2023-11-06T00:00:00+00:00 [queued]>
[2023-11-22T22:59:47.894+0000] {taskinstance.py:1361} INFO - Starting attempt 1 of 1
[2023-11-22T22:59:47.960+0000] {taskinstance.py:1382} INFO - Executing <Task(PythonOperator): Transform> on 2023-11-06 00:00:00+00:00
[2023-11-22T22:59:48.011+0000] {standard_task_runner.py:57} INFO - Started process 145 to run task
[2023-11-22T22:59:48.019+0000] {standard_task_runner.py:84} INFO - Running: ['***', 'tasks', 'run', 'outcomes_dag', 'Transform', 'scheduled__2023-11-06T00:00:00+00:00', '--job-id', '25', '--raw', '--subdir', 'DAGS_FOLDER/outcomes_dag.py', '--cfg-path', '/tmp/tmpc4w3kfsa']
[2023-11-22T22:59:48.026+0000] {standard_task_runner.py:85} INFO - Job 25: Subtask Transform
[2023-11-22T22:59:48.184+0000] {task_command.py:416} INFO - Running <TaskInstance: outcomes_dag.Transform scheduled__2023-11-06T00:00:00+00:00 [running]> on host 4b2f5af281f8
[2023-11-22T22:59:48.303+0000] {taskinstance.py:1662} INFO - Exporting env vars: AIRFLOW_CTX_DAG_OWNER='***' AIRFLOW_CTX_DAG_ID='outcomes_dag' AIRFLOW_CTX_TASK_ID='Transform' AIRFLOW_CTX_EXECUTION_DATE='2023-11-06T00:00:00+00:00' AIRFLOW_CTX_TRY_NUMBER='1' AIRFLOW_CTX_DAG_RUN_ID='scheduled__2023-11-06T00:00:00+00:00'
[2023-11-22T22:59:48.307+0000] {logging_mixin.py:154} INFO - Getting data from Cloud Storage
[2023-11-22T22:59:51.418+0000] {logging_mixin.py:154} INFO - Index(['animal_id', 'datetime', 'monthyear', 'date_of_birth', 'outcome_type',
       'outcome_subtype', 'animal_type', 'sex_upon_outcome',
       'age_upon_outcome', 'breed', 'color', 'name'],
      dtype='object')
[2023-11-22T22:59:52.315+0000] {logging_mixin.py:154} INFO - Data Deposited into Cloud Storage
[2023-11-22T22:59:52.318+0000] {python.py:194} INFO - Done. Returned value was: None
[2023-11-22T22:59:52.373+0000] {taskinstance.py:1400} INFO - Marking task as SUCCESS. dag_id=outcomes_dag, task_id=Transform, execution_date=20231106T000000, start_date=20231122T225947, end_date=20231122T225952
[2023-11-22T22:59:52.412+0000] {local_task_job_runner.py:228} INFO - Task exited with return code 0
[2023-11-22T23:20:15.021+0000] {taskinstance.py:1159} INFO - Dependencies all met for dep_context=non-requeueable deps ti=<TaskInstance: outcomes_dag.Transform scheduled__2023-11-06T00:00:00+00:00 [queued]>
[2023-11-22T23:20:15.040+0000] {taskinstance.py:1159} INFO - Dependencies all met for dep_context=requeueable deps ti=<TaskInstance: outcomes_dag.Transform scheduled__2023-11-06T00:00:00+00:00 [queued]>
[2023-11-22T23:20:15.048+0000] {taskinstance.py:1361} INFO - Starting attempt 1 of 1
[2023-11-22T23:20:15.076+0000] {taskinstance.py:1382} INFO - Executing <Task(PythonOperator): Transform> on 2023-11-06 00:00:00+00:00
[2023-11-22T23:20:15.182+0000] {standard_task_runner.py:57} INFO - Started process 140 to run task
[2023-11-22T23:20:15.223+0000] {standard_task_runner.py:84} INFO - Running: ['***', 'tasks', 'run', 'outcomes_dag', 'Transform', 'scheduled__2023-11-06T00:00:00+00:00', '--job-id', '21', '--raw', '--subdir', 'DAGS_FOLDER/outcomes_dag.py', '--cfg-path', '/tmp/tmpcrhfj6wb']
[2023-11-22T23:20:15.232+0000] {standard_task_runner.py:85} INFO - Job 21: Subtask Transform
[2023-11-22T23:20:15.426+0000] {task_command.py:416} INFO - Running <TaskInstance: outcomes_dag.Transform scheduled__2023-11-06T00:00:00+00:00 [running]> on host b410bfb4af5e
[2023-11-22T23:20:15.678+0000] {taskinstance.py:1662} INFO - Exporting env vars: AIRFLOW_CTX_DAG_OWNER='***' AIRFLOW_CTX_DAG_ID='outcomes_dag' AIRFLOW_CTX_TASK_ID='Transform' AIRFLOW_CTX_EXECUTION_DATE='2023-11-06T00:00:00+00:00' AIRFLOW_CTX_TRY_NUMBER='1' AIRFLOW_CTX_DAG_RUN_ID='scheduled__2023-11-06T00:00:00+00:00'
[2023-11-22T23:20:15.685+0000] {logging_mixin.py:154} INFO - Getting data from Cloud Storage
[2023-11-22T23:20:16.774+0000] {logging_mixin.py:154} INFO - Index(['animal_id', 'datetime', 'monthyear', 'date_of_birth', 'outcome_type',
       'animal_type', 'sex_upon_outcome', 'age_upon_outcome', 'breed', 'color',
       'outcome_subtype', 'name'],
      dtype='object')
[2023-11-22T23:20:16.990+0000] {logging_mixin.py:154} INFO - Data Deposited into Cloud Storage
[2023-11-22T23:20:16.991+0000] {python.py:194} INFO - Done. Returned value was: None
[2023-11-22T23:20:17.049+0000] {taskinstance.py:1400} INFO - Marking task as SUCCESS. dag_id=outcomes_dag, task_id=Transform, execution_date=20231106T000000, start_date=20231122T232015, end_date=20231122T232017
[2023-11-22T23:20:17.089+0000] {local_task_job_runner.py:228} INFO - Task exited with return code 0
[2023-11-22T23:43:00.342+0000] {taskinstance.py:1159} INFO - Dependencies all met for dep_context=non-requeueable deps ti=<TaskInstance: outcomes_dag.Transform scheduled__2023-11-06T00:00:00+00:00 [queued]>
[2023-11-22T23:43:00.371+0000] {taskinstance.py:1159} INFO - Dependencies all met for dep_context=requeueable deps ti=<TaskInstance: outcomes_dag.Transform scheduled__2023-11-06T00:00:00+00:00 [queued]>
[2023-11-22T23:43:00.376+0000] {taskinstance.py:1361} INFO - Starting attempt 1 of 1
[2023-11-22T23:43:00.432+0000] {taskinstance.py:1382} INFO - Executing <Task(PythonOperator): Transform> on 2023-11-06 00:00:00+00:00
[2023-11-22T23:43:00.464+0000] {standard_task_runner.py:57} INFO - Started process 143 to run task
[2023-11-22T23:43:00.498+0000] {standard_task_runner.py:84} INFO - Running: ['***', 'tasks', 'run', 'outcomes_dag', 'Transform', 'scheduled__2023-11-06T00:00:00+00:00', '--job-id', '24', '--raw', '--subdir', 'DAGS_FOLDER/outcomes_dag.py', '--cfg-path', '/tmp/tmpo0fyoe5t']
[2023-11-22T23:43:00.502+0000] {standard_task_runner.py:85} INFO - Job 24: Subtask Transform
[2023-11-22T23:43:00.789+0000] {task_command.py:416} INFO - Running <TaskInstance: outcomes_dag.Transform scheduled__2023-11-06T00:00:00+00:00 [running]> on host 371cae71aa63
[2023-11-22T23:43:01.060+0000] {taskinstance.py:1662} INFO - Exporting env vars: AIRFLOW_CTX_DAG_OWNER='***' AIRFLOW_CTX_DAG_ID='outcomes_dag' AIRFLOW_CTX_TASK_ID='Transform' AIRFLOW_CTX_EXECUTION_DATE='2023-11-06T00:00:00+00:00' AIRFLOW_CTX_TRY_NUMBER='1' AIRFLOW_CTX_DAG_RUN_ID='scheduled__2023-11-06T00:00:00+00:00'
[2023-11-22T23:43:01.075+0000] {logging_mixin.py:154} INFO - Getting data from Cloud Storage
[2023-11-22T23:43:01.611+0000] {logging_mixin.py:154} INFO - Index(['animal_id', 'datetime', 'monthyear', 'date_of_birth', 'outcome_type',
       'outcome_subtype', 'animal_type', 'sex_upon_outcome',
       'age_upon_outcome', 'breed', 'color', 'name'],
      dtype='object')
[2023-11-22T23:43:01.938+0000] {logging_mixin.py:154} INFO - Data Deposited into Cloud Storage
[2023-11-22T23:43:01.991+0000] {python.py:194} INFO - Done. Returned value was: None
[2023-11-22T23:43:02.220+0000] {taskinstance.py:1400} INFO - Marking task as SUCCESS. dag_id=outcomes_dag, task_id=Transform, execution_date=20231106T000000, start_date=20231122T234300, end_date=20231122T234302
[2023-11-22T23:43:02.474+0000] {local_task_job_runner.py:228} INFO - Task exited with return code 0
[2023-11-23T00:39:26.257+0000] {taskinstance.py:1159} INFO - Dependencies all met for dep_context=non-requeueable deps ti=<TaskInstance: outcomes_dag.Transform scheduled__2023-11-06T00:00:00+00:00 [queued]>
[2023-11-23T00:39:26.278+0000] {taskinstance.py:1159} INFO - Dependencies all met for dep_context=requeueable deps ti=<TaskInstance: outcomes_dag.Transform scheduled__2023-11-06T00:00:00+00:00 [queued]>
[2023-11-23T00:39:26.283+0000] {taskinstance.py:1361} INFO - Starting attempt 1 of 1
[2023-11-23T00:39:26.328+0000] {taskinstance.py:1382} INFO - Executing <Task(PythonOperator): Transform> on 2023-11-06 00:00:00+00:00
[2023-11-23T00:39:26.387+0000] {standard_task_runner.py:57} INFO - Started process 151 to run task
[2023-11-23T00:39:26.475+0000] {standard_task_runner.py:84} INFO - Running: ['***', 'tasks', 'run', 'outcomes_dag', 'Transform', 'scheduled__2023-11-06T00:00:00+00:00', '--job-id', '24', '--raw', '--subdir', 'DAGS_FOLDER/outcomes_dag.py', '--cfg-path', '/tmp/tmp026wn7y9']
[2023-11-23T00:39:26.546+0000] {standard_task_runner.py:85} INFO - Job 24: Subtask Transform
[2023-11-23T00:39:26.731+0000] {task_command.py:416} INFO - Running <TaskInstance: outcomes_dag.Transform scheduled__2023-11-06T00:00:00+00:00 [running]> on host 75913536581a
[2023-11-23T00:39:26.920+0000] {taskinstance.py:1662} INFO - Exporting env vars: AIRFLOW_CTX_DAG_OWNER='***' AIRFLOW_CTX_DAG_ID='outcomes_dag' AIRFLOW_CTX_TASK_ID='Transform' AIRFLOW_CTX_EXECUTION_DATE='2023-11-06T00:00:00+00:00' AIRFLOW_CTX_TRY_NUMBER='1' AIRFLOW_CTX_DAG_RUN_ID='scheduled__2023-11-06T00:00:00+00:00'
[2023-11-23T00:39:26.926+0000] {logging_mixin.py:154} INFO - Getting data from Cloud Storage
[2023-11-23T00:39:27.429+0000] {logging_mixin.py:154} INFO - Index(['animal_id', 'datetime', 'monthyear', 'date_of_birth', 'outcome_type',
       'outcome_subtype', 'animal_type', 'sex_upon_outcome',
       'age_upon_outcome', 'breed', 'color', 'name'],
      dtype='object')
[2023-11-23T00:39:27.764+0000] {logging_mixin.py:154} INFO - Data Deposited into Cloud Storage
[2023-11-23T00:39:27.775+0000] {python.py:194} INFO - Done. Returned value was: None
[2023-11-23T00:39:27.832+0000] {taskinstance.py:1400} INFO - Marking task as SUCCESS. dag_id=outcomes_dag, task_id=Transform, execution_date=20231106T000000, start_date=20231123T003926, end_date=20231123T003927
[2023-11-23T00:39:27.969+0000] {local_task_job_runner.py:228} INFO - Task exited with return code 0
[2023-11-23T01:49:30.445+0000] {taskinstance.py:1159} INFO - Dependencies all met for dep_context=non-requeueable deps ti=<TaskInstance: outcomes_dag.Transform scheduled__2023-11-06T00:00:00+00:00 [queued]>
[2023-11-23T01:49:30.479+0000] {taskinstance.py:1159} INFO - Dependencies all met for dep_context=requeueable deps ti=<TaskInstance: outcomes_dag.Transform scheduled__2023-11-06T00:00:00+00:00 [queued]>
[2023-11-23T01:49:30.488+0000] {taskinstance.py:1361} INFO - Starting attempt 1 of 1
[2023-11-23T01:49:30.548+0000] {taskinstance.py:1382} INFO - Executing <Task(PythonOperator): Transform> on 2023-11-06 00:00:00+00:00
[2023-11-23T01:49:30.590+0000] {standard_task_runner.py:57} INFO - Started process 146 to run task
[2023-11-23T01:49:30.645+0000] {standard_task_runner.py:84} INFO - Running: ['***', 'tasks', 'run', 'outcomes_dag', 'Transform', 'scheduled__2023-11-06T00:00:00+00:00', '--job-id', '19', '--raw', '--subdir', 'DAGS_FOLDER/outcomes_dag.py', '--cfg-path', '/tmp/tmp0o_wptvf']
[2023-11-23T01:49:30.678+0000] {standard_task_runner.py:85} INFO - Job 19: Subtask Transform
[2023-11-23T01:49:31.000+0000] {task_command.py:416} INFO - Running <TaskInstance: outcomes_dag.Transform scheduled__2023-11-06T00:00:00+00:00 [running]> on host d15d3caa5b00
[2023-11-23T01:49:31.311+0000] {taskinstance.py:1662} INFO - Exporting env vars: AIRFLOW_CTX_DAG_OWNER='***' AIRFLOW_CTX_DAG_ID='outcomes_dag' AIRFLOW_CTX_TASK_ID='Transform' AIRFLOW_CTX_EXECUTION_DATE='2023-11-06T00:00:00+00:00' AIRFLOW_CTX_TRY_NUMBER='1' AIRFLOW_CTX_DAG_RUN_ID='scheduled__2023-11-06T00:00:00+00:00'
[2023-11-23T01:49:31.315+0000] {logging_mixin.py:154} INFO - Getting data from Cloud Storage
[2023-11-23T01:49:31.973+0000] {logging_mixin.py:154} INFO - Index(['animal_id', 'datetime', 'monthyear', 'date_of_birth', 'outcome_type',
       'outcome_subtype', 'animal_type', 'sex_upon_outcome',
       'age_upon_outcome', 'breed', 'color', 'name'],
      dtype='object')
[2023-11-23T01:49:32.420+0000] {logging_mixin.py:154} INFO - Data Deposited into Cloud Storage
[2023-11-23T01:49:32.422+0000] {python.py:194} INFO - Done. Returned value was: None
[2023-11-23T01:49:32.546+0000] {taskinstance.py:1400} INFO - Marking task as SUCCESS. dag_id=outcomes_dag, task_id=Transform, execution_date=20231106T000000, start_date=20231123T014930, end_date=20231123T014932
[2023-11-23T01:49:32.684+0000] {local_task_job_runner.py:228} INFO - Task exited with return code 0
[2023-11-23T03:40:41.990+0000] {taskinstance.py:1159} INFO - Dependencies all met for dep_context=non-requeueable deps ti=<TaskInstance: outcomes_dag.Transform scheduled__2023-11-06T00:00:00+00:00 [queued]>
[2023-11-23T03:40:42.083+0000] {taskinstance.py:1159} INFO - Dependencies all met for dep_context=requeueable deps ti=<TaskInstance: outcomes_dag.Transform scheduled__2023-11-06T00:00:00+00:00 [queued]>
[2023-11-23T03:40:42.100+0000] {taskinstance.py:1361} INFO - Starting attempt 1 of 1
[2023-11-23T03:40:42.200+0000] {taskinstance.py:1382} INFO - Executing <Task(PythonOperator): Transform> on 2023-11-06 00:00:00+00:00
[2023-11-23T03:40:42.250+0000] {standard_task_runner.py:57} INFO - Started process 142 to run task
[2023-11-23T03:40:42.316+0000] {standard_task_runner.py:84} INFO - Running: ['***', 'tasks', 'run', 'outcomes_dag', 'Transform', 'scheduled__2023-11-06T00:00:00+00:00', '--job-id', '22', '--raw', '--subdir', 'DAGS_FOLDER/outcomes_dag.py', '--cfg-path', '/tmp/tmpoiexsgv0']
[2023-11-23T03:40:42.403+0000] {standard_task_runner.py:85} INFO - Job 22: Subtask Transform
[2023-11-23T03:40:42.761+0000] {task_command.py:416} INFO - Running <TaskInstance: outcomes_dag.Transform scheduled__2023-11-06T00:00:00+00:00 [running]> on host e647c96745b0
[2023-11-23T03:40:43.004+0000] {taskinstance.py:1662} INFO - Exporting env vars: AIRFLOW_CTX_DAG_OWNER='***' AIRFLOW_CTX_DAG_ID='outcomes_dag' AIRFLOW_CTX_TASK_ID='Transform' AIRFLOW_CTX_EXECUTION_DATE='2023-11-06T00:00:00+00:00' AIRFLOW_CTX_TRY_NUMBER='1' AIRFLOW_CTX_DAG_RUN_ID='scheduled__2023-11-06T00:00:00+00:00'
[2023-11-23T03:40:43.008+0000] {logging_mixin.py:154} INFO - Getting data from Cloud Storage
[2023-11-23T03:40:43.660+0000] {logging_mixin.py:154} INFO - Index(['animal_id', 'datetime', 'monthyear', 'date_of_birth', 'outcome_type',
       'outcome_subtype', 'animal_type', 'sex_upon_outcome',
       'age_upon_outcome', 'breed', 'color', 'name'],
      dtype='object')
[2023-11-23T03:40:43.893+0000] {logging_mixin.py:154} INFO - Data Deposited into Cloud Storage
[2023-11-23T03:40:43.893+0000] {python.py:194} INFO - Done. Returned value was: None
[2023-11-23T03:40:43.943+0000] {taskinstance.py:1400} INFO - Marking task as SUCCESS. dag_id=outcomes_dag, task_id=Transform, execution_date=20231106T000000, start_date=20231123T034042, end_date=20231123T034043
[2023-11-23T03:40:44.015+0000] {local_task_job_runner.py:228} INFO - Task exited with return code 0
