[2023-11-22T07:53:39.126+0000] {taskinstance.py:1159} INFO - Dependencies all met for dep_context=non-requeueable deps ti=<TaskInstance: outcomes_dag.Extract scheduled__2023-11-13T00:00:00+00:00 [queued]>
[2023-11-22T07:53:39.152+0000] {taskinstance.py:1159} INFO - Dependencies all met for dep_context=requeueable deps ti=<TaskInstance: outcomes_dag.Extract scheduled__2023-11-13T00:00:00+00:00 [queued]>
[2023-11-22T07:53:39.153+0000] {taskinstance.py:1361} INFO - Starting attempt 1 of 1
[2023-11-22T07:53:39.208+0000] {taskinstance.py:1382} INFO - Executing <Task(PythonOperator): Extract> on 2023-11-13 00:00:00+00:00
[2023-11-22T07:53:39.322+0000] {standard_task_runner.py:57} INFO - Started process 273 to run task
[2023-11-22T07:53:39.363+0000] {standard_task_runner.py:84} INFO - Running: ['***', 'tasks', 'run', 'outcomes_dag', 'Extract', 'scheduled__2023-11-13T00:00:00+00:00', '--job-id', '10', '--raw', '--subdir', 'DAGS_FOLDER/outcomes_dag.py', '--cfg-path', '/tmp/tmpb4tzm_fu']
[2023-11-22T07:53:39.381+0000] {standard_task_runner.py:85} INFO - Job 10: Subtask Extract
[2023-11-22T07:53:39.640+0000] {task_command.py:416} INFO - Running <TaskInstance: outcomes_dag.Extract scheduled__2023-11-13T00:00:00+00:00 [running]> on host 6318e996d951
[2023-11-22T07:53:39.907+0000] {taskinstance.py:1662} INFO - Exporting env vars: AIRFLOW_CTX_DAG_OWNER='***' AIRFLOW_CTX_DAG_ID='outcomes_dag' AIRFLOW_CTX_TASK_ID='Extract' AIRFLOW_CTX_EXECUTION_DATE='2023-11-13T00:00:00+00:00' AIRFLOW_CTX_TRY_NUMBER='1' AIRFLOW_CTX_DAG_RUN_ID='scheduled__2023-11-13T00:00:00+00:00'
[2023-11-22T07:53:42.503+0000] {logging_mixin.py:154} INFO - Data Deposited into Cloud Storage
[2023-11-22T07:53:42.545+0000] {python.py:194} INFO - Done. Returned value was: None
[2023-11-22T07:53:42.693+0000] {taskinstance.py:1400} INFO - Marking task as SUCCESS. dag_id=outcomes_dag, task_id=Extract, execution_date=20231113T000000, start_date=20231122T075339, end_date=20231122T075342
[2023-11-22T07:53:43.587+0000] {local_task_job_runner.py:228} INFO - Task exited with return code 0
[2023-11-22T22:41:16.287+0000] {taskinstance.py:1159} INFO - Dependencies all met for dep_context=non-requeueable deps ti=<TaskInstance: outcomes_dag.Extract scheduled__2023-11-13T00:00:00+00:00 [queued]>
[2023-11-22T22:41:16.318+0000] {taskinstance.py:1159} INFO - Dependencies all met for dep_context=requeueable deps ti=<TaskInstance: outcomes_dag.Extract scheduled__2023-11-13T00:00:00+00:00 [queued]>
[2023-11-22T22:41:16.318+0000] {taskinstance.py:1361} INFO - Starting attempt 1 of 1
[2023-11-22T22:41:16.366+0000] {taskinstance.py:1382} INFO - Executing <Task(PythonOperator): Extract> on 2023-11-13 00:00:00+00:00
[2023-11-22T22:41:16.448+0000] {standard_task_runner.py:57} INFO - Started process 125 to run task
[2023-11-22T22:41:16.451+0000] {standard_task_runner.py:84} INFO - Running: ['***', 'tasks', 'run', 'outcomes_dag', 'Extract', 'scheduled__2023-11-13T00:00:00+00:00', '--job-id', '14', '--raw', '--subdir', 'DAGS_FOLDER/outcomes_dag.py', '--cfg-path', '/tmp/tmpij9sminm']
[2023-11-22T22:41:16.733+0000] {standard_task_runner.py:85} INFO - Job 14: Subtask Extract
[2023-11-22T22:41:16.972+0000] {task_command.py:416} INFO - Running <TaskInstance: outcomes_dag.Extract scheduled__2023-11-13T00:00:00+00:00 [running]> on host 8ac13583809b
[2023-11-22T22:41:17.193+0000] {taskinstance.py:1662} INFO - Exporting env vars: AIRFLOW_CTX_DAG_OWNER='***' AIRFLOW_CTX_DAG_ID='outcomes_dag' AIRFLOW_CTX_TASK_ID='Extract' AIRFLOW_CTX_EXECUTION_DATE='2023-11-13T00:00:00+00:00' AIRFLOW_CTX_TRY_NUMBER='1' AIRFLOW_CTX_DAG_RUN_ID='scheduled__2023-11-13T00:00:00+00:00'
[2023-11-22T22:41:19.108+0000] {logging_mixin.py:154} INFO - Data Deposited into Cloud Storage
[2023-11-22T22:41:19.143+0000] {python.py:194} INFO - Done. Returned value was: None
[2023-11-22T22:41:19.337+0000] {taskinstance.py:1400} INFO - Marking task as SUCCESS. dag_id=outcomes_dag, task_id=Extract, execution_date=20231113T000000, start_date=20231122T224116, end_date=20231122T224119
[2023-11-22T22:41:19.761+0000] {local_task_job_runner.py:228} INFO - Task exited with return code 0
[2023-11-22T22:59:39.305+0000] {taskinstance.py:1159} INFO - Dependencies all met for dep_context=non-requeueable deps ti=<TaskInstance: outcomes_dag.Extract scheduled__2023-11-13T00:00:00+00:00 [queued]>
[2023-11-22T22:59:39.336+0000] {taskinstance.py:1159} INFO - Dependencies all met for dep_context=requeueable deps ti=<TaskInstance: outcomes_dag.Extract scheduled__2023-11-13T00:00:00+00:00 [queued]>
[2023-11-22T22:59:39.336+0000] {taskinstance.py:1361} INFO - Starting attempt 1 of 1
[2023-11-22T22:59:39.361+0000] {taskinstance.py:1382} INFO - Executing <Task(PythonOperator): Extract> on 2023-11-13 00:00:00+00:00
[2023-11-22T22:59:39.372+0000] {standard_task_runner.py:57} INFO - Started process 99 to run task
[2023-11-22T22:59:39.390+0000] {standard_task_runner.py:84} INFO - Running: ['***', 'tasks', 'run', 'outcomes_dag', 'Extract', 'scheduled__2023-11-13T00:00:00+00:00', '--job-id', '12', '--raw', '--subdir', 'DAGS_FOLDER/outcomes_dag.py', '--cfg-path', '/tmp/tmpradc7erb']
[2023-11-22T22:59:39.397+0000] {standard_task_runner.py:85} INFO - Job 12: Subtask Extract
[2023-11-22T22:59:39.651+0000] {task_command.py:416} INFO - Running <TaskInstance: outcomes_dag.Extract scheduled__2023-11-13T00:00:00+00:00 [running]> on host 4b2f5af281f8
[2023-11-22T22:59:39.896+0000] {taskinstance.py:1662} INFO - Exporting env vars: AIRFLOW_CTX_DAG_OWNER='***' AIRFLOW_CTX_DAG_ID='outcomes_dag' AIRFLOW_CTX_TASK_ID='Extract' AIRFLOW_CTX_EXECUTION_DATE='2023-11-13T00:00:00+00:00' AIRFLOW_CTX_TRY_NUMBER='1' AIRFLOW_CTX_DAG_RUN_ID='scheduled__2023-11-13T00:00:00+00:00'
[2023-11-22T22:59:41.962+0000] {logging_mixin.py:154} INFO - Data Deposited into Cloud Storage
[2023-11-22T22:59:41.976+0000] {python.py:194} INFO - Done. Returned value was: None
[2023-11-22T22:59:42.083+0000] {taskinstance.py:1400} INFO - Marking task as SUCCESS. dag_id=outcomes_dag, task_id=Extract, execution_date=20231113T000000, start_date=20231122T225939, end_date=20231122T225942
[2023-11-22T22:59:42.185+0000] {local_task_job_runner.py:228} INFO - Task exited with return code 0
[2023-11-22T23:20:06.922+0000] {taskinstance.py:1159} INFO - Dependencies all met for dep_context=non-requeueable deps ti=<TaskInstance: outcomes_dag.Extract scheduled__2023-11-13T00:00:00+00:00 [queued]>
[2023-11-22T23:20:06.940+0000] {taskinstance.py:1159} INFO - Dependencies all met for dep_context=requeueable deps ti=<TaskInstance: outcomes_dag.Extract scheduled__2023-11-13T00:00:00+00:00 [queued]>
[2023-11-22T23:20:06.941+0000] {taskinstance.py:1361} INFO - Starting attempt 1 of 1
[2023-11-22T23:20:06.958+0000] {taskinstance.py:1382} INFO - Executing <Task(PythonOperator): Extract> on 2023-11-13 00:00:00+00:00
[2023-11-22T23:20:06.968+0000] {standard_task_runner.py:57} INFO - Started process 103 to run task
[2023-11-22T23:20:06.984+0000] {standard_task_runner.py:84} INFO - Running: ['***', 'tasks', 'run', 'outcomes_dag', 'Extract', 'scheduled__2023-11-13T00:00:00+00:00', '--job-id', '15', '--raw', '--subdir', 'DAGS_FOLDER/outcomes_dag.py', '--cfg-path', '/tmp/tmph6w14il9']
[2023-11-22T23:20:06.985+0000] {standard_task_runner.py:85} INFO - Job 15: Subtask Extract
[2023-11-22T23:20:07.178+0000] {task_command.py:416} INFO - Running <TaskInstance: outcomes_dag.Extract scheduled__2023-11-13T00:00:00+00:00 [running]> on host b410bfb4af5e
[2023-11-22T23:20:07.360+0000] {taskinstance.py:1662} INFO - Exporting env vars: AIRFLOW_CTX_DAG_OWNER='***' AIRFLOW_CTX_DAG_ID='outcomes_dag' AIRFLOW_CTX_TASK_ID='Extract' AIRFLOW_CTX_EXECUTION_DATE='2023-11-13T00:00:00+00:00' AIRFLOW_CTX_TRY_NUMBER='1' AIRFLOW_CTX_DAG_RUN_ID='scheduled__2023-11-13T00:00:00+00:00'
[2023-11-22T23:20:08.611+0000] {logging_mixin.py:154} INFO - Data Deposited into Cloud Storage
[2023-11-22T23:20:08.628+0000] {python.py:194} INFO - Done. Returned value was: None
[2023-11-22T23:20:08.726+0000] {taskinstance.py:1400} INFO - Marking task as SUCCESS. dag_id=outcomes_dag, task_id=Extract, execution_date=20231113T000000, start_date=20231122T232006, end_date=20231122T232008
[2023-11-22T23:20:08.932+0000] {local_task_job_runner.py:228} INFO - Task exited with return code 0
[2023-11-22T23:42:53.996+0000] {taskinstance.py:1159} INFO - Dependencies all met for dep_context=non-requeueable deps ti=<TaskInstance: outcomes_dag.Extract scheduled__2023-11-13T00:00:00+00:00 [queued]>
[2023-11-22T23:42:54.018+0000] {taskinstance.py:1159} INFO - Dependencies all met for dep_context=requeueable deps ti=<TaskInstance: outcomes_dag.Extract scheduled__2023-11-13T00:00:00+00:00 [queued]>
[2023-11-22T23:42:54.029+0000] {taskinstance.py:1361} INFO - Starting attempt 1 of 1
[2023-11-22T23:42:54.093+0000] {taskinstance.py:1382} INFO - Executing <Task(PythonOperator): Extract> on 2023-11-13 00:00:00+00:00
[2023-11-22T23:42:54.130+0000] {standard_task_runner.py:84} INFO - Running: ['***', 'tasks', 'run', 'outcomes_dag', 'Extract', 'scheduled__2023-11-13T00:00:00+00:00', '--job-id', '13', '--raw', '--subdir', 'DAGS_FOLDER/outcomes_dag.py', '--cfg-path', '/tmp/tmp7ymmlzvz']
[2023-11-22T23:42:54.144+0000] {standard_task_runner.py:85} INFO - Job 13: Subtask Extract
[2023-11-22T23:42:54.119+0000] {standard_task_runner.py:57} INFO - Started process 101 to run task
[2023-11-22T23:42:54.313+0000] {task_command.py:416} INFO - Running <TaskInstance: outcomes_dag.Extract scheduled__2023-11-13T00:00:00+00:00 [running]> on host 371cae71aa63
[2023-11-22T23:42:54.681+0000] {taskinstance.py:1662} INFO - Exporting env vars: AIRFLOW_CTX_DAG_OWNER='***' AIRFLOW_CTX_DAG_ID='outcomes_dag' AIRFLOW_CTX_TASK_ID='Extract' AIRFLOW_CTX_EXECUTION_DATE='2023-11-13T00:00:00+00:00' AIRFLOW_CTX_TRY_NUMBER='1' AIRFLOW_CTX_DAG_RUN_ID='scheduled__2023-11-13T00:00:00+00:00'
[2023-11-22T23:42:55.988+0000] {logging_mixin.py:154} INFO - Data Deposited into Cloud Storage
[2023-11-22T23:42:56.004+0000] {python.py:194} INFO - Done. Returned value was: None
[2023-11-22T23:42:56.060+0000] {taskinstance.py:1400} INFO - Marking task as SUCCESS. dag_id=outcomes_dag, task_id=Extract, execution_date=20231113T000000, start_date=20231122T234254, end_date=20231122T234256
[2023-11-22T23:42:56.160+0000] {local_task_job_runner.py:228} INFO - Task exited with return code 0
[2023-11-23T00:39:18.673+0000] {taskinstance.py:1159} INFO - Dependencies all met for dep_context=non-requeueable deps ti=<TaskInstance: outcomes_dag.Extract scheduled__2023-11-13T00:00:00+00:00 [queued]>
[2023-11-23T00:39:18.689+0000] {taskinstance.py:1159} INFO - Dependencies all met for dep_context=requeueable deps ti=<TaskInstance: outcomes_dag.Extract scheduled__2023-11-13T00:00:00+00:00 [queued]>
[2023-11-23T00:39:18.691+0000] {taskinstance.py:1361} INFO - Starting attempt 1 of 1
[2023-11-23T00:39:18.736+0000] {taskinstance.py:1382} INFO - Executing <Task(PythonOperator): Extract> on 2023-11-13 00:00:00+00:00
[2023-11-23T00:39:18.763+0000] {standard_task_runner.py:57} INFO - Started process 109 to run task
[2023-11-23T00:39:18.790+0000] {standard_task_runner.py:84} INFO - Running: ['***', 'tasks', 'run', 'outcomes_dag', 'Extract', 'scheduled__2023-11-13T00:00:00+00:00', '--job-id', '14', '--raw', '--subdir', 'DAGS_FOLDER/outcomes_dag.py', '--cfg-path', '/tmp/tmph7ibdlra']
[2023-11-23T00:39:18.803+0000] {standard_task_runner.py:85} INFO - Job 14: Subtask Extract
[2023-11-23T00:39:19.163+0000] {task_command.py:416} INFO - Running <TaskInstance: outcomes_dag.Extract scheduled__2023-11-13T00:00:00+00:00 [running]> on host 75913536581a
[2023-11-23T00:39:19.415+0000] {taskinstance.py:1662} INFO - Exporting env vars: AIRFLOW_CTX_DAG_OWNER='***' AIRFLOW_CTX_DAG_ID='outcomes_dag' AIRFLOW_CTX_TASK_ID='Extract' AIRFLOW_CTX_EXECUTION_DATE='2023-11-13T00:00:00+00:00' AIRFLOW_CTX_TRY_NUMBER='1' AIRFLOW_CTX_DAG_RUN_ID='scheduled__2023-11-13T00:00:00+00:00'
[2023-11-23T00:39:21.159+0000] {logging_mixin.py:154} INFO - Data Deposited into Cloud Storage
[2023-11-23T00:39:21.178+0000] {python.py:194} INFO - Done. Returned value was: None
[2023-11-23T00:39:21.278+0000] {taskinstance.py:1400} INFO - Marking task as SUCCESS. dag_id=outcomes_dag, task_id=Extract, execution_date=20231113T000000, start_date=20231123T003918, end_date=20231123T003921
[2023-11-23T00:39:21.499+0000] {local_task_job_runner.py:228} INFO - Task exited with return code 0
[2023-11-23T01:49:23.921+0000] {taskinstance.py:1159} INFO - Dependencies all met for dep_context=non-requeueable deps ti=<TaskInstance: outcomes_dag.Extract scheduled__2023-11-13T00:00:00+00:00 [queued]>
[2023-11-23T01:49:23.943+0000] {taskinstance.py:1159} INFO - Dependencies all met for dep_context=requeueable deps ti=<TaskInstance: outcomes_dag.Extract scheduled__2023-11-13T00:00:00+00:00 [queued]>
[2023-11-23T01:49:23.943+0000] {taskinstance.py:1361} INFO - Starting attempt 1 of 1
[2023-11-23T01:49:23.957+0000] {taskinstance.py:1382} INFO - Executing <Task(PythonOperator): Extract> on 2023-11-13 00:00:00+00:00
[2023-11-23T01:49:23.979+0000] {standard_task_runner.py:57} INFO - Started process 100 to run task
[2023-11-23T01:49:24.021+0000] {standard_task_runner.py:84} INFO - Running: ['***', 'tasks', 'run', 'outcomes_dag', 'Extract', 'scheduled__2023-11-13T00:00:00+00:00', '--job-id', '14', '--raw', '--subdir', 'DAGS_FOLDER/outcomes_dag.py', '--cfg-path', '/tmp/tmp8k8m16w_']
[2023-11-23T01:49:24.055+0000] {standard_task_runner.py:85} INFO - Job 14: Subtask Extract
[2023-11-23T01:49:24.450+0000] {task_command.py:416} INFO - Running <TaskInstance: outcomes_dag.Extract scheduled__2023-11-13T00:00:00+00:00 [running]> on host d15d3caa5b00
[2023-11-23T01:49:24.768+0000] {taskinstance.py:1662} INFO - Exporting env vars: AIRFLOW_CTX_DAG_OWNER='***' AIRFLOW_CTX_DAG_ID='outcomes_dag' AIRFLOW_CTX_TASK_ID='Extract' AIRFLOW_CTX_EXECUTION_DATE='2023-11-13T00:00:00+00:00' AIRFLOW_CTX_TRY_NUMBER='1' AIRFLOW_CTX_DAG_RUN_ID='scheduled__2023-11-13T00:00:00+00:00'
[2023-11-23T01:49:26.169+0000] {logging_mixin.py:154} INFO - Data Deposited into Cloud Storage
[2023-11-23T01:49:26.188+0000] {python.py:194} INFO - Done. Returned value was: None
[2023-11-23T01:49:26.256+0000] {taskinstance.py:1400} INFO - Marking task as SUCCESS. dag_id=outcomes_dag, task_id=Extract, execution_date=20231113T000000, start_date=20231123T014923, end_date=20231123T014926
[2023-11-23T01:49:26.338+0000] {local_task_job_runner.py:228} INFO - Task exited with return code 0
[2023-11-23T03:40:33.734+0000] {taskinstance.py:1159} INFO - Dependencies all met for dep_context=non-requeueable deps ti=<TaskInstance: outcomes_dag.Extract scheduled__2023-11-13T00:00:00+00:00 [queued]>
[2023-11-23T03:40:33.755+0000] {taskinstance.py:1159} INFO - Dependencies all met for dep_context=requeueable deps ti=<TaskInstance: outcomes_dag.Extract scheduled__2023-11-13T00:00:00+00:00 [queued]>
[2023-11-23T03:40:33.791+0000] {taskinstance.py:1361} INFO - Starting attempt 1 of 1
[2023-11-23T03:40:33.866+0000] {taskinstance.py:1382} INFO - Executing <Task(PythonOperator): Extract> on 2023-11-13 00:00:00+00:00
[2023-11-23T03:40:33.886+0000] {standard_task_runner.py:57} INFO - Started process 104 to run task
[2023-11-23T03:40:33.907+0000] {standard_task_runner.py:84} INFO - Running: ['***', 'tasks', 'run', 'outcomes_dag', 'Extract', 'scheduled__2023-11-13T00:00:00+00:00', '--job-id', '17', '--raw', '--subdir', 'DAGS_FOLDER/outcomes_dag.py', '--cfg-path', '/tmp/tmpo89_hcr6']
[2023-11-23T03:40:33.914+0000] {standard_task_runner.py:85} INFO - Job 17: Subtask Extract
[2023-11-23T03:40:34.021+0000] {task_command.py:416} INFO - Running <TaskInstance: outcomes_dag.Extract scheduled__2023-11-13T00:00:00+00:00 [running]> on host e647c96745b0
[2023-11-23T03:40:34.144+0000] {taskinstance.py:1662} INFO - Exporting env vars: AIRFLOW_CTX_DAG_OWNER='***' AIRFLOW_CTX_DAG_ID='outcomes_dag' AIRFLOW_CTX_TASK_ID='Extract' AIRFLOW_CTX_EXECUTION_DATE='2023-11-13T00:00:00+00:00' AIRFLOW_CTX_TRY_NUMBER='1' AIRFLOW_CTX_DAG_RUN_ID='scheduled__2023-11-13T00:00:00+00:00'
[2023-11-23T03:40:35.677+0000] {logging_mixin.py:154} INFO - Data Deposited into Cloud Storage
[2023-11-23T03:40:35.717+0000] {python.py:194} INFO - Done. Returned value was: None
[2023-11-23T03:40:35.965+0000] {taskinstance.py:1400} INFO - Marking task as SUCCESS. dag_id=outcomes_dag, task_id=Extract, execution_date=20231113T000000, start_date=20231123T034033, end_date=20231123T034035
[2023-11-23T03:40:36.134+0000] {local_task_job_runner.py:228} INFO - Task exited with return code 0
