[2023-11-21T01:21:24.062+0000] {taskinstance.py:1159} INFO - Dependencies all met for dep_context=non-requeueable deps ti=<TaskInstance: outcomes_dag.load scheduled__2023-11-19T00:00:00+00:00 [queued]>
[2023-11-21T01:21:24.068+0000] {taskinstance.py:1159} INFO - Dependencies all met for dep_context=requeueable deps ti=<TaskInstance: outcomes_dag.load scheduled__2023-11-19T00:00:00+00:00 [queued]>
[2023-11-21T01:21:24.068+0000] {taskinstance.py:1361} INFO - Starting attempt 1 of 1
[2023-11-21T01:21:24.082+0000] {taskinstance.py:1382} INFO - Executing <Task(PythonOperator): load> on 2023-11-19 00:00:00+00:00
[2023-11-21T01:21:24.093+0000] {standard_task_runner.py:57} INFO - Started process 315 to run task
[2023-11-21T01:21:24.097+0000] {standard_task_runner.py:84} INFO - Running: ['***', 'tasks', 'run', 'outcomes_dag', 'load', 'scheduled__2023-11-19T00:00:00+00:00', '--job-id', '61', '--raw', '--subdir', 'DAGS_FOLDER/outcomes_dag.py', '--cfg-path', '/tmp/tmpfmvf0v11']
[2023-11-21T01:21:24.103+0000] {standard_task_runner.py:85} INFO - Job 61: Subtask load
[2023-11-21T01:21:24.166+0000] {task_command.py:416} INFO - Running <TaskInstance: outcomes_dag.load scheduled__2023-11-19T00:00:00+00:00 [running]> on host f31a30014ab0
[2023-11-21T01:21:24.572+0000] {taskinstance.py:1662} INFO - Exporting env vars: AIRFLOW_CTX_DAG_OWNER='***' AIRFLOW_CTX_DAG_ID='outcomes_dag' AIRFLOW_CTX_TASK_ID='load' AIRFLOW_CTX_EXECUTION_DATE='2023-11-19T00:00:00+00:00' AIRFLOW_CTX_TRY_NUMBER='1' AIRFLOW_CTX_DAG_RUN_ID='scheduled__2023-11-19T00:00:00+00:00'
[2023-11-21T01:21:24.603+0000] {taskinstance.py:1937} ERROR - Task failed with exception
Traceback (most recent call last):
  File "/home/airflow/.local/lib/python3.8/site-packages/airflow/operators/python.py", line 192, in execute
    return_value = self.execute_callable()
  File "/home/airflow/.local/lib/python3.8/site-packages/airflow/operators/python.py", line 209, in execute_callable
    return self.python_callable(*self.op_args, **self.op_kwargs)
  File "/opt/airflow/dags/ETL/load.py", line 11, in load_data
    data_to_staging(filename, engine)
  File "/opt/airflow/dags/ETL/load.py", line 19, in data_to_staging
    data = pd.read_parquet(filename)
  File "/home/airflow/.local/lib/python3.8/site-packages/pandas/io/parquet.py", line 509, in read_parquet
    return impl.read(
  File "/home/airflow/.local/lib/python3.8/site-packages/pandas/io/parquet.py", line 220, in read
    path_or_handle, handles, kwargs["filesystem"] = _get_path_or_handle(
  File "/home/airflow/.local/lib/python3.8/site-packages/pandas/io/parquet.py", line 110, in _get_path_or_handle
    handles = get_handle(
  File "/home/airflow/.local/lib/python3.8/site-packages/pandas/io/common.py", line 868, in get_handle
    handle = open(handle, ioargs.mode)
FileNotFoundError: [Errno 2] No such file or directory: '/opt/airflow/data/2023-11-19/processed/transformed_shelter_data.parquet'
[2023-11-21T01:21:24.621+0000] {taskinstance.py:1400} INFO - Marking task as FAILED. dag_id=outcomes_dag, task_id=load, execution_date=20231119T000000, start_date=20231121T012124, end_date=20231121T012124
[2023-11-21T01:21:24.634+0000] {standard_task_runner.py:104} ERROR - Failed to execute job 61 for task load ([Errno 2] No such file or directory: '/opt/airflow/data/2023-11-19/processed/transformed_shelter_data.parquet'; 315)
[2023-11-21T01:21:24.685+0000] {local_task_job_runner.py:228} INFO - Task exited with return code 1
[2023-11-21T01:21:24.721+0000] {taskinstance.py:2778} INFO - 0 downstream tasks scheduled from follow-on schedule check
[2023-11-21T02:36:33.605+0000] {taskinstance.py:1159} INFO - Dependencies all met for dep_context=non-requeueable deps ti=<TaskInstance: outcomes_dag.load scheduled__2023-11-19T00:00:00+00:00 [queued]>
[2023-11-21T02:36:33.627+0000] {taskinstance.py:1159} INFO - Dependencies all met for dep_context=requeueable deps ti=<TaskInstance: outcomes_dag.load scheduled__2023-11-19T00:00:00+00:00 [queued]>
[2023-11-21T02:36:33.627+0000] {taskinstance.py:1361} INFO - Starting attempt 1 of 1
[2023-11-21T02:36:33.753+0000] {taskinstance.py:1382} INFO - Executing <Task(PythonOperator): load> on 2023-11-19 00:00:00+00:00
[2023-11-21T02:36:33.813+0000] {standard_task_runner.py:57} INFO - Started process 302 to run task
[2023-11-21T02:36:33.830+0000] {standard_task_runner.py:84} INFO - Running: ['***', 'tasks', 'run', 'outcomes_dag', 'load', 'scheduled__2023-11-19T00:00:00+00:00', '--job-id', '57', '--raw', '--subdir', 'DAGS_FOLDER/outcomes_dag.py', '--cfg-path', '/tmp/tmpjpf0mkmn']
[2023-11-21T02:36:33.845+0000] {standard_task_runner.py:85} INFO - Job 57: Subtask load
[2023-11-21T02:36:33.964+0000] {task_command.py:416} INFO - Running <TaskInstance: outcomes_dag.load scheduled__2023-11-19T00:00:00+00:00 [running]> on host b875fa978b1e
[2023-11-21T02:36:34.782+0000] {taskinstance.py:1662} INFO - Exporting env vars: AIRFLOW_CTX_DAG_OWNER='***' AIRFLOW_CTX_DAG_ID='outcomes_dag' AIRFLOW_CTX_TASK_ID='load' AIRFLOW_CTX_EXECUTION_DATE='2023-11-19T00:00:00+00:00' AIRFLOW_CTX_TRY_NUMBER='1' AIRFLOW_CTX_DAG_RUN_ID='scheduled__2023-11-19T00:00:00+00:00'
[2023-11-21T02:36:34.806+0000] {taskinstance.py:1937} ERROR - Task failed with exception
Traceback (most recent call last):
  File "/home/airflow/.local/lib/python3.8/site-packages/airflow/operators/python.py", line 192, in execute
    return_value = self.execute_callable()
  File "/home/airflow/.local/lib/python3.8/site-packages/airflow/operators/python.py", line 209, in execute_callable
    return self.python_callable(*self.op_args, **self.op_kwargs)
  File "/opt/airflow/dags/ETL/load.py", line 11, in load_data
    data_to_staging(filename, engine)
  File "/opt/airflow/dags/ETL/load.py", line 19, in data_to_staging
    data = pd.read_parquet(filename)
  File "/home/airflow/.local/lib/python3.8/site-packages/pandas/io/parquet.py", line 509, in read_parquet
    return impl.read(
  File "/home/airflow/.local/lib/python3.8/site-packages/pandas/io/parquet.py", line 220, in read
    path_or_handle, handles, kwargs["filesystem"] = _get_path_or_handle(
  File "/home/airflow/.local/lib/python3.8/site-packages/pandas/io/parquet.py", line 110, in _get_path_or_handle
    handles = get_handle(
  File "/home/airflow/.local/lib/python3.8/site-packages/pandas/io/common.py", line 868, in get_handle
    handle = open(handle, ioargs.mode)
FileNotFoundError: [Errno 2] No such file or directory: '/opt/airflow/data/2023-11-19/processed/transformed_shelter_data.parquet'
[2023-11-21T02:36:34.837+0000] {taskinstance.py:1400} INFO - Marking task as FAILED. dag_id=outcomes_dag, task_id=load, execution_date=20231119T000000, start_date=20231121T023633, end_date=20231121T023634
[2023-11-21T02:36:34.878+0000] {standard_task_runner.py:104} ERROR - Failed to execute job 57 for task load ([Errno 2] No such file or directory: '/opt/airflow/data/2023-11-19/processed/transformed_shelter_data.parquet'; 302)
[2023-11-21T02:36:34.950+0000] {local_task_job_runner.py:228} INFO - Task exited with return code 1
[2023-11-21T02:36:35.044+0000] {taskinstance.py:2778} INFO - 0 downstream tasks scheduled from follow-on schedule check
[2023-11-21T03:16:14.857+0000] {taskinstance.py:1159} INFO - Dependencies all met for dep_context=non-requeueable deps ti=<TaskInstance: outcomes_dag.load scheduled__2023-11-19T00:00:00+00:00 [queued]>
[2023-11-21T03:16:14.866+0000] {taskinstance.py:1159} INFO - Dependencies all met for dep_context=requeueable deps ti=<TaskInstance: outcomes_dag.load scheduled__2023-11-19T00:00:00+00:00 [queued]>
[2023-11-21T03:16:14.867+0000] {taskinstance.py:1361} INFO - Starting attempt 1 of 1
[2023-11-21T03:16:14.874+0000] {taskinstance.py:1382} INFO - Executing <Task(PythonOperator): load> on 2023-11-19 00:00:00+00:00
[2023-11-21T03:16:14.879+0000] {standard_task_runner.py:57} INFO - Started process 129 to run task
[2023-11-21T03:16:14.882+0000] {standard_task_runner.py:84} INFO - Running: ['***', 'tasks', 'run', 'outcomes_dag', 'load', 'scheduled__2023-11-19T00:00:00+00:00', '--job-id', '20', '--raw', '--subdir', 'DAGS_FOLDER/outcomes_dag.py', '--cfg-path', '/tmp/tmpl3u02itn']
[2023-11-21T03:16:14.885+0000] {standard_task_runner.py:85} INFO - Job 20: Subtask load
[2023-11-21T03:16:14.958+0000] {task_command.py:416} INFO - Running <TaskInstance: outcomes_dag.load scheduled__2023-11-19T00:00:00+00:00 [running]> on host 33d8c5494200
[2023-11-21T03:16:15.475+0000] {taskinstance.py:1662} INFO - Exporting env vars: AIRFLOW_CTX_DAG_OWNER='***' AIRFLOW_CTX_DAG_ID='outcomes_dag' AIRFLOW_CTX_TASK_ID='load' AIRFLOW_CTX_EXECUTION_DATE='2023-11-19T00:00:00+00:00' AIRFLOW_CTX_TRY_NUMBER='1' AIRFLOW_CTX_DAG_RUN_ID='scheduled__2023-11-19T00:00:00+00:00'
[2023-11-21T03:16:15.862+0000] {logging_mixin.py:154} INFO - Data is in Staging Table...
[2023-11-21T03:16:15.864+0000] {taskinstance.py:1937} ERROR - Task failed with exception
Traceback (most recent call last):
  File "/home/airflow/.local/lib/python3.8/site-packages/airflow/operators/python.py", line 192, in execute
    return_value = self.execute_callable()
  File "/home/airflow/.local/lib/python3.8/site-packages/airflow/operators/python.py", line 209, in execute_callable
    return self.python_callable(*self.op_args, **self.op_kwargs)
  File "/opt/airflow/dags/ETL/load.py", line 13, in load_data
    execute_sql_script(engine)
  File "/opt/airflow/dags/ETL/load.py", line 38, in execute_sql_script
    with open(script_path, 'r') as file:
FileNotFoundError: [Errno 2] No such file or directory: 'data_insertion.sql'
[2023-11-21T03:16:15.881+0000] {taskinstance.py:1400} INFO - Marking task as FAILED. dag_id=outcomes_dag, task_id=load, execution_date=20231119T000000, start_date=20231121T031614, end_date=20231121T031615
[2023-11-21T03:16:15.896+0000] {standard_task_runner.py:104} ERROR - Failed to execute job 20 for task load ([Errno 2] No such file or directory: 'data_insertion.sql'; 129)
[2023-11-21T03:16:15.946+0000] {local_task_job_runner.py:228} INFO - Task exited with return code 1
[2023-11-21T03:16:15.996+0000] {taskinstance.py:2778} INFO - 0 downstream tasks scheduled from follow-on schedule check
[2023-11-22T03:22:54.694+0000] {taskinstance.py:1159} INFO - Dependencies all met for dep_context=non-requeueable deps ti=<TaskInstance: outcomes_dag.Load scheduled__2023-11-19T00:00:00+00:00 [queued]>
[2023-11-22T03:22:54.716+0000] {taskinstance.py:1159} INFO - Dependencies all met for dep_context=requeueable deps ti=<TaskInstance: outcomes_dag.Load scheduled__2023-11-19T00:00:00+00:00 [queued]>
[2023-11-22T03:22:54.717+0000] {taskinstance.py:1361} INFO - Starting attempt 1 of 1
[2023-11-22T03:22:54.746+0000] {taskinstance.py:1382} INFO - Executing <Task(PythonOperator): Load> on 2023-11-19 00:00:00+00:00
[2023-11-22T03:22:54.828+0000] {standard_task_runner.py:57} INFO - Started process 116 to run task
[2023-11-22T03:22:54.881+0000] {standard_task_runner.py:84} INFO - Running: ['***', 'tasks', 'run', 'outcomes_dag', 'Load', 'scheduled__2023-11-19T00:00:00+00:00', '--job-id', '21', '--raw', '--subdir', 'DAGS_FOLDER/outcomes_dag.py', '--cfg-path', '/tmp/tmp6xkcduqs']
[2023-11-22T03:22:54.946+0000] {standard_task_runner.py:85} INFO - Job 21: Subtask Load
[2023-11-22T03:22:55.158+0000] {task_command.py:416} INFO - Running <TaskInstance: outcomes_dag.Load scheduled__2023-11-19T00:00:00+00:00 [running]> on host cf56a4e96859
[2023-11-22T03:22:55.266+0000] {taskinstance.py:1662} INFO - Exporting env vars: AIRFLOW_CTX_DAG_OWNER='***' AIRFLOW_CTX_DAG_ID='outcomes_dag' AIRFLOW_CTX_TASK_ID='Load' AIRFLOW_CTX_EXECUTION_DATE='2023-11-19T00:00:00+00:00' AIRFLOW_CTX_TRY_NUMBER='1' AIRFLOW_CTX_DAG_RUN_ID='scheduled__2023-11-19T00:00:00+00:00'
[2023-11-22T03:22:55.273+0000] {logging_mixin.py:154} INFO - Getting data from Cloud Storage
[2023-11-22T03:22:55.994+0000] {logging_mixin.py:154} INFO - Data is in Staging Table...
[2023-11-22T03:22:56.006+0000] {logging_mixin.py:154} INFO - Data is Loaded into Fact & Dim Tables
[2023-11-22T03:22:56.007+0000] {python.py:194} INFO - Done. Returned value was: None
[2023-11-22T03:22:56.019+0000] {taskinstance.py:1400} INFO - Marking task as SUCCESS. dag_id=outcomes_dag, task_id=Load, execution_date=20231119T000000, start_date=20231122T032254, end_date=20231122T032256
[2023-11-22T03:22:56.051+0000] {local_task_job_runner.py:228} INFO - Task exited with return code 0
[2023-11-22T03:22:56.091+0000] {taskinstance.py:2778} INFO - 0 downstream tasks scheduled from follow-on schedule check
[2023-11-22T03:55:57.065+0000] {taskinstance.py:1159} INFO - Dependencies all met for dep_context=non-requeueable deps ti=<TaskInstance: outcomes_dag.Load scheduled__2023-11-19T00:00:00+00:00 [queued]>
[2023-11-22T03:55:57.094+0000] {taskinstance.py:1159} INFO - Dependencies all met for dep_context=requeueable deps ti=<TaskInstance: outcomes_dag.Load scheduled__2023-11-19T00:00:00+00:00 [queued]>
[2023-11-22T03:55:57.094+0000] {taskinstance.py:1361} INFO - Starting attempt 1 of 1
[2023-11-22T03:55:57.113+0000] {taskinstance.py:1382} INFO - Executing <Task(PythonOperator): Load> on 2023-11-19 00:00:00+00:00
[2023-11-22T03:55:57.120+0000] {standard_task_runner.py:57} INFO - Started process 123 to run task
[2023-11-22T03:55:57.128+0000] {standard_task_runner.py:84} INFO - Running: ['***', 'tasks', 'run', 'outcomes_dag', 'Load', 'scheduled__2023-11-19T00:00:00+00:00', '--job-id', '20', '--raw', '--subdir', 'DAGS_FOLDER/outcomes_dag.py', '--cfg-path', '/tmp/tmp2jt84p81']
[2023-11-22T03:55:57.134+0000] {standard_task_runner.py:85} INFO - Job 20: Subtask Load
[2023-11-22T03:55:57.241+0000] {task_command.py:416} INFO - Running <TaskInstance: outcomes_dag.Load scheduled__2023-11-19T00:00:00+00:00 [running]> on host cf936e748923
[2023-11-22T03:55:57.436+0000] {taskinstance.py:1662} INFO - Exporting env vars: AIRFLOW_CTX_DAG_OWNER='***' AIRFLOW_CTX_DAG_ID='outcomes_dag' AIRFLOW_CTX_TASK_ID='Load' AIRFLOW_CTX_EXECUTION_DATE='2023-11-19T00:00:00+00:00' AIRFLOW_CTX_TRY_NUMBER='1' AIRFLOW_CTX_DAG_RUN_ID='scheduled__2023-11-19T00:00:00+00:00'
[2023-11-22T03:55:57.441+0000] {logging_mixin.py:154} INFO - Getting data from Cloud Storage
[2023-11-22T03:55:58.507+0000] {logging_mixin.py:154} INFO - Data is in Staging Table...
[2023-11-22T03:55:58.513+0000] {logging_mixin.py:154} INFO - Data is Loaded into Fact & Dim Tables
[2023-11-22T03:55:58.513+0000] {python.py:194} INFO - Done. Returned value was: None
[2023-11-22T03:55:58.530+0000] {taskinstance.py:1400} INFO - Marking task as SUCCESS. dag_id=outcomes_dag, task_id=Load, execution_date=20231119T000000, start_date=20231122T035557, end_date=20231122T035558
[2023-11-22T03:55:58.617+0000] {local_task_job_runner.py:228} INFO - Task exited with return code 0
[2023-11-22T03:55:58.648+0000] {taskinstance.py:2778} INFO - 0 downstream tasks scheduled from follow-on schedule check
[2023-11-22T05:47:52.058+0000] {taskinstance.py:1159} INFO - Dependencies all met for dep_context=non-requeueable deps ti=<TaskInstance: outcomes_dag.Load scheduled__2023-11-19T00:00:00+00:00 [queued]>
[2023-11-22T05:47:52.074+0000] {taskinstance.py:1159} INFO - Dependencies all met for dep_context=requeueable deps ti=<TaskInstance: outcomes_dag.Load scheduled__2023-11-19T00:00:00+00:00 [queued]>
[2023-11-22T05:47:52.074+0000] {taskinstance.py:1361} INFO - Starting attempt 1 of 4
[2023-11-22T05:47:52.097+0000] {taskinstance.py:1382} INFO - Executing <Task(PythonOperator): Load> on 2023-11-19 00:00:00+00:00
[2023-11-22T05:47:52.116+0000] {standard_task_runner.py:57} INFO - Started process 198 to run task
[2023-11-22T05:47:52.151+0000] {standard_task_runner.py:84} INFO - Running: ['***', 'tasks', 'run', 'outcomes_dag', 'Load', 'scheduled__2023-11-19T00:00:00+00:00', '--job-id', '23', '--raw', '--subdir', 'DAGS_FOLDER/outcomes_dag.py', '--cfg-path', '/tmp/tmp5g5hag_d']
[2023-11-22T05:47:52.159+0000] {standard_task_runner.py:85} INFO - Job 23: Subtask Load
[2023-11-22T05:47:52.279+0000] {task_command.py:416} INFO - Running <TaskInstance: outcomes_dag.Load scheduled__2023-11-19T00:00:00+00:00 [running]> on host 6e2e77b078ed
[2023-11-22T05:47:52.426+0000] {taskinstance.py:1662} INFO - Exporting env vars: AIRFLOW_CTX_DAG_OWNER='***' AIRFLOW_CTX_DAG_ID='outcomes_dag' AIRFLOW_CTX_TASK_ID='Load' AIRFLOW_CTX_EXECUTION_DATE='2023-11-19T00:00:00+00:00' AIRFLOW_CTX_TRY_NUMBER='1' AIRFLOW_CTX_DAG_RUN_ID='scheduled__2023-11-19T00:00:00+00:00'
[2023-11-22T05:47:52.433+0000] {logging_mixin.py:154} INFO - Getting data from Cloud Storage
[2023-11-22T05:47:53.215+0000] {logging_mixin.py:154} INFO - Data is in Staging Table...
[2023-11-22T05:47:53.216+0000] {python.py:194} INFO - Done. Returned value was: None
[2023-11-22T05:47:53.227+0000] {taskinstance.py:1400} INFO - Marking task as SUCCESS. dag_id=outcomes_dag, task_id=Load, execution_date=20231119T000000, start_date=20231122T054752, end_date=20231122T054753
[2023-11-22T05:47:53.245+0000] {local_task_job_runner.py:228} INFO - Task exited with return code 0
[2023-11-22T06:09:47.946+0000] {taskinstance.py:1159} INFO - Dependencies all met for dep_context=non-requeueable deps ti=<TaskInstance: outcomes_dag.Load scheduled__2023-11-19T00:00:00+00:00 [queued]>
[2023-11-22T06:09:47.958+0000] {taskinstance.py:1159} INFO - Dependencies all met for dep_context=requeueable deps ti=<TaskInstance: outcomes_dag.Load scheduled__2023-11-19T00:00:00+00:00 [queued]>
[2023-11-22T06:09:47.961+0000] {taskinstance.py:1361} INFO - Starting attempt 1 of 4
[2023-11-22T06:09:47.974+0000] {taskinstance.py:1382} INFO - Executing <Task(PythonOperator): Load> on 2023-11-19 00:00:00+00:00
[2023-11-22T06:09:47.987+0000] {standard_task_runner.py:57} INFO - Started process 144 to run task
[2023-11-22T06:09:48.000+0000] {standard_task_runner.py:84} INFO - Running: ['***', 'tasks', 'run', 'outcomes_dag', 'Load', 'scheduled__2023-11-19T00:00:00+00:00', '--job-id', '31', '--raw', '--subdir', 'DAGS_FOLDER/outcomes_dag.py', '--cfg-path', '/tmp/tmpo1185kco']
[2023-11-22T06:09:48.007+0000] {standard_task_runner.py:85} INFO - Job 31: Subtask Load
[2023-11-22T06:09:48.068+0000] {task_command.py:416} INFO - Running <TaskInstance: outcomes_dag.Load scheduled__2023-11-19T00:00:00+00:00 [running]> on host ded66acd9c7f
[2023-11-22T06:09:48.160+0000] {taskinstance.py:1662} INFO - Exporting env vars: AIRFLOW_CTX_DAG_OWNER='***' AIRFLOW_CTX_DAG_ID='outcomes_dag' AIRFLOW_CTX_TASK_ID='Load' AIRFLOW_CTX_EXECUTION_DATE='2023-11-19T00:00:00+00:00' AIRFLOW_CTX_TRY_NUMBER='1' AIRFLOW_CTX_DAG_RUN_ID='scheduled__2023-11-19T00:00:00+00:00'
[2023-11-22T06:09:48.162+0000] {logging_mixin.py:154} INFO - Getting data from Cloud Storage
[2023-11-22T06:09:49.168+0000] {logging_mixin.py:154} INFO - Data is in Staging Table...
[2023-11-22T06:09:49.169+0000] {python.py:194} INFO - Done. Returned value was: None
[2023-11-22T06:09:49.178+0000] {taskinstance.py:1400} INFO - Marking task as SUCCESS. dag_id=outcomes_dag, task_id=Load, execution_date=20231119T000000, start_date=20231122T060947, end_date=20231122T060949
[2023-11-22T06:09:49.228+0000] {local_task_job_runner.py:228} INFO - Task exited with return code 0
[2023-11-22T06:19:04.732+0000] {taskinstance.py:1159} INFO - Dependencies all met for dep_context=non-requeueable deps ti=<TaskInstance: outcomes_dag.Load scheduled__2023-11-19T00:00:00+00:00 [queued]>
[2023-11-22T06:19:04.746+0000] {taskinstance.py:1159} INFO - Dependencies all met for dep_context=requeueable deps ti=<TaskInstance: outcomes_dag.Load scheduled__2023-11-19T00:00:00+00:00 [queued]>
[2023-11-22T06:19:04.747+0000] {taskinstance.py:1361} INFO - Starting attempt 1 of 4
[2023-11-22T06:19:04.784+0000] {taskinstance.py:1382} INFO - Executing <Task(PythonOperator): Load> on 2023-11-19 00:00:00+00:00
[2023-11-22T06:19:04.798+0000] {standard_task_runner.py:57} INFO - Started process 126 to run task
[2023-11-22T06:19:04.806+0000] {standard_task_runner.py:84} INFO - Running: ['***', 'tasks', 'run', 'outcomes_dag', 'Load', 'scheduled__2023-11-19T00:00:00+00:00', '--job-id', '23', '--raw', '--subdir', 'DAGS_FOLDER/outcomes_dag.py', '--cfg-path', '/tmp/tmpzlgwjcor']
[2023-11-22T06:19:04.819+0000] {standard_task_runner.py:85} INFO - Job 23: Subtask Load
[2023-11-22T06:19:04.944+0000] {task_command.py:416} INFO - Running <TaskInstance: outcomes_dag.Load scheduled__2023-11-19T00:00:00+00:00 [running]> on host 836b7d8b8a64
[2023-11-22T06:19:05.025+0000] {taskinstance.py:1662} INFO - Exporting env vars: AIRFLOW_CTX_DAG_OWNER='***' AIRFLOW_CTX_DAG_ID='outcomes_dag' AIRFLOW_CTX_TASK_ID='Load' AIRFLOW_CTX_EXECUTION_DATE='2023-11-19T00:00:00+00:00' AIRFLOW_CTX_TRY_NUMBER='1' AIRFLOW_CTX_DAG_RUN_ID='scheduled__2023-11-19T00:00:00+00:00'
[2023-11-22T06:19:05.026+0000] {logging_mixin.py:154} INFO - Getting data from Cloud Storage
[2023-11-22T06:19:05.987+0000] {logging_mixin.py:154} INFO - Data is in Staging Table...
[2023-11-22T06:19:05.988+0000] {python.py:194} INFO - Done. Returned value was: None
[2023-11-22T06:19:06.012+0000] {taskinstance.py:1400} INFO - Marking task as SUCCESS. dag_id=outcomes_dag, task_id=Load, execution_date=20231119T000000, start_date=20231122T061904, end_date=20231122T061906
[2023-11-22T06:19:06.088+0000] {local_task_job_runner.py:228} INFO - Task exited with return code 0
[2023-11-22T07:15:07.962+0000] {taskinstance.py:1159} INFO - Dependencies all met for dep_context=non-requeueable deps ti=<TaskInstance: outcomes_dag.Load scheduled__2023-11-19T00:00:00+00:00 [queued]>
[2023-11-22T07:15:07.977+0000] {taskinstance.py:1159} INFO - Dependencies all met for dep_context=requeueable deps ti=<TaskInstance: outcomes_dag.Load scheduled__2023-11-19T00:00:00+00:00 [queued]>
[2023-11-22T07:15:07.982+0000] {taskinstance.py:1361} INFO - Starting attempt 1 of 4
[2023-11-22T07:15:08.001+0000] {taskinstance.py:1382} INFO - Executing <Task(PythonOperator): Load> on 2023-11-19 00:00:00+00:00
[2023-11-22T07:15:08.019+0000] {standard_task_runner.py:57} INFO - Started process 128 to run task
[2023-11-22T07:15:08.045+0000] {standard_task_runner.py:84} INFO - Running: ['***', 'tasks', 'run', 'outcomes_dag', 'Load', 'scheduled__2023-11-19T00:00:00+00:00', '--job-id', '24', '--raw', '--subdir', 'DAGS_FOLDER/outcomes_dag.py', '--cfg-path', '/tmp/tmp28q9imso']
[2023-11-22T07:15:08.072+0000] {standard_task_runner.py:85} INFO - Job 24: Subtask Load
[2023-11-22T07:15:08.210+0000] {task_command.py:416} INFO - Running <TaskInstance: outcomes_dag.Load scheduled__2023-11-19T00:00:00+00:00 [running]> on host 011245d9ad62
[2023-11-22T07:15:08.335+0000] {taskinstance.py:1662} INFO - Exporting env vars: AIRFLOW_CTX_DAG_OWNER='***' AIRFLOW_CTX_DAG_ID='outcomes_dag' AIRFLOW_CTX_TASK_ID='Load' AIRFLOW_CTX_EXECUTION_DATE='2023-11-19T00:00:00+00:00' AIRFLOW_CTX_TRY_NUMBER='1' AIRFLOW_CTX_DAG_RUN_ID='scheduled__2023-11-19T00:00:00+00:00'
[2023-11-22T07:15:08.342+0000] {logging_mixin.py:154} INFO - Getting data from Cloud Storage
[2023-11-22T07:15:09.411+0000] {logging_mixin.py:154} INFO - Data is in Staging Table...
[2023-11-22T07:15:09.413+0000] {python.py:194} INFO - Done. Returned value was: None
[2023-11-22T07:15:09.439+0000] {taskinstance.py:1400} INFO - Marking task as SUCCESS. dag_id=outcomes_dag, task_id=Load, execution_date=20231119T000000, start_date=20231122T071507, end_date=20231122T071509
[2023-11-22T07:15:09.516+0000] {local_task_job_runner.py:228} INFO - Task exited with return code 0
[2023-11-22T07:54:43.193+0000] {taskinstance.py:1159} INFO - Dependencies all met for dep_context=non-requeueable deps ti=<TaskInstance: outcomes_dag.Load scheduled__2023-11-19T00:00:00+00:00 [queued]>
[2023-11-22T07:54:43.200+0000] {taskinstance.py:1159} INFO - Dependencies all met for dep_context=requeueable deps ti=<TaskInstance: outcomes_dag.Load scheduled__2023-11-19T00:00:00+00:00 [queued]>
[2023-11-22T07:54:43.200+0000] {taskinstance.py:1361} INFO - Starting attempt 1 of 4
[2023-11-22T07:54:43.208+0000] {taskinstance.py:1382} INFO - Executing <Task(PythonOperator): Load> on 2023-11-19 00:00:00+00:00
[2023-11-22T07:54:43.220+0000] {standard_task_runner.py:57} INFO - Started process 476 to run task
[2023-11-22T07:54:43.229+0000] {standard_task_runner.py:84} INFO - Running: ['***', 'tasks', 'run', 'outcomes_dag', 'Load', 'scheduled__2023-11-19T00:00:00+00:00', '--job-id', '80', '--raw', '--subdir', 'DAGS_FOLDER/outcomes_dag.py', '--cfg-path', '/tmp/tmp64tdmgw8']
[2023-11-22T07:54:43.236+0000] {standard_task_runner.py:85} INFO - Job 80: Subtask Load
[2023-11-22T07:54:43.296+0000] {task_command.py:416} INFO - Running <TaskInstance: outcomes_dag.Load scheduled__2023-11-19T00:00:00+00:00 [running]> on host 6318e996d951
[2023-11-22T07:54:43.397+0000] {taskinstance.py:1662} INFO - Exporting env vars: AIRFLOW_CTX_DAG_OWNER='***' AIRFLOW_CTX_DAG_ID='outcomes_dag' AIRFLOW_CTX_TASK_ID='Load' AIRFLOW_CTX_EXECUTION_DATE='2023-11-19T00:00:00+00:00' AIRFLOW_CTX_TRY_NUMBER='1' AIRFLOW_CTX_DAG_RUN_ID='scheduled__2023-11-19T00:00:00+00:00'
[2023-11-22T07:54:43.399+0000] {logging_mixin.py:154} INFO - Getting data from Cloud Storage
[2023-11-22T07:54:44.144+0000] {logging_mixin.py:154} INFO - Data is in Staging Table...
[2023-11-22T07:54:44.145+0000] {python.py:194} INFO - Done. Returned value was: None
[2023-11-22T07:54:44.165+0000] {taskinstance.py:1400} INFO - Marking task as SUCCESS. dag_id=outcomes_dag, task_id=Load, execution_date=20231119T000000, start_date=20231122T075443, end_date=20231122T075444
[2023-11-22T07:54:44.214+0000] {local_task_job_runner.py:228} INFO - Task exited with return code 0
[2023-11-23T01:50:05.461+0000] {taskinstance.py:1159} INFO - Dependencies all met for dep_context=non-requeueable deps ti=<TaskInstance: outcomes_dag.Load scheduled__2023-11-19T00:00:00+00:00 [queued]>
[2023-11-23T01:50:05.466+0000] {taskinstance.py:1159} INFO - Dependencies all met for dep_context=requeueable deps ti=<TaskInstance: outcomes_dag.Load scheduled__2023-11-19T00:00:00+00:00 [queued]>
[2023-11-23T01:50:05.466+0000] {taskinstance.py:1361} INFO - Starting attempt 1 of 4
[2023-11-23T01:50:05.473+0000] {taskinstance.py:1382} INFO - Executing <Task(PythonOperator): Load> on 2023-11-19 00:00:00+00:00
[2023-11-23T01:50:05.492+0000] {standard_task_runner.py:57} INFO - Started process 303 to run task
[2023-11-23T01:50:05.508+0000] {standard_task_runner.py:84} INFO - Running: ['***', 'tasks', 'run', 'outcomes_dag', 'Load', 'scheduled__2023-11-19T00:00:00+00:00', '--job-id', '80', '--raw', '--subdir', 'DAGS_FOLDER/outcomes_dag.py', '--cfg-path', '/tmp/tmp2o94htvx']
[2023-11-23T01:50:05.519+0000] {standard_task_runner.py:85} INFO - Job 80: Subtask Load
[2023-11-23T01:50:05.577+0000] {task_command.py:416} INFO - Running <TaskInstance: outcomes_dag.Load scheduled__2023-11-19T00:00:00+00:00 [running]> on host d15d3caa5b00
[2023-11-23T01:50:05.664+0000] {taskinstance.py:1662} INFO - Exporting env vars: AIRFLOW_CTX_DAG_OWNER='***' AIRFLOW_CTX_DAG_ID='outcomes_dag' AIRFLOW_CTX_TASK_ID='Load' AIRFLOW_CTX_EXECUTION_DATE='2023-11-19T00:00:00+00:00' AIRFLOW_CTX_TRY_NUMBER='1' AIRFLOW_CTX_DAG_RUN_ID='scheduled__2023-11-19T00:00:00+00:00'
[2023-11-23T01:50:05.666+0000] {logging_mixin.py:154} INFO - Getting data from Cloud Storage
[2023-11-23T01:50:06.702+0000] {logging_mixin.py:154} INFO - Data is in Staging Table...
[2023-11-23T01:50:06.702+0000] {python.py:194} INFO - Done. Returned value was: None
[2023-11-23T01:50:06.712+0000] {taskinstance.py:1400} INFO - Marking task as SUCCESS. dag_id=outcomes_dag, task_id=Load, execution_date=20231119T000000, start_date=20231123T015005, end_date=20231123T015006
[2023-11-23T01:50:06.746+0000] {local_task_job_runner.py:228} INFO - Task exited with return code 0
[2023-11-23T01:58:43.729+0000] {taskinstance.py:1159} INFO - Dependencies all met for dep_context=non-requeueable deps ti=<TaskInstance: outcomes_dag.Load scheduled__2023-11-19T00:00:00+00:00 [queued]>
[2023-11-23T01:58:43.790+0000] {taskinstance.py:1159} INFO - Dependencies all met for dep_context=requeueable deps ti=<TaskInstance: outcomes_dag.Load scheduled__2023-11-19T00:00:00+00:00 [queued]>
[2023-11-23T01:58:43.791+0000] {taskinstance.py:1361} INFO - Starting attempt 1 of 4
[2023-11-23T01:58:43.814+0000] {taskinstance.py:1382} INFO - Executing <Task(PythonOperator): Load> on 2023-11-19 00:00:00+00:00
[2023-11-23T01:58:43.837+0000] {standard_task_runner.py:57} INFO - Started process 116 to run task
[2023-11-23T01:58:43.866+0000] {standard_task_runner.py:84} INFO - Running: ['***', 'tasks', 'run', 'outcomes_dag', 'Load', 'scheduled__2023-11-19T00:00:00+00:00', '--job-id', '19', '--raw', '--subdir', 'DAGS_FOLDER/outcomes_dag.py', '--cfg-path', '/tmp/tmpxbxar4yr']
[2023-11-23T01:58:43.878+0000] {standard_task_runner.py:85} INFO - Job 19: Subtask Load
[2023-11-23T01:58:44.038+0000] {task_command.py:416} INFO - Running <TaskInstance: outcomes_dag.Load scheduled__2023-11-19T00:00:00+00:00 [running]> on host 3cdc572bc068
[2023-11-23T01:58:44.251+0000] {taskinstance.py:1662} INFO - Exporting env vars: AIRFLOW_CTX_DAG_OWNER='***' AIRFLOW_CTX_DAG_ID='outcomes_dag' AIRFLOW_CTX_TASK_ID='Load' AIRFLOW_CTX_EXECUTION_DATE='2023-11-19T00:00:00+00:00' AIRFLOW_CTX_TRY_NUMBER='1' AIRFLOW_CTX_DAG_RUN_ID='scheduled__2023-11-19T00:00:00+00:00'
[2023-11-23T01:58:44.257+0000] {logging_mixin.py:154} INFO - Getting data from Cloud Storage
[2023-11-23T01:58:45.022+0000] {logging_mixin.py:154} INFO - Data is in Staging Table...
[2023-11-23T01:58:45.023+0000] {python.py:194} INFO - Done. Returned value was: None
[2023-11-23T01:58:45.038+0000] {taskinstance.py:1400} INFO - Marking task as SUCCESS. dag_id=outcomes_dag, task_id=Load, execution_date=20231119T000000, start_date=20231123T015843, end_date=20231123T015845
[2023-11-23T01:58:45.096+0000] {local_task_job_runner.py:228} INFO - Task exited with return code 0
[2023-11-23T02:59:44.370+0000] {taskinstance.py:1159} INFO - Dependencies all met for dep_context=non-requeueable deps ti=<TaskInstance: outcomes_dag.Load scheduled__2023-11-19T00:00:00+00:00 [queued]>
[2023-11-23T02:59:44.395+0000] {taskinstance.py:1159} INFO - Dependencies all met for dep_context=requeueable deps ti=<TaskInstance: outcomes_dag.Load scheduled__2023-11-19T00:00:00+00:00 [queued]>
[2023-11-23T02:59:44.396+0000] {taskinstance.py:1361} INFO - Starting attempt 1 of 4
[2023-11-23T02:59:44.870+0000] {taskinstance.py:1382} INFO - Executing <Task(PythonOperator): Load> on 2023-11-19 00:00:00+00:00
[2023-11-23T02:59:44.879+0000] {standard_task_runner.py:57} INFO - Started process 165 to run task
[2023-11-23T02:59:44.907+0000] {standard_task_runner.py:84} INFO - Running: ['***', 'tasks', 'run', 'outcomes_dag', 'Load', 'scheduled__2023-11-19T00:00:00+00:00', '--job-id', '19', '--raw', '--subdir', 'DAGS_FOLDER/outcomes_dag.py', '--cfg-path', '/tmp/tmpo_z4h9m1']
[2023-11-23T02:59:44.927+0000] {standard_task_runner.py:85} INFO - Job 19: Subtask Load
[2023-11-23T02:59:45.027+0000] {task_command.py:416} INFO - Running <TaskInstance: outcomes_dag.Load scheduled__2023-11-19T00:00:00+00:00 [running]> on host 1268bd8e5db0
[2023-11-23T02:59:45.227+0000] {taskinstance.py:1662} INFO - Exporting env vars: AIRFLOW_CTX_DAG_OWNER='***' AIRFLOW_CTX_DAG_ID='outcomes_dag' AIRFLOW_CTX_TASK_ID='Load' AIRFLOW_CTX_EXECUTION_DATE='2023-11-19T00:00:00+00:00' AIRFLOW_CTX_TRY_NUMBER='1' AIRFLOW_CTX_DAG_RUN_ID='scheduled__2023-11-19T00:00:00+00:00'
[2023-11-23T02:59:45.230+0000] {logging_mixin.py:154} INFO - Getting data from Cloud Storage
[2023-11-23T02:59:46.197+0000] {logging_mixin.py:154} INFO - Data is in Staging Area...
[2023-11-23T02:59:46.198+0000] {python.py:194} INFO - Done. Returned value was: None
[2023-11-23T02:59:46.235+0000] {taskinstance.py:1400} INFO - Marking task as SUCCESS. dag_id=outcomes_dag, task_id=Load, execution_date=20231119T000000, start_date=20231123T025944, end_date=20231123T025946
[2023-11-23T02:59:46.287+0000] {local_task_job_runner.py:228} INFO - Task exited with return code 0
[2023-11-23T03:42:09.329+0000] {taskinstance.py:1159} INFO - Dependencies all met for dep_context=non-requeueable deps ti=<TaskInstance: outcomes_dag.Load scheduled__2023-11-19T00:00:00+00:00 [queued]>
[2023-11-23T03:42:09.336+0000] {taskinstance.py:1159} INFO - Dependencies all met for dep_context=requeueable deps ti=<TaskInstance: outcomes_dag.Load scheduled__2023-11-19T00:00:00+00:00 [queued]>
[2023-11-23T03:42:09.337+0000] {taskinstance.py:1361} INFO - Starting attempt 1 of 4
[2023-11-23T03:42:09.356+0000] {taskinstance.py:1382} INFO - Executing <Task(PythonOperator): Load> on 2023-11-19 00:00:00+00:00
[2023-11-23T03:42:09.371+0000] {standard_task_runner.py:57} INFO - Started process 551 to run task
[2023-11-23T03:42:09.376+0000] {standard_task_runner.py:84} INFO - Running: ['***', 'tasks', 'run', 'outcomes_dag', 'Load', 'scheduled__2023-11-19T00:00:00+00:00', '--job-id', '159', '--raw', '--subdir', 'DAGS_FOLDER/outcomes_dag.py', '--cfg-path', '/tmp/tmpwt4mhi4e']
[2023-11-23T03:42:09.382+0000] {standard_task_runner.py:85} INFO - Job 159: Subtask Load
[2023-11-23T03:42:09.442+0000] {task_command.py:416} INFO - Running <TaskInstance: outcomes_dag.Load scheduled__2023-11-19T00:00:00+00:00 [running]> on host e647c96745b0
[2023-11-23T03:42:09.520+0000] {taskinstance.py:1662} INFO - Exporting env vars: AIRFLOW_CTX_DAG_OWNER='***' AIRFLOW_CTX_DAG_ID='outcomes_dag' AIRFLOW_CTX_TASK_ID='Load' AIRFLOW_CTX_EXECUTION_DATE='2023-11-19T00:00:00+00:00' AIRFLOW_CTX_TRY_NUMBER='1' AIRFLOW_CTX_DAG_RUN_ID='scheduled__2023-11-19T00:00:00+00:00'
[2023-11-23T03:42:09.527+0000] {logging_mixin.py:154} INFO - Getting data from Cloud Storage
[2023-11-23T03:42:10.286+0000] {logging_mixin.py:154} INFO - Data is in Staging Area...
[2023-11-23T03:42:10.287+0000] {python.py:194} INFO - Done. Returned value was: None
[2023-11-23T03:42:10.305+0000] {taskinstance.py:1400} INFO - Marking task as SUCCESS. dag_id=outcomes_dag, task_id=Load, execution_date=20231119T000000, start_date=20231123T034209, end_date=20231123T034210
[2023-11-23T03:42:10.409+0000] {local_task_job_runner.py:228} INFO - Task exited with return code 0
