[2023-11-20T22:16:39.478+0000] {taskinstance.py:1159} INFO - Dependencies all met for dep_context=non-requeueable deps ti=<TaskInstance: outcomes_dag.step1 scheduled__2023-11-08T00:00:00+00:00 [queued]>
[2023-11-20T22:16:39.497+0000] {taskinstance.py:1159} INFO - Dependencies all met for dep_context=requeueable deps ti=<TaskInstance: outcomes_dag.step1 scheduled__2023-11-08T00:00:00+00:00 [queued]>
[2023-11-20T22:16:39.502+0000] {taskinstance.py:1361} INFO - Starting attempt 1 of 1
[2023-11-20T22:16:39.518+0000] {taskinstance.py:1382} INFO - Executing <Task(BashOperator): step1> on 2023-11-08 00:00:00+00:00
[2023-11-20T22:16:39.523+0000] {standard_task_runner.py:57} INFO - Started process 369 to run task
[2023-11-20T22:16:39.532+0000] {standard_task_runner.py:84} INFO - Running: ['***', 'tasks', 'run', 'outcomes_dag', 'step1', 'scheduled__2023-11-08T00:00:00+00:00', '--job-id', '25', '--raw', '--subdir', 'DAGS_FOLDER/outcomes_dag.py', '--cfg-path', '/tmp/tmp3hdf2wbz']
[2023-11-20T22:16:39.537+0000] {standard_task_runner.py:85} INFO - Job 25: Subtask step1
[2023-11-20T22:16:39.674+0000] {task_command.py:416} INFO - Running <TaskInstance: outcomes_dag.step1 scheduled__2023-11-08T00:00:00+00:00 [running]> on host 323903d45442
[2023-11-20T22:16:39.836+0000] {taskinstance.py:1662} INFO - Exporting env vars: AIRFLOW_CTX_DAG_OWNER='***' AIRFLOW_CTX_DAG_ID='outcomes_dag' AIRFLOW_CTX_TASK_ID='step1' AIRFLOW_CTX_EXECUTION_DATE='2023-11-08T00:00:00+00:00' AIRFLOW_CTX_TRY_NUMBER='1' AIRFLOW_CTX_DAG_RUN_ID='scheduled__2023-11-08T00:00:00+00:00'
[2023-11-20T22:16:39.840+0000] {subprocess.py:63} INFO - Tmp dir root location: /tmp
[2023-11-20T22:16:39.844+0000] {subprocess.py:75} INFO - Running command: ['/bin/bash', '-c', 'echo 1']
[2023-11-20T22:16:39.895+0000] {subprocess.py:86} INFO - Output:
[2023-11-20T22:16:39.896+0000] {subprocess.py:93} INFO - 1
[2023-11-20T22:16:39.900+0000] {subprocess.py:97} INFO - Command exited with return code 0
[2023-11-20T22:16:39.964+0000] {taskinstance.py:1400} INFO - Marking task as SUCCESS. dag_id=outcomes_dag, task_id=step1, execution_date=20231108T000000, start_date=20231120T221639, end_date=20231120T221639
[2023-11-20T22:16:40.033+0000] {local_task_job_runner.py:228} INFO - Task exited with return code 0
[2023-11-20T22:16:40.056+0000] {taskinstance.py:2778} INFO - 0 downstream tasks scheduled from follow-on schedule check
[2023-11-21T01:20:36.077+0000] {taskinstance.py:1159} INFO - Dependencies all met for dep_context=non-requeueable deps ti=<TaskInstance: outcomes_dag.step1 scheduled__2023-11-08T00:00:00+00:00 [queued]>
[2023-11-21T01:20:36.146+0000] {taskinstance.py:1159} INFO - Dependencies all met for dep_context=requeueable deps ti=<TaskInstance: outcomes_dag.step1 scheduled__2023-11-08T00:00:00+00:00 [queued]>
[2023-11-21T01:20:36.146+0000] {taskinstance.py:1361} INFO - Starting attempt 1 of 1
[2023-11-21T01:20:36.208+0000] {taskinstance.py:1382} INFO - Executing <Task(BashOperator): step1> on 2023-11-08 00:00:00+00:00
[2023-11-21T01:20:36.275+0000] {standard_task_runner.py:57} INFO - Started process 151 to run task
[2023-11-21T01:20:36.321+0000] {standard_task_runner.py:84} INFO - Running: ['***', 'tasks', 'run', 'outcomes_dag', 'step1', 'scheduled__2023-11-08T00:00:00+00:00', '--job-id', '20', '--raw', '--subdir', 'DAGS_FOLDER/outcomes_dag.py', '--cfg-path', '/tmp/tmpi1ejrc0g']
[2023-11-21T01:20:36.385+0000] {standard_task_runner.py:85} INFO - Job 20: Subtask step1
[2023-11-21T01:20:36.659+0000] {task_command.py:416} INFO - Running <TaskInstance: outcomes_dag.step1 scheduled__2023-11-08T00:00:00+00:00 [running]> on host f31a30014ab0
[2023-11-21T01:20:45.933+0000] {taskinstance.py:1662} INFO - Exporting env vars: AIRFLOW_CTX_DAG_OWNER='***' AIRFLOW_CTX_DAG_ID='outcomes_dag' AIRFLOW_CTX_TASK_ID='step1' AIRFLOW_CTX_EXECUTION_DATE='2023-11-08T00:00:00+00:00' AIRFLOW_CTX_TRY_NUMBER='1' AIRFLOW_CTX_DAG_RUN_ID='scheduled__2023-11-08T00:00:00+00:00'
[2023-11-21T01:20:46.007+0000] {subprocess.py:63} INFO - Tmp dir root location: /tmp
[2023-11-21T01:20:46.018+0000] {subprocess.py:75} INFO - Running command: ['/bin/bash', '-c', 'curl --create-dirs -o /opt/***/data/2023-11-08/downloads/outcomes_2023-11-08.json https://data.austintexas.gov/resource/9t4d-g238.json']
[2023-11-21T01:20:46.330+0000] {subprocess.py:86} INFO - Output:
[2023-11-21T01:20:46.475+0000] {subprocess.py:93} INFO -   % Total    % Received % Xferd  Average Speed   Time    Time     Time  Current
[2023-11-21T01:20:46.476+0000] {subprocess.py:93} INFO -                                  Dload  Upload   Total   Spent    Left  Speed
[2023-11-21T01:20:47.710+0000] {subprocess.py:93} INFO -   0     0    0     0    0     0      0      0 --:--:-- --:--:-- --:--:--     0  0     0    0     0    0     0      0      0 --:--:-- --:--:-- --:--:--     0100  320k    0  320k    0     0   258k      0 --:--:--  0:00:01 --:--:--  258k
[2023-11-21T01:20:47.816+0000] {subprocess.py:97} INFO - Command exited with return code 0
[2023-11-21T01:20:48.432+0000] {taskinstance.py:1400} INFO - Marking task as SUCCESS. dag_id=outcomes_dag, task_id=step1, execution_date=20231108T000000, start_date=20231121T012036, end_date=20231121T012048
[2023-11-21T01:20:49.159+0000] {local_task_job_runner.py:228} INFO - Task exited with return code 0
[2023-11-21T01:20:49.771+0000] {taskinstance.py:2778} INFO - 1 downstream tasks scheduled from follow-on schedule check
[2023-11-21T02:36:14.085+0000] {taskinstance.py:1159} INFO - Dependencies all met for dep_context=non-requeueable deps ti=<TaskInstance: outcomes_dag.step1 scheduled__2023-11-08T00:00:00+00:00 [queued]>
[2023-11-21T02:36:14.118+0000] {taskinstance.py:1159} INFO - Dependencies all met for dep_context=requeueable deps ti=<TaskInstance: outcomes_dag.step1 scheduled__2023-11-08T00:00:00+00:00 [queued]>
[2023-11-21T02:36:14.120+0000] {taskinstance.py:1361} INFO - Starting attempt 1 of 1
[2023-11-21T02:36:14.152+0000] {taskinstance.py:1382} INFO - Executing <Task(BashOperator): step1> on 2023-11-08 00:00:00+00:00
[2023-11-21T02:36:14.161+0000] {standard_task_runner.py:57} INFO - Started process 137 to run task
[2023-11-21T02:36:14.178+0000] {standard_task_runner.py:84} INFO - Running: ['***', 'tasks', 'run', 'outcomes_dag', 'step1', 'scheduled__2023-11-08T00:00:00+00:00', '--job-id', '21', '--raw', '--subdir', 'DAGS_FOLDER/outcomes_dag.py', '--cfg-path', '/tmp/tmpxzyhkce7']
[2023-11-21T02:36:14.192+0000] {standard_task_runner.py:85} INFO - Job 21: Subtask step1
[2023-11-21T02:36:14.420+0000] {task_command.py:416} INFO - Running <TaskInstance: outcomes_dag.step1 scheduled__2023-11-08T00:00:00+00:00 [running]> on host b875fa978b1e
[2023-11-21T02:36:17.363+0000] {taskinstance.py:1662} INFO - Exporting env vars: AIRFLOW_CTX_DAG_OWNER='***' AIRFLOW_CTX_DAG_ID='outcomes_dag' AIRFLOW_CTX_TASK_ID='step1' AIRFLOW_CTX_EXECUTION_DATE='2023-11-08T00:00:00+00:00' AIRFLOW_CTX_TRY_NUMBER='1' AIRFLOW_CTX_DAG_RUN_ID='scheduled__2023-11-08T00:00:00+00:00'
[2023-11-21T02:36:17.370+0000] {subprocess.py:63} INFO - Tmp dir root location: /tmp
[2023-11-21T02:36:17.371+0000] {subprocess.py:75} INFO - Running command: ['/bin/bash', '-c', 'curl --create-dirs -o /opt/***/data/2023-11-08/downloads/outcomes_2023-11-08.json https://data.austintexas.gov/resource/9t4d-g238.json']
[2023-11-21T02:36:17.467+0000] {subprocess.py:86} INFO - Output:
[2023-11-21T02:36:17.574+0000] {subprocess.py:93} INFO -   % Total    % Received % Xferd  Average Speed   Time    Time     Time  Current
[2023-11-21T02:36:17.576+0000] {subprocess.py:93} INFO -                                  Dload  Upload   Total   Spent    Left  Speed
[2023-11-21T02:36:18.508+0000] {subprocess.py:93} INFO -   0     0    0     0    0     0      0      0 --:--:-- --:--:-- --:--:--     0100 31720    0 31720    0     0  45056      0 --:--:-- --:--:-- --:--:-- 44992100  320k    0  320k    0     0   346k      0 --:--:-- --:--:-- --:--:--  346k
[2023-11-21T02:36:18.527+0000] {subprocess.py:97} INFO - Command exited with return code 0
[2023-11-21T02:36:18.642+0000] {taskinstance.py:1400} INFO - Marking task as SUCCESS. dag_id=outcomes_dag, task_id=step1, execution_date=20231108T000000, start_date=20231121T023614, end_date=20231121T023618
[2023-11-21T02:36:18.726+0000] {local_task_job_runner.py:228} INFO - Task exited with return code 0
[2023-11-21T02:36:18.999+0000] {taskinstance.py:2778} INFO - 1 downstream tasks scheduled from follow-on schedule check
