[2023-11-21T01:21:00.373+0000] {taskinstance.py:1159} INFO - Dependencies all met for dep_context=non-requeueable deps ti=<TaskInstance: outcomes_dag.transform scheduled__2023-11-13T00:00:00+00:00 [queued]>
[2023-11-21T01:21:00.441+0000] {taskinstance.py:1159} INFO - Dependencies all met for dep_context=requeueable deps ti=<TaskInstance: outcomes_dag.transform scheduled__2023-11-13T00:00:00+00:00 [queued]>
[2023-11-21T01:21:00.442+0000] {taskinstance.py:1361} INFO - Starting attempt 1 of 1
[2023-11-21T01:21:00.534+0000] {taskinstance.py:1382} INFO - Executing <Task(PythonOperator): transform> on 2023-11-13 00:00:00+00:00
[2023-11-21T01:21:00.594+0000] {standard_task_runner.py:57} INFO - Started process 242 to run task
[2023-11-21T01:21:00.670+0000] {standard_task_runner.py:84} INFO - Running: ['***', 'tasks', 'run', 'outcomes_dag', 'transform', 'scheduled__2023-11-13T00:00:00+00:00', '--job-id', '46', '--raw', '--subdir', 'DAGS_FOLDER/outcomes_dag.py', '--cfg-path', '/tmp/tmpkv6vbwk0']
[2023-11-21T01:21:00.864+0000] {standard_task_runner.py:85} INFO - Job 46: Subtask transform
[2023-11-21T01:21:01.523+0000] {task_command.py:416} INFO - Running <TaskInstance: outcomes_dag.transform scheduled__2023-11-13T00:00:00+00:00 [running]> on host f31a30014ab0
[2023-11-21T01:21:09.469+0000] {taskinstance.py:1662} INFO - Exporting env vars: AIRFLOW_CTX_DAG_OWNER='***' AIRFLOW_CTX_DAG_ID='outcomes_dag' AIRFLOW_CTX_TASK_ID='transform' AIRFLOW_CTX_EXECUTION_DATE='2023-11-13T00:00:00+00:00' AIRFLOW_CTX_TRY_NUMBER='1' AIRFLOW_CTX_DAG_RUN_ID='scheduled__2023-11-13T00:00:00+00:00'
[2023-11-21T01:21:09.796+0000] {python.py:194} INFO - Done. Returned value was: None
[2023-11-21T01:21:09.873+0000] {taskinstance.py:1400} INFO - Marking task as SUCCESS. dag_id=outcomes_dag, task_id=transform, execution_date=20231113T000000, start_date=20231121T012100, end_date=20231121T012109
[2023-11-21T01:21:10.144+0000] {local_task_job_runner.py:228} INFO - Task exited with return code 0
[2023-11-21T01:21:10.463+0000] {taskinstance.py:2778} INFO - 0 downstream tasks scheduled from follow-on schedule check
[2023-11-21T02:36:24.956+0000] {taskinstance.py:1159} INFO - Dependencies all met for dep_context=non-requeueable deps ti=<TaskInstance: outcomes_dag.transform scheduled__2023-11-13T00:00:00+00:00 [queued]>
[2023-11-21T02:36:24.981+0000] {taskinstance.py:1159} INFO - Dependencies all met for dep_context=requeueable deps ti=<TaskInstance: outcomes_dag.transform scheduled__2023-11-13T00:00:00+00:00 [queued]>
[2023-11-21T02:36:24.985+0000] {taskinstance.py:1361} INFO - Starting attempt 1 of 1
[2023-11-21T02:36:25.029+0000] {taskinstance.py:1382} INFO - Executing <Task(PythonOperator): transform> on 2023-11-13 00:00:00+00:00
[2023-11-21T02:36:25.119+0000] {standard_task_runner.py:57} INFO - Started process 227 to run task
[2023-11-21T02:36:25.183+0000] {standard_task_runner.py:84} INFO - Running: ['***', 'tasks', 'run', 'outcomes_dag', 'transform', 'scheduled__2023-11-13T00:00:00+00:00', '--job-id', '44', '--raw', '--subdir', 'DAGS_FOLDER/outcomes_dag.py', '--cfg-path', '/tmp/tmpr_s_guh6']
[2023-11-21T02:36:25.235+0000] {standard_task_runner.py:85} INFO - Job 44: Subtask transform
[2023-11-21T02:36:25.381+0000] {task_command.py:416} INFO - Running <TaskInstance: outcomes_dag.transform scheduled__2023-11-13T00:00:00+00:00 [running]> on host b875fa978b1e
[2023-11-21T02:36:27.949+0000] {taskinstance.py:1662} INFO - Exporting env vars: AIRFLOW_CTX_DAG_OWNER='***' AIRFLOW_CTX_DAG_ID='outcomes_dag' AIRFLOW_CTX_TASK_ID='transform' AIRFLOW_CTX_EXECUTION_DATE='2023-11-13T00:00:00+00:00' AIRFLOW_CTX_TRY_NUMBER='1' AIRFLOW_CTX_DAG_RUN_ID='scheduled__2023-11-13T00:00:00+00:00'
[2023-11-21T02:36:28.121+0000] {python.py:194} INFO - Done. Returned value was: None
[2023-11-21T02:36:28.190+0000] {taskinstance.py:1400} INFO - Marking task as SUCCESS. dag_id=outcomes_dag, task_id=transform, execution_date=20231113T000000, start_date=20231121T023624, end_date=20231121T023628
[2023-11-21T02:36:28.407+0000] {local_task_job_runner.py:228} INFO - Task exited with return code 0
[2023-11-21T02:36:28.523+0000] {taskinstance.py:2778} INFO - 0 downstream tasks scheduled from follow-on schedule check
[2023-11-22T07:54:01.448+0000] {taskinstance.py:1159} INFO - Dependencies all met for dep_context=non-requeueable deps ti=<TaskInstance: outcomes_dag.Transform scheduled__2023-11-13T00:00:00+00:00 [queued]>
[2023-11-22T07:54:01.499+0000] {taskinstance.py:1159} INFO - Dependencies all met for dep_context=requeueable deps ti=<TaskInstance: outcomes_dag.Transform scheduled__2023-11-13T00:00:00+00:00 [queued]>
[2023-11-22T07:54:01.503+0000] {taskinstance.py:1361} INFO - Starting attempt 1 of 1
[2023-11-22T07:54:01.551+0000] {taskinstance.py:1382} INFO - Executing <Task(PythonOperator): Transform> on 2023-11-13 00:00:00+00:00
[2023-11-22T07:54:01.610+0000] {standard_task_runner.py:57} INFO - Started process 350 to run task
[2023-11-22T07:54:01.636+0000] {standard_task_runner.py:84} INFO - Running: ['***', 'tasks', 'run', 'outcomes_dag', 'Transform', 'scheduled__2023-11-13T00:00:00+00:00', '--job-id', '31', '--raw', '--subdir', 'DAGS_FOLDER/outcomes_dag.py', '--cfg-path', '/tmp/tmphnd6qgas']
[2023-11-22T07:54:01.679+0000] {standard_task_runner.py:85} INFO - Job 31: Subtask Transform
[2023-11-22T07:54:01.979+0000] {task_command.py:416} INFO - Running <TaskInstance: outcomes_dag.Transform scheduled__2023-11-13T00:00:00+00:00 [running]> on host 6318e996d951
[2023-11-22T07:54:02.332+0000] {taskinstance.py:1662} INFO - Exporting env vars: AIRFLOW_CTX_DAG_OWNER='***' AIRFLOW_CTX_DAG_ID='outcomes_dag' AIRFLOW_CTX_TASK_ID='Transform' AIRFLOW_CTX_EXECUTION_DATE='2023-11-13T00:00:00+00:00' AIRFLOW_CTX_TRY_NUMBER='1' AIRFLOW_CTX_DAG_RUN_ID='scheduled__2023-11-13T00:00:00+00:00'
[2023-11-22T07:54:02.347+0000] {logging_mixin.py:154} INFO - Getting data from Cloud Storage
[2023-11-22T07:54:03.400+0000] {logging_mixin.py:154} INFO - Index(['animal_id', 'datetime', 'monthyear', 'date_of_birth', 'outcome_type',
       'outcome_subtype', 'animal_type', 'sex_upon_outcome',
       'age_upon_outcome', 'breed', 'color', 'name'],
      dtype='object')
[2023-11-22T07:54:03.845+0000] {logging_mixin.py:154} INFO - Data Deposited into Cloud Storage
[2023-11-22T07:54:03.847+0000] {python.py:194} INFO - Done. Returned value was: None
[2023-11-22T07:54:03.965+0000] {taskinstance.py:1400} INFO - Marking task as SUCCESS. dag_id=outcomes_dag, task_id=Transform, execution_date=20231113T000000, start_date=20231122T075401, end_date=20231122T075403
[2023-11-22T07:54:04.115+0000] {local_task_job_runner.py:228} INFO - Task exited with return code 0
[2023-11-22T22:41:28.380+0000] {taskinstance.py:1159} INFO - Dependencies all met for dep_context=non-requeueable deps ti=<TaskInstance: outcomes_dag.Transform scheduled__2023-11-13T00:00:00+00:00 [queued]>
[2023-11-22T22:41:28.417+0000] {taskinstance.py:1159} INFO - Dependencies all met for dep_context=requeueable deps ti=<TaskInstance: outcomes_dag.Transform scheduled__2023-11-13T00:00:00+00:00 [queued]>
[2023-11-22T22:41:28.419+0000] {taskinstance.py:1361} INFO - Starting attempt 1 of 1
[2023-11-22T22:41:28.550+0000] {taskinstance.py:1382} INFO - Executing <Task(PythonOperator): Transform> on 2023-11-13 00:00:00+00:00
[2023-11-22T22:41:28.611+0000] {standard_task_runner.py:57} INFO - Started process 182 to run task
[2023-11-22T22:41:28.644+0000] {standard_task_runner.py:84} INFO - Running: ['***', 'tasks', 'run', 'outcomes_dag', 'Transform', 'scheduled__2023-11-13T00:00:00+00:00', '--job-id', '29', '--raw', '--subdir', 'DAGS_FOLDER/outcomes_dag.py', '--cfg-path', '/tmp/tmpd_q4ko7s']
[2023-11-22T22:41:28.661+0000] {standard_task_runner.py:85} INFO - Job 29: Subtask Transform
[2023-11-22T22:41:29.046+0000] {task_command.py:416} INFO - Running <TaskInstance: outcomes_dag.Transform scheduled__2023-11-13T00:00:00+00:00 [running]> on host 8ac13583809b
[2023-11-22T22:41:29.256+0000] {taskinstance.py:1662} INFO - Exporting env vars: AIRFLOW_CTX_DAG_OWNER='***' AIRFLOW_CTX_DAG_ID='outcomes_dag' AIRFLOW_CTX_TASK_ID='Transform' AIRFLOW_CTX_EXECUTION_DATE='2023-11-13T00:00:00+00:00' AIRFLOW_CTX_TRY_NUMBER='1' AIRFLOW_CTX_DAG_RUN_ID='scheduled__2023-11-13T00:00:00+00:00'
[2023-11-22T22:41:29.262+0000] {logging_mixin.py:154} INFO - Getting data from Cloud Storage
[2023-11-22T22:41:29.820+0000] {logging_mixin.py:154} INFO - Index(['animal_id', 'name', 'datetime', 'monthyear', 'date_of_birth',
       'outcome_type', 'animal_type', 'sex_upon_outcome', 'age_upon_outcome',
       'breed', 'color', 'outcome_subtype'],
      dtype='object')
[2023-11-22T22:41:30.222+0000] {logging_mixin.py:154} INFO - Data Deposited into Cloud Storage
[2023-11-22T22:41:30.228+0000] {python.py:194} INFO - Done. Returned value was: None
[2023-11-22T22:41:30.265+0000] {taskinstance.py:1400} INFO - Marking task as SUCCESS. dag_id=outcomes_dag, task_id=Transform, execution_date=20231113T000000, start_date=20231122T224128, end_date=20231122T224130
[2023-11-22T22:41:30.327+0000] {local_task_job_runner.py:228} INFO - Task exited with return code 0
[2023-11-22T22:59:47.879+0000] {taskinstance.py:1159} INFO - Dependencies all met for dep_context=non-requeueable deps ti=<TaskInstance: outcomes_dag.Transform scheduled__2023-11-13T00:00:00+00:00 [queued]>
[2023-11-22T22:59:47.914+0000] {taskinstance.py:1159} INFO - Dependencies all met for dep_context=requeueable deps ti=<TaskInstance: outcomes_dag.Transform scheduled__2023-11-13T00:00:00+00:00 [queued]>
[2023-11-22T22:59:47.918+0000] {taskinstance.py:1361} INFO - Starting attempt 1 of 1
[2023-11-22T22:59:47.945+0000] {taskinstance.py:1382} INFO - Executing <Task(PythonOperator): Transform> on 2023-11-13 00:00:00+00:00
[2023-11-22T22:59:47.962+0000] {standard_task_runner.py:57} INFO - Started process 144 to run task
[2023-11-22T22:59:48.003+0000] {standard_task_runner.py:84} INFO - Running: ['***', 'tasks', 'run', 'outcomes_dag', 'Transform', 'scheduled__2023-11-13T00:00:00+00:00', '--job-id', '26', '--raw', '--subdir', 'DAGS_FOLDER/outcomes_dag.py', '--cfg-path', '/tmp/tmp257qxxy0']
[2023-11-22T22:59:48.049+0000] {standard_task_runner.py:85} INFO - Job 26: Subtask Transform
[2023-11-22T22:59:48.193+0000] {task_command.py:416} INFO - Running <TaskInstance: outcomes_dag.Transform scheduled__2023-11-13T00:00:00+00:00 [running]> on host 4b2f5af281f8
[2023-11-22T22:59:48.367+0000] {taskinstance.py:1662} INFO - Exporting env vars: AIRFLOW_CTX_DAG_OWNER='***' AIRFLOW_CTX_DAG_ID='outcomes_dag' AIRFLOW_CTX_TASK_ID='Transform' AIRFLOW_CTX_EXECUTION_DATE='2023-11-13T00:00:00+00:00' AIRFLOW_CTX_TRY_NUMBER='1' AIRFLOW_CTX_DAG_RUN_ID='scheduled__2023-11-13T00:00:00+00:00'
[2023-11-22T22:59:48.372+0000] {logging_mixin.py:154} INFO - Getting data from Cloud Storage
[2023-11-22T22:59:50.185+0000] {logging_mixin.py:154} INFO - Index(['animal_id', 'name', 'datetime', 'monthyear', 'date_of_birth',
       'outcome_type', 'animal_type', 'sex_upon_outcome', 'age_upon_outcome',
       'breed', 'color', 'outcome_subtype'],
      dtype='object')
[2023-11-22T22:59:50.622+0000] {logging_mixin.py:154} INFO - Data Deposited into Cloud Storage
[2023-11-22T22:59:50.622+0000] {python.py:194} INFO - Done. Returned value was: None
[2023-11-22T22:59:50.651+0000] {taskinstance.py:1400} INFO - Marking task as SUCCESS. dag_id=outcomes_dag, task_id=Transform, execution_date=20231113T000000, start_date=20231122T225947, end_date=20231122T225950
[2023-11-22T22:59:50.713+0000] {local_task_job_runner.py:228} INFO - Task exited with return code 0
[2023-11-22T23:20:16.394+0000] {taskinstance.py:1159} INFO - Dependencies all met for dep_context=non-requeueable deps ti=<TaskInstance: outcomes_dag.Transform scheduled__2023-11-13T00:00:00+00:00 [queued]>
[2023-11-22T23:20:16.406+0000] {taskinstance.py:1159} INFO - Dependencies all met for dep_context=requeueable deps ti=<TaskInstance: outcomes_dag.Transform scheduled__2023-11-13T00:00:00+00:00 [queued]>
[2023-11-22T23:20:16.407+0000] {taskinstance.py:1361} INFO - Starting attempt 1 of 1
[2023-11-22T23:20:16.436+0000] {taskinstance.py:1382} INFO - Executing <Task(PythonOperator): Transform> on 2023-11-13 00:00:00+00:00
[2023-11-22T23:20:16.447+0000] {standard_task_runner.py:57} INFO - Started process 150 to run task
[2023-11-22T23:20:16.462+0000] {standard_task_runner.py:84} INFO - Running: ['***', 'tasks', 'run', 'outcomes_dag', 'Transform', 'scheduled__2023-11-13T00:00:00+00:00', '--job-id', '31', '--raw', '--subdir', 'DAGS_FOLDER/outcomes_dag.py', '--cfg-path', '/tmp/tmpyd6z6fa7']
[2023-11-22T23:20:16.465+0000] {standard_task_runner.py:85} INFO - Job 31: Subtask Transform
[2023-11-22T23:20:16.593+0000] {task_command.py:416} INFO - Running <TaskInstance: outcomes_dag.Transform scheduled__2023-11-13T00:00:00+00:00 [running]> on host b410bfb4af5e
[2023-11-22T23:20:16.746+0000] {taskinstance.py:1662} INFO - Exporting env vars: AIRFLOW_CTX_DAG_OWNER='***' AIRFLOW_CTX_DAG_ID='outcomes_dag' AIRFLOW_CTX_TASK_ID='Transform' AIRFLOW_CTX_EXECUTION_DATE='2023-11-13T00:00:00+00:00' AIRFLOW_CTX_TRY_NUMBER='1' AIRFLOW_CTX_DAG_RUN_ID='scheduled__2023-11-13T00:00:00+00:00'
[2023-11-22T23:20:16.756+0000] {logging_mixin.py:154} INFO - Getting data from Cloud Storage
[2023-11-22T23:20:17.285+0000] {logging_mixin.py:154} INFO - Index(['animal_id', 'datetime', 'monthyear', 'date_of_birth', 'outcome_type',
       'outcome_subtype', 'animal_type', 'sex_upon_outcome',
       'age_upon_outcome', 'breed', 'color', 'name'],
      dtype='object')
[2023-11-22T23:20:17.690+0000] {logging_mixin.py:154} INFO - Data Deposited into Cloud Storage
[2023-11-22T23:20:17.694+0000] {python.py:194} INFO - Done. Returned value was: None
[2023-11-22T23:20:17.845+0000] {taskinstance.py:1400} INFO - Marking task as SUCCESS. dag_id=outcomes_dag, task_id=Transform, execution_date=20231113T000000, start_date=20231122T232016, end_date=20231122T232017
[2023-11-22T23:20:18.066+0000] {local_task_job_runner.py:228} INFO - Task exited with return code 0
[2023-11-22T23:43:04.464+0000] {taskinstance.py:1159} INFO - Dependencies all met for dep_context=non-requeueable deps ti=<TaskInstance: outcomes_dag.Transform scheduled__2023-11-13T00:00:00+00:00 [queued]>
[2023-11-22T23:43:04.506+0000] {taskinstance.py:1159} INFO - Dependencies all met for dep_context=requeueable deps ti=<TaskInstance: outcomes_dag.Transform scheduled__2023-11-13T00:00:00+00:00 [queued]>
[2023-11-22T23:43:04.511+0000] {taskinstance.py:1361} INFO - Starting attempt 1 of 1
[2023-11-22T23:43:04.583+0000] {taskinstance.py:1382} INFO - Executing <Task(PythonOperator): Transform> on 2023-11-13 00:00:00+00:00
[2023-11-22T23:43:04.623+0000] {standard_task_runner.py:57} INFO - Started process 165 to run task
[2023-11-22T23:43:04.634+0000] {standard_task_runner.py:84} INFO - Running: ['***', 'tasks', 'run', 'outcomes_dag', 'Transform', 'scheduled__2023-11-13T00:00:00+00:00', '--job-id', '31', '--raw', '--subdir', 'DAGS_FOLDER/outcomes_dag.py', '--cfg-path', '/tmp/tmpcf562hcc']
[2023-11-22T23:43:04.638+0000] {standard_task_runner.py:85} INFO - Job 31: Subtask Transform
[2023-11-22T23:43:04.790+0000] {task_command.py:416} INFO - Running <TaskInstance: outcomes_dag.Transform scheduled__2023-11-13T00:00:00+00:00 [running]> on host 371cae71aa63
[2023-11-22T23:43:05.055+0000] {taskinstance.py:1662} INFO - Exporting env vars: AIRFLOW_CTX_DAG_OWNER='***' AIRFLOW_CTX_DAG_ID='outcomes_dag' AIRFLOW_CTX_TASK_ID='Transform' AIRFLOW_CTX_EXECUTION_DATE='2023-11-13T00:00:00+00:00' AIRFLOW_CTX_TRY_NUMBER='1' AIRFLOW_CTX_DAG_RUN_ID='scheduled__2023-11-13T00:00:00+00:00'
[2023-11-22T23:43:05.076+0000] {logging_mixin.py:154} INFO - Getting data from Cloud Storage
[2023-11-22T23:43:05.617+0000] {logging_mixin.py:154} INFO - Index(['animal_id', 'datetime', 'monthyear', 'date_of_birth', 'outcome_type',
       'outcome_subtype', 'animal_type', 'sex_upon_outcome',
       'age_upon_outcome', 'breed', 'color', 'name'],
      dtype='object')
[2023-11-22T23:43:06.089+0000] {logging_mixin.py:154} INFO - Data Deposited into Cloud Storage
[2023-11-22T23:43:06.094+0000] {python.py:194} INFO - Done. Returned value was: None
[2023-11-22T23:43:06.155+0000] {taskinstance.py:1400} INFO - Marking task as SUCCESS. dag_id=outcomes_dag, task_id=Transform, execution_date=20231113T000000, start_date=20231122T234304, end_date=20231122T234306
[2023-11-22T23:43:06.348+0000] {local_task_job_runner.py:228} INFO - Task exited with return code 0
[2023-11-23T00:39:26.906+0000] {taskinstance.py:1159} INFO - Dependencies all met for dep_context=non-requeueable deps ti=<TaskInstance: outcomes_dag.Transform scheduled__2023-11-13T00:00:00+00:00 [queued]>
[2023-11-23T00:39:26.930+0000] {taskinstance.py:1159} INFO - Dependencies all met for dep_context=requeueable deps ti=<TaskInstance: outcomes_dag.Transform scheduled__2023-11-13T00:00:00+00:00 [queued]>
[2023-11-23T00:39:26.931+0000] {taskinstance.py:1361} INFO - Starting attempt 1 of 1
[2023-11-23T00:39:26.956+0000] {taskinstance.py:1382} INFO - Executing <Task(PythonOperator): Transform> on 2023-11-13 00:00:00+00:00
[2023-11-23T00:39:26.979+0000] {standard_task_runner.py:57} INFO - Started process 158 to run task
[2023-11-23T00:39:27.000+0000] {standard_task_runner.py:84} INFO - Running: ['***', 'tasks', 'run', 'outcomes_dag', 'Transform', 'scheduled__2023-11-13T00:00:00+00:00', '--job-id', '31', '--raw', '--subdir', 'DAGS_FOLDER/outcomes_dag.py', '--cfg-path', '/tmp/tmp59j0gzuk']
[2023-11-23T00:39:27.016+0000] {standard_task_runner.py:85} INFO - Job 31: Subtask Transform
[2023-11-23T00:39:27.115+0000] {task_command.py:416} INFO - Running <TaskInstance: outcomes_dag.Transform scheduled__2023-11-13T00:00:00+00:00 [running]> on host 75913536581a
[2023-11-23T00:39:27.201+0000] {taskinstance.py:1662} INFO - Exporting env vars: AIRFLOW_CTX_DAG_OWNER='***' AIRFLOW_CTX_DAG_ID='outcomes_dag' AIRFLOW_CTX_TASK_ID='Transform' AIRFLOW_CTX_EXECUTION_DATE='2023-11-13T00:00:00+00:00' AIRFLOW_CTX_TRY_NUMBER='1' AIRFLOW_CTX_DAG_RUN_ID='scheduled__2023-11-13T00:00:00+00:00'
[2023-11-23T00:39:27.204+0000] {logging_mixin.py:154} INFO - Getting data from Cloud Storage
[2023-11-23T00:39:27.584+0000] {logging_mixin.py:154} INFO - Index(['animal_id', 'datetime', 'monthyear', 'date_of_birth', 'outcome_type',
       'animal_type', 'sex_upon_outcome', 'age_upon_outcome', 'breed', 'color',
       'outcome_subtype', 'name'],
      dtype='object')
[2023-11-23T00:39:27.977+0000] {logging_mixin.py:154} INFO - Data Deposited into Cloud Storage
[2023-11-23T00:39:27.993+0000] {python.py:194} INFO - Done. Returned value was: None
[2023-11-23T00:39:28.146+0000] {taskinstance.py:1400} INFO - Marking task as SUCCESS. dag_id=outcomes_dag, task_id=Transform, execution_date=20231113T000000, start_date=20231123T003926, end_date=20231123T003928
[2023-11-23T00:39:28.268+0000] {local_task_job_runner.py:228} INFO - Task exited with return code 0
[2023-11-23T01:49:32.505+0000] {taskinstance.py:1159} INFO - Dependencies all met for dep_context=non-requeueable deps ti=<TaskInstance: outcomes_dag.Transform scheduled__2023-11-13T00:00:00+00:00 [queued]>
[2023-11-23T01:49:32.591+0000] {taskinstance.py:1159} INFO - Dependencies all met for dep_context=requeueable deps ti=<TaskInstance: outcomes_dag.Transform scheduled__2023-11-13T00:00:00+00:00 [queued]>
[2023-11-23T01:49:32.594+0000] {taskinstance.py:1361} INFO - Starting attempt 1 of 1
[2023-11-23T01:49:32.620+0000] {taskinstance.py:1382} INFO - Executing <Task(PythonOperator): Transform> on 2023-11-13 00:00:00+00:00
[2023-11-23T01:49:32.663+0000] {standard_task_runner.py:57} INFO - Started process 150 to run task
[2023-11-23T01:49:32.676+0000] {standard_task_runner.py:84} INFO - Running: ['***', 'tasks', 'run', 'outcomes_dag', 'Transform', 'scheduled__2023-11-13T00:00:00+00:00', '--job-id', '31', '--raw', '--subdir', 'DAGS_FOLDER/outcomes_dag.py', '--cfg-path', '/tmp/tmpedsn77b6']
[2023-11-23T01:49:32.703+0000] {standard_task_runner.py:85} INFO - Job 31: Subtask Transform
[2023-11-23T01:49:32.897+0000] {task_command.py:416} INFO - Running <TaskInstance: outcomes_dag.Transform scheduled__2023-11-13T00:00:00+00:00 [running]> on host d15d3caa5b00
[2023-11-23T01:49:33.594+0000] {taskinstance.py:1662} INFO - Exporting env vars: AIRFLOW_CTX_DAG_OWNER='***' AIRFLOW_CTX_DAG_ID='outcomes_dag' AIRFLOW_CTX_TASK_ID='Transform' AIRFLOW_CTX_EXECUTION_DATE='2023-11-13T00:00:00+00:00' AIRFLOW_CTX_TRY_NUMBER='1' AIRFLOW_CTX_DAG_RUN_ID='scheduled__2023-11-13T00:00:00+00:00'
[2023-11-23T01:49:33.616+0000] {logging_mixin.py:154} INFO - Getting data from Cloud Storage
[2023-11-23T01:49:34.173+0000] {logging_mixin.py:154} INFO - Index(['animal_id', 'datetime', 'monthyear', 'date_of_birth', 'outcome_type',
       'outcome_subtype', 'animal_type', 'sex_upon_outcome',
       'age_upon_outcome', 'breed', 'color', 'name'],
      dtype='object')
[2023-11-23T01:49:34.549+0000] {logging_mixin.py:154} INFO - Data Deposited into Cloud Storage
[2023-11-23T01:49:34.554+0000] {python.py:194} INFO - Done. Returned value was: None
[2023-11-23T01:49:34.727+0000] {taskinstance.py:1400} INFO - Marking task as SUCCESS. dag_id=outcomes_dag, task_id=Transform, execution_date=20231113T000000, start_date=20231123T014932, end_date=20231123T014934
[2023-11-23T01:49:34.861+0000] {local_task_job_runner.py:228} INFO - Task exited with return code 0
[2023-11-23T03:40:42.530+0000] {taskinstance.py:1159} INFO - Dependencies all met for dep_context=non-requeueable deps ti=<TaskInstance: outcomes_dag.Transform scheduled__2023-11-13T00:00:00+00:00 [queued]>
[2023-11-23T03:40:42.612+0000] {taskinstance.py:1159} INFO - Dependencies all met for dep_context=requeueable deps ti=<TaskInstance: outcomes_dag.Transform scheduled__2023-11-13T00:00:00+00:00 [queued]>
[2023-11-23T03:40:42.623+0000] {taskinstance.py:1361} INFO - Starting attempt 1 of 1
[2023-11-23T03:40:42.738+0000] {taskinstance.py:1382} INFO - Executing <Task(PythonOperator): Transform> on 2023-11-13 00:00:00+00:00
[2023-11-23T03:40:42.893+0000] {standard_task_runner.py:57} INFO - Started process 144 to run task
[2023-11-23T03:40:42.922+0000] {standard_task_runner.py:84} INFO - Running: ['***', 'tasks', 'run', 'outcomes_dag', 'Transform', 'scheduled__2023-11-13T00:00:00+00:00', '--job-id', '25', '--raw', '--subdir', 'DAGS_FOLDER/outcomes_dag.py', '--cfg-path', '/tmp/tmp00lf8amk']
[2023-11-23T03:40:43.001+0000] {standard_task_runner.py:85} INFO - Job 25: Subtask Transform
[2023-11-23T03:40:43.227+0000] {task_command.py:416} INFO - Running <TaskInstance: outcomes_dag.Transform scheduled__2023-11-13T00:00:00+00:00 [running]> on host e647c96745b0
[2023-11-23T03:40:43.444+0000] {taskinstance.py:1662} INFO - Exporting env vars: AIRFLOW_CTX_DAG_OWNER='***' AIRFLOW_CTX_DAG_ID='outcomes_dag' AIRFLOW_CTX_TASK_ID='Transform' AIRFLOW_CTX_EXECUTION_DATE='2023-11-13T00:00:00+00:00' AIRFLOW_CTX_TRY_NUMBER='1' AIRFLOW_CTX_DAG_RUN_ID='scheduled__2023-11-13T00:00:00+00:00'
[2023-11-23T03:40:43.446+0000] {logging_mixin.py:154} INFO - Getting data from Cloud Storage
[2023-11-23T03:40:43.771+0000] {logging_mixin.py:154} INFO - Index(['animal_id', 'datetime', 'monthyear', 'date_of_birth', 'outcome_type',
       'animal_type', 'sex_upon_outcome', 'age_upon_outcome', 'breed', 'color',
       'outcome_subtype', 'name'],
      dtype='object')
[2023-11-23T03:40:44.019+0000] {logging_mixin.py:154} INFO - Data Deposited into Cloud Storage
[2023-11-23T03:40:44.020+0000] {python.py:194} INFO - Done. Returned value was: None
[2023-11-23T03:40:44.065+0000] {taskinstance.py:1400} INFO - Marking task as SUCCESS. dag_id=outcomes_dag, task_id=Transform, execution_date=20231113T000000, start_date=20231123T034042, end_date=20231123T034044
[2023-11-23T03:40:44.137+0000] {local_task_job_runner.py:228} INFO - Task exited with return code 0
