[2023-11-20T21:48:40.002+0000] {processor.py:157} INFO - Started process (PID=64) to work on /home/airflow/.local/lib/python3.8/site-packages/airflow/example_dags/example_datasets.py
[2023-11-20T21:48:40.003+0000] {processor.py:829} INFO - Processing file /home/airflow/.local/lib/python3.8/site-packages/airflow/example_dags/example_datasets.py for tasks to queue
[2023-11-20T21:48:40.006+0000] {logging_mixin.py:154} INFO - [2023-11-20T21:48:40.005+0000] {dagbag.py:536} INFO - Filling up the DagBag from /home/airflow/.local/lib/python3.8/site-packages/airflow/example_dags/example_datasets.py
[2023-11-20T21:48:40.031+0000] {processor.py:839} INFO - DAG(s) dict_keys(['dataset_consumes_unknown_never_scheduled', 'dataset_consumes_1_never_scheduled', 'dataset_consumes_1_and_2', 'dataset_produces_2', 'dataset_produces_1', 'dataset_consumes_1']) retrieved from /home/airflow/.local/lib/python3.8/site-packages/airflow/example_dags/example_datasets.py
[2023-11-20T21:48:40.049+0000] {logging_mixin.py:154} INFO - [2023-11-20T21:48:40.049+0000] {dag.py:2941} INFO - Sync 6 DAGs
[2023-11-20T21:48:40.099+0000] {logging_mixin.py:154} INFO - [2023-11-20T21:48:40.099+0000] {dag.py:3722} INFO - Setting next_dagrun for dataset_consumes_1 to None, run_after=None
[2023-11-20T21:48:40.103+0000] {logging_mixin.py:154} INFO - [2023-11-20T21:48:40.103+0000] {dag.py:3722} INFO - Setting next_dagrun for dataset_consumes_1_and_2 to None, run_after=None
[2023-11-20T21:48:40.104+0000] {logging_mixin.py:154} INFO - [2023-11-20T21:48:40.104+0000] {dag.py:3722} INFO - Setting next_dagrun for dataset_consumes_1_never_scheduled to None, run_after=None
[2023-11-20T21:48:40.105+0000] {logging_mixin.py:154} INFO - [2023-11-20T21:48:40.105+0000] {dag.py:3722} INFO - Setting next_dagrun for dataset_consumes_unknown_never_scheduled to None, run_after=None
[2023-11-20T21:48:40.107+0000] {logging_mixin.py:154} INFO - [2023-11-20T21:48:40.107+0000] {dag.py:3722} INFO - Setting next_dagrun for dataset_produces_1 to 2023-11-19T00:00:00+00:00, run_after=2023-11-20T00:00:00+00:00
[2023-11-20T21:48:40.108+0000] {logging_mixin.py:154} INFO - [2023-11-20T21:48:40.108+0000] {dag.py:3722} INFO - Setting next_dagrun for dataset_produces_2 to None, run_after=None
[2023-11-20T21:48:40.151+0000] {processor.py:179} INFO - Processing /home/airflow/.local/lib/python3.8/site-packages/airflow/example_dags/example_datasets.py took 0.152 seconds
[2023-11-20T21:49:10.932+0000] {processor.py:157} INFO - Started process (PID=118) to work on /home/airflow/.local/lib/python3.8/site-packages/airflow/example_dags/example_datasets.py
[2023-11-20T21:49:10.933+0000] {processor.py:829} INFO - Processing file /home/airflow/.local/lib/python3.8/site-packages/airflow/example_dags/example_datasets.py for tasks to queue
[2023-11-20T21:49:10.934+0000] {logging_mixin.py:154} INFO - [2023-11-20T21:49:10.934+0000] {dagbag.py:536} INFO - Filling up the DagBag from /home/airflow/.local/lib/python3.8/site-packages/airflow/example_dags/example_datasets.py
[2023-11-20T21:49:10.940+0000] {processor.py:839} INFO - DAG(s) dict_keys(['dataset_consumes_1', 'dataset_produces_1', 'dataset_consumes_1_and_2', 'dataset_consumes_1_never_scheduled', 'dataset_consumes_unknown_never_scheduled', 'dataset_produces_2']) retrieved from /home/airflow/.local/lib/python3.8/site-packages/airflow/example_dags/example_datasets.py
[2023-11-20T21:49:10.960+0000] {logging_mixin.py:154} INFO - [2023-11-20T21:49:10.960+0000] {dag.py:2941} INFO - Sync 6 DAGs
[2023-11-20T21:49:10.972+0000] {logging_mixin.py:154} INFO - [2023-11-20T21:49:10.972+0000] {dag.py:3722} INFO - Setting next_dagrun for dataset_consumes_1 to None, run_after=None
[2023-11-20T21:49:10.974+0000] {logging_mixin.py:154} INFO - [2023-11-20T21:49:10.974+0000] {dag.py:3722} INFO - Setting next_dagrun for dataset_consumes_1_and_2 to None, run_after=None
[2023-11-20T21:49:10.974+0000] {logging_mixin.py:154} INFO - [2023-11-20T21:49:10.974+0000] {dag.py:3722} INFO - Setting next_dagrun for dataset_consumes_1_never_scheduled to None, run_after=None
[2023-11-20T21:49:10.975+0000] {logging_mixin.py:154} INFO - [2023-11-20T21:49:10.975+0000] {dag.py:3722} INFO - Setting next_dagrun for dataset_consumes_unknown_never_scheduled to None, run_after=None
[2023-11-20T21:49:10.976+0000] {logging_mixin.py:154} INFO - [2023-11-20T21:49:10.976+0000] {dag.py:3722} INFO - Setting next_dagrun for dataset_produces_1 to 2023-11-19T00:00:00+00:00, run_after=2023-11-20T00:00:00+00:00
[2023-11-20T21:49:10.977+0000] {logging_mixin.py:154} INFO - [2023-11-20T21:49:10.977+0000] {dag.py:3722} INFO - Setting next_dagrun for dataset_produces_2 to None, run_after=None
[2023-11-20T21:49:10.990+0000] {processor.py:179} INFO - Processing /home/airflow/.local/lib/python3.8/site-packages/airflow/example_dags/example_datasets.py took 0.060 seconds
[2023-11-20T21:49:41.929+0000] {processor.py:157} INFO - Started process (PID=172) to work on /home/airflow/.local/lib/python3.8/site-packages/airflow/example_dags/example_datasets.py
[2023-11-20T21:49:41.938+0000] {processor.py:829} INFO - Processing file /home/airflow/.local/lib/python3.8/site-packages/airflow/example_dags/example_datasets.py for tasks to queue
[2023-11-20T21:49:41.940+0000] {logging_mixin.py:154} INFO - [2023-11-20T21:49:41.940+0000] {dagbag.py:536} INFO - Filling up the DagBag from /home/airflow/.local/lib/python3.8/site-packages/airflow/example_dags/example_datasets.py
[2023-11-20T21:49:41.946+0000] {processor.py:839} INFO - DAG(s) dict_keys(['dataset_consumes_unknown_never_scheduled', 'dataset_produces_2', 'dataset_consumes_1_and_2', 'dataset_produces_1', 'dataset_consumes_1_never_scheduled', 'dataset_consumes_1']) retrieved from /home/airflow/.local/lib/python3.8/site-packages/airflow/example_dags/example_datasets.py
[2023-11-20T21:49:41.967+0000] {logging_mixin.py:154} INFO - [2023-11-20T21:49:41.967+0000] {dag.py:2941} INFO - Sync 6 DAGs
[2023-11-20T21:49:41.979+0000] {logging_mixin.py:154} INFO - [2023-11-20T21:49:41.979+0000] {dag.py:3722} INFO - Setting next_dagrun for dataset_consumes_1 to None, run_after=None
[2023-11-20T21:49:41.982+0000] {logging_mixin.py:154} INFO - [2023-11-20T21:49:41.982+0000] {dag.py:3722} INFO - Setting next_dagrun for dataset_consumes_1_and_2 to None, run_after=None
[2023-11-20T21:49:41.982+0000] {logging_mixin.py:154} INFO - [2023-11-20T21:49:41.982+0000] {dag.py:3722} INFO - Setting next_dagrun for dataset_consumes_1_never_scheduled to None, run_after=None
[2023-11-20T21:49:41.983+0000] {logging_mixin.py:154} INFO - [2023-11-20T21:49:41.983+0000] {dag.py:3722} INFO - Setting next_dagrun for dataset_consumes_unknown_never_scheduled to None, run_after=None
[2023-11-20T21:49:41.984+0000] {logging_mixin.py:154} INFO - [2023-11-20T21:49:41.984+0000] {dag.py:3722} INFO - Setting next_dagrun for dataset_produces_1 to 2023-11-19T00:00:00+00:00, run_after=2023-11-20T00:00:00+00:00
[2023-11-20T21:49:41.985+0000] {logging_mixin.py:154} INFO - [2023-11-20T21:49:41.985+0000] {dag.py:3722} INFO - Setting next_dagrun for dataset_produces_2 to None, run_after=None
[2023-11-20T21:49:42.000+0000] {processor.py:179} INFO - Processing /home/airflow/.local/lib/python3.8/site-packages/airflow/example_dags/example_datasets.py took 0.073 seconds
[2023-11-20T21:50:12.350+0000] {processor.py:157} INFO - Started process (PID=226) to work on /home/airflow/.local/lib/python3.8/site-packages/airflow/example_dags/example_datasets.py
[2023-11-20T21:50:12.355+0000] {processor.py:829} INFO - Processing file /home/airflow/.local/lib/python3.8/site-packages/airflow/example_dags/example_datasets.py for tasks to queue
[2023-11-20T21:50:12.358+0000] {logging_mixin.py:154} INFO - [2023-11-20T21:50:12.357+0000] {dagbag.py:536} INFO - Filling up the DagBag from /home/airflow/.local/lib/python3.8/site-packages/airflow/example_dags/example_datasets.py
[2023-11-20T21:50:12.364+0000] {processor.py:839} INFO - DAG(s) dict_keys(['dataset_produces_2', 'dataset_consumes_1_and_2', 'dataset_consumes_1_never_scheduled', 'dataset_consumes_1', 'dataset_produces_1', 'dataset_consumes_unknown_never_scheduled']) retrieved from /home/airflow/.local/lib/python3.8/site-packages/airflow/example_dags/example_datasets.py
[2023-11-20T21:50:12.386+0000] {logging_mixin.py:154} INFO - [2023-11-20T21:50:12.386+0000] {dag.py:2941} INFO - Sync 6 DAGs
[2023-11-20T21:50:12.398+0000] {logging_mixin.py:154} INFO - [2023-11-20T21:50:12.398+0000] {dag.py:3722} INFO - Setting next_dagrun for dataset_consumes_1 to None, run_after=None
[2023-11-20T21:50:12.400+0000] {logging_mixin.py:154} INFO - [2023-11-20T21:50:12.400+0000] {dag.py:3722} INFO - Setting next_dagrun for dataset_consumes_1_and_2 to None, run_after=None
[2023-11-20T21:50:12.401+0000] {logging_mixin.py:154} INFO - [2023-11-20T21:50:12.401+0000] {dag.py:3722} INFO - Setting next_dagrun for dataset_consumes_1_never_scheduled to None, run_after=None
[2023-11-20T21:50:12.401+0000] {logging_mixin.py:154} INFO - [2023-11-20T21:50:12.401+0000] {dag.py:3722} INFO - Setting next_dagrun for dataset_consumes_unknown_never_scheduled to None, run_after=None
[2023-11-20T21:50:12.403+0000] {logging_mixin.py:154} INFO - [2023-11-20T21:50:12.403+0000] {dag.py:3722} INFO - Setting next_dagrun for dataset_produces_1 to 2023-11-19T00:00:00+00:00, run_after=2023-11-20T00:00:00+00:00
[2023-11-20T21:50:12.403+0000] {logging_mixin.py:154} INFO - [2023-11-20T21:50:12.403+0000] {dag.py:3722} INFO - Setting next_dagrun for dataset_produces_2 to None, run_after=None
[2023-11-20T21:50:12.418+0000] {processor.py:179} INFO - Processing /home/airflow/.local/lib/python3.8/site-packages/airflow/example_dags/example_datasets.py took 0.071 seconds
[2023-11-20T21:50:42.579+0000] {processor.py:157} INFO - Started process (PID=280) to work on /home/airflow/.local/lib/python3.8/site-packages/airflow/example_dags/example_datasets.py
[2023-11-20T21:50:42.580+0000] {processor.py:829} INFO - Processing file /home/airflow/.local/lib/python3.8/site-packages/airflow/example_dags/example_datasets.py for tasks to queue
[2023-11-20T21:50:42.582+0000] {logging_mixin.py:154} INFO - [2023-11-20T21:50:42.581+0000] {dagbag.py:536} INFO - Filling up the DagBag from /home/airflow/.local/lib/python3.8/site-packages/airflow/example_dags/example_datasets.py
[2023-11-20T21:50:42.587+0000] {processor.py:839} INFO - DAG(s) dict_keys(['dataset_produces_1', 'dataset_consumes_unknown_never_scheduled', 'dataset_consumes_1', 'dataset_consumes_1_and_2', 'dataset_consumes_1_never_scheduled', 'dataset_produces_2']) retrieved from /home/airflow/.local/lib/python3.8/site-packages/airflow/example_dags/example_datasets.py
[2023-11-20T21:50:42.606+0000] {logging_mixin.py:154} INFO - [2023-11-20T21:50:42.606+0000] {dag.py:2941} INFO - Sync 6 DAGs
[2023-11-20T21:50:42.617+0000] {logging_mixin.py:154} INFO - [2023-11-20T21:50:42.617+0000] {dag.py:3722} INFO - Setting next_dagrun for dataset_consumes_1 to None, run_after=None
[2023-11-20T21:50:42.619+0000] {logging_mixin.py:154} INFO - [2023-11-20T21:50:42.618+0000] {dag.py:3722} INFO - Setting next_dagrun for dataset_consumes_1_and_2 to None, run_after=None
[2023-11-20T21:50:42.619+0000] {logging_mixin.py:154} INFO - [2023-11-20T21:50:42.619+0000] {dag.py:3722} INFO - Setting next_dagrun for dataset_consumes_1_never_scheduled to None, run_after=None
[2023-11-20T21:50:42.620+0000] {logging_mixin.py:154} INFO - [2023-11-20T21:50:42.620+0000] {dag.py:3722} INFO - Setting next_dagrun for dataset_consumes_unknown_never_scheduled to None, run_after=None
[2023-11-20T21:50:42.621+0000] {logging_mixin.py:154} INFO - [2023-11-20T21:50:42.621+0000] {dag.py:3722} INFO - Setting next_dagrun for dataset_produces_1 to 2023-11-19T00:00:00+00:00, run_after=2023-11-20T00:00:00+00:00
[2023-11-20T21:50:42.622+0000] {logging_mixin.py:154} INFO - [2023-11-20T21:50:42.622+0000] {dag.py:3722} INFO - Setting next_dagrun for dataset_produces_2 to None, run_after=None
[2023-11-20T21:50:42.635+0000] {processor.py:179} INFO - Processing /home/airflow/.local/lib/python3.8/site-packages/airflow/example_dags/example_datasets.py took 0.058 seconds
[2023-11-20T21:51:12.736+0000] {processor.py:157} INFO - Started process (PID=334) to work on /home/airflow/.local/lib/python3.8/site-packages/airflow/example_dags/example_datasets.py
[2023-11-20T21:51:12.737+0000] {processor.py:829} INFO - Processing file /home/airflow/.local/lib/python3.8/site-packages/airflow/example_dags/example_datasets.py for tasks to queue
[2023-11-20T21:51:12.739+0000] {logging_mixin.py:154} INFO - [2023-11-20T21:51:12.738+0000] {dagbag.py:536} INFO - Filling up the DagBag from /home/airflow/.local/lib/python3.8/site-packages/airflow/example_dags/example_datasets.py
[2023-11-20T21:51:12.744+0000] {processor.py:839} INFO - DAG(s) dict_keys(['dataset_consumes_1', 'dataset_produces_1', 'dataset_consumes_1_never_scheduled', 'dataset_produces_2', 'dataset_consumes_1_and_2', 'dataset_consumes_unknown_never_scheduled']) retrieved from /home/airflow/.local/lib/python3.8/site-packages/airflow/example_dags/example_datasets.py
[2023-11-20T21:51:12.763+0000] {logging_mixin.py:154} INFO - [2023-11-20T21:51:12.763+0000] {dag.py:2941} INFO - Sync 6 DAGs
[2023-11-20T21:51:12.774+0000] {logging_mixin.py:154} INFO - [2023-11-20T21:51:12.774+0000] {dag.py:3722} INFO - Setting next_dagrun for dataset_consumes_1 to None, run_after=None
[2023-11-20T21:51:12.777+0000] {logging_mixin.py:154} INFO - [2023-11-20T21:51:12.777+0000] {dag.py:3722} INFO - Setting next_dagrun for dataset_consumes_1_and_2 to None, run_after=None
[2023-11-20T21:51:12.777+0000] {logging_mixin.py:154} INFO - [2023-11-20T21:51:12.777+0000] {dag.py:3722} INFO - Setting next_dagrun for dataset_consumes_1_never_scheduled to None, run_after=None
[2023-11-20T21:51:12.778+0000] {logging_mixin.py:154} INFO - [2023-11-20T21:51:12.778+0000] {dag.py:3722} INFO - Setting next_dagrun for dataset_consumes_unknown_never_scheduled to None, run_after=None
[2023-11-20T21:51:12.779+0000] {logging_mixin.py:154} INFO - [2023-11-20T21:51:12.779+0000] {dag.py:3722} INFO - Setting next_dagrun for dataset_produces_1 to 2023-11-19T00:00:00+00:00, run_after=2023-11-20T00:00:00+00:00
[2023-11-20T21:51:12.780+0000] {logging_mixin.py:154} INFO - [2023-11-20T21:51:12.780+0000] {dag.py:3722} INFO - Setting next_dagrun for dataset_produces_2 to None, run_after=None
[2023-11-20T21:51:12.794+0000] {processor.py:179} INFO - Processing /home/airflow/.local/lib/python3.8/site-packages/airflow/example_dags/example_datasets.py took 0.059 seconds
[2023-11-20T21:51:43.211+0000] {processor.py:157} INFO - Started process (PID=388) to work on /home/airflow/.local/lib/python3.8/site-packages/airflow/example_dags/example_datasets.py
[2023-11-20T21:51:43.213+0000] {processor.py:829} INFO - Processing file /home/airflow/.local/lib/python3.8/site-packages/airflow/example_dags/example_datasets.py for tasks to queue
[2023-11-20T21:51:43.214+0000] {logging_mixin.py:154} INFO - [2023-11-20T21:51:43.214+0000] {dagbag.py:536} INFO - Filling up the DagBag from /home/airflow/.local/lib/python3.8/site-packages/airflow/example_dags/example_datasets.py
[2023-11-20T21:51:43.220+0000] {processor.py:839} INFO - DAG(s) dict_keys(['dataset_consumes_unknown_never_scheduled', 'dataset_produces_1', 'dataset_consumes_1_and_2', 'dataset_consumes_1', 'dataset_consumes_1_never_scheduled', 'dataset_produces_2']) retrieved from /home/airflow/.local/lib/python3.8/site-packages/airflow/example_dags/example_datasets.py
[2023-11-20T21:51:43.238+0000] {logging_mixin.py:154} INFO - [2023-11-20T21:51:43.238+0000] {dag.py:2941} INFO - Sync 6 DAGs
[2023-11-20T21:51:43.249+0000] {logging_mixin.py:154} INFO - [2023-11-20T21:51:43.249+0000] {dag.py:3722} INFO - Setting next_dagrun for dataset_consumes_1 to None, run_after=None
[2023-11-20T21:51:43.251+0000] {logging_mixin.py:154} INFO - [2023-11-20T21:51:43.251+0000] {dag.py:3722} INFO - Setting next_dagrun for dataset_consumes_1_and_2 to None, run_after=None
[2023-11-20T21:51:43.252+0000] {logging_mixin.py:154} INFO - [2023-11-20T21:51:43.252+0000] {dag.py:3722} INFO - Setting next_dagrun for dataset_consumes_1_never_scheduled to None, run_after=None
[2023-11-20T21:51:43.253+0000] {logging_mixin.py:154} INFO - [2023-11-20T21:51:43.253+0000] {dag.py:3722} INFO - Setting next_dagrun for dataset_consumes_unknown_never_scheduled to None, run_after=None
[2023-11-20T21:51:43.254+0000] {logging_mixin.py:154} INFO - [2023-11-20T21:51:43.254+0000] {dag.py:3722} INFO - Setting next_dagrun for dataset_produces_1 to 2023-11-19T00:00:00+00:00, run_after=2023-11-20T00:00:00+00:00
[2023-11-20T21:51:43.255+0000] {logging_mixin.py:154} INFO - [2023-11-20T21:51:43.254+0000] {dag.py:3722} INFO - Setting next_dagrun for dataset_produces_2 to None, run_after=None
[2023-11-20T21:51:43.267+0000] {processor.py:179} INFO - Processing /home/airflow/.local/lib/python3.8/site-packages/airflow/example_dags/example_datasets.py took 0.058 seconds
[2023-11-20T21:52:13.401+0000] {processor.py:157} INFO - Started process (PID=442) to work on /home/airflow/.local/lib/python3.8/site-packages/airflow/example_dags/example_datasets.py
[2023-11-20T21:52:13.402+0000] {processor.py:829} INFO - Processing file /home/airflow/.local/lib/python3.8/site-packages/airflow/example_dags/example_datasets.py for tasks to queue
[2023-11-20T21:52:13.403+0000] {logging_mixin.py:154} INFO - [2023-11-20T21:52:13.403+0000] {dagbag.py:536} INFO - Filling up the DagBag from /home/airflow/.local/lib/python3.8/site-packages/airflow/example_dags/example_datasets.py
[2023-11-20T21:52:13.409+0000] {processor.py:839} INFO - DAG(s) dict_keys(['dataset_produces_2', 'dataset_consumes_1_and_2', 'dataset_consumes_1', 'dataset_consumes_unknown_never_scheduled', 'dataset_consumes_1_never_scheduled', 'dataset_produces_1']) retrieved from /home/airflow/.local/lib/python3.8/site-packages/airflow/example_dags/example_datasets.py
[2023-11-20T21:52:13.430+0000] {logging_mixin.py:154} INFO - [2023-11-20T21:52:13.430+0000] {dag.py:2941} INFO - Sync 6 DAGs
[2023-11-20T21:52:13.443+0000] {logging_mixin.py:154} INFO - [2023-11-20T21:52:13.443+0000] {dag.py:3722} INFO - Setting next_dagrun for dataset_consumes_1 to None, run_after=None
[2023-11-20T21:52:13.444+0000] {logging_mixin.py:154} INFO - [2023-11-20T21:52:13.444+0000] {dag.py:3722} INFO - Setting next_dagrun for dataset_consumes_1_and_2 to None, run_after=None
[2023-11-20T21:52:13.445+0000] {logging_mixin.py:154} INFO - [2023-11-20T21:52:13.445+0000] {dag.py:3722} INFO - Setting next_dagrun for dataset_consumes_1_never_scheduled to None, run_after=None
[2023-11-20T21:52:13.446+0000] {logging_mixin.py:154} INFO - [2023-11-20T21:52:13.446+0000] {dag.py:3722} INFO - Setting next_dagrun for dataset_consumes_unknown_never_scheduled to None, run_after=None
[2023-11-20T21:52:13.447+0000] {logging_mixin.py:154} INFO - [2023-11-20T21:52:13.447+0000] {dag.py:3722} INFO - Setting next_dagrun for dataset_produces_1 to 2023-11-19T00:00:00+00:00, run_after=2023-11-20T00:00:00+00:00
[2023-11-20T21:52:13.448+0000] {logging_mixin.py:154} INFO - [2023-11-20T21:52:13.448+0000] {dag.py:3722} INFO - Setting next_dagrun for dataset_produces_2 to None, run_after=None
[2023-11-20T21:52:13.462+0000] {processor.py:179} INFO - Processing /home/airflow/.local/lib/python3.8/site-packages/airflow/example_dags/example_datasets.py took 0.064 seconds
[2023-11-20T21:52:43.652+0000] {processor.py:157} INFO - Started process (PID=496) to work on /home/airflow/.local/lib/python3.8/site-packages/airflow/example_dags/example_datasets.py
[2023-11-20T21:52:43.653+0000] {processor.py:829} INFO - Processing file /home/airflow/.local/lib/python3.8/site-packages/airflow/example_dags/example_datasets.py for tasks to queue
[2023-11-20T21:52:43.654+0000] {logging_mixin.py:154} INFO - [2023-11-20T21:52:43.654+0000] {dagbag.py:536} INFO - Filling up the DagBag from /home/airflow/.local/lib/python3.8/site-packages/airflow/example_dags/example_datasets.py
[2023-11-20T21:52:43.659+0000] {processor.py:839} INFO - DAG(s) dict_keys(['dataset_consumes_1_never_scheduled', 'dataset_produces_1', 'dataset_consumes_1', 'dataset_consumes_1_and_2', 'dataset_consumes_unknown_never_scheduled', 'dataset_produces_2']) retrieved from /home/airflow/.local/lib/python3.8/site-packages/airflow/example_dags/example_datasets.py
[2023-11-20T21:52:43.677+0000] {logging_mixin.py:154} INFO - [2023-11-20T21:52:43.677+0000] {dag.py:2941} INFO - Sync 6 DAGs
[2023-11-20T21:52:43.688+0000] {logging_mixin.py:154} INFO - [2023-11-20T21:52:43.688+0000] {dag.py:3722} INFO - Setting next_dagrun for dataset_consumes_1 to None, run_after=None
[2023-11-20T21:52:43.690+0000] {logging_mixin.py:154} INFO - [2023-11-20T21:52:43.690+0000] {dag.py:3722} INFO - Setting next_dagrun for dataset_consumes_1_and_2 to None, run_after=None
[2023-11-20T21:52:43.691+0000] {logging_mixin.py:154} INFO - [2023-11-20T21:52:43.691+0000] {dag.py:3722} INFO - Setting next_dagrun for dataset_consumes_1_never_scheduled to None, run_after=None
[2023-11-20T21:52:43.691+0000] {logging_mixin.py:154} INFO - [2023-11-20T21:52:43.691+0000] {dag.py:3722} INFO - Setting next_dagrun for dataset_consumes_unknown_never_scheduled to None, run_after=None
[2023-11-20T21:52:43.693+0000] {logging_mixin.py:154} INFO - [2023-11-20T21:52:43.693+0000] {dag.py:3722} INFO - Setting next_dagrun for dataset_produces_1 to 2023-11-19T00:00:00+00:00, run_after=2023-11-20T00:00:00+00:00
[2023-11-20T21:52:43.693+0000] {logging_mixin.py:154} INFO - [2023-11-20T21:52:43.693+0000] {dag.py:3722} INFO - Setting next_dagrun for dataset_produces_2 to None, run_after=None
[2023-11-20T21:52:43.706+0000] {processor.py:179} INFO - Processing /home/airflow/.local/lib/python3.8/site-packages/airflow/example_dags/example_datasets.py took 0.056 seconds
[2023-11-20T21:53:14.222+0000] {processor.py:157} INFO - Started process (PID=550) to work on /home/airflow/.local/lib/python3.8/site-packages/airflow/example_dags/example_datasets.py
[2023-11-20T21:53:14.225+0000] {processor.py:829} INFO - Processing file /home/airflow/.local/lib/python3.8/site-packages/airflow/example_dags/example_datasets.py for tasks to queue
[2023-11-20T21:53:14.227+0000] {logging_mixin.py:154} INFO - [2023-11-20T21:53:14.227+0000] {dagbag.py:536} INFO - Filling up the DagBag from /home/airflow/.local/lib/python3.8/site-packages/airflow/example_dags/example_datasets.py
[2023-11-20T21:53:14.234+0000] {processor.py:839} INFO - DAG(s) dict_keys(['dataset_produces_1', 'dataset_consumes_1_and_2', 'dataset_produces_2', 'dataset_consumes_1_never_scheduled', 'dataset_consumes_1', 'dataset_consumes_unknown_never_scheduled']) retrieved from /home/airflow/.local/lib/python3.8/site-packages/airflow/example_dags/example_datasets.py
[2023-11-20T21:53:14.257+0000] {logging_mixin.py:154} INFO - [2023-11-20T21:53:14.257+0000] {dag.py:2941} INFO - Sync 6 DAGs
[2023-11-20T21:53:14.273+0000] {logging_mixin.py:154} INFO - [2023-11-20T21:53:14.273+0000] {dag.py:3722} INFO - Setting next_dagrun for dataset_consumes_1 to None, run_after=None
[2023-11-20T21:53:14.276+0000] {logging_mixin.py:154} INFO - [2023-11-20T21:53:14.276+0000] {dag.py:3722} INFO - Setting next_dagrun for dataset_consumes_1_and_2 to None, run_after=None
[2023-11-20T21:53:14.277+0000] {logging_mixin.py:154} INFO - [2023-11-20T21:53:14.276+0000] {dag.py:3722} INFO - Setting next_dagrun for dataset_consumes_1_never_scheduled to None, run_after=None
[2023-11-20T21:53:14.277+0000] {logging_mixin.py:154} INFO - [2023-11-20T21:53:14.277+0000] {dag.py:3722} INFO - Setting next_dagrun for dataset_consumes_unknown_never_scheduled to None, run_after=None
[2023-11-20T21:53:14.279+0000] {logging_mixin.py:154} INFO - [2023-11-20T21:53:14.279+0000] {dag.py:3722} INFO - Setting next_dagrun for dataset_produces_1 to 2023-11-19T00:00:00+00:00, run_after=2023-11-20T00:00:00+00:00
[2023-11-20T21:53:14.280+0000] {logging_mixin.py:154} INFO - [2023-11-20T21:53:14.280+0000] {dag.py:3722} INFO - Setting next_dagrun for dataset_produces_2 to None, run_after=None
[2023-11-20T21:53:14.298+0000] {processor.py:179} INFO - Processing /home/airflow/.local/lib/python3.8/site-packages/airflow/example_dags/example_datasets.py took 0.078 seconds
[2023-11-20T21:53:44.496+0000] {processor.py:157} INFO - Started process (PID=604) to work on /home/airflow/.local/lib/python3.8/site-packages/airflow/example_dags/example_datasets.py
[2023-11-20T21:53:44.497+0000] {processor.py:829} INFO - Processing file /home/airflow/.local/lib/python3.8/site-packages/airflow/example_dags/example_datasets.py for tasks to queue
[2023-11-20T21:53:44.498+0000] {logging_mixin.py:154} INFO - [2023-11-20T21:53:44.498+0000] {dagbag.py:536} INFO - Filling up the DagBag from /home/airflow/.local/lib/python3.8/site-packages/airflow/example_dags/example_datasets.py
[2023-11-20T21:53:44.503+0000] {processor.py:839} INFO - DAG(s) dict_keys(['dataset_produces_2', 'dataset_consumes_1', 'dataset_produces_1', 'dataset_consumes_1_and_2', 'dataset_consumes_1_never_scheduled', 'dataset_consumes_unknown_never_scheduled']) retrieved from /home/airflow/.local/lib/python3.8/site-packages/airflow/example_dags/example_datasets.py
[2023-11-20T21:53:44.524+0000] {logging_mixin.py:154} INFO - [2023-11-20T21:53:44.523+0000] {dag.py:2941} INFO - Sync 6 DAGs
[2023-11-20T21:53:44.535+0000] {logging_mixin.py:154} INFO - [2023-11-20T21:53:44.535+0000] {dag.py:3722} INFO - Setting next_dagrun for dataset_consumes_1 to None, run_after=None
[2023-11-20T21:53:44.536+0000] {logging_mixin.py:154} INFO - [2023-11-20T21:53:44.536+0000] {dag.py:3722} INFO - Setting next_dagrun for dataset_consumes_1_and_2 to None, run_after=None
[2023-11-20T21:53:44.537+0000] {logging_mixin.py:154} INFO - [2023-11-20T21:53:44.537+0000] {dag.py:3722} INFO - Setting next_dagrun for dataset_consumes_1_never_scheduled to None, run_after=None
[2023-11-20T21:53:44.538+0000] {logging_mixin.py:154} INFO - [2023-11-20T21:53:44.538+0000] {dag.py:3722} INFO - Setting next_dagrun for dataset_consumes_unknown_never_scheduled to None, run_after=None
[2023-11-20T21:53:44.539+0000] {logging_mixin.py:154} INFO - [2023-11-20T21:53:44.539+0000] {dag.py:3722} INFO - Setting next_dagrun for dataset_produces_1 to 2023-11-19T00:00:00+00:00, run_after=2023-11-20T00:00:00+00:00
[2023-11-20T21:53:44.540+0000] {logging_mixin.py:154} INFO - [2023-11-20T21:53:44.540+0000] {dag.py:3722} INFO - Setting next_dagrun for dataset_produces_2 to None, run_after=None
[2023-11-20T21:53:44.553+0000] {processor.py:179} INFO - Processing /home/airflow/.local/lib/python3.8/site-packages/airflow/example_dags/example_datasets.py took 0.059 seconds
[2023-11-20T21:54:14.641+0000] {processor.py:157} INFO - Started process (PID=658) to work on /home/airflow/.local/lib/python3.8/site-packages/airflow/example_dags/example_datasets.py
[2023-11-20T21:54:14.642+0000] {processor.py:829} INFO - Processing file /home/airflow/.local/lib/python3.8/site-packages/airflow/example_dags/example_datasets.py for tasks to queue
[2023-11-20T21:54:14.643+0000] {logging_mixin.py:154} INFO - [2023-11-20T21:54:14.643+0000] {dagbag.py:536} INFO - Filling up the DagBag from /home/airflow/.local/lib/python3.8/site-packages/airflow/example_dags/example_datasets.py
[2023-11-20T21:54:14.649+0000] {processor.py:839} INFO - DAG(s) dict_keys(['dataset_consumes_1_and_2', 'dataset_consumes_1', 'dataset_produces_1', 'dataset_consumes_unknown_never_scheduled', 'dataset_produces_2', 'dataset_consumes_1_never_scheduled']) retrieved from /home/airflow/.local/lib/python3.8/site-packages/airflow/example_dags/example_datasets.py
[2023-11-20T21:54:14.668+0000] {logging_mixin.py:154} INFO - [2023-11-20T21:54:14.668+0000] {dag.py:2941} INFO - Sync 6 DAGs
[2023-11-20T21:54:14.679+0000] {logging_mixin.py:154} INFO - [2023-11-20T21:54:14.679+0000] {dag.py:3722} INFO - Setting next_dagrun for dataset_consumes_1 to None, run_after=None
[2023-11-20T21:54:14.680+0000] {logging_mixin.py:154} INFO - [2023-11-20T21:54:14.680+0000] {dag.py:3722} INFO - Setting next_dagrun for dataset_consumes_1_and_2 to None, run_after=None
[2023-11-20T21:54:14.681+0000] {logging_mixin.py:154} INFO - [2023-11-20T21:54:14.681+0000] {dag.py:3722} INFO - Setting next_dagrun for dataset_consumes_1_never_scheduled to None, run_after=None
[2023-11-20T21:54:14.682+0000] {logging_mixin.py:154} INFO - [2023-11-20T21:54:14.682+0000] {dag.py:3722} INFO - Setting next_dagrun for dataset_consumes_unknown_never_scheduled to None, run_after=None
[2023-11-20T21:54:14.683+0000] {logging_mixin.py:154} INFO - [2023-11-20T21:54:14.683+0000] {dag.py:3722} INFO - Setting next_dagrun for dataset_produces_1 to 2023-11-19T00:00:00+00:00, run_after=2023-11-20T00:00:00+00:00
[2023-11-20T21:54:14.684+0000] {logging_mixin.py:154} INFO - [2023-11-20T21:54:14.684+0000] {dag.py:3722} INFO - Setting next_dagrun for dataset_produces_2 to None, run_after=None
[2023-11-20T21:54:14.697+0000] {processor.py:179} INFO - Processing /home/airflow/.local/lib/python3.8/site-packages/airflow/example_dags/example_datasets.py took 0.058 seconds
[2023-11-20T21:54:45.307+0000] {processor.py:157} INFO - Started process (PID=712) to work on /home/airflow/.local/lib/python3.8/site-packages/airflow/example_dags/example_datasets.py
[2023-11-20T21:54:45.308+0000] {processor.py:829} INFO - Processing file /home/airflow/.local/lib/python3.8/site-packages/airflow/example_dags/example_datasets.py for tasks to queue
[2023-11-20T21:54:45.310+0000] {logging_mixin.py:154} INFO - [2023-11-20T21:54:45.310+0000] {dagbag.py:536} INFO - Filling up the DagBag from /home/airflow/.local/lib/python3.8/site-packages/airflow/example_dags/example_datasets.py
[2023-11-20T21:54:45.317+0000] {processor.py:839} INFO - DAG(s) dict_keys(['dataset_produces_1', 'dataset_consumes_1_never_scheduled', 'dataset_produces_2', 'dataset_consumes_unknown_never_scheduled', 'dataset_consumes_1_and_2', 'dataset_consumes_1']) retrieved from /home/airflow/.local/lib/python3.8/site-packages/airflow/example_dags/example_datasets.py
[2023-11-20T21:54:45.339+0000] {logging_mixin.py:154} INFO - [2023-11-20T21:54:45.338+0000] {dag.py:2941} INFO - Sync 6 DAGs
[2023-11-20T21:54:45.351+0000] {logging_mixin.py:154} INFO - [2023-11-20T21:54:45.351+0000] {dag.py:3722} INFO - Setting next_dagrun for dataset_consumes_1 to None, run_after=None
[2023-11-20T21:54:45.353+0000] {logging_mixin.py:154} INFO - [2023-11-20T21:54:45.353+0000] {dag.py:3722} INFO - Setting next_dagrun for dataset_consumes_1_and_2 to None, run_after=None
[2023-11-20T21:54:45.354+0000] {logging_mixin.py:154} INFO - [2023-11-20T21:54:45.354+0000] {dag.py:3722} INFO - Setting next_dagrun for dataset_consumes_1_never_scheduled to None, run_after=None
[2023-11-20T21:54:45.355+0000] {logging_mixin.py:154} INFO - [2023-11-20T21:54:45.355+0000] {dag.py:3722} INFO - Setting next_dagrun for dataset_consumes_unknown_never_scheduled to None, run_after=None
[2023-11-20T21:54:45.357+0000] {logging_mixin.py:154} INFO - [2023-11-20T21:54:45.357+0000] {dag.py:3722} INFO - Setting next_dagrun for dataset_produces_1 to 2023-11-19T00:00:00+00:00, run_after=2023-11-20T00:00:00+00:00
[2023-11-20T21:54:45.357+0000] {logging_mixin.py:154} INFO - [2023-11-20T21:54:45.357+0000] {dag.py:3722} INFO - Setting next_dagrun for dataset_produces_2 to None, run_after=None
[2023-11-20T21:54:45.378+0000] {processor.py:179} INFO - Processing /home/airflow/.local/lib/python3.8/site-packages/airflow/example_dags/example_datasets.py took 0.073 seconds
[2023-11-20T21:55:16.384+0000] {processor.py:157} INFO - Started process (PID=766) to work on /home/airflow/.local/lib/python3.8/site-packages/airflow/example_dags/example_datasets.py
[2023-11-20T21:55:16.385+0000] {processor.py:829} INFO - Processing file /home/airflow/.local/lib/python3.8/site-packages/airflow/example_dags/example_datasets.py for tasks to queue
[2023-11-20T21:55:16.386+0000] {logging_mixin.py:154} INFO - [2023-11-20T21:55:16.386+0000] {dagbag.py:536} INFO - Filling up the DagBag from /home/airflow/.local/lib/python3.8/site-packages/airflow/example_dags/example_datasets.py
[2023-11-20T21:55:16.392+0000] {processor.py:839} INFO - DAG(s) dict_keys(['dataset_consumes_1_and_2', 'dataset_consumes_1_never_scheduled', 'dataset_produces_2', 'dataset_consumes_unknown_never_scheduled', 'dataset_produces_1', 'dataset_consumes_1']) retrieved from /home/airflow/.local/lib/python3.8/site-packages/airflow/example_dags/example_datasets.py
[2023-11-20T21:55:16.411+0000] {logging_mixin.py:154} INFO - [2023-11-20T21:55:16.411+0000] {dag.py:2941} INFO - Sync 6 DAGs
[2023-11-20T21:55:16.421+0000] {logging_mixin.py:154} INFO - [2023-11-20T21:55:16.421+0000] {dag.py:3722} INFO - Setting next_dagrun for dataset_consumes_1 to None, run_after=None
[2023-11-20T21:55:16.423+0000] {logging_mixin.py:154} INFO - [2023-11-20T21:55:16.423+0000] {dag.py:3722} INFO - Setting next_dagrun for dataset_consumes_1_and_2 to None, run_after=None
[2023-11-20T21:55:16.424+0000] {logging_mixin.py:154} INFO - [2023-11-20T21:55:16.424+0000] {dag.py:3722} INFO - Setting next_dagrun for dataset_consumes_1_never_scheduled to None, run_after=None
[2023-11-20T21:55:16.424+0000] {logging_mixin.py:154} INFO - [2023-11-20T21:55:16.424+0000] {dag.py:3722} INFO - Setting next_dagrun for dataset_consumes_unknown_never_scheduled to None, run_after=None
[2023-11-20T21:55:16.426+0000] {logging_mixin.py:154} INFO - [2023-11-20T21:55:16.426+0000] {dag.py:3722} INFO - Setting next_dagrun for dataset_produces_1 to 2023-11-19T00:00:00+00:00, run_after=2023-11-20T00:00:00+00:00
[2023-11-20T21:55:16.426+0000] {logging_mixin.py:154} INFO - [2023-11-20T21:55:16.426+0000] {dag.py:3722} INFO - Setting next_dagrun for dataset_produces_2 to None, run_after=None
[2023-11-20T21:55:16.439+0000] {processor.py:179} INFO - Processing /home/airflow/.local/lib/python3.8/site-packages/airflow/example_dags/example_datasets.py took 0.057 seconds
[2023-11-20T21:55:46.990+0000] {processor.py:157} INFO - Started process (PID=820) to work on /home/airflow/.local/lib/python3.8/site-packages/airflow/example_dags/example_datasets.py
[2023-11-20T21:55:46.991+0000] {processor.py:829} INFO - Processing file /home/airflow/.local/lib/python3.8/site-packages/airflow/example_dags/example_datasets.py for tasks to queue
[2023-11-20T21:55:46.992+0000] {logging_mixin.py:154} INFO - [2023-11-20T21:55:46.992+0000] {dagbag.py:536} INFO - Filling up the DagBag from /home/airflow/.local/lib/python3.8/site-packages/airflow/example_dags/example_datasets.py
[2023-11-20T21:55:46.998+0000] {processor.py:839} INFO - DAG(s) dict_keys(['dataset_produces_2', 'dataset_produces_1', 'dataset_consumes_unknown_never_scheduled', 'dataset_consumes_1_never_scheduled', 'dataset_consumes_1', 'dataset_consumes_1_and_2']) retrieved from /home/airflow/.local/lib/python3.8/site-packages/airflow/example_dags/example_datasets.py
[2023-11-20T21:55:47.017+0000] {logging_mixin.py:154} INFO - [2023-11-20T21:55:47.017+0000] {dag.py:2941} INFO - Sync 6 DAGs
[2023-11-20T21:55:47.029+0000] {logging_mixin.py:154} INFO - [2023-11-20T21:55:47.029+0000] {dag.py:3722} INFO - Setting next_dagrun for dataset_consumes_1 to None, run_after=None
[2023-11-20T21:55:47.031+0000] {logging_mixin.py:154} INFO - [2023-11-20T21:55:47.031+0000] {dag.py:3722} INFO - Setting next_dagrun for dataset_consumes_1_and_2 to None, run_after=None
[2023-11-20T21:55:47.032+0000] {logging_mixin.py:154} INFO - [2023-11-20T21:55:47.032+0000] {dag.py:3722} INFO - Setting next_dagrun for dataset_consumes_1_never_scheduled to None, run_after=None
[2023-11-20T21:55:47.033+0000] {logging_mixin.py:154} INFO - [2023-11-20T21:55:47.033+0000] {dag.py:3722} INFO - Setting next_dagrun for dataset_consumes_unknown_never_scheduled to None, run_after=None
[2023-11-20T21:55:47.034+0000] {logging_mixin.py:154} INFO - [2023-11-20T21:55:47.034+0000] {dag.py:3722} INFO - Setting next_dagrun for dataset_produces_1 to 2023-11-19T00:00:00+00:00, run_after=2023-11-20T00:00:00+00:00
[2023-11-20T21:55:47.035+0000] {logging_mixin.py:154} INFO - [2023-11-20T21:55:47.035+0000] {dag.py:3722} INFO - Setting next_dagrun for dataset_produces_2 to None, run_after=None
[2023-11-20T21:55:47.049+0000] {processor.py:179} INFO - Processing /home/airflow/.local/lib/python3.8/site-packages/airflow/example_dags/example_datasets.py took 0.061 seconds
[2023-11-20T21:56:17.571+0000] {processor.py:157} INFO - Started process (PID=874) to work on /home/airflow/.local/lib/python3.8/site-packages/airflow/example_dags/example_datasets.py
[2023-11-20T21:56:17.572+0000] {processor.py:829} INFO - Processing file /home/airflow/.local/lib/python3.8/site-packages/airflow/example_dags/example_datasets.py for tasks to queue
[2023-11-20T21:56:17.573+0000] {logging_mixin.py:154} INFO - [2023-11-20T21:56:17.573+0000] {dagbag.py:536} INFO - Filling up the DagBag from /home/airflow/.local/lib/python3.8/site-packages/airflow/example_dags/example_datasets.py
[2023-11-20T21:56:17.578+0000] {processor.py:839} INFO - DAG(s) dict_keys(['dataset_produces_2', 'dataset_consumes_1', 'dataset_consumes_unknown_never_scheduled', 'dataset_produces_1', 'dataset_consumes_1_and_2', 'dataset_consumes_1_never_scheduled']) retrieved from /home/airflow/.local/lib/python3.8/site-packages/airflow/example_dags/example_datasets.py
[2023-11-20T21:56:17.597+0000] {logging_mixin.py:154} INFO - [2023-11-20T21:56:17.597+0000] {dag.py:2941} INFO - Sync 6 DAGs
[2023-11-20T21:56:17.608+0000] {logging_mixin.py:154} INFO - [2023-11-20T21:56:17.608+0000] {dag.py:3722} INFO - Setting next_dagrun for dataset_consumes_1 to None, run_after=None
[2023-11-20T21:56:17.611+0000] {logging_mixin.py:154} INFO - [2023-11-20T21:56:17.610+0000] {dag.py:3722} INFO - Setting next_dagrun for dataset_consumes_1_and_2 to None, run_after=None
[2023-11-20T21:56:17.611+0000] {logging_mixin.py:154} INFO - [2023-11-20T21:56:17.611+0000] {dag.py:3722} INFO - Setting next_dagrun for dataset_consumes_1_never_scheduled to None, run_after=None
[2023-11-20T21:56:17.612+0000] {logging_mixin.py:154} INFO - [2023-11-20T21:56:17.612+0000] {dag.py:3722} INFO - Setting next_dagrun for dataset_consumes_unknown_never_scheduled to None, run_after=None
[2023-11-20T21:56:17.613+0000] {logging_mixin.py:154} INFO - [2023-11-20T21:56:17.613+0000] {dag.py:3722} INFO - Setting next_dagrun for dataset_produces_1 to 2023-11-19T00:00:00+00:00, run_after=2023-11-20T00:00:00+00:00
[2023-11-20T21:56:17.614+0000] {logging_mixin.py:154} INFO - [2023-11-20T21:56:17.614+0000] {dag.py:3722} INFO - Setting next_dagrun for dataset_produces_2 to None, run_after=None
[2023-11-20T21:56:17.732+0000] {processor.py:179} INFO - Processing /home/airflow/.local/lib/python3.8/site-packages/airflow/example_dags/example_datasets.py took 0.163 seconds
[2023-11-20T21:56:47.927+0000] {processor.py:157} INFO - Started process (PID=929) to work on /home/airflow/.local/lib/python3.8/site-packages/airflow/example_dags/example_datasets.py
[2023-11-20T21:56:47.928+0000] {processor.py:829} INFO - Processing file /home/airflow/.local/lib/python3.8/site-packages/airflow/example_dags/example_datasets.py for tasks to queue
[2023-11-20T21:56:47.930+0000] {logging_mixin.py:154} INFO - [2023-11-20T21:56:47.929+0000] {dagbag.py:536} INFO - Filling up the DagBag from /home/airflow/.local/lib/python3.8/site-packages/airflow/example_dags/example_datasets.py
[2023-11-20T21:56:47.935+0000] {processor.py:839} INFO - DAG(s) dict_keys(['dataset_consumes_1_and_2', 'dataset_consumes_1', 'dataset_produces_1', 'dataset_produces_2', 'dataset_consumes_unknown_never_scheduled', 'dataset_consumes_1_never_scheduled']) retrieved from /home/airflow/.local/lib/python3.8/site-packages/airflow/example_dags/example_datasets.py
[2023-11-20T21:56:47.957+0000] {logging_mixin.py:154} INFO - [2023-11-20T21:56:47.957+0000] {dag.py:2941} INFO - Sync 6 DAGs
[2023-11-20T21:56:47.969+0000] {logging_mixin.py:154} INFO - [2023-11-20T21:56:47.969+0000] {dag.py:3722} INFO - Setting next_dagrun for dataset_consumes_1 to None, run_after=None
[2023-11-20T21:56:47.971+0000] {logging_mixin.py:154} INFO - [2023-11-20T21:56:47.970+0000] {dag.py:3722} INFO - Setting next_dagrun for dataset_consumes_1_and_2 to None, run_after=None
[2023-11-20T21:56:47.971+0000] {logging_mixin.py:154} INFO - [2023-11-20T21:56:47.971+0000] {dag.py:3722} INFO - Setting next_dagrun for dataset_consumes_1_never_scheduled to None, run_after=None
[2023-11-20T21:56:47.972+0000] {logging_mixin.py:154} INFO - [2023-11-20T21:56:47.972+0000] {dag.py:3722} INFO - Setting next_dagrun for dataset_consumes_unknown_never_scheduled to None, run_after=None
[2023-11-20T21:56:47.973+0000] {logging_mixin.py:154} INFO - [2023-11-20T21:56:47.973+0000] {dag.py:3722} INFO - Setting next_dagrun for dataset_produces_1 to 2023-11-19T00:00:00+00:00, run_after=2023-11-20T00:00:00+00:00
[2023-11-20T21:56:47.974+0000] {logging_mixin.py:154} INFO - [2023-11-20T21:56:47.974+0000] {dag.py:3722} INFO - Setting next_dagrun for dataset_produces_2 to None, run_after=None
[2023-11-20T21:56:47.987+0000] {processor.py:179} INFO - Processing /home/airflow/.local/lib/python3.8/site-packages/airflow/example_dags/example_datasets.py took 0.062 seconds
[2023-11-20T21:57:18.667+0000] {processor.py:157} INFO - Started process (PID=982) to work on /home/airflow/.local/lib/python3.8/site-packages/airflow/example_dags/example_datasets.py
[2023-11-20T21:57:18.668+0000] {processor.py:829} INFO - Processing file /home/airflow/.local/lib/python3.8/site-packages/airflow/example_dags/example_datasets.py for tasks to queue
[2023-11-20T21:57:18.669+0000] {logging_mixin.py:154} INFO - [2023-11-20T21:57:18.669+0000] {dagbag.py:536} INFO - Filling up the DagBag from /home/airflow/.local/lib/python3.8/site-packages/airflow/example_dags/example_datasets.py
[2023-11-20T21:57:18.674+0000] {processor.py:839} INFO - DAG(s) dict_keys(['dataset_consumes_unknown_never_scheduled', 'dataset_consumes_1_never_scheduled', 'dataset_produces_1', 'dataset_consumes_1_and_2', 'dataset_produces_2', 'dataset_consumes_1']) retrieved from /home/airflow/.local/lib/python3.8/site-packages/airflow/example_dags/example_datasets.py
[2023-11-20T21:57:18.693+0000] {logging_mixin.py:154} INFO - [2023-11-20T21:57:18.693+0000] {dag.py:2941} INFO - Sync 6 DAGs
[2023-11-20T21:57:18.704+0000] {logging_mixin.py:154} INFO - [2023-11-20T21:57:18.704+0000] {dag.py:3722} INFO - Setting next_dagrun for dataset_consumes_1 to None, run_after=None
[2023-11-20T21:57:18.705+0000] {logging_mixin.py:154} INFO - [2023-11-20T21:57:18.705+0000] {dag.py:3722} INFO - Setting next_dagrun for dataset_consumes_1_and_2 to None, run_after=None
[2023-11-20T21:57:18.706+0000] {logging_mixin.py:154} INFO - [2023-11-20T21:57:18.706+0000] {dag.py:3722} INFO - Setting next_dagrun for dataset_consumes_1_never_scheduled to None, run_after=None
[2023-11-20T21:57:18.707+0000] {logging_mixin.py:154} INFO - [2023-11-20T21:57:18.707+0000] {dag.py:3722} INFO - Setting next_dagrun for dataset_consumes_unknown_never_scheduled to None, run_after=None
[2023-11-20T21:57:18.708+0000] {logging_mixin.py:154} INFO - [2023-11-20T21:57:18.708+0000] {dag.py:3722} INFO - Setting next_dagrun for dataset_produces_1 to 2023-11-19T00:00:00+00:00, run_after=2023-11-20T00:00:00+00:00
[2023-11-20T21:57:18.708+0000] {logging_mixin.py:154} INFO - [2023-11-20T21:57:18.708+0000] {dag.py:3722} INFO - Setting next_dagrun for dataset_produces_2 to None, run_after=None
[2023-11-20T21:57:18.721+0000] {processor.py:179} INFO - Processing /home/airflow/.local/lib/python3.8/site-packages/airflow/example_dags/example_datasets.py took 0.056 seconds
[2023-11-20T21:57:49.362+0000] {processor.py:157} INFO - Started process (PID=1036) to work on /home/airflow/.local/lib/python3.8/site-packages/airflow/example_dags/example_datasets.py
[2023-11-20T21:57:49.364+0000] {processor.py:829} INFO - Processing file /home/airflow/.local/lib/python3.8/site-packages/airflow/example_dags/example_datasets.py for tasks to queue
[2023-11-20T21:57:49.365+0000] {logging_mixin.py:154} INFO - [2023-11-20T21:57:49.365+0000] {dagbag.py:536} INFO - Filling up the DagBag from /home/airflow/.local/lib/python3.8/site-packages/airflow/example_dags/example_datasets.py
[2023-11-20T21:57:49.371+0000] {processor.py:839} INFO - DAG(s) dict_keys(['dataset_consumes_unknown_never_scheduled', 'dataset_consumes_1', 'dataset_produces_2', 'dataset_produces_1', 'dataset_consumes_1_and_2', 'dataset_consumes_1_never_scheduled']) retrieved from /home/airflow/.local/lib/python3.8/site-packages/airflow/example_dags/example_datasets.py
[2023-11-20T21:57:49.391+0000] {logging_mixin.py:154} INFO - [2023-11-20T21:57:49.391+0000] {dag.py:2941} INFO - Sync 6 DAGs
[2023-11-20T21:57:49.402+0000] {logging_mixin.py:154} INFO - [2023-11-20T21:57:49.402+0000] {dag.py:3722} INFO - Setting next_dagrun for dataset_consumes_1 to None, run_after=None
[2023-11-20T21:57:49.404+0000] {logging_mixin.py:154} INFO - [2023-11-20T21:57:49.404+0000] {dag.py:3722} INFO - Setting next_dagrun for dataset_consumes_1_and_2 to None, run_after=None
[2023-11-20T21:57:49.404+0000] {logging_mixin.py:154} INFO - [2023-11-20T21:57:49.404+0000] {dag.py:3722} INFO - Setting next_dagrun for dataset_consumes_1_never_scheduled to None, run_after=None
[2023-11-20T21:57:49.405+0000] {logging_mixin.py:154} INFO - [2023-11-20T21:57:49.405+0000] {dag.py:3722} INFO - Setting next_dagrun for dataset_consumes_unknown_never_scheduled to None, run_after=None
[2023-11-20T21:57:49.406+0000] {logging_mixin.py:154} INFO - [2023-11-20T21:57:49.406+0000] {dag.py:3722} INFO - Setting next_dagrun for dataset_produces_1 to 2023-11-19T00:00:00+00:00, run_after=2023-11-20T00:00:00+00:00
[2023-11-20T21:57:49.407+0000] {logging_mixin.py:154} INFO - [2023-11-20T21:57:49.407+0000] {dag.py:3722} INFO - Setting next_dagrun for dataset_produces_2 to None, run_after=None
[2023-11-20T21:57:49.420+0000] {processor.py:179} INFO - Processing /home/airflow/.local/lib/python3.8/site-packages/airflow/example_dags/example_datasets.py took 0.060 seconds
[2023-11-20T21:58:19.643+0000] {processor.py:157} INFO - Started process (PID=1090) to work on /home/airflow/.local/lib/python3.8/site-packages/airflow/example_dags/example_datasets.py
[2023-11-20T21:58:19.644+0000] {processor.py:829} INFO - Processing file /home/airflow/.local/lib/python3.8/site-packages/airflow/example_dags/example_datasets.py for tasks to queue
[2023-11-20T21:58:19.646+0000] {logging_mixin.py:154} INFO - [2023-11-20T21:58:19.646+0000] {dagbag.py:536} INFO - Filling up the DagBag from /home/airflow/.local/lib/python3.8/site-packages/airflow/example_dags/example_datasets.py
[2023-11-20T21:58:19.651+0000] {processor.py:839} INFO - DAG(s) dict_keys(['dataset_consumes_1', 'dataset_consumes_1_and_2', 'dataset_consumes_unknown_never_scheduled', 'dataset_produces_2', 'dataset_produces_1', 'dataset_consumes_1_never_scheduled']) retrieved from /home/airflow/.local/lib/python3.8/site-packages/airflow/example_dags/example_datasets.py
[2023-11-20T21:58:19.670+0000] {logging_mixin.py:154} INFO - [2023-11-20T21:58:19.670+0000] {dag.py:2941} INFO - Sync 6 DAGs
[2023-11-20T21:58:19.681+0000] {logging_mixin.py:154} INFO - [2023-11-20T21:58:19.681+0000] {dag.py:3722} INFO - Setting next_dagrun for dataset_consumes_1 to None, run_after=None
[2023-11-20T21:58:19.683+0000] {logging_mixin.py:154} INFO - [2023-11-20T21:58:19.683+0000] {dag.py:3722} INFO - Setting next_dagrun for dataset_consumes_1_and_2 to None, run_after=None
[2023-11-20T21:58:19.683+0000] {logging_mixin.py:154} INFO - [2023-11-20T21:58:19.683+0000] {dag.py:3722} INFO - Setting next_dagrun for dataset_consumes_1_never_scheduled to None, run_after=None
[2023-11-20T21:58:19.684+0000] {logging_mixin.py:154} INFO - [2023-11-20T21:58:19.684+0000] {dag.py:3722} INFO - Setting next_dagrun for dataset_consumes_unknown_never_scheduled to None, run_after=None
[2023-11-20T21:58:19.686+0000] {logging_mixin.py:154} INFO - [2023-11-20T21:58:19.686+0000] {dag.py:3722} INFO - Setting next_dagrun for dataset_produces_1 to 2023-11-19T00:00:00+00:00, run_after=2023-11-20T00:00:00+00:00
[2023-11-20T21:58:19.686+0000] {logging_mixin.py:154} INFO - [2023-11-20T21:58:19.686+0000] {dag.py:3722} INFO - Setting next_dagrun for dataset_produces_2 to None, run_after=None
[2023-11-20T21:58:19.792+0000] {processor.py:179} INFO - Processing /home/airflow/.local/lib/python3.8/site-packages/airflow/example_dags/example_datasets.py took 0.151 seconds
