[2023-11-20T21:48:37.904+0000] {processor.py:157} INFO - Started process (PID=46) to work on /home/airflow/.local/lib/python3.8/site-packages/airflow/example_dags/example_dynamic_task_mapping_with_no_taskflow_operators.py
[2023-11-20T21:48:37.906+0000] {processor.py:829} INFO - Processing file /home/airflow/.local/lib/python3.8/site-packages/airflow/example_dags/example_dynamic_task_mapping_with_no_taskflow_operators.py for tasks to queue
[2023-11-20T21:48:37.919+0000] {logging_mixin.py:154} INFO - [2023-11-20T21:48:37.918+0000] {dagbag.py:536} INFO - Filling up the DagBag from /home/airflow/.local/lib/python3.8/site-packages/airflow/example_dags/example_dynamic_task_mapping_with_no_taskflow_operators.py
[2023-11-20T21:48:37.927+0000] {processor.py:839} INFO - DAG(s) dict_keys(['example_dynamic_task_mapping_with_no_taskflow_operators']) retrieved from /home/airflow/.local/lib/python3.8/site-packages/airflow/example_dags/example_dynamic_task_mapping_with_no_taskflow_operators.py
[2023-11-20T21:48:37.944+0000] {logging_mixin.py:154} INFO - [2023-11-20T21:48:37.944+0000] {dag.py:2941} INFO - Sync 1 DAGs
[2023-11-20T21:48:37.992+0000] {logging_mixin.py:154} INFO - [2023-11-20T21:48:37.991+0000] {dag.py:3722} INFO - Setting next_dagrun for example_dynamic_task_mapping_with_no_taskflow_operators to 2023-11-19T21:48:37.991571+00:00, run_after=2023-11-20T21:48:37.991571+00:00
[2023-11-20T21:48:38.012+0000] {processor.py:179} INFO - Processing /home/airflow/.local/lib/python3.8/site-packages/airflow/example_dags/example_dynamic_task_mapping_with_no_taskflow_operators.py took 0.111 seconds
[2023-11-20T21:49:08.107+0000] {processor.py:157} INFO - Started process (PID=100) to work on /home/airflow/.local/lib/python3.8/site-packages/airflow/example_dags/example_dynamic_task_mapping_with_no_taskflow_operators.py
[2023-11-20T21:49:08.109+0000] {processor.py:829} INFO - Processing file /home/airflow/.local/lib/python3.8/site-packages/airflow/example_dags/example_dynamic_task_mapping_with_no_taskflow_operators.py for tasks to queue
[2023-11-20T21:49:08.111+0000] {logging_mixin.py:154} INFO - [2023-11-20T21:49:08.111+0000] {dagbag.py:536} INFO - Filling up the DagBag from /home/airflow/.local/lib/python3.8/site-packages/airflow/example_dags/example_dynamic_task_mapping_with_no_taskflow_operators.py
[2023-11-20T21:49:08.116+0000] {processor.py:839} INFO - DAG(s) dict_keys(['example_dynamic_task_mapping_with_no_taskflow_operators']) retrieved from /home/airflow/.local/lib/python3.8/site-packages/airflow/example_dags/example_dynamic_task_mapping_with_no_taskflow_operators.py
[2023-11-20T21:49:08.131+0000] {logging_mixin.py:154} INFO - [2023-11-20T21:49:08.131+0000] {dag.py:2941} INFO - Sync 1 DAGs
[2023-11-20T21:49:08.147+0000] {logging_mixin.py:154} INFO - [2023-11-20T21:49:08.147+0000] {dag.py:3722} INFO - Setting next_dagrun for example_dynamic_task_mapping_with_no_taskflow_operators to 2023-11-19T21:49:08.147648+00:00, run_after=2023-11-20T21:49:08.147648+00:00
[2023-11-20T21:49:08.157+0000] {processor.py:179} INFO - Processing /home/airflow/.local/lib/python3.8/site-packages/airflow/example_dags/example_dynamic_task_mapping_with_no_taskflow_operators.py took 0.053 seconds
[2023-11-20T21:49:39.208+0000] {processor.py:157} INFO - Started process (PID=154) to work on /home/airflow/.local/lib/python3.8/site-packages/airflow/example_dags/example_dynamic_task_mapping_with_no_taskflow_operators.py
[2023-11-20T21:49:39.209+0000] {processor.py:829} INFO - Processing file /home/airflow/.local/lib/python3.8/site-packages/airflow/example_dags/example_dynamic_task_mapping_with_no_taskflow_operators.py for tasks to queue
[2023-11-20T21:49:39.211+0000] {logging_mixin.py:154} INFO - [2023-11-20T21:49:39.210+0000] {dagbag.py:536} INFO - Filling up the DagBag from /home/airflow/.local/lib/python3.8/site-packages/airflow/example_dags/example_dynamic_task_mapping_with_no_taskflow_operators.py
[2023-11-20T21:49:39.215+0000] {processor.py:839} INFO - DAG(s) dict_keys(['example_dynamic_task_mapping_with_no_taskflow_operators']) retrieved from /home/airflow/.local/lib/python3.8/site-packages/airflow/example_dags/example_dynamic_task_mapping_with_no_taskflow_operators.py
[2023-11-20T21:49:39.228+0000] {logging_mixin.py:154} INFO - [2023-11-20T21:49:39.228+0000] {dag.py:2941} INFO - Sync 1 DAGs
[2023-11-20T21:49:39.238+0000] {logging_mixin.py:154} INFO - [2023-11-20T21:49:39.238+0000] {dag.py:3722} INFO - Setting next_dagrun for example_dynamic_task_mapping_with_no_taskflow_operators to 2023-11-19T21:49:39.238639+00:00, run_after=2023-11-20T21:49:39.238639+00:00
[2023-11-20T21:49:39.245+0000] {processor.py:179} INFO - Processing /home/airflow/.local/lib/python3.8/site-packages/airflow/example_dags/example_dynamic_task_mapping_with_no_taskflow_operators.py took 0.041 seconds
[2023-11-20T21:50:09.473+0000] {processor.py:157} INFO - Started process (PID=207) to work on /home/airflow/.local/lib/python3.8/site-packages/airflow/example_dags/example_dynamic_task_mapping_with_no_taskflow_operators.py
[2023-11-20T21:50:09.474+0000] {processor.py:829} INFO - Processing file /home/airflow/.local/lib/python3.8/site-packages/airflow/example_dags/example_dynamic_task_mapping_with_no_taskflow_operators.py for tasks to queue
[2023-11-20T21:50:09.475+0000] {logging_mixin.py:154} INFO - [2023-11-20T21:50:09.475+0000] {dagbag.py:536} INFO - Filling up the DagBag from /home/airflow/.local/lib/python3.8/site-packages/airflow/example_dags/example_dynamic_task_mapping_with_no_taskflow_operators.py
[2023-11-20T21:50:09.479+0000] {processor.py:839} INFO - DAG(s) dict_keys(['example_dynamic_task_mapping_with_no_taskflow_operators']) retrieved from /home/airflow/.local/lib/python3.8/site-packages/airflow/example_dags/example_dynamic_task_mapping_with_no_taskflow_operators.py
[2023-11-20T21:50:09.493+0000] {logging_mixin.py:154} INFO - [2023-11-20T21:50:09.493+0000] {dag.py:2941} INFO - Sync 1 DAGs
[2023-11-20T21:50:09.505+0000] {logging_mixin.py:154} INFO - [2023-11-20T21:50:09.504+0000] {dag.py:3722} INFO - Setting next_dagrun for example_dynamic_task_mapping_with_no_taskflow_operators to 2023-11-19T21:50:09.504790+00:00, run_after=2023-11-20T21:50:09.504790+00:00
[2023-11-20T21:50:09.513+0000] {processor.py:179} INFO - Processing /home/airflow/.local/lib/python3.8/site-packages/airflow/example_dags/example_dynamic_task_mapping_with_no_taskflow_operators.py took 0.042 seconds
[2023-11-20T21:50:39.842+0000] {processor.py:157} INFO - Started process (PID=261) to work on /home/airflow/.local/lib/python3.8/site-packages/airflow/example_dags/example_dynamic_task_mapping_with_no_taskflow_operators.py
[2023-11-20T21:50:39.843+0000] {processor.py:829} INFO - Processing file /home/airflow/.local/lib/python3.8/site-packages/airflow/example_dags/example_dynamic_task_mapping_with_no_taskflow_operators.py for tasks to queue
[2023-11-20T21:50:39.845+0000] {logging_mixin.py:154} INFO - [2023-11-20T21:50:39.845+0000] {dagbag.py:536} INFO - Filling up the DagBag from /home/airflow/.local/lib/python3.8/site-packages/airflow/example_dags/example_dynamic_task_mapping_with_no_taskflow_operators.py
[2023-11-20T21:50:39.851+0000] {processor.py:839} INFO - DAG(s) dict_keys(['example_dynamic_task_mapping_with_no_taskflow_operators']) retrieved from /home/airflow/.local/lib/python3.8/site-packages/airflow/example_dags/example_dynamic_task_mapping_with_no_taskflow_operators.py
[2023-11-20T21:50:39.864+0000] {logging_mixin.py:154} INFO - [2023-11-20T21:50:39.864+0000] {dag.py:2941} INFO - Sync 1 DAGs
[2023-11-20T21:50:39.877+0000] {logging_mixin.py:154} INFO - [2023-11-20T21:50:39.877+0000] {dag.py:3722} INFO - Setting next_dagrun for example_dynamic_task_mapping_with_no_taskflow_operators to 2023-11-19T21:50:39.877034+00:00, run_after=2023-11-20T21:50:39.877034+00:00
[2023-11-20T21:50:39.886+0000] {processor.py:179} INFO - Processing /home/airflow/.local/lib/python3.8/site-packages/airflow/example_dags/example_dynamic_task_mapping_with_no_taskflow_operators.py took 0.047 seconds
[2023-11-20T21:51:10.103+0000] {processor.py:157} INFO - Started process (PID=315) to work on /home/airflow/.local/lib/python3.8/site-packages/airflow/example_dags/example_dynamic_task_mapping_with_no_taskflow_operators.py
[2023-11-20T21:51:10.105+0000] {processor.py:829} INFO - Processing file /home/airflow/.local/lib/python3.8/site-packages/airflow/example_dags/example_dynamic_task_mapping_with_no_taskflow_operators.py for tasks to queue
[2023-11-20T21:51:10.107+0000] {logging_mixin.py:154} INFO - [2023-11-20T21:51:10.107+0000] {dagbag.py:536} INFO - Filling up the DagBag from /home/airflow/.local/lib/python3.8/site-packages/airflow/example_dags/example_dynamic_task_mapping_with_no_taskflow_operators.py
[2023-11-20T21:51:10.113+0000] {processor.py:839} INFO - DAG(s) dict_keys(['example_dynamic_task_mapping_with_no_taskflow_operators']) retrieved from /home/airflow/.local/lib/python3.8/site-packages/airflow/example_dags/example_dynamic_task_mapping_with_no_taskflow_operators.py
[2023-11-20T21:51:10.130+0000] {logging_mixin.py:154} INFO - [2023-11-20T21:51:10.130+0000] {dag.py:2941} INFO - Sync 1 DAGs
[2023-11-20T21:51:10.144+0000] {logging_mixin.py:154} INFO - [2023-11-20T21:51:10.144+0000] {dag.py:3722} INFO - Setting next_dagrun for example_dynamic_task_mapping_with_no_taskflow_operators to 2023-11-19T21:51:10.144468+00:00, run_after=2023-11-20T21:51:10.144468+00:00
[2023-11-20T21:51:10.155+0000] {processor.py:179} INFO - Processing /home/airflow/.local/lib/python3.8/site-packages/airflow/example_dags/example_dynamic_task_mapping_with_no_taskflow_operators.py took 0.055 seconds
[2023-11-20T21:51:40.192+0000] {processor.py:157} INFO - Started process (PID=368) to work on /home/airflow/.local/lib/python3.8/site-packages/airflow/example_dags/example_dynamic_task_mapping_with_no_taskflow_operators.py
[2023-11-20T21:51:40.194+0000] {processor.py:829} INFO - Processing file /home/airflow/.local/lib/python3.8/site-packages/airflow/example_dags/example_dynamic_task_mapping_with_no_taskflow_operators.py for tasks to queue
[2023-11-20T21:51:40.196+0000] {logging_mixin.py:154} INFO - [2023-11-20T21:51:40.196+0000] {dagbag.py:536} INFO - Filling up the DagBag from /home/airflow/.local/lib/python3.8/site-packages/airflow/example_dags/example_dynamic_task_mapping_with_no_taskflow_operators.py
[2023-11-20T21:51:40.202+0000] {processor.py:839} INFO - DAG(s) dict_keys(['example_dynamic_task_mapping_with_no_taskflow_operators']) retrieved from /home/airflow/.local/lib/python3.8/site-packages/airflow/example_dags/example_dynamic_task_mapping_with_no_taskflow_operators.py
[2023-11-20T21:51:40.220+0000] {logging_mixin.py:154} INFO - [2023-11-20T21:51:40.220+0000] {dag.py:2941} INFO - Sync 1 DAGs
[2023-11-20T21:51:40.234+0000] {logging_mixin.py:154} INFO - [2023-11-20T21:51:40.234+0000] {dag.py:3722} INFO - Setting next_dagrun for example_dynamic_task_mapping_with_no_taskflow_operators to 2023-11-19T21:51:40.234651+00:00, run_after=2023-11-20T21:51:40.234651+00:00
[2023-11-20T21:51:40.244+0000] {processor.py:179} INFO - Processing /home/airflow/.local/lib/python3.8/site-packages/airflow/example_dags/example_dynamic_task_mapping_with_no_taskflow_operators.py took 0.058 seconds
[2023-11-20T21:52:10.705+0000] {processor.py:157} INFO - Started process (PID=423) to work on /home/airflow/.local/lib/python3.8/site-packages/airflow/example_dags/example_dynamic_task_mapping_with_no_taskflow_operators.py
[2023-11-20T21:52:10.706+0000] {processor.py:829} INFO - Processing file /home/airflow/.local/lib/python3.8/site-packages/airflow/example_dags/example_dynamic_task_mapping_with_no_taskflow_operators.py for tasks to queue
[2023-11-20T21:52:10.709+0000] {logging_mixin.py:154} INFO - [2023-11-20T21:52:10.708+0000] {dagbag.py:536} INFO - Filling up the DagBag from /home/airflow/.local/lib/python3.8/site-packages/airflow/example_dags/example_dynamic_task_mapping_with_no_taskflow_operators.py
[2023-11-20T21:52:10.714+0000] {processor.py:839} INFO - DAG(s) dict_keys(['example_dynamic_task_mapping_with_no_taskflow_operators']) retrieved from /home/airflow/.local/lib/python3.8/site-packages/airflow/example_dags/example_dynamic_task_mapping_with_no_taskflow_operators.py
[2023-11-20T21:52:10.729+0000] {logging_mixin.py:154} INFO - [2023-11-20T21:52:10.729+0000] {dag.py:2941} INFO - Sync 1 DAGs
[2023-11-20T21:52:10.741+0000] {logging_mixin.py:154} INFO - [2023-11-20T21:52:10.740+0000] {dag.py:3722} INFO - Setting next_dagrun for example_dynamic_task_mapping_with_no_taskflow_operators to 2023-11-19T21:52:10.740791+00:00, run_after=2023-11-20T21:52:10.740791+00:00
[2023-11-20T21:52:10.748+0000] {processor.py:179} INFO - Processing /home/airflow/.local/lib/python3.8/site-packages/airflow/example_dags/example_dynamic_task_mapping_with_no_taskflow_operators.py took 0.046 seconds
[2023-11-20T21:52:40.953+0000] {processor.py:157} INFO - Started process (PID=477) to work on /home/airflow/.local/lib/python3.8/site-packages/airflow/example_dags/example_dynamic_task_mapping_with_no_taskflow_operators.py
[2023-11-20T21:52:40.954+0000] {processor.py:829} INFO - Processing file /home/airflow/.local/lib/python3.8/site-packages/airflow/example_dags/example_dynamic_task_mapping_with_no_taskflow_operators.py for tasks to queue
[2023-11-20T21:52:40.957+0000] {logging_mixin.py:154} INFO - [2023-11-20T21:52:40.957+0000] {dagbag.py:536} INFO - Filling up the DagBag from /home/airflow/.local/lib/python3.8/site-packages/airflow/example_dags/example_dynamic_task_mapping_with_no_taskflow_operators.py
[2023-11-20T21:52:40.964+0000] {processor.py:839} INFO - DAG(s) dict_keys(['example_dynamic_task_mapping_with_no_taskflow_operators']) retrieved from /home/airflow/.local/lib/python3.8/site-packages/airflow/example_dags/example_dynamic_task_mapping_with_no_taskflow_operators.py
[2023-11-20T21:52:40.982+0000] {logging_mixin.py:154} INFO - [2023-11-20T21:52:40.981+0000] {dag.py:2941} INFO - Sync 1 DAGs
[2023-11-20T21:52:40.995+0000] {logging_mixin.py:154} INFO - [2023-11-20T21:52:40.995+0000] {dag.py:3722} INFO - Setting next_dagrun for example_dynamic_task_mapping_with_no_taskflow_operators to 2023-11-19T21:52:40.995475+00:00, run_after=2023-11-20T21:52:40.995475+00:00
[2023-11-20T21:52:41.004+0000] {processor.py:179} INFO - Processing /home/airflow/.local/lib/python3.8/site-packages/airflow/example_dags/example_dynamic_task_mapping_with_no_taskflow_operators.py took 0.056 seconds
[2023-11-20T21:53:11.289+0000] {processor.py:157} INFO - Started process (PID=531) to work on /home/airflow/.local/lib/python3.8/site-packages/airflow/example_dags/example_dynamic_task_mapping_with_no_taskflow_operators.py
[2023-11-20T21:53:11.292+0000] {processor.py:829} INFO - Processing file /home/airflow/.local/lib/python3.8/site-packages/airflow/example_dags/example_dynamic_task_mapping_with_no_taskflow_operators.py for tasks to queue
[2023-11-20T21:53:11.296+0000] {logging_mixin.py:154} INFO - [2023-11-20T21:53:11.295+0000] {dagbag.py:536} INFO - Filling up the DagBag from /home/airflow/.local/lib/python3.8/site-packages/airflow/example_dags/example_dynamic_task_mapping_with_no_taskflow_operators.py
[2023-11-20T21:53:11.303+0000] {processor.py:839} INFO - DAG(s) dict_keys(['example_dynamic_task_mapping_with_no_taskflow_operators']) retrieved from /home/airflow/.local/lib/python3.8/site-packages/airflow/example_dags/example_dynamic_task_mapping_with_no_taskflow_operators.py
[2023-11-20T21:53:11.320+0000] {logging_mixin.py:154} INFO - [2023-11-20T21:53:11.320+0000] {dag.py:2941} INFO - Sync 1 DAGs
[2023-11-20T21:53:11.334+0000] {logging_mixin.py:154} INFO - [2023-11-20T21:53:11.334+0000] {dag.py:3722} INFO - Setting next_dagrun for example_dynamic_task_mapping_with_no_taskflow_operators to 2023-11-19T21:53:11.333961+00:00, run_after=2023-11-20T21:53:11.333961+00:00
[2023-11-20T21:53:11.347+0000] {processor.py:179} INFO - Processing /home/airflow/.local/lib/python3.8/site-packages/airflow/example_dags/example_dynamic_task_mapping_with_no_taskflow_operators.py took 0.061 seconds
[2023-11-20T21:53:41.470+0000] {processor.py:157} INFO - Started process (PID=585) to work on /home/airflow/.local/lib/python3.8/site-packages/airflow/example_dags/example_dynamic_task_mapping_with_no_taskflow_operators.py
[2023-11-20T21:53:41.471+0000] {processor.py:829} INFO - Processing file /home/airflow/.local/lib/python3.8/site-packages/airflow/example_dags/example_dynamic_task_mapping_with_no_taskflow_operators.py for tasks to queue
[2023-11-20T21:53:41.472+0000] {logging_mixin.py:154} INFO - [2023-11-20T21:53:41.472+0000] {dagbag.py:536} INFO - Filling up the DagBag from /home/airflow/.local/lib/python3.8/site-packages/airflow/example_dags/example_dynamic_task_mapping_with_no_taskflow_operators.py
[2023-11-20T21:53:41.476+0000] {processor.py:839} INFO - DAG(s) dict_keys(['example_dynamic_task_mapping_with_no_taskflow_operators']) retrieved from /home/airflow/.local/lib/python3.8/site-packages/airflow/example_dags/example_dynamic_task_mapping_with_no_taskflow_operators.py
[2023-11-20T21:53:41.488+0000] {logging_mixin.py:154} INFO - [2023-11-20T21:53:41.488+0000] {dag.py:2941} INFO - Sync 1 DAGs
[2023-11-20T21:53:41.501+0000] {logging_mixin.py:154} INFO - [2023-11-20T21:53:41.500+0000] {dag.py:3722} INFO - Setting next_dagrun for example_dynamic_task_mapping_with_no_taskflow_operators to 2023-11-19T21:53:41.500730+00:00, run_after=2023-11-20T21:53:41.500730+00:00
[2023-11-20T21:53:41.509+0000] {processor.py:179} INFO - Processing /home/airflow/.local/lib/python3.8/site-packages/airflow/example_dags/example_dynamic_task_mapping_with_no_taskflow_operators.py took 0.041 seconds
[2023-11-20T21:54:11.872+0000] {processor.py:157} INFO - Started process (PID=639) to work on /home/airflow/.local/lib/python3.8/site-packages/airflow/example_dags/example_dynamic_task_mapping_with_no_taskflow_operators.py
[2023-11-20T21:54:11.873+0000] {processor.py:829} INFO - Processing file /home/airflow/.local/lib/python3.8/site-packages/airflow/example_dags/example_dynamic_task_mapping_with_no_taskflow_operators.py for tasks to queue
[2023-11-20T21:54:11.876+0000] {logging_mixin.py:154} INFO - [2023-11-20T21:54:11.876+0000] {dagbag.py:536} INFO - Filling up the DagBag from /home/airflow/.local/lib/python3.8/site-packages/airflow/example_dags/example_dynamic_task_mapping_with_no_taskflow_operators.py
[2023-11-20T21:54:11.881+0000] {processor.py:839} INFO - DAG(s) dict_keys(['example_dynamic_task_mapping_with_no_taskflow_operators']) retrieved from /home/airflow/.local/lib/python3.8/site-packages/airflow/example_dags/example_dynamic_task_mapping_with_no_taskflow_operators.py
[2023-11-20T21:54:11.899+0000] {logging_mixin.py:154} INFO - [2023-11-20T21:54:11.899+0000] {dag.py:2941} INFO - Sync 1 DAGs
[2023-11-20T21:54:11.914+0000] {logging_mixin.py:154} INFO - [2023-11-20T21:54:11.914+0000] {dag.py:3722} INFO - Setting next_dagrun for example_dynamic_task_mapping_with_no_taskflow_operators to 2023-11-19T21:54:11.914138+00:00, run_after=2023-11-20T21:54:11.914138+00:00
[2023-11-20T21:54:11.923+0000] {processor.py:179} INFO - Processing /home/airflow/.local/lib/python3.8/site-packages/airflow/example_dags/example_dynamic_task_mapping_with_no_taskflow_operators.py took 0.053 seconds
[2023-11-20T21:54:42.332+0000] {processor.py:157} INFO - Started process (PID=693) to work on /home/airflow/.local/lib/python3.8/site-packages/airflow/example_dags/example_dynamic_task_mapping_with_no_taskflow_operators.py
[2023-11-20T21:54:42.333+0000] {processor.py:829} INFO - Processing file /home/airflow/.local/lib/python3.8/site-packages/airflow/example_dags/example_dynamic_task_mapping_with_no_taskflow_operators.py for tasks to queue
[2023-11-20T21:54:42.336+0000] {logging_mixin.py:154} INFO - [2023-11-20T21:54:42.335+0000] {dagbag.py:536} INFO - Filling up the DagBag from /home/airflow/.local/lib/python3.8/site-packages/airflow/example_dags/example_dynamic_task_mapping_with_no_taskflow_operators.py
[2023-11-20T21:54:42.340+0000] {processor.py:839} INFO - DAG(s) dict_keys(['example_dynamic_task_mapping_with_no_taskflow_operators']) retrieved from /home/airflow/.local/lib/python3.8/site-packages/airflow/example_dags/example_dynamic_task_mapping_with_no_taskflow_operators.py
[2023-11-20T21:54:42.357+0000] {logging_mixin.py:154} INFO - [2023-11-20T21:54:42.357+0000] {dag.py:2941} INFO - Sync 1 DAGs
[2023-11-20T21:54:42.371+0000] {logging_mixin.py:154} INFO - [2023-11-20T21:54:42.370+0000] {dag.py:3722} INFO - Setting next_dagrun for example_dynamic_task_mapping_with_no_taskflow_operators to 2023-11-19T21:54:42.370686+00:00, run_after=2023-11-20T21:54:42.370686+00:00
[2023-11-20T21:54:42.380+0000] {processor.py:179} INFO - Processing /home/airflow/.local/lib/python3.8/site-packages/airflow/example_dags/example_dynamic_task_mapping_with_no_taskflow_operators.py took 0.050 seconds
[2023-11-20T21:55:12.592+0000] {processor.py:157} INFO - Started process (PID=747) to work on /home/airflow/.local/lib/python3.8/site-packages/airflow/example_dags/example_dynamic_task_mapping_with_no_taskflow_operators.py
[2023-11-20T21:55:12.593+0000] {processor.py:829} INFO - Processing file /home/airflow/.local/lib/python3.8/site-packages/airflow/example_dags/example_dynamic_task_mapping_with_no_taskflow_operators.py for tasks to queue
[2023-11-20T21:55:12.596+0000] {logging_mixin.py:154} INFO - [2023-11-20T21:55:12.595+0000] {dagbag.py:536} INFO - Filling up the DagBag from /home/airflow/.local/lib/python3.8/site-packages/airflow/example_dags/example_dynamic_task_mapping_with_no_taskflow_operators.py
[2023-11-20T21:55:12.600+0000] {processor.py:839} INFO - DAG(s) dict_keys(['example_dynamic_task_mapping_with_no_taskflow_operators']) retrieved from /home/airflow/.local/lib/python3.8/site-packages/airflow/example_dags/example_dynamic_task_mapping_with_no_taskflow_operators.py
[2023-11-20T21:55:12.617+0000] {logging_mixin.py:154} INFO - [2023-11-20T21:55:12.617+0000] {dag.py:2941} INFO - Sync 1 DAGs
[2023-11-20T21:55:12.632+0000] {logging_mixin.py:154} INFO - [2023-11-20T21:55:12.632+0000] {dag.py:3722} INFO - Setting next_dagrun for example_dynamic_task_mapping_with_no_taskflow_operators to 2023-11-19T21:55:12.631897+00:00, run_after=2023-11-20T21:55:12.631897+00:00
[2023-11-20T21:55:12.642+0000] {processor.py:179} INFO - Processing /home/airflow/.local/lib/python3.8/site-packages/airflow/example_dags/example_dynamic_task_mapping_with_no_taskflow_operators.py took 0.052 seconds
[2023-11-20T21:55:43.126+0000] {processor.py:157} INFO - Started process (PID=801) to work on /home/airflow/.local/lib/python3.8/site-packages/airflow/example_dags/example_dynamic_task_mapping_with_no_taskflow_operators.py
[2023-11-20T21:55:43.127+0000] {processor.py:829} INFO - Processing file /home/airflow/.local/lib/python3.8/site-packages/airflow/example_dags/example_dynamic_task_mapping_with_no_taskflow_operators.py for tasks to queue
[2023-11-20T21:55:43.129+0000] {logging_mixin.py:154} INFO - [2023-11-20T21:55:43.129+0000] {dagbag.py:536} INFO - Filling up the DagBag from /home/airflow/.local/lib/python3.8/site-packages/airflow/example_dags/example_dynamic_task_mapping_with_no_taskflow_operators.py
[2023-11-20T21:55:43.135+0000] {processor.py:839} INFO - DAG(s) dict_keys(['example_dynamic_task_mapping_with_no_taskflow_operators']) retrieved from /home/airflow/.local/lib/python3.8/site-packages/airflow/example_dags/example_dynamic_task_mapping_with_no_taskflow_operators.py
[2023-11-20T21:55:43.152+0000] {logging_mixin.py:154} INFO - [2023-11-20T21:55:43.152+0000] {dag.py:2941} INFO - Sync 1 DAGs
[2023-11-20T21:55:43.165+0000] {logging_mixin.py:154} INFO - [2023-11-20T21:55:43.165+0000] {dag.py:3722} INFO - Setting next_dagrun for example_dynamic_task_mapping_with_no_taskflow_operators to 2023-11-19T21:55:43.165456+00:00, run_after=2023-11-20T21:55:43.165456+00:00
[2023-11-20T21:55:43.175+0000] {processor.py:179} INFO - Processing /home/airflow/.local/lib/python3.8/site-packages/airflow/example_dags/example_dynamic_task_mapping_with_no_taskflow_operators.py took 0.052 seconds
[2023-11-20T21:56:13.674+0000] {processor.py:157} INFO - Started process (PID=855) to work on /home/airflow/.local/lib/python3.8/site-packages/airflow/example_dags/example_dynamic_task_mapping_with_no_taskflow_operators.py
[2023-11-20T21:56:13.675+0000] {processor.py:829} INFO - Processing file /home/airflow/.local/lib/python3.8/site-packages/airflow/example_dags/example_dynamic_task_mapping_with_no_taskflow_operators.py for tasks to queue
[2023-11-20T21:56:13.677+0000] {logging_mixin.py:154} INFO - [2023-11-20T21:56:13.677+0000] {dagbag.py:536} INFO - Filling up the DagBag from /home/airflow/.local/lib/python3.8/site-packages/airflow/example_dags/example_dynamic_task_mapping_with_no_taskflow_operators.py
[2023-11-20T21:56:13.681+0000] {processor.py:839} INFO - DAG(s) dict_keys(['example_dynamic_task_mapping_with_no_taskflow_operators']) retrieved from /home/airflow/.local/lib/python3.8/site-packages/airflow/example_dags/example_dynamic_task_mapping_with_no_taskflow_operators.py
[2023-11-20T21:56:13.694+0000] {logging_mixin.py:154} INFO - [2023-11-20T21:56:13.694+0000] {dag.py:2941} INFO - Sync 1 DAGs
[2023-11-20T21:56:13.707+0000] {logging_mixin.py:154} INFO - [2023-11-20T21:56:13.707+0000] {dag.py:3722} INFO - Setting next_dagrun for example_dynamic_task_mapping_with_no_taskflow_operators to 2023-11-19T21:56:13.707520+00:00, run_after=2023-11-20T21:56:13.707520+00:00
[2023-11-20T21:56:13.716+0000] {processor.py:179} INFO - Processing /home/airflow/.local/lib/python3.8/site-packages/airflow/example_dags/example_dynamic_task_mapping_with_no_taskflow_operators.py took 0.044 seconds
[2023-11-20T21:56:44.100+0000] {processor.py:157} INFO - Started process (PID=909) to work on /home/airflow/.local/lib/python3.8/site-packages/airflow/example_dags/example_dynamic_task_mapping_with_no_taskflow_operators.py
[2023-11-20T21:56:44.101+0000] {processor.py:829} INFO - Processing file /home/airflow/.local/lib/python3.8/site-packages/airflow/example_dags/example_dynamic_task_mapping_with_no_taskflow_operators.py for tasks to queue
[2023-11-20T21:56:44.103+0000] {logging_mixin.py:154} INFO - [2023-11-20T21:56:44.102+0000] {dagbag.py:536} INFO - Filling up the DagBag from /home/airflow/.local/lib/python3.8/site-packages/airflow/example_dags/example_dynamic_task_mapping_with_no_taskflow_operators.py
[2023-11-20T21:56:44.107+0000] {processor.py:839} INFO - DAG(s) dict_keys(['example_dynamic_task_mapping_with_no_taskflow_operators']) retrieved from /home/airflow/.local/lib/python3.8/site-packages/airflow/example_dags/example_dynamic_task_mapping_with_no_taskflow_operators.py
[2023-11-20T21:56:44.121+0000] {logging_mixin.py:154} INFO - [2023-11-20T21:56:44.121+0000] {dag.py:2941} INFO - Sync 1 DAGs
[2023-11-20T21:56:44.134+0000] {logging_mixin.py:154} INFO - [2023-11-20T21:56:44.134+0000] {dag.py:3722} INFO - Setting next_dagrun for example_dynamic_task_mapping_with_no_taskflow_operators to 2023-11-19T21:56:44.133829+00:00, run_after=2023-11-20T21:56:44.133829+00:00
[2023-11-20T21:56:44.143+0000] {processor.py:179} INFO - Processing /home/airflow/.local/lib/python3.8/site-packages/airflow/example_dags/example_dynamic_task_mapping_with_no_taskflow_operators.py took 0.045 seconds
[2023-11-20T21:57:14.904+0000] {processor.py:157} INFO - Started process (PID=963) to work on /home/airflow/.local/lib/python3.8/site-packages/airflow/example_dags/example_dynamic_task_mapping_with_no_taskflow_operators.py
[2023-11-20T21:57:14.905+0000] {processor.py:829} INFO - Processing file /home/airflow/.local/lib/python3.8/site-packages/airflow/example_dags/example_dynamic_task_mapping_with_no_taskflow_operators.py for tasks to queue
[2023-11-20T21:57:14.907+0000] {logging_mixin.py:154} INFO - [2023-11-20T21:57:14.907+0000] {dagbag.py:536} INFO - Filling up the DagBag from /home/airflow/.local/lib/python3.8/site-packages/airflow/example_dags/example_dynamic_task_mapping_with_no_taskflow_operators.py
[2023-11-20T21:57:14.912+0000] {processor.py:839} INFO - DAG(s) dict_keys(['example_dynamic_task_mapping_with_no_taskflow_operators']) retrieved from /home/airflow/.local/lib/python3.8/site-packages/airflow/example_dags/example_dynamic_task_mapping_with_no_taskflow_operators.py
[2023-11-20T21:57:14.925+0000] {logging_mixin.py:154} INFO - [2023-11-20T21:57:14.925+0000] {dag.py:2941} INFO - Sync 1 DAGs
[2023-11-20T21:57:14.937+0000] {logging_mixin.py:154} INFO - [2023-11-20T21:57:14.937+0000] {dag.py:3722} INFO - Setting next_dagrun for example_dynamic_task_mapping_with_no_taskflow_operators to 2023-11-19T21:57:14.937189+00:00, run_after=2023-11-20T21:57:14.937189+00:00
[2023-11-20T21:57:14.946+0000] {processor.py:179} INFO - Processing /home/airflow/.local/lib/python3.8/site-packages/airflow/example_dags/example_dynamic_task_mapping_with_no_taskflow_operators.py took 0.043 seconds
[2023-11-20T21:57:45.304+0000] {processor.py:157} INFO - Started process (PID=1017) to work on /home/airflow/.local/lib/python3.8/site-packages/airflow/example_dags/example_dynamic_task_mapping_with_no_taskflow_operators.py
[2023-11-20T21:57:45.305+0000] {processor.py:829} INFO - Processing file /home/airflow/.local/lib/python3.8/site-packages/airflow/example_dags/example_dynamic_task_mapping_with_no_taskflow_operators.py for tasks to queue
[2023-11-20T21:57:45.308+0000] {logging_mixin.py:154} INFO - [2023-11-20T21:57:45.307+0000] {dagbag.py:536} INFO - Filling up the DagBag from /home/airflow/.local/lib/python3.8/site-packages/airflow/example_dags/example_dynamic_task_mapping_with_no_taskflow_operators.py
[2023-11-20T21:57:45.313+0000] {processor.py:839} INFO - DAG(s) dict_keys(['example_dynamic_task_mapping_with_no_taskflow_operators']) retrieved from /home/airflow/.local/lib/python3.8/site-packages/airflow/example_dags/example_dynamic_task_mapping_with_no_taskflow_operators.py
[2023-11-20T21:57:45.329+0000] {logging_mixin.py:154} INFO - [2023-11-20T21:57:45.329+0000] {dag.py:2941} INFO - Sync 1 DAGs
[2023-11-20T21:57:45.343+0000] {logging_mixin.py:154} INFO - [2023-11-20T21:57:45.343+0000] {dag.py:3722} INFO - Setting next_dagrun for example_dynamic_task_mapping_with_no_taskflow_operators to 2023-11-19T21:57:45.343220+00:00, run_after=2023-11-20T21:57:45.343220+00:00
[2023-11-20T21:57:45.353+0000] {processor.py:179} INFO - Processing /home/airflow/.local/lib/python3.8/site-packages/airflow/example_dags/example_dynamic_task_mapping_with_no_taskflow_operators.py took 0.051 seconds
[2023-11-20T21:58:15.869+0000] {processor.py:157} INFO - Started process (PID=1071) to work on /home/airflow/.local/lib/python3.8/site-packages/airflow/example_dags/example_dynamic_task_mapping_with_no_taskflow_operators.py
[2023-11-20T21:58:15.870+0000] {processor.py:829} INFO - Processing file /home/airflow/.local/lib/python3.8/site-packages/airflow/example_dags/example_dynamic_task_mapping_with_no_taskflow_operators.py for tasks to queue
[2023-11-20T21:58:15.873+0000] {logging_mixin.py:154} INFO - [2023-11-20T21:58:15.872+0000] {dagbag.py:536} INFO - Filling up the DagBag from /home/airflow/.local/lib/python3.8/site-packages/airflow/example_dags/example_dynamic_task_mapping_with_no_taskflow_operators.py
[2023-11-20T21:58:15.878+0000] {processor.py:839} INFO - DAG(s) dict_keys(['example_dynamic_task_mapping_with_no_taskflow_operators']) retrieved from /home/airflow/.local/lib/python3.8/site-packages/airflow/example_dags/example_dynamic_task_mapping_with_no_taskflow_operators.py
[2023-11-20T21:58:15.895+0000] {logging_mixin.py:154} INFO - [2023-11-20T21:58:15.895+0000] {dag.py:2941} INFO - Sync 1 DAGs
[2023-11-20T21:58:15.908+0000] {logging_mixin.py:154} INFO - [2023-11-20T21:58:15.908+0000] {dag.py:3722} INFO - Setting next_dagrun for example_dynamic_task_mapping_with_no_taskflow_operators to 2023-11-19T21:58:15.908634+00:00, run_after=2023-11-20T21:58:15.908634+00:00
[2023-11-20T21:58:15.919+0000] {processor.py:179} INFO - Processing /home/airflow/.local/lib/python3.8/site-packages/airflow/example_dags/example_dynamic_task_mapping_with_no_taskflow_operators.py took 0.053 seconds
