[2023-11-20T21:48:37.643+0000] {processor.py:157} INFO - Started process (PID=42) to work on /home/airflow/.local/lib/python3.8/site-packages/airflow/example_dags/example_branch_python_dop_operator_3.py
[2023-11-20T21:48:37.644+0000] {processor.py:829} INFO - Processing file /home/airflow/.local/lib/python3.8/site-packages/airflow/example_dags/example_branch_python_dop_operator_3.py for tasks to queue
[2023-11-20T21:48:37.649+0000] {logging_mixin.py:154} INFO - [2023-11-20T21:48:37.648+0000] {dagbag.py:536} INFO - Filling up the DagBag from /home/airflow/.local/lib/python3.8/site-packages/airflow/example_dags/example_branch_python_dop_operator_3.py
[2023-11-20T21:48:37.661+0000] {processor.py:839} INFO - DAG(s) dict_keys(['example_branch_dop_operator_v3']) retrieved from /home/airflow/.local/lib/python3.8/site-packages/airflow/example_dags/example_branch_python_dop_operator_3.py
[2023-11-20T21:48:37.675+0000] {logging_mixin.py:154} INFO - [2023-11-20T21:48:37.675+0000] {dag.py:2941} INFO - Sync 1 DAGs
[2023-11-20T21:48:37.697+0000] {logging_mixin.py:154} INFO - [2023-11-20T21:48:37.697+0000] {dag.py:3722} INFO - Setting next_dagrun for example_branch_dop_operator_v3 to 2023-11-20T21:47:00+00:00, run_after=2023-11-20T21:48:00+00:00
[2023-11-20T21:48:37.720+0000] {processor.py:179} INFO - Processing /home/airflow/.local/lib/python3.8/site-packages/airflow/example_dags/example_branch_python_dop_operator_3.py took 0.080 seconds
[2023-11-20T21:49:07.918+0000] {processor.py:157} INFO - Started process (PID=96) to work on /home/airflow/.local/lib/python3.8/site-packages/airflow/example_dags/example_branch_python_dop_operator_3.py
[2023-11-20T21:49:07.919+0000] {processor.py:829} INFO - Processing file /home/airflow/.local/lib/python3.8/site-packages/airflow/example_dags/example_branch_python_dop_operator_3.py for tasks to queue
[2023-11-20T21:49:07.921+0000] {logging_mixin.py:154} INFO - [2023-11-20T21:49:07.920+0000] {dagbag.py:536} INFO - Filling up the DagBag from /home/airflow/.local/lib/python3.8/site-packages/airflow/example_dags/example_branch_python_dop_operator_3.py
[2023-11-20T21:49:07.926+0000] {processor.py:839} INFO - DAG(s) dict_keys(['example_branch_dop_operator_v3']) retrieved from /home/airflow/.local/lib/python3.8/site-packages/airflow/example_dags/example_branch_python_dop_operator_3.py
[2023-11-20T21:49:07.939+0000] {logging_mixin.py:154} INFO - [2023-11-20T21:49:07.939+0000] {dag.py:2941} INFO - Sync 1 DAGs
[2023-11-20T21:49:07.952+0000] {logging_mixin.py:154} INFO - [2023-11-20T21:49:07.952+0000] {dag.py:3722} INFO - Setting next_dagrun for example_branch_dop_operator_v3 to 2023-11-20T21:48:00+00:00, run_after=2023-11-20T21:49:00+00:00
[2023-11-20T21:49:07.959+0000] {processor.py:179} INFO - Processing /home/airflow/.local/lib/python3.8/site-packages/airflow/example_dags/example_branch_python_dop_operator_3.py took 0.043 seconds
[2023-11-20T21:49:38.041+0000] {processor.py:157} INFO - Started process (PID=150) to work on /home/airflow/.local/lib/python3.8/site-packages/airflow/example_dags/example_branch_python_dop_operator_3.py
[2023-11-20T21:49:38.042+0000] {processor.py:829} INFO - Processing file /home/airflow/.local/lib/python3.8/site-packages/airflow/example_dags/example_branch_python_dop_operator_3.py for tasks to queue
[2023-11-20T21:49:38.043+0000] {logging_mixin.py:154} INFO - [2023-11-20T21:49:38.043+0000] {dagbag.py:536} INFO - Filling up the DagBag from /home/airflow/.local/lib/python3.8/site-packages/airflow/example_dags/example_branch_python_dop_operator_3.py
[2023-11-20T21:49:38.048+0000] {processor.py:839} INFO - DAG(s) dict_keys(['example_branch_dop_operator_v3']) retrieved from /home/airflow/.local/lib/python3.8/site-packages/airflow/example_dags/example_branch_python_dop_operator_3.py
[2023-11-20T21:49:38.061+0000] {logging_mixin.py:154} INFO - [2023-11-20T21:49:38.061+0000] {dag.py:2941} INFO - Sync 1 DAGs
[2023-11-20T21:49:38.073+0000] {logging_mixin.py:154} INFO - [2023-11-20T21:49:38.073+0000] {dag.py:3722} INFO - Setting next_dagrun for example_branch_dop_operator_v3 to 2023-11-20T21:48:00+00:00, run_after=2023-11-20T21:49:00+00:00
[2023-11-20T21:49:38.080+0000] {processor.py:179} INFO - Processing /home/airflow/.local/lib/python3.8/site-packages/airflow/example_dags/example_branch_python_dop_operator_3.py took 0.042 seconds
[2023-11-20T21:50:08.386+0000] {processor.py:157} INFO - Started process (PID=204) to work on /home/airflow/.local/lib/python3.8/site-packages/airflow/example_dags/example_branch_python_dop_operator_3.py
[2023-11-20T21:50:08.388+0000] {processor.py:829} INFO - Processing file /home/airflow/.local/lib/python3.8/site-packages/airflow/example_dags/example_branch_python_dop_operator_3.py for tasks to queue
[2023-11-20T21:50:08.389+0000] {logging_mixin.py:154} INFO - [2023-11-20T21:50:08.389+0000] {dagbag.py:536} INFO - Filling up the DagBag from /home/airflow/.local/lib/python3.8/site-packages/airflow/example_dags/example_branch_python_dop_operator_3.py
[2023-11-20T21:50:08.394+0000] {processor.py:839} INFO - DAG(s) dict_keys(['example_branch_dop_operator_v3']) retrieved from /home/airflow/.local/lib/python3.8/site-packages/airflow/example_dags/example_branch_python_dop_operator_3.py
[2023-11-20T21:50:08.410+0000] {logging_mixin.py:154} INFO - [2023-11-20T21:50:08.409+0000] {dag.py:2941} INFO - Sync 1 DAGs
[2023-11-20T21:50:08.424+0000] {logging_mixin.py:154} INFO - [2023-11-20T21:50:08.424+0000] {dag.py:3722} INFO - Setting next_dagrun for example_branch_dop_operator_v3 to 2023-11-20T21:49:00+00:00, run_after=2023-11-20T21:50:00+00:00
[2023-11-20T21:50:08.434+0000] {processor.py:179} INFO - Processing /home/airflow/.local/lib/python3.8/site-packages/airflow/example_dags/example_branch_python_dop_operator_3.py took 0.050 seconds
[2023-11-20T21:50:38.748+0000] {processor.py:157} INFO - Started process (PID=258) to work on /home/airflow/.local/lib/python3.8/site-packages/airflow/example_dags/example_branch_python_dop_operator_3.py
[2023-11-20T21:50:38.749+0000] {processor.py:829} INFO - Processing file /home/airflow/.local/lib/python3.8/site-packages/airflow/example_dags/example_branch_python_dop_operator_3.py for tasks to queue
[2023-11-20T21:50:38.751+0000] {logging_mixin.py:154} INFO - [2023-11-20T21:50:38.750+0000] {dagbag.py:536} INFO - Filling up the DagBag from /home/airflow/.local/lib/python3.8/site-packages/airflow/example_dags/example_branch_python_dop_operator_3.py
[2023-11-20T21:50:38.755+0000] {processor.py:839} INFO - DAG(s) dict_keys(['example_branch_dop_operator_v3']) retrieved from /home/airflow/.local/lib/python3.8/site-packages/airflow/example_dags/example_branch_python_dop_operator_3.py
[2023-11-20T21:50:38.768+0000] {logging_mixin.py:154} INFO - [2023-11-20T21:50:38.768+0000] {dag.py:2941} INFO - Sync 1 DAGs
[2023-11-20T21:50:38.781+0000] {logging_mixin.py:154} INFO - [2023-11-20T21:50:38.781+0000] {dag.py:3722} INFO - Setting next_dagrun for example_branch_dop_operator_v3 to 2023-11-20T21:49:00+00:00, run_after=2023-11-20T21:50:00+00:00
[2023-11-20T21:50:38.790+0000] {processor.py:179} INFO - Processing /home/airflow/.local/lib/python3.8/site-packages/airflow/example_dags/example_branch_python_dop_operator_3.py took 0.044 seconds
[2023-11-20T21:51:09.005+0000] {processor.py:157} INFO - Started process (PID=312) to work on /home/airflow/.local/lib/python3.8/site-packages/airflow/example_dags/example_branch_python_dop_operator_3.py
[2023-11-20T21:51:09.006+0000] {processor.py:829} INFO - Processing file /home/airflow/.local/lib/python3.8/site-packages/airflow/example_dags/example_branch_python_dop_operator_3.py for tasks to queue
[2023-11-20T21:51:09.007+0000] {logging_mixin.py:154} INFO - [2023-11-20T21:51:09.007+0000] {dagbag.py:536} INFO - Filling up the DagBag from /home/airflow/.local/lib/python3.8/site-packages/airflow/example_dags/example_branch_python_dop_operator_3.py
[2023-11-20T21:51:09.012+0000] {processor.py:839} INFO - DAG(s) dict_keys(['example_branch_dop_operator_v3']) retrieved from /home/airflow/.local/lib/python3.8/site-packages/airflow/example_dags/example_branch_python_dop_operator_3.py
[2023-11-20T21:51:09.032+0000] {logging_mixin.py:154} INFO - [2023-11-20T21:51:09.032+0000] {dag.py:2941} INFO - Sync 1 DAGs
[2023-11-20T21:51:09.049+0000] {logging_mixin.py:154} INFO - [2023-11-20T21:51:09.049+0000] {dag.py:3722} INFO - Setting next_dagrun for example_branch_dop_operator_v3 to 2023-11-20T21:50:00+00:00, run_after=2023-11-20T21:51:00+00:00
[2023-11-20T21:51:09.059+0000] {processor.py:179} INFO - Processing /home/airflow/.local/lib/python3.8/site-packages/airflow/example_dags/example_branch_python_dop_operator_3.py took 0.056 seconds
[2023-11-20T21:51:39.103+0000] {processor.py:157} INFO - Started process (PID=366) to work on /home/airflow/.local/lib/python3.8/site-packages/airflow/example_dags/example_branch_python_dop_operator_3.py
[2023-11-20T21:51:39.104+0000] {processor.py:829} INFO - Processing file /home/airflow/.local/lib/python3.8/site-packages/airflow/example_dags/example_branch_python_dop_operator_3.py for tasks to queue
[2023-11-20T21:51:39.106+0000] {logging_mixin.py:154} INFO - [2023-11-20T21:51:39.106+0000] {dagbag.py:536} INFO - Filling up the DagBag from /home/airflow/.local/lib/python3.8/site-packages/airflow/example_dags/example_branch_python_dop_operator_3.py
[2023-11-20T21:51:39.113+0000] {processor.py:839} INFO - DAG(s) dict_keys(['example_branch_dop_operator_v3']) retrieved from /home/airflow/.local/lib/python3.8/site-packages/airflow/example_dags/example_branch_python_dop_operator_3.py
[2023-11-20T21:51:39.128+0000] {logging_mixin.py:154} INFO - [2023-11-20T21:51:39.127+0000] {dag.py:2941} INFO - Sync 1 DAGs
[2023-11-20T21:51:39.140+0000] {logging_mixin.py:154} INFO - [2023-11-20T21:51:39.140+0000] {dag.py:3722} INFO - Setting next_dagrun for example_branch_dop_operator_v3 to 2023-11-20T21:50:00+00:00, run_after=2023-11-20T21:51:00+00:00
[2023-11-20T21:51:39.149+0000] {processor.py:179} INFO - Processing /home/airflow/.local/lib/python3.8/site-packages/airflow/example_dags/example_branch_python_dop_operator_3.py took 0.048 seconds
[2023-11-20T21:52:09.593+0000] {processor.py:157} INFO - Started process (PID=420) to work on /home/airflow/.local/lib/python3.8/site-packages/airflow/example_dags/example_branch_python_dop_operator_3.py
[2023-11-20T21:52:09.593+0000] {processor.py:829} INFO - Processing file /home/airflow/.local/lib/python3.8/site-packages/airflow/example_dags/example_branch_python_dop_operator_3.py for tasks to queue
[2023-11-20T21:52:09.595+0000] {logging_mixin.py:154} INFO - [2023-11-20T21:52:09.594+0000] {dagbag.py:536} INFO - Filling up the DagBag from /home/airflow/.local/lib/python3.8/site-packages/airflow/example_dags/example_branch_python_dop_operator_3.py
[2023-11-20T21:52:09.600+0000] {processor.py:839} INFO - DAG(s) dict_keys(['example_branch_dop_operator_v3']) retrieved from /home/airflow/.local/lib/python3.8/site-packages/airflow/example_dags/example_branch_python_dop_operator_3.py
[2023-11-20T21:52:09.612+0000] {logging_mixin.py:154} INFO - [2023-11-20T21:52:09.612+0000] {dag.py:2941} INFO - Sync 1 DAGs
[2023-11-20T21:52:09.624+0000] {logging_mixin.py:154} INFO - [2023-11-20T21:52:09.624+0000] {dag.py:3722} INFO - Setting next_dagrun for example_branch_dop_operator_v3 to 2023-11-20T21:51:00+00:00, run_after=2023-11-20T21:52:00+00:00
[2023-11-20T21:52:09.632+0000] {processor.py:179} INFO - Processing /home/airflow/.local/lib/python3.8/site-packages/airflow/example_dags/example_branch_python_dop_operator_3.py took 0.041 seconds
[2023-11-20T21:52:39.853+0000] {processor.py:157} INFO - Started process (PID=474) to work on /home/airflow/.local/lib/python3.8/site-packages/airflow/example_dags/example_branch_python_dop_operator_3.py
[2023-11-20T21:52:39.854+0000] {processor.py:829} INFO - Processing file /home/airflow/.local/lib/python3.8/site-packages/airflow/example_dags/example_branch_python_dop_operator_3.py for tasks to queue
[2023-11-20T21:52:39.855+0000] {logging_mixin.py:154} INFO - [2023-11-20T21:52:39.855+0000] {dagbag.py:536} INFO - Filling up the DagBag from /home/airflow/.local/lib/python3.8/site-packages/airflow/example_dags/example_branch_python_dop_operator_3.py
[2023-11-20T21:52:39.859+0000] {processor.py:839} INFO - DAG(s) dict_keys(['example_branch_dop_operator_v3']) retrieved from /home/airflow/.local/lib/python3.8/site-packages/airflow/example_dags/example_branch_python_dop_operator_3.py
[2023-11-20T21:52:39.871+0000] {logging_mixin.py:154} INFO - [2023-11-20T21:52:39.871+0000] {dag.py:2941} INFO - Sync 1 DAGs
[2023-11-20T21:52:39.883+0000] {logging_mixin.py:154} INFO - [2023-11-20T21:52:39.883+0000] {dag.py:3722} INFO - Setting next_dagrun for example_branch_dop_operator_v3 to 2023-11-20T21:51:00+00:00, run_after=2023-11-20T21:52:00+00:00
[2023-11-20T21:52:39.890+0000] {processor.py:179} INFO - Processing /home/airflow/.local/lib/python3.8/site-packages/airflow/example_dags/example_branch_python_dop_operator_3.py took 0.039 seconds
[2023-11-20T21:53:10.176+0000] {processor.py:157} INFO - Started process (PID=528) to work on /home/airflow/.local/lib/python3.8/site-packages/airflow/example_dags/example_branch_python_dop_operator_3.py
[2023-11-20T21:53:10.177+0000] {processor.py:829} INFO - Processing file /home/airflow/.local/lib/python3.8/site-packages/airflow/example_dags/example_branch_python_dop_operator_3.py for tasks to queue
[2023-11-20T21:53:10.179+0000] {logging_mixin.py:154} INFO - [2023-11-20T21:53:10.179+0000] {dagbag.py:536} INFO - Filling up the DagBag from /home/airflow/.local/lib/python3.8/site-packages/airflow/example_dags/example_branch_python_dop_operator_3.py
[2023-11-20T21:53:10.185+0000] {processor.py:839} INFO - DAG(s) dict_keys(['example_branch_dop_operator_v3']) retrieved from /home/airflow/.local/lib/python3.8/site-packages/airflow/example_dags/example_branch_python_dop_operator_3.py
[2023-11-20T21:53:10.200+0000] {logging_mixin.py:154} INFO - [2023-11-20T21:53:10.200+0000] {dag.py:2941} INFO - Sync 1 DAGs
[2023-11-20T21:53:10.214+0000] {logging_mixin.py:154} INFO - [2023-11-20T21:53:10.214+0000] {dag.py:3722} INFO - Setting next_dagrun for example_branch_dop_operator_v3 to 2023-11-20T21:52:00+00:00, run_after=2023-11-20T21:53:00+00:00
[2023-11-20T21:53:10.224+0000] {processor.py:179} INFO - Processing /home/airflow/.local/lib/python3.8/site-packages/airflow/example_dags/example_branch_python_dop_operator_3.py took 0.049 seconds
[2023-11-20T21:53:40.388+0000] {processor.py:157} INFO - Started process (PID=582) to work on /home/airflow/.local/lib/python3.8/site-packages/airflow/example_dags/example_branch_python_dop_operator_3.py
[2023-11-20T21:53:40.390+0000] {processor.py:829} INFO - Processing file /home/airflow/.local/lib/python3.8/site-packages/airflow/example_dags/example_branch_python_dop_operator_3.py for tasks to queue
[2023-11-20T21:53:40.391+0000] {logging_mixin.py:154} INFO - [2023-11-20T21:53:40.391+0000] {dagbag.py:536} INFO - Filling up the DagBag from /home/airflow/.local/lib/python3.8/site-packages/airflow/example_dags/example_branch_python_dop_operator_3.py
[2023-11-20T21:53:40.397+0000] {processor.py:839} INFO - DAG(s) dict_keys(['example_branch_dop_operator_v3']) retrieved from /home/airflow/.local/lib/python3.8/site-packages/airflow/example_dags/example_branch_python_dop_operator_3.py
[2023-11-20T21:53:40.412+0000] {logging_mixin.py:154} INFO - [2023-11-20T21:53:40.411+0000] {dag.py:2941} INFO - Sync 1 DAGs
[2023-11-20T21:53:40.427+0000] {logging_mixin.py:154} INFO - [2023-11-20T21:53:40.426+0000] {dag.py:3722} INFO - Setting next_dagrun for example_branch_dop_operator_v3 to 2023-11-20T21:52:00+00:00, run_after=2023-11-20T21:53:00+00:00
[2023-11-20T21:53:40.437+0000] {processor.py:179} INFO - Processing /home/airflow/.local/lib/python3.8/site-packages/airflow/example_dags/example_branch_python_dop_operator_3.py took 0.051 seconds
[2023-11-20T21:54:10.790+0000] {processor.py:157} INFO - Started process (PID=636) to work on /home/airflow/.local/lib/python3.8/site-packages/airflow/example_dags/example_branch_python_dop_operator_3.py
[2023-11-20T21:54:10.790+0000] {processor.py:829} INFO - Processing file /home/airflow/.local/lib/python3.8/site-packages/airflow/example_dags/example_branch_python_dop_operator_3.py for tasks to queue
[2023-11-20T21:54:10.792+0000] {logging_mixin.py:154} INFO - [2023-11-20T21:54:10.792+0000] {dagbag.py:536} INFO - Filling up the DagBag from /home/airflow/.local/lib/python3.8/site-packages/airflow/example_dags/example_branch_python_dop_operator_3.py
[2023-11-20T21:54:10.797+0000] {processor.py:839} INFO - DAG(s) dict_keys(['example_branch_dop_operator_v3']) retrieved from /home/airflow/.local/lib/python3.8/site-packages/airflow/example_dags/example_branch_python_dop_operator_3.py
[2023-11-20T21:54:10.815+0000] {logging_mixin.py:154} INFO - [2023-11-20T21:54:10.815+0000] {dag.py:2941} INFO - Sync 1 DAGs
[2023-11-20T21:54:10.829+0000] {logging_mixin.py:154} INFO - [2023-11-20T21:54:10.829+0000] {dag.py:3722} INFO - Setting next_dagrun for example_branch_dop_operator_v3 to 2023-11-20T21:53:00+00:00, run_after=2023-11-20T21:54:00+00:00
[2023-11-20T21:54:10.837+0000] {processor.py:179} INFO - Processing /home/airflow/.local/lib/python3.8/site-packages/airflow/example_dags/example_branch_python_dop_operator_3.py took 0.050 seconds
[2023-11-20T21:54:41.248+0000] {processor.py:157} INFO - Started process (PID=690) to work on /home/airflow/.local/lib/python3.8/site-packages/airflow/example_dags/example_branch_python_dop_operator_3.py
[2023-11-20T21:54:41.249+0000] {processor.py:829} INFO - Processing file /home/airflow/.local/lib/python3.8/site-packages/airflow/example_dags/example_branch_python_dop_operator_3.py for tasks to queue
[2023-11-20T21:54:41.251+0000] {logging_mixin.py:154} INFO - [2023-11-20T21:54:41.251+0000] {dagbag.py:536} INFO - Filling up the DagBag from /home/airflow/.local/lib/python3.8/site-packages/airflow/example_dags/example_branch_python_dop_operator_3.py
[2023-11-20T21:54:41.256+0000] {processor.py:839} INFO - DAG(s) dict_keys(['example_branch_dop_operator_v3']) retrieved from /home/airflow/.local/lib/python3.8/site-packages/airflow/example_dags/example_branch_python_dop_operator_3.py
[2023-11-20T21:54:41.270+0000] {logging_mixin.py:154} INFO - [2023-11-20T21:54:41.270+0000] {dag.py:2941} INFO - Sync 1 DAGs
[2023-11-20T21:54:41.283+0000] {logging_mixin.py:154} INFO - [2023-11-20T21:54:41.283+0000] {dag.py:3722} INFO - Setting next_dagrun for example_branch_dop_operator_v3 to 2023-11-20T21:53:00+00:00, run_after=2023-11-20T21:54:00+00:00
[2023-11-20T21:54:41.290+0000] {processor.py:179} INFO - Processing /home/airflow/.local/lib/python3.8/site-packages/airflow/example_dags/example_branch_python_dop_operator_3.py took 0.044 seconds
[2023-11-20T21:55:11.510+0000] {processor.py:157} INFO - Started process (PID=744) to work on /home/airflow/.local/lib/python3.8/site-packages/airflow/example_dags/example_branch_python_dop_operator_3.py
[2023-11-20T21:55:11.511+0000] {processor.py:829} INFO - Processing file /home/airflow/.local/lib/python3.8/site-packages/airflow/example_dags/example_branch_python_dop_operator_3.py for tasks to queue
[2023-11-20T21:55:11.513+0000] {logging_mixin.py:154} INFO - [2023-11-20T21:55:11.512+0000] {dagbag.py:536} INFO - Filling up the DagBag from /home/airflow/.local/lib/python3.8/site-packages/airflow/example_dags/example_branch_python_dop_operator_3.py
[2023-11-20T21:55:11.518+0000] {processor.py:839} INFO - DAG(s) dict_keys(['example_branch_dop_operator_v3']) retrieved from /home/airflow/.local/lib/python3.8/site-packages/airflow/example_dags/example_branch_python_dop_operator_3.py
[2023-11-20T21:55:11.530+0000] {logging_mixin.py:154} INFO - [2023-11-20T21:55:11.530+0000] {dag.py:2941} INFO - Sync 1 DAGs
[2023-11-20T21:55:11.542+0000] {logging_mixin.py:154} INFO - [2023-11-20T21:55:11.542+0000] {dag.py:3722} INFO - Setting next_dagrun for example_branch_dop_operator_v3 to 2023-11-20T21:54:00+00:00, run_after=2023-11-20T21:55:00+00:00
[2023-11-20T21:55:11.550+0000] {processor.py:179} INFO - Processing /home/airflow/.local/lib/python3.8/site-packages/airflow/example_dags/example_branch_python_dop_operator_3.py took 0.042 seconds
[2023-11-20T21:55:42.035+0000] {processor.py:157} INFO - Started process (PID=798) to work on /home/airflow/.local/lib/python3.8/site-packages/airflow/example_dags/example_branch_python_dop_operator_3.py
[2023-11-20T21:55:42.036+0000] {processor.py:829} INFO - Processing file /home/airflow/.local/lib/python3.8/site-packages/airflow/example_dags/example_branch_python_dop_operator_3.py for tasks to queue
[2023-11-20T21:55:42.038+0000] {logging_mixin.py:154} INFO - [2023-11-20T21:55:42.037+0000] {dagbag.py:536} INFO - Filling up the DagBag from /home/airflow/.local/lib/python3.8/site-packages/airflow/example_dags/example_branch_python_dop_operator_3.py
[2023-11-20T21:55:42.042+0000] {processor.py:839} INFO - DAG(s) dict_keys(['example_branch_dop_operator_v3']) retrieved from /home/airflow/.local/lib/python3.8/site-packages/airflow/example_dags/example_branch_python_dop_operator_3.py
[2023-11-20T21:55:42.054+0000] {logging_mixin.py:154} INFO - [2023-11-20T21:55:42.054+0000] {dag.py:2941} INFO - Sync 1 DAGs
[2023-11-20T21:55:42.067+0000] {logging_mixin.py:154} INFO - [2023-11-20T21:55:42.067+0000] {dag.py:3722} INFO - Setting next_dagrun for example_branch_dop_operator_v3 to 2023-11-20T21:54:00+00:00, run_after=2023-11-20T21:55:00+00:00
[2023-11-20T21:55:42.074+0000] {processor.py:179} INFO - Processing /home/airflow/.local/lib/python3.8/site-packages/airflow/example_dags/example_branch_python_dop_operator_3.py took 0.040 seconds
[2023-11-20T21:56:12.595+0000] {processor.py:157} INFO - Started process (PID=852) to work on /home/airflow/.local/lib/python3.8/site-packages/airflow/example_dags/example_branch_python_dop_operator_3.py
[2023-11-20T21:56:12.596+0000] {processor.py:829} INFO - Processing file /home/airflow/.local/lib/python3.8/site-packages/airflow/example_dags/example_branch_python_dop_operator_3.py for tasks to queue
[2023-11-20T21:56:12.597+0000] {logging_mixin.py:154} INFO - [2023-11-20T21:56:12.597+0000] {dagbag.py:536} INFO - Filling up the DagBag from /home/airflow/.local/lib/python3.8/site-packages/airflow/example_dags/example_branch_python_dop_operator_3.py
[2023-11-20T21:56:12.603+0000] {processor.py:839} INFO - DAG(s) dict_keys(['example_branch_dop_operator_v3']) retrieved from /home/airflow/.local/lib/python3.8/site-packages/airflow/example_dags/example_branch_python_dop_operator_3.py
[2023-11-20T21:56:12.622+0000] {logging_mixin.py:154} INFO - [2023-11-20T21:56:12.621+0000] {dag.py:2941} INFO - Sync 1 DAGs
[2023-11-20T21:56:12.636+0000] {logging_mixin.py:154} INFO - [2023-11-20T21:56:12.636+0000] {dag.py:3722} INFO - Setting next_dagrun for example_branch_dop_operator_v3 to 2023-11-20T21:55:00+00:00, run_after=2023-11-20T21:56:00+00:00
[2023-11-20T21:56:12.644+0000] {processor.py:179} INFO - Processing /home/airflow/.local/lib/python3.8/site-packages/airflow/example_dags/example_branch_python_dop_operator_3.py took 0.052 seconds
[2023-11-20T21:56:43.017+0000] {processor.py:157} INFO - Started process (PID=906) to work on /home/airflow/.local/lib/python3.8/site-packages/airflow/example_dags/example_branch_python_dop_operator_3.py
[2023-11-20T21:56:43.018+0000] {processor.py:829} INFO - Processing file /home/airflow/.local/lib/python3.8/site-packages/airflow/example_dags/example_branch_python_dop_operator_3.py for tasks to queue
[2023-11-20T21:56:43.019+0000] {logging_mixin.py:154} INFO - [2023-11-20T21:56:43.019+0000] {dagbag.py:536} INFO - Filling up the DagBag from /home/airflow/.local/lib/python3.8/site-packages/airflow/example_dags/example_branch_python_dop_operator_3.py
[2023-11-20T21:56:43.024+0000] {processor.py:839} INFO - DAG(s) dict_keys(['example_branch_dop_operator_v3']) retrieved from /home/airflow/.local/lib/python3.8/site-packages/airflow/example_dags/example_branch_python_dop_operator_3.py
[2023-11-20T21:56:43.036+0000] {logging_mixin.py:154} INFO - [2023-11-20T21:56:43.036+0000] {dag.py:2941} INFO - Sync 1 DAGs
[2023-11-20T21:56:43.050+0000] {logging_mixin.py:154} INFO - [2023-11-20T21:56:43.050+0000] {dag.py:3722} INFO - Setting next_dagrun for example_branch_dop_operator_v3 to 2023-11-20T21:55:00+00:00, run_after=2023-11-20T21:56:00+00:00
[2023-11-20T21:56:43.057+0000] {processor.py:179} INFO - Processing /home/airflow/.local/lib/python3.8/site-packages/airflow/example_dags/example_branch_python_dop_operator_3.py took 0.042 seconds
[2023-11-20T21:57:13.799+0000] {processor.py:157} INFO - Started process (PID=960) to work on /home/airflow/.local/lib/python3.8/site-packages/airflow/example_dags/example_branch_python_dop_operator_3.py
[2023-11-20T21:57:13.800+0000] {processor.py:829} INFO - Processing file /home/airflow/.local/lib/python3.8/site-packages/airflow/example_dags/example_branch_python_dop_operator_3.py for tasks to queue
[2023-11-20T21:57:13.802+0000] {logging_mixin.py:154} INFO - [2023-11-20T21:57:13.802+0000] {dagbag.py:536} INFO - Filling up the DagBag from /home/airflow/.local/lib/python3.8/site-packages/airflow/example_dags/example_branch_python_dop_operator_3.py
[2023-11-20T21:57:13.811+0000] {processor.py:839} INFO - DAG(s) dict_keys(['example_branch_dop_operator_v3']) retrieved from /home/airflow/.local/lib/python3.8/site-packages/airflow/example_dags/example_branch_python_dop_operator_3.py
[2023-11-20T21:57:13.829+0000] {logging_mixin.py:154} INFO - [2023-11-20T21:57:13.829+0000] {dag.py:2941} INFO - Sync 1 DAGs
[2023-11-20T21:57:13.843+0000] {logging_mixin.py:154} INFO - [2023-11-20T21:57:13.842+0000] {dag.py:3722} INFO - Setting next_dagrun for example_branch_dop_operator_v3 to 2023-11-20T21:56:00+00:00, run_after=2023-11-20T21:57:00+00:00
[2023-11-20T21:57:13.852+0000] {processor.py:179} INFO - Processing /home/airflow/.local/lib/python3.8/site-packages/airflow/example_dags/example_branch_python_dop_operator_3.py took 0.055 seconds
[2023-11-20T21:57:44.210+0000] {processor.py:157} INFO - Started process (PID=1014) to work on /home/airflow/.local/lib/python3.8/site-packages/airflow/example_dags/example_branch_python_dop_operator_3.py
[2023-11-20T21:57:44.212+0000] {processor.py:829} INFO - Processing file /home/airflow/.local/lib/python3.8/site-packages/airflow/example_dags/example_branch_python_dop_operator_3.py for tasks to queue
[2023-11-20T21:57:44.213+0000] {logging_mixin.py:154} INFO - [2023-11-20T21:57:44.213+0000] {dagbag.py:536} INFO - Filling up the DagBag from /home/airflow/.local/lib/python3.8/site-packages/airflow/example_dags/example_branch_python_dop_operator_3.py
[2023-11-20T21:57:44.218+0000] {processor.py:839} INFO - DAG(s) dict_keys(['example_branch_dop_operator_v3']) retrieved from /home/airflow/.local/lib/python3.8/site-packages/airflow/example_dags/example_branch_python_dop_operator_3.py
[2023-11-20T21:57:44.231+0000] {logging_mixin.py:154} INFO - [2023-11-20T21:57:44.231+0000] {dag.py:2941} INFO - Sync 1 DAGs
[2023-11-20T21:57:44.244+0000] {logging_mixin.py:154} INFO - [2023-11-20T21:57:44.244+0000] {dag.py:3722} INFO - Setting next_dagrun for example_branch_dop_operator_v3 to 2023-11-20T21:56:00+00:00, run_after=2023-11-20T21:57:00+00:00
[2023-11-20T21:57:44.251+0000] {processor.py:179} INFO - Processing /home/airflow/.local/lib/python3.8/site-packages/airflow/example_dags/example_branch_python_dop_operator_3.py took 0.043 seconds
[2023-11-20T21:58:14.791+0000] {processor.py:157} INFO - Started process (PID=1068) to work on /home/airflow/.local/lib/python3.8/site-packages/airflow/example_dags/example_branch_python_dop_operator_3.py
[2023-11-20T21:58:14.792+0000] {processor.py:829} INFO - Processing file /home/airflow/.local/lib/python3.8/site-packages/airflow/example_dags/example_branch_python_dop_operator_3.py for tasks to queue
[2023-11-20T21:58:14.793+0000] {logging_mixin.py:154} INFO - [2023-11-20T21:58:14.793+0000] {dagbag.py:536} INFO - Filling up the DagBag from /home/airflow/.local/lib/python3.8/site-packages/airflow/example_dags/example_branch_python_dop_operator_3.py
[2023-11-20T21:58:14.798+0000] {processor.py:839} INFO - DAG(s) dict_keys(['example_branch_dop_operator_v3']) retrieved from /home/airflow/.local/lib/python3.8/site-packages/airflow/example_dags/example_branch_python_dop_operator_3.py
[2023-11-20T21:58:14.811+0000] {logging_mixin.py:154} INFO - [2023-11-20T21:58:14.811+0000] {dag.py:2941} INFO - Sync 1 DAGs
[2023-11-20T21:58:14.825+0000] {logging_mixin.py:154} INFO - [2023-11-20T21:58:14.824+0000] {dag.py:3722} INFO - Setting next_dagrun for example_branch_dop_operator_v3 to 2023-11-20T21:57:00+00:00, run_after=2023-11-20T21:58:00+00:00
[2023-11-20T21:58:14.834+0000] {processor.py:179} INFO - Processing /home/airflow/.local/lib/python3.8/site-packages/airflow/example_dags/example_branch_python_dop_operator_3.py took 0.045 seconds
