[2023-11-20T21:48:39.809+0000] {processor.py:157} INFO - Started process (PID=62) to work on /home/airflow/.local/lib/python3.8/site-packages/airflow/example_dags/example_bash_operator.py
[2023-11-20T21:48:39.857+0000] {processor.py:829} INFO - Processing file /home/airflow/.local/lib/python3.8/site-packages/airflow/example_dags/example_bash_operator.py for tasks to queue
[2023-11-20T21:48:39.866+0000] {logging_mixin.py:154} INFO - [2023-11-20T21:48:39.863+0000] {dagbag.py:536} INFO - Filling up the DagBag from /home/airflow/.local/lib/python3.8/site-packages/airflow/example_dags/example_bash_operator.py
[2023-11-20T21:48:39.900+0000] {processor.py:839} INFO - DAG(s) dict_keys(['example_bash_operator']) retrieved from /home/airflow/.local/lib/python3.8/site-packages/airflow/example_dags/example_bash_operator.py
[2023-11-20T21:48:39.916+0000] {logging_mixin.py:154} INFO - [2023-11-20T21:48:39.916+0000] {dag.py:2941} INFO - Sync 1 DAGs
[2023-11-20T21:48:39.958+0000] {logging_mixin.py:154} INFO - [2023-11-20T21:48:39.958+0000] {dag.py:3722} INFO - Setting next_dagrun for example_bash_operator to 2023-11-19T00:00:00+00:00, run_after=2023-11-20T00:00:00+00:00
[2023-11-20T21:48:39.978+0000] {processor.py:179} INFO - Processing /home/airflow/.local/lib/python3.8/site-packages/airflow/example_dags/example_bash_operator.py took 0.215 seconds
[2023-11-20T21:49:10.861+0000] {processor.py:157} INFO - Started process (PID=116) to work on /home/airflow/.local/lib/python3.8/site-packages/airflow/example_dags/example_bash_operator.py
[2023-11-20T21:49:10.862+0000] {processor.py:829} INFO - Processing file /home/airflow/.local/lib/python3.8/site-packages/airflow/example_dags/example_bash_operator.py for tasks to queue
[2023-11-20T21:49:10.864+0000] {logging_mixin.py:154} INFO - [2023-11-20T21:49:10.864+0000] {dagbag.py:536} INFO - Filling up the DagBag from /home/airflow/.local/lib/python3.8/site-packages/airflow/example_dags/example_bash_operator.py
[2023-11-20T21:49:10.872+0000] {processor.py:839} INFO - DAG(s) dict_keys(['example_bash_operator']) retrieved from /home/airflow/.local/lib/python3.8/site-packages/airflow/example_dags/example_bash_operator.py
[2023-11-20T21:49:10.888+0000] {logging_mixin.py:154} INFO - [2023-11-20T21:49:10.888+0000] {dag.py:2941} INFO - Sync 1 DAGs
[2023-11-20T21:49:10.901+0000] {logging_mixin.py:154} INFO - [2023-11-20T21:49:10.901+0000] {dag.py:3722} INFO - Setting next_dagrun for example_bash_operator to 2023-11-19T00:00:00+00:00, run_after=2023-11-20T00:00:00+00:00
[2023-11-20T21:49:10.911+0000] {processor.py:179} INFO - Processing /home/airflow/.local/lib/python3.8/site-packages/airflow/example_dags/example_bash_operator.py took 0.053 seconds
[2023-11-20T21:49:41.828+0000] {processor.py:157} INFO - Started process (PID=170) to work on /home/airflow/.local/lib/python3.8/site-packages/airflow/example_dags/example_bash_operator.py
[2023-11-20T21:49:41.832+0000] {processor.py:829} INFO - Processing file /home/airflow/.local/lib/python3.8/site-packages/airflow/example_dags/example_bash_operator.py for tasks to queue
[2023-11-20T21:49:41.836+0000] {logging_mixin.py:154} INFO - [2023-11-20T21:49:41.836+0000] {dagbag.py:536} INFO - Filling up the DagBag from /home/airflow/.local/lib/python3.8/site-packages/airflow/example_dags/example_bash_operator.py
[2023-11-20T21:49:41.851+0000] {processor.py:839} INFO - DAG(s) dict_keys(['example_bash_operator']) retrieved from /home/airflow/.local/lib/python3.8/site-packages/airflow/example_dags/example_bash_operator.py
[2023-11-20T21:49:41.890+0000] {logging_mixin.py:154} INFO - [2023-11-20T21:49:41.890+0000] {dag.py:2941} INFO - Sync 1 DAGs
[2023-11-20T21:49:41.904+0000] {logging_mixin.py:154} INFO - [2023-11-20T21:49:41.904+0000] {dag.py:3722} INFO - Setting next_dagrun for example_bash_operator to 2023-11-19T00:00:00+00:00, run_after=2023-11-20T00:00:00+00:00
[2023-11-20T21:49:41.913+0000] {processor.py:179} INFO - Processing /home/airflow/.local/lib/python3.8/site-packages/airflow/example_dags/example_bash_operator.py took 0.088 seconds
[2023-11-20T21:50:12.270+0000] {processor.py:157} INFO - Started process (PID=224) to work on /home/airflow/.local/lib/python3.8/site-packages/airflow/example_dags/example_bash_operator.py
[2023-11-20T21:50:12.271+0000] {processor.py:829} INFO - Processing file /home/airflow/.local/lib/python3.8/site-packages/airflow/example_dags/example_bash_operator.py for tasks to queue
[2023-11-20T21:50:12.274+0000] {logging_mixin.py:154} INFO - [2023-11-20T21:50:12.273+0000] {dagbag.py:536} INFO - Filling up the DagBag from /home/airflow/.local/lib/python3.8/site-packages/airflow/example_dags/example_bash_operator.py
[2023-11-20T21:50:12.283+0000] {processor.py:839} INFO - DAG(s) dict_keys(['example_bash_operator']) retrieved from /home/airflow/.local/lib/python3.8/site-packages/airflow/example_dags/example_bash_operator.py
[2023-11-20T21:50:12.305+0000] {logging_mixin.py:154} INFO - [2023-11-20T21:50:12.305+0000] {dag.py:2941} INFO - Sync 1 DAGs
[2023-11-20T21:50:12.319+0000] {logging_mixin.py:154} INFO - [2023-11-20T21:50:12.318+0000] {dag.py:3722} INFO - Setting next_dagrun for example_bash_operator to 2023-11-19T00:00:00+00:00, run_after=2023-11-20T00:00:00+00:00
[2023-11-20T21:50:12.328+0000] {processor.py:179} INFO - Processing /home/airflow/.local/lib/python3.8/site-packages/airflow/example_dags/example_bash_operator.py took 0.062 seconds
[2023-11-20T21:50:42.504+0000] {processor.py:157} INFO - Started process (PID=278) to work on /home/airflow/.local/lib/python3.8/site-packages/airflow/example_dags/example_bash_operator.py
[2023-11-20T21:50:42.506+0000] {processor.py:829} INFO - Processing file /home/airflow/.local/lib/python3.8/site-packages/airflow/example_dags/example_bash_operator.py for tasks to queue
[2023-11-20T21:50:42.508+0000] {logging_mixin.py:154} INFO - [2023-11-20T21:50:42.508+0000] {dagbag.py:536} INFO - Filling up the DagBag from /home/airflow/.local/lib/python3.8/site-packages/airflow/example_dags/example_bash_operator.py
[2023-11-20T21:50:42.517+0000] {processor.py:839} INFO - DAG(s) dict_keys(['example_bash_operator']) retrieved from /home/airflow/.local/lib/python3.8/site-packages/airflow/example_dags/example_bash_operator.py
[2023-11-20T21:50:42.539+0000] {logging_mixin.py:154} INFO - [2023-11-20T21:50:42.538+0000] {dag.py:2941} INFO - Sync 1 DAGs
[2023-11-20T21:50:42.554+0000] {logging_mixin.py:154} INFO - [2023-11-20T21:50:42.553+0000] {dag.py:3722} INFO - Setting next_dagrun for example_bash_operator to 2023-11-19T00:00:00+00:00, run_after=2023-11-20T00:00:00+00:00
[2023-11-20T21:50:42.563+0000] {processor.py:179} INFO - Processing /home/airflow/.local/lib/python3.8/site-packages/airflow/example_dags/example_bash_operator.py took 0.061 seconds
[2023-11-20T21:51:12.669+0000] {processor.py:157} INFO - Started process (PID=332) to work on /home/airflow/.local/lib/python3.8/site-packages/airflow/example_dags/example_bash_operator.py
[2023-11-20T21:51:12.670+0000] {processor.py:829} INFO - Processing file /home/airflow/.local/lib/python3.8/site-packages/airflow/example_dags/example_bash_operator.py for tasks to queue
[2023-11-20T21:51:12.672+0000] {logging_mixin.py:154} INFO - [2023-11-20T21:51:12.672+0000] {dagbag.py:536} INFO - Filling up the DagBag from /home/airflow/.local/lib/python3.8/site-packages/airflow/example_dags/example_bash_operator.py
[2023-11-20T21:51:12.680+0000] {processor.py:839} INFO - DAG(s) dict_keys(['example_bash_operator']) retrieved from /home/airflow/.local/lib/python3.8/site-packages/airflow/example_dags/example_bash_operator.py
[2023-11-20T21:51:12.699+0000] {logging_mixin.py:154} INFO - [2023-11-20T21:51:12.699+0000] {dag.py:2941} INFO - Sync 1 DAGs
[2023-11-20T21:51:12.712+0000] {logging_mixin.py:154} INFO - [2023-11-20T21:51:12.712+0000] {dag.py:3722} INFO - Setting next_dagrun for example_bash_operator to 2023-11-19T00:00:00+00:00, run_after=2023-11-20T00:00:00+00:00
[2023-11-20T21:51:12.722+0000] {processor.py:179} INFO - Processing /home/airflow/.local/lib/python3.8/site-packages/airflow/example_dags/example_bash_operator.py took 0.056 seconds
[2023-11-20T21:51:43.133+0000] {processor.py:157} INFO - Started process (PID=386) to work on /home/airflow/.local/lib/python3.8/site-packages/airflow/example_dags/example_bash_operator.py
[2023-11-20T21:51:43.135+0000] {processor.py:829} INFO - Processing file /home/airflow/.local/lib/python3.8/site-packages/airflow/example_dags/example_bash_operator.py for tasks to queue
[2023-11-20T21:51:43.137+0000] {logging_mixin.py:154} INFO - [2023-11-20T21:51:43.137+0000] {dagbag.py:536} INFO - Filling up the DagBag from /home/airflow/.local/lib/python3.8/site-packages/airflow/example_dags/example_bash_operator.py
[2023-11-20T21:51:43.149+0000] {processor.py:839} INFO - DAG(s) dict_keys(['example_bash_operator']) retrieved from /home/airflow/.local/lib/python3.8/site-packages/airflow/example_dags/example_bash_operator.py
[2023-11-20T21:51:43.172+0000] {logging_mixin.py:154} INFO - [2023-11-20T21:51:43.172+0000] {dag.py:2941} INFO - Sync 1 DAGs
[2023-11-20T21:51:43.187+0000] {logging_mixin.py:154} INFO - [2023-11-20T21:51:43.186+0000] {dag.py:3722} INFO - Setting next_dagrun for example_bash_operator to 2023-11-19T00:00:00+00:00, run_after=2023-11-20T00:00:00+00:00
[2023-11-20T21:51:43.195+0000] {processor.py:179} INFO - Processing /home/airflow/.local/lib/python3.8/site-packages/airflow/example_dags/example_bash_operator.py took 0.065 seconds
[2023-11-20T21:52:13.330+0000] {processor.py:157} INFO - Started process (PID=440) to work on /home/airflow/.local/lib/python3.8/site-packages/airflow/example_dags/example_bash_operator.py
[2023-11-20T21:52:13.331+0000] {processor.py:829} INFO - Processing file /home/airflow/.local/lib/python3.8/site-packages/airflow/example_dags/example_bash_operator.py for tasks to queue
[2023-11-20T21:52:13.333+0000] {logging_mixin.py:154} INFO - [2023-11-20T21:52:13.333+0000] {dagbag.py:536} INFO - Filling up the DagBag from /home/airflow/.local/lib/python3.8/site-packages/airflow/example_dags/example_bash_operator.py
[2023-11-20T21:52:13.342+0000] {processor.py:839} INFO - DAG(s) dict_keys(['example_bash_operator']) retrieved from /home/airflow/.local/lib/python3.8/site-packages/airflow/example_dags/example_bash_operator.py
[2023-11-20T21:52:13.362+0000] {logging_mixin.py:154} INFO - [2023-11-20T21:52:13.362+0000] {dag.py:2941} INFO - Sync 1 DAGs
[2023-11-20T21:52:13.377+0000] {logging_mixin.py:154} INFO - [2023-11-20T21:52:13.377+0000] {dag.py:3722} INFO - Setting next_dagrun for example_bash_operator to 2023-11-19T00:00:00+00:00, run_after=2023-11-20T00:00:00+00:00
[2023-11-20T21:52:13.386+0000] {processor.py:179} INFO - Processing /home/airflow/.local/lib/python3.8/site-packages/airflow/example_dags/example_bash_operator.py took 0.058 seconds
[2023-11-20T21:52:43.582+0000] {processor.py:157} INFO - Started process (PID=494) to work on /home/airflow/.local/lib/python3.8/site-packages/airflow/example_dags/example_bash_operator.py
[2023-11-20T21:52:43.584+0000] {processor.py:829} INFO - Processing file /home/airflow/.local/lib/python3.8/site-packages/airflow/example_dags/example_bash_operator.py for tasks to queue
[2023-11-20T21:52:43.588+0000] {logging_mixin.py:154} INFO - [2023-11-20T21:52:43.587+0000] {dagbag.py:536} INFO - Filling up the DagBag from /home/airflow/.local/lib/python3.8/site-packages/airflow/example_dags/example_bash_operator.py
[2023-11-20T21:52:43.597+0000] {processor.py:839} INFO - DAG(s) dict_keys(['example_bash_operator']) retrieved from /home/airflow/.local/lib/python3.8/site-packages/airflow/example_dags/example_bash_operator.py
[2023-11-20T21:52:43.617+0000] {logging_mixin.py:154} INFO - [2023-11-20T21:52:43.617+0000] {dag.py:2941} INFO - Sync 1 DAGs
[2023-11-20T21:52:43.630+0000] {logging_mixin.py:154} INFO - [2023-11-20T21:52:43.630+0000] {dag.py:3722} INFO - Setting next_dagrun for example_bash_operator to 2023-11-19T00:00:00+00:00, run_after=2023-11-20T00:00:00+00:00
[2023-11-20T21:52:43.639+0000] {processor.py:179} INFO - Processing /home/airflow/.local/lib/python3.8/site-packages/airflow/example_dags/example_bash_operator.py took 0.060 seconds
[2023-11-20T21:53:14.133+0000] {processor.py:157} INFO - Started process (PID=548) to work on /home/airflow/.local/lib/python3.8/site-packages/airflow/example_dags/example_bash_operator.py
[2023-11-20T21:53:14.134+0000] {processor.py:829} INFO - Processing file /home/airflow/.local/lib/python3.8/site-packages/airflow/example_dags/example_bash_operator.py for tasks to queue
[2023-11-20T21:53:14.136+0000] {logging_mixin.py:154} INFO - [2023-11-20T21:53:14.136+0000] {dagbag.py:536} INFO - Filling up the DagBag from /home/airflow/.local/lib/python3.8/site-packages/airflow/example_dags/example_bash_operator.py
[2023-11-20T21:53:14.144+0000] {processor.py:839} INFO - DAG(s) dict_keys(['example_bash_operator']) retrieved from /home/airflow/.local/lib/python3.8/site-packages/airflow/example_dags/example_bash_operator.py
[2023-11-20T21:53:14.167+0000] {logging_mixin.py:154} INFO - [2023-11-20T21:53:14.166+0000] {dag.py:2941} INFO - Sync 1 DAGs
[2023-11-20T21:53:14.185+0000] {logging_mixin.py:154} INFO - [2023-11-20T21:53:14.185+0000] {dag.py:3722} INFO - Setting next_dagrun for example_bash_operator to 2023-11-19T00:00:00+00:00, run_after=2023-11-20T00:00:00+00:00
[2023-11-20T21:53:14.197+0000] {processor.py:179} INFO - Processing /home/airflow/.local/lib/python3.8/site-packages/airflow/example_dags/example_bash_operator.py took 0.067 seconds
[2023-11-20T21:53:44.423+0000] {processor.py:157} INFO - Started process (PID=602) to work on /home/airflow/.local/lib/python3.8/site-packages/airflow/example_dags/example_bash_operator.py
[2023-11-20T21:53:44.425+0000] {processor.py:829} INFO - Processing file /home/airflow/.local/lib/python3.8/site-packages/airflow/example_dags/example_bash_operator.py for tasks to queue
[2023-11-20T21:53:44.427+0000] {logging_mixin.py:154} INFO - [2023-11-20T21:53:44.427+0000] {dagbag.py:536} INFO - Filling up the DagBag from /home/airflow/.local/lib/python3.8/site-packages/airflow/example_dags/example_bash_operator.py
[2023-11-20T21:53:44.436+0000] {processor.py:839} INFO - DAG(s) dict_keys(['example_bash_operator']) retrieved from /home/airflow/.local/lib/python3.8/site-packages/airflow/example_dags/example_bash_operator.py
[2023-11-20T21:53:44.456+0000] {logging_mixin.py:154} INFO - [2023-11-20T21:53:44.456+0000] {dag.py:2941} INFO - Sync 1 DAGs
[2023-11-20T21:53:44.470+0000] {logging_mixin.py:154} INFO - [2023-11-20T21:53:44.470+0000] {dag.py:3722} INFO - Setting next_dagrun for example_bash_operator to 2023-11-19T00:00:00+00:00, run_after=2023-11-20T00:00:00+00:00
[2023-11-20T21:53:44.478+0000] {processor.py:179} INFO - Processing /home/airflow/.local/lib/python3.8/site-packages/airflow/example_dags/example_bash_operator.py took 0.058 seconds
[2023-11-20T21:54:14.582+0000] {processor.py:157} INFO - Started process (PID=656) to work on /home/airflow/.local/lib/python3.8/site-packages/airflow/example_dags/example_bash_operator.py
[2023-11-20T21:54:14.583+0000] {processor.py:829} INFO - Processing file /home/airflow/.local/lib/python3.8/site-packages/airflow/example_dags/example_bash_operator.py for tasks to queue
[2023-11-20T21:54:14.584+0000] {logging_mixin.py:154} INFO - [2023-11-20T21:54:14.584+0000] {dagbag.py:536} INFO - Filling up the DagBag from /home/airflow/.local/lib/python3.8/site-packages/airflow/example_dags/example_bash_operator.py
[2023-11-20T21:54:14.591+0000] {processor.py:839} INFO - DAG(s) dict_keys(['example_bash_operator']) retrieved from /home/airflow/.local/lib/python3.8/site-packages/airflow/example_dags/example_bash_operator.py
[2023-11-20T21:54:14.606+0000] {logging_mixin.py:154} INFO - [2023-11-20T21:54:14.606+0000] {dag.py:2941} INFO - Sync 1 DAGs
[2023-11-20T21:54:14.617+0000] {logging_mixin.py:154} INFO - [2023-11-20T21:54:14.617+0000] {dag.py:3722} INFO - Setting next_dagrun for example_bash_operator to 2023-11-19T00:00:00+00:00, run_after=2023-11-20T00:00:00+00:00
[2023-11-20T21:54:14.626+0000] {processor.py:179} INFO - Processing /home/airflow/.local/lib/python3.8/site-packages/airflow/example_dags/example_bash_operator.py took 0.046 seconds
[2023-11-20T21:54:45.225+0000] {processor.py:157} INFO - Started process (PID=710) to work on /home/airflow/.local/lib/python3.8/site-packages/airflow/example_dags/example_bash_operator.py
[2023-11-20T21:54:45.226+0000] {processor.py:829} INFO - Processing file /home/airflow/.local/lib/python3.8/site-packages/airflow/example_dags/example_bash_operator.py for tasks to queue
[2023-11-20T21:54:45.228+0000] {logging_mixin.py:154} INFO - [2023-11-20T21:54:45.227+0000] {dagbag.py:536} INFO - Filling up the DagBag from /home/airflow/.local/lib/python3.8/site-packages/airflow/example_dags/example_bash_operator.py
[2023-11-20T21:54:45.236+0000] {processor.py:839} INFO - DAG(s) dict_keys(['example_bash_operator']) retrieved from /home/airflow/.local/lib/python3.8/site-packages/airflow/example_dags/example_bash_operator.py
[2023-11-20T21:54:45.254+0000] {logging_mixin.py:154} INFO - [2023-11-20T21:54:45.254+0000] {dag.py:2941} INFO - Sync 1 DAGs
[2023-11-20T21:54:45.271+0000] {logging_mixin.py:154} INFO - [2023-11-20T21:54:45.270+0000] {dag.py:3722} INFO - Setting next_dagrun for example_bash_operator to 2023-11-19T00:00:00+00:00, run_after=2023-11-20T00:00:00+00:00
[2023-11-20T21:54:45.285+0000] {processor.py:179} INFO - Processing /home/airflow/.local/lib/python3.8/site-packages/airflow/example_dags/example_bash_operator.py took 0.063 seconds
[2023-11-20T21:55:16.281+0000] {processor.py:157} INFO - Started process (PID=764) to work on /home/airflow/.local/lib/python3.8/site-packages/airflow/example_dags/example_bash_operator.py
[2023-11-20T21:55:16.282+0000] {processor.py:829} INFO - Processing file /home/airflow/.local/lib/python3.8/site-packages/airflow/example_dags/example_bash_operator.py for tasks to queue
[2023-11-20T21:55:16.283+0000] {logging_mixin.py:154} INFO - [2023-11-20T21:55:16.283+0000] {dagbag.py:536} INFO - Filling up the DagBag from /home/airflow/.local/lib/python3.8/site-packages/airflow/example_dags/example_bash_operator.py
[2023-11-20T21:55:16.289+0000] {processor.py:839} INFO - DAG(s) dict_keys(['example_bash_operator']) retrieved from /home/airflow/.local/lib/python3.8/site-packages/airflow/example_dags/example_bash_operator.py
[2023-11-20T21:55:16.305+0000] {logging_mixin.py:154} INFO - [2023-11-20T21:55:16.305+0000] {dag.py:2941} INFO - Sync 1 DAGs
[2023-11-20T21:55:16.315+0000] {logging_mixin.py:154} INFO - [2023-11-20T21:55:16.315+0000] {dag.py:3722} INFO - Setting next_dagrun for example_bash_operator to 2023-11-19T00:00:00+00:00, run_after=2023-11-20T00:00:00+00:00
[2023-11-20T21:55:16.323+0000] {processor.py:179} INFO - Processing /home/airflow/.local/lib/python3.8/site-packages/airflow/example_dags/example_bash_operator.py took 0.045 seconds
[2023-11-20T21:55:46.927+0000] {processor.py:157} INFO - Started process (PID=818) to work on /home/airflow/.local/lib/python3.8/site-packages/airflow/example_dags/example_bash_operator.py
[2023-11-20T21:55:46.928+0000] {processor.py:829} INFO - Processing file /home/airflow/.local/lib/python3.8/site-packages/airflow/example_dags/example_bash_operator.py for tasks to queue
[2023-11-20T21:55:46.930+0000] {logging_mixin.py:154} INFO - [2023-11-20T21:55:46.930+0000] {dagbag.py:536} INFO - Filling up the DagBag from /home/airflow/.local/lib/python3.8/site-packages/airflow/example_dags/example_bash_operator.py
[2023-11-20T21:55:46.937+0000] {processor.py:839} INFO - DAG(s) dict_keys(['example_bash_operator']) retrieved from /home/airflow/.local/lib/python3.8/site-packages/airflow/example_dags/example_bash_operator.py
[2023-11-20T21:55:46.954+0000] {logging_mixin.py:154} INFO - [2023-11-20T21:55:46.954+0000] {dag.py:2941} INFO - Sync 1 DAGs
[2023-11-20T21:55:46.966+0000] {logging_mixin.py:154} INFO - [2023-11-20T21:55:46.966+0000] {dag.py:3722} INFO - Setting next_dagrun for example_bash_operator to 2023-11-19T00:00:00+00:00, run_after=2023-11-20T00:00:00+00:00
[2023-11-20T21:55:46.974+0000] {processor.py:179} INFO - Processing /home/airflow/.local/lib/python3.8/site-packages/airflow/example_dags/example_bash_operator.py took 0.049 seconds
[2023-11-20T21:56:17.506+0000] {processor.py:157} INFO - Started process (PID=872) to work on /home/airflow/.local/lib/python3.8/site-packages/airflow/example_dags/example_bash_operator.py
[2023-11-20T21:56:17.507+0000] {processor.py:829} INFO - Processing file /home/airflow/.local/lib/python3.8/site-packages/airflow/example_dags/example_bash_operator.py for tasks to queue
[2023-11-20T21:56:17.508+0000] {logging_mixin.py:154} INFO - [2023-11-20T21:56:17.508+0000] {dagbag.py:536} INFO - Filling up the DagBag from /home/airflow/.local/lib/python3.8/site-packages/airflow/example_dags/example_bash_operator.py
[2023-11-20T21:56:17.517+0000] {processor.py:839} INFO - DAG(s) dict_keys(['example_bash_operator']) retrieved from /home/airflow/.local/lib/python3.8/site-packages/airflow/example_dags/example_bash_operator.py
[2023-11-20T21:56:17.535+0000] {logging_mixin.py:154} INFO - [2023-11-20T21:56:17.535+0000] {dag.py:2941} INFO - Sync 1 DAGs
[2023-11-20T21:56:17.548+0000] {logging_mixin.py:154} INFO - [2023-11-20T21:56:17.547+0000] {dag.py:3722} INFO - Setting next_dagrun for example_bash_operator to 2023-11-19T00:00:00+00:00, run_after=2023-11-20T00:00:00+00:00
[2023-11-20T21:56:17.557+0000] {processor.py:179} INFO - Processing /home/airflow/.local/lib/python3.8/site-packages/airflow/example_dags/example_bash_operator.py took 0.053 seconds
[2023-11-20T21:56:47.689+0000] {processor.py:157} INFO - Started process (PID=926) to work on /home/airflow/.local/lib/python3.8/site-packages/airflow/example_dags/example_bash_operator.py
[2023-11-20T21:56:47.690+0000] {processor.py:829} INFO - Processing file /home/airflow/.local/lib/python3.8/site-packages/airflow/example_dags/example_bash_operator.py for tasks to queue
[2023-11-20T21:56:47.692+0000] {logging_mixin.py:154} INFO - [2023-11-20T21:56:47.692+0000] {dagbag.py:536} INFO - Filling up the DagBag from /home/airflow/.local/lib/python3.8/site-packages/airflow/example_dags/example_bash_operator.py
[2023-11-20T21:56:47.707+0000] {processor.py:839} INFO - DAG(s) dict_keys(['example_bash_operator']) retrieved from /home/airflow/.local/lib/python3.8/site-packages/airflow/example_dags/example_bash_operator.py
[2023-11-20T21:56:47.738+0000] {logging_mixin.py:154} INFO - [2023-11-20T21:56:47.737+0000] {dag.py:2941} INFO - Sync 1 DAGs
[2023-11-20T21:56:47.758+0000] {logging_mixin.py:154} INFO - [2023-11-20T21:56:47.758+0000] {dag.py:3722} INFO - Setting next_dagrun for example_bash_operator to 2023-11-19T00:00:00+00:00, run_after=2023-11-20T00:00:00+00:00
[2023-11-20T21:56:47.771+0000] {processor.py:179} INFO - Processing /home/airflow/.local/lib/python3.8/site-packages/airflow/example_dags/example_bash_operator.py took 0.085 seconds
[2023-11-20T21:57:18.606+0000] {processor.py:157} INFO - Started process (PID=980) to work on /home/airflow/.local/lib/python3.8/site-packages/airflow/example_dags/example_bash_operator.py
[2023-11-20T21:57:18.607+0000] {processor.py:829} INFO - Processing file /home/airflow/.local/lib/python3.8/site-packages/airflow/example_dags/example_bash_operator.py for tasks to queue
[2023-11-20T21:57:18.608+0000] {logging_mixin.py:154} INFO - [2023-11-20T21:57:18.608+0000] {dagbag.py:536} INFO - Filling up the DagBag from /home/airflow/.local/lib/python3.8/site-packages/airflow/example_dags/example_bash_operator.py
[2023-11-20T21:57:18.615+0000] {processor.py:839} INFO - DAG(s) dict_keys(['example_bash_operator']) retrieved from /home/airflow/.local/lib/python3.8/site-packages/airflow/example_dags/example_bash_operator.py
[2023-11-20T21:57:18.631+0000] {logging_mixin.py:154} INFO - [2023-11-20T21:57:18.631+0000] {dag.py:2941} INFO - Sync 1 DAGs
[2023-11-20T21:57:18.642+0000] {logging_mixin.py:154} INFO - [2023-11-20T21:57:18.642+0000] {dag.py:3722} INFO - Setting next_dagrun for example_bash_operator to 2023-11-19T00:00:00+00:00, run_after=2023-11-20T00:00:00+00:00
[2023-11-20T21:57:18.649+0000] {processor.py:179} INFO - Processing /home/airflow/.local/lib/python3.8/site-packages/airflow/example_dags/example_bash_operator.py took 0.045 seconds
[2023-11-20T21:57:49.298+0000] {processor.py:157} INFO - Started process (PID=1034) to work on /home/airflow/.local/lib/python3.8/site-packages/airflow/example_dags/example_bash_operator.py
[2023-11-20T21:57:49.299+0000] {processor.py:829} INFO - Processing file /home/airflow/.local/lib/python3.8/site-packages/airflow/example_dags/example_bash_operator.py for tasks to queue
[2023-11-20T21:57:49.301+0000] {logging_mixin.py:154} INFO - [2023-11-20T21:57:49.301+0000] {dagbag.py:536} INFO - Filling up the DagBag from /home/airflow/.local/lib/python3.8/site-packages/airflow/example_dags/example_bash_operator.py
[2023-11-20T21:57:49.308+0000] {processor.py:839} INFO - DAG(s) dict_keys(['example_bash_operator']) retrieved from /home/airflow/.local/lib/python3.8/site-packages/airflow/example_dags/example_bash_operator.py
[2023-11-20T21:57:49.325+0000] {logging_mixin.py:154} INFO - [2023-11-20T21:57:49.325+0000] {dag.py:2941} INFO - Sync 1 DAGs
[2023-11-20T21:57:49.337+0000] {logging_mixin.py:154} INFO - [2023-11-20T21:57:49.337+0000] {dag.py:3722} INFO - Setting next_dagrun for example_bash_operator to 2023-11-19T00:00:00+00:00, run_after=2023-11-20T00:00:00+00:00
[2023-11-20T21:57:49.346+0000] {processor.py:179} INFO - Processing /home/airflow/.local/lib/python3.8/site-packages/airflow/example_dags/example_bash_operator.py took 0.051 seconds
[2023-11-20T21:58:19.575+0000] {processor.py:157} INFO - Started process (PID=1088) to work on /home/airflow/.local/lib/python3.8/site-packages/airflow/example_dags/example_bash_operator.py
[2023-11-20T21:58:19.576+0000] {processor.py:829} INFO - Processing file /home/airflow/.local/lib/python3.8/site-packages/airflow/example_dags/example_bash_operator.py for tasks to queue
[2023-11-20T21:58:19.577+0000] {logging_mixin.py:154} INFO - [2023-11-20T21:58:19.577+0000] {dagbag.py:536} INFO - Filling up the DagBag from /home/airflow/.local/lib/python3.8/site-packages/airflow/example_dags/example_bash_operator.py
[2023-11-20T21:58:19.583+0000] {processor.py:839} INFO - DAG(s) dict_keys(['example_bash_operator']) retrieved from /home/airflow/.local/lib/python3.8/site-packages/airflow/example_dags/example_bash_operator.py
[2023-11-20T21:58:19.600+0000] {logging_mixin.py:154} INFO - [2023-11-20T21:58:19.600+0000] {dag.py:2941} INFO - Sync 1 DAGs
[2023-11-20T21:58:19.614+0000] {logging_mixin.py:154} INFO - [2023-11-20T21:58:19.614+0000] {dag.py:3722} INFO - Setting next_dagrun for example_bash_operator to 2023-11-19T00:00:00+00:00, run_after=2023-11-20T00:00:00+00:00
[2023-11-20T21:58:19.628+0000] {processor.py:179} INFO - Processing /home/airflow/.local/lib/python3.8/site-packages/airflow/example_dags/example_bash_operator.py took 0.055 seconds
