[2023-11-20T21:48:39.922+0000] {processor.py:157} INFO - Started process (PID=63) to work on /home/airflow/.local/lib/python3.8/site-packages/airflow/example_dags/example_branch_operator.py
[2023-11-20T21:48:39.925+0000] {processor.py:829} INFO - Processing file /home/airflow/.local/lib/python3.8/site-packages/airflow/example_dags/example_branch_operator.py for tasks to queue
[2023-11-20T21:48:39.939+0000] {logging_mixin.py:154} INFO - [2023-11-20T21:48:39.938+0000] {dagbag.py:536} INFO - Filling up the DagBag from /home/airflow/.local/lib/python3.8/site-packages/airflow/example_dags/example_branch_operator.py
[2023-11-20T21:48:39.960+0000] {processor.py:839} INFO - DAG(s) dict_keys(['example_branch_operator']) retrieved from /home/airflow/.local/lib/python3.8/site-packages/airflow/example_dags/example_branch_operator.py
[2023-11-20T21:48:39.989+0000] {logging_mixin.py:154} INFO - [2023-11-20T21:48:39.988+0000] {dag.py:2941} INFO - Sync 1 DAGs
[2023-11-20T21:48:40.006+0000] {logging_mixin.py:154} INFO - [2023-11-20T21:48:40.005+0000] {dag.py:3722} INFO - Setting next_dagrun for example_branch_operator to 2023-11-19T00:00:00+00:00, run_after=2023-11-20T00:00:00+00:00
[2023-11-20T21:48:40.023+0000] {processor.py:179} INFO - Processing /home/airflow/.local/lib/python3.8/site-packages/airflow/example_dags/example_branch_operator.py took 0.115 seconds
[2023-11-20T21:49:10.916+0000] {processor.py:157} INFO - Started process (PID=117) to work on /home/airflow/.local/lib/python3.8/site-packages/airflow/example_dags/example_branch_operator.py
[2023-11-20T21:49:10.917+0000] {processor.py:829} INFO - Processing file /home/airflow/.local/lib/python3.8/site-packages/airflow/example_dags/example_branch_operator.py for tasks to queue
[2023-11-20T21:49:10.919+0000] {logging_mixin.py:154} INFO - [2023-11-20T21:49:10.919+0000] {dagbag.py:536} INFO - Filling up the DagBag from /home/airflow/.local/lib/python3.8/site-packages/airflow/example_dags/example_branch_operator.py
[2023-11-20T21:49:10.926+0000] {processor.py:839} INFO - DAG(s) dict_keys(['example_branch_operator']) retrieved from /home/airflow/.local/lib/python3.8/site-packages/airflow/example_dags/example_branch_operator.py
[2023-11-20T21:49:10.942+0000] {logging_mixin.py:154} INFO - [2023-11-20T21:49:10.942+0000] {dag.py:2941} INFO - Sync 1 DAGs
[2023-11-20T21:49:10.954+0000] {logging_mixin.py:154} INFO - [2023-11-20T21:49:10.954+0000] {dag.py:3722} INFO - Setting next_dagrun for example_branch_operator to 2023-11-19T00:00:00+00:00, run_after=2023-11-20T00:00:00+00:00
[2023-11-20T21:49:10.963+0000] {processor.py:179} INFO - Processing /home/airflow/.local/lib/python3.8/site-packages/airflow/example_dags/example_branch_operator.py took 0.050 seconds
[2023-11-20T21:49:41.915+0000] {processor.py:157} INFO - Started process (PID=171) to work on /home/airflow/.local/lib/python3.8/site-packages/airflow/example_dags/example_branch_operator.py
[2023-11-20T21:49:41.917+0000] {processor.py:829} INFO - Processing file /home/airflow/.local/lib/python3.8/site-packages/airflow/example_dags/example_branch_operator.py for tasks to queue
[2023-11-20T21:49:41.920+0000] {logging_mixin.py:154} INFO - [2023-11-20T21:49:41.919+0000] {dagbag.py:536} INFO - Filling up the DagBag from /home/airflow/.local/lib/python3.8/site-packages/airflow/example_dags/example_branch_operator.py
[2023-11-20T21:49:41.925+0000] {processor.py:839} INFO - DAG(s) dict_keys(['example_branch_operator']) retrieved from /home/airflow/.local/lib/python3.8/site-packages/airflow/example_dags/example_branch_operator.py
[2023-11-20T21:49:41.940+0000] {logging_mixin.py:154} INFO - [2023-11-20T21:49:41.940+0000] {dag.py:2941} INFO - Sync 1 DAGs
[2023-11-20T21:49:41.952+0000] {logging_mixin.py:154} INFO - [2023-11-20T21:49:41.952+0000] {dag.py:3722} INFO - Setting next_dagrun for example_branch_operator to 2023-11-19T00:00:00+00:00, run_after=2023-11-20T00:00:00+00:00
[2023-11-20T21:49:41.960+0000] {processor.py:179} INFO - Processing /home/airflow/.local/lib/python3.8/site-packages/airflow/example_dags/example_branch_operator.py took 0.048 seconds
[2023-11-20T21:50:12.330+0000] {processor.py:157} INFO - Started process (PID=225) to work on /home/airflow/.local/lib/python3.8/site-packages/airflow/example_dags/example_branch_operator.py
[2023-11-20T21:50:12.331+0000] {processor.py:829} INFO - Processing file /home/airflow/.local/lib/python3.8/site-packages/airflow/example_dags/example_branch_operator.py for tasks to queue
[2023-11-20T21:50:12.334+0000] {logging_mixin.py:154} INFO - [2023-11-20T21:50:12.334+0000] {dagbag.py:536} INFO - Filling up the DagBag from /home/airflow/.local/lib/python3.8/site-packages/airflow/example_dags/example_branch_operator.py
[2023-11-20T21:50:12.345+0000] {processor.py:839} INFO - DAG(s) dict_keys(['example_branch_operator']) retrieved from /home/airflow/.local/lib/python3.8/site-packages/airflow/example_dags/example_branch_operator.py
[2023-11-20T21:50:12.366+0000] {logging_mixin.py:154} INFO - [2023-11-20T21:50:12.366+0000] {dag.py:2941} INFO - Sync 1 DAGs
[2023-11-20T21:50:12.379+0000] {logging_mixin.py:154} INFO - [2023-11-20T21:50:12.379+0000] {dag.py:3722} INFO - Setting next_dagrun for example_branch_operator to 2023-11-19T00:00:00+00:00, run_after=2023-11-20T00:00:00+00:00
[2023-11-20T21:50:12.387+0000] {processor.py:179} INFO - Processing /home/airflow/.local/lib/python3.8/site-packages/airflow/example_dags/example_branch_operator.py took 0.059 seconds
[2023-11-20T21:50:42.561+0000] {processor.py:157} INFO - Started process (PID=279) to work on /home/airflow/.local/lib/python3.8/site-packages/airflow/example_dags/example_branch_operator.py
[2023-11-20T21:50:42.562+0000] {processor.py:829} INFO - Processing file /home/airflow/.local/lib/python3.8/site-packages/airflow/example_dags/example_branch_operator.py for tasks to queue
[2023-11-20T21:50:42.565+0000] {logging_mixin.py:154} INFO - [2023-11-20T21:50:42.564+0000] {dagbag.py:536} INFO - Filling up the DagBag from /home/airflow/.local/lib/python3.8/site-packages/airflow/example_dags/example_branch_operator.py
[2023-11-20T21:50:42.570+0000] {processor.py:839} INFO - DAG(s) dict_keys(['example_branch_operator']) retrieved from /home/airflow/.local/lib/python3.8/site-packages/airflow/example_dags/example_branch_operator.py
[2023-11-20T21:50:42.584+0000] {logging_mixin.py:154} INFO - [2023-11-20T21:50:42.584+0000] {dag.py:2941} INFO - Sync 1 DAGs
[2023-11-20T21:50:42.596+0000] {logging_mixin.py:154} INFO - [2023-11-20T21:50:42.596+0000] {dag.py:3722} INFO - Setting next_dagrun for example_branch_operator to 2023-11-19T00:00:00+00:00, run_after=2023-11-20T00:00:00+00:00
[2023-11-20T21:50:42.604+0000] {processor.py:179} INFO - Processing /home/airflow/.local/lib/python3.8/site-packages/airflow/example_dags/example_branch_operator.py took 0.045 seconds
[2023-11-20T21:51:12.720+0000] {processor.py:157} INFO - Started process (PID=333) to work on /home/airflow/.local/lib/python3.8/site-packages/airflow/example_dags/example_branch_operator.py
[2023-11-20T21:51:12.721+0000] {processor.py:829} INFO - Processing file /home/airflow/.local/lib/python3.8/site-packages/airflow/example_dags/example_branch_operator.py for tasks to queue
[2023-11-20T21:51:12.723+0000] {logging_mixin.py:154} INFO - [2023-11-20T21:51:12.722+0000] {dagbag.py:536} INFO - Filling up the DagBag from /home/airflow/.local/lib/python3.8/site-packages/airflow/example_dags/example_branch_operator.py
[2023-11-20T21:51:12.728+0000] {processor.py:839} INFO - DAG(s) dict_keys(['example_branch_operator']) retrieved from /home/airflow/.local/lib/python3.8/site-packages/airflow/example_dags/example_branch_operator.py
[2023-11-20T21:51:12.742+0000] {logging_mixin.py:154} INFO - [2023-11-20T21:51:12.742+0000] {dag.py:2941} INFO - Sync 1 DAGs
[2023-11-20T21:51:12.753+0000] {logging_mixin.py:154} INFO - [2023-11-20T21:51:12.753+0000] {dag.py:3722} INFO - Setting next_dagrun for example_branch_operator to 2023-11-19T00:00:00+00:00, run_after=2023-11-20T00:00:00+00:00
[2023-11-20T21:51:12.761+0000] {processor.py:179} INFO - Processing /home/airflow/.local/lib/python3.8/site-packages/airflow/example_dags/example_branch_operator.py took 0.043 seconds
[2023-11-20T21:51:43.200+0000] {processor.py:157} INFO - Started process (PID=387) to work on /home/airflow/.local/lib/python3.8/site-packages/airflow/example_dags/example_branch_operator.py
[2023-11-20T21:51:43.200+0000] {processor.py:829} INFO - Processing file /home/airflow/.local/lib/python3.8/site-packages/airflow/example_dags/example_branch_operator.py for tasks to queue
[2023-11-20T21:51:43.202+0000] {logging_mixin.py:154} INFO - [2023-11-20T21:51:43.202+0000] {dagbag.py:536} INFO - Filling up the DagBag from /home/airflow/.local/lib/python3.8/site-packages/airflow/example_dags/example_branch_operator.py
[2023-11-20T21:51:43.207+0000] {processor.py:839} INFO - DAG(s) dict_keys(['example_branch_operator']) retrieved from /home/airflow/.local/lib/python3.8/site-packages/airflow/example_dags/example_branch_operator.py
[2023-11-20T21:51:43.221+0000] {logging_mixin.py:154} INFO - [2023-11-20T21:51:43.221+0000] {dag.py:2941} INFO - Sync 1 DAGs
[2023-11-20T21:51:43.232+0000] {logging_mixin.py:154} INFO - [2023-11-20T21:51:43.232+0000] {dag.py:3722} INFO - Setting next_dagrun for example_branch_operator to 2023-11-19T00:00:00+00:00, run_after=2023-11-20T00:00:00+00:00
[2023-11-20T21:51:43.240+0000] {processor.py:179} INFO - Processing /home/airflow/.local/lib/python3.8/site-packages/airflow/example_dags/example_branch_operator.py took 0.043 seconds
[2023-11-20T21:52:13.387+0000] {processor.py:157} INFO - Started process (PID=441) to work on /home/airflow/.local/lib/python3.8/site-packages/airflow/example_dags/example_branch_operator.py
[2023-11-20T21:52:13.388+0000] {processor.py:829} INFO - Processing file /home/airflow/.local/lib/python3.8/site-packages/airflow/example_dags/example_branch_operator.py for tasks to queue
[2023-11-20T21:52:13.390+0000] {logging_mixin.py:154} INFO - [2023-11-20T21:52:13.390+0000] {dagbag.py:536} INFO - Filling up the DagBag from /home/airflow/.local/lib/python3.8/site-packages/airflow/example_dags/example_branch_operator.py
[2023-11-20T21:52:13.395+0000] {processor.py:839} INFO - DAG(s) dict_keys(['example_branch_operator']) retrieved from /home/airflow/.local/lib/python3.8/site-packages/airflow/example_dags/example_branch_operator.py
[2023-11-20T21:52:13.410+0000] {logging_mixin.py:154} INFO - [2023-11-20T21:52:13.410+0000] {dag.py:2941} INFO - Sync 1 DAGs
[2023-11-20T21:52:13.423+0000] {logging_mixin.py:154} INFO - [2023-11-20T21:52:13.423+0000] {dag.py:3722} INFO - Setting next_dagrun for example_branch_operator to 2023-11-19T00:00:00+00:00, run_after=2023-11-20T00:00:00+00:00
[2023-11-20T21:52:13.432+0000] {processor.py:179} INFO - Processing /home/airflow/.local/lib/python3.8/site-packages/airflow/example_dags/example_branch_operator.py took 0.047 seconds
[2023-11-20T21:52:43.638+0000] {processor.py:157} INFO - Started process (PID=495) to work on /home/airflow/.local/lib/python3.8/site-packages/airflow/example_dags/example_branch_operator.py
[2023-11-20T21:52:43.639+0000] {processor.py:829} INFO - Processing file /home/airflow/.local/lib/python3.8/site-packages/airflow/example_dags/example_branch_operator.py for tasks to queue
[2023-11-20T21:52:43.640+0000] {logging_mixin.py:154} INFO - [2023-11-20T21:52:43.640+0000] {dagbag.py:536} INFO - Filling up the DagBag from /home/airflow/.local/lib/python3.8/site-packages/airflow/example_dags/example_branch_operator.py
[2023-11-20T21:52:43.646+0000] {processor.py:839} INFO - DAG(s) dict_keys(['example_branch_operator']) retrieved from /home/airflow/.local/lib/python3.8/site-packages/airflow/example_dags/example_branch_operator.py
[2023-11-20T21:52:43.659+0000] {logging_mixin.py:154} INFO - [2023-11-20T21:52:43.659+0000] {dag.py:2941} INFO - Sync 1 DAGs
[2023-11-20T21:52:43.670+0000] {logging_mixin.py:154} INFO - [2023-11-20T21:52:43.670+0000] {dag.py:3722} INFO - Setting next_dagrun for example_branch_operator to 2023-11-19T00:00:00+00:00, run_after=2023-11-20T00:00:00+00:00
[2023-11-20T21:52:43.677+0000] {processor.py:179} INFO - Processing /home/airflow/.local/lib/python3.8/site-packages/airflow/example_dags/example_branch_operator.py took 0.041 seconds
[2023-11-20T21:53:14.195+0000] {processor.py:157} INFO - Started process (PID=549) to work on /home/airflow/.local/lib/python3.8/site-packages/airflow/example_dags/example_branch_operator.py
[2023-11-20T21:53:14.199+0000] {processor.py:829} INFO - Processing file /home/airflow/.local/lib/python3.8/site-packages/airflow/example_dags/example_branch_operator.py for tasks to queue
[2023-11-20T21:53:14.203+0000] {logging_mixin.py:154} INFO - [2023-11-20T21:53:14.203+0000] {dagbag.py:536} INFO - Filling up the DagBag from /home/airflow/.local/lib/python3.8/site-packages/airflow/example_dags/example_branch_operator.py
[2023-11-20T21:53:14.211+0000] {processor.py:839} INFO - DAG(s) dict_keys(['example_branch_operator']) retrieved from /home/airflow/.local/lib/python3.8/site-packages/airflow/example_dags/example_branch_operator.py
[2023-11-20T21:53:14.229+0000] {logging_mixin.py:154} INFO - [2023-11-20T21:53:14.229+0000] {dag.py:2941} INFO - Sync 1 DAGs
[2023-11-20T21:53:14.243+0000] {logging_mixin.py:154} INFO - [2023-11-20T21:53:14.243+0000] {dag.py:3722} INFO - Setting next_dagrun for example_branch_operator to 2023-11-19T00:00:00+00:00, run_after=2023-11-20T00:00:00+00:00
[2023-11-20T21:53:14.253+0000] {processor.py:179} INFO - Processing /home/airflow/.local/lib/python3.8/site-packages/airflow/example_dags/example_branch_operator.py took 0.060 seconds
[2023-11-20T21:53:44.478+0000] {processor.py:157} INFO - Started process (PID=603) to work on /home/airflow/.local/lib/python3.8/site-packages/airflow/example_dags/example_branch_operator.py
[2023-11-20T21:53:44.479+0000] {processor.py:829} INFO - Processing file /home/airflow/.local/lib/python3.8/site-packages/airflow/example_dags/example_branch_operator.py for tasks to queue
[2023-11-20T21:53:44.482+0000] {logging_mixin.py:154} INFO - [2023-11-20T21:53:44.481+0000] {dagbag.py:536} INFO - Filling up the DagBag from /home/airflow/.local/lib/python3.8/site-packages/airflow/example_dags/example_branch_operator.py
[2023-11-20T21:53:44.487+0000] {processor.py:839} INFO - DAG(s) dict_keys(['example_branch_operator']) retrieved from /home/airflow/.local/lib/python3.8/site-packages/airflow/example_dags/example_branch_operator.py
[2023-11-20T21:53:44.501+0000] {logging_mixin.py:154} INFO - [2023-11-20T21:53:44.501+0000] {dag.py:2941} INFO - Sync 1 DAGs
[2023-11-20T21:53:44.513+0000] {logging_mixin.py:154} INFO - [2023-11-20T21:53:44.513+0000] {dag.py:3722} INFO - Setting next_dagrun for example_branch_operator to 2023-11-19T00:00:00+00:00, run_after=2023-11-20T00:00:00+00:00
[2023-11-20T21:53:44.521+0000] {processor.py:179} INFO - Processing /home/airflow/.local/lib/python3.8/site-packages/airflow/example_dags/example_branch_operator.py took 0.046 seconds
[2023-11-20T21:54:14.590+0000] {processor.py:157} INFO - Started process (PID=657) to work on /home/airflow/.local/lib/python3.8/site-packages/airflow/example_dags/example_branch_operator.py
[2023-11-20T21:54:14.591+0000] {processor.py:829} INFO - Processing file /home/airflow/.local/lib/python3.8/site-packages/airflow/example_dags/example_branch_operator.py for tasks to queue
[2023-11-20T21:54:14.592+0000] {logging_mixin.py:154} INFO - [2023-11-20T21:54:14.592+0000] {dagbag.py:536} INFO - Filling up the DagBag from /home/airflow/.local/lib/python3.8/site-packages/airflow/example_dags/example_branch_operator.py
[2023-11-20T21:54:14.597+0000] {processor.py:839} INFO - DAG(s) dict_keys(['example_branch_operator']) retrieved from /home/airflow/.local/lib/python3.8/site-packages/airflow/example_dags/example_branch_operator.py
[2023-11-20T21:54:14.611+0000] {logging_mixin.py:154} INFO - [2023-11-20T21:54:14.611+0000] {dag.py:2941} INFO - Sync 1 DAGs
[2023-11-20T21:54:14.621+0000] {logging_mixin.py:154} INFO - [2023-11-20T21:54:14.621+0000] {dag.py:3722} INFO - Setting next_dagrun for example_branch_operator to 2023-11-19T00:00:00+00:00, run_after=2023-11-20T00:00:00+00:00
[2023-11-20T21:54:14.630+0000] {processor.py:179} INFO - Processing /home/airflow/.local/lib/python3.8/site-packages/airflow/example_dags/example_branch_operator.py took 0.042 seconds
[2023-11-20T21:54:45.286+0000] {processor.py:157} INFO - Started process (PID=711) to work on /home/airflow/.local/lib/python3.8/site-packages/airflow/example_dags/example_branch_operator.py
[2023-11-20T21:54:45.288+0000] {processor.py:829} INFO - Processing file /home/airflow/.local/lib/python3.8/site-packages/airflow/example_dags/example_branch_operator.py for tasks to queue
[2023-11-20T21:54:45.290+0000] {logging_mixin.py:154} INFO - [2023-11-20T21:54:45.290+0000] {dagbag.py:536} INFO - Filling up the DagBag from /home/airflow/.local/lib/python3.8/site-packages/airflow/example_dags/example_branch_operator.py
[2023-11-20T21:54:45.295+0000] {processor.py:839} INFO - DAG(s) dict_keys(['example_branch_operator']) retrieved from /home/airflow/.local/lib/python3.8/site-packages/airflow/example_dags/example_branch_operator.py
[2023-11-20T21:54:45.314+0000] {logging_mixin.py:154} INFO - [2023-11-20T21:54:45.314+0000] {dag.py:2941} INFO - Sync 1 DAGs
[2023-11-20T21:54:45.327+0000] {logging_mixin.py:154} INFO - [2023-11-20T21:54:45.327+0000] {dag.py:3722} INFO - Setting next_dagrun for example_branch_operator to 2023-11-19T00:00:00+00:00, run_after=2023-11-20T00:00:00+00:00
[2023-11-20T21:54:45.336+0000] {processor.py:179} INFO - Processing /home/airflow/.local/lib/python3.8/site-packages/airflow/example_dags/example_branch_operator.py took 0.053 seconds
[2023-11-20T21:55:16.332+0000] {processor.py:157} INFO - Started process (PID=765) to work on /home/airflow/.local/lib/python3.8/site-packages/airflow/example_dags/example_branch_operator.py
[2023-11-20T21:55:16.333+0000] {processor.py:829} INFO - Processing file /home/airflow/.local/lib/python3.8/site-packages/airflow/example_dags/example_branch_operator.py for tasks to queue
[2023-11-20T21:55:16.334+0000] {logging_mixin.py:154} INFO - [2023-11-20T21:55:16.334+0000] {dagbag.py:536} INFO - Filling up the DagBag from /home/airflow/.local/lib/python3.8/site-packages/airflow/example_dags/example_branch_operator.py
[2023-11-20T21:55:16.339+0000] {processor.py:839} INFO - DAG(s) dict_keys(['example_branch_operator']) retrieved from /home/airflow/.local/lib/python3.8/site-packages/airflow/example_dags/example_branch_operator.py
[2023-11-20T21:55:16.352+0000] {logging_mixin.py:154} INFO - [2023-11-20T21:55:16.352+0000] {dag.py:2941} INFO - Sync 1 DAGs
[2023-11-20T21:55:16.363+0000] {logging_mixin.py:154} INFO - [2023-11-20T21:55:16.363+0000] {dag.py:3722} INFO - Setting next_dagrun for example_branch_operator to 2023-11-19T00:00:00+00:00, run_after=2023-11-20T00:00:00+00:00
[2023-11-20T21:55:16.371+0000] {processor.py:179} INFO - Processing /home/airflow/.local/lib/python3.8/site-packages/airflow/example_dags/example_branch_operator.py took 0.041 seconds
[2023-11-20T21:55:46.971+0000] {processor.py:157} INFO - Started process (PID=819) to work on /home/airflow/.local/lib/python3.8/site-packages/airflow/example_dags/example_branch_operator.py
[2023-11-20T21:55:46.972+0000] {processor.py:829} INFO - Processing file /home/airflow/.local/lib/python3.8/site-packages/airflow/example_dags/example_branch_operator.py for tasks to queue
[2023-11-20T21:55:46.973+0000] {logging_mixin.py:154} INFO - [2023-11-20T21:55:46.973+0000] {dagbag.py:536} INFO - Filling up the DagBag from /home/airflow/.local/lib/python3.8/site-packages/airflow/example_dags/example_branch_operator.py
[2023-11-20T21:55:46.979+0000] {processor.py:839} INFO - DAG(s) dict_keys(['example_branch_operator']) retrieved from /home/airflow/.local/lib/python3.8/site-packages/airflow/example_dags/example_branch_operator.py
[2023-11-20T21:55:46.993+0000] {logging_mixin.py:154} INFO - [2023-11-20T21:55:46.993+0000] {dag.py:2941} INFO - Sync 1 DAGs
[2023-11-20T21:55:47.006+0000] {logging_mixin.py:154} INFO - [2023-11-20T21:55:47.005+0000] {dag.py:3722} INFO - Setting next_dagrun for example_branch_operator to 2023-11-19T00:00:00+00:00, run_after=2023-11-20T00:00:00+00:00
[2023-11-20T21:55:47.014+0000] {processor.py:179} INFO - Processing /home/airflow/.local/lib/python3.8/site-packages/airflow/example_dags/example_branch_operator.py took 0.045 seconds
[2023-11-20T21:56:17.544+0000] {processor.py:157} INFO - Started process (PID=873) to work on /home/airflow/.local/lib/python3.8/site-packages/airflow/example_dags/example_branch_operator.py
[2023-11-20T21:56:17.545+0000] {processor.py:829} INFO - Processing file /home/airflow/.local/lib/python3.8/site-packages/airflow/example_dags/example_branch_operator.py for tasks to queue
[2023-11-20T21:56:17.546+0000] {logging_mixin.py:154} INFO - [2023-11-20T21:56:17.546+0000] {dagbag.py:536} INFO - Filling up the DagBag from /home/airflow/.local/lib/python3.8/site-packages/airflow/example_dags/example_branch_operator.py
[2023-11-20T21:56:17.552+0000] {processor.py:839} INFO - DAG(s) dict_keys(['example_branch_operator']) retrieved from /home/airflow/.local/lib/python3.8/site-packages/airflow/example_dags/example_branch_operator.py
[2023-11-20T21:56:17.566+0000] {logging_mixin.py:154} INFO - [2023-11-20T21:56:17.566+0000] {dag.py:2941} INFO - Sync 1 DAGs
[2023-11-20T21:56:17.578+0000] {logging_mixin.py:154} INFO - [2023-11-20T21:56:17.578+0000] {dag.py:3722} INFO - Setting next_dagrun for example_branch_operator to 2023-11-19T00:00:00+00:00, run_after=2023-11-20T00:00:00+00:00
[2023-11-20T21:56:17.586+0000] {processor.py:179} INFO - Processing /home/airflow/.local/lib/python3.8/site-packages/airflow/example_dags/example_branch_operator.py took 0.045 seconds
[2023-11-20T21:56:47.792+0000] {processor.py:157} INFO - Started process (PID=927) to work on /home/airflow/.local/lib/python3.8/site-packages/airflow/example_dags/example_branch_operator.py
[2023-11-20T21:56:47.793+0000] {processor.py:829} INFO - Processing file /home/airflow/.local/lib/python3.8/site-packages/airflow/example_dags/example_branch_operator.py for tasks to queue
[2023-11-20T21:56:47.795+0000] {logging_mixin.py:154} INFO - [2023-11-20T21:56:47.795+0000] {dagbag.py:536} INFO - Filling up the DagBag from /home/airflow/.local/lib/python3.8/site-packages/airflow/example_dags/example_branch_operator.py
[2023-11-20T21:56:47.802+0000] {processor.py:839} INFO - DAG(s) dict_keys(['example_branch_operator']) retrieved from /home/airflow/.local/lib/python3.8/site-packages/airflow/example_dags/example_branch_operator.py
[2023-11-20T21:56:47.822+0000] {logging_mixin.py:154} INFO - [2023-11-20T21:56:47.822+0000] {dag.py:2941} INFO - Sync 1 DAGs
[2023-11-20T21:56:47.836+0000] {logging_mixin.py:154} INFO - [2023-11-20T21:56:47.836+0000] {dag.py:3722} INFO - Setting next_dagrun for example_branch_operator to 2023-11-19T00:00:00+00:00, run_after=2023-11-20T00:00:00+00:00
[2023-11-20T21:56:47.847+0000] {processor.py:179} INFO - Processing /home/airflow/.local/lib/python3.8/site-packages/airflow/example_dags/example_branch_operator.py took 0.058 seconds
[2023-11-20T21:57:18.664+0000] {processor.py:157} INFO - Started process (PID=981) to work on /home/airflow/.local/lib/python3.8/site-packages/airflow/example_dags/example_branch_operator.py
[2023-11-20T21:57:18.665+0000] {processor.py:829} INFO - Processing file /home/airflow/.local/lib/python3.8/site-packages/airflow/example_dags/example_branch_operator.py for tasks to queue
[2023-11-20T21:57:18.666+0000] {logging_mixin.py:154} INFO - [2023-11-20T21:57:18.666+0000] {dagbag.py:536} INFO - Filling up the DagBag from /home/airflow/.local/lib/python3.8/site-packages/airflow/example_dags/example_branch_operator.py
[2023-11-20T21:57:18.671+0000] {processor.py:839} INFO - DAG(s) dict_keys(['example_branch_operator']) retrieved from /home/airflow/.local/lib/python3.8/site-packages/airflow/example_dags/example_branch_operator.py
[2023-11-20T21:57:18.686+0000] {logging_mixin.py:154} INFO - [2023-11-20T21:57:18.686+0000] {dag.py:2941} INFO - Sync 1 DAGs
[2023-11-20T21:57:18.698+0000] {logging_mixin.py:154} INFO - [2023-11-20T21:57:18.698+0000] {dag.py:3722} INFO - Setting next_dagrun for example_branch_operator to 2023-11-19T00:00:00+00:00, run_after=2023-11-20T00:00:00+00:00
[2023-11-20T21:57:18.706+0000] {processor.py:179} INFO - Processing /home/airflow/.local/lib/python3.8/site-packages/airflow/example_dags/example_branch_operator.py took 0.044 seconds
[2023-11-20T21:57:49.306+0000] {processor.py:157} INFO - Started process (PID=1035) to work on /home/airflow/.local/lib/python3.8/site-packages/airflow/example_dags/example_branch_operator.py
[2023-11-20T21:57:49.307+0000] {processor.py:829} INFO - Processing file /home/airflow/.local/lib/python3.8/site-packages/airflow/example_dags/example_branch_operator.py for tasks to queue
[2023-11-20T21:57:49.308+0000] {logging_mixin.py:154} INFO - [2023-11-20T21:57:49.308+0000] {dagbag.py:536} INFO - Filling up the DagBag from /home/airflow/.local/lib/python3.8/site-packages/airflow/example_dags/example_branch_operator.py
[2023-11-20T21:57:49.313+0000] {processor.py:839} INFO - DAG(s) dict_keys(['example_branch_operator']) retrieved from /home/airflow/.local/lib/python3.8/site-packages/airflow/example_dags/example_branch_operator.py
[2023-11-20T21:57:49.328+0000] {logging_mixin.py:154} INFO - [2023-11-20T21:57:49.328+0000] {dag.py:2941} INFO - Sync 1 DAGs
[2023-11-20T21:57:49.341+0000] {logging_mixin.py:154} INFO - [2023-11-20T21:57:49.341+0000] {dag.py:3722} INFO - Setting next_dagrun for example_branch_operator to 2023-11-19T00:00:00+00:00, run_after=2023-11-20T00:00:00+00:00
[2023-11-20T21:57:49.350+0000] {processor.py:179} INFO - Processing /home/airflow/.local/lib/python3.8/site-packages/airflow/example_dags/example_branch_operator.py took 0.046 seconds
[2023-11-20T21:58:19.632+0000] {processor.py:157} INFO - Started process (PID=1089) to work on /home/airflow/.local/lib/python3.8/site-packages/airflow/example_dags/example_branch_operator.py
[2023-11-20T21:58:19.633+0000] {processor.py:829} INFO - Processing file /home/airflow/.local/lib/python3.8/site-packages/airflow/example_dags/example_branch_operator.py for tasks to queue
[2023-11-20T21:58:19.635+0000] {logging_mixin.py:154} INFO - [2023-11-20T21:58:19.634+0000] {dagbag.py:536} INFO - Filling up the DagBag from /home/airflow/.local/lib/python3.8/site-packages/airflow/example_dags/example_branch_operator.py
[2023-11-20T21:58:19.640+0000] {processor.py:839} INFO - DAG(s) dict_keys(['example_branch_operator']) retrieved from /home/airflow/.local/lib/python3.8/site-packages/airflow/example_dags/example_branch_operator.py
[2023-11-20T21:58:19.655+0000] {logging_mixin.py:154} INFO - [2023-11-20T21:58:19.655+0000] {dag.py:2941} INFO - Sync 1 DAGs
[2023-11-20T21:58:19.666+0000] {logging_mixin.py:154} INFO - [2023-11-20T21:58:19.666+0000] {dag.py:3722} INFO - Setting next_dagrun for example_branch_operator to 2023-11-19T00:00:00+00:00, run_after=2023-11-20T00:00:00+00:00
[2023-11-20T21:58:19.673+0000] {processor.py:179} INFO - Processing /home/airflow/.local/lib/python3.8/site-packages/airflow/example_dags/example_branch_operator.py took 0.043 seconds
