[2023-11-20T21:48:37.395+0000] {processor.py:157} INFO - Started process (PID=37) to work on /home/airflow/.local/lib/python3.8/site-packages/airflow/example_dags/example_xcomargs.py
[2023-11-20T21:48:37.396+0000] {processor.py:829} INFO - Processing file /home/airflow/.local/lib/python3.8/site-packages/airflow/example_dags/example_xcomargs.py for tasks to queue
[2023-11-20T21:48:37.398+0000] {logging_mixin.py:154} INFO - [2023-11-20T21:48:37.398+0000] {dagbag.py:536} INFO - Filling up the DagBag from /home/airflow/.local/lib/python3.8/site-packages/airflow/example_dags/example_xcomargs.py
[2023-11-20T21:48:37.405+0000] {processor.py:839} INFO - DAG(s) dict_keys(['example_xcom_args', 'example_xcom_args_with_operators']) retrieved from /home/airflow/.local/lib/python3.8/site-packages/airflow/example_dags/example_xcomargs.py
[2023-11-20T21:48:37.415+0000] {logging_mixin.py:154} INFO - [2023-11-20T21:48:37.415+0000] {dag.py:2941} INFO - Sync 2 DAGs
[2023-11-20T21:48:37.429+0000] {logging_mixin.py:154} INFO - [2023-11-20T21:48:37.429+0000] {dag.py:3722} INFO - Setting next_dagrun for example_xcom_args to None, run_after=None
[2023-11-20T21:48:37.434+0000] {logging_mixin.py:154} INFO - [2023-11-20T21:48:37.433+0000] {dag.py:3722} INFO - Setting next_dagrun for example_xcom_args_with_operators to None, run_after=None
[2023-11-20T21:48:37.447+0000] {processor.py:179} INFO - Processing /home/airflow/.local/lib/python3.8/site-packages/airflow/example_dags/example_xcomargs.py took 0.055 seconds
[2023-11-20T21:49:07.739+0000] {processor.py:157} INFO - Started process (PID=91) to work on /home/airflow/.local/lib/python3.8/site-packages/airflow/example_dags/example_xcomargs.py
[2023-11-20T21:49:07.740+0000] {processor.py:829} INFO - Processing file /home/airflow/.local/lib/python3.8/site-packages/airflow/example_dags/example_xcomargs.py for tasks to queue
[2023-11-20T21:49:07.742+0000] {logging_mixin.py:154} INFO - [2023-11-20T21:49:07.741+0000] {dagbag.py:536} INFO - Filling up the DagBag from /home/airflow/.local/lib/python3.8/site-packages/airflow/example_dags/example_xcomargs.py
[2023-11-20T21:49:07.747+0000] {processor.py:839} INFO - DAG(s) dict_keys(['example_xcom_args', 'example_xcom_args_with_operators']) retrieved from /home/airflow/.local/lib/python3.8/site-packages/airflow/example_dags/example_xcomargs.py
[2023-11-20T21:49:07.763+0000] {logging_mixin.py:154} INFO - [2023-11-20T21:49:07.763+0000] {dag.py:2941} INFO - Sync 2 DAGs
[2023-11-20T21:49:07.770+0000] {logging_mixin.py:154} INFO - [2023-11-20T21:49:07.770+0000] {dag.py:3722} INFO - Setting next_dagrun for example_xcom_args to None, run_after=None
[2023-11-20T21:49:07.771+0000] {logging_mixin.py:154} INFO - [2023-11-20T21:49:07.771+0000] {dag.py:3722} INFO - Setting next_dagrun for example_xcom_args_with_operators to None, run_after=None
[2023-11-20T21:49:07.781+0000] {processor.py:179} INFO - Processing /home/airflow/.local/lib/python3.8/site-packages/airflow/example_dags/example_xcomargs.py took 0.045 seconds
[2023-11-20T21:49:37.836+0000] {processor.py:157} INFO - Started process (PID=145) to work on /home/airflow/.local/lib/python3.8/site-packages/airflow/example_dags/example_xcomargs.py
[2023-11-20T21:49:37.837+0000] {processor.py:829} INFO - Processing file /home/airflow/.local/lib/python3.8/site-packages/airflow/example_dags/example_xcomargs.py for tasks to queue
[2023-11-20T21:49:37.838+0000] {logging_mixin.py:154} INFO - [2023-11-20T21:49:37.838+0000] {dagbag.py:536} INFO - Filling up the DagBag from /home/airflow/.local/lib/python3.8/site-packages/airflow/example_dags/example_xcomargs.py
[2023-11-20T21:49:37.843+0000] {processor.py:839} INFO - DAG(s) dict_keys(['example_xcom_args', 'example_xcom_args_with_operators']) retrieved from /home/airflow/.local/lib/python3.8/site-packages/airflow/example_dags/example_xcomargs.py
[2023-11-20T21:49:37.856+0000] {logging_mixin.py:154} INFO - [2023-11-20T21:49:37.856+0000] {dag.py:2941} INFO - Sync 2 DAGs
[2023-11-20T21:49:37.862+0000] {logging_mixin.py:154} INFO - [2023-11-20T21:49:37.862+0000] {dag.py:3722} INFO - Setting next_dagrun for example_xcom_args to None, run_after=None
[2023-11-20T21:49:37.864+0000] {logging_mixin.py:154} INFO - [2023-11-20T21:49:37.864+0000] {dag.py:3722} INFO - Setting next_dagrun for example_xcom_args_with_operators to None, run_after=None
[2023-11-20T21:49:37.871+0000] {processor.py:179} INFO - Processing /home/airflow/.local/lib/python3.8/site-packages/airflow/example_dags/example_xcomargs.py took 0.037 seconds
[2023-11-20T21:50:08.131+0000] {processor.py:157} INFO - Started process (PID=199) to work on /home/airflow/.local/lib/python3.8/site-packages/airflow/example_dags/example_xcomargs.py
[2023-11-20T21:50:08.132+0000] {processor.py:829} INFO - Processing file /home/airflow/.local/lib/python3.8/site-packages/airflow/example_dags/example_xcomargs.py for tasks to queue
[2023-11-20T21:50:08.135+0000] {logging_mixin.py:154} INFO - [2023-11-20T21:50:08.135+0000] {dagbag.py:536} INFO - Filling up the DagBag from /home/airflow/.local/lib/python3.8/site-packages/airflow/example_dags/example_xcomargs.py
[2023-11-20T21:50:08.144+0000] {processor.py:839} INFO - DAG(s) dict_keys(['example_xcom_args_with_operators', 'example_xcom_args']) retrieved from /home/airflow/.local/lib/python3.8/site-packages/airflow/example_dags/example_xcomargs.py
[2023-11-20T21:50:08.159+0000] {logging_mixin.py:154} INFO - [2023-11-20T21:50:08.159+0000] {dag.py:2941} INFO - Sync 2 DAGs
[2023-11-20T21:50:08.166+0000] {logging_mixin.py:154} INFO - [2023-11-20T21:50:08.166+0000] {dag.py:3722} INFO - Setting next_dagrun for example_xcom_args to None, run_after=None
[2023-11-20T21:50:08.168+0000] {logging_mixin.py:154} INFO - [2023-11-20T21:50:08.168+0000] {dag.py:3722} INFO - Setting next_dagrun for example_xcom_args_with_operators to None, run_after=None
[2023-11-20T21:50:08.176+0000] {processor.py:179} INFO - Processing /home/airflow/.local/lib/python3.8/site-packages/airflow/example_dags/example_xcomargs.py took 0.049 seconds
[2023-11-20T21:50:38.566+0000] {processor.py:157} INFO - Started process (PID=253) to work on /home/airflow/.local/lib/python3.8/site-packages/airflow/example_dags/example_xcomargs.py
[2023-11-20T21:50:38.567+0000] {processor.py:829} INFO - Processing file /home/airflow/.local/lib/python3.8/site-packages/airflow/example_dags/example_xcomargs.py for tasks to queue
[2023-11-20T21:50:38.568+0000] {logging_mixin.py:154} INFO - [2023-11-20T21:50:38.568+0000] {dagbag.py:536} INFO - Filling up the DagBag from /home/airflow/.local/lib/python3.8/site-packages/airflow/example_dags/example_xcomargs.py
[2023-11-20T21:50:38.573+0000] {processor.py:839} INFO - DAG(s) dict_keys(['example_xcom_args', 'example_xcom_args_with_operators']) retrieved from /home/airflow/.local/lib/python3.8/site-packages/airflow/example_dags/example_xcomargs.py
[2023-11-20T21:50:38.587+0000] {logging_mixin.py:154} INFO - [2023-11-20T21:50:38.587+0000] {dag.py:2941} INFO - Sync 2 DAGs
[2023-11-20T21:50:38.593+0000] {logging_mixin.py:154} INFO - [2023-11-20T21:50:38.593+0000] {dag.py:3722} INFO - Setting next_dagrun for example_xcom_args to None, run_after=None
[2023-11-20T21:50:38.595+0000] {logging_mixin.py:154} INFO - [2023-11-20T21:50:38.595+0000] {dag.py:3722} INFO - Setting next_dagrun for example_xcom_args_with_operators to None, run_after=None
[2023-11-20T21:50:38.603+0000] {processor.py:179} INFO - Processing /home/airflow/.local/lib/python3.8/site-packages/airflow/example_dags/example_xcomargs.py took 0.040 seconds
[2023-11-20T21:51:08.784+0000] {processor.py:157} INFO - Started process (PID=307) to work on /home/airflow/.local/lib/python3.8/site-packages/airflow/example_dags/example_xcomargs.py
[2023-11-20T21:51:08.785+0000] {processor.py:829} INFO - Processing file /home/airflow/.local/lib/python3.8/site-packages/airflow/example_dags/example_xcomargs.py for tasks to queue
[2023-11-20T21:51:08.786+0000] {logging_mixin.py:154} INFO - [2023-11-20T21:51:08.786+0000] {dagbag.py:536} INFO - Filling up the DagBag from /home/airflow/.local/lib/python3.8/site-packages/airflow/example_dags/example_xcomargs.py
[2023-11-20T21:51:08.791+0000] {processor.py:839} INFO - DAG(s) dict_keys(['example_xcom_args', 'example_xcom_args_with_operators']) retrieved from /home/airflow/.local/lib/python3.8/site-packages/airflow/example_dags/example_xcomargs.py
[2023-11-20T21:51:08.804+0000] {logging_mixin.py:154} INFO - [2023-11-20T21:51:08.804+0000] {dag.py:2941} INFO - Sync 2 DAGs
[2023-11-20T21:51:08.810+0000] {logging_mixin.py:154} INFO - [2023-11-20T21:51:08.810+0000] {dag.py:3722} INFO - Setting next_dagrun for example_xcom_args to None, run_after=None
[2023-11-20T21:51:08.812+0000] {logging_mixin.py:154} INFO - [2023-11-20T21:51:08.812+0000] {dag.py:3722} INFO - Setting next_dagrun for example_xcom_args_with_operators to None, run_after=None
[2023-11-20T21:51:08.819+0000] {processor.py:179} INFO - Processing /home/airflow/.local/lib/python3.8/site-packages/airflow/example_dags/example_xcomargs.py took 0.037 seconds
[2023-11-20T21:51:38.944+0000] {processor.py:157} INFO - Started process (PID=361) to work on /home/airflow/.local/lib/python3.8/site-packages/airflow/example_dags/example_xcomargs.py
[2023-11-20T21:51:38.945+0000] {processor.py:829} INFO - Processing file /home/airflow/.local/lib/python3.8/site-packages/airflow/example_dags/example_xcomargs.py for tasks to queue
[2023-11-20T21:51:38.947+0000] {logging_mixin.py:154} INFO - [2023-11-20T21:51:38.947+0000] {dagbag.py:536} INFO - Filling up the DagBag from /home/airflow/.local/lib/python3.8/site-packages/airflow/example_dags/example_xcomargs.py
[2023-11-20T21:51:38.951+0000] {processor.py:839} INFO - DAG(s) dict_keys(['example_xcom_args_with_operators', 'example_xcom_args']) retrieved from /home/airflow/.local/lib/python3.8/site-packages/airflow/example_dags/example_xcomargs.py
[2023-11-20T21:51:38.965+0000] {logging_mixin.py:154} INFO - [2023-11-20T21:51:38.964+0000] {dag.py:2941} INFO - Sync 2 DAGs
[2023-11-20T21:51:38.970+0000] {logging_mixin.py:154} INFO - [2023-11-20T21:51:38.970+0000] {dag.py:3722} INFO - Setting next_dagrun for example_xcom_args to None, run_after=None
[2023-11-20T21:51:38.972+0000] {logging_mixin.py:154} INFO - [2023-11-20T21:51:38.972+0000] {dag.py:3722} INFO - Setting next_dagrun for example_xcom_args_with_operators to None, run_after=None
[2023-11-20T21:51:38.979+0000] {processor.py:179} INFO - Processing /home/airflow/.local/lib/python3.8/site-packages/airflow/example_dags/example_xcomargs.py took 0.037 seconds
[2023-11-20T21:52:09.430+0000] {processor.py:157} INFO - Started process (PID=415) to work on /home/airflow/.local/lib/python3.8/site-packages/airflow/example_dags/example_xcomargs.py
[2023-11-20T21:52:09.431+0000] {processor.py:829} INFO - Processing file /home/airflow/.local/lib/python3.8/site-packages/airflow/example_dags/example_xcomargs.py for tasks to queue
[2023-11-20T21:52:09.433+0000] {logging_mixin.py:154} INFO - [2023-11-20T21:52:09.433+0000] {dagbag.py:536} INFO - Filling up the DagBag from /home/airflow/.local/lib/python3.8/site-packages/airflow/example_dags/example_xcomargs.py
[2023-11-20T21:52:09.439+0000] {processor.py:839} INFO - DAG(s) dict_keys(['example_xcom_args_with_operators', 'example_xcom_args']) retrieved from /home/airflow/.local/lib/python3.8/site-packages/airflow/example_dags/example_xcomargs.py
[2023-11-20T21:52:09.455+0000] {logging_mixin.py:154} INFO - [2023-11-20T21:52:09.455+0000] {dag.py:2941} INFO - Sync 2 DAGs
[2023-11-20T21:52:09.462+0000] {logging_mixin.py:154} INFO - [2023-11-20T21:52:09.462+0000] {dag.py:3722} INFO - Setting next_dagrun for example_xcom_args to None, run_after=None
[2023-11-20T21:52:09.463+0000] {logging_mixin.py:154} INFO - [2023-11-20T21:52:09.463+0000] {dag.py:3722} INFO - Setting next_dagrun for example_xcom_args_with_operators to None, run_after=None
[2023-11-20T21:52:09.471+0000] {processor.py:179} INFO - Processing /home/airflow/.local/lib/python3.8/site-packages/airflow/example_dags/example_xcomargs.py took 0.043 seconds
[2023-11-20T21:52:39.695+0000] {processor.py:157} INFO - Started process (PID=469) to work on /home/airflow/.local/lib/python3.8/site-packages/airflow/example_dags/example_xcomargs.py
[2023-11-20T21:52:39.696+0000] {processor.py:829} INFO - Processing file /home/airflow/.local/lib/python3.8/site-packages/airflow/example_dags/example_xcomargs.py for tasks to queue
[2023-11-20T21:52:39.698+0000] {logging_mixin.py:154} INFO - [2023-11-20T21:52:39.697+0000] {dagbag.py:536} INFO - Filling up the DagBag from /home/airflow/.local/lib/python3.8/site-packages/airflow/example_dags/example_xcomargs.py
[2023-11-20T21:52:39.702+0000] {processor.py:839} INFO - DAG(s) dict_keys(['example_xcom_args_with_operators', 'example_xcom_args']) retrieved from /home/airflow/.local/lib/python3.8/site-packages/airflow/example_dags/example_xcomargs.py
[2023-11-20T21:52:39.715+0000] {logging_mixin.py:154} INFO - [2023-11-20T21:52:39.715+0000] {dag.py:2941} INFO - Sync 2 DAGs
[2023-11-20T21:52:39.721+0000] {logging_mixin.py:154} INFO - [2023-11-20T21:52:39.720+0000] {dag.py:3722} INFO - Setting next_dagrun for example_xcom_args to None, run_after=None
[2023-11-20T21:52:39.722+0000] {logging_mixin.py:154} INFO - [2023-11-20T21:52:39.722+0000] {dag.py:3722} INFO - Setting next_dagrun for example_xcom_args_with_operators to None, run_after=None
[2023-11-20T21:52:39.729+0000] {processor.py:179} INFO - Processing /home/airflow/.local/lib/python3.8/site-packages/airflow/example_dags/example_xcomargs.py took 0.036 seconds
[2023-11-20T21:53:09.993+0000] {processor.py:157} INFO - Started process (PID=523) to work on /home/airflow/.local/lib/python3.8/site-packages/airflow/example_dags/example_xcomargs.py
[2023-11-20T21:53:09.994+0000] {processor.py:829} INFO - Processing file /home/airflow/.local/lib/python3.8/site-packages/airflow/example_dags/example_xcomargs.py for tasks to queue
[2023-11-20T21:53:09.996+0000] {logging_mixin.py:154} INFO - [2023-11-20T21:53:09.995+0000] {dagbag.py:536} INFO - Filling up the DagBag from /home/airflow/.local/lib/python3.8/site-packages/airflow/example_dags/example_xcomargs.py
[2023-11-20T21:53:10.000+0000] {processor.py:839} INFO - DAG(s) dict_keys(['example_xcom_args', 'example_xcom_args_with_operators']) retrieved from /home/airflow/.local/lib/python3.8/site-packages/airflow/example_dags/example_xcomargs.py
[2023-11-20T21:53:10.017+0000] {logging_mixin.py:154} INFO - [2023-11-20T21:53:10.017+0000] {dag.py:2941} INFO - Sync 2 DAGs
[2023-11-20T21:53:10.025+0000] {logging_mixin.py:154} INFO - [2023-11-20T21:53:10.024+0000] {dag.py:3722} INFO - Setting next_dagrun for example_xcom_args to None, run_after=None
[2023-11-20T21:53:10.026+0000] {logging_mixin.py:154} INFO - [2023-11-20T21:53:10.026+0000] {dag.py:3722} INFO - Setting next_dagrun for example_xcom_args_with_operators to None, run_after=None
[2023-11-20T21:53:10.036+0000] {processor.py:179} INFO - Processing /home/airflow/.local/lib/python3.8/site-packages/airflow/example_dags/example_xcomargs.py took 0.045 seconds
[2023-11-20T21:53:40.212+0000] {processor.py:157} INFO - Started process (PID=577) to work on /home/airflow/.local/lib/python3.8/site-packages/airflow/example_dags/example_xcomargs.py
[2023-11-20T21:53:40.213+0000] {processor.py:829} INFO - Processing file /home/airflow/.local/lib/python3.8/site-packages/airflow/example_dags/example_xcomargs.py for tasks to queue
[2023-11-20T21:53:40.214+0000] {logging_mixin.py:154} INFO - [2023-11-20T21:53:40.214+0000] {dagbag.py:536} INFO - Filling up the DagBag from /home/airflow/.local/lib/python3.8/site-packages/airflow/example_dags/example_xcomargs.py
[2023-11-20T21:53:40.219+0000] {processor.py:839} INFO - DAG(s) dict_keys(['example_xcom_args', 'example_xcom_args_with_operators']) retrieved from /home/airflow/.local/lib/python3.8/site-packages/airflow/example_dags/example_xcomargs.py
[2023-11-20T21:53:40.233+0000] {logging_mixin.py:154} INFO - [2023-11-20T21:53:40.233+0000] {dag.py:2941} INFO - Sync 2 DAGs
[2023-11-20T21:53:40.240+0000] {logging_mixin.py:154} INFO - [2023-11-20T21:53:40.240+0000] {dag.py:3722} INFO - Setting next_dagrun for example_xcom_args to None, run_after=None
[2023-11-20T21:53:40.242+0000] {logging_mixin.py:154} INFO - [2023-11-20T21:53:40.242+0000] {dag.py:3722} INFO - Setting next_dagrun for example_xcom_args_with_operators to None, run_after=None
[2023-11-20T21:53:40.249+0000] {processor.py:179} INFO - Processing /home/airflow/.local/lib/python3.8/site-packages/airflow/example_dags/example_xcomargs.py took 0.039 seconds
[2023-11-20T21:54:10.571+0000] {processor.py:157} INFO - Started process (PID=631) to work on /home/airflow/.local/lib/python3.8/site-packages/airflow/example_dags/example_xcomargs.py
[2023-11-20T21:54:10.572+0000] {processor.py:829} INFO - Processing file /home/airflow/.local/lib/python3.8/site-packages/airflow/example_dags/example_xcomargs.py for tasks to queue
[2023-11-20T21:54:10.573+0000] {logging_mixin.py:154} INFO - [2023-11-20T21:54:10.573+0000] {dagbag.py:536} INFO - Filling up the DagBag from /home/airflow/.local/lib/python3.8/site-packages/airflow/example_dags/example_xcomargs.py
[2023-11-20T21:54:10.578+0000] {processor.py:839} INFO - DAG(s) dict_keys(['example_xcom_args', 'example_xcom_args_with_operators']) retrieved from /home/airflow/.local/lib/python3.8/site-packages/airflow/example_dags/example_xcomargs.py
[2023-11-20T21:54:10.591+0000] {logging_mixin.py:154} INFO - [2023-11-20T21:54:10.591+0000] {dag.py:2941} INFO - Sync 2 DAGs
[2023-11-20T21:54:10.597+0000] {logging_mixin.py:154} INFO - [2023-11-20T21:54:10.597+0000] {dag.py:3722} INFO - Setting next_dagrun for example_xcom_args to None, run_after=None
[2023-11-20T21:54:10.599+0000] {logging_mixin.py:154} INFO - [2023-11-20T21:54:10.599+0000] {dag.py:3722} INFO - Setting next_dagrun for example_xcom_args_with_operators to None, run_after=None
[2023-11-20T21:54:10.607+0000] {processor.py:179} INFO - Processing /home/airflow/.local/lib/python3.8/site-packages/airflow/example_dags/example_xcomargs.py took 0.038 seconds
[2023-11-20T21:54:41.016+0000] {processor.py:157} INFO - Started process (PID=685) to work on /home/airflow/.local/lib/python3.8/site-packages/airflow/example_dags/example_xcomargs.py
[2023-11-20T21:54:41.017+0000] {processor.py:829} INFO - Processing file /home/airflow/.local/lib/python3.8/site-packages/airflow/example_dags/example_xcomargs.py for tasks to queue
[2023-11-20T21:54:41.019+0000] {logging_mixin.py:154} INFO - [2023-11-20T21:54:41.018+0000] {dagbag.py:536} INFO - Filling up the DagBag from /home/airflow/.local/lib/python3.8/site-packages/airflow/example_dags/example_xcomargs.py
[2023-11-20T21:54:41.024+0000] {processor.py:839} INFO - DAG(s) dict_keys(['example_xcom_args_with_operators', 'example_xcom_args']) retrieved from /home/airflow/.local/lib/python3.8/site-packages/airflow/example_dags/example_xcomargs.py
[2023-11-20T21:54:41.037+0000] {logging_mixin.py:154} INFO - [2023-11-20T21:54:41.037+0000] {dag.py:2941} INFO - Sync 2 DAGs
[2023-11-20T21:54:41.047+0000] {logging_mixin.py:154} INFO - [2023-11-20T21:54:41.047+0000] {dag.py:3722} INFO - Setting next_dagrun for example_xcom_args to None, run_after=None
[2023-11-20T21:54:41.050+0000] {logging_mixin.py:154} INFO - [2023-11-20T21:54:41.050+0000] {dag.py:3722} INFO - Setting next_dagrun for example_xcom_args_with_operators to None, run_after=None
[2023-11-20T21:54:41.061+0000] {processor.py:179} INFO - Processing /home/airflow/.local/lib/python3.8/site-packages/airflow/example_dags/example_xcomargs.py took 0.047 seconds
[2023-11-20T21:55:11.284+0000] {processor.py:157} INFO - Started process (PID=739) to work on /home/airflow/.local/lib/python3.8/site-packages/airflow/example_dags/example_xcomargs.py
[2023-11-20T21:55:11.285+0000] {processor.py:829} INFO - Processing file /home/airflow/.local/lib/python3.8/site-packages/airflow/example_dags/example_xcomargs.py for tasks to queue
[2023-11-20T21:55:11.286+0000] {logging_mixin.py:154} INFO - [2023-11-20T21:55:11.286+0000] {dagbag.py:536} INFO - Filling up the DagBag from /home/airflow/.local/lib/python3.8/site-packages/airflow/example_dags/example_xcomargs.py
[2023-11-20T21:55:11.294+0000] {processor.py:839} INFO - DAG(s) dict_keys(['example_xcom_args_with_operators', 'example_xcom_args']) retrieved from /home/airflow/.local/lib/python3.8/site-packages/airflow/example_dags/example_xcomargs.py
[2023-11-20T21:55:11.310+0000] {logging_mixin.py:154} INFO - [2023-11-20T21:55:11.309+0000] {dag.py:2941} INFO - Sync 2 DAGs
[2023-11-20T21:55:11.318+0000] {logging_mixin.py:154} INFO - [2023-11-20T21:55:11.318+0000] {dag.py:3722} INFO - Setting next_dagrun for example_xcom_args to None, run_after=None
[2023-11-20T21:55:11.320+0000] {logging_mixin.py:154} INFO - [2023-11-20T21:55:11.320+0000] {dag.py:3722} INFO - Setting next_dagrun for example_xcom_args_with_operators to None, run_after=None
[2023-11-20T21:55:11.330+0000] {processor.py:179} INFO - Processing /home/airflow/.local/lib/python3.8/site-packages/airflow/example_dags/example_xcomargs.py took 0.048 seconds
[2023-11-20T21:55:41.830+0000] {processor.py:157} INFO - Started process (PID=793) to work on /home/airflow/.local/lib/python3.8/site-packages/airflow/example_dags/example_xcomargs.py
[2023-11-20T21:55:41.831+0000] {processor.py:829} INFO - Processing file /home/airflow/.local/lib/python3.8/site-packages/airflow/example_dags/example_xcomargs.py for tasks to queue
[2023-11-20T21:55:41.832+0000] {logging_mixin.py:154} INFO - [2023-11-20T21:55:41.832+0000] {dagbag.py:536} INFO - Filling up the DagBag from /home/airflow/.local/lib/python3.8/site-packages/airflow/example_dags/example_xcomargs.py
[2023-11-20T21:55:41.837+0000] {processor.py:839} INFO - DAG(s) dict_keys(['example_xcom_args', 'example_xcom_args_with_operators']) retrieved from /home/airflow/.local/lib/python3.8/site-packages/airflow/example_dags/example_xcomargs.py
[2023-11-20T21:55:41.850+0000] {logging_mixin.py:154} INFO - [2023-11-20T21:55:41.850+0000] {dag.py:2941} INFO - Sync 2 DAGs
[2023-11-20T21:55:41.855+0000] {logging_mixin.py:154} INFO - [2023-11-20T21:55:41.855+0000] {dag.py:3722} INFO - Setting next_dagrun for example_xcom_args to None, run_after=None
[2023-11-20T21:55:41.857+0000] {logging_mixin.py:154} INFO - [2023-11-20T21:55:41.857+0000] {dag.py:3722} INFO - Setting next_dagrun for example_xcom_args_with_operators to None, run_after=None
[2023-11-20T21:55:41.865+0000] {processor.py:179} INFO - Processing /home/airflow/.local/lib/python3.8/site-packages/airflow/example_dags/example_xcomargs.py took 0.037 seconds
[2023-11-20T21:56:12.379+0000] {processor.py:157} INFO - Started process (PID=847) to work on /home/airflow/.local/lib/python3.8/site-packages/airflow/example_dags/example_xcomargs.py
[2023-11-20T21:56:12.379+0000] {processor.py:829} INFO - Processing file /home/airflow/.local/lib/python3.8/site-packages/airflow/example_dags/example_xcomargs.py for tasks to queue
[2023-11-20T21:56:12.381+0000] {logging_mixin.py:154} INFO - [2023-11-20T21:56:12.380+0000] {dagbag.py:536} INFO - Filling up the DagBag from /home/airflow/.local/lib/python3.8/site-packages/airflow/example_dags/example_xcomargs.py
[2023-11-20T21:56:12.386+0000] {processor.py:839} INFO - DAG(s) dict_keys(['example_xcom_args_with_operators', 'example_xcom_args']) retrieved from /home/airflow/.local/lib/python3.8/site-packages/airflow/example_dags/example_xcomargs.py
[2023-11-20T21:56:12.400+0000] {logging_mixin.py:154} INFO - [2023-11-20T21:56:12.400+0000] {dag.py:2941} INFO - Sync 2 DAGs
[2023-11-20T21:56:12.406+0000] {logging_mixin.py:154} INFO - [2023-11-20T21:56:12.406+0000] {dag.py:3722} INFO - Setting next_dagrun for example_xcom_args to None, run_after=None
[2023-11-20T21:56:12.408+0000] {logging_mixin.py:154} INFO - [2023-11-20T21:56:12.407+0000] {dag.py:3722} INFO - Setting next_dagrun for example_xcom_args_with_operators to None, run_after=None
[2023-11-20T21:56:12.415+0000] {processor.py:179} INFO - Processing /home/airflow/.local/lib/python3.8/site-packages/airflow/example_dags/example_xcomargs.py took 0.038 seconds
[2023-11-20T21:56:42.816+0000] {processor.py:157} INFO - Started process (PID=901) to work on /home/airflow/.local/lib/python3.8/site-packages/airflow/example_dags/example_xcomargs.py
[2023-11-20T21:56:42.817+0000] {processor.py:829} INFO - Processing file /home/airflow/.local/lib/python3.8/site-packages/airflow/example_dags/example_xcomargs.py for tasks to queue
[2023-11-20T21:56:42.818+0000] {logging_mixin.py:154} INFO - [2023-11-20T21:56:42.818+0000] {dagbag.py:536} INFO - Filling up the DagBag from /home/airflow/.local/lib/python3.8/site-packages/airflow/example_dags/example_xcomargs.py
[2023-11-20T21:56:42.823+0000] {processor.py:839} INFO - DAG(s) dict_keys(['example_xcom_args_with_operators', 'example_xcom_args']) retrieved from /home/airflow/.local/lib/python3.8/site-packages/airflow/example_dags/example_xcomargs.py
[2023-11-20T21:56:42.836+0000] {logging_mixin.py:154} INFO - [2023-11-20T21:56:42.836+0000] {dag.py:2941} INFO - Sync 2 DAGs
[2023-11-20T21:56:42.843+0000] {logging_mixin.py:154} INFO - [2023-11-20T21:56:42.842+0000] {dag.py:3722} INFO - Setting next_dagrun for example_xcom_args to None, run_after=None
[2023-11-20T21:56:42.844+0000] {logging_mixin.py:154} INFO - [2023-11-20T21:56:42.844+0000] {dag.py:3722} INFO - Setting next_dagrun for example_xcom_args_with_operators to None, run_after=None
[2023-11-20T21:56:42.852+0000] {processor.py:179} INFO - Processing /home/airflow/.local/lib/python3.8/site-packages/airflow/example_dags/example_xcomargs.py took 0.039 seconds
[2023-11-20T21:57:13.565+0000] {processor.py:157} INFO - Started process (PID=955) to work on /home/airflow/.local/lib/python3.8/site-packages/airflow/example_dags/example_xcomargs.py
[2023-11-20T21:57:13.566+0000] {processor.py:829} INFO - Processing file /home/airflow/.local/lib/python3.8/site-packages/airflow/example_dags/example_xcomargs.py for tasks to queue
[2023-11-20T21:57:13.567+0000] {logging_mixin.py:154} INFO - [2023-11-20T21:57:13.567+0000] {dagbag.py:536} INFO - Filling up the DagBag from /home/airflow/.local/lib/python3.8/site-packages/airflow/example_dags/example_xcomargs.py
[2023-11-20T21:57:13.571+0000] {processor.py:839} INFO - DAG(s) dict_keys(['example_xcom_args', 'example_xcom_args_with_operators']) retrieved from /home/airflow/.local/lib/python3.8/site-packages/airflow/example_dags/example_xcomargs.py
[2023-11-20T21:57:13.585+0000] {logging_mixin.py:154} INFO - [2023-11-20T21:57:13.585+0000] {dag.py:2941} INFO - Sync 2 DAGs
[2023-11-20T21:57:13.591+0000] {logging_mixin.py:154} INFO - [2023-11-20T21:57:13.591+0000] {dag.py:3722} INFO - Setting next_dagrun for example_xcom_args to None, run_after=None
[2023-11-20T21:57:13.593+0000] {logging_mixin.py:154} INFO - [2023-11-20T21:57:13.593+0000] {dag.py:3722} INFO - Setting next_dagrun for example_xcom_args_with_operators to None, run_after=None
[2023-11-20T21:57:13.600+0000] {processor.py:179} INFO - Processing /home/airflow/.local/lib/python3.8/site-packages/airflow/example_dags/example_xcomargs.py took 0.038 seconds
[2023-11-20T21:57:43.998+0000] {processor.py:157} INFO - Started process (PID=1009) to work on /home/airflow/.local/lib/python3.8/site-packages/airflow/example_dags/example_xcomargs.py
[2023-11-20T21:57:43.999+0000] {processor.py:829} INFO - Processing file /home/airflow/.local/lib/python3.8/site-packages/airflow/example_dags/example_xcomargs.py for tasks to queue
[2023-11-20T21:57:44.000+0000] {logging_mixin.py:154} INFO - [2023-11-20T21:57:44.000+0000] {dagbag.py:536} INFO - Filling up the DagBag from /home/airflow/.local/lib/python3.8/site-packages/airflow/example_dags/example_xcomargs.py
[2023-11-20T21:57:44.005+0000] {processor.py:839} INFO - DAG(s) dict_keys(['example_xcom_args', 'example_xcom_args_with_operators']) retrieved from /home/airflow/.local/lib/python3.8/site-packages/airflow/example_dags/example_xcomargs.py
[2023-11-20T21:57:44.019+0000] {logging_mixin.py:154} INFO - [2023-11-20T21:57:44.019+0000] {dag.py:2941} INFO - Sync 2 DAGs
[2023-11-20T21:57:44.024+0000] {logging_mixin.py:154} INFO - [2023-11-20T21:57:44.024+0000] {dag.py:3722} INFO - Setting next_dagrun for example_xcom_args to None, run_after=None
[2023-11-20T21:57:44.026+0000] {logging_mixin.py:154} INFO - [2023-11-20T21:57:44.026+0000] {dag.py:3722} INFO - Setting next_dagrun for example_xcom_args_with_operators to None, run_after=None
[2023-11-20T21:57:44.035+0000] {processor.py:179} INFO - Processing /home/airflow/.local/lib/python3.8/site-packages/airflow/example_dags/example_xcomargs.py took 0.039 seconds
[2023-11-20T21:58:14.604+0000] {processor.py:157} INFO - Started process (PID=1063) to work on /home/airflow/.local/lib/python3.8/site-packages/airflow/example_dags/example_xcomargs.py
[2023-11-20T21:58:14.605+0000] {processor.py:829} INFO - Processing file /home/airflow/.local/lib/python3.8/site-packages/airflow/example_dags/example_xcomargs.py for tasks to queue
[2023-11-20T21:58:14.606+0000] {logging_mixin.py:154} INFO - [2023-11-20T21:58:14.606+0000] {dagbag.py:536} INFO - Filling up the DagBag from /home/airflow/.local/lib/python3.8/site-packages/airflow/example_dags/example_xcomargs.py
[2023-11-20T21:58:14.612+0000] {processor.py:839} INFO - DAG(s) dict_keys(['example_xcom_args', 'example_xcom_args_with_operators']) retrieved from /home/airflow/.local/lib/python3.8/site-packages/airflow/example_dags/example_xcomargs.py
[2023-11-20T21:58:14.628+0000] {logging_mixin.py:154} INFO - [2023-11-20T21:58:14.628+0000] {dag.py:2941} INFO - Sync 2 DAGs
[2023-11-20T21:58:14.635+0000] {logging_mixin.py:154} INFO - [2023-11-20T21:58:14.635+0000] {dag.py:3722} INFO - Setting next_dagrun for example_xcom_args to None, run_after=None
[2023-11-20T21:58:14.637+0000] {logging_mixin.py:154} INFO - [2023-11-20T21:58:14.637+0000] {dag.py:3722} INFO - Setting next_dagrun for example_xcom_args_with_operators to None, run_after=None
[2023-11-20T21:58:14.646+0000] {processor.py:179} INFO - Processing /home/airflow/.local/lib/python3.8/site-packages/airflow/example_dags/example_xcomargs.py took 0.046 seconds
