[2023-11-20T21:48:38.298+0000] {processor.py:157} INFO - Started process (PID=49) to work on /home/airflow/.local/lib/python3.8/site-packages/airflow/example_dags/example_short_circuit_operator.py
[2023-11-20T21:48:38.302+0000] {processor.py:829} INFO - Processing file /home/airflow/.local/lib/python3.8/site-packages/airflow/example_dags/example_short_circuit_operator.py for tasks to queue
[2023-11-20T21:48:38.311+0000] {logging_mixin.py:154} INFO - [2023-11-20T21:48:38.310+0000] {dagbag.py:536} INFO - Filling up the DagBag from /home/airflow/.local/lib/python3.8/site-packages/airflow/example_dags/example_short_circuit_operator.py
[2023-11-20T21:48:38.333+0000] {processor.py:839} INFO - DAG(s) dict_keys(['example_short_circuit_operator']) retrieved from /home/airflow/.local/lib/python3.8/site-packages/airflow/example_dags/example_short_circuit_operator.py
[2023-11-20T21:48:38.346+0000] {logging_mixin.py:154} INFO - [2023-11-20T21:48:38.345+0000] {dag.py:2941} INFO - Sync 1 DAGs
[2023-11-20T21:48:38.363+0000] {logging_mixin.py:154} INFO - [2023-11-20T21:48:38.363+0000] {dag.py:3722} INFO - Setting next_dagrun for example_short_circuit_operator to 2023-11-19T21:48:38.362785+00:00, run_after=2023-11-20T21:48:38.362785+00:00
[2023-11-20T21:48:38.375+0000] {processor.py:179} INFO - Processing /home/airflow/.local/lib/python3.8/site-packages/airflow/example_dags/example_short_circuit_operator.py took 0.094 seconds
[2023-11-20T21:49:08.451+0000] {processor.py:157} INFO - Started process (PID=103) to work on /home/airflow/.local/lib/python3.8/site-packages/airflow/example_dags/example_short_circuit_operator.py
[2023-11-20T21:49:08.453+0000] {processor.py:829} INFO - Processing file /home/airflow/.local/lib/python3.8/site-packages/airflow/example_dags/example_short_circuit_operator.py for tasks to queue
[2023-11-20T21:49:08.456+0000] {logging_mixin.py:154} INFO - [2023-11-20T21:49:08.456+0000] {dagbag.py:536} INFO - Filling up the DagBag from /home/airflow/.local/lib/python3.8/site-packages/airflow/example_dags/example_short_circuit_operator.py
[2023-11-20T21:49:08.461+0000] {processor.py:839} INFO - DAG(s) dict_keys(['example_short_circuit_operator']) retrieved from /home/airflow/.local/lib/python3.8/site-packages/airflow/example_dags/example_short_circuit_operator.py
[2023-11-20T21:49:08.477+0000] {logging_mixin.py:154} INFO - [2023-11-20T21:49:08.477+0000] {dag.py:2941} INFO - Sync 1 DAGs
[2023-11-20T21:49:08.487+0000] {logging_mixin.py:154} INFO - [2023-11-20T21:49:08.487+0000] {dag.py:3722} INFO - Setting next_dagrun for example_short_circuit_operator to 2023-11-19T21:49:08.487248+00:00, run_after=2023-11-20T21:49:08.487248+00:00
[2023-11-20T21:49:08.495+0000] {processor.py:179} INFO - Processing /home/airflow/.local/lib/python3.8/site-packages/airflow/example_dags/example_short_circuit_operator.py took 0.047 seconds
[2023-11-20T21:49:39.421+0000] {processor.py:157} INFO - Started process (PID=157) to work on /home/airflow/.local/lib/python3.8/site-packages/airflow/example_dags/example_short_circuit_operator.py
[2023-11-20T21:49:39.422+0000] {processor.py:829} INFO - Processing file /home/airflow/.local/lib/python3.8/site-packages/airflow/example_dags/example_short_circuit_operator.py for tasks to queue
[2023-11-20T21:49:39.423+0000] {logging_mixin.py:154} INFO - [2023-11-20T21:49:39.423+0000] {dagbag.py:536} INFO - Filling up the DagBag from /home/airflow/.local/lib/python3.8/site-packages/airflow/example_dags/example_short_circuit_operator.py
[2023-11-20T21:49:39.428+0000] {processor.py:839} INFO - DAG(s) dict_keys(['example_short_circuit_operator']) retrieved from /home/airflow/.local/lib/python3.8/site-packages/airflow/example_dags/example_short_circuit_operator.py
[2023-11-20T21:49:39.445+0000] {logging_mixin.py:154} INFO - [2023-11-20T21:49:39.445+0000] {dag.py:2941} INFO - Sync 1 DAGs
[2023-11-20T21:49:39.456+0000] {logging_mixin.py:154} INFO - [2023-11-20T21:49:39.456+0000] {dag.py:3722} INFO - Setting next_dagrun for example_short_circuit_operator to 2023-11-19T21:49:39.456093+00:00, run_after=2023-11-20T21:49:39.456093+00:00
[2023-11-20T21:49:39.465+0000] {processor.py:179} INFO - Processing /home/airflow/.local/lib/python3.8/site-packages/airflow/example_dags/example_short_circuit_operator.py took 0.048 seconds
[2023-11-20T21:50:09.909+0000] {processor.py:157} INFO - Started process (PID=211) to work on /home/airflow/.local/lib/python3.8/site-packages/airflow/example_dags/example_short_circuit_operator.py
[2023-11-20T21:50:09.910+0000] {processor.py:829} INFO - Processing file /home/airflow/.local/lib/python3.8/site-packages/airflow/example_dags/example_short_circuit_operator.py for tasks to queue
[2023-11-20T21:50:09.911+0000] {logging_mixin.py:154} INFO - [2023-11-20T21:50:09.911+0000] {dagbag.py:536} INFO - Filling up the DagBag from /home/airflow/.local/lib/python3.8/site-packages/airflow/example_dags/example_short_circuit_operator.py
[2023-11-20T21:50:09.916+0000] {processor.py:839} INFO - DAG(s) dict_keys(['example_short_circuit_operator']) retrieved from /home/airflow/.local/lib/python3.8/site-packages/airflow/example_dags/example_short_circuit_operator.py
[2023-11-20T21:50:09.931+0000] {logging_mixin.py:154} INFO - [2023-11-20T21:50:09.931+0000] {dag.py:2941} INFO - Sync 1 DAGs
[2023-11-20T21:50:09.942+0000] {logging_mixin.py:154} INFO - [2023-11-20T21:50:09.942+0000] {dag.py:3722} INFO - Setting next_dagrun for example_short_circuit_operator to 2023-11-19T21:50:09.942092+00:00, run_after=2023-11-20T21:50:09.942092+00:00
[2023-11-20T21:50:09.950+0000] {processor.py:179} INFO - Processing /home/airflow/.local/lib/python3.8/site-packages/airflow/example_dags/example_short_circuit_operator.py took 0.044 seconds
[2023-11-20T21:50:40.108+0000] {processor.py:157} INFO - Started process (PID=265) to work on /home/airflow/.local/lib/python3.8/site-packages/airflow/example_dags/example_short_circuit_operator.py
[2023-11-20T21:50:40.108+0000] {processor.py:829} INFO - Processing file /home/airflow/.local/lib/python3.8/site-packages/airflow/example_dags/example_short_circuit_operator.py for tasks to queue
[2023-11-20T21:50:40.110+0000] {logging_mixin.py:154} INFO - [2023-11-20T21:50:40.109+0000] {dagbag.py:536} INFO - Filling up the DagBag from /home/airflow/.local/lib/python3.8/site-packages/airflow/example_dags/example_short_circuit_operator.py
[2023-11-20T21:50:40.114+0000] {processor.py:839} INFO - DAG(s) dict_keys(['example_short_circuit_operator']) retrieved from /home/airflow/.local/lib/python3.8/site-packages/airflow/example_dags/example_short_circuit_operator.py
[2023-11-20T21:50:40.128+0000] {logging_mixin.py:154} INFO - [2023-11-20T21:50:40.128+0000] {dag.py:2941} INFO - Sync 1 DAGs
[2023-11-20T21:50:40.139+0000] {logging_mixin.py:154} INFO - [2023-11-20T21:50:40.139+0000] {dag.py:3722} INFO - Setting next_dagrun for example_short_circuit_operator to 2023-11-19T21:50:40.139178+00:00, run_after=2023-11-20T21:50:40.139178+00:00
[2023-11-20T21:50:40.147+0000] {processor.py:179} INFO - Processing /home/airflow/.local/lib/python3.8/site-packages/airflow/example_dags/example_short_circuit_operator.py took 0.041 seconds
[2023-11-20T21:51:10.325+0000] {processor.py:157} INFO - Started process (PID=319) to work on /home/airflow/.local/lib/python3.8/site-packages/airflow/example_dags/example_short_circuit_operator.py
[2023-11-20T21:51:10.326+0000] {processor.py:829} INFO - Processing file /home/airflow/.local/lib/python3.8/site-packages/airflow/example_dags/example_short_circuit_operator.py for tasks to queue
[2023-11-20T21:51:10.328+0000] {logging_mixin.py:154} INFO - [2023-11-20T21:51:10.327+0000] {dagbag.py:536} INFO - Filling up the DagBag from /home/airflow/.local/lib/python3.8/site-packages/airflow/example_dags/example_short_circuit_operator.py
[2023-11-20T21:51:10.333+0000] {processor.py:839} INFO - DAG(s) dict_keys(['example_short_circuit_operator']) retrieved from /home/airflow/.local/lib/python3.8/site-packages/airflow/example_dags/example_short_circuit_operator.py
[2023-11-20T21:51:10.348+0000] {logging_mixin.py:154} INFO - [2023-11-20T21:51:10.348+0000] {dag.py:2941} INFO - Sync 1 DAGs
[2023-11-20T21:51:10.359+0000] {logging_mixin.py:154} INFO - [2023-11-20T21:51:10.359+0000] {dag.py:3722} INFO - Setting next_dagrun for example_short_circuit_operator to 2023-11-19T21:51:10.359461+00:00, run_after=2023-11-20T21:51:10.359461+00:00
[2023-11-20T21:51:10.368+0000] {processor.py:179} INFO - Processing /home/airflow/.local/lib/python3.8/site-packages/airflow/example_dags/example_short_circuit_operator.py took 0.045 seconds
[2023-11-20T21:51:40.666+0000] {processor.py:157} INFO - Started process (PID=373) to work on /home/airflow/.local/lib/python3.8/site-packages/airflow/example_dags/example_short_circuit_operator.py
[2023-11-20T21:51:40.667+0000] {processor.py:829} INFO - Processing file /home/airflow/.local/lib/python3.8/site-packages/airflow/example_dags/example_short_circuit_operator.py for tasks to queue
[2023-11-20T21:51:40.669+0000] {logging_mixin.py:154} INFO - [2023-11-20T21:51:40.668+0000] {dagbag.py:536} INFO - Filling up the DagBag from /home/airflow/.local/lib/python3.8/site-packages/airflow/example_dags/example_short_circuit_operator.py
[2023-11-20T21:51:40.673+0000] {processor.py:839} INFO - DAG(s) dict_keys(['example_short_circuit_operator']) retrieved from /home/airflow/.local/lib/python3.8/site-packages/airflow/example_dags/example_short_circuit_operator.py
[2023-11-20T21:51:40.690+0000] {logging_mixin.py:154} INFO - [2023-11-20T21:51:40.690+0000] {dag.py:2941} INFO - Sync 1 DAGs
[2023-11-20T21:51:40.701+0000] {logging_mixin.py:154} INFO - [2023-11-20T21:51:40.701+0000] {dag.py:3722} INFO - Setting next_dagrun for example_short_circuit_operator to 2023-11-19T21:51:40.701412+00:00, run_after=2023-11-20T21:51:40.701412+00:00
[2023-11-20T21:51:40.711+0000] {processor.py:179} INFO - Processing /home/airflow/.local/lib/python3.8/site-packages/airflow/example_dags/example_short_circuit_operator.py took 0.047 seconds
[2023-11-20T21:52:10.870+0000] {processor.py:157} INFO - Started process (PID=427) to work on /home/airflow/.local/lib/python3.8/site-packages/airflow/example_dags/example_short_circuit_operator.py
[2023-11-20T21:52:10.871+0000] {processor.py:829} INFO - Processing file /home/airflow/.local/lib/python3.8/site-packages/airflow/example_dags/example_short_circuit_operator.py for tasks to queue
[2023-11-20T21:52:10.873+0000] {logging_mixin.py:154} INFO - [2023-11-20T21:52:10.872+0000] {dagbag.py:536} INFO - Filling up the DagBag from /home/airflow/.local/lib/python3.8/site-packages/airflow/example_dags/example_short_circuit_operator.py
[2023-11-20T21:52:10.877+0000] {processor.py:839} INFO - DAG(s) dict_keys(['example_short_circuit_operator']) retrieved from /home/airflow/.local/lib/python3.8/site-packages/airflow/example_dags/example_short_circuit_operator.py
[2023-11-20T21:52:10.891+0000] {logging_mixin.py:154} INFO - [2023-11-20T21:52:10.891+0000] {dag.py:2941} INFO - Sync 1 DAGs
[2023-11-20T21:52:10.902+0000] {logging_mixin.py:154} INFO - [2023-11-20T21:52:10.902+0000] {dag.py:3722} INFO - Setting next_dagrun for example_short_circuit_operator to 2023-11-19T21:52:10.902264+00:00, run_after=2023-11-20T21:52:10.902264+00:00
[2023-11-20T21:52:10.910+0000] {processor.py:179} INFO - Processing /home/airflow/.local/lib/python3.8/site-packages/airflow/example_dags/example_short_circuit_operator.py took 0.042 seconds
[2023-11-20T21:52:41.077+0000] {processor.py:157} INFO - Started process (PID=480) to work on /home/airflow/.local/lib/python3.8/site-packages/airflow/example_dags/example_short_circuit_operator.py
[2023-11-20T21:52:41.078+0000] {processor.py:829} INFO - Processing file /home/airflow/.local/lib/python3.8/site-packages/airflow/example_dags/example_short_circuit_operator.py for tasks to queue
[2023-11-20T21:52:41.080+0000] {logging_mixin.py:154} INFO - [2023-11-20T21:52:41.079+0000] {dagbag.py:536} INFO - Filling up the DagBag from /home/airflow/.local/lib/python3.8/site-packages/airflow/example_dags/example_short_circuit_operator.py
[2023-11-20T21:52:41.084+0000] {processor.py:839} INFO - DAG(s) dict_keys(['example_short_circuit_operator']) retrieved from /home/airflow/.local/lib/python3.8/site-packages/airflow/example_dags/example_short_circuit_operator.py
[2023-11-20T21:52:41.098+0000] {logging_mixin.py:154} INFO - [2023-11-20T21:52:41.098+0000] {dag.py:2941} INFO - Sync 1 DAGs
[2023-11-20T21:52:41.108+0000] {logging_mixin.py:154} INFO - [2023-11-20T21:52:41.108+0000] {dag.py:3722} INFO - Setting next_dagrun for example_short_circuit_operator to 2023-11-19T21:52:41.108729+00:00, run_after=2023-11-20T21:52:41.108729+00:00
[2023-11-20T21:52:41.116+0000] {processor.py:179} INFO - Processing /home/airflow/.local/lib/python3.8/site-packages/airflow/example_dags/example_short_circuit_operator.py took 0.041 seconds
[2023-11-20T21:53:11.445+0000] {processor.py:157} INFO - Started process (PID=534) to work on /home/airflow/.local/lib/python3.8/site-packages/airflow/example_dags/example_short_circuit_operator.py
[2023-11-20T21:53:11.450+0000] {processor.py:829} INFO - Processing file /home/airflow/.local/lib/python3.8/site-packages/airflow/example_dags/example_short_circuit_operator.py for tasks to queue
[2023-11-20T21:53:11.452+0000] {logging_mixin.py:154} INFO - [2023-11-20T21:53:11.451+0000] {dagbag.py:536} INFO - Filling up the DagBag from /home/airflow/.local/lib/python3.8/site-packages/airflow/example_dags/example_short_circuit_operator.py
[2023-11-20T21:53:11.456+0000] {processor.py:839} INFO - DAG(s) dict_keys(['example_short_circuit_operator']) retrieved from /home/airflow/.local/lib/python3.8/site-packages/airflow/example_dags/example_short_circuit_operator.py
[2023-11-20T21:53:11.472+0000] {logging_mixin.py:154} INFO - [2023-11-20T21:53:11.472+0000] {dag.py:2941} INFO - Sync 1 DAGs
[2023-11-20T21:53:11.483+0000] {logging_mixin.py:154} INFO - [2023-11-20T21:53:11.483+0000] {dag.py:3722} INFO - Setting next_dagrun for example_short_circuit_operator to 2023-11-19T21:53:11.483494+00:00, run_after=2023-11-20T21:53:11.483494+00:00
[2023-11-20T21:53:11.492+0000] {processor.py:179} INFO - Processing /home/airflow/.local/lib/python3.8/site-packages/airflow/example_dags/example_short_circuit_operator.py took 0.048 seconds
[2023-11-20T21:53:41.599+0000] {processor.py:157} INFO - Started process (PID=588) to work on /home/airflow/.local/lib/python3.8/site-packages/airflow/example_dags/example_short_circuit_operator.py
[2023-11-20T21:53:41.600+0000] {processor.py:829} INFO - Processing file /home/airflow/.local/lib/python3.8/site-packages/airflow/example_dags/example_short_circuit_operator.py for tasks to queue
[2023-11-20T21:53:41.601+0000] {logging_mixin.py:154} INFO - [2023-11-20T21:53:41.601+0000] {dagbag.py:536} INFO - Filling up the DagBag from /home/airflow/.local/lib/python3.8/site-packages/airflow/example_dags/example_short_circuit_operator.py
[2023-11-20T21:53:41.607+0000] {processor.py:839} INFO - DAG(s) dict_keys(['example_short_circuit_operator']) retrieved from /home/airflow/.local/lib/python3.8/site-packages/airflow/example_dags/example_short_circuit_operator.py
[2023-11-20T21:53:41.624+0000] {logging_mixin.py:154} INFO - [2023-11-20T21:53:41.623+0000] {dag.py:2941} INFO - Sync 1 DAGs
[2023-11-20T21:53:41.636+0000] {logging_mixin.py:154} INFO - [2023-11-20T21:53:41.636+0000] {dag.py:3722} INFO - Setting next_dagrun for example_short_circuit_operator to 2023-11-19T21:53:41.636556+00:00, run_after=2023-11-20T21:53:41.636556+00:00
[2023-11-20T21:53:41.647+0000] {processor.py:179} INFO - Processing /home/airflow/.local/lib/python3.8/site-packages/airflow/example_dags/example_short_circuit_operator.py took 0.051 seconds
[2023-11-20T21:54:12.010+0000] {processor.py:157} INFO - Started process (PID=642) to work on /home/airflow/.local/lib/python3.8/site-packages/airflow/example_dags/example_short_circuit_operator.py
[2023-11-20T21:54:12.011+0000] {processor.py:829} INFO - Processing file /home/airflow/.local/lib/python3.8/site-packages/airflow/example_dags/example_short_circuit_operator.py for tasks to queue
[2023-11-20T21:54:12.013+0000] {logging_mixin.py:154} INFO - [2023-11-20T21:54:12.013+0000] {dagbag.py:536} INFO - Filling up the DagBag from /home/airflow/.local/lib/python3.8/site-packages/airflow/example_dags/example_short_circuit_operator.py
[2023-11-20T21:54:12.017+0000] {processor.py:839} INFO - DAG(s) dict_keys(['example_short_circuit_operator']) retrieved from /home/airflow/.local/lib/python3.8/site-packages/airflow/example_dags/example_short_circuit_operator.py
[2023-11-20T21:54:12.032+0000] {logging_mixin.py:154} INFO - [2023-11-20T21:54:12.032+0000] {dag.py:2941} INFO - Sync 1 DAGs
[2023-11-20T21:54:12.043+0000] {logging_mixin.py:154} INFO - [2023-11-20T21:54:12.043+0000] {dag.py:3722} INFO - Setting next_dagrun for example_short_circuit_operator to 2023-11-19T21:54:12.043105+00:00, run_after=2023-11-20T21:54:12.043105+00:00
[2023-11-20T21:54:12.051+0000] {processor.py:179} INFO - Processing /home/airflow/.local/lib/python3.8/site-packages/airflow/example_dags/example_short_circuit_operator.py took 0.043 seconds
[2023-11-20T21:54:42.472+0000] {processor.py:157} INFO - Started process (PID=696) to work on /home/airflow/.local/lib/python3.8/site-packages/airflow/example_dags/example_short_circuit_operator.py
[2023-11-20T21:54:42.473+0000] {processor.py:829} INFO - Processing file /home/airflow/.local/lib/python3.8/site-packages/airflow/example_dags/example_short_circuit_operator.py for tasks to queue
[2023-11-20T21:54:42.474+0000] {logging_mixin.py:154} INFO - [2023-11-20T21:54:42.474+0000] {dagbag.py:536} INFO - Filling up the DagBag from /home/airflow/.local/lib/python3.8/site-packages/airflow/example_dags/example_short_circuit_operator.py
[2023-11-20T21:54:42.478+0000] {processor.py:839} INFO - DAG(s) dict_keys(['example_short_circuit_operator']) retrieved from /home/airflow/.local/lib/python3.8/site-packages/airflow/example_dags/example_short_circuit_operator.py
[2023-11-20T21:54:42.500+0000] {logging_mixin.py:154} INFO - [2023-11-20T21:54:42.500+0000] {dag.py:2941} INFO - Sync 1 DAGs
[2023-11-20T21:54:42.511+0000] {logging_mixin.py:154} INFO - [2023-11-20T21:54:42.511+0000] {dag.py:3722} INFO - Setting next_dagrun for example_short_circuit_operator to 2023-11-19T21:54:42.511359+00:00, run_after=2023-11-20T21:54:42.511359+00:00
[2023-11-20T21:54:42.520+0000] {processor.py:179} INFO - Processing /home/airflow/.local/lib/python3.8/site-packages/airflow/example_dags/example_short_circuit_operator.py took 0.051 seconds
[2023-11-20T21:55:12.729+0000] {processor.py:157} INFO - Started process (PID=750) to work on /home/airflow/.local/lib/python3.8/site-packages/airflow/example_dags/example_short_circuit_operator.py
[2023-11-20T21:55:12.730+0000] {processor.py:829} INFO - Processing file /home/airflow/.local/lib/python3.8/site-packages/airflow/example_dags/example_short_circuit_operator.py for tasks to queue
[2023-11-20T21:55:12.732+0000] {logging_mixin.py:154} INFO - [2023-11-20T21:55:12.731+0000] {dagbag.py:536} INFO - Filling up the DagBag from /home/airflow/.local/lib/python3.8/site-packages/airflow/example_dags/example_short_circuit_operator.py
[2023-11-20T21:55:12.736+0000] {processor.py:839} INFO - DAG(s) dict_keys(['example_short_circuit_operator']) retrieved from /home/airflow/.local/lib/python3.8/site-packages/airflow/example_dags/example_short_circuit_operator.py
[2023-11-20T21:55:12.751+0000] {logging_mixin.py:154} INFO - [2023-11-20T21:55:12.750+0000] {dag.py:2941} INFO - Sync 1 DAGs
[2023-11-20T21:55:12.762+0000] {logging_mixin.py:154} INFO - [2023-11-20T21:55:12.762+0000] {dag.py:3722} INFO - Setting next_dagrun for example_short_circuit_operator to 2023-11-19T21:55:12.762275+00:00, run_after=2023-11-20T21:55:12.762275+00:00
[2023-11-20T21:55:12.772+0000] {processor.py:179} INFO - Processing /home/airflow/.local/lib/python3.8/site-packages/airflow/example_dags/example_short_circuit_operator.py took 0.045 seconds
[2023-11-20T21:55:43.267+0000] {processor.py:157} INFO - Started process (PID=804) to work on /home/airflow/.local/lib/python3.8/site-packages/airflow/example_dags/example_short_circuit_operator.py
[2023-11-20T21:55:43.269+0000] {processor.py:829} INFO - Processing file /home/airflow/.local/lib/python3.8/site-packages/airflow/example_dags/example_short_circuit_operator.py for tasks to queue
[2023-11-20T21:55:43.271+0000] {logging_mixin.py:154} INFO - [2023-11-20T21:55:43.270+0000] {dagbag.py:536} INFO - Filling up the DagBag from /home/airflow/.local/lib/python3.8/site-packages/airflow/example_dags/example_short_circuit_operator.py
[2023-11-20T21:55:43.276+0000] {processor.py:839} INFO - DAG(s) dict_keys(['example_short_circuit_operator']) retrieved from /home/airflow/.local/lib/python3.8/site-packages/airflow/example_dags/example_short_circuit_operator.py
[2023-11-20T21:55:43.294+0000] {logging_mixin.py:154} INFO - [2023-11-20T21:55:43.294+0000] {dag.py:2941} INFO - Sync 1 DAGs
[2023-11-20T21:55:43.305+0000] {logging_mixin.py:154} INFO - [2023-11-20T21:55:43.305+0000] {dag.py:3722} INFO - Setting next_dagrun for example_short_circuit_operator to 2023-11-19T21:55:43.305675+00:00, run_after=2023-11-20T21:55:43.305675+00:00
[2023-11-20T21:55:43.314+0000] {processor.py:179} INFO - Processing /home/airflow/.local/lib/python3.8/site-packages/airflow/example_dags/example_short_circuit_operator.py took 0.051 seconds
[2023-11-20T21:56:13.797+0000] {processor.py:157} INFO - Started process (PID=858) to work on /home/airflow/.local/lib/python3.8/site-packages/airflow/example_dags/example_short_circuit_operator.py
[2023-11-20T21:56:13.798+0000] {processor.py:829} INFO - Processing file /home/airflow/.local/lib/python3.8/site-packages/airflow/example_dags/example_short_circuit_operator.py for tasks to queue
[2023-11-20T21:56:13.799+0000] {logging_mixin.py:154} INFO - [2023-11-20T21:56:13.799+0000] {dagbag.py:536} INFO - Filling up the DagBag from /home/airflow/.local/lib/python3.8/site-packages/airflow/example_dags/example_short_circuit_operator.py
[2023-11-20T21:56:13.803+0000] {processor.py:839} INFO - DAG(s) dict_keys(['example_short_circuit_operator']) retrieved from /home/airflow/.local/lib/python3.8/site-packages/airflow/example_dags/example_short_circuit_operator.py
[2023-11-20T21:56:13.817+0000] {logging_mixin.py:154} INFO - [2023-11-20T21:56:13.817+0000] {dag.py:2941} INFO - Sync 1 DAGs
[2023-11-20T21:56:13.827+0000] {logging_mixin.py:154} INFO - [2023-11-20T21:56:13.827+0000] {dag.py:3722} INFO - Setting next_dagrun for example_short_circuit_operator to 2023-11-19T21:56:13.827314+00:00, run_after=2023-11-20T21:56:13.827314+00:00
[2023-11-20T21:56:13.834+0000] {processor.py:179} INFO - Processing /home/airflow/.local/lib/python3.8/site-packages/airflow/example_dags/example_short_circuit_operator.py took 0.039 seconds
[2023-11-20T21:56:44.219+0000] {processor.py:157} INFO - Started process (PID=912) to work on /home/airflow/.local/lib/python3.8/site-packages/airflow/example_dags/example_short_circuit_operator.py
[2023-11-20T21:56:44.220+0000] {processor.py:829} INFO - Processing file /home/airflow/.local/lib/python3.8/site-packages/airflow/example_dags/example_short_circuit_operator.py for tasks to queue
[2023-11-20T21:56:44.221+0000] {logging_mixin.py:154} INFO - [2023-11-20T21:56:44.221+0000] {dagbag.py:536} INFO - Filling up the DagBag from /home/airflow/.local/lib/python3.8/site-packages/airflow/example_dags/example_short_circuit_operator.py
[2023-11-20T21:56:44.225+0000] {processor.py:839} INFO - DAG(s) dict_keys(['example_short_circuit_operator']) retrieved from /home/airflow/.local/lib/python3.8/site-packages/airflow/example_dags/example_short_circuit_operator.py
[2023-11-20T21:56:44.240+0000] {logging_mixin.py:154} INFO - [2023-11-20T21:56:44.240+0000] {dag.py:2941} INFO - Sync 1 DAGs
[2023-11-20T21:56:44.251+0000] {logging_mixin.py:154} INFO - [2023-11-20T21:56:44.251+0000] {dag.py:3722} INFO - Setting next_dagrun for example_short_circuit_operator to 2023-11-19T21:56:44.251324+00:00, run_after=2023-11-20T21:56:44.251324+00:00
[2023-11-20T21:56:44.259+0000] {processor.py:179} INFO - Processing /home/airflow/.local/lib/python3.8/site-packages/airflow/example_dags/example_short_circuit_operator.py took 0.042 seconds
[2023-11-20T21:57:15.024+0000] {processor.py:157} INFO - Started process (PID=966) to work on /home/airflow/.local/lib/python3.8/site-packages/airflow/example_dags/example_short_circuit_operator.py
[2023-11-20T21:57:15.025+0000] {processor.py:829} INFO - Processing file /home/airflow/.local/lib/python3.8/site-packages/airflow/example_dags/example_short_circuit_operator.py for tasks to queue
[2023-11-20T21:57:15.026+0000] {logging_mixin.py:154} INFO - [2023-11-20T21:57:15.026+0000] {dagbag.py:536} INFO - Filling up the DagBag from /home/airflow/.local/lib/python3.8/site-packages/airflow/example_dags/example_short_circuit_operator.py
[2023-11-20T21:57:15.030+0000] {processor.py:839} INFO - DAG(s) dict_keys(['example_short_circuit_operator']) retrieved from /home/airflow/.local/lib/python3.8/site-packages/airflow/example_dags/example_short_circuit_operator.py
[2023-11-20T21:57:15.045+0000] {logging_mixin.py:154} INFO - [2023-11-20T21:57:15.045+0000] {dag.py:2941} INFO - Sync 1 DAGs
[2023-11-20T21:57:15.057+0000] {logging_mixin.py:154} INFO - [2023-11-20T21:57:15.056+0000] {dag.py:3722} INFO - Setting next_dagrun for example_short_circuit_operator to 2023-11-19T21:57:15.056807+00:00, run_after=2023-11-20T21:57:15.056807+00:00
[2023-11-20T21:57:15.066+0000] {processor.py:179} INFO - Processing /home/airflow/.local/lib/python3.8/site-packages/airflow/example_dags/example_short_circuit_operator.py took 0.045 seconds
[2023-11-20T21:57:45.440+0000] {processor.py:157} INFO - Started process (PID=1020) to work on /home/airflow/.local/lib/python3.8/site-packages/airflow/example_dags/example_short_circuit_operator.py
[2023-11-20T21:57:45.441+0000] {processor.py:829} INFO - Processing file /home/airflow/.local/lib/python3.8/site-packages/airflow/example_dags/example_short_circuit_operator.py for tasks to queue
[2023-11-20T21:57:45.443+0000] {logging_mixin.py:154} INFO - [2023-11-20T21:57:45.443+0000] {dagbag.py:536} INFO - Filling up the DagBag from /home/airflow/.local/lib/python3.8/site-packages/airflow/example_dags/example_short_circuit_operator.py
[2023-11-20T21:57:45.448+0000] {processor.py:839} INFO - DAG(s) dict_keys(['example_short_circuit_operator']) retrieved from /home/airflow/.local/lib/python3.8/site-packages/airflow/example_dags/example_short_circuit_operator.py
[2023-11-20T21:57:45.463+0000] {logging_mixin.py:154} INFO - [2023-11-20T21:57:45.463+0000] {dag.py:2941} INFO - Sync 1 DAGs
[2023-11-20T21:57:45.474+0000] {logging_mixin.py:154} INFO - [2023-11-20T21:57:45.474+0000] {dag.py:3722} INFO - Setting next_dagrun for example_short_circuit_operator to 2023-11-19T21:57:45.474199+00:00, run_after=2023-11-20T21:57:45.474199+00:00
[2023-11-20T21:57:45.482+0000] {processor.py:179} INFO - Processing /home/airflow/.local/lib/python3.8/site-packages/airflow/example_dags/example_short_circuit_operator.py took 0.045 seconds
[2023-11-20T21:58:16.003+0000] {processor.py:157} INFO - Started process (PID=1074) to work on /home/airflow/.local/lib/python3.8/site-packages/airflow/example_dags/example_short_circuit_operator.py
[2023-11-20T21:58:16.003+0000] {processor.py:829} INFO - Processing file /home/airflow/.local/lib/python3.8/site-packages/airflow/example_dags/example_short_circuit_operator.py for tasks to queue
[2023-11-20T21:58:16.005+0000] {logging_mixin.py:154} INFO - [2023-11-20T21:58:16.004+0000] {dagbag.py:536} INFO - Filling up the DagBag from /home/airflow/.local/lib/python3.8/site-packages/airflow/example_dags/example_short_circuit_operator.py
[2023-11-20T21:58:16.009+0000] {processor.py:839} INFO - DAG(s) dict_keys(['example_short_circuit_operator']) retrieved from /home/airflow/.local/lib/python3.8/site-packages/airflow/example_dags/example_short_circuit_operator.py
[2023-11-20T21:58:16.024+0000] {logging_mixin.py:154} INFO - [2023-11-20T21:58:16.024+0000] {dag.py:2941} INFO - Sync 1 DAGs
[2023-11-20T21:58:16.034+0000] {logging_mixin.py:154} INFO - [2023-11-20T21:58:16.034+0000] {dag.py:3722} INFO - Setting next_dagrun for example_short_circuit_operator to 2023-11-19T21:58:16.034616+00:00, run_after=2023-11-20T21:58:16.034616+00:00
[2023-11-20T21:58:16.043+0000] {processor.py:179} INFO - Processing /home/airflow/.local/lib/python3.8/site-packages/airflow/example_dags/example_short_circuit_operator.py took 0.042 seconds
