[2023-11-20T21:48:38.350+0000] {processor.py:157} INFO - Started process (PID=50) to work on /home/airflow/.local/lib/python3.8/site-packages/airflow/example_dags/example_nested_branch_dag.py
[2023-11-20T21:48:38.351+0000] {processor.py:829} INFO - Processing file /home/airflow/.local/lib/python3.8/site-packages/airflow/example_dags/example_nested_branch_dag.py for tasks to queue
[2023-11-20T21:48:38.353+0000] {logging_mixin.py:154} INFO - [2023-11-20T21:48:38.352+0000] {dagbag.py:536} INFO - Filling up the DagBag from /home/airflow/.local/lib/python3.8/site-packages/airflow/example_dags/example_nested_branch_dag.py
[2023-11-20T21:48:38.361+0000] {processor.py:839} INFO - DAG(s) dict_keys(['example_nested_branch_dag']) retrieved from /home/airflow/.local/lib/python3.8/site-packages/airflow/example_dags/example_nested_branch_dag.py
[2023-11-20T21:48:38.375+0000] {logging_mixin.py:154} INFO - [2023-11-20T21:48:38.374+0000] {dag.py:2941} INFO - Sync 1 DAGs
[2023-11-20T21:48:38.391+0000] {logging_mixin.py:154} INFO - [2023-11-20T21:48:38.391+0000] {dag.py:3722} INFO - Setting next_dagrun for example_nested_branch_dag to 2023-11-19T00:00:00+00:00, run_after=2023-11-20T00:00:00+00:00
[2023-11-20T21:48:38.414+0000] {processor.py:179} INFO - Processing /home/airflow/.local/lib/python3.8/site-packages/airflow/example_dags/example_nested_branch_dag.py took 0.067 seconds
[2023-11-20T21:49:08.453+0000] {processor.py:157} INFO - Started process (PID=104) to work on /home/airflow/.local/lib/python3.8/site-packages/airflow/example_dags/example_nested_branch_dag.py
[2023-11-20T21:49:08.456+0000] {processor.py:829} INFO - Processing file /home/airflow/.local/lib/python3.8/site-packages/airflow/example_dags/example_nested_branch_dag.py for tasks to queue
[2023-11-20T21:49:08.457+0000] {logging_mixin.py:154} INFO - [2023-11-20T21:49:08.457+0000] {dagbag.py:536} INFO - Filling up the DagBag from /home/airflow/.local/lib/python3.8/site-packages/airflow/example_dags/example_nested_branch_dag.py
[2023-11-20T21:49:08.463+0000] {processor.py:839} INFO - DAG(s) dict_keys(['example_nested_branch_dag']) retrieved from /home/airflow/.local/lib/python3.8/site-packages/airflow/example_dags/example_nested_branch_dag.py
[2023-11-20T21:49:08.476+0000] {logging_mixin.py:154} INFO - [2023-11-20T21:49:08.476+0000] {dag.py:2941} INFO - Sync 1 DAGs
[2023-11-20T21:49:08.488+0000] {logging_mixin.py:154} INFO - [2023-11-20T21:49:08.488+0000] {dag.py:3722} INFO - Setting next_dagrun for example_nested_branch_dag to 2023-11-19T00:00:00+00:00, run_after=2023-11-20T00:00:00+00:00
[2023-11-20T21:49:08.495+0000] {processor.py:179} INFO - Processing /home/airflow/.local/lib/python3.8/site-packages/airflow/example_dags/example_nested_branch_dag.py took 0.045 seconds
[2023-11-20T21:49:39.475+0000] {processor.py:157} INFO - Started process (PID=158) to work on /home/airflow/.local/lib/python3.8/site-packages/airflow/example_dags/example_nested_branch_dag.py
[2023-11-20T21:49:39.476+0000] {processor.py:829} INFO - Processing file /home/airflow/.local/lib/python3.8/site-packages/airflow/example_dags/example_nested_branch_dag.py for tasks to queue
[2023-11-20T21:49:39.477+0000] {logging_mixin.py:154} INFO - [2023-11-20T21:49:39.477+0000] {dagbag.py:536} INFO - Filling up the DagBag from /home/airflow/.local/lib/python3.8/site-packages/airflow/example_dags/example_nested_branch_dag.py
[2023-11-20T21:49:39.483+0000] {processor.py:839} INFO - DAG(s) dict_keys(['example_nested_branch_dag']) retrieved from /home/airflow/.local/lib/python3.8/site-packages/airflow/example_dags/example_nested_branch_dag.py
[2023-11-20T21:49:39.496+0000] {logging_mixin.py:154} INFO - [2023-11-20T21:49:39.496+0000] {dag.py:2941} INFO - Sync 1 DAGs
[2023-11-20T21:49:39.506+0000] {logging_mixin.py:154} INFO - [2023-11-20T21:49:39.506+0000] {dag.py:3722} INFO - Setting next_dagrun for example_nested_branch_dag to 2023-11-19T00:00:00+00:00, run_after=2023-11-20T00:00:00+00:00
[2023-11-20T21:49:39.513+0000] {processor.py:179} INFO - Processing /home/airflow/.local/lib/python3.8/site-packages/airflow/example_dags/example_nested_branch_dag.py took 0.040 seconds
[2023-11-20T21:50:09.913+0000] {processor.py:157} INFO - Started process (PID=212) to work on /home/airflow/.local/lib/python3.8/site-packages/airflow/example_dags/example_nested_branch_dag.py
[2023-11-20T21:50:09.913+0000] {processor.py:829} INFO - Processing file /home/airflow/.local/lib/python3.8/site-packages/airflow/example_dags/example_nested_branch_dag.py for tasks to queue
[2023-11-20T21:50:09.915+0000] {logging_mixin.py:154} INFO - [2023-11-20T21:50:09.914+0000] {dagbag.py:536} INFO - Filling up the DagBag from /home/airflow/.local/lib/python3.8/site-packages/airflow/example_dags/example_nested_branch_dag.py
[2023-11-20T21:50:09.920+0000] {processor.py:839} INFO - DAG(s) dict_keys(['example_nested_branch_dag']) retrieved from /home/airflow/.local/lib/python3.8/site-packages/airflow/example_dags/example_nested_branch_dag.py
[2023-11-20T21:50:09.933+0000] {logging_mixin.py:154} INFO - [2023-11-20T21:50:09.933+0000] {dag.py:2941} INFO - Sync 1 DAGs
[2023-11-20T21:50:09.944+0000] {logging_mixin.py:154} INFO - [2023-11-20T21:50:09.944+0000] {dag.py:3722} INFO - Setting next_dagrun for example_nested_branch_dag to 2023-11-19T00:00:00+00:00, run_after=2023-11-20T00:00:00+00:00
[2023-11-20T21:50:09.952+0000] {processor.py:179} INFO - Processing /home/airflow/.local/lib/python3.8/site-packages/airflow/example_dags/example_nested_branch_dag.py took 0.042 seconds
[2023-11-20T21:50:40.161+0000] {processor.py:157} INFO - Started process (PID=266) to work on /home/airflow/.local/lib/python3.8/site-packages/airflow/example_dags/example_nested_branch_dag.py
[2023-11-20T21:50:40.161+0000] {processor.py:829} INFO - Processing file /home/airflow/.local/lib/python3.8/site-packages/airflow/example_dags/example_nested_branch_dag.py for tasks to queue
[2023-11-20T21:50:40.163+0000] {logging_mixin.py:154} INFO - [2023-11-20T21:50:40.162+0000] {dagbag.py:536} INFO - Filling up the DagBag from /home/airflow/.local/lib/python3.8/site-packages/airflow/example_dags/example_nested_branch_dag.py
[2023-11-20T21:50:40.168+0000] {processor.py:839} INFO - DAG(s) dict_keys(['example_nested_branch_dag']) retrieved from /home/airflow/.local/lib/python3.8/site-packages/airflow/example_dags/example_nested_branch_dag.py
[2023-11-20T21:50:40.182+0000] {logging_mixin.py:154} INFO - [2023-11-20T21:50:40.182+0000] {dag.py:2941} INFO - Sync 1 DAGs
[2023-11-20T21:50:40.192+0000] {logging_mixin.py:154} INFO - [2023-11-20T21:50:40.192+0000] {dag.py:3722} INFO - Setting next_dagrun for example_nested_branch_dag to 2023-11-19T00:00:00+00:00, run_after=2023-11-20T00:00:00+00:00
[2023-11-20T21:50:40.200+0000] {processor.py:179} INFO - Processing /home/airflow/.local/lib/python3.8/site-packages/airflow/example_dags/example_nested_branch_dag.py took 0.042 seconds
[2023-11-20T21:51:10.329+0000] {processor.py:157} INFO - Started process (PID=320) to work on /home/airflow/.local/lib/python3.8/site-packages/airflow/example_dags/example_nested_branch_dag.py
[2023-11-20T21:51:10.329+0000] {processor.py:829} INFO - Processing file /home/airflow/.local/lib/python3.8/site-packages/airflow/example_dags/example_nested_branch_dag.py for tasks to queue
[2023-11-20T21:51:10.331+0000] {logging_mixin.py:154} INFO - [2023-11-20T21:51:10.331+0000] {dagbag.py:536} INFO - Filling up the DagBag from /home/airflow/.local/lib/python3.8/site-packages/airflow/example_dags/example_nested_branch_dag.py
[2023-11-20T21:51:10.337+0000] {processor.py:839} INFO - DAG(s) dict_keys(['example_nested_branch_dag']) retrieved from /home/airflow/.local/lib/python3.8/site-packages/airflow/example_dags/example_nested_branch_dag.py
[2023-11-20T21:51:10.349+0000] {logging_mixin.py:154} INFO - [2023-11-20T21:51:10.349+0000] {dag.py:2941} INFO - Sync 1 DAGs
[2023-11-20T21:51:10.361+0000] {logging_mixin.py:154} INFO - [2023-11-20T21:51:10.360+0000] {dag.py:3722} INFO - Setting next_dagrun for example_nested_branch_dag to 2023-11-19T00:00:00+00:00, run_after=2023-11-20T00:00:00+00:00
[2023-11-20T21:51:10.368+0000] {processor.py:179} INFO - Processing /home/airflow/.local/lib/python3.8/site-packages/airflow/example_dags/example_nested_branch_dag.py took 0.041 seconds
[2023-11-20T21:51:40.670+0000] {processor.py:157} INFO - Started process (PID=374) to work on /home/airflow/.local/lib/python3.8/site-packages/airflow/example_dags/example_nested_branch_dag.py
[2023-11-20T21:51:40.670+0000] {processor.py:829} INFO - Processing file /home/airflow/.local/lib/python3.8/site-packages/airflow/example_dags/example_nested_branch_dag.py for tasks to queue
[2023-11-20T21:51:40.672+0000] {logging_mixin.py:154} INFO - [2023-11-20T21:51:40.671+0000] {dagbag.py:536} INFO - Filling up the DagBag from /home/airflow/.local/lib/python3.8/site-packages/airflow/example_dags/example_nested_branch_dag.py
[2023-11-20T21:51:40.677+0000] {processor.py:839} INFO - DAG(s) dict_keys(['example_nested_branch_dag']) retrieved from /home/airflow/.local/lib/python3.8/site-packages/airflow/example_dags/example_nested_branch_dag.py
[2023-11-20T21:51:40.692+0000] {logging_mixin.py:154} INFO - [2023-11-20T21:51:40.692+0000] {dag.py:2941} INFO - Sync 1 DAGs
[2023-11-20T21:51:40.703+0000] {logging_mixin.py:154} INFO - [2023-11-20T21:51:40.703+0000] {dag.py:3722} INFO - Setting next_dagrun for example_nested_branch_dag to 2023-11-19T00:00:00+00:00, run_after=2023-11-20T00:00:00+00:00
[2023-11-20T21:51:40.715+0000] {processor.py:179} INFO - Processing /home/airflow/.local/lib/python3.8/site-packages/airflow/example_dags/example_nested_branch_dag.py took 0.048 seconds
[2023-11-20T21:52:10.925+0000] {processor.py:157} INFO - Started process (PID=428) to work on /home/airflow/.local/lib/python3.8/site-packages/airflow/example_dags/example_nested_branch_dag.py
[2023-11-20T21:52:10.926+0000] {processor.py:829} INFO - Processing file /home/airflow/.local/lib/python3.8/site-packages/airflow/example_dags/example_nested_branch_dag.py for tasks to queue
[2023-11-20T21:52:10.928+0000] {logging_mixin.py:154} INFO - [2023-11-20T21:52:10.928+0000] {dagbag.py:536} INFO - Filling up the DagBag from /home/airflow/.local/lib/python3.8/site-packages/airflow/example_dags/example_nested_branch_dag.py
[2023-11-20T21:52:10.935+0000] {processor.py:839} INFO - DAG(s) dict_keys(['example_nested_branch_dag']) retrieved from /home/airflow/.local/lib/python3.8/site-packages/airflow/example_dags/example_nested_branch_dag.py
[2023-11-20T21:52:10.949+0000] {logging_mixin.py:154} INFO - [2023-11-20T21:52:10.949+0000] {dag.py:2941} INFO - Sync 1 DAGs
[2023-11-20T21:52:10.960+0000] {logging_mixin.py:154} INFO - [2023-11-20T21:52:10.960+0000] {dag.py:3722} INFO - Setting next_dagrun for example_nested_branch_dag to 2023-11-19T00:00:00+00:00, run_after=2023-11-20T00:00:00+00:00
[2023-11-20T21:52:10.969+0000] {processor.py:179} INFO - Processing /home/airflow/.local/lib/python3.8/site-packages/airflow/example_dags/example_nested_branch_dag.py took 0.046 seconds
[2023-11-20T21:52:41.080+0000] {processor.py:157} INFO - Started process (PID=481) to work on /home/airflow/.local/lib/python3.8/site-packages/airflow/example_dags/example_nested_branch_dag.py
[2023-11-20T21:52:41.081+0000] {processor.py:829} INFO - Processing file /home/airflow/.local/lib/python3.8/site-packages/airflow/example_dags/example_nested_branch_dag.py for tasks to queue
[2023-11-20T21:52:41.082+0000] {logging_mixin.py:154} INFO - [2023-11-20T21:52:41.082+0000] {dagbag.py:536} INFO - Filling up the DagBag from /home/airflow/.local/lib/python3.8/site-packages/airflow/example_dags/example_nested_branch_dag.py
[2023-11-20T21:52:41.087+0000] {processor.py:839} INFO - DAG(s) dict_keys(['example_nested_branch_dag']) retrieved from /home/airflow/.local/lib/python3.8/site-packages/airflow/example_dags/example_nested_branch_dag.py
[2023-11-20T21:52:41.099+0000] {logging_mixin.py:154} INFO - [2023-11-20T21:52:41.099+0000] {dag.py:2941} INFO - Sync 1 DAGs
[2023-11-20T21:52:41.109+0000] {logging_mixin.py:154} INFO - [2023-11-20T21:52:41.109+0000] {dag.py:3722} INFO - Setting next_dagrun for example_nested_branch_dag to 2023-11-19T00:00:00+00:00, run_after=2023-11-20T00:00:00+00:00
[2023-11-20T21:52:41.117+0000] {processor.py:179} INFO - Processing /home/airflow/.local/lib/python3.8/site-packages/airflow/example_dags/example_nested_branch_dag.py took 0.038 seconds
[2023-11-20T21:53:11.506+0000] {processor.py:157} INFO - Started process (PID=535) to work on /home/airflow/.local/lib/python3.8/site-packages/airflow/example_dags/example_nested_branch_dag.py
[2023-11-20T21:53:11.507+0000] {processor.py:829} INFO - Processing file /home/airflow/.local/lib/python3.8/site-packages/airflow/example_dags/example_nested_branch_dag.py for tasks to queue
[2023-11-20T21:53:11.508+0000] {logging_mixin.py:154} INFO - [2023-11-20T21:53:11.508+0000] {dagbag.py:536} INFO - Filling up the DagBag from /home/airflow/.local/lib/python3.8/site-packages/airflow/example_dags/example_nested_branch_dag.py
[2023-11-20T21:53:11.514+0000] {processor.py:839} INFO - DAG(s) dict_keys(['example_nested_branch_dag']) retrieved from /home/airflow/.local/lib/python3.8/site-packages/airflow/example_dags/example_nested_branch_dag.py
[2023-11-20T21:53:11.527+0000] {logging_mixin.py:154} INFO - [2023-11-20T21:53:11.527+0000] {dag.py:2941} INFO - Sync 1 DAGs
[2023-11-20T21:53:11.538+0000] {logging_mixin.py:154} INFO - [2023-11-20T21:53:11.538+0000] {dag.py:3722} INFO - Setting next_dagrun for example_nested_branch_dag to 2023-11-19T00:00:00+00:00, run_after=2023-11-20T00:00:00+00:00
[2023-11-20T21:53:11.546+0000] {processor.py:179} INFO - Processing /home/airflow/.local/lib/python3.8/site-packages/airflow/example_dags/example_nested_branch_dag.py took 0.041 seconds
[2023-11-20T21:53:41.667+0000] {processor.py:157} INFO - Started process (PID=589) to work on /home/airflow/.local/lib/python3.8/site-packages/airflow/example_dags/example_nested_branch_dag.py
[2023-11-20T21:53:41.668+0000] {processor.py:829} INFO - Processing file /home/airflow/.local/lib/python3.8/site-packages/airflow/example_dags/example_nested_branch_dag.py for tasks to queue
[2023-11-20T21:53:41.670+0000] {logging_mixin.py:154} INFO - [2023-11-20T21:53:41.670+0000] {dagbag.py:536} INFO - Filling up the DagBag from /home/airflow/.local/lib/python3.8/site-packages/airflow/example_dags/example_nested_branch_dag.py
[2023-11-20T21:53:41.675+0000] {processor.py:839} INFO - DAG(s) dict_keys(['example_nested_branch_dag']) retrieved from /home/airflow/.local/lib/python3.8/site-packages/airflow/example_dags/example_nested_branch_dag.py
[2023-11-20T21:53:41.691+0000] {logging_mixin.py:154} INFO - [2023-11-20T21:53:41.691+0000] {dag.py:2941} INFO - Sync 1 DAGs
[2023-11-20T21:53:41.703+0000] {logging_mixin.py:154} INFO - [2023-11-20T21:53:41.703+0000] {dag.py:3722} INFO - Setting next_dagrun for example_nested_branch_dag to 2023-11-19T00:00:00+00:00, run_after=2023-11-20T00:00:00+00:00
[2023-11-20T21:53:41.711+0000] {processor.py:179} INFO - Processing /home/airflow/.local/lib/python3.8/site-packages/airflow/example_dags/example_nested_branch_dag.py took 0.046 seconds
[2023-11-20T21:54:12.065+0000] {processor.py:157} INFO - Started process (PID=643) to work on /home/airflow/.local/lib/python3.8/site-packages/airflow/example_dags/example_nested_branch_dag.py
[2023-11-20T21:54:12.066+0000] {processor.py:829} INFO - Processing file /home/airflow/.local/lib/python3.8/site-packages/airflow/example_dags/example_nested_branch_dag.py for tasks to queue
[2023-11-20T21:54:12.067+0000] {logging_mixin.py:154} INFO - [2023-11-20T21:54:12.067+0000] {dagbag.py:536} INFO - Filling up the DagBag from /home/airflow/.local/lib/python3.8/site-packages/airflow/example_dags/example_nested_branch_dag.py
[2023-11-20T21:54:12.074+0000] {processor.py:839} INFO - DAG(s) dict_keys(['example_nested_branch_dag']) retrieved from /home/airflow/.local/lib/python3.8/site-packages/airflow/example_dags/example_nested_branch_dag.py
[2023-11-20T21:54:12.089+0000] {logging_mixin.py:154} INFO - [2023-11-20T21:54:12.089+0000] {dag.py:2941} INFO - Sync 1 DAGs
[2023-11-20T21:54:12.102+0000] {logging_mixin.py:154} INFO - [2023-11-20T21:54:12.102+0000] {dag.py:3722} INFO - Setting next_dagrun for example_nested_branch_dag to 2023-11-19T00:00:00+00:00, run_after=2023-11-20T00:00:00+00:00
[2023-11-20T21:54:12.112+0000] {processor.py:179} INFO - Processing /home/airflow/.local/lib/python3.8/site-packages/airflow/example_dags/example_nested_branch_dag.py took 0.049 seconds
[2023-11-20T21:54:42.536+0000] {processor.py:157} INFO - Started process (PID=697) to work on /home/airflow/.local/lib/python3.8/site-packages/airflow/example_dags/example_nested_branch_dag.py
[2023-11-20T21:54:42.537+0000] {processor.py:829} INFO - Processing file /home/airflow/.local/lib/python3.8/site-packages/airflow/example_dags/example_nested_branch_dag.py for tasks to queue
[2023-11-20T21:54:42.538+0000] {logging_mixin.py:154} INFO - [2023-11-20T21:54:42.538+0000] {dagbag.py:536} INFO - Filling up the DagBag from /home/airflow/.local/lib/python3.8/site-packages/airflow/example_dags/example_nested_branch_dag.py
[2023-11-20T21:54:42.544+0000] {processor.py:839} INFO - DAG(s) dict_keys(['example_nested_branch_dag']) retrieved from /home/airflow/.local/lib/python3.8/site-packages/airflow/example_dags/example_nested_branch_dag.py
[2023-11-20T21:54:42.558+0000] {logging_mixin.py:154} INFO - [2023-11-20T21:54:42.557+0000] {dag.py:2941} INFO - Sync 1 DAGs
[2023-11-20T21:54:42.569+0000] {logging_mixin.py:154} INFO - [2023-11-20T21:54:42.569+0000] {dag.py:3722} INFO - Setting next_dagrun for example_nested_branch_dag to 2023-11-19T00:00:00+00:00, run_after=2023-11-20T00:00:00+00:00
[2023-11-20T21:54:42.578+0000] {processor.py:179} INFO - Processing /home/airflow/.local/lib/python3.8/site-packages/airflow/example_dags/example_nested_branch_dag.py took 0.044 seconds
[2023-11-20T21:55:12.739+0000] {processor.py:157} INFO - Started process (PID=751) to work on /home/airflow/.local/lib/python3.8/site-packages/airflow/example_dags/example_nested_branch_dag.py
[2023-11-20T21:55:12.740+0000] {processor.py:829} INFO - Processing file /home/airflow/.local/lib/python3.8/site-packages/airflow/example_dags/example_nested_branch_dag.py for tasks to queue
[2023-11-20T21:55:12.741+0000] {logging_mixin.py:154} INFO - [2023-11-20T21:55:12.741+0000] {dagbag.py:536} INFO - Filling up the DagBag from /home/airflow/.local/lib/python3.8/site-packages/airflow/example_dags/example_nested_branch_dag.py
[2023-11-20T21:55:12.746+0000] {processor.py:839} INFO - DAG(s) dict_keys(['example_nested_branch_dag']) retrieved from /home/airflow/.local/lib/python3.8/site-packages/airflow/example_dags/example_nested_branch_dag.py
[2023-11-20T21:55:12.760+0000] {logging_mixin.py:154} INFO - [2023-11-20T21:55:12.759+0000] {dag.py:2941} INFO - Sync 1 DAGs
[2023-11-20T21:55:12.772+0000] {logging_mixin.py:154} INFO - [2023-11-20T21:55:12.772+0000] {dag.py:3722} INFO - Setting next_dagrun for example_nested_branch_dag to 2023-11-19T00:00:00+00:00, run_after=2023-11-20T00:00:00+00:00
[2023-11-20T21:55:12.780+0000] {processor.py:179} INFO - Processing /home/airflow/.local/lib/python3.8/site-packages/airflow/example_dags/example_nested_branch_dag.py took 0.043 seconds
[2023-11-20T21:55:43.329+0000] {processor.py:157} INFO - Started process (PID=805) to work on /home/airflow/.local/lib/python3.8/site-packages/airflow/example_dags/example_nested_branch_dag.py
[2023-11-20T21:55:43.330+0000] {processor.py:829} INFO - Processing file /home/airflow/.local/lib/python3.8/site-packages/airflow/example_dags/example_nested_branch_dag.py for tasks to queue
[2023-11-20T21:55:43.332+0000] {logging_mixin.py:154} INFO - [2023-11-20T21:55:43.332+0000] {dagbag.py:536} INFO - Filling up the DagBag from /home/airflow/.local/lib/python3.8/site-packages/airflow/example_dags/example_nested_branch_dag.py
[2023-11-20T21:55:43.337+0000] {processor.py:839} INFO - DAG(s) dict_keys(['example_nested_branch_dag']) retrieved from /home/airflow/.local/lib/python3.8/site-packages/airflow/example_dags/example_nested_branch_dag.py
[2023-11-20T21:55:43.351+0000] {logging_mixin.py:154} INFO - [2023-11-20T21:55:43.351+0000] {dag.py:2941} INFO - Sync 1 DAGs
[2023-11-20T21:55:43.361+0000] {logging_mixin.py:154} INFO - [2023-11-20T21:55:43.361+0000] {dag.py:3722} INFO - Setting next_dagrun for example_nested_branch_dag to 2023-11-19T00:00:00+00:00, run_after=2023-11-20T00:00:00+00:00
[2023-11-20T21:55:43.369+0000] {processor.py:179} INFO - Processing /home/airflow/.local/lib/python3.8/site-packages/airflow/example_dags/example_nested_branch_dag.py took 0.042 seconds
[2023-11-20T21:56:13.848+0000] {processor.py:157} INFO - Started process (PID=859) to work on /home/airflow/.local/lib/python3.8/site-packages/airflow/example_dags/example_nested_branch_dag.py
[2023-11-20T21:56:13.849+0000] {processor.py:829} INFO - Processing file /home/airflow/.local/lib/python3.8/site-packages/airflow/example_dags/example_nested_branch_dag.py for tasks to queue
[2023-11-20T21:56:13.850+0000] {logging_mixin.py:154} INFO - [2023-11-20T21:56:13.850+0000] {dagbag.py:536} INFO - Filling up the DagBag from /home/airflow/.local/lib/python3.8/site-packages/airflow/example_dags/example_nested_branch_dag.py
[2023-11-20T21:56:13.856+0000] {processor.py:839} INFO - DAG(s) dict_keys(['example_nested_branch_dag']) retrieved from /home/airflow/.local/lib/python3.8/site-packages/airflow/example_dags/example_nested_branch_dag.py
[2023-11-20T21:56:13.870+0000] {logging_mixin.py:154} INFO - [2023-11-20T21:56:13.870+0000] {dag.py:2941} INFO - Sync 1 DAGs
[2023-11-20T21:56:13.881+0000] {logging_mixin.py:154} INFO - [2023-11-20T21:56:13.881+0000] {dag.py:3722} INFO - Setting next_dagrun for example_nested_branch_dag to 2023-11-19T00:00:00+00:00, run_after=2023-11-20T00:00:00+00:00
[2023-11-20T21:56:13.889+0000] {processor.py:179} INFO - Processing /home/airflow/.local/lib/python3.8/site-packages/airflow/example_dags/example_nested_branch_dag.py took 0.043 seconds
[2023-11-20T21:56:44.222+0000] {processor.py:157} INFO - Started process (PID=913) to work on /home/airflow/.local/lib/python3.8/site-packages/airflow/example_dags/example_nested_branch_dag.py
[2023-11-20T21:56:44.222+0000] {processor.py:829} INFO - Processing file /home/airflow/.local/lib/python3.8/site-packages/airflow/example_dags/example_nested_branch_dag.py for tasks to queue
[2023-11-20T21:56:44.224+0000] {logging_mixin.py:154} INFO - [2023-11-20T21:56:44.223+0000] {dagbag.py:536} INFO - Filling up the DagBag from /home/airflow/.local/lib/python3.8/site-packages/airflow/example_dags/example_nested_branch_dag.py
[2023-11-20T21:56:44.229+0000] {processor.py:839} INFO - DAG(s) dict_keys(['example_nested_branch_dag']) retrieved from /home/airflow/.local/lib/python3.8/site-packages/airflow/example_dags/example_nested_branch_dag.py
[2023-11-20T21:56:44.242+0000] {logging_mixin.py:154} INFO - [2023-11-20T21:56:44.242+0000] {dag.py:2941} INFO - Sync 1 DAGs
[2023-11-20T21:56:44.253+0000] {logging_mixin.py:154} INFO - [2023-11-20T21:56:44.252+0000] {dag.py:3722} INFO - Setting next_dagrun for example_nested_branch_dag to 2023-11-19T00:00:00+00:00, run_after=2023-11-20T00:00:00+00:00
[2023-11-20T21:56:44.259+0000] {processor.py:179} INFO - Processing /home/airflow/.local/lib/python3.8/site-packages/airflow/example_dags/example_nested_branch_dag.py took 0.040 seconds
[2023-11-20T21:57:15.081+0000] {processor.py:157} INFO - Started process (PID=967) to work on /home/airflow/.local/lib/python3.8/site-packages/airflow/example_dags/example_nested_branch_dag.py
[2023-11-20T21:57:15.082+0000] {processor.py:829} INFO - Processing file /home/airflow/.local/lib/python3.8/site-packages/airflow/example_dags/example_nested_branch_dag.py for tasks to queue
[2023-11-20T21:57:15.084+0000] {logging_mixin.py:154} INFO - [2023-11-20T21:57:15.083+0000] {dagbag.py:536} INFO - Filling up the DagBag from /home/airflow/.local/lib/python3.8/site-packages/airflow/example_dags/example_nested_branch_dag.py
[2023-11-20T21:57:15.089+0000] {processor.py:839} INFO - DAG(s) dict_keys(['example_nested_branch_dag']) retrieved from /home/airflow/.local/lib/python3.8/site-packages/airflow/example_dags/example_nested_branch_dag.py
[2023-11-20T21:57:15.103+0000] {logging_mixin.py:154} INFO - [2023-11-20T21:57:15.103+0000] {dag.py:2941} INFO - Sync 1 DAGs
[2023-11-20T21:57:15.114+0000] {logging_mixin.py:154} INFO - [2023-11-20T21:57:15.114+0000] {dag.py:3722} INFO - Setting next_dagrun for example_nested_branch_dag to 2023-11-19T00:00:00+00:00, run_after=2023-11-20T00:00:00+00:00
[2023-11-20T21:57:15.125+0000] {processor.py:179} INFO - Processing /home/airflow/.local/lib/python3.8/site-packages/airflow/example_dags/example_nested_branch_dag.py took 0.046 seconds
[2023-11-20T21:57:45.444+0000] {processor.py:157} INFO - Started process (PID=1021) to work on /home/airflow/.local/lib/python3.8/site-packages/airflow/example_dags/example_nested_branch_dag.py
[2023-11-20T21:57:45.445+0000] {processor.py:829} INFO - Processing file /home/airflow/.local/lib/python3.8/site-packages/airflow/example_dags/example_nested_branch_dag.py for tasks to queue
[2023-11-20T21:57:45.446+0000] {logging_mixin.py:154} INFO - [2023-11-20T21:57:45.446+0000] {dagbag.py:536} INFO - Filling up the DagBag from /home/airflow/.local/lib/python3.8/site-packages/airflow/example_dags/example_nested_branch_dag.py
[2023-11-20T21:57:45.452+0000] {processor.py:839} INFO - DAG(s) dict_keys(['example_nested_branch_dag']) retrieved from /home/airflow/.local/lib/python3.8/site-packages/airflow/example_dags/example_nested_branch_dag.py
[2023-11-20T21:57:45.465+0000] {logging_mixin.py:154} INFO - [2023-11-20T21:57:45.465+0000] {dag.py:2941} INFO - Sync 1 DAGs
[2023-11-20T21:57:45.476+0000] {logging_mixin.py:154} INFO - [2023-11-20T21:57:45.476+0000] {dag.py:3722} INFO - Setting next_dagrun for example_nested_branch_dag to 2023-11-19T00:00:00+00:00, run_after=2023-11-20T00:00:00+00:00
[2023-11-20T21:57:45.484+0000] {processor.py:179} INFO - Processing /home/airflow/.local/lib/python3.8/site-packages/airflow/example_dags/example_nested_branch_dag.py took 0.043 seconds
[2023-11-20T21:58:16.058+0000] {processor.py:157} INFO - Started process (PID=1075) to work on /home/airflow/.local/lib/python3.8/site-packages/airflow/example_dags/example_nested_branch_dag.py
[2023-11-20T21:58:16.059+0000] {processor.py:829} INFO - Processing file /home/airflow/.local/lib/python3.8/site-packages/airflow/example_dags/example_nested_branch_dag.py for tasks to queue
[2023-11-20T21:58:16.061+0000] {logging_mixin.py:154} INFO - [2023-11-20T21:58:16.060+0000] {dagbag.py:536} INFO - Filling up the DagBag from /home/airflow/.local/lib/python3.8/site-packages/airflow/example_dags/example_nested_branch_dag.py
[2023-11-20T21:58:16.066+0000] {processor.py:839} INFO - DAG(s) dict_keys(['example_nested_branch_dag']) retrieved from /home/airflow/.local/lib/python3.8/site-packages/airflow/example_dags/example_nested_branch_dag.py
[2023-11-20T21:58:16.080+0000] {logging_mixin.py:154} INFO - [2023-11-20T21:58:16.080+0000] {dag.py:2941} INFO - Sync 1 DAGs
[2023-11-20T21:58:16.091+0000] {logging_mixin.py:154} INFO - [2023-11-20T21:58:16.090+0000] {dag.py:3722} INFO - Setting next_dagrun for example_nested_branch_dag to 2023-11-19T00:00:00+00:00, run_after=2023-11-20T00:00:00+00:00
[2023-11-20T21:58:16.099+0000] {processor.py:179} INFO - Processing /home/airflow/.local/lib/python3.8/site-packages/airflow/example_dags/example_nested_branch_dag.py took 0.042 seconds
