[2023-11-20T21:48:40.367+0000] {processor.py:157} INFO - Started process (PID=67) to work on /home/airflow/.local/lib/python3.8/site-packages/airflow/example_dags/example_skip_dag.py
[2023-11-20T21:48:40.371+0000] {processor.py:829} INFO - Processing file /home/airflow/.local/lib/python3.8/site-packages/airflow/example_dags/example_skip_dag.py for tasks to queue
[2023-11-20T21:48:40.387+0000] {logging_mixin.py:154} INFO - [2023-11-20T21:48:40.385+0000] {dagbag.py:536} INFO - Filling up the DagBag from /home/airflow/.local/lib/python3.8/site-packages/airflow/example_dags/example_skip_dag.py
[2023-11-20T21:48:40.417+0000] {processor.py:839} INFO - DAG(s) dict_keys(['example_skip_dag']) retrieved from /home/airflow/.local/lib/python3.8/site-packages/airflow/example_dags/example_skip_dag.py
[2023-11-20T21:48:40.469+0000] {logging_mixin.py:154} INFO - [2023-11-20T21:48:40.469+0000] {dag.py:2941} INFO - Sync 1 DAGs
[2023-11-20T21:48:40.488+0000] {logging_mixin.py:154} INFO - [2023-11-20T21:48:40.488+0000] {dag.py:3722} INFO - Setting next_dagrun for example_skip_dag to 2023-11-19T21:48:40.487682+00:00, run_after=2023-11-20T21:48:40.487682+00:00
[2023-11-20T21:48:40.505+0000] {processor.py:179} INFO - Processing /home/airflow/.local/lib/python3.8/site-packages/airflow/example_dags/example_skip_dag.py took 0.189 seconds
[2023-11-20T21:49:11.073+0000] {processor.py:157} INFO - Started process (PID=121) to work on /home/airflow/.local/lib/python3.8/site-packages/airflow/example_dags/example_skip_dag.py
[2023-11-20T21:49:11.074+0000] {processor.py:829} INFO - Processing file /home/airflow/.local/lib/python3.8/site-packages/airflow/example_dags/example_skip_dag.py for tasks to queue
[2023-11-20T21:49:11.075+0000] {logging_mixin.py:154} INFO - [2023-11-20T21:49:11.075+0000] {dagbag.py:536} INFO - Filling up the DagBag from /home/airflow/.local/lib/python3.8/site-packages/airflow/example_dags/example_skip_dag.py
[2023-11-20T21:49:11.079+0000] {processor.py:839} INFO - DAG(s) dict_keys(['example_skip_dag']) retrieved from /home/airflow/.local/lib/python3.8/site-packages/airflow/example_dags/example_skip_dag.py
[2023-11-20T21:49:11.093+0000] {logging_mixin.py:154} INFO - [2023-11-20T21:49:11.093+0000] {dag.py:2941} INFO - Sync 1 DAGs
[2023-11-20T21:49:11.104+0000] {logging_mixin.py:154} INFO - [2023-11-20T21:49:11.104+0000] {dag.py:3722} INFO - Setting next_dagrun for example_skip_dag to 2023-11-19T21:49:11.103873+00:00, run_after=2023-11-20T21:49:11.103873+00:00
[2023-11-20T21:49:11.111+0000] {processor.py:179} INFO - Processing /home/airflow/.local/lib/python3.8/site-packages/airflow/example_dags/example_skip_dag.py took 0.040 seconds
[2023-11-20T21:49:42.035+0000] {processor.py:157} INFO - Started process (PID=175) to work on /home/airflow/.local/lib/python3.8/site-packages/airflow/example_dags/example_skip_dag.py
[2023-11-20T21:49:42.036+0000] {processor.py:829} INFO - Processing file /home/airflow/.local/lib/python3.8/site-packages/airflow/example_dags/example_skip_dag.py for tasks to queue
[2023-11-20T21:49:42.038+0000] {logging_mixin.py:154} INFO - [2023-11-20T21:49:42.037+0000] {dagbag.py:536} INFO - Filling up the DagBag from /home/airflow/.local/lib/python3.8/site-packages/airflow/example_dags/example_skip_dag.py
[2023-11-20T21:49:42.041+0000] {processor.py:839} INFO - DAG(s) dict_keys(['example_skip_dag']) retrieved from /home/airflow/.local/lib/python3.8/site-packages/airflow/example_dags/example_skip_dag.py
[2023-11-20T21:49:42.055+0000] {logging_mixin.py:154} INFO - [2023-11-20T21:49:42.055+0000] {dag.py:2941} INFO - Sync 1 DAGs
[2023-11-20T21:49:42.066+0000] {logging_mixin.py:154} INFO - [2023-11-20T21:49:42.066+0000] {dag.py:3722} INFO - Setting next_dagrun for example_skip_dag to 2023-11-19T21:49:42.065852+00:00, run_after=2023-11-20T21:49:42.065852+00:00
[2023-11-20T21:49:42.074+0000] {processor.py:179} INFO - Processing /home/airflow/.local/lib/python3.8/site-packages/airflow/example_dags/example_skip_dag.py took 0.041 seconds
[2023-11-20T21:50:12.460+0000] {processor.py:157} INFO - Started process (PID=229) to work on /home/airflow/.local/lib/python3.8/site-packages/airflow/example_dags/example_skip_dag.py
[2023-11-20T21:50:12.461+0000] {processor.py:829} INFO - Processing file /home/airflow/.local/lib/python3.8/site-packages/airflow/example_dags/example_skip_dag.py for tasks to queue
[2023-11-20T21:50:12.462+0000] {logging_mixin.py:154} INFO - [2023-11-20T21:50:12.462+0000] {dagbag.py:536} INFO - Filling up the DagBag from /home/airflow/.local/lib/python3.8/site-packages/airflow/example_dags/example_skip_dag.py
[2023-11-20T21:50:12.466+0000] {processor.py:839} INFO - DAG(s) dict_keys(['example_skip_dag']) retrieved from /home/airflow/.local/lib/python3.8/site-packages/airflow/example_dags/example_skip_dag.py
[2023-11-20T21:50:12.480+0000] {logging_mixin.py:154} INFO - [2023-11-20T21:50:12.480+0000] {dag.py:2941} INFO - Sync 1 DAGs
[2023-11-20T21:50:12.490+0000] {logging_mixin.py:154} INFO - [2023-11-20T21:50:12.490+0000] {dag.py:3722} INFO - Setting next_dagrun for example_skip_dag to 2023-11-19T21:50:12.490606+00:00, run_after=2023-11-20T21:50:12.490606+00:00
[2023-11-20T21:50:12.499+0000] {processor.py:179} INFO - Processing /home/airflow/.local/lib/python3.8/site-packages/airflow/example_dags/example_skip_dag.py took 0.041 seconds
[2023-11-20T21:50:42.672+0000] {processor.py:157} INFO - Started process (PID=283) to work on /home/airflow/.local/lib/python3.8/site-packages/airflow/example_dags/example_skip_dag.py
[2023-11-20T21:50:42.672+0000] {processor.py:829} INFO - Processing file /home/airflow/.local/lib/python3.8/site-packages/airflow/example_dags/example_skip_dag.py for tasks to queue
[2023-11-20T21:50:42.674+0000] {logging_mixin.py:154} INFO - [2023-11-20T21:50:42.674+0000] {dagbag.py:536} INFO - Filling up the DagBag from /home/airflow/.local/lib/python3.8/site-packages/airflow/example_dags/example_skip_dag.py
[2023-11-20T21:50:42.678+0000] {processor.py:839} INFO - DAG(s) dict_keys(['example_skip_dag']) retrieved from /home/airflow/.local/lib/python3.8/site-packages/airflow/example_dags/example_skip_dag.py
[2023-11-20T21:50:42.691+0000] {logging_mixin.py:154} INFO - [2023-11-20T21:50:42.691+0000] {dag.py:2941} INFO - Sync 1 DAGs
[2023-11-20T21:50:42.703+0000] {logging_mixin.py:154} INFO - [2023-11-20T21:50:42.702+0000] {dag.py:3722} INFO - Setting next_dagrun for example_skip_dag to 2023-11-19T21:50:42.702745+00:00, run_after=2023-11-20T21:50:42.702745+00:00
[2023-11-20T21:50:42.711+0000] {processor.py:179} INFO - Processing /home/airflow/.local/lib/python3.8/site-packages/airflow/example_dags/example_skip_dag.py took 0.042 seconds
[2023-11-20T21:51:12.827+0000] {processor.py:157} INFO - Started process (PID=337) to work on /home/airflow/.local/lib/python3.8/site-packages/airflow/example_dags/example_skip_dag.py
[2023-11-20T21:51:12.827+0000] {processor.py:829} INFO - Processing file /home/airflow/.local/lib/python3.8/site-packages/airflow/example_dags/example_skip_dag.py for tasks to queue
[2023-11-20T21:51:12.829+0000] {logging_mixin.py:154} INFO - [2023-11-20T21:51:12.828+0000] {dagbag.py:536} INFO - Filling up the DagBag from /home/airflow/.local/lib/python3.8/site-packages/airflow/example_dags/example_skip_dag.py
[2023-11-20T21:51:12.832+0000] {processor.py:839} INFO - DAG(s) dict_keys(['example_skip_dag']) retrieved from /home/airflow/.local/lib/python3.8/site-packages/airflow/example_dags/example_skip_dag.py
[2023-11-20T21:51:12.846+0000] {logging_mixin.py:154} INFO - [2023-11-20T21:51:12.846+0000] {dag.py:2941} INFO - Sync 1 DAGs
[2023-11-20T21:51:12.857+0000] {logging_mixin.py:154} INFO - [2023-11-20T21:51:12.857+0000] {dag.py:3722} INFO - Setting next_dagrun for example_skip_dag to 2023-11-19T21:51:12.857313+00:00, run_after=2023-11-20T21:51:12.857313+00:00
[2023-11-20T21:51:12.866+0000] {processor.py:179} INFO - Processing /home/airflow/.local/lib/python3.8/site-packages/airflow/example_dags/example_skip_dag.py took 0.042 seconds
[2023-11-20T21:51:43.309+0000] {processor.py:157} INFO - Started process (PID=391) to work on /home/airflow/.local/lib/python3.8/site-packages/airflow/example_dags/example_skip_dag.py
[2023-11-20T21:51:43.310+0000] {processor.py:829} INFO - Processing file /home/airflow/.local/lib/python3.8/site-packages/airflow/example_dags/example_skip_dag.py for tasks to queue
[2023-11-20T21:51:43.311+0000] {logging_mixin.py:154} INFO - [2023-11-20T21:51:43.311+0000] {dagbag.py:536} INFO - Filling up the DagBag from /home/airflow/.local/lib/python3.8/site-packages/airflow/example_dags/example_skip_dag.py
[2023-11-20T21:51:43.315+0000] {processor.py:839} INFO - DAG(s) dict_keys(['example_skip_dag']) retrieved from /home/airflow/.local/lib/python3.8/site-packages/airflow/example_dags/example_skip_dag.py
[2023-11-20T21:51:43.328+0000] {logging_mixin.py:154} INFO - [2023-11-20T21:51:43.328+0000] {dag.py:2941} INFO - Sync 1 DAGs
[2023-11-20T21:51:43.339+0000] {logging_mixin.py:154} INFO - [2023-11-20T21:51:43.339+0000] {dag.py:3722} INFO - Setting next_dagrun for example_skip_dag to 2023-11-19T21:51:43.339323+00:00, run_after=2023-11-20T21:51:43.339323+00:00
[2023-11-20T21:51:43.348+0000] {processor.py:179} INFO - Processing /home/airflow/.local/lib/python3.8/site-packages/airflow/example_dags/example_skip_dag.py took 0.040 seconds
[2023-11-20T21:52:13.505+0000] {processor.py:157} INFO - Started process (PID=445) to work on /home/airflow/.local/lib/python3.8/site-packages/airflow/example_dags/example_skip_dag.py
[2023-11-20T21:52:13.506+0000] {processor.py:829} INFO - Processing file /home/airflow/.local/lib/python3.8/site-packages/airflow/example_dags/example_skip_dag.py for tasks to queue
[2023-11-20T21:52:13.508+0000] {logging_mixin.py:154} INFO - [2023-11-20T21:52:13.508+0000] {dagbag.py:536} INFO - Filling up the DagBag from /home/airflow/.local/lib/python3.8/site-packages/airflow/example_dags/example_skip_dag.py
[2023-11-20T21:52:13.514+0000] {processor.py:839} INFO - DAG(s) dict_keys(['example_skip_dag']) retrieved from /home/airflow/.local/lib/python3.8/site-packages/airflow/example_dags/example_skip_dag.py
[2023-11-20T21:52:13.532+0000] {logging_mixin.py:154} INFO - [2023-11-20T21:52:13.532+0000] {dag.py:2941} INFO - Sync 1 DAGs
[2023-11-20T21:52:13.545+0000] {logging_mixin.py:154} INFO - [2023-11-20T21:52:13.545+0000] {dag.py:3722} INFO - Setting next_dagrun for example_skip_dag to 2023-11-19T21:52:13.545119+00:00, run_after=2023-11-20T21:52:13.545119+00:00
[2023-11-20T21:52:13.554+0000] {processor.py:179} INFO - Processing /home/airflow/.local/lib/python3.8/site-packages/airflow/example_dags/example_skip_dag.py took 0.051 seconds
[2023-11-20T21:52:43.739+0000] {processor.py:157} INFO - Started process (PID=499) to work on /home/airflow/.local/lib/python3.8/site-packages/airflow/example_dags/example_skip_dag.py
[2023-11-20T21:52:43.740+0000] {processor.py:829} INFO - Processing file /home/airflow/.local/lib/python3.8/site-packages/airflow/example_dags/example_skip_dag.py for tasks to queue
[2023-11-20T21:52:43.741+0000] {logging_mixin.py:154} INFO - [2023-11-20T21:52:43.741+0000] {dagbag.py:536} INFO - Filling up the DagBag from /home/airflow/.local/lib/python3.8/site-packages/airflow/example_dags/example_skip_dag.py
[2023-11-20T21:52:43.745+0000] {processor.py:839} INFO - DAG(s) dict_keys(['example_skip_dag']) retrieved from /home/airflow/.local/lib/python3.8/site-packages/airflow/example_dags/example_skip_dag.py
[2023-11-20T21:52:43.758+0000] {logging_mixin.py:154} INFO - [2023-11-20T21:52:43.758+0000] {dag.py:2941} INFO - Sync 1 DAGs
[2023-11-20T21:52:43.767+0000] {logging_mixin.py:154} INFO - [2023-11-20T21:52:43.767+0000] {dag.py:3722} INFO - Setting next_dagrun for example_skip_dag to 2023-11-19T21:52:43.767682+00:00, run_after=2023-11-20T21:52:43.767682+00:00
[2023-11-20T21:52:43.775+0000] {processor.py:179} INFO - Processing /home/airflow/.local/lib/python3.8/site-packages/airflow/example_dags/example_skip_dag.py took 0.038 seconds
[2023-11-20T21:53:14.341+0000] {processor.py:157} INFO - Started process (PID=553) to work on /home/airflow/.local/lib/python3.8/site-packages/airflow/example_dags/example_skip_dag.py
[2023-11-20T21:53:14.342+0000] {processor.py:829} INFO - Processing file /home/airflow/.local/lib/python3.8/site-packages/airflow/example_dags/example_skip_dag.py for tasks to queue
[2023-11-20T21:53:14.343+0000] {logging_mixin.py:154} INFO - [2023-11-20T21:53:14.343+0000] {dagbag.py:536} INFO - Filling up the DagBag from /home/airflow/.local/lib/python3.8/site-packages/airflow/example_dags/example_skip_dag.py
[2023-11-20T21:53:14.348+0000] {processor.py:839} INFO - DAG(s) dict_keys(['example_skip_dag']) retrieved from /home/airflow/.local/lib/python3.8/site-packages/airflow/example_dags/example_skip_dag.py
[2023-11-20T21:53:14.367+0000] {logging_mixin.py:154} INFO - [2023-11-20T21:53:14.366+0000] {dag.py:2941} INFO - Sync 1 DAGs
[2023-11-20T21:53:14.381+0000] {logging_mixin.py:154} INFO - [2023-11-20T21:53:14.381+0000] {dag.py:3722} INFO - Setting next_dagrun for example_skip_dag to 2023-11-19T21:53:14.380905+00:00, run_after=2023-11-20T21:53:14.380905+00:00
[2023-11-20T21:53:14.391+0000] {processor.py:179} INFO - Processing /home/airflow/.local/lib/python3.8/site-packages/airflow/example_dags/example_skip_dag.py took 0.053 seconds
[2023-11-20T21:53:44.589+0000] {processor.py:157} INFO - Started process (PID=607) to work on /home/airflow/.local/lib/python3.8/site-packages/airflow/example_dags/example_skip_dag.py
[2023-11-20T21:53:44.590+0000] {processor.py:829} INFO - Processing file /home/airflow/.local/lib/python3.8/site-packages/airflow/example_dags/example_skip_dag.py for tasks to queue
[2023-11-20T21:53:44.592+0000] {logging_mixin.py:154} INFO - [2023-11-20T21:53:44.591+0000] {dagbag.py:536} INFO - Filling up the DagBag from /home/airflow/.local/lib/python3.8/site-packages/airflow/example_dags/example_skip_dag.py
[2023-11-20T21:53:44.595+0000] {processor.py:839} INFO - DAG(s) dict_keys(['example_skip_dag']) retrieved from /home/airflow/.local/lib/python3.8/site-packages/airflow/example_dags/example_skip_dag.py
[2023-11-20T21:53:44.609+0000] {logging_mixin.py:154} INFO - [2023-11-20T21:53:44.609+0000] {dag.py:2941} INFO - Sync 1 DAGs
[2023-11-20T21:53:44.620+0000] {logging_mixin.py:154} INFO - [2023-11-20T21:53:44.620+0000] {dag.py:3722} INFO - Setting next_dagrun for example_skip_dag to 2023-11-19T21:53:44.620654+00:00, run_after=2023-11-20T21:53:44.620654+00:00
[2023-11-20T21:53:44.629+0000] {processor.py:179} INFO - Processing /home/airflow/.local/lib/python3.8/site-packages/airflow/example_dags/example_skip_dag.py took 0.042 seconds
[2023-11-20T21:54:14.764+0000] {processor.py:157} INFO - Started process (PID=661) to work on /home/airflow/.local/lib/python3.8/site-packages/airflow/example_dags/example_skip_dag.py
[2023-11-20T21:54:14.765+0000] {processor.py:829} INFO - Processing file /home/airflow/.local/lib/python3.8/site-packages/airflow/example_dags/example_skip_dag.py for tasks to queue
[2023-11-20T21:54:14.766+0000] {logging_mixin.py:154} INFO - [2023-11-20T21:54:14.766+0000] {dagbag.py:536} INFO - Filling up the DagBag from /home/airflow/.local/lib/python3.8/site-packages/airflow/example_dags/example_skip_dag.py
[2023-11-20T21:54:14.770+0000] {processor.py:839} INFO - DAG(s) dict_keys(['example_skip_dag']) retrieved from /home/airflow/.local/lib/python3.8/site-packages/airflow/example_dags/example_skip_dag.py
[2023-11-20T21:54:14.784+0000] {logging_mixin.py:154} INFO - [2023-11-20T21:54:14.784+0000] {dag.py:2941} INFO - Sync 1 DAGs
[2023-11-20T21:54:14.795+0000] {logging_mixin.py:154} INFO - [2023-11-20T21:54:14.795+0000] {dag.py:3722} INFO - Setting next_dagrun for example_skip_dag to 2023-11-19T21:54:14.795164+00:00, run_after=2023-11-20T21:54:14.795164+00:00
[2023-11-20T21:54:14.805+0000] {processor.py:179} INFO - Processing /home/airflow/.local/lib/python3.8/site-packages/airflow/example_dags/example_skip_dag.py took 0.042 seconds
[2023-11-20T21:54:45.423+0000] {processor.py:157} INFO - Started process (PID=715) to work on /home/airflow/.local/lib/python3.8/site-packages/airflow/example_dags/example_skip_dag.py
[2023-11-20T21:54:45.424+0000] {processor.py:829} INFO - Processing file /home/airflow/.local/lib/python3.8/site-packages/airflow/example_dags/example_skip_dag.py for tasks to queue
[2023-11-20T21:54:45.425+0000] {logging_mixin.py:154} INFO - [2023-11-20T21:54:45.425+0000] {dagbag.py:536} INFO - Filling up the DagBag from /home/airflow/.local/lib/python3.8/site-packages/airflow/example_dags/example_skip_dag.py
[2023-11-20T21:54:45.429+0000] {processor.py:839} INFO - DAG(s) dict_keys(['example_skip_dag']) retrieved from /home/airflow/.local/lib/python3.8/site-packages/airflow/example_dags/example_skip_dag.py
[2023-11-20T21:54:45.444+0000] {logging_mixin.py:154} INFO - [2023-11-20T21:54:45.444+0000] {dag.py:2941} INFO - Sync 1 DAGs
[2023-11-20T21:54:45.455+0000] {logging_mixin.py:154} INFO - [2023-11-20T21:54:45.455+0000] {dag.py:3722} INFO - Setting next_dagrun for example_skip_dag to 2023-11-19T21:54:45.455606+00:00, run_after=2023-11-20T21:54:45.455606+00:00
[2023-11-20T21:54:45.464+0000] {processor.py:179} INFO - Processing /home/airflow/.local/lib/python3.8/site-packages/airflow/example_dags/example_skip_dag.py took 0.043 seconds
[2023-11-20T21:55:16.453+0000] {processor.py:157} INFO - Started process (PID=769) to work on /home/airflow/.local/lib/python3.8/site-packages/airflow/example_dags/example_skip_dag.py
[2023-11-20T21:55:16.453+0000] {processor.py:829} INFO - Processing file /home/airflow/.local/lib/python3.8/site-packages/airflow/example_dags/example_skip_dag.py for tasks to queue
[2023-11-20T21:55:16.455+0000] {logging_mixin.py:154} INFO - [2023-11-20T21:55:16.455+0000] {dagbag.py:536} INFO - Filling up the DagBag from /home/airflow/.local/lib/python3.8/site-packages/airflow/example_dags/example_skip_dag.py
[2023-11-20T21:55:16.459+0000] {processor.py:839} INFO - DAG(s) dict_keys(['example_skip_dag']) retrieved from /home/airflow/.local/lib/python3.8/site-packages/airflow/example_dags/example_skip_dag.py
[2023-11-20T21:55:16.472+0000] {logging_mixin.py:154} INFO - [2023-11-20T21:55:16.472+0000] {dag.py:2941} INFO - Sync 1 DAGs
[2023-11-20T21:55:16.483+0000] {logging_mixin.py:154} INFO - [2023-11-20T21:55:16.483+0000] {dag.py:3722} INFO - Setting next_dagrun for example_skip_dag to 2023-11-19T21:55:16.483133+00:00, run_after=2023-11-20T21:55:16.483133+00:00
[2023-11-20T21:55:16.491+0000] {processor.py:179} INFO - Processing /home/airflow/.local/lib/python3.8/site-packages/airflow/example_dags/example_skip_dag.py took 0.041 seconds
[2023-11-20T21:55:47.084+0000] {processor.py:157} INFO - Started process (PID=823) to work on /home/airflow/.local/lib/python3.8/site-packages/airflow/example_dags/example_skip_dag.py
[2023-11-20T21:55:47.085+0000] {processor.py:829} INFO - Processing file /home/airflow/.local/lib/python3.8/site-packages/airflow/example_dags/example_skip_dag.py for tasks to queue
[2023-11-20T21:55:47.086+0000] {logging_mixin.py:154} INFO - [2023-11-20T21:55:47.086+0000] {dagbag.py:536} INFO - Filling up the DagBag from /home/airflow/.local/lib/python3.8/site-packages/airflow/example_dags/example_skip_dag.py
[2023-11-20T21:55:47.090+0000] {processor.py:839} INFO - DAG(s) dict_keys(['example_skip_dag']) retrieved from /home/airflow/.local/lib/python3.8/site-packages/airflow/example_dags/example_skip_dag.py
[2023-11-20T21:55:47.104+0000] {logging_mixin.py:154} INFO - [2023-11-20T21:55:47.104+0000] {dag.py:2941} INFO - Sync 1 DAGs
[2023-11-20T21:55:47.115+0000] {logging_mixin.py:154} INFO - [2023-11-20T21:55:47.115+0000] {dag.py:3722} INFO - Setting next_dagrun for example_skip_dag to 2023-11-19T21:55:47.115254+00:00, run_after=2023-11-20T21:55:47.115254+00:00
[2023-11-20T21:55:47.123+0000] {processor.py:179} INFO - Processing /home/airflow/.local/lib/python3.8/site-packages/airflow/example_dags/example_skip_dag.py took 0.042 seconds
[2023-11-20T21:56:17.726+0000] {processor.py:157} INFO - Started process (PID=877) to work on /home/airflow/.local/lib/python3.8/site-packages/airflow/example_dags/example_skip_dag.py
[2023-11-20T21:56:17.727+0000] {processor.py:829} INFO - Processing file /home/airflow/.local/lib/python3.8/site-packages/airflow/example_dags/example_skip_dag.py for tasks to queue
[2023-11-20T21:56:17.728+0000] {logging_mixin.py:154} INFO - [2023-11-20T21:56:17.728+0000] {dagbag.py:536} INFO - Filling up the DagBag from /home/airflow/.local/lib/python3.8/site-packages/airflow/example_dags/example_skip_dag.py
[2023-11-20T21:56:17.732+0000] {processor.py:839} INFO - DAG(s) dict_keys(['example_skip_dag']) retrieved from /home/airflow/.local/lib/python3.8/site-packages/airflow/example_dags/example_skip_dag.py
[2023-11-20T21:56:17.748+0000] {logging_mixin.py:154} INFO - [2023-11-20T21:56:17.747+0000] {dag.py:2941} INFO - Sync 1 DAGs
[2023-11-20T21:56:17.762+0000] {logging_mixin.py:154} INFO - [2023-11-20T21:56:17.761+0000] {dag.py:3722} INFO - Setting next_dagrun for example_skip_dag to 2023-11-19T21:56:17.761739+00:00, run_after=2023-11-20T21:56:17.761739+00:00
[2023-11-20T21:56:17.772+0000] {processor.py:179} INFO - Processing /home/airflow/.local/lib/python3.8/site-packages/airflow/example_dags/example_skip_dag.py took 0.048 seconds
[2023-11-20T21:56:47.987+0000] {processor.py:157} INFO - Started process (PID=931) to work on /home/airflow/.local/lib/python3.8/site-packages/airflow/example_dags/example_skip_dag.py
[2023-11-20T21:56:47.988+0000] {processor.py:829} INFO - Processing file /home/airflow/.local/lib/python3.8/site-packages/airflow/example_dags/example_skip_dag.py for tasks to queue
[2023-11-20T21:56:47.989+0000] {logging_mixin.py:154} INFO - [2023-11-20T21:56:47.989+0000] {dagbag.py:536} INFO - Filling up the DagBag from /home/airflow/.local/lib/python3.8/site-packages/airflow/example_dags/example_skip_dag.py
[2023-11-20T21:56:47.994+0000] {processor.py:839} INFO - DAG(s) dict_keys(['example_skip_dag']) retrieved from /home/airflow/.local/lib/python3.8/site-packages/airflow/example_dags/example_skip_dag.py
[2023-11-20T21:56:48.009+0000] {logging_mixin.py:154} INFO - [2023-11-20T21:56:48.009+0000] {dag.py:2941} INFO - Sync 1 DAGs
[2023-11-20T21:56:48.021+0000] {logging_mixin.py:154} INFO - [2023-11-20T21:56:48.021+0000] {dag.py:3722} INFO - Setting next_dagrun for example_skip_dag to 2023-11-19T21:56:48.021232+00:00, run_after=2023-11-20T21:56:48.021232+00:00
[2023-11-20T21:56:48.030+0000] {processor.py:179} INFO - Processing /home/airflow/.local/lib/python3.8/site-packages/airflow/example_dags/example_skip_dag.py took 0.045 seconds
[2023-11-20T21:57:18.780+0000] {processor.py:157} INFO - Started process (PID=985) to work on /home/airflow/.local/lib/python3.8/site-packages/airflow/example_dags/example_skip_dag.py
[2023-11-20T21:57:18.781+0000] {processor.py:829} INFO - Processing file /home/airflow/.local/lib/python3.8/site-packages/airflow/example_dags/example_skip_dag.py for tasks to queue
[2023-11-20T21:57:18.782+0000] {logging_mixin.py:154} INFO - [2023-11-20T21:57:18.782+0000] {dagbag.py:536} INFO - Filling up the DagBag from /home/airflow/.local/lib/python3.8/site-packages/airflow/example_dags/example_skip_dag.py
[2023-11-20T21:57:18.786+0000] {processor.py:839} INFO - DAG(s) dict_keys(['example_skip_dag']) retrieved from /home/airflow/.local/lib/python3.8/site-packages/airflow/example_dags/example_skip_dag.py
[2023-11-20T21:57:18.801+0000] {logging_mixin.py:154} INFO - [2023-11-20T21:57:18.801+0000] {dag.py:2941} INFO - Sync 1 DAGs
[2023-11-20T21:57:18.812+0000] {logging_mixin.py:154} INFO - [2023-11-20T21:57:18.812+0000] {dag.py:3722} INFO - Setting next_dagrun for example_skip_dag to 2023-11-19T21:57:18.812666+00:00, run_after=2023-11-20T21:57:18.812666+00:00
[2023-11-20T21:57:18.824+0000] {processor.py:179} INFO - Processing /home/airflow/.local/lib/python3.8/site-packages/airflow/example_dags/example_skip_dag.py took 0.046 seconds
[2023-11-20T21:57:49.507+0000] {processor.py:157} INFO - Started process (PID=1039) to work on /home/airflow/.local/lib/python3.8/site-packages/airflow/example_dags/example_skip_dag.py
[2023-11-20T21:57:49.512+0000] {processor.py:829} INFO - Processing file /home/airflow/.local/lib/python3.8/site-packages/airflow/example_dags/example_skip_dag.py for tasks to queue
[2023-11-20T21:57:49.515+0000] {logging_mixin.py:154} INFO - [2023-11-20T21:57:49.515+0000] {dagbag.py:536} INFO - Filling up the DagBag from /home/airflow/.local/lib/python3.8/site-packages/airflow/example_dags/example_skip_dag.py
[2023-11-20T21:57:49.532+0000] {processor.py:839} INFO - DAG(s) dict_keys(['example_skip_dag']) retrieved from /home/airflow/.local/lib/python3.8/site-packages/airflow/example_dags/example_skip_dag.py
[2023-11-20T21:57:49.571+0000] {logging_mixin.py:154} INFO - [2023-11-20T21:57:49.570+0000] {dag.py:2941} INFO - Sync 1 DAGs
[2023-11-20T21:57:49.590+0000] {logging_mixin.py:154} INFO - [2023-11-20T21:57:49.590+0000] {dag.py:3722} INFO - Setting next_dagrun for example_skip_dag to 2023-11-19T21:57:49.590002+00:00, run_after=2023-11-20T21:57:49.590002+00:00
[2023-11-20T21:57:49.601+0000] {processor.py:179} INFO - Processing /home/airflow/.local/lib/python3.8/site-packages/airflow/example_dags/example_skip_dag.py took 0.099 seconds
[2023-11-20T21:58:19.797+0000] {processor.py:157} INFO - Started process (PID=1093) to work on /home/airflow/.local/lib/python3.8/site-packages/airflow/example_dags/example_skip_dag.py
[2023-11-20T21:58:19.797+0000] {processor.py:829} INFO - Processing file /home/airflow/.local/lib/python3.8/site-packages/airflow/example_dags/example_skip_dag.py for tasks to queue
[2023-11-20T21:58:19.799+0000] {logging_mixin.py:154} INFO - [2023-11-20T21:58:19.799+0000] {dagbag.py:536} INFO - Filling up the DagBag from /home/airflow/.local/lib/python3.8/site-packages/airflow/example_dags/example_skip_dag.py
[2023-11-20T21:58:19.803+0000] {processor.py:839} INFO - DAG(s) dict_keys(['example_skip_dag']) retrieved from /home/airflow/.local/lib/python3.8/site-packages/airflow/example_dags/example_skip_dag.py
[2023-11-20T21:58:19.816+0000] {logging_mixin.py:154} INFO - [2023-11-20T21:58:19.816+0000] {dag.py:2941} INFO - Sync 1 DAGs
[2023-11-20T21:58:19.827+0000] {logging_mixin.py:154} INFO - [2023-11-20T21:58:19.827+0000] {dag.py:3722} INFO - Setting next_dagrun for example_skip_dag to 2023-11-19T21:58:19.827042+00:00, run_after=2023-11-20T21:58:19.827042+00:00
[2023-11-20T21:58:19.836+0000] {processor.py:179} INFO - Processing /home/airflow/.local/lib/python3.8/site-packages/airflow/example_dags/example_skip_dag.py took 0.041 seconds
