[2023-11-20T21:48:37.431+0000] {processor.py:157} INFO - Started process (PID=38) to work on /home/airflow/.local/lib/python3.8/site-packages/airflow/example_dags/example_external_task_marker_dag.py
[2023-11-20T21:48:37.433+0000] {processor.py:829} INFO - Processing file /home/airflow/.local/lib/python3.8/site-packages/airflow/example_dags/example_external_task_marker_dag.py for tasks to queue
[2023-11-20T21:48:37.436+0000] {logging_mixin.py:154} INFO - [2023-11-20T21:48:37.436+0000] {dagbag.py:536} INFO - Filling up the DagBag from /home/airflow/.local/lib/python3.8/site-packages/airflow/example_dags/example_external_task_marker_dag.py
[2023-11-20T21:48:37.445+0000] {processor.py:839} INFO - DAG(s) dict_keys(['example_external_task_marker_child', 'example_external_task_marker_parent']) retrieved from /home/airflow/.local/lib/python3.8/site-packages/airflow/example_dags/example_external_task_marker_dag.py
[2023-11-20T21:48:37.459+0000] {logging_mixin.py:154} INFO - [2023-11-20T21:48:37.459+0000] {dag.py:2941} INFO - Sync 2 DAGs
[2023-11-20T21:48:37.469+0000] {logging_mixin.py:154} INFO - [2023-11-20T21:48:37.469+0000] {dag.py:3722} INFO - Setting next_dagrun for example_external_task_marker_child to None, run_after=None
[2023-11-20T21:48:37.472+0000] {logging_mixin.py:154} INFO - [2023-11-20T21:48:37.471+0000] {dag.py:3722} INFO - Setting next_dagrun for example_external_task_marker_parent to None, run_after=None
[2023-11-20T21:48:37.482+0000] {processor.py:179} INFO - Processing /home/airflow/.local/lib/python3.8/site-packages/airflow/example_dags/example_external_task_marker_dag.py took 0.054 seconds
[2023-11-20T21:49:07.744+0000] {processor.py:157} INFO - Started process (PID=92) to work on /home/airflow/.local/lib/python3.8/site-packages/airflow/example_dags/example_external_task_marker_dag.py
[2023-11-20T21:49:07.745+0000] {processor.py:829} INFO - Processing file /home/airflow/.local/lib/python3.8/site-packages/airflow/example_dags/example_external_task_marker_dag.py for tasks to queue
[2023-11-20T21:49:07.746+0000] {logging_mixin.py:154} INFO - [2023-11-20T21:49:07.746+0000] {dagbag.py:536} INFO - Filling up the DagBag from /home/airflow/.local/lib/python3.8/site-packages/airflow/example_dags/example_external_task_marker_dag.py
[2023-11-20T21:49:07.750+0000] {processor.py:839} INFO - DAG(s) dict_keys(['example_external_task_marker_parent', 'example_external_task_marker_child']) retrieved from /home/airflow/.local/lib/python3.8/site-packages/airflow/example_dags/example_external_task_marker_dag.py
[2023-11-20T21:49:07.764+0000] {logging_mixin.py:154} INFO - [2023-11-20T21:49:07.764+0000] {dag.py:2941} INFO - Sync 2 DAGs
[2023-11-20T21:49:07.770+0000] {logging_mixin.py:154} INFO - [2023-11-20T21:49:07.770+0000] {dag.py:3722} INFO - Setting next_dagrun for example_external_task_marker_child to None, run_after=None
[2023-11-20T21:49:07.771+0000] {logging_mixin.py:154} INFO - [2023-11-20T21:49:07.771+0000] {dag.py:3722} INFO - Setting next_dagrun for example_external_task_marker_parent to None, run_after=None
[2023-11-20T21:49:07.782+0000] {processor.py:179} INFO - Processing /home/airflow/.local/lib/python3.8/site-packages/airflow/example_dags/example_external_task_marker_dag.py took 0.041 seconds
[2023-11-20T21:49:37.886+0000] {processor.py:157} INFO - Started process (PID=146) to work on /home/airflow/.local/lib/python3.8/site-packages/airflow/example_dags/example_external_task_marker_dag.py
[2023-11-20T21:49:37.886+0000] {processor.py:829} INFO - Processing file /home/airflow/.local/lib/python3.8/site-packages/airflow/example_dags/example_external_task_marker_dag.py for tasks to queue
[2023-11-20T21:49:37.888+0000] {logging_mixin.py:154} INFO - [2023-11-20T21:49:37.888+0000] {dagbag.py:536} INFO - Filling up the DagBag from /home/airflow/.local/lib/python3.8/site-packages/airflow/example_dags/example_external_task_marker_dag.py
[2023-11-20T21:49:37.892+0000] {processor.py:839} INFO - DAG(s) dict_keys(['example_external_task_marker_parent', 'example_external_task_marker_child']) retrieved from /home/airflow/.local/lib/python3.8/site-packages/airflow/example_dags/example_external_task_marker_dag.py
[2023-11-20T21:49:37.907+0000] {logging_mixin.py:154} INFO - [2023-11-20T21:49:37.907+0000] {dag.py:2941} INFO - Sync 2 DAGs
[2023-11-20T21:49:37.913+0000] {logging_mixin.py:154} INFO - [2023-11-20T21:49:37.913+0000] {dag.py:3722} INFO - Setting next_dagrun for example_external_task_marker_child to None, run_after=None
[2023-11-20T21:49:37.915+0000] {logging_mixin.py:154} INFO - [2023-11-20T21:49:37.914+0000] {dag.py:3722} INFO - Setting next_dagrun for example_external_task_marker_parent to None, run_after=None
[2023-11-20T21:49:37.921+0000] {processor.py:179} INFO - Processing /home/airflow/.local/lib/python3.8/site-packages/airflow/example_dags/example_external_task_marker_dag.py took 0.038 seconds
[2023-11-20T21:50:08.194+0000] {processor.py:157} INFO - Started process (PID=200) to work on /home/airflow/.local/lib/python3.8/site-packages/airflow/example_dags/example_external_task_marker_dag.py
[2023-11-20T21:50:08.195+0000] {processor.py:829} INFO - Processing file /home/airflow/.local/lib/python3.8/site-packages/airflow/example_dags/example_external_task_marker_dag.py for tasks to queue
[2023-11-20T21:50:08.197+0000] {logging_mixin.py:154} INFO - [2023-11-20T21:50:08.196+0000] {dagbag.py:536} INFO - Filling up the DagBag from /home/airflow/.local/lib/python3.8/site-packages/airflow/example_dags/example_external_task_marker_dag.py
[2023-11-20T21:50:08.200+0000] {processor.py:839} INFO - DAG(s) dict_keys(['example_external_task_marker_child', 'example_external_task_marker_parent']) retrieved from /home/airflow/.local/lib/python3.8/site-packages/airflow/example_dags/example_external_task_marker_dag.py
[2023-11-20T21:50:08.216+0000] {logging_mixin.py:154} INFO - [2023-11-20T21:50:08.216+0000] {dag.py:2941} INFO - Sync 2 DAGs
[2023-11-20T21:50:08.223+0000] {logging_mixin.py:154} INFO - [2023-11-20T21:50:08.223+0000] {dag.py:3722} INFO - Setting next_dagrun for example_external_task_marker_child to None, run_after=None
[2023-11-20T21:50:08.224+0000] {logging_mixin.py:154} INFO - [2023-11-20T21:50:08.224+0000] {dag.py:3722} INFO - Setting next_dagrun for example_external_task_marker_parent to None, run_after=None
[2023-11-20T21:50:08.233+0000] {processor.py:179} INFO - Processing /home/airflow/.local/lib/python3.8/site-packages/airflow/example_dags/example_external_task_marker_dag.py took 0.040 seconds
[2023-11-20T21:50:38.622+0000] {processor.py:157} INFO - Started process (PID=254) to work on /home/airflow/.local/lib/python3.8/site-packages/airflow/example_dags/example_external_task_marker_dag.py
[2023-11-20T21:50:38.623+0000] {processor.py:829} INFO - Processing file /home/airflow/.local/lib/python3.8/site-packages/airflow/example_dags/example_external_task_marker_dag.py for tasks to queue
[2023-11-20T21:50:38.625+0000] {logging_mixin.py:154} INFO - [2023-11-20T21:50:38.624+0000] {dagbag.py:536} INFO - Filling up the DagBag from /home/airflow/.local/lib/python3.8/site-packages/airflow/example_dags/example_external_task_marker_dag.py
[2023-11-20T21:50:38.631+0000] {processor.py:839} INFO - DAG(s) dict_keys(['example_external_task_marker_child', 'example_external_task_marker_parent']) retrieved from /home/airflow/.local/lib/python3.8/site-packages/airflow/example_dags/example_external_task_marker_dag.py
[2023-11-20T21:50:38.650+0000] {logging_mixin.py:154} INFO - [2023-11-20T21:50:38.650+0000] {dag.py:2941} INFO - Sync 2 DAGs
[2023-11-20T21:50:38.658+0000] {logging_mixin.py:154} INFO - [2023-11-20T21:50:38.657+0000] {dag.py:3722} INFO - Setting next_dagrun for example_external_task_marker_child to None, run_after=None
[2023-11-20T21:50:38.659+0000] {logging_mixin.py:154} INFO - [2023-11-20T21:50:38.659+0000] {dag.py:3722} INFO - Setting next_dagrun for example_external_task_marker_parent to None, run_after=None
[2023-11-20T21:50:38.667+0000] {processor.py:179} INFO - Processing /home/airflow/.local/lib/python3.8/site-packages/airflow/example_dags/example_external_task_marker_dag.py took 0.049 seconds
[2023-11-20T21:51:08.833+0000] {processor.py:157} INFO - Started process (PID=308) to work on /home/airflow/.local/lib/python3.8/site-packages/airflow/example_dags/example_external_task_marker_dag.py
[2023-11-20T21:51:08.834+0000] {processor.py:829} INFO - Processing file /home/airflow/.local/lib/python3.8/site-packages/airflow/example_dags/example_external_task_marker_dag.py for tasks to queue
[2023-11-20T21:51:08.835+0000] {logging_mixin.py:154} INFO - [2023-11-20T21:51:08.835+0000] {dagbag.py:536} INFO - Filling up the DagBag from /home/airflow/.local/lib/python3.8/site-packages/airflow/example_dags/example_external_task_marker_dag.py
[2023-11-20T21:51:08.839+0000] {processor.py:839} INFO - DAG(s) dict_keys(['example_external_task_marker_child', 'example_external_task_marker_parent']) retrieved from /home/airflow/.local/lib/python3.8/site-packages/airflow/example_dags/example_external_task_marker_dag.py
[2023-11-20T21:51:08.856+0000] {logging_mixin.py:154} INFO - [2023-11-20T21:51:08.855+0000] {dag.py:2941} INFO - Sync 2 DAGs
[2023-11-20T21:51:08.863+0000] {logging_mixin.py:154} INFO - [2023-11-20T21:51:08.863+0000] {dag.py:3722} INFO - Setting next_dagrun for example_external_task_marker_child to None, run_after=None
[2023-11-20T21:51:08.865+0000] {logging_mixin.py:154} INFO - [2023-11-20T21:51:08.865+0000] {dag.py:3722} INFO - Setting next_dagrun for example_external_task_marker_parent to None, run_after=None
[2023-11-20T21:51:08.873+0000] {processor.py:179} INFO - Processing /home/airflow/.local/lib/python3.8/site-packages/airflow/example_dags/example_external_task_marker_dag.py took 0.042 seconds
[2023-11-20T21:51:38.994+0000] {processor.py:157} INFO - Started process (PID=362) to work on /home/airflow/.local/lib/python3.8/site-packages/airflow/example_dags/example_external_task_marker_dag.py
[2023-11-20T21:51:38.995+0000] {processor.py:829} INFO - Processing file /home/airflow/.local/lib/python3.8/site-packages/airflow/example_dags/example_external_task_marker_dag.py for tasks to queue
[2023-11-20T21:51:38.997+0000] {logging_mixin.py:154} INFO - [2023-11-20T21:51:38.997+0000] {dagbag.py:536} INFO - Filling up the DagBag from /home/airflow/.local/lib/python3.8/site-packages/airflow/example_dags/example_external_task_marker_dag.py
[2023-11-20T21:51:39.000+0000] {processor.py:839} INFO - DAG(s) dict_keys(['example_external_task_marker_child', 'example_external_task_marker_parent']) retrieved from /home/airflow/.local/lib/python3.8/site-packages/airflow/example_dags/example_external_task_marker_dag.py
[2023-11-20T21:51:39.016+0000] {logging_mixin.py:154} INFO - [2023-11-20T21:51:39.016+0000] {dag.py:2941} INFO - Sync 2 DAGs
[2023-11-20T21:51:39.023+0000] {logging_mixin.py:154} INFO - [2023-11-20T21:51:39.023+0000] {dag.py:3722} INFO - Setting next_dagrun for example_external_task_marker_child to None, run_after=None
[2023-11-20T21:51:39.024+0000] {logging_mixin.py:154} INFO - [2023-11-20T21:51:39.024+0000] {dag.py:3722} INFO - Setting next_dagrun for example_external_task_marker_parent to None, run_after=None
[2023-11-20T21:51:39.031+0000] {processor.py:179} INFO - Processing /home/airflow/.local/lib/python3.8/site-packages/airflow/example_dags/example_external_task_marker_dag.py took 0.039 seconds
[2023-11-20T21:52:09.486+0000] {processor.py:157} INFO - Started process (PID=416) to work on /home/airflow/.local/lib/python3.8/site-packages/airflow/example_dags/example_external_task_marker_dag.py
[2023-11-20T21:52:09.487+0000] {processor.py:829} INFO - Processing file /home/airflow/.local/lib/python3.8/site-packages/airflow/example_dags/example_external_task_marker_dag.py for tasks to queue
[2023-11-20T21:52:09.489+0000] {logging_mixin.py:154} INFO - [2023-11-20T21:52:09.489+0000] {dagbag.py:536} INFO - Filling up the DagBag from /home/airflow/.local/lib/python3.8/site-packages/airflow/example_dags/example_external_task_marker_dag.py
[2023-11-20T21:52:09.493+0000] {processor.py:839} INFO - DAG(s) dict_keys(['example_external_task_marker_parent', 'example_external_task_marker_child']) retrieved from /home/airflow/.local/lib/python3.8/site-packages/airflow/example_dags/example_external_task_marker_dag.py
[2023-11-20T21:52:09.508+0000] {logging_mixin.py:154} INFO - [2023-11-20T21:52:09.508+0000] {dag.py:2941} INFO - Sync 2 DAGs
[2023-11-20T21:52:09.514+0000] {logging_mixin.py:154} INFO - [2023-11-20T21:52:09.514+0000] {dag.py:3722} INFO - Setting next_dagrun for example_external_task_marker_child to None, run_after=None
[2023-11-20T21:52:09.516+0000] {logging_mixin.py:154} INFO - [2023-11-20T21:52:09.516+0000] {dag.py:3722} INFO - Setting next_dagrun for example_external_task_marker_parent to None, run_after=None
[2023-11-20T21:52:09.523+0000] {processor.py:179} INFO - Processing /home/airflow/.local/lib/python3.8/site-packages/airflow/example_dags/example_external_task_marker_dag.py took 0.039 seconds
[2023-11-20T21:52:39.743+0000] {processor.py:157} INFO - Started process (PID=470) to work on /home/airflow/.local/lib/python3.8/site-packages/airflow/example_dags/example_external_task_marker_dag.py
[2023-11-20T21:52:39.744+0000] {processor.py:829} INFO - Processing file /home/airflow/.local/lib/python3.8/site-packages/airflow/example_dags/example_external_task_marker_dag.py for tasks to queue
[2023-11-20T21:52:39.746+0000] {logging_mixin.py:154} INFO - [2023-11-20T21:52:39.746+0000] {dagbag.py:536} INFO - Filling up the DagBag from /home/airflow/.local/lib/python3.8/site-packages/airflow/example_dags/example_external_task_marker_dag.py
[2023-11-20T21:52:39.749+0000] {processor.py:839} INFO - DAG(s) dict_keys(['example_external_task_marker_parent', 'example_external_task_marker_child']) retrieved from /home/airflow/.local/lib/python3.8/site-packages/airflow/example_dags/example_external_task_marker_dag.py
[2023-11-20T21:52:39.763+0000] {logging_mixin.py:154} INFO - [2023-11-20T21:52:39.763+0000] {dag.py:2941} INFO - Sync 2 DAGs
[2023-11-20T21:52:39.769+0000] {logging_mixin.py:154} INFO - [2023-11-20T21:52:39.769+0000] {dag.py:3722} INFO - Setting next_dagrun for example_external_task_marker_child to None, run_after=None
[2023-11-20T21:52:39.771+0000] {logging_mixin.py:154} INFO - [2023-11-20T21:52:39.771+0000] {dag.py:3722} INFO - Setting next_dagrun for example_external_task_marker_parent to None, run_after=None
[2023-11-20T21:52:39.777+0000] {processor.py:179} INFO - Processing /home/airflow/.local/lib/python3.8/site-packages/airflow/example_dags/example_external_task_marker_dag.py took 0.036 seconds
[2023-11-20T21:53:10.056+0000] {processor.py:157} INFO - Started process (PID=524) to work on /home/airflow/.local/lib/python3.8/site-packages/airflow/example_dags/example_external_task_marker_dag.py
[2023-11-20T21:53:10.057+0000] {processor.py:829} INFO - Processing file /home/airflow/.local/lib/python3.8/site-packages/airflow/example_dags/example_external_task_marker_dag.py for tasks to queue
[2023-11-20T21:53:10.058+0000] {logging_mixin.py:154} INFO - [2023-11-20T21:53:10.058+0000] {dagbag.py:536} INFO - Filling up the DagBag from /home/airflow/.local/lib/python3.8/site-packages/airflow/example_dags/example_external_task_marker_dag.py
[2023-11-20T21:53:10.062+0000] {processor.py:839} INFO - DAG(s) dict_keys(['example_external_task_marker_child', 'example_external_task_marker_parent']) retrieved from /home/airflow/.local/lib/python3.8/site-packages/airflow/example_dags/example_external_task_marker_dag.py
[2023-11-20T21:53:10.077+0000] {logging_mixin.py:154} INFO - [2023-11-20T21:53:10.077+0000] {dag.py:2941} INFO - Sync 2 DAGs
[2023-11-20T21:53:10.084+0000] {logging_mixin.py:154} INFO - [2023-11-20T21:53:10.084+0000] {dag.py:3722} INFO - Setting next_dagrun for example_external_task_marker_child to None, run_after=None
[2023-11-20T21:53:10.086+0000] {logging_mixin.py:154} INFO - [2023-11-20T21:53:10.086+0000] {dag.py:3722} INFO - Setting next_dagrun for example_external_task_marker_parent to None, run_after=None
[2023-11-20T21:53:10.094+0000] {processor.py:179} INFO - Processing /home/airflow/.local/lib/python3.8/site-packages/airflow/example_dags/example_external_task_marker_dag.py took 0.040 seconds
[2023-11-20T21:53:40.265+0000] {processor.py:157} INFO - Started process (PID=578) to work on /home/airflow/.local/lib/python3.8/site-packages/airflow/example_dags/example_external_task_marker_dag.py
[2023-11-20T21:53:40.266+0000] {processor.py:829} INFO - Processing file /home/airflow/.local/lib/python3.8/site-packages/airflow/example_dags/example_external_task_marker_dag.py for tasks to queue
[2023-11-20T21:53:40.268+0000] {logging_mixin.py:154} INFO - [2023-11-20T21:53:40.268+0000] {dagbag.py:536} INFO - Filling up the DagBag from /home/airflow/.local/lib/python3.8/site-packages/airflow/example_dags/example_external_task_marker_dag.py
[2023-11-20T21:53:40.271+0000] {processor.py:839} INFO - DAG(s) dict_keys(['example_external_task_marker_parent', 'example_external_task_marker_child']) retrieved from /home/airflow/.local/lib/python3.8/site-packages/airflow/example_dags/example_external_task_marker_dag.py
[2023-11-20T21:53:40.287+0000] {logging_mixin.py:154} INFO - [2023-11-20T21:53:40.287+0000] {dag.py:2941} INFO - Sync 2 DAGs
[2023-11-20T21:53:40.294+0000] {logging_mixin.py:154} INFO - [2023-11-20T21:53:40.294+0000] {dag.py:3722} INFO - Setting next_dagrun for example_external_task_marker_child to None, run_after=None
[2023-11-20T21:53:40.296+0000] {logging_mixin.py:154} INFO - [2023-11-20T21:53:40.296+0000] {dag.py:3722} INFO - Setting next_dagrun for example_external_task_marker_parent to None, run_after=None
[2023-11-20T21:53:40.305+0000] {processor.py:179} INFO - Processing /home/airflow/.local/lib/python3.8/site-packages/airflow/example_dags/example_external_task_marker_dag.py took 0.042 seconds
[2023-11-20T21:54:10.622+0000] {processor.py:157} INFO - Started process (PID=632) to work on /home/airflow/.local/lib/python3.8/site-packages/airflow/example_dags/example_external_task_marker_dag.py
[2023-11-20T21:54:10.623+0000] {processor.py:829} INFO - Processing file /home/airflow/.local/lib/python3.8/site-packages/airflow/example_dags/example_external_task_marker_dag.py for tasks to queue
[2023-11-20T21:54:10.625+0000] {logging_mixin.py:154} INFO - [2023-11-20T21:54:10.625+0000] {dagbag.py:536} INFO - Filling up the DagBag from /home/airflow/.local/lib/python3.8/site-packages/airflow/example_dags/example_external_task_marker_dag.py
[2023-11-20T21:54:10.628+0000] {processor.py:839} INFO - DAG(s) dict_keys(['example_external_task_marker_child', 'example_external_task_marker_parent']) retrieved from /home/airflow/.local/lib/python3.8/site-packages/airflow/example_dags/example_external_task_marker_dag.py
[2023-11-20T21:54:10.645+0000] {logging_mixin.py:154} INFO - [2023-11-20T21:54:10.645+0000] {dag.py:2941} INFO - Sync 2 DAGs
[2023-11-20T21:54:10.651+0000] {logging_mixin.py:154} INFO - [2023-11-20T21:54:10.651+0000] {dag.py:3722} INFO - Setting next_dagrun for example_external_task_marker_child to None, run_after=None
[2023-11-20T21:54:10.653+0000] {logging_mixin.py:154} INFO - [2023-11-20T21:54:10.653+0000] {dag.py:3722} INFO - Setting next_dagrun for example_external_task_marker_parent to None, run_after=None
[2023-11-20T21:54:10.660+0000] {processor.py:179} INFO - Processing /home/airflow/.local/lib/python3.8/site-packages/airflow/example_dags/example_external_task_marker_dag.py took 0.040 seconds
[2023-11-20T21:54:41.079+0000] {processor.py:157} INFO - Started process (PID=686) to work on /home/airflow/.local/lib/python3.8/site-packages/airflow/example_dags/example_external_task_marker_dag.py
[2023-11-20T21:54:41.080+0000] {processor.py:829} INFO - Processing file /home/airflow/.local/lib/python3.8/site-packages/airflow/example_dags/example_external_task_marker_dag.py for tasks to queue
[2023-11-20T21:54:41.082+0000] {logging_mixin.py:154} INFO - [2023-11-20T21:54:41.082+0000] {dagbag.py:536} INFO - Filling up the DagBag from /home/airflow/.local/lib/python3.8/site-packages/airflow/example_dags/example_external_task_marker_dag.py
[2023-11-20T21:54:41.086+0000] {processor.py:839} INFO - DAG(s) dict_keys(['example_external_task_marker_parent', 'example_external_task_marker_child']) retrieved from /home/airflow/.local/lib/python3.8/site-packages/airflow/example_dags/example_external_task_marker_dag.py
[2023-11-20T21:54:41.104+0000] {logging_mixin.py:154} INFO - [2023-11-20T21:54:41.104+0000] {dag.py:2941} INFO - Sync 2 DAGs
[2023-11-20T21:54:41.110+0000] {logging_mixin.py:154} INFO - [2023-11-20T21:54:41.110+0000] {dag.py:3722} INFO - Setting next_dagrun for example_external_task_marker_child to None, run_after=None
[2023-11-20T21:54:41.112+0000] {logging_mixin.py:154} INFO - [2023-11-20T21:54:41.112+0000] {dag.py:3722} INFO - Setting next_dagrun for example_external_task_marker_parent to None, run_after=None
[2023-11-20T21:54:41.119+0000] {processor.py:179} INFO - Processing /home/airflow/.local/lib/python3.8/site-packages/airflow/example_dags/example_external_task_marker_dag.py took 0.042 seconds
[2023-11-20T21:55:11.348+0000] {processor.py:157} INFO - Started process (PID=740) to work on /home/airflow/.local/lib/python3.8/site-packages/airflow/example_dags/example_external_task_marker_dag.py
[2023-11-20T21:55:11.349+0000] {processor.py:829} INFO - Processing file /home/airflow/.local/lib/python3.8/site-packages/airflow/example_dags/example_external_task_marker_dag.py for tasks to queue
[2023-11-20T21:55:11.351+0000] {logging_mixin.py:154} INFO - [2023-11-20T21:55:11.350+0000] {dagbag.py:536} INFO - Filling up the DagBag from /home/airflow/.local/lib/python3.8/site-packages/airflow/example_dags/example_external_task_marker_dag.py
[2023-11-20T21:55:11.354+0000] {processor.py:839} INFO - DAG(s) dict_keys(['example_external_task_marker_parent', 'example_external_task_marker_child']) retrieved from /home/airflow/.local/lib/python3.8/site-packages/airflow/example_dags/example_external_task_marker_dag.py
[2023-11-20T21:55:11.371+0000] {logging_mixin.py:154} INFO - [2023-11-20T21:55:11.371+0000] {dag.py:2941} INFO - Sync 2 DAGs
[2023-11-20T21:55:11.377+0000] {logging_mixin.py:154} INFO - [2023-11-20T21:55:11.377+0000] {dag.py:3722} INFO - Setting next_dagrun for example_external_task_marker_child to None, run_after=None
[2023-11-20T21:55:11.379+0000] {logging_mixin.py:154} INFO - [2023-11-20T21:55:11.379+0000] {dag.py:3722} INFO - Setting next_dagrun for example_external_task_marker_parent to None, run_after=None
[2023-11-20T21:55:11.387+0000] {processor.py:179} INFO - Processing /home/airflow/.local/lib/python3.8/site-packages/airflow/example_dags/example_external_task_marker_dag.py took 0.041 seconds
[2023-11-20T21:55:41.884+0000] {processor.py:157} INFO - Started process (PID=794) to work on /home/airflow/.local/lib/python3.8/site-packages/airflow/example_dags/example_external_task_marker_dag.py
[2023-11-20T21:55:41.885+0000] {processor.py:829} INFO - Processing file /home/airflow/.local/lib/python3.8/site-packages/airflow/example_dags/example_external_task_marker_dag.py for tasks to queue
[2023-11-20T21:55:41.887+0000] {logging_mixin.py:154} INFO - [2023-11-20T21:55:41.886+0000] {dagbag.py:536} INFO - Filling up the DagBag from /home/airflow/.local/lib/python3.8/site-packages/airflow/example_dags/example_external_task_marker_dag.py
[2023-11-20T21:55:41.890+0000] {processor.py:839} INFO - DAG(s) dict_keys(['example_external_task_marker_parent', 'example_external_task_marker_child']) retrieved from /home/airflow/.local/lib/python3.8/site-packages/airflow/example_dags/example_external_task_marker_dag.py
[2023-11-20T21:55:41.906+0000] {logging_mixin.py:154} INFO - [2023-11-20T21:55:41.906+0000] {dag.py:2941} INFO - Sync 2 DAGs
[2023-11-20T21:55:41.912+0000] {logging_mixin.py:154} INFO - [2023-11-20T21:55:41.912+0000] {dag.py:3722} INFO - Setting next_dagrun for example_external_task_marker_child to None, run_after=None
[2023-11-20T21:55:41.914+0000] {logging_mixin.py:154} INFO - [2023-11-20T21:55:41.914+0000] {dag.py:3722} INFO - Setting next_dagrun for example_external_task_marker_parent to None, run_after=None
[2023-11-20T21:55:41.922+0000] {processor.py:179} INFO - Processing /home/airflow/.local/lib/python3.8/site-packages/airflow/example_dags/example_external_task_marker_dag.py took 0.041 seconds
[2023-11-20T21:56:12.427+0000] {processor.py:157} INFO - Started process (PID=848) to work on /home/airflow/.local/lib/python3.8/site-packages/airflow/example_dags/example_external_task_marker_dag.py
[2023-11-20T21:56:12.428+0000] {processor.py:829} INFO - Processing file /home/airflow/.local/lib/python3.8/site-packages/airflow/example_dags/example_external_task_marker_dag.py for tasks to queue
[2023-11-20T21:56:12.429+0000] {logging_mixin.py:154} INFO - [2023-11-20T21:56:12.429+0000] {dagbag.py:536} INFO - Filling up the DagBag from /home/airflow/.local/lib/python3.8/site-packages/airflow/example_dags/example_external_task_marker_dag.py
[2023-11-20T21:56:12.432+0000] {processor.py:839} INFO - DAG(s) dict_keys(['example_external_task_marker_child', 'example_external_task_marker_parent']) retrieved from /home/airflow/.local/lib/python3.8/site-packages/airflow/example_dags/example_external_task_marker_dag.py
[2023-11-20T21:56:12.447+0000] {logging_mixin.py:154} INFO - [2023-11-20T21:56:12.447+0000] {dag.py:2941} INFO - Sync 2 DAGs
[2023-11-20T21:56:12.453+0000] {logging_mixin.py:154} INFO - [2023-11-20T21:56:12.453+0000] {dag.py:3722} INFO - Setting next_dagrun for example_external_task_marker_child to None, run_after=None
[2023-11-20T21:56:12.455+0000] {logging_mixin.py:154} INFO - [2023-11-20T21:56:12.455+0000] {dag.py:3722} INFO - Setting next_dagrun for example_external_task_marker_parent to None, run_after=None
[2023-11-20T21:56:12.462+0000] {processor.py:179} INFO - Processing /home/airflow/.local/lib/python3.8/site-packages/airflow/example_dags/example_external_task_marker_dag.py took 0.036 seconds
[2023-11-20T21:56:42.867+0000] {processor.py:157} INFO - Started process (PID=902) to work on /home/airflow/.local/lib/python3.8/site-packages/airflow/example_dags/example_external_task_marker_dag.py
[2023-11-20T21:56:42.867+0000] {processor.py:829} INFO - Processing file /home/airflow/.local/lib/python3.8/site-packages/airflow/example_dags/example_external_task_marker_dag.py for tasks to queue
[2023-11-20T21:56:42.869+0000] {logging_mixin.py:154} INFO - [2023-11-20T21:56:42.869+0000] {dagbag.py:536} INFO - Filling up the DagBag from /home/airflow/.local/lib/python3.8/site-packages/airflow/example_dags/example_external_task_marker_dag.py
[2023-11-20T21:56:42.873+0000] {processor.py:839} INFO - DAG(s) dict_keys(['example_external_task_marker_parent', 'example_external_task_marker_child']) retrieved from /home/airflow/.local/lib/python3.8/site-packages/airflow/example_dags/example_external_task_marker_dag.py
[2023-11-20T21:56:42.888+0000] {logging_mixin.py:154} INFO - [2023-11-20T21:56:42.887+0000] {dag.py:2941} INFO - Sync 2 DAGs
[2023-11-20T21:56:42.893+0000] {logging_mixin.py:154} INFO - [2023-11-20T21:56:42.893+0000] {dag.py:3722} INFO - Setting next_dagrun for example_external_task_marker_child to None, run_after=None
[2023-11-20T21:56:42.895+0000] {logging_mixin.py:154} INFO - [2023-11-20T21:56:42.895+0000] {dag.py:3722} INFO - Setting next_dagrun for example_external_task_marker_parent to None, run_after=None
[2023-11-20T21:56:42.902+0000] {processor.py:179} INFO - Processing /home/airflow/.local/lib/python3.8/site-packages/airflow/example_dags/example_external_task_marker_dag.py took 0.038 seconds
[2023-11-20T21:57:13.615+0000] {processor.py:157} INFO - Started process (PID=956) to work on /home/airflow/.local/lib/python3.8/site-packages/airflow/example_dags/example_external_task_marker_dag.py
[2023-11-20T21:57:13.616+0000] {processor.py:829} INFO - Processing file /home/airflow/.local/lib/python3.8/site-packages/airflow/example_dags/example_external_task_marker_dag.py for tasks to queue
[2023-11-20T21:57:13.619+0000] {logging_mixin.py:154} INFO - [2023-11-20T21:57:13.619+0000] {dagbag.py:536} INFO - Filling up the DagBag from /home/airflow/.local/lib/python3.8/site-packages/airflow/example_dags/example_external_task_marker_dag.py
[2023-11-20T21:57:13.623+0000] {processor.py:839} INFO - DAG(s) dict_keys(['example_external_task_marker_child', 'example_external_task_marker_parent']) retrieved from /home/airflow/.local/lib/python3.8/site-packages/airflow/example_dags/example_external_task_marker_dag.py
[2023-11-20T21:57:13.639+0000] {logging_mixin.py:154} INFO - [2023-11-20T21:57:13.639+0000] {dag.py:2941} INFO - Sync 2 DAGs
[2023-11-20T21:57:13.645+0000] {logging_mixin.py:154} INFO - [2023-11-20T21:57:13.645+0000] {dag.py:3722} INFO - Setting next_dagrun for example_external_task_marker_child to None, run_after=None
[2023-11-20T21:57:13.647+0000] {logging_mixin.py:154} INFO - [2023-11-20T21:57:13.647+0000] {dag.py:3722} INFO - Setting next_dagrun for example_external_task_marker_parent to None, run_after=None
[2023-11-20T21:57:13.654+0000] {processor.py:179} INFO - Processing /home/airflow/.local/lib/python3.8/site-packages/airflow/example_dags/example_external_task_marker_dag.py took 0.041 seconds
[2023-11-20T21:57:44.049+0000] {processor.py:157} INFO - Started process (PID=1010) to work on /home/airflow/.local/lib/python3.8/site-packages/airflow/example_dags/example_external_task_marker_dag.py
[2023-11-20T21:57:44.049+0000] {processor.py:829} INFO - Processing file /home/airflow/.local/lib/python3.8/site-packages/airflow/example_dags/example_external_task_marker_dag.py for tasks to queue
[2023-11-20T21:57:44.051+0000] {logging_mixin.py:154} INFO - [2023-11-20T21:57:44.050+0000] {dagbag.py:536} INFO - Filling up the DagBag from /home/airflow/.local/lib/python3.8/site-packages/airflow/example_dags/example_external_task_marker_dag.py
[2023-11-20T21:57:44.054+0000] {processor.py:839} INFO - DAG(s) dict_keys(['example_external_task_marker_child', 'example_external_task_marker_parent']) retrieved from /home/airflow/.local/lib/python3.8/site-packages/airflow/example_dags/example_external_task_marker_dag.py
[2023-11-20T21:57:44.069+0000] {logging_mixin.py:154} INFO - [2023-11-20T21:57:44.069+0000] {dag.py:2941} INFO - Sync 2 DAGs
[2023-11-20T21:57:44.076+0000] {logging_mixin.py:154} INFO - [2023-11-20T21:57:44.076+0000] {dag.py:3722} INFO - Setting next_dagrun for example_external_task_marker_child to None, run_after=None
[2023-11-20T21:57:44.077+0000] {logging_mixin.py:154} INFO - [2023-11-20T21:57:44.077+0000] {dag.py:3722} INFO - Setting next_dagrun for example_external_task_marker_parent to None, run_after=None
[2023-11-20T21:57:44.084+0000] {processor.py:179} INFO - Processing /home/airflow/.local/lib/python3.8/site-packages/airflow/example_dags/example_external_task_marker_dag.py took 0.037 seconds
[2023-11-20T21:58:14.663+0000] {processor.py:157} INFO - Started process (PID=1064) to work on /home/airflow/.local/lib/python3.8/site-packages/airflow/example_dags/example_external_task_marker_dag.py
[2023-11-20T21:58:14.664+0000] {processor.py:829} INFO - Processing file /home/airflow/.local/lib/python3.8/site-packages/airflow/example_dags/example_external_task_marker_dag.py for tasks to queue
[2023-11-20T21:58:14.665+0000] {logging_mixin.py:154} INFO - [2023-11-20T21:58:14.665+0000] {dagbag.py:536} INFO - Filling up the DagBag from /home/airflow/.local/lib/python3.8/site-packages/airflow/example_dags/example_external_task_marker_dag.py
[2023-11-20T21:58:14.669+0000] {processor.py:839} INFO - DAG(s) dict_keys(['example_external_task_marker_child', 'example_external_task_marker_parent']) retrieved from /home/airflow/.local/lib/python3.8/site-packages/airflow/example_dags/example_external_task_marker_dag.py
[2023-11-20T21:58:14.687+0000] {logging_mixin.py:154} INFO - [2023-11-20T21:58:14.686+0000] {dag.py:2941} INFO - Sync 2 DAGs
[2023-11-20T21:58:14.694+0000] {logging_mixin.py:154} INFO - [2023-11-20T21:58:14.694+0000] {dag.py:3722} INFO - Setting next_dagrun for example_external_task_marker_child to None, run_after=None
[2023-11-20T21:58:14.696+0000] {logging_mixin.py:154} INFO - [2023-11-20T21:58:14.696+0000] {dag.py:3722} INFO - Setting next_dagrun for example_external_task_marker_parent to None, run_after=None
[2023-11-20T21:58:14.705+0000] {processor.py:179} INFO - Processing /home/airflow/.local/lib/python3.8/site-packages/airflow/example_dags/example_external_task_marker_dag.py took 0.045 seconds
