[2023-11-20T21:48:39.302+0000] {processor.py:157} INFO - Started process (PID=58) to work on /home/airflow/.local/lib/python3.8/site-packages/airflow/example_dags/example_sensor_decorator.py
[2023-11-20T21:48:39.335+0000] {processor.py:829} INFO - Processing file /home/airflow/.local/lib/python3.8/site-packages/airflow/example_dags/example_sensor_decorator.py for tasks to queue
[2023-11-20T21:48:39.366+0000] {logging_mixin.py:154} INFO - [2023-11-20T21:48:39.365+0000] {dagbag.py:536} INFO - Filling up the DagBag from /home/airflow/.local/lib/python3.8/site-packages/airflow/example_dags/example_sensor_decorator.py
[2023-11-20T21:48:39.409+0000] {processor.py:839} INFO - DAG(s) dict_keys(['example_sensor_decorator']) retrieved from /home/airflow/.local/lib/python3.8/site-packages/airflow/example_dags/example_sensor_decorator.py
[2023-11-20T21:48:39.423+0000] {logging_mixin.py:154} INFO - [2023-11-20T21:48:39.423+0000] {dag.py:2941} INFO - Sync 1 DAGs
[2023-11-20T21:48:39.500+0000] {logging_mixin.py:154} INFO - [2023-11-20T21:48:39.500+0000] {dag.py:3722} INFO - Setting next_dagrun for example_sensor_decorator to None, run_after=None
[2023-11-20T21:48:39.529+0000] {processor.py:179} INFO - Processing /home/airflow/.local/lib/python3.8/site-packages/airflow/example_dags/example_sensor_decorator.py took 0.283 seconds
[2023-11-20T21:49:09.731+0000] {processor.py:157} INFO - Started process (PID=112) to work on /home/airflow/.local/lib/python3.8/site-packages/airflow/example_dags/example_sensor_decorator.py
[2023-11-20T21:49:09.733+0000] {processor.py:829} INFO - Processing file /home/airflow/.local/lib/python3.8/site-packages/airflow/example_dags/example_sensor_decorator.py for tasks to queue
[2023-11-20T21:49:09.735+0000] {logging_mixin.py:154} INFO - [2023-11-20T21:49:09.735+0000] {dagbag.py:536} INFO - Filling up the DagBag from /home/airflow/.local/lib/python3.8/site-packages/airflow/example_dags/example_sensor_decorator.py
[2023-11-20T21:49:09.740+0000] {processor.py:839} INFO - DAG(s) dict_keys(['example_sensor_decorator']) retrieved from /home/airflow/.local/lib/python3.8/site-packages/airflow/example_dags/example_sensor_decorator.py
[2023-11-20T21:49:09.755+0000] {logging_mixin.py:154} INFO - [2023-11-20T21:49:09.755+0000] {dag.py:2941} INFO - Sync 1 DAGs
[2023-11-20T21:49:09.763+0000] {logging_mixin.py:154} INFO - [2023-11-20T21:49:09.763+0000] {dag.py:3722} INFO - Setting next_dagrun for example_sensor_decorator to None, run_after=None
[2023-11-20T21:49:09.773+0000] {processor.py:179} INFO - Processing /home/airflow/.local/lib/python3.8/site-packages/airflow/example_dags/example_sensor_decorator.py took 0.044 seconds
[2023-11-20T21:49:40.700+0000] {processor.py:157} INFO - Started process (PID=166) to work on /home/airflow/.local/lib/python3.8/site-packages/airflow/example_dags/example_sensor_decorator.py
[2023-11-20T21:49:40.700+0000] {processor.py:829} INFO - Processing file /home/airflow/.local/lib/python3.8/site-packages/airflow/example_dags/example_sensor_decorator.py for tasks to queue
[2023-11-20T21:49:40.702+0000] {logging_mixin.py:154} INFO - [2023-11-20T21:49:40.701+0000] {dagbag.py:536} INFO - Filling up the DagBag from /home/airflow/.local/lib/python3.8/site-packages/airflow/example_dags/example_sensor_decorator.py
[2023-11-20T21:49:40.705+0000] {processor.py:839} INFO - DAG(s) dict_keys(['example_sensor_decorator']) retrieved from /home/airflow/.local/lib/python3.8/site-packages/airflow/example_dags/example_sensor_decorator.py
[2023-11-20T21:49:40.718+0000] {logging_mixin.py:154} INFO - [2023-11-20T21:49:40.718+0000] {dag.py:2941} INFO - Sync 1 DAGs
[2023-11-20T21:49:40.724+0000] {logging_mixin.py:154} INFO - [2023-11-20T21:49:40.724+0000] {dag.py:3722} INFO - Setting next_dagrun for example_sensor_decorator to None, run_after=None
[2023-11-20T21:49:40.732+0000] {processor.py:179} INFO - Processing /home/airflow/.local/lib/python3.8/site-packages/airflow/example_dags/example_sensor_decorator.py took 0.034 seconds
[2023-11-20T21:50:11.132+0000] {processor.py:157} INFO - Started process (PID=220) to work on /home/airflow/.local/lib/python3.8/site-packages/airflow/example_dags/example_sensor_decorator.py
[2023-11-20T21:50:11.132+0000] {processor.py:829} INFO - Processing file /home/airflow/.local/lib/python3.8/site-packages/airflow/example_dags/example_sensor_decorator.py for tasks to queue
[2023-11-20T21:50:11.134+0000] {logging_mixin.py:154} INFO - [2023-11-20T21:50:11.134+0000] {dagbag.py:536} INFO - Filling up the DagBag from /home/airflow/.local/lib/python3.8/site-packages/airflow/example_dags/example_sensor_decorator.py
[2023-11-20T21:50:11.138+0000] {processor.py:839} INFO - DAG(s) dict_keys(['example_sensor_decorator']) retrieved from /home/airflow/.local/lib/python3.8/site-packages/airflow/example_dags/example_sensor_decorator.py
[2023-11-20T21:50:11.150+0000] {logging_mixin.py:154} INFO - [2023-11-20T21:50:11.150+0000] {dag.py:2941} INFO - Sync 1 DAGs
[2023-11-20T21:50:11.157+0000] {logging_mixin.py:154} INFO - [2023-11-20T21:50:11.157+0000] {dag.py:3722} INFO - Setting next_dagrun for example_sensor_decorator to None, run_after=None
[2023-11-20T21:50:11.165+0000] {processor.py:179} INFO - Processing /home/airflow/.local/lib/python3.8/site-packages/airflow/example_dags/example_sensor_decorator.py took 0.036 seconds
[2023-11-20T21:50:41.384+0000] {processor.py:157} INFO - Started process (PID=274) to work on /home/airflow/.local/lib/python3.8/site-packages/airflow/example_dags/example_sensor_decorator.py
[2023-11-20T21:50:41.385+0000] {processor.py:829} INFO - Processing file /home/airflow/.local/lib/python3.8/site-packages/airflow/example_dags/example_sensor_decorator.py for tasks to queue
[2023-11-20T21:50:41.386+0000] {logging_mixin.py:154} INFO - [2023-11-20T21:50:41.386+0000] {dagbag.py:536} INFO - Filling up the DagBag from /home/airflow/.local/lib/python3.8/site-packages/airflow/example_dags/example_sensor_decorator.py
[2023-11-20T21:50:41.390+0000] {processor.py:839} INFO - DAG(s) dict_keys(['example_sensor_decorator']) retrieved from /home/airflow/.local/lib/python3.8/site-packages/airflow/example_dags/example_sensor_decorator.py
[2023-11-20T21:50:41.402+0000] {logging_mixin.py:154} INFO - [2023-11-20T21:50:41.402+0000] {dag.py:2941} INFO - Sync 1 DAGs
[2023-11-20T21:50:41.408+0000] {logging_mixin.py:154} INFO - [2023-11-20T21:50:41.408+0000] {dag.py:3722} INFO - Setting next_dagrun for example_sensor_decorator to None, run_after=None
[2023-11-20T21:50:41.416+0000] {processor.py:179} INFO - Processing /home/airflow/.local/lib/python3.8/site-packages/airflow/example_dags/example_sensor_decorator.py took 0.034 seconds
[2023-11-20T21:51:11.546+0000] {processor.py:157} INFO - Started process (PID=328) to work on /home/airflow/.local/lib/python3.8/site-packages/airflow/example_dags/example_sensor_decorator.py
[2023-11-20T21:51:11.547+0000] {processor.py:829} INFO - Processing file /home/airflow/.local/lib/python3.8/site-packages/airflow/example_dags/example_sensor_decorator.py for tasks to queue
[2023-11-20T21:51:11.549+0000] {logging_mixin.py:154} INFO - [2023-11-20T21:51:11.549+0000] {dagbag.py:536} INFO - Filling up the DagBag from /home/airflow/.local/lib/python3.8/site-packages/airflow/example_dags/example_sensor_decorator.py
[2023-11-20T21:51:11.553+0000] {processor.py:839} INFO - DAG(s) dict_keys(['example_sensor_decorator']) retrieved from /home/airflow/.local/lib/python3.8/site-packages/airflow/example_dags/example_sensor_decorator.py
[2023-11-20T21:51:11.566+0000] {logging_mixin.py:154} INFO - [2023-11-20T21:51:11.566+0000] {dag.py:2941} INFO - Sync 1 DAGs
[2023-11-20T21:51:11.572+0000] {logging_mixin.py:154} INFO - [2023-11-20T21:51:11.572+0000] {dag.py:3722} INFO - Setting next_dagrun for example_sensor_decorator to None, run_after=None
[2023-11-20T21:51:11.581+0000] {processor.py:179} INFO - Processing /home/airflow/.local/lib/python3.8/site-packages/airflow/example_dags/example_sensor_decorator.py took 0.037 seconds
[2023-11-20T21:51:41.905+0000] {processor.py:157} INFO - Started process (PID=382) to work on /home/airflow/.local/lib/python3.8/site-packages/airflow/example_dags/example_sensor_decorator.py
[2023-11-20T21:51:41.906+0000] {processor.py:829} INFO - Processing file /home/airflow/.local/lib/python3.8/site-packages/airflow/example_dags/example_sensor_decorator.py for tasks to queue
[2023-11-20T21:51:41.907+0000] {logging_mixin.py:154} INFO - [2023-11-20T21:51:41.907+0000] {dagbag.py:536} INFO - Filling up the DagBag from /home/airflow/.local/lib/python3.8/site-packages/airflow/example_dags/example_sensor_decorator.py
[2023-11-20T21:51:41.911+0000] {processor.py:839} INFO - DAG(s) dict_keys(['example_sensor_decorator']) retrieved from /home/airflow/.local/lib/python3.8/site-packages/airflow/example_dags/example_sensor_decorator.py
[2023-11-20T21:51:41.924+0000] {logging_mixin.py:154} INFO - [2023-11-20T21:51:41.924+0000] {dag.py:2941} INFO - Sync 1 DAGs
[2023-11-20T21:51:41.931+0000] {logging_mixin.py:154} INFO - [2023-11-20T21:51:41.931+0000] {dag.py:3722} INFO - Setting next_dagrun for example_sensor_decorator to None, run_after=None
[2023-11-20T21:51:41.939+0000] {processor.py:179} INFO - Processing /home/airflow/.local/lib/python3.8/site-packages/airflow/example_dags/example_sensor_decorator.py took 0.036 seconds
[2023-11-20T21:52:12.207+0000] {processor.py:157} INFO - Started process (PID=436) to work on /home/airflow/.local/lib/python3.8/site-packages/airflow/example_dags/example_sensor_decorator.py
[2023-11-20T21:52:12.208+0000] {processor.py:829} INFO - Processing file /home/airflow/.local/lib/python3.8/site-packages/airflow/example_dags/example_sensor_decorator.py for tasks to queue
[2023-11-20T21:52:12.209+0000] {logging_mixin.py:154} INFO - [2023-11-20T21:52:12.209+0000] {dagbag.py:536} INFO - Filling up the DagBag from /home/airflow/.local/lib/python3.8/site-packages/airflow/example_dags/example_sensor_decorator.py
[2023-11-20T21:52:12.213+0000] {processor.py:839} INFO - DAG(s) dict_keys(['example_sensor_decorator']) retrieved from /home/airflow/.local/lib/python3.8/site-packages/airflow/example_dags/example_sensor_decorator.py
[2023-11-20T21:52:12.225+0000] {logging_mixin.py:154} INFO - [2023-11-20T21:52:12.225+0000] {dag.py:2941} INFO - Sync 1 DAGs
[2023-11-20T21:52:12.231+0000] {logging_mixin.py:154} INFO - [2023-11-20T21:52:12.231+0000] {dag.py:3722} INFO - Setting next_dagrun for example_sensor_decorator to None, run_after=None
[2023-11-20T21:52:12.238+0000] {processor.py:179} INFO - Processing /home/airflow/.local/lib/python3.8/site-packages/airflow/example_dags/example_sensor_decorator.py took 0.033 seconds
[2023-11-20T21:52:42.469+0000] {processor.py:157} INFO - Started process (PID=490) to work on /home/airflow/.local/lib/python3.8/site-packages/airflow/example_dags/example_sensor_decorator.py
[2023-11-20T21:52:42.469+0000] {processor.py:829} INFO - Processing file /home/airflow/.local/lib/python3.8/site-packages/airflow/example_dags/example_sensor_decorator.py for tasks to queue
[2023-11-20T21:52:42.471+0000] {logging_mixin.py:154} INFO - [2023-11-20T21:52:42.470+0000] {dagbag.py:536} INFO - Filling up the DagBag from /home/airflow/.local/lib/python3.8/site-packages/airflow/example_dags/example_sensor_decorator.py
[2023-11-20T21:52:42.474+0000] {processor.py:839} INFO - DAG(s) dict_keys(['example_sensor_decorator']) retrieved from /home/airflow/.local/lib/python3.8/site-packages/airflow/example_dags/example_sensor_decorator.py
[2023-11-20T21:52:42.486+0000] {logging_mixin.py:154} INFO - [2023-11-20T21:52:42.486+0000] {dag.py:2941} INFO - Sync 1 DAGs
[2023-11-20T21:52:42.493+0000] {logging_mixin.py:154} INFO - [2023-11-20T21:52:42.493+0000] {dag.py:3722} INFO - Setting next_dagrun for example_sensor_decorator to None, run_after=None
[2023-11-20T21:52:42.501+0000] {processor.py:179} INFO - Processing /home/airflow/.local/lib/python3.8/site-packages/airflow/example_dags/example_sensor_decorator.py took 0.034 seconds
[2023-11-20T21:53:12.985+0000] {processor.py:157} INFO - Started process (PID=544) to work on /home/airflow/.local/lib/python3.8/site-packages/airflow/example_dags/example_sensor_decorator.py
[2023-11-20T21:53:12.987+0000] {processor.py:829} INFO - Processing file /home/airflow/.local/lib/python3.8/site-packages/airflow/example_dags/example_sensor_decorator.py for tasks to queue
[2023-11-20T21:53:12.989+0000] {logging_mixin.py:154} INFO - [2023-11-20T21:53:12.989+0000] {dagbag.py:536} INFO - Filling up the DagBag from /home/airflow/.local/lib/python3.8/site-packages/airflow/example_dags/example_sensor_decorator.py
[2023-11-20T21:53:12.996+0000] {processor.py:839} INFO - DAG(s) dict_keys(['example_sensor_decorator']) retrieved from /home/airflow/.local/lib/python3.8/site-packages/airflow/example_dags/example_sensor_decorator.py
[2023-11-20T21:53:13.014+0000] {logging_mixin.py:154} INFO - [2023-11-20T21:53:13.014+0000] {dag.py:2941} INFO - Sync 1 DAGs
[2023-11-20T21:53:13.021+0000] {logging_mixin.py:154} INFO - [2023-11-20T21:53:13.021+0000] {dag.py:3722} INFO - Setting next_dagrun for example_sensor_decorator to None, run_after=None
[2023-11-20T21:53:13.032+0000] {processor.py:179} INFO - Processing /home/airflow/.local/lib/python3.8/site-packages/airflow/example_dags/example_sensor_decorator.py took 0.049 seconds
[2023-11-20T21:53:43.330+0000] {processor.py:157} INFO - Started process (PID=598) to work on /home/airflow/.local/lib/python3.8/site-packages/airflow/example_dags/example_sensor_decorator.py
[2023-11-20T21:53:43.330+0000] {processor.py:829} INFO - Processing file /home/airflow/.local/lib/python3.8/site-packages/airflow/example_dags/example_sensor_decorator.py for tasks to queue
[2023-11-20T21:53:43.332+0000] {logging_mixin.py:154} INFO - [2023-11-20T21:53:43.332+0000] {dagbag.py:536} INFO - Filling up the DagBag from /home/airflow/.local/lib/python3.8/site-packages/airflow/example_dags/example_sensor_decorator.py
[2023-11-20T21:53:43.336+0000] {processor.py:839} INFO - DAG(s) dict_keys(['example_sensor_decorator']) retrieved from /home/airflow/.local/lib/python3.8/site-packages/airflow/example_dags/example_sensor_decorator.py
[2023-11-20T21:53:43.349+0000] {logging_mixin.py:154} INFO - [2023-11-20T21:53:43.349+0000] {dag.py:2941} INFO - Sync 1 DAGs
[2023-11-20T21:53:43.356+0000] {logging_mixin.py:154} INFO - [2023-11-20T21:53:43.356+0000] {dag.py:3722} INFO - Setting next_dagrun for example_sensor_decorator to None, run_after=None
[2023-11-20T21:53:43.364+0000] {processor.py:179} INFO - Processing /home/airflow/.local/lib/python3.8/site-packages/airflow/example_dags/example_sensor_decorator.py took 0.037 seconds
[2023-11-20T21:54:14.422+0000] {processor.py:157} INFO - Started process (PID=652) to work on /home/airflow/.local/lib/python3.8/site-packages/airflow/example_dags/example_sensor_decorator.py
[2023-11-20T21:54:14.423+0000] {processor.py:829} INFO - Processing file /home/airflow/.local/lib/python3.8/site-packages/airflow/example_dags/example_sensor_decorator.py for tasks to queue
[2023-11-20T21:54:14.424+0000] {logging_mixin.py:154} INFO - [2023-11-20T21:54:14.424+0000] {dagbag.py:536} INFO - Filling up the DagBag from /home/airflow/.local/lib/python3.8/site-packages/airflow/example_dags/example_sensor_decorator.py
[2023-11-20T21:54:14.428+0000] {processor.py:839} INFO - DAG(s) dict_keys(['example_sensor_decorator']) retrieved from /home/airflow/.local/lib/python3.8/site-packages/airflow/example_dags/example_sensor_decorator.py
[2023-11-20T21:54:14.443+0000] {logging_mixin.py:154} INFO - [2023-11-20T21:54:14.443+0000] {dag.py:2941} INFO - Sync 1 DAGs
[2023-11-20T21:54:14.450+0000] {logging_mixin.py:154} INFO - [2023-11-20T21:54:14.449+0000] {dag.py:3722} INFO - Setting next_dagrun for example_sensor_decorator to None, run_after=None
[2023-11-20T21:54:14.460+0000] {processor.py:179} INFO - Processing /home/airflow/.local/lib/python3.8/site-packages/airflow/example_dags/example_sensor_decorator.py took 0.041 seconds
[2023-11-20T21:54:45.018+0000] {processor.py:157} INFO - Started process (PID=706) to work on /home/airflow/.local/lib/python3.8/site-packages/airflow/example_dags/example_sensor_decorator.py
[2023-11-20T21:54:45.019+0000] {processor.py:829} INFO - Processing file /home/airflow/.local/lib/python3.8/site-packages/airflow/example_dags/example_sensor_decorator.py for tasks to queue
[2023-11-20T21:54:45.021+0000] {logging_mixin.py:154} INFO - [2023-11-20T21:54:45.021+0000] {dagbag.py:536} INFO - Filling up the DagBag from /home/airflow/.local/lib/python3.8/site-packages/airflow/example_dags/example_sensor_decorator.py
[2023-11-20T21:54:45.030+0000] {processor.py:839} INFO - DAG(s) dict_keys(['example_sensor_decorator']) retrieved from /home/airflow/.local/lib/python3.8/site-packages/airflow/example_dags/example_sensor_decorator.py
[2023-11-20T21:54:45.048+0000] {logging_mixin.py:154} INFO - [2023-11-20T21:54:45.047+0000] {dag.py:2941} INFO - Sync 1 DAGs
[2023-11-20T21:54:45.055+0000] {logging_mixin.py:154} INFO - [2023-11-20T21:54:45.055+0000] {dag.py:3722} INFO - Setting next_dagrun for example_sensor_decorator to None, run_after=None
[2023-11-20T21:54:45.065+0000] {processor.py:179} INFO - Processing /home/airflow/.local/lib/python3.8/site-packages/airflow/example_dags/example_sensor_decorator.py took 0.049 seconds
[2023-11-20T21:55:16.056+0000] {processor.py:157} INFO - Started process (PID=760) to work on /home/airflow/.local/lib/python3.8/site-packages/airflow/example_dags/example_sensor_decorator.py
[2023-11-20T21:55:16.057+0000] {processor.py:829} INFO - Processing file /home/airflow/.local/lib/python3.8/site-packages/airflow/example_dags/example_sensor_decorator.py for tasks to queue
[2023-11-20T21:55:16.058+0000] {logging_mixin.py:154} INFO - [2023-11-20T21:55:16.058+0000] {dagbag.py:536} INFO - Filling up the DagBag from /home/airflow/.local/lib/python3.8/site-packages/airflow/example_dags/example_sensor_decorator.py
[2023-11-20T21:55:16.063+0000] {processor.py:839} INFO - DAG(s) dict_keys(['example_sensor_decorator']) retrieved from /home/airflow/.local/lib/python3.8/site-packages/airflow/example_dags/example_sensor_decorator.py
[2023-11-20T21:55:16.082+0000] {logging_mixin.py:154} INFO - [2023-11-20T21:55:16.082+0000] {dag.py:2941} INFO - Sync 1 DAGs
[2023-11-20T21:55:16.090+0000] {logging_mixin.py:154} INFO - [2023-11-20T21:55:16.090+0000] {dag.py:3722} INFO - Setting next_dagrun for example_sensor_decorator to None, run_after=None
[2023-11-20T21:55:16.099+0000] {processor.py:179} INFO - Processing /home/airflow/.local/lib/python3.8/site-packages/airflow/example_dags/example_sensor_decorator.py took 0.045 seconds
[2023-11-20T21:55:46.658+0000] {processor.py:157} INFO - Started process (PID=814) to work on /home/airflow/.local/lib/python3.8/site-packages/airflow/example_dags/example_sensor_decorator.py
[2023-11-20T21:55:46.659+0000] {processor.py:829} INFO - Processing file /home/airflow/.local/lib/python3.8/site-packages/airflow/example_dags/example_sensor_decorator.py for tasks to queue
[2023-11-20T21:55:46.661+0000] {logging_mixin.py:154} INFO - [2023-11-20T21:55:46.661+0000] {dagbag.py:536} INFO - Filling up the DagBag from /home/airflow/.local/lib/python3.8/site-packages/airflow/example_dags/example_sensor_decorator.py
[2023-11-20T21:55:46.667+0000] {processor.py:839} INFO - DAG(s) dict_keys(['example_sensor_decorator']) retrieved from /home/airflow/.local/lib/python3.8/site-packages/airflow/example_dags/example_sensor_decorator.py
[2023-11-20T21:55:46.686+0000] {logging_mixin.py:154} INFO - [2023-11-20T21:55:46.685+0000] {dag.py:2941} INFO - Sync 1 DAGs
[2023-11-20T21:55:46.693+0000] {logging_mixin.py:154} INFO - [2023-11-20T21:55:46.693+0000] {dag.py:3722} INFO - Setting next_dagrun for example_sensor_decorator to None, run_after=None
[2023-11-20T21:55:46.703+0000] {processor.py:179} INFO - Processing /home/airflow/.local/lib/python3.8/site-packages/airflow/example_dags/example_sensor_decorator.py took 0.048 seconds
[2023-11-20T21:56:17.124+0000] {processor.py:157} INFO - Started process (PID=868) to work on /home/airflow/.local/lib/python3.8/site-packages/airflow/example_dags/example_sensor_decorator.py
[2023-11-20T21:56:17.125+0000] {processor.py:829} INFO - Processing file /home/airflow/.local/lib/python3.8/site-packages/airflow/example_dags/example_sensor_decorator.py for tasks to queue
[2023-11-20T21:56:17.127+0000] {logging_mixin.py:154} INFO - [2023-11-20T21:56:17.126+0000] {dagbag.py:536} INFO - Filling up the DagBag from /home/airflow/.local/lib/python3.8/site-packages/airflow/example_dags/example_sensor_decorator.py
[2023-11-20T21:56:17.155+0000] {processor.py:839} INFO - DAG(s) dict_keys(['example_sensor_decorator']) retrieved from /home/airflow/.local/lib/python3.8/site-packages/airflow/example_dags/example_sensor_decorator.py
[2023-11-20T21:56:17.176+0000] {logging_mixin.py:154} INFO - [2023-11-20T21:56:17.176+0000] {dag.py:2941} INFO - Sync 1 DAGs
[2023-11-20T21:56:17.184+0000] {logging_mixin.py:154} INFO - [2023-11-20T21:56:17.184+0000] {dag.py:3722} INFO - Setting next_dagrun for example_sensor_decorator to None, run_after=None
[2023-11-20T21:56:17.195+0000] {processor.py:179} INFO - Processing /home/airflow/.local/lib/python3.8/site-packages/airflow/example_dags/example_sensor_decorator.py took 0.074 seconds
[2023-11-20T21:56:47.493+0000] {processor.py:157} INFO - Started process (PID=921) to work on /home/airflow/.local/lib/python3.8/site-packages/airflow/example_dags/example_sensor_decorator.py
[2023-11-20T21:56:47.494+0000] {processor.py:829} INFO - Processing file /home/airflow/.local/lib/python3.8/site-packages/airflow/example_dags/example_sensor_decorator.py for tasks to queue
[2023-11-20T21:56:47.497+0000] {logging_mixin.py:154} INFO - [2023-11-20T21:56:47.497+0000] {dagbag.py:536} INFO - Filling up the DagBag from /home/airflow/.local/lib/python3.8/site-packages/airflow/example_dags/example_sensor_decorator.py
[2023-11-20T21:56:47.505+0000] {processor.py:839} INFO - DAG(s) dict_keys(['example_sensor_decorator']) retrieved from /home/airflow/.local/lib/python3.8/site-packages/airflow/example_dags/example_sensor_decorator.py
[2023-11-20T21:56:47.525+0000] {logging_mixin.py:154} INFO - [2023-11-20T21:56:47.525+0000] {dag.py:2941} INFO - Sync 1 DAGs
[2023-11-20T21:56:47.533+0000] {logging_mixin.py:154} INFO - [2023-11-20T21:56:47.533+0000] {dag.py:3722} INFO - Setting next_dagrun for example_sensor_decorator to None, run_after=None
[2023-11-20T21:56:47.543+0000] {processor.py:179} INFO - Processing /home/airflow/.local/lib/python3.8/site-packages/airflow/example_dags/example_sensor_decorator.py took 0.054 seconds
[2023-11-20T21:57:18.366+0000] {processor.py:157} INFO - Started process (PID=976) to work on /home/airflow/.local/lib/python3.8/site-packages/airflow/example_dags/example_sensor_decorator.py
[2023-11-20T21:57:18.367+0000] {processor.py:829} INFO - Processing file /home/airflow/.local/lib/python3.8/site-packages/airflow/example_dags/example_sensor_decorator.py for tasks to queue
[2023-11-20T21:57:18.369+0000] {logging_mixin.py:154} INFO - [2023-11-20T21:57:18.369+0000] {dagbag.py:536} INFO - Filling up the DagBag from /home/airflow/.local/lib/python3.8/site-packages/airflow/example_dags/example_sensor_decorator.py
[2023-11-20T21:57:18.375+0000] {processor.py:839} INFO - DAG(s) dict_keys(['example_sensor_decorator']) retrieved from /home/airflow/.local/lib/python3.8/site-packages/airflow/example_dags/example_sensor_decorator.py
[2023-11-20T21:57:18.396+0000] {logging_mixin.py:154} INFO - [2023-11-20T21:57:18.396+0000] {dag.py:2941} INFO - Sync 1 DAGs
[2023-11-20T21:57:18.405+0000] {logging_mixin.py:154} INFO - [2023-11-20T21:57:18.405+0000] {dag.py:3722} INFO - Setting next_dagrun for example_sensor_decorator to None, run_after=None
[2023-11-20T21:57:18.415+0000] {processor.py:179} INFO - Processing /home/airflow/.local/lib/python3.8/site-packages/airflow/example_dags/example_sensor_decorator.py took 0.052 seconds
[2023-11-20T21:57:48.999+0000] {processor.py:157} INFO - Started process (PID=1030) to work on /home/airflow/.local/lib/python3.8/site-packages/airflow/example_dags/example_sensor_decorator.py
[2023-11-20T21:57:49.000+0000] {processor.py:829} INFO - Processing file /home/airflow/.local/lib/python3.8/site-packages/airflow/example_dags/example_sensor_decorator.py for tasks to queue
[2023-11-20T21:57:49.002+0000] {logging_mixin.py:154} INFO - [2023-11-20T21:57:49.002+0000] {dagbag.py:536} INFO - Filling up the DagBag from /home/airflow/.local/lib/python3.8/site-packages/airflow/example_dags/example_sensor_decorator.py
[2023-11-20T21:57:49.007+0000] {processor.py:839} INFO - DAG(s) dict_keys(['example_sensor_decorator']) retrieved from /home/airflow/.local/lib/python3.8/site-packages/airflow/example_dags/example_sensor_decorator.py
[2023-11-20T21:57:49.024+0000] {logging_mixin.py:154} INFO - [2023-11-20T21:57:49.024+0000] {dag.py:2941} INFO - Sync 1 DAGs
[2023-11-20T21:57:49.032+0000] {logging_mixin.py:154} INFO - [2023-11-20T21:57:49.032+0000] {dag.py:3722} INFO - Setting next_dagrun for example_sensor_decorator to None, run_after=None
[2023-11-20T21:57:49.042+0000] {processor.py:179} INFO - Processing /home/airflow/.local/lib/python3.8/site-packages/airflow/example_dags/example_sensor_decorator.py took 0.047 seconds
[2023-11-20T21:58:19.320+0000] {processor.py:157} INFO - Started process (PID=1084) to work on /home/airflow/.local/lib/python3.8/site-packages/airflow/example_dags/example_sensor_decorator.py
[2023-11-20T21:58:19.321+0000] {processor.py:829} INFO - Processing file /home/airflow/.local/lib/python3.8/site-packages/airflow/example_dags/example_sensor_decorator.py for tasks to queue
[2023-11-20T21:58:19.323+0000] {logging_mixin.py:154} INFO - [2023-11-20T21:58:19.323+0000] {dagbag.py:536} INFO - Filling up the DagBag from /home/airflow/.local/lib/python3.8/site-packages/airflow/example_dags/example_sensor_decorator.py
[2023-11-20T21:58:19.329+0000] {processor.py:839} INFO - DAG(s) dict_keys(['example_sensor_decorator']) retrieved from /home/airflow/.local/lib/python3.8/site-packages/airflow/example_dags/example_sensor_decorator.py
[2023-11-20T21:58:19.347+0000] {logging_mixin.py:154} INFO - [2023-11-20T21:58:19.347+0000] {dag.py:2941} INFO - Sync 1 DAGs
[2023-11-20T21:58:19.354+0000] {logging_mixin.py:154} INFO - [2023-11-20T21:58:19.354+0000] {dag.py:3722} INFO - Setting next_dagrun for example_sensor_decorator to None, run_after=None
[2023-11-20T21:58:19.363+0000] {processor.py:179} INFO - Processing /home/airflow/.local/lib/python3.8/site-packages/airflow/example_dags/example_sensor_decorator.py took 0.045 seconds
