[2023-11-20T21:48:40.211+0000] {processor.py:157} INFO - Started process (PID=66) to work on /home/airflow/.local/lib/python3.8/site-packages/airflow/example_dags/example_sensors.py
[2023-11-20T21:48:40.212+0000] {processor.py:829} INFO - Processing file /home/airflow/.local/lib/python3.8/site-packages/airflow/example_dags/example_sensors.py for tasks to queue
[2023-11-20T21:48:40.250+0000] {logging_mixin.py:154} INFO - [2023-11-20T21:48:40.249+0000] {dagbag.py:536} INFO - Filling up the DagBag from /home/airflow/.local/lib/python3.8/site-packages/airflow/example_dags/example_sensors.py
[2023-11-20T21:48:40.372+0000] {processor.py:839} INFO - DAG(s) dict_keys(['example_sensors']) retrieved from /home/airflow/.local/lib/python3.8/site-packages/airflow/example_dags/example_sensors.py
[2023-11-20T21:48:40.411+0000] {logging_mixin.py:154} INFO - [2023-11-20T21:48:40.411+0000] {dag.py:2941} INFO - Sync 1 DAGs
[2023-11-20T21:48:40.435+0000] {logging_mixin.py:154} INFO - [2023-11-20T21:48:40.434+0000] {dag.py:3722} INFO - Setting next_dagrun for example_sensors to None, run_after=None
[2023-11-20T21:48:40.466+0000] {processor.py:179} INFO - Processing /home/airflow/.local/lib/python3.8/site-packages/airflow/example_dags/example_sensors.py took 0.258 seconds
[2023-11-20T21:49:11.005+0000] {processor.py:157} INFO - Started process (PID=120) to work on /home/airflow/.local/lib/python3.8/site-packages/airflow/example_dags/example_sensors.py
[2023-11-20T21:49:11.006+0000] {processor.py:829} INFO - Processing file /home/airflow/.local/lib/python3.8/site-packages/airflow/example_dags/example_sensors.py for tasks to queue
[2023-11-20T21:49:11.007+0000] {logging_mixin.py:154} INFO - [2023-11-20T21:49:11.007+0000] {dagbag.py:536} INFO - Filling up the DagBag from /home/airflow/.local/lib/python3.8/site-packages/airflow/example_dags/example_sensors.py
[2023-11-20T21:49:11.013+0000] {processor.py:839} INFO - DAG(s) dict_keys(['example_sensors']) retrieved from /home/airflow/.local/lib/python3.8/site-packages/airflow/example_dags/example_sensors.py
[2023-11-20T21:49:11.036+0000] {logging_mixin.py:154} INFO - [2023-11-20T21:49:11.035+0000] {dag.py:2941} INFO - Sync 1 DAGs
[2023-11-20T21:49:11.049+0000] {logging_mixin.py:154} INFO - [2023-11-20T21:49:11.049+0000] {dag.py:3722} INFO - Setting next_dagrun for example_sensors to None, run_after=None
[2023-11-20T21:49:11.059+0000] {processor.py:179} INFO - Processing /home/airflow/.local/lib/python3.8/site-packages/airflow/example_dags/example_sensors.py took 0.056 seconds
[2023-11-20T21:49:42.016+0000] {processor.py:157} INFO - Started process (PID=174) to work on /home/airflow/.local/lib/python3.8/site-packages/airflow/example_dags/example_sensors.py
[2023-11-20T21:49:42.017+0000] {processor.py:829} INFO - Processing file /home/airflow/.local/lib/python3.8/site-packages/airflow/example_dags/example_sensors.py for tasks to queue
[2023-11-20T21:49:42.018+0000] {logging_mixin.py:154} INFO - [2023-11-20T21:49:42.018+0000] {dagbag.py:536} INFO - Filling up the DagBag from /home/airflow/.local/lib/python3.8/site-packages/airflow/example_dags/example_sensors.py
[2023-11-20T21:49:42.025+0000] {processor.py:839} INFO - DAG(s) dict_keys(['example_sensors']) retrieved from /home/airflow/.local/lib/python3.8/site-packages/airflow/example_dags/example_sensors.py
[2023-11-20T21:49:42.041+0000] {logging_mixin.py:154} INFO - [2023-11-20T21:49:42.040+0000] {dag.py:2941} INFO - Sync 1 DAGs
[2023-11-20T21:49:42.047+0000] {logging_mixin.py:154} INFO - [2023-11-20T21:49:42.047+0000] {dag.py:3722} INFO - Setting next_dagrun for example_sensors to None, run_after=None
[2023-11-20T21:49:42.055+0000] {processor.py:179} INFO - Processing /home/airflow/.local/lib/python3.8/site-packages/airflow/example_dags/example_sensors.py took 0.042 seconds
[2023-11-20T21:50:12.441+0000] {processor.py:157} INFO - Started process (PID=228) to work on /home/airflow/.local/lib/python3.8/site-packages/airflow/example_dags/example_sensors.py
[2023-11-20T21:50:12.441+0000] {processor.py:829} INFO - Processing file /home/airflow/.local/lib/python3.8/site-packages/airflow/example_dags/example_sensors.py for tasks to queue
[2023-11-20T21:50:12.443+0000] {logging_mixin.py:154} INFO - [2023-11-20T21:50:12.443+0000] {dagbag.py:536} INFO - Filling up the DagBag from /home/airflow/.local/lib/python3.8/site-packages/airflow/example_dags/example_sensors.py
[2023-11-20T21:50:12.448+0000] {processor.py:839} INFO - DAG(s) dict_keys(['example_sensors']) retrieved from /home/airflow/.local/lib/python3.8/site-packages/airflow/example_dags/example_sensors.py
[2023-11-20T21:50:12.464+0000] {logging_mixin.py:154} INFO - [2023-11-20T21:50:12.464+0000] {dag.py:2941} INFO - Sync 1 DAGs
[2023-11-20T21:50:12.470+0000] {logging_mixin.py:154} INFO - [2023-11-20T21:50:12.470+0000] {dag.py:3722} INFO - Setting next_dagrun for example_sensors to None, run_after=None
[2023-11-20T21:50:12.477+0000] {processor.py:179} INFO - Processing /home/airflow/.local/lib/python3.8/site-packages/airflow/example_dags/example_sensors.py took 0.039 seconds
[2023-11-20T21:50:42.650+0000] {processor.py:157} INFO - Started process (PID=282) to work on /home/airflow/.local/lib/python3.8/site-packages/airflow/example_dags/example_sensors.py
[2023-11-20T21:50:42.651+0000] {processor.py:829} INFO - Processing file /home/airflow/.local/lib/python3.8/site-packages/airflow/example_dags/example_sensors.py for tasks to queue
[2023-11-20T21:50:42.652+0000] {logging_mixin.py:154} INFO - [2023-11-20T21:50:42.652+0000] {dagbag.py:536} INFO - Filling up the DagBag from /home/airflow/.local/lib/python3.8/site-packages/airflow/example_dags/example_sensors.py
[2023-11-20T21:50:42.657+0000] {processor.py:839} INFO - DAG(s) dict_keys(['example_sensors']) retrieved from /home/airflow/.local/lib/python3.8/site-packages/airflow/example_dags/example_sensors.py
[2023-11-20T21:50:42.676+0000] {logging_mixin.py:154} INFO - [2023-11-20T21:50:42.676+0000] {dag.py:2941} INFO - Sync 1 DAGs
[2023-11-20T21:50:42.682+0000] {logging_mixin.py:154} INFO - [2023-11-20T21:50:42.682+0000] {dag.py:3722} INFO - Setting next_dagrun for example_sensors to None, run_after=None
[2023-11-20T21:50:42.691+0000] {processor.py:179} INFO - Processing /home/airflow/.local/lib/python3.8/site-packages/airflow/example_dags/example_sensors.py took 0.043 seconds
[2023-11-20T21:51:12.809+0000] {processor.py:157} INFO - Started process (PID=336) to work on /home/airflow/.local/lib/python3.8/site-packages/airflow/example_dags/example_sensors.py
[2023-11-20T21:51:12.810+0000] {processor.py:829} INFO - Processing file /home/airflow/.local/lib/python3.8/site-packages/airflow/example_dags/example_sensors.py for tasks to queue
[2023-11-20T21:51:12.812+0000] {logging_mixin.py:154} INFO - [2023-11-20T21:51:12.811+0000] {dagbag.py:536} INFO - Filling up the DagBag from /home/airflow/.local/lib/python3.8/site-packages/airflow/example_dags/example_sensors.py
[2023-11-20T21:51:12.817+0000] {processor.py:839} INFO - DAG(s) dict_keys(['example_sensors']) retrieved from /home/airflow/.local/lib/python3.8/site-packages/airflow/example_dags/example_sensors.py
[2023-11-20T21:51:12.832+0000] {logging_mixin.py:154} INFO - [2023-11-20T21:51:12.832+0000] {dag.py:2941} INFO - Sync 1 DAGs
[2023-11-20T21:51:12.838+0000] {logging_mixin.py:154} INFO - [2023-11-20T21:51:12.838+0000] {dag.py:3722} INFO - Setting next_dagrun for example_sensors to None, run_after=None
[2023-11-20T21:51:12.846+0000] {processor.py:179} INFO - Processing /home/airflow/.local/lib/python3.8/site-packages/airflow/example_dags/example_sensors.py took 0.039 seconds
[2023-11-20T21:51:43.283+0000] {processor.py:157} INFO - Started process (PID=390) to work on /home/airflow/.local/lib/python3.8/site-packages/airflow/example_dags/example_sensors.py
[2023-11-20T21:51:43.283+0000] {processor.py:829} INFO - Processing file /home/airflow/.local/lib/python3.8/site-packages/airflow/example_dags/example_sensors.py for tasks to queue
[2023-11-20T21:51:43.285+0000] {logging_mixin.py:154} INFO - [2023-11-20T21:51:43.285+0000] {dagbag.py:536} INFO - Filling up the DagBag from /home/airflow/.local/lib/python3.8/site-packages/airflow/example_dags/example_sensors.py
[2023-11-20T21:51:43.290+0000] {processor.py:839} INFO - DAG(s) dict_keys(['example_sensors']) retrieved from /home/airflow/.local/lib/python3.8/site-packages/airflow/example_dags/example_sensors.py
[2023-11-20T21:51:43.305+0000] {logging_mixin.py:154} INFO - [2023-11-20T21:51:43.305+0000] {dag.py:2941} INFO - Sync 1 DAGs
[2023-11-20T21:51:43.311+0000] {logging_mixin.py:154} INFO - [2023-11-20T21:51:43.311+0000] {dag.py:3722} INFO - Setting next_dagrun for example_sensors to None, run_after=None
[2023-11-20T21:51:43.319+0000] {processor.py:179} INFO - Processing /home/airflow/.local/lib/python3.8/site-packages/airflow/example_dags/example_sensors.py took 0.038 seconds
[2023-11-20T21:52:13.479+0000] {processor.py:157} INFO - Started process (PID=444) to work on /home/airflow/.local/lib/python3.8/site-packages/airflow/example_dags/example_sensors.py
[2023-11-20T21:52:13.480+0000] {processor.py:829} INFO - Processing file /home/airflow/.local/lib/python3.8/site-packages/airflow/example_dags/example_sensors.py for tasks to queue
[2023-11-20T21:52:13.482+0000] {logging_mixin.py:154} INFO - [2023-11-20T21:52:13.482+0000] {dagbag.py:536} INFO - Filling up the DagBag from /home/airflow/.local/lib/python3.8/site-packages/airflow/example_dags/example_sensors.py
[2023-11-20T21:52:13.488+0000] {processor.py:839} INFO - DAG(s) dict_keys(['example_sensors']) retrieved from /home/airflow/.local/lib/python3.8/site-packages/airflow/example_dags/example_sensors.py
[2023-11-20T21:52:13.503+0000] {logging_mixin.py:154} INFO - [2023-11-20T21:52:13.503+0000] {dag.py:2941} INFO - Sync 1 DAGs
[2023-11-20T21:52:13.512+0000] {logging_mixin.py:154} INFO - [2023-11-20T21:52:13.512+0000] {dag.py:3722} INFO - Setting next_dagrun for example_sensors to None, run_after=None
[2023-11-20T21:52:13.523+0000] {processor.py:179} INFO - Processing /home/airflow/.local/lib/python3.8/site-packages/airflow/example_dags/example_sensors.py took 0.046 seconds
[2023-11-20T21:52:43.720+0000] {processor.py:157} INFO - Started process (PID=498) to work on /home/airflow/.local/lib/python3.8/site-packages/airflow/example_dags/example_sensors.py
[2023-11-20T21:52:43.721+0000] {processor.py:829} INFO - Processing file /home/airflow/.local/lib/python3.8/site-packages/airflow/example_dags/example_sensors.py for tasks to queue
[2023-11-20T21:52:43.722+0000] {logging_mixin.py:154} INFO - [2023-11-20T21:52:43.722+0000] {dagbag.py:536} INFO - Filling up the DagBag from /home/airflow/.local/lib/python3.8/site-packages/airflow/example_dags/example_sensors.py
[2023-11-20T21:52:43.727+0000] {processor.py:839} INFO - DAG(s) dict_keys(['example_sensors']) retrieved from /home/airflow/.local/lib/python3.8/site-packages/airflow/example_dags/example_sensors.py
[2023-11-20T21:52:43.741+0000] {logging_mixin.py:154} INFO - [2023-11-20T21:52:43.740+0000] {dag.py:2941} INFO - Sync 1 DAGs
[2023-11-20T21:52:43.746+0000] {logging_mixin.py:154} INFO - [2023-11-20T21:52:43.746+0000] {dag.py:3722} INFO - Setting next_dagrun for example_sensors to None, run_after=None
[2023-11-20T21:52:43.754+0000] {processor.py:179} INFO - Processing /home/airflow/.local/lib/python3.8/site-packages/airflow/example_dags/example_sensors.py took 0.036 seconds
[2023-11-20T21:53:14.317+0000] {processor.py:157} INFO - Started process (PID=552) to work on /home/airflow/.local/lib/python3.8/site-packages/airflow/example_dags/example_sensors.py
[2023-11-20T21:53:14.319+0000] {processor.py:829} INFO - Processing file /home/airflow/.local/lib/python3.8/site-packages/airflow/example_dags/example_sensors.py for tasks to queue
[2023-11-20T21:53:14.321+0000] {logging_mixin.py:154} INFO - [2023-11-20T21:53:14.320+0000] {dagbag.py:536} INFO - Filling up the DagBag from /home/airflow/.local/lib/python3.8/site-packages/airflow/example_dags/example_sensors.py
[2023-11-20T21:53:14.328+0000] {processor.py:839} INFO - DAG(s) dict_keys(['example_sensors']) retrieved from /home/airflow/.local/lib/python3.8/site-packages/airflow/example_dags/example_sensors.py
[2023-11-20T21:53:14.347+0000] {logging_mixin.py:154} INFO - [2023-11-20T21:53:14.347+0000] {dag.py:2941} INFO - Sync 1 DAGs
[2023-11-20T21:53:14.354+0000] {logging_mixin.py:154} INFO - [2023-11-20T21:53:14.354+0000] {dag.py:3722} INFO - Setting next_dagrun for example_sensors to None, run_after=None
[2023-11-20T21:53:14.373+0000] {processor.py:179} INFO - Processing /home/airflow/.local/lib/python3.8/site-packages/airflow/example_dags/example_sensors.py took 0.059 seconds
[2023-11-20T21:53:44.568+0000] {processor.py:157} INFO - Started process (PID=606) to work on /home/airflow/.local/lib/python3.8/site-packages/airflow/example_dags/example_sensors.py
[2023-11-20T21:53:44.570+0000] {processor.py:829} INFO - Processing file /home/airflow/.local/lib/python3.8/site-packages/airflow/example_dags/example_sensors.py for tasks to queue
[2023-11-20T21:53:44.571+0000] {logging_mixin.py:154} INFO - [2023-11-20T21:53:44.571+0000] {dagbag.py:536} INFO - Filling up the DagBag from /home/airflow/.local/lib/python3.8/site-packages/airflow/example_dags/example_sensors.py
[2023-11-20T21:53:44.576+0000] {processor.py:839} INFO - DAG(s) dict_keys(['example_sensors']) retrieved from /home/airflow/.local/lib/python3.8/site-packages/airflow/example_dags/example_sensors.py
[2023-11-20T21:53:44.592+0000] {logging_mixin.py:154} INFO - [2023-11-20T21:53:44.592+0000] {dag.py:2941} INFO - Sync 1 DAGs
[2023-11-20T21:53:44.599+0000] {logging_mixin.py:154} INFO - [2023-11-20T21:53:44.598+0000] {dag.py:3722} INFO - Setting next_dagrun for example_sensors to None, run_after=None
[2023-11-20T21:53:44.607+0000] {processor.py:179} INFO - Processing /home/airflow/.local/lib/python3.8/site-packages/airflow/example_dags/example_sensors.py took 0.041 seconds
[2023-11-20T21:54:14.714+0000] {processor.py:157} INFO - Started process (PID=660) to work on /home/airflow/.local/lib/python3.8/site-packages/airflow/example_dags/example_sensors.py
[2023-11-20T21:54:14.715+0000] {processor.py:829} INFO - Processing file /home/airflow/.local/lib/python3.8/site-packages/airflow/example_dags/example_sensors.py for tasks to queue
[2023-11-20T21:54:14.716+0000] {logging_mixin.py:154} INFO - [2023-11-20T21:54:14.716+0000] {dagbag.py:536} INFO - Filling up the DagBag from /home/airflow/.local/lib/python3.8/site-packages/airflow/example_dags/example_sensors.py
[2023-11-20T21:54:14.721+0000] {processor.py:839} INFO - DAG(s) dict_keys(['example_sensors']) retrieved from /home/airflow/.local/lib/python3.8/site-packages/airflow/example_dags/example_sensors.py
[2023-11-20T21:54:14.736+0000] {logging_mixin.py:154} INFO - [2023-11-20T21:54:14.735+0000] {dag.py:2941} INFO - Sync 1 DAGs
[2023-11-20T21:54:14.741+0000] {logging_mixin.py:154} INFO - [2023-11-20T21:54:14.741+0000] {dag.py:3722} INFO - Setting next_dagrun for example_sensors to None, run_after=None
[2023-11-20T21:54:14.749+0000] {processor.py:179} INFO - Processing /home/airflow/.local/lib/python3.8/site-packages/airflow/example_dags/example_sensors.py took 0.037 seconds
[2023-11-20T21:54:45.399+0000] {processor.py:157} INFO - Started process (PID=714) to work on /home/airflow/.local/lib/python3.8/site-packages/airflow/example_dags/example_sensors.py
[2023-11-20T21:54:45.400+0000] {processor.py:829} INFO - Processing file /home/airflow/.local/lib/python3.8/site-packages/airflow/example_dags/example_sensors.py for tasks to queue
[2023-11-20T21:54:45.402+0000] {logging_mixin.py:154} INFO - [2023-11-20T21:54:45.402+0000] {dagbag.py:536} INFO - Filling up the DagBag from /home/airflow/.local/lib/python3.8/site-packages/airflow/example_dags/example_sensors.py
[2023-11-20T21:54:45.408+0000] {processor.py:839} INFO - DAG(s) dict_keys(['example_sensors']) retrieved from /home/airflow/.local/lib/python3.8/site-packages/airflow/example_dags/example_sensors.py
[2023-11-20T21:54:45.425+0000] {logging_mixin.py:154} INFO - [2023-11-20T21:54:45.425+0000] {dag.py:2941} INFO - Sync 1 DAGs
[2023-11-20T21:54:45.432+0000] {logging_mixin.py:154} INFO - [2023-11-20T21:54:45.431+0000] {dag.py:3722} INFO - Setting next_dagrun for example_sensors to None, run_after=None
[2023-11-20T21:54:45.441+0000] {processor.py:179} INFO - Processing /home/airflow/.local/lib/python3.8/site-packages/airflow/example_dags/example_sensors.py took 0.044 seconds
[2023-11-20T21:55:16.435+0000] {processor.py:157} INFO - Started process (PID=768) to work on /home/airflow/.local/lib/python3.8/site-packages/airflow/example_dags/example_sensors.py
[2023-11-20T21:55:16.436+0000] {processor.py:829} INFO - Processing file /home/airflow/.local/lib/python3.8/site-packages/airflow/example_dags/example_sensors.py for tasks to queue
[2023-11-20T21:55:16.437+0000] {logging_mixin.py:154} INFO - [2023-11-20T21:55:16.437+0000] {dagbag.py:536} INFO - Filling up the DagBag from /home/airflow/.local/lib/python3.8/site-packages/airflow/example_dags/example_sensors.py
[2023-11-20T21:55:16.443+0000] {processor.py:839} INFO - DAG(s) dict_keys(['example_sensors']) retrieved from /home/airflow/.local/lib/python3.8/site-packages/airflow/example_dags/example_sensors.py
[2023-11-20T21:55:16.458+0000] {logging_mixin.py:154} INFO - [2023-11-20T21:55:16.458+0000] {dag.py:2941} INFO - Sync 1 DAGs
[2023-11-20T21:55:16.464+0000] {logging_mixin.py:154} INFO - [2023-11-20T21:55:16.463+0000] {dag.py:3722} INFO - Setting next_dagrun for example_sensors to None, run_after=None
[2023-11-20T21:55:16.472+0000] {processor.py:179} INFO - Processing /home/airflow/.local/lib/python3.8/site-packages/airflow/example_dags/example_sensors.py took 0.038 seconds
[2023-11-20T21:55:47.065+0000] {processor.py:157} INFO - Started process (PID=822) to work on /home/airflow/.local/lib/python3.8/site-packages/airflow/example_dags/example_sensors.py
[2023-11-20T21:55:47.066+0000] {processor.py:829} INFO - Processing file /home/airflow/.local/lib/python3.8/site-packages/airflow/example_dags/example_sensors.py for tasks to queue
[2023-11-20T21:55:47.067+0000] {logging_mixin.py:154} INFO - [2023-11-20T21:55:47.067+0000] {dagbag.py:536} INFO - Filling up the DagBag from /home/airflow/.local/lib/python3.8/site-packages/airflow/example_dags/example_sensors.py
[2023-11-20T21:55:47.073+0000] {processor.py:839} INFO - DAG(s) dict_keys(['example_sensors']) retrieved from /home/airflow/.local/lib/python3.8/site-packages/airflow/example_dags/example_sensors.py
[2023-11-20T21:55:47.088+0000] {logging_mixin.py:154} INFO - [2023-11-20T21:55:47.088+0000] {dag.py:2941} INFO - Sync 1 DAGs
[2023-11-20T21:55:47.094+0000] {logging_mixin.py:154} INFO - [2023-11-20T21:55:47.094+0000] {dag.py:3722} INFO - Setting next_dagrun for example_sensors to None, run_after=None
[2023-11-20T21:55:47.103+0000] {processor.py:179} INFO - Processing /home/airflow/.local/lib/python3.8/site-packages/airflow/example_dags/example_sensors.py took 0.040 seconds
[2023-11-20T21:56:17.653+0000] {processor.py:157} INFO - Started process (PID=876) to work on /home/airflow/.local/lib/python3.8/site-packages/airflow/example_dags/example_sensors.py
[2023-11-20T21:56:17.654+0000] {processor.py:829} INFO - Processing file /home/airflow/.local/lib/python3.8/site-packages/airflow/example_dags/example_sensors.py for tasks to queue
[2023-11-20T21:56:17.656+0000] {logging_mixin.py:154} INFO - [2023-11-20T21:56:17.655+0000] {dagbag.py:536} INFO - Filling up the DagBag from /home/airflow/.local/lib/python3.8/site-packages/airflow/example_dags/example_sensors.py
[2023-11-20T21:56:17.661+0000] {processor.py:839} INFO - DAG(s) dict_keys(['example_sensors']) retrieved from /home/airflow/.local/lib/python3.8/site-packages/airflow/example_dags/example_sensors.py
[2023-11-20T21:56:17.690+0000] {logging_mixin.py:154} INFO - [2023-11-20T21:56:17.690+0000] {dag.py:2941} INFO - Sync 1 DAGs
[2023-11-20T21:56:17.698+0000] {logging_mixin.py:154} INFO - [2023-11-20T21:56:17.698+0000] {dag.py:3722} INFO - Setting next_dagrun for example_sensors to None, run_after=None
[2023-11-20T21:56:17.707+0000] {processor.py:179} INFO - Processing /home/airflow/.local/lib/python3.8/site-packages/airflow/example_dags/example_sensors.py took 0.056 seconds
[2023-11-20T21:56:47.934+0000] {processor.py:157} INFO - Started process (PID=930) to work on /home/airflow/.local/lib/python3.8/site-packages/airflow/example_dags/example_sensors.py
[2023-11-20T21:56:47.935+0000] {processor.py:829} INFO - Processing file /home/airflow/.local/lib/python3.8/site-packages/airflow/example_dags/example_sensors.py for tasks to queue
[2023-11-20T21:56:47.936+0000] {logging_mixin.py:154} INFO - [2023-11-20T21:56:47.936+0000] {dagbag.py:536} INFO - Filling up the DagBag from /home/airflow/.local/lib/python3.8/site-packages/airflow/example_dags/example_sensors.py
[2023-11-20T21:56:47.941+0000] {processor.py:839} INFO - DAG(s) dict_keys(['example_sensors']) retrieved from /home/airflow/.local/lib/python3.8/site-packages/airflow/example_dags/example_sensors.py
[2023-11-20T21:56:47.958+0000] {logging_mixin.py:154} INFO - [2023-11-20T21:56:47.958+0000] {dag.py:2941} INFO - Sync 1 DAGs
[2023-11-20T21:56:47.964+0000] {logging_mixin.py:154} INFO - [2023-11-20T21:56:47.964+0000] {dag.py:3722} INFO - Setting next_dagrun for example_sensors to None, run_after=None
[2023-11-20T21:56:47.973+0000] {processor.py:179} INFO - Processing /home/airflow/.local/lib/python3.8/site-packages/airflow/example_dags/example_sensors.py took 0.041 seconds
[2023-11-20T21:57:18.735+0000] {processor.py:157} INFO - Started process (PID=984) to work on /home/airflow/.local/lib/python3.8/site-packages/airflow/example_dags/example_sensors.py
[2023-11-20T21:57:18.736+0000] {processor.py:829} INFO - Processing file /home/airflow/.local/lib/python3.8/site-packages/airflow/example_dags/example_sensors.py for tasks to queue
[2023-11-20T21:57:18.739+0000] {logging_mixin.py:154} INFO - [2023-11-20T21:57:18.738+0000] {dagbag.py:536} INFO - Filling up the DagBag from /home/airflow/.local/lib/python3.8/site-packages/airflow/example_dags/example_sensors.py
[2023-11-20T21:57:18.745+0000] {processor.py:839} INFO - DAG(s) dict_keys(['example_sensors']) retrieved from /home/airflow/.local/lib/python3.8/site-packages/airflow/example_dags/example_sensors.py
[2023-11-20T21:57:18.761+0000] {logging_mixin.py:154} INFO - [2023-11-20T21:57:18.761+0000] {dag.py:2941} INFO - Sync 1 DAGs
[2023-11-20T21:57:18.767+0000] {logging_mixin.py:154} INFO - [2023-11-20T21:57:18.767+0000] {dag.py:3722} INFO - Setting next_dagrun for example_sensors to None, run_after=None
[2023-11-20T21:57:18.777+0000] {processor.py:179} INFO - Processing /home/airflow/.local/lib/python3.8/site-packages/airflow/example_dags/example_sensors.py took 0.044 seconds
[2023-11-20T21:57:49.440+0000] {processor.py:157} INFO - Started process (PID=1038) to work on /home/airflow/.local/lib/python3.8/site-packages/airflow/example_dags/example_sensors.py
[2023-11-20T21:57:49.441+0000] {processor.py:829} INFO - Processing file /home/airflow/.local/lib/python3.8/site-packages/airflow/example_dags/example_sensors.py for tasks to queue
[2023-11-20T21:57:49.442+0000] {logging_mixin.py:154} INFO - [2023-11-20T21:57:49.442+0000] {dagbag.py:536} INFO - Filling up the DagBag from /home/airflow/.local/lib/python3.8/site-packages/airflow/example_dags/example_sensors.py
[2023-11-20T21:57:49.447+0000] {processor.py:839} INFO - DAG(s) dict_keys(['example_sensors']) retrieved from /home/airflow/.local/lib/python3.8/site-packages/airflow/example_dags/example_sensors.py
[2023-11-20T21:57:49.465+0000] {logging_mixin.py:154} INFO - [2023-11-20T21:57:49.465+0000] {dag.py:2941} INFO - Sync 1 DAGs
[2023-11-20T21:57:49.474+0000] {logging_mixin.py:154} INFO - [2023-11-20T21:57:49.474+0000] {dag.py:3722} INFO - Setting next_dagrun for example_sensors to None, run_after=None
[2023-11-20T21:57:49.484+0000] {processor.py:179} INFO - Processing /home/airflow/.local/lib/python3.8/site-packages/airflow/example_dags/example_sensors.py took 0.047 seconds
[2023-11-20T21:58:19.741+0000] {processor.py:157} INFO - Started process (PID=1092) to work on /home/airflow/.local/lib/python3.8/site-packages/airflow/example_dags/example_sensors.py
[2023-11-20T21:58:19.742+0000] {processor.py:829} INFO - Processing file /home/airflow/.local/lib/python3.8/site-packages/airflow/example_dags/example_sensors.py for tasks to queue
[2023-11-20T21:58:19.744+0000] {logging_mixin.py:154} INFO - [2023-11-20T21:58:19.743+0000] {dagbag.py:536} INFO - Filling up the DagBag from /home/airflow/.local/lib/python3.8/site-packages/airflow/example_dags/example_sensors.py
[2023-11-20T21:58:19.749+0000] {processor.py:839} INFO - DAG(s) dict_keys(['example_sensors']) retrieved from /home/airflow/.local/lib/python3.8/site-packages/airflow/example_dags/example_sensors.py
[2023-11-20T21:58:19.765+0000] {logging_mixin.py:154} INFO - [2023-11-20T21:58:19.765+0000] {dag.py:2941} INFO - Sync 1 DAGs
[2023-11-20T21:58:19.771+0000] {logging_mixin.py:154} INFO - [2023-11-20T21:58:19.771+0000] {dag.py:3722} INFO - Setting next_dagrun for example_sensors to None, run_after=None
[2023-11-20T21:58:19.781+0000] {processor.py:179} INFO - Processing /home/airflow/.local/lib/python3.8/site-packages/airflow/example_dags/example_sensors.py took 0.042 seconds
