[2023-11-20T21:48:40.814+0000] {processor.py:157} INFO - Started process (PID=72) to work on /home/airflow/.local/lib/python3.8/site-packages/airflow/example_dags/example_branch_labels.py
[2023-11-20T21:48:40.815+0000] {processor.py:829} INFO - Processing file /home/airflow/.local/lib/python3.8/site-packages/airflow/example_dags/example_branch_labels.py for tasks to queue
[2023-11-20T21:48:40.817+0000] {logging_mixin.py:154} INFO - [2023-11-20T21:48:40.816+0000] {dagbag.py:536} INFO - Filling up the DagBag from /home/airflow/.local/lib/python3.8/site-packages/airflow/example_dags/example_branch_labels.py
[2023-11-20T21:48:40.831+0000] {processor.py:839} INFO - DAG(s) dict_keys(['example_branch_labels']) retrieved from /home/airflow/.local/lib/python3.8/site-packages/airflow/example_dags/example_branch_labels.py
[2023-11-20T21:48:40.842+0000] {logging_mixin.py:154} INFO - [2023-11-20T21:48:40.842+0000] {dag.py:2941} INFO - Sync 1 DAGs
[2023-11-20T21:48:40.857+0000] {logging_mixin.py:154} INFO - [2023-11-20T21:48:40.857+0000] {dag.py:3722} INFO - Setting next_dagrun for example_branch_labels to 2023-11-19T00:00:00+00:00, run_after=2023-11-20T00:00:00+00:00
[2023-11-20T21:48:40.873+0000] {processor.py:179} INFO - Processing /home/airflow/.local/lib/python3.8/site-packages/airflow/example_dags/example_branch_labels.py took 0.061 seconds
[2023-11-20T21:49:11.216+0000] {processor.py:157} INFO - Started process (PID=126) to work on /home/airflow/.local/lib/python3.8/site-packages/airflow/example_dags/example_branch_labels.py
[2023-11-20T21:49:11.217+0000] {processor.py:829} INFO - Processing file /home/airflow/.local/lib/python3.8/site-packages/airflow/example_dags/example_branch_labels.py for tasks to queue
[2023-11-20T21:49:11.219+0000] {logging_mixin.py:154} INFO - [2023-11-20T21:49:11.218+0000] {dagbag.py:536} INFO - Filling up the DagBag from /home/airflow/.local/lib/python3.8/site-packages/airflow/example_dags/example_branch_labels.py
[2023-11-20T21:49:11.227+0000] {processor.py:839} INFO - DAG(s) dict_keys(['example_branch_labels']) retrieved from /home/airflow/.local/lib/python3.8/site-packages/airflow/example_dags/example_branch_labels.py
[2023-11-20T21:49:11.246+0000] {logging_mixin.py:154} INFO - [2023-11-20T21:49:11.245+0000] {dag.py:2941} INFO - Sync 1 DAGs
[2023-11-20T21:49:11.261+0000] {logging_mixin.py:154} INFO - [2023-11-20T21:49:11.261+0000] {dag.py:3722} INFO - Setting next_dagrun for example_branch_labels to 2023-11-19T00:00:00+00:00, run_after=2023-11-20T00:00:00+00:00
[2023-11-20T21:49:11.269+0000] {processor.py:179} INFO - Processing /home/airflow/.local/lib/python3.8/site-packages/airflow/example_dags/example_branch_labels.py took 0.056 seconds
[2023-11-20T21:49:42.189+0000] {processor.py:157} INFO - Started process (PID=180) to work on /home/airflow/.local/lib/python3.8/site-packages/airflow/example_dags/example_branch_labels.py
[2023-11-20T21:49:42.190+0000] {processor.py:829} INFO - Processing file /home/airflow/.local/lib/python3.8/site-packages/airflow/example_dags/example_branch_labels.py for tasks to queue
[2023-11-20T21:49:42.191+0000] {logging_mixin.py:154} INFO - [2023-11-20T21:49:42.191+0000] {dagbag.py:536} INFO - Filling up the DagBag from /home/airflow/.local/lib/python3.8/site-packages/airflow/example_dags/example_branch_labels.py
[2023-11-20T21:49:42.195+0000] {processor.py:839} INFO - DAG(s) dict_keys(['example_branch_labels']) retrieved from /home/airflow/.local/lib/python3.8/site-packages/airflow/example_dags/example_branch_labels.py
[2023-11-20T21:49:42.209+0000] {logging_mixin.py:154} INFO - [2023-11-20T21:49:42.209+0000] {dag.py:2941} INFO - Sync 1 DAGs
[2023-11-20T21:49:42.220+0000] {logging_mixin.py:154} INFO - [2023-11-20T21:49:42.220+0000] {dag.py:3722} INFO - Setting next_dagrun for example_branch_labels to 2023-11-19T00:00:00+00:00, run_after=2023-11-20T00:00:00+00:00
[2023-11-20T21:49:42.227+0000] {processor.py:179} INFO - Processing /home/airflow/.local/lib/python3.8/site-packages/airflow/example_dags/example_branch_labels.py took 0.040 seconds
[2023-11-20T21:50:12.609+0000] {processor.py:157} INFO - Started process (PID=234) to work on /home/airflow/.local/lib/python3.8/site-packages/airflow/example_dags/example_branch_labels.py
[2023-11-20T21:50:12.610+0000] {processor.py:829} INFO - Processing file /home/airflow/.local/lib/python3.8/site-packages/airflow/example_dags/example_branch_labels.py for tasks to queue
[2023-11-20T21:50:12.611+0000] {logging_mixin.py:154} INFO - [2023-11-20T21:50:12.611+0000] {dagbag.py:536} INFO - Filling up the DagBag from /home/airflow/.local/lib/python3.8/site-packages/airflow/example_dags/example_branch_labels.py
[2023-11-20T21:50:12.616+0000] {processor.py:839} INFO - DAG(s) dict_keys(['example_branch_labels']) retrieved from /home/airflow/.local/lib/python3.8/site-packages/airflow/example_dags/example_branch_labels.py
[2023-11-20T21:50:12.630+0000] {logging_mixin.py:154} INFO - [2023-11-20T21:50:12.630+0000] {dag.py:2941} INFO - Sync 1 DAGs
[2023-11-20T21:50:12.641+0000] {logging_mixin.py:154} INFO - [2023-11-20T21:50:12.641+0000] {dag.py:3722} INFO - Setting next_dagrun for example_branch_labels to 2023-11-19T00:00:00+00:00, run_after=2023-11-20T00:00:00+00:00
[2023-11-20T21:50:12.649+0000] {processor.py:179} INFO - Processing /home/airflow/.local/lib/python3.8/site-packages/airflow/example_dags/example_branch_labels.py took 0.042 seconds
[2023-11-20T21:50:42.823+0000] {processor.py:157} INFO - Started process (PID=288) to work on /home/airflow/.local/lib/python3.8/site-packages/airflow/example_dags/example_branch_labels.py
[2023-11-20T21:50:42.824+0000] {processor.py:829} INFO - Processing file /home/airflow/.local/lib/python3.8/site-packages/airflow/example_dags/example_branch_labels.py for tasks to queue
[2023-11-20T21:50:42.825+0000] {logging_mixin.py:154} INFO - [2023-11-20T21:50:42.825+0000] {dagbag.py:536} INFO - Filling up the DagBag from /home/airflow/.local/lib/python3.8/site-packages/airflow/example_dags/example_branch_labels.py
[2023-11-20T21:50:42.829+0000] {processor.py:839} INFO - DAG(s) dict_keys(['example_branch_labels']) retrieved from /home/airflow/.local/lib/python3.8/site-packages/airflow/example_dags/example_branch_labels.py
[2023-11-20T21:50:42.843+0000] {logging_mixin.py:154} INFO - [2023-11-20T21:50:42.843+0000] {dag.py:2941} INFO - Sync 1 DAGs
[2023-11-20T21:50:42.855+0000] {logging_mixin.py:154} INFO - [2023-11-20T21:50:42.855+0000] {dag.py:3722} INFO - Setting next_dagrun for example_branch_labels to 2023-11-19T00:00:00+00:00, run_after=2023-11-20T00:00:00+00:00
[2023-11-20T21:50:42.862+0000] {processor.py:179} INFO - Processing /home/airflow/.local/lib/python3.8/site-packages/airflow/example_dags/example_branch_labels.py took 0.041 seconds
[2023-11-20T21:51:12.986+0000] {processor.py:157} INFO - Started process (PID=342) to work on /home/airflow/.local/lib/python3.8/site-packages/airflow/example_dags/example_branch_labels.py
[2023-11-20T21:51:12.987+0000] {processor.py:829} INFO - Processing file /home/airflow/.local/lib/python3.8/site-packages/airflow/example_dags/example_branch_labels.py for tasks to queue
[2023-11-20T21:51:12.988+0000] {logging_mixin.py:154} INFO - [2023-11-20T21:51:12.988+0000] {dagbag.py:536} INFO - Filling up the DagBag from /home/airflow/.local/lib/python3.8/site-packages/airflow/example_dags/example_branch_labels.py
[2023-11-20T21:51:12.992+0000] {processor.py:839} INFO - DAG(s) dict_keys(['example_branch_labels']) retrieved from /home/airflow/.local/lib/python3.8/site-packages/airflow/example_dags/example_branch_labels.py
[2023-11-20T21:51:13.006+0000] {logging_mixin.py:154} INFO - [2023-11-20T21:51:13.005+0000] {dag.py:2941} INFO - Sync 1 DAGs
[2023-11-20T21:51:13.017+0000] {logging_mixin.py:154} INFO - [2023-11-20T21:51:13.017+0000] {dag.py:3722} INFO - Setting next_dagrun for example_branch_labels to 2023-11-19T00:00:00+00:00, run_after=2023-11-20T00:00:00+00:00
[2023-11-20T21:51:13.026+0000] {processor.py:179} INFO - Processing /home/airflow/.local/lib/python3.8/site-packages/airflow/example_dags/example_branch_labels.py took 0.042 seconds
[2023-11-20T21:51:43.454+0000] {processor.py:157} INFO - Started process (PID=396) to work on /home/airflow/.local/lib/python3.8/site-packages/airflow/example_dags/example_branch_labels.py
[2023-11-20T21:51:43.455+0000] {processor.py:829} INFO - Processing file /home/airflow/.local/lib/python3.8/site-packages/airflow/example_dags/example_branch_labels.py for tasks to queue
[2023-11-20T21:51:43.456+0000] {logging_mixin.py:154} INFO - [2023-11-20T21:51:43.456+0000] {dagbag.py:536} INFO - Filling up the DagBag from /home/airflow/.local/lib/python3.8/site-packages/airflow/example_dags/example_branch_labels.py
[2023-11-20T21:51:43.461+0000] {processor.py:839} INFO - DAG(s) dict_keys(['example_branch_labels']) retrieved from /home/airflow/.local/lib/python3.8/site-packages/airflow/example_dags/example_branch_labels.py
[2023-11-20T21:51:43.475+0000] {logging_mixin.py:154} INFO - [2023-11-20T21:51:43.475+0000] {dag.py:2941} INFO - Sync 1 DAGs
[2023-11-20T21:51:43.487+0000] {logging_mixin.py:154} INFO - [2023-11-20T21:51:43.487+0000] {dag.py:3722} INFO - Setting next_dagrun for example_branch_labels to 2023-11-19T00:00:00+00:00, run_after=2023-11-20T00:00:00+00:00
[2023-11-20T21:51:43.495+0000] {processor.py:179} INFO - Processing /home/airflow/.local/lib/python3.8/site-packages/airflow/example_dags/example_branch_labels.py took 0.043 seconds
[2023-11-20T21:52:13.658+0000] {processor.py:157} INFO - Started process (PID=450) to work on /home/airflow/.local/lib/python3.8/site-packages/airflow/example_dags/example_branch_labels.py
[2023-11-20T21:52:13.658+0000] {processor.py:829} INFO - Processing file /home/airflow/.local/lib/python3.8/site-packages/airflow/example_dags/example_branch_labels.py for tasks to queue
[2023-11-20T21:52:13.660+0000] {logging_mixin.py:154} INFO - [2023-11-20T21:52:13.660+0000] {dagbag.py:536} INFO - Filling up the DagBag from /home/airflow/.local/lib/python3.8/site-packages/airflow/example_dags/example_branch_labels.py
[2023-11-20T21:52:13.664+0000] {processor.py:839} INFO - DAG(s) dict_keys(['example_branch_labels']) retrieved from /home/airflow/.local/lib/python3.8/site-packages/airflow/example_dags/example_branch_labels.py
[2023-11-20T21:52:13.679+0000] {logging_mixin.py:154} INFO - [2023-11-20T21:52:13.679+0000] {dag.py:2941} INFO - Sync 1 DAGs
[2023-11-20T21:52:13.690+0000] {logging_mixin.py:154} INFO - [2023-11-20T21:52:13.690+0000] {dag.py:3722} INFO - Setting next_dagrun for example_branch_labels to 2023-11-19T00:00:00+00:00, run_after=2023-11-20T00:00:00+00:00
[2023-11-20T21:52:13.698+0000] {processor.py:179} INFO - Processing /home/airflow/.local/lib/python3.8/site-packages/airflow/example_dags/example_branch_labels.py took 0.042 seconds
[2023-11-20T21:52:43.874+0000] {processor.py:157} INFO - Started process (PID=504) to work on /home/airflow/.local/lib/python3.8/site-packages/airflow/example_dags/example_branch_labels.py
[2023-11-20T21:52:43.875+0000] {processor.py:829} INFO - Processing file /home/airflow/.local/lib/python3.8/site-packages/airflow/example_dags/example_branch_labels.py for tasks to queue
[2023-11-20T21:52:43.876+0000] {logging_mixin.py:154} INFO - [2023-11-20T21:52:43.876+0000] {dagbag.py:536} INFO - Filling up the DagBag from /home/airflow/.local/lib/python3.8/site-packages/airflow/example_dags/example_branch_labels.py
[2023-11-20T21:52:43.880+0000] {processor.py:839} INFO - DAG(s) dict_keys(['example_branch_labels']) retrieved from /home/airflow/.local/lib/python3.8/site-packages/airflow/example_dags/example_branch_labels.py
[2023-11-20T21:52:43.894+0000] {logging_mixin.py:154} INFO - [2023-11-20T21:52:43.893+0000] {dag.py:2941} INFO - Sync 1 DAGs
[2023-11-20T21:52:43.904+0000] {logging_mixin.py:154} INFO - [2023-11-20T21:52:43.904+0000] {dag.py:3722} INFO - Setting next_dagrun for example_branch_labels to 2023-11-19T00:00:00+00:00, run_after=2023-11-20T00:00:00+00:00
[2023-11-20T21:52:43.911+0000] {processor.py:179} INFO - Processing /home/airflow/.local/lib/python3.8/site-packages/airflow/example_dags/example_branch_labels.py took 0.039 seconds
[2023-11-20T21:53:14.525+0000] {processor.py:157} INFO - Started process (PID=558) to work on /home/airflow/.local/lib/python3.8/site-packages/airflow/example_dags/example_branch_labels.py
[2023-11-20T21:53:14.526+0000] {processor.py:829} INFO - Processing file /home/airflow/.local/lib/python3.8/site-packages/airflow/example_dags/example_branch_labels.py for tasks to queue
[2023-11-20T21:53:14.529+0000] {logging_mixin.py:154} INFO - [2023-11-20T21:53:14.528+0000] {dagbag.py:536} INFO - Filling up the DagBag from /home/airflow/.local/lib/python3.8/site-packages/airflow/example_dags/example_branch_labels.py
[2023-11-20T21:53:14.535+0000] {processor.py:839} INFO - DAG(s) dict_keys(['example_branch_labels']) retrieved from /home/airflow/.local/lib/python3.8/site-packages/airflow/example_dags/example_branch_labels.py
[2023-11-20T21:53:14.553+0000] {logging_mixin.py:154} INFO - [2023-11-20T21:53:14.553+0000] {dag.py:2941} INFO - Sync 1 DAGs
[2023-11-20T21:53:14.567+0000] {logging_mixin.py:154} INFO - [2023-11-20T21:53:14.566+0000] {dag.py:3722} INFO - Setting next_dagrun for example_branch_labels to 2023-11-19T00:00:00+00:00, run_after=2023-11-20T00:00:00+00:00
[2023-11-20T21:53:14.579+0000] {processor.py:179} INFO - Processing /home/airflow/.local/lib/python3.8/site-packages/airflow/example_dags/example_branch_labels.py took 0.057 seconds
[2023-11-20T21:53:44.755+0000] {processor.py:157} INFO - Started process (PID=612) to work on /home/airflow/.local/lib/python3.8/site-packages/airflow/example_dags/example_branch_labels.py
[2023-11-20T21:53:44.756+0000] {processor.py:829} INFO - Processing file /home/airflow/.local/lib/python3.8/site-packages/airflow/example_dags/example_branch_labels.py for tasks to queue
[2023-11-20T21:53:44.758+0000] {logging_mixin.py:154} INFO - [2023-11-20T21:53:44.758+0000] {dagbag.py:536} INFO - Filling up the DagBag from /home/airflow/.local/lib/python3.8/site-packages/airflow/example_dags/example_branch_labels.py
[2023-11-20T21:53:44.763+0000] {processor.py:839} INFO - DAG(s) dict_keys(['example_branch_labels']) retrieved from /home/airflow/.local/lib/python3.8/site-packages/airflow/example_dags/example_branch_labels.py
[2023-11-20T21:53:44.777+0000] {logging_mixin.py:154} INFO - [2023-11-20T21:53:44.777+0000] {dag.py:2941} INFO - Sync 1 DAGs
[2023-11-20T21:53:44.790+0000] {logging_mixin.py:154} INFO - [2023-11-20T21:53:44.789+0000] {dag.py:3722} INFO - Setting next_dagrun for example_branch_labels to 2023-11-19T00:00:00+00:00, run_after=2023-11-20T00:00:00+00:00
[2023-11-20T21:53:44.798+0000] {processor.py:179} INFO - Processing /home/airflow/.local/lib/python3.8/site-packages/airflow/example_dags/example_branch_labels.py took 0.045 seconds
[2023-11-20T21:54:14.994+0000] {processor.py:157} INFO - Started process (PID=666) to work on /home/airflow/.local/lib/python3.8/site-packages/airflow/example_dags/example_branch_labels.py
[2023-11-20T21:54:14.995+0000] {processor.py:829} INFO - Processing file /home/airflow/.local/lib/python3.8/site-packages/airflow/example_dags/example_branch_labels.py for tasks to queue
[2023-11-20T21:54:14.997+0000] {logging_mixin.py:154} INFO - [2023-11-20T21:54:14.996+0000] {dagbag.py:536} INFO - Filling up the DagBag from /home/airflow/.local/lib/python3.8/site-packages/airflow/example_dags/example_branch_labels.py
[2023-11-20T21:54:15.001+0000] {processor.py:839} INFO - DAG(s) dict_keys(['example_branch_labels']) retrieved from /home/airflow/.local/lib/python3.8/site-packages/airflow/example_dags/example_branch_labels.py
[2023-11-20T21:54:15.016+0000] {logging_mixin.py:154} INFO - [2023-11-20T21:54:15.015+0000] {dag.py:2941} INFO - Sync 1 DAGs
[2023-11-20T21:54:15.027+0000] {logging_mixin.py:154} INFO - [2023-11-20T21:54:15.027+0000] {dag.py:3722} INFO - Setting next_dagrun for example_branch_labels to 2023-11-19T00:00:00+00:00, run_after=2023-11-20T00:00:00+00:00
[2023-11-20T21:54:15.035+0000] {processor.py:179} INFO - Processing /home/airflow/.local/lib/python3.8/site-packages/airflow/example_dags/example_branch_labels.py took 0.043 seconds
[2023-11-20T21:54:45.583+0000] {processor.py:157} INFO - Started process (PID=720) to work on /home/airflow/.local/lib/python3.8/site-packages/airflow/example_dags/example_branch_labels.py
[2023-11-20T21:54:45.584+0000] {processor.py:829} INFO - Processing file /home/airflow/.local/lib/python3.8/site-packages/airflow/example_dags/example_branch_labels.py for tasks to queue
[2023-11-20T21:54:45.586+0000] {logging_mixin.py:154} INFO - [2023-11-20T21:54:45.586+0000] {dagbag.py:536} INFO - Filling up the DagBag from /home/airflow/.local/lib/python3.8/site-packages/airflow/example_dags/example_branch_labels.py
[2023-11-20T21:54:45.592+0000] {processor.py:839} INFO - DAG(s) dict_keys(['example_branch_labels']) retrieved from /home/airflow/.local/lib/python3.8/site-packages/airflow/example_dags/example_branch_labels.py
[2023-11-20T21:54:45.608+0000] {logging_mixin.py:154} INFO - [2023-11-20T21:54:45.608+0000] {dag.py:2941} INFO - Sync 1 DAGs
[2023-11-20T21:54:45.621+0000] {logging_mixin.py:154} INFO - [2023-11-20T21:54:45.621+0000] {dag.py:3722} INFO - Setting next_dagrun for example_branch_labels to 2023-11-19T00:00:00+00:00, run_after=2023-11-20T00:00:00+00:00
[2023-11-20T21:54:45.632+0000] {processor.py:179} INFO - Processing /home/airflow/.local/lib/python3.8/site-packages/airflow/example_dags/example_branch_labels.py took 0.051 seconds
[2023-11-20T21:55:16.605+0000] {processor.py:157} INFO - Started process (PID=774) to work on /home/airflow/.local/lib/python3.8/site-packages/airflow/example_dags/example_branch_labels.py
[2023-11-20T21:55:16.606+0000] {processor.py:829} INFO - Processing file /home/airflow/.local/lib/python3.8/site-packages/airflow/example_dags/example_branch_labels.py for tasks to queue
[2023-11-20T21:55:16.608+0000] {logging_mixin.py:154} INFO - [2023-11-20T21:55:16.607+0000] {dagbag.py:536} INFO - Filling up the DagBag from /home/airflow/.local/lib/python3.8/site-packages/airflow/example_dags/example_branch_labels.py
[2023-11-20T21:55:16.612+0000] {processor.py:839} INFO - DAG(s) dict_keys(['example_branch_labels']) retrieved from /home/airflow/.local/lib/python3.8/site-packages/airflow/example_dags/example_branch_labels.py
[2023-11-20T21:55:16.630+0000] {logging_mixin.py:154} INFO - [2023-11-20T21:55:16.630+0000] {dag.py:2941} INFO - Sync 1 DAGs
[2023-11-20T21:55:16.643+0000] {logging_mixin.py:154} INFO - [2023-11-20T21:55:16.643+0000] {dag.py:3722} INFO - Setting next_dagrun for example_branch_labels to 2023-11-19T00:00:00+00:00, run_after=2023-11-20T00:00:00+00:00
[2023-11-20T21:55:16.651+0000] {processor.py:179} INFO - Processing /home/airflow/.local/lib/python3.8/site-packages/airflow/example_dags/example_branch_labels.py took 0.048 seconds
[2023-11-20T21:55:47.229+0000] {processor.py:157} INFO - Started process (PID=828) to work on /home/airflow/.local/lib/python3.8/site-packages/airflow/example_dags/example_branch_labels.py
[2023-11-20T21:55:47.230+0000] {processor.py:829} INFO - Processing file /home/airflow/.local/lib/python3.8/site-packages/airflow/example_dags/example_branch_labels.py for tasks to queue
[2023-11-20T21:55:47.231+0000] {logging_mixin.py:154} INFO - [2023-11-20T21:55:47.231+0000] {dagbag.py:536} INFO - Filling up the DagBag from /home/airflow/.local/lib/python3.8/site-packages/airflow/example_dags/example_branch_labels.py
[2023-11-20T21:55:47.235+0000] {processor.py:839} INFO - DAG(s) dict_keys(['example_branch_labels']) retrieved from /home/airflow/.local/lib/python3.8/site-packages/airflow/example_dags/example_branch_labels.py
[2023-11-20T21:55:47.248+0000] {logging_mixin.py:154} INFO - [2023-11-20T21:55:47.248+0000] {dag.py:2941} INFO - Sync 1 DAGs
[2023-11-20T21:55:47.259+0000] {logging_mixin.py:154} INFO - [2023-11-20T21:55:47.259+0000] {dag.py:3722} INFO - Setting next_dagrun for example_branch_labels to 2023-11-19T00:00:00+00:00, run_after=2023-11-20T00:00:00+00:00
[2023-11-20T21:55:47.266+0000] {processor.py:179} INFO - Processing /home/airflow/.local/lib/python3.8/site-packages/airflow/example_dags/example_branch_labels.py took 0.039 seconds
[2023-11-20T21:56:17.887+0000] {processor.py:157} INFO - Started process (PID=882) to work on /home/airflow/.local/lib/python3.8/site-packages/airflow/example_dags/example_branch_labels.py
[2023-11-20T21:56:17.888+0000] {processor.py:829} INFO - Processing file /home/airflow/.local/lib/python3.8/site-packages/airflow/example_dags/example_branch_labels.py for tasks to queue
[2023-11-20T21:56:17.889+0000] {logging_mixin.py:154} INFO - [2023-11-20T21:56:17.889+0000] {dagbag.py:536} INFO - Filling up the DagBag from /home/airflow/.local/lib/python3.8/site-packages/airflow/example_dags/example_branch_labels.py
[2023-11-20T21:56:17.894+0000] {processor.py:839} INFO - DAG(s) dict_keys(['example_branch_labels']) retrieved from /home/airflow/.local/lib/python3.8/site-packages/airflow/example_dags/example_branch_labels.py
[2023-11-20T21:56:17.907+0000] {logging_mixin.py:154} INFO - [2023-11-20T21:56:17.907+0000] {dag.py:2941} INFO - Sync 1 DAGs
[2023-11-20T21:56:17.918+0000] {logging_mixin.py:154} INFO - [2023-11-20T21:56:17.918+0000] {dag.py:3722} INFO - Setting next_dagrun for example_branch_labels to 2023-11-19T00:00:00+00:00, run_after=2023-11-20T00:00:00+00:00
[2023-11-20T21:56:17.926+0000] {processor.py:179} INFO - Processing /home/airflow/.local/lib/python3.8/site-packages/airflow/example_dags/example_branch_labels.py took 0.041 seconds
[2023-11-20T21:56:48.128+0000] {processor.py:157} INFO - Started process (PID=936) to work on /home/airflow/.local/lib/python3.8/site-packages/airflow/example_dags/example_branch_labels.py
[2023-11-20T21:56:48.129+0000] {processor.py:829} INFO - Processing file /home/airflow/.local/lib/python3.8/site-packages/airflow/example_dags/example_branch_labels.py for tasks to queue
[2023-11-20T21:56:48.130+0000] {logging_mixin.py:154} INFO - [2023-11-20T21:56:48.130+0000] {dagbag.py:536} INFO - Filling up the DagBag from /home/airflow/.local/lib/python3.8/site-packages/airflow/example_dags/example_branch_labels.py
[2023-11-20T21:56:48.137+0000] {processor.py:839} INFO - DAG(s) dict_keys(['example_branch_labels']) retrieved from /home/airflow/.local/lib/python3.8/site-packages/airflow/example_dags/example_branch_labels.py
[2023-11-20T21:56:48.154+0000] {logging_mixin.py:154} INFO - [2023-11-20T21:56:48.154+0000] {dag.py:2941} INFO - Sync 1 DAGs
[2023-11-20T21:56:48.168+0000] {logging_mixin.py:154} INFO - [2023-11-20T21:56:48.168+0000] {dag.py:3722} INFO - Setting next_dagrun for example_branch_labels to 2023-11-19T00:00:00+00:00, run_after=2023-11-20T00:00:00+00:00
[2023-11-20T21:56:48.178+0000] {processor.py:179} INFO - Processing /home/airflow/.local/lib/python3.8/site-packages/airflow/example_dags/example_branch_labels.py took 0.052 seconds
[2023-11-20T21:57:18.926+0000] {processor.py:157} INFO - Started process (PID=990) to work on /home/airflow/.local/lib/python3.8/site-packages/airflow/example_dags/example_branch_labels.py
[2023-11-20T21:57:18.927+0000] {processor.py:829} INFO - Processing file /home/airflow/.local/lib/python3.8/site-packages/airflow/example_dags/example_branch_labels.py for tasks to queue
[2023-11-20T21:57:18.928+0000] {logging_mixin.py:154} INFO - [2023-11-20T21:57:18.928+0000] {dagbag.py:536} INFO - Filling up the DagBag from /home/airflow/.local/lib/python3.8/site-packages/airflow/example_dags/example_branch_labels.py
[2023-11-20T21:57:18.933+0000] {processor.py:839} INFO - DAG(s) dict_keys(['example_branch_labels']) retrieved from /home/airflow/.local/lib/python3.8/site-packages/airflow/example_dags/example_branch_labels.py
[2023-11-20T21:57:18.949+0000] {logging_mixin.py:154} INFO - [2023-11-20T21:57:18.949+0000] {dag.py:2941} INFO - Sync 1 DAGs
[2023-11-20T21:57:18.964+0000] {logging_mixin.py:154} INFO - [2023-11-20T21:57:18.964+0000] {dag.py:3722} INFO - Setting next_dagrun for example_branch_labels to 2023-11-19T00:00:00+00:00, run_after=2023-11-20T00:00:00+00:00
[2023-11-20T21:57:18.979+0000] {processor.py:179} INFO - Processing /home/airflow/.local/lib/python3.8/site-packages/airflow/example_dags/example_branch_labels.py took 0.055 seconds
[2023-11-20T21:57:49.799+0000] {processor.py:157} INFO - Started process (PID=1044) to work on /home/airflow/.local/lib/python3.8/site-packages/airflow/example_dags/example_branch_labels.py
[2023-11-20T21:57:49.801+0000] {processor.py:829} INFO - Processing file /home/airflow/.local/lib/python3.8/site-packages/airflow/example_dags/example_branch_labels.py for tasks to queue
[2023-11-20T21:57:49.803+0000] {logging_mixin.py:154} INFO - [2023-11-20T21:57:49.802+0000] {dagbag.py:536} INFO - Filling up the DagBag from /home/airflow/.local/lib/python3.8/site-packages/airflow/example_dags/example_branch_labels.py
[2023-11-20T21:57:49.808+0000] {processor.py:839} INFO - DAG(s) dict_keys(['example_branch_labels']) retrieved from /home/airflow/.local/lib/python3.8/site-packages/airflow/example_dags/example_branch_labels.py
[2023-11-20T21:57:49.825+0000] {logging_mixin.py:154} INFO - [2023-11-20T21:57:49.825+0000] {dag.py:2941} INFO - Sync 1 DAGs
[2023-11-20T21:57:49.839+0000] {logging_mixin.py:154} INFO - [2023-11-20T21:57:49.838+0000] {dag.py:3722} INFO - Setting next_dagrun for example_branch_labels to 2023-11-19T00:00:00+00:00, run_after=2023-11-20T00:00:00+00:00
[2023-11-20T21:57:49.848+0000] {processor.py:179} INFO - Processing /home/airflow/.local/lib/python3.8/site-packages/airflow/example_dags/example_branch_labels.py took 0.052 seconds
[2023-11-20T21:58:20.062+0000] {processor.py:157} INFO - Started process (PID=1098) to work on /home/airflow/.local/lib/python3.8/site-packages/airflow/example_dags/example_branch_labels.py
[2023-11-20T21:58:20.063+0000] {processor.py:829} INFO - Processing file /home/airflow/.local/lib/python3.8/site-packages/airflow/example_dags/example_branch_labels.py for tasks to queue
[2023-11-20T21:58:20.064+0000] {logging_mixin.py:154} INFO - [2023-11-20T21:58:20.064+0000] {dagbag.py:536} INFO - Filling up the DagBag from /home/airflow/.local/lib/python3.8/site-packages/airflow/example_dags/example_branch_labels.py
[2023-11-20T21:58:20.069+0000] {processor.py:839} INFO - DAG(s) dict_keys(['example_branch_labels']) retrieved from /home/airflow/.local/lib/python3.8/site-packages/airflow/example_dags/example_branch_labels.py
[2023-11-20T21:58:20.083+0000] {logging_mixin.py:154} INFO - [2023-11-20T21:58:20.083+0000] {dag.py:2941} INFO - Sync 1 DAGs
[2023-11-20T21:58:20.094+0000] {logging_mixin.py:154} INFO - [2023-11-20T21:58:20.094+0000] {dag.py:3722} INFO - Setting next_dagrun for example_branch_labels to 2023-11-19T00:00:00+00:00, run_after=2023-11-20T00:00:00+00:00
[2023-11-20T21:58:20.190+0000] {processor.py:179} INFO - Processing /home/airflow/.local/lib/python3.8/site-packages/airflow/example_dags/example_branch_labels.py took 0.131 seconds
