[2023-11-20T21:48:40.530+0000] {processor.py:157} INFO - Started process (PID=69) to work on /home/airflow/.local/lib/python3.8/site-packages/airflow/example_dags/example_latest_only_with_trigger.py
[2023-11-20T21:48:40.531+0000] {processor.py:829} INFO - Processing file /home/airflow/.local/lib/python3.8/site-packages/airflow/example_dags/example_latest_only_with_trigger.py for tasks to queue
[2023-11-20T21:48:40.532+0000] {logging_mixin.py:154} INFO - [2023-11-20T21:48:40.532+0000] {dagbag.py:536} INFO - Filling up the DagBag from /home/airflow/.local/lib/python3.8/site-packages/airflow/example_dags/example_latest_only_with_trigger.py
[2023-11-20T21:48:40.541+0000] {processor.py:839} INFO - DAG(s) dict_keys(['latest_only_with_trigger']) retrieved from /home/airflow/.local/lib/python3.8/site-packages/airflow/example_dags/example_latest_only_with_trigger.py
[2023-11-20T21:48:40.574+0000] {logging_mixin.py:154} INFO - [2023-11-20T21:48:40.574+0000] {dag.py:2941} INFO - Sync 1 DAGs
[2023-11-20T21:48:40.601+0000] {logging_mixin.py:154} INFO - [2023-11-20T21:48:40.600+0000] {dag.py:3722} INFO - Setting next_dagrun for latest_only_with_trigger to 2023-11-20T17:48:40.600241+00:00, run_after=2023-11-20T21:48:40.600241+00:00
[2023-11-20T21:48:40.617+0000] {processor.py:179} INFO - Processing /home/airflow/.local/lib/python3.8/site-packages/airflow/example_dags/example_latest_only_with_trigger.py took 0.090 seconds
[2023-11-20T21:49:11.131+0000] {processor.py:157} INFO - Started process (PID=123) to work on /home/airflow/.local/lib/python3.8/site-packages/airflow/example_dags/example_latest_only_with_trigger.py
[2023-11-20T21:49:11.132+0000] {processor.py:829} INFO - Processing file /home/airflow/.local/lib/python3.8/site-packages/airflow/example_dags/example_latest_only_with_trigger.py for tasks to queue
[2023-11-20T21:49:11.133+0000] {logging_mixin.py:154} INFO - [2023-11-20T21:49:11.133+0000] {dagbag.py:536} INFO - Filling up the DagBag from /home/airflow/.local/lib/python3.8/site-packages/airflow/example_dags/example_latest_only_with_trigger.py
[2023-11-20T21:49:11.137+0000] {processor.py:839} INFO - DAG(s) dict_keys(['latest_only_with_trigger']) retrieved from /home/airflow/.local/lib/python3.8/site-packages/airflow/example_dags/example_latest_only_with_trigger.py
[2023-11-20T21:49:11.151+0000] {logging_mixin.py:154} INFO - [2023-11-20T21:49:11.151+0000] {dag.py:2941} INFO - Sync 1 DAGs
[2023-11-20T21:49:11.161+0000] {logging_mixin.py:154} INFO - [2023-11-20T21:49:11.161+0000] {dag.py:3722} INFO - Setting next_dagrun for latest_only_with_trigger to 2023-11-20T17:49:11.161634+00:00, run_after=2023-11-20T21:49:11.161634+00:00
[2023-11-20T21:49:11.169+0000] {processor.py:179} INFO - Processing /home/airflow/.local/lib/python3.8/site-packages/airflow/example_dags/example_latest_only_with_trigger.py took 0.041 seconds
[2023-11-20T21:49:42.090+0000] {processor.py:157} INFO - Started process (PID=177) to work on /home/airflow/.local/lib/python3.8/site-packages/airflow/example_dags/example_latest_only_with_trigger.py
[2023-11-20T21:49:42.091+0000] {processor.py:829} INFO - Processing file /home/airflow/.local/lib/python3.8/site-packages/airflow/example_dags/example_latest_only_with_trigger.py for tasks to queue
[2023-11-20T21:49:42.092+0000] {logging_mixin.py:154} INFO - [2023-11-20T21:49:42.092+0000] {dagbag.py:536} INFO - Filling up the DagBag from /home/airflow/.local/lib/python3.8/site-packages/airflow/example_dags/example_latest_only_with_trigger.py
[2023-11-20T21:49:42.097+0000] {processor.py:839} INFO - DAG(s) dict_keys(['latest_only_with_trigger']) retrieved from /home/airflow/.local/lib/python3.8/site-packages/airflow/example_dags/example_latest_only_with_trigger.py
[2023-11-20T21:49:42.111+0000] {logging_mixin.py:154} INFO - [2023-11-20T21:49:42.111+0000] {dag.py:2941} INFO - Sync 1 DAGs
[2023-11-20T21:49:42.122+0000] {logging_mixin.py:154} INFO - [2023-11-20T21:49:42.121+0000] {dag.py:3722} INFO - Setting next_dagrun for latest_only_with_trigger to 2023-11-20T17:49:42.121648+00:00, run_after=2023-11-20T21:49:42.121648+00:00
[2023-11-20T21:49:42.130+0000] {processor.py:179} INFO - Processing /home/airflow/.local/lib/python3.8/site-packages/airflow/example_dags/example_latest_only_with_trigger.py took 0.042 seconds
[2023-11-20T21:50:12.513+0000] {processor.py:157} INFO - Started process (PID=231) to work on /home/airflow/.local/lib/python3.8/site-packages/airflow/example_dags/example_latest_only_with_trigger.py
[2023-11-20T21:50:12.514+0000] {processor.py:829} INFO - Processing file /home/airflow/.local/lib/python3.8/site-packages/airflow/example_dags/example_latest_only_with_trigger.py for tasks to queue
[2023-11-20T21:50:12.516+0000] {logging_mixin.py:154} INFO - [2023-11-20T21:50:12.515+0000] {dagbag.py:536} INFO - Filling up the DagBag from /home/airflow/.local/lib/python3.8/site-packages/airflow/example_dags/example_latest_only_with_trigger.py
[2023-11-20T21:50:12.519+0000] {processor.py:839} INFO - DAG(s) dict_keys(['latest_only_with_trigger']) retrieved from /home/airflow/.local/lib/python3.8/site-packages/airflow/example_dags/example_latest_only_with_trigger.py
[2023-11-20T21:50:12.533+0000] {logging_mixin.py:154} INFO - [2023-11-20T21:50:12.533+0000] {dag.py:2941} INFO - Sync 1 DAGs
[2023-11-20T21:50:12.543+0000] {logging_mixin.py:154} INFO - [2023-11-20T21:50:12.543+0000] {dag.py:3722} INFO - Setting next_dagrun for latest_only_with_trigger to 2023-11-20T17:50:12.543358+00:00, run_after=2023-11-20T21:50:12.543358+00:00
[2023-11-20T21:50:12.551+0000] {processor.py:179} INFO - Processing /home/airflow/.local/lib/python3.8/site-packages/airflow/example_dags/example_latest_only_with_trigger.py took 0.040 seconds
[2023-11-20T21:50:42.725+0000] {processor.py:157} INFO - Started process (PID=285) to work on /home/airflow/.local/lib/python3.8/site-packages/airflow/example_dags/example_latest_only_with_trigger.py
[2023-11-20T21:50:42.726+0000] {processor.py:829} INFO - Processing file /home/airflow/.local/lib/python3.8/site-packages/airflow/example_dags/example_latest_only_with_trigger.py for tasks to queue
[2023-11-20T21:50:42.727+0000] {logging_mixin.py:154} INFO - [2023-11-20T21:50:42.727+0000] {dagbag.py:536} INFO - Filling up the DagBag from /home/airflow/.local/lib/python3.8/site-packages/airflow/example_dags/example_latest_only_with_trigger.py
[2023-11-20T21:50:42.730+0000] {processor.py:839} INFO - DAG(s) dict_keys(['latest_only_with_trigger']) retrieved from /home/airflow/.local/lib/python3.8/site-packages/airflow/example_dags/example_latest_only_with_trigger.py
[2023-11-20T21:50:42.745+0000] {logging_mixin.py:154} INFO - [2023-11-20T21:50:42.745+0000] {dag.py:2941} INFO - Sync 1 DAGs
[2023-11-20T21:50:42.757+0000] {logging_mixin.py:154} INFO - [2023-11-20T21:50:42.757+0000] {dag.py:3722} INFO - Setting next_dagrun for latest_only_with_trigger to 2023-11-20T17:50:42.757019+00:00, run_after=2023-11-20T21:50:42.757019+00:00
[2023-11-20T21:50:42.765+0000] {processor.py:179} INFO - Processing /home/airflow/.local/lib/python3.8/site-packages/airflow/example_dags/example_latest_only_with_trigger.py took 0.041 seconds
[2023-11-20T21:51:12.881+0000] {processor.py:157} INFO - Started process (PID=339) to work on /home/airflow/.local/lib/python3.8/site-packages/airflow/example_dags/example_latest_only_with_trigger.py
[2023-11-20T21:51:12.882+0000] {processor.py:829} INFO - Processing file /home/airflow/.local/lib/python3.8/site-packages/airflow/example_dags/example_latest_only_with_trigger.py for tasks to queue
[2023-11-20T21:51:12.884+0000] {logging_mixin.py:154} INFO - [2023-11-20T21:51:12.883+0000] {dagbag.py:536} INFO - Filling up the DagBag from /home/airflow/.local/lib/python3.8/site-packages/airflow/example_dags/example_latest_only_with_trigger.py
[2023-11-20T21:51:12.887+0000] {processor.py:839} INFO - DAG(s) dict_keys(['latest_only_with_trigger']) retrieved from /home/airflow/.local/lib/python3.8/site-packages/airflow/example_dags/example_latest_only_with_trigger.py
[2023-11-20T21:51:12.900+0000] {logging_mixin.py:154} INFO - [2023-11-20T21:51:12.900+0000] {dag.py:2941} INFO - Sync 1 DAGs
[2023-11-20T21:51:12.913+0000] {logging_mixin.py:154} INFO - [2023-11-20T21:51:12.913+0000] {dag.py:3722} INFO - Setting next_dagrun for latest_only_with_trigger to 2023-11-20T17:51:12.912999+00:00, run_after=2023-11-20T21:51:12.912999+00:00
[2023-11-20T21:51:12.921+0000] {processor.py:179} INFO - Processing /home/airflow/.local/lib/python3.8/site-packages/airflow/example_dags/example_latest_only_with_trigger.py took 0.042 seconds
[2023-11-20T21:51:43.362+0000] {processor.py:157} INFO - Started process (PID=393) to work on /home/airflow/.local/lib/python3.8/site-packages/airflow/example_dags/example_latest_only_with_trigger.py
[2023-11-20T21:51:43.363+0000] {processor.py:829} INFO - Processing file /home/airflow/.local/lib/python3.8/site-packages/airflow/example_dags/example_latest_only_with_trigger.py for tasks to queue
[2023-11-20T21:51:43.365+0000] {logging_mixin.py:154} INFO - [2023-11-20T21:51:43.364+0000] {dagbag.py:536} INFO - Filling up the DagBag from /home/airflow/.local/lib/python3.8/site-packages/airflow/example_dags/example_latest_only_with_trigger.py
[2023-11-20T21:51:43.368+0000] {processor.py:839} INFO - DAG(s) dict_keys(['latest_only_with_trigger']) retrieved from /home/airflow/.local/lib/python3.8/site-packages/airflow/example_dags/example_latest_only_with_trigger.py
[2023-11-20T21:51:43.382+0000] {logging_mixin.py:154} INFO - [2023-11-20T21:51:43.382+0000] {dag.py:2941} INFO - Sync 1 DAGs
[2023-11-20T21:51:43.392+0000] {logging_mixin.py:154} INFO - [2023-11-20T21:51:43.392+0000] {dag.py:3722} INFO - Setting next_dagrun for latest_only_with_trigger to 2023-11-20T17:51:43.392231+00:00, run_after=2023-11-20T21:51:43.392231+00:00
[2023-11-20T21:51:43.400+0000] {processor.py:179} INFO - Processing /home/airflow/.local/lib/python3.8/site-packages/airflow/example_dags/example_latest_only_with_trigger.py took 0.041 seconds
[2023-11-20T21:52:13.570+0000] {processor.py:157} INFO - Started process (PID=447) to work on /home/airflow/.local/lib/python3.8/site-packages/airflow/example_dags/example_latest_only_with_trigger.py
[2023-11-20T21:52:13.571+0000] {processor.py:829} INFO - Processing file /home/airflow/.local/lib/python3.8/site-packages/airflow/example_dags/example_latest_only_with_trigger.py for tasks to queue
[2023-11-20T21:52:13.572+0000] {logging_mixin.py:154} INFO - [2023-11-20T21:52:13.572+0000] {dagbag.py:536} INFO - Filling up the DagBag from /home/airflow/.local/lib/python3.8/site-packages/airflow/example_dags/example_latest_only_with_trigger.py
[2023-11-20T21:52:13.576+0000] {processor.py:839} INFO - DAG(s) dict_keys(['latest_only_with_trigger']) retrieved from /home/airflow/.local/lib/python3.8/site-packages/airflow/example_dags/example_latest_only_with_trigger.py
[2023-11-20T21:52:13.589+0000] {logging_mixin.py:154} INFO - [2023-11-20T21:52:13.589+0000] {dag.py:2941} INFO - Sync 1 DAGs
[2023-11-20T21:52:13.600+0000] {logging_mixin.py:154} INFO - [2023-11-20T21:52:13.600+0000] {dag.py:3722} INFO - Setting next_dagrun for latest_only_with_trigger to 2023-11-20T17:52:13.599885+00:00, run_after=2023-11-20T21:52:13.599885+00:00
[2023-11-20T21:52:13.607+0000] {processor.py:179} INFO - Processing /home/airflow/.local/lib/python3.8/site-packages/airflow/example_dags/example_latest_only_with_trigger.py took 0.039 seconds
[2023-11-20T21:52:43.788+0000] {processor.py:157} INFO - Started process (PID=501) to work on /home/airflow/.local/lib/python3.8/site-packages/airflow/example_dags/example_latest_only_with_trigger.py
[2023-11-20T21:52:43.789+0000] {processor.py:829} INFO - Processing file /home/airflow/.local/lib/python3.8/site-packages/airflow/example_dags/example_latest_only_with_trigger.py for tasks to queue
[2023-11-20T21:52:43.790+0000] {logging_mixin.py:154} INFO - [2023-11-20T21:52:43.790+0000] {dagbag.py:536} INFO - Filling up the DagBag from /home/airflow/.local/lib/python3.8/site-packages/airflow/example_dags/example_latest_only_with_trigger.py
[2023-11-20T21:52:43.793+0000] {processor.py:839} INFO - DAG(s) dict_keys(['latest_only_with_trigger']) retrieved from /home/airflow/.local/lib/python3.8/site-packages/airflow/example_dags/example_latest_only_with_trigger.py
[2023-11-20T21:52:43.806+0000] {logging_mixin.py:154} INFO - [2023-11-20T21:52:43.806+0000] {dag.py:2941} INFO - Sync 1 DAGs
[2023-11-20T21:52:43.816+0000] {logging_mixin.py:154} INFO - [2023-11-20T21:52:43.815+0000] {dag.py:3722} INFO - Setting next_dagrun for latest_only_with_trigger to 2023-11-20T17:52:43.815804+00:00, run_after=2023-11-20T21:52:43.815804+00:00
[2023-11-20T21:52:43.823+0000] {processor.py:179} INFO - Processing /home/airflow/.local/lib/python3.8/site-packages/airflow/example_dags/example_latest_only_with_trigger.py took 0.037 seconds
[2023-11-20T21:53:14.409+0000] {processor.py:157} INFO - Started process (PID=555) to work on /home/airflow/.local/lib/python3.8/site-packages/airflow/example_dags/example_latest_only_with_trigger.py
[2023-11-20T21:53:14.410+0000] {processor.py:829} INFO - Processing file /home/airflow/.local/lib/python3.8/site-packages/airflow/example_dags/example_latest_only_with_trigger.py for tasks to queue
[2023-11-20T21:53:14.412+0000] {logging_mixin.py:154} INFO - [2023-11-20T21:53:14.412+0000] {dagbag.py:536} INFO - Filling up the DagBag from /home/airflow/.local/lib/python3.8/site-packages/airflow/example_dags/example_latest_only_with_trigger.py
[2023-11-20T21:53:14.416+0000] {processor.py:839} INFO - DAG(s) dict_keys(['latest_only_with_trigger']) retrieved from /home/airflow/.local/lib/python3.8/site-packages/airflow/example_dags/example_latest_only_with_trigger.py
[2023-11-20T21:53:14.431+0000] {logging_mixin.py:154} INFO - [2023-11-20T21:53:14.431+0000] {dag.py:2941} INFO - Sync 1 DAGs
[2023-11-20T21:53:14.443+0000] {logging_mixin.py:154} INFO - [2023-11-20T21:53:14.443+0000] {dag.py:3722} INFO - Setting next_dagrun for latest_only_with_trigger to 2023-11-20T17:53:14.442851+00:00, run_after=2023-11-20T21:53:14.442851+00:00
[2023-11-20T21:53:14.452+0000] {processor.py:179} INFO - Processing /home/airflow/.local/lib/python3.8/site-packages/airflow/example_dags/example_latest_only_with_trigger.py took 0.045 seconds
[2023-11-20T21:53:44.644+0000] {processor.py:157} INFO - Started process (PID=609) to work on /home/airflow/.local/lib/python3.8/site-packages/airflow/example_dags/example_latest_only_with_trigger.py
[2023-11-20T21:53:44.645+0000] {processor.py:829} INFO - Processing file /home/airflow/.local/lib/python3.8/site-packages/airflow/example_dags/example_latest_only_with_trigger.py for tasks to queue
[2023-11-20T21:53:44.647+0000] {logging_mixin.py:154} INFO - [2023-11-20T21:53:44.646+0000] {dagbag.py:536} INFO - Filling up the DagBag from /home/airflow/.local/lib/python3.8/site-packages/airflow/example_dags/example_latest_only_with_trigger.py
[2023-11-20T21:53:44.650+0000] {processor.py:839} INFO - DAG(s) dict_keys(['latest_only_with_trigger']) retrieved from /home/airflow/.local/lib/python3.8/site-packages/airflow/example_dags/example_latest_only_with_trigger.py
[2023-11-20T21:53:44.665+0000] {logging_mixin.py:154} INFO - [2023-11-20T21:53:44.665+0000] {dag.py:2941} INFO - Sync 1 DAGs
[2023-11-20T21:53:44.676+0000] {logging_mixin.py:154} INFO - [2023-11-20T21:53:44.675+0000] {dag.py:3722} INFO - Setting next_dagrun for latest_only_with_trigger to 2023-11-20T17:53:44.675733+00:00, run_after=2023-11-20T21:53:44.675733+00:00
[2023-11-20T21:53:44.684+0000] {processor.py:179} INFO - Processing /home/airflow/.local/lib/python3.8/site-packages/airflow/example_dags/example_latest_only_with_trigger.py took 0.042 seconds
[2023-11-20T21:54:14.827+0000] {processor.py:157} INFO - Started process (PID=663) to work on /home/airflow/.local/lib/python3.8/site-packages/airflow/example_dags/example_latest_only_with_trigger.py
[2023-11-20T21:54:14.827+0000] {processor.py:829} INFO - Processing file /home/airflow/.local/lib/python3.8/site-packages/airflow/example_dags/example_latest_only_with_trigger.py for tasks to queue
[2023-11-20T21:54:14.829+0000] {logging_mixin.py:154} INFO - [2023-11-20T21:54:14.829+0000] {dagbag.py:536} INFO - Filling up the DagBag from /home/airflow/.local/lib/python3.8/site-packages/airflow/example_dags/example_latest_only_with_trigger.py
[2023-11-20T21:54:14.832+0000] {processor.py:839} INFO - DAG(s) dict_keys(['latest_only_with_trigger']) retrieved from /home/airflow/.local/lib/python3.8/site-packages/airflow/example_dags/example_latest_only_with_trigger.py
[2023-11-20T21:54:14.847+0000] {logging_mixin.py:154} INFO - [2023-11-20T21:54:14.847+0000] {dag.py:2941} INFO - Sync 1 DAGs
[2023-11-20T21:54:14.858+0000] {logging_mixin.py:154} INFO - [2023-11-20T21:54:14.858+0000] {dag.py:3722} INFO - Setting next_dagrun for latest_only_with_trigger to 2023-11-20T17:54:14.858424+00:00, run_after=2023-11-20T21:54:14.858424+00:00
[2023-11-20T21:54:14.868+0000] {processor.py:179} INFO - Processing /home/airflow/.local/lib/python3.8/site-packages/airflow/example_dags/example_latest_only_with_trigger.py took 0.044 seconds
[2023-11-20T21:54:45.479+0000] {processor.py:157} INFO - Started process (PID=717) to work on /home/airflow/.local/lib/python3.8/site-packages/airflow/example_dags/example_latest_only_with_trigger.py
[2023-11-20T21:54:45.480+0000] {processor.py:829} INFO - Processing file /home/airflow/.local/lib/python3.8/site-packages/airflow/example_dags/example_latest_only_with_trigger.py for tasks to queue
[2023-11-20T21:54:45.481+0000] {logging_mixin.py:154} INFO - [2023-11-20T21:54:45.481+0000] {dagbag.py:536} INFO - Filling up the DagBag from /home/airflow/.local/lib/python3.8/site-packages/airflow/example_dags/example_latest_only_with_trigger.py
[2023-11-20T21:54:45.485+0000] {processor.py:839} INFO - DAG(s) dict_keys(['latest_only_with_trigger']) retrieved from /home/airflow/.local/lib/python3.8/site-packages/airflow/example_dags/example_latest_only_with_trigger.py
[2023-11-20T21:54:45.499+0000] {logging_mixin.py:154} INFO - [2023-11-20T21:54:45.499+0000] {dag.py:2941} INFO - Sync 1 DAGs
[2023-11-20T21:54:45.510+0000] {logging_mixin.py:154} INFO - [2023-11-20T21:54:45.510+0000] {dag.py:3722} INFO - Setting next_dagrun for latest_only_with_trigger to 2023-11-20T17:54:45.510448+00:00, run_after=2023-11-20T21:54:45.510448+00:00
[2023-11-20T21:54:45.519+0000] {processor.py:179} INFO - Processing /home/airflow/.local/lib/python3.8/site-packages/airflow/example_dags/example_latest_only_with_trigger.py took 0.042 seconds
[2023-11-20T21:55:16.504+0000] {processor.py:157} INFO - Started process (PID=771) to work on /home/airflow/.local/lib/python3.8/site-packages/airflow/example_dags/example_latest_only_with_trigger.py
[2023-11-20T21:55:16.506+0000] {processor.py:829} INFO - Processing file /home/airflow/.local/lib/python3.8/site-packages/airflow/example_dags/example_latest_only_with_trigger.py for tasks to queue
[2023-11-20T21:55:16.507+0000] {logging_mixin.py:154} INFO - [2023-11-20T21:55:16.507+0000] {dagbag.py:536} INFO - Filling up the DagBag from /home/airflow/.local/lib/python3.8/site-packages/airflow/example_dags/example_latest_only_with_trigger.py
[2023-11-20T21:55:16.511+0000] {processor.py:839} INFO - DAG(s) dict_keys(['latest_only_with_trigger']) retrieved from /home/airflow/.local/lib/python3.8/site-packages/airflow/example_dags/example_latest_only_with_trigger.py
[2023-11-20T21:55:16.524+0000] {logging_mixin.py:154} INFO - [2023-11-20T21:55:16.524+0000] {dag.py:2941} INFO - Sync 1 DAGs
[2023-11-20T21:55:16.535+0000] {logging_mixin.py:154} INFO - [2023-11-20T21:55:16.535+0000] {dag.py:3722} INFO - Setting next_dagrun for latest_only_with_trigger to 2023-11-20T17:55:16.534845+00:00, run_after=2023-11-20T21:55:16.534845+00:00
[2023-11-20T21:55:16.542+0000] {processor.py:179} INFO - Processing /home/airflow/.local/lib/python3.8/site-packages/airflow/example_dags/example_latest_only_with_trigger.py took 0.040 seconds
[2023-11-20T21:55:47.137+0000] {processor.py:157} INFO - Started process (PID=825) to work on /home/airflow/.local/lib/python3.8/site-packages/airflow/example_dags/example_latest_only_with_trigger.py
[2023-11-20T21:55:47.138+0000] {processor.py:829} INFO - Processing file /home/airflow/.local/lib/python3.8/site-packages/airflow/example_dags/example_latest_only_with_trigger.py for tasks to queue
[2023-11-20T21:55:47.140+0000] {logging_mixin.py:154} INFO - [2023-11-20T21:55:47.140+0000] {dagbag.py:536} INFO - Filling up the DagBag from /home/airflow/.local/lib/python3.8/site-packages/airflow/example_dags/example_latest_only_with_trigger.py
[2023-11-20T21:55:47.143+0000] {processor.py:839} INFO - DAG(s) dict_keys(['latest_only_with_trigger']) retrieved from /home/airflow/.local/lib/python3.8/site-packages/airflow/example_dags/example_latest_only_with_trigger.py
[2023-11-20T21:55:47.157+0000] {logging_mixin.py:154} INFO - [2023-11-20T21:55:47.156+0000] {dag.py:2941} INFO - Sync 1 DAGs
[2023-11-20T21:55:47.167+0000] {logging_mixin.py:154} INFO - [2023-11-20T21:55:47.167+0000] {dag.py:3722} INFO - Setting next_dagrun for latest_only_with_trigger to 2023-11-20T17:55:47.167016+00:00, run_after=2023-11-20T21:55:47.167016+00:00
[2023-11-20T21:55:47.174+0000] {processor.py:179} INFO - Processing /home/airflow/.local/lib/python3.8/site-packages/airflow/example_dags/example_latest_only_with_trigger.py took 0.039 seconds
[2023-11-20T21:56:17.789+0000] {processor.py:157} INFO - Started process (PID=879) to work on /home/airflow/.local/lib/python3.8/site-packages/airflow/example_dags/example_latest_only_with_trigger.py
[2023-11-20T21:56:17.790+0000] {processor.py:829} INFO - Processing file /home/airflow/.local/lib/python3.8/site-packages/airflow/example_dags/example_latest_only_with_trigger.py for tasks to queue
[2023-11-20T21:56:17.792+0000] {logging_mixin.py:154} INFO - [2023-11-20T21:56:17.792+0000] {dagbag.py:536} INFO - Filling up the DagBag from /home/airflow/.local/lib/python3.8/site-packages/airflow/example_dags/example_latest_only_with_trigger.py
[2023-11-20T21:56:17.796+0000] {processor.py:839} INFO - DAG(s) dict_keys(['latest_only_with_trigger']) retrieved from /home/airflow/.local/lib/python3.8/site-packages/airflow/example_dags/example_latest_only_with_trigger.py
[2023-11-20T21:56:17.812+0000] {logging_mixin.py:154} INFO - [2023-11-20T21:56:17.812+0000] {dag.py:2941} INFO - Sync 1 DAGs
[2023-11-20T21:56:17.825+0000] {logging_mixin.py:154} INFO - [2023-11-20T21:56:17.825+0000] {dag.py:3722} INFO - Setting next_dagrun for latest_only_with_trigger to 2023-11-20T17:56:17.825558+00:00, run_after=2023-11-20T21:56:17.825558+00:00
[2023-11-20T21:56:17.835+0000] {processor.py:179} INFO - Processing /home/airflow/.local/lib/python3.8/site-packages/airflow/example_dags/example_latest_only_with_trigger.py took 0.048 seconds
[2023-11-20T21:56:48.046+0000] {processor.py:157} INFO - Started process (PID=933) to work on /home/airflow/.local/lib/python3.8/site-packages/airflow/example_dags/example_latest_only_with_trigger.py
[2023-11-20T21:56:48.048+0000] {processor.py:829} INFO - Processing file /home/airflow/.local/lib/python3.8/site-packages/airflow/example_dags/example_latest_only_with_trigger.py for tasks to queue
[2023-11-20T21:56:48.050+0000] {logging_mixin.py:154} INFO - [2023-11-20T21:56:48.049+0000] {dagbag.py:536} INFO - Filling up the DagBag from /home/airflow/.local/lib/python3.8/site-packages/airflow/example_dags/example_latest_only_with_trigger.py
[2023-11-20T21:56:48.054+0000] {processor.py:839} INFO - DAG(s) dict_keys(['latest_only_with_trigger']) retrieved from /home/airflow/.local/lib/python3.8/site-packages/airflow/example_dags/example_latest_only_with_trigger.py
[2023-11-20T21:56:48.068+0000] {logging_mixin.py:154} INFO - [2023-11-20T21:56:48.068+0000] {dag.py:2941} INFO - Sync 1 DAGs
[2023-11-20T21:56:48.079+0000] {logging_mixin.py:154} INFO - [2023-11-20T21:56:48.079+0000] {dag.py:3722} INFO - Setting next_dagrun for latest_only_with_trigger to 2023-11-20T17:56:48.079549+00:00, run_after=2023-11-20T21:56:48.079549+00:00
[2023-11-20T21:56:48.087+0000] {processor.py:179} INFO - Processing /home/airflow/.local/lib/python3.8/site-packages/airflow/example_dags/example_latest_only_with_trigger.py took 0.043 seconds
[2023-11-20T21:57:18.842+0000] {processor.py:157} INFO - Started process (PID=987) to work on /home/airflow/.local/lib/python3.8/site-packages/airflow/example_dags/example_latest_only_with_trigger.py
[2023-11-20T21:57:18.845+0000] {processor.py:829} INFO - Processing file /home/airflow/.local/lib/python3.8/site-packages/airflow/example_dags/example_latest_only_with_trigger.py for tasks to queue
[2023-11-20T21:57:18.846+0000] {logging_mixin.py:154} INFO - [2023-11-20T21:57:18.846+0000] {dagbag.py:536} INFO - Filling up the DagBag from /home/airflow/.local/lib/python3.8/site-packages/airflow/example_dags/example_latest_only_with_trigger.py
[2023-11-20T21:57:18.850+0000] {processor.py:839} INFO - DAG(s) dict_keys(['latest_only_with_trigger']) retrieved from /home/airflow/.local/lib/python3.8/site-packages/airflow/example_dags/example_latest_only_with_trigger.py
[2023-11-20T21:57:18.865+0000] {logging_mixin.py:154} INFO - [2023-11-20T21:57:18.865+0000] {dag.py:2941} INFO - Sync 1 DAGs
[2023-11-20T21:57:18.877+0000] {logging_mixin.py:154} INFO - [2023-11-20T21:57:18.877+0000] {dag.py:3722} INFO - Setting next_dagrun for latest_only_with_trigger to 2023-11-20T17:57:18.877433+00:00, run_after=2023-11-20T21:57:18.877433+00:00
[2023-11-20T21:57:18.885+0000] {processor.py:179} INFO - Processing /home/airflow/.local/lib/python3.8/site-packages/airflow/example_dags/example_latest_only_with_trigger.py took 0.046 seconds
[2023-11-20T21:57:49.630+0000] {processor.py:157} INFO - Started process (PID=1041) to work on /home/airflow/.local/lib/python3.8/site-packages/airflow/example_dags/example_latest_only_with_trigger.py
[2023-11-20T21:57:49.631+0000] {processor.py:829} INFO - Processing file /home/airflow/.local/lib/python3.8/site-packages/airflow/example_dags/example_latest_only_with_trigger.py for tasks to queue
[2023-11-20T21:57:49.633+0000] {logging_mixin.py:154} INFO - [2023-11-20T21:57:49.632+0000] {dagbag.py:536} INFO - Filling up the DagBag from /home/airflow/.local/lib/python3.8/site-packages/airflow/example_dags/example_latest_only_with_trigger.py
[2023-11-20T21:57:49.636+0000] {processor.py:839} INFO - DAG(s) dict_keys(['latest_only_with_trigger']) retrieved from /home/airflow/.local/lib/python3.8/site-packages/airflow/example_dags/example_latest_only_with_trigger.py
[2023-11-20T21:57:49.653+0000] {logging_mixin.py:154} INFO - [2023-11-20T21:57:49.652+0000] {dag.py:2941} INFO - Sync 1 DAGs
[2023-11-20T21:57:49.666+0000] {logging_mixin.py:154} INFO - [2023-11-20T21:57:49.666+0000] {dag.py:3722} INFO - Setting next_dagrun for latest_only_with_trigger to 2023-11-20T17:57:49.666584+00:00, run_after=2023-11-20T21:57:49.666584+00:00
[2023-11-20T21:57:49.676+0000] {processor.py:179} INFO - Processing /home/airflow/.local/lib/python3.8/site-packages/airflow/example_dags/example_latest_only_with_trigger.py took 0.048 seconds
[2023-11-20T21:58:19.851+0000] {processor.py:157} INFO - Started process (PID=1095) to work on /home/airflow/.local/lib/python3.8/site-packages/airflow/example_dags/example_latest_only_with_trigger.py
[2023-11-20T21:58:19.852+0000] {processor.py:829} INFO - Processing file /home/airflow/.local/lib/python3.8/site-packages/airflow/example_dags/example_latest_only_with_trigger.py for tasks to queue
[2023-11-20T21:58:19.854+0000] {logging_mixin.py:154} INFO - [2023-11-20T21:58:19.853+0000] {dagbag.py:536} INFO - Filling up the DagBag from /home/airflow/.local/lib/python3.8/site-packages/airflow/example_dags/example_latest_only_with_trigger.py
[2023-11-20T21:58:19.859+0000] {processor.py:839} INFO - DAG(s) dict_keys(['latest_only_with_trigger']) retrieved from /home/airflow/.local/lib/python3.8/site-packages/airflow/example_dags/example_latest_only_with_trigger.py
[2023-11-20T21:58:19.874+0000] {logging_mixin.py:154} INFO - [2023-11-20T21:58:19.874+0000] {dag.py:2941} INFO - Sync 1 DAGs
[2023-11-20T21:58:19.885+0000] {logging_mixin.py:154} INFO - [2023-11-20T21:58:19.885+0000] {dag.py:3722} INFO - Setting next_dagrun for latest_only_with_trigger to 2023-11-20T17:58:19.885172+00:00, run_after=2023-11-20T21:58:19.885172+00:00
[2023-11-20T21:58:19.993+0000] {processor.py:179} INFO - Processing /home/airflow/.local/lib/python3.8/site-packages/airflow/example_dags/example_latest_only_with_trigger.py took 0.144 seconds
