[2023-11-20T21:48:37.784+0000] {processor.py:157} INFO - Started process (PID=45) to work on /home/airflow/.local/lib/python3.8/site-packages/airflow/example_dags/example_dag_decorator.py
[2023-11-20T21:48:37.785+0000] {processor.py:829} INFO - Processing file /home/airflow/.local/lib/python3.8/site-packages/airflow/example_dags/example_dag_decorator.py for tasks to queue
[2023-11-20T21:48:37.786+0000] {logging_mixin.py:154} INFO - [2023-11-20T21:48:37.786+0000] {dagbag.py:536} INFO - Filling up the DagBag from /home/airflow/.local/lib/python3.8/site-packages/airflow/example_dags/example_dag_decorator.py
[2023-11-20T21:48:37.918+0000] {processor.py:839} INFO - DAG(s) dict_keys(['example_dag_decorator']) retrieved from /home/airflow/.local/lib/python3.8/site-packages/airflow/example_dags/example_dag_decorator.py
[2023-11-20T21:48:37.933+0000] {logging_mixin.py:154} INFO - [2023-11-20T21:48:37.933+0000] {dag.py:2941} INFO - Sync 1 DAGs
[2023-11-20T21:48:37.950+0000] {logging_mixin.py:154} INFO - [2023-11-20T21:48:37.950+0000] {dag.py:3722} INFO - Setting next_dagrun for example_dag_decorator to None, run_after=None
[2023-11-20T21:48:37.973+0000] {processor.py:179} INFO - Processing /home/airflow/.local/lib/python3.8/site-packages/airflow/example_dags/example_dag_decorator.py took 0.191 seconds
[2023-11-20T21:49:08.031+0000] {processor.py:157} INFO - Started process (PID=99) to work on /home/airflow/.local/lib/python3.8/site-packages/airflow/example_dags/example_dag_decorator.py
[2023-11-20T21:49:08.032+0000] {processor.py:829} INFO - Processing file /home/airflow/.local/lib/python3.8/site-packages/airflow/example_dags/example_dag_decorator.py for tasks to queue
[2023-11-20T21:49:08.034+0000] {logging_mixin.py:154} INFO - [2023-11-20T21:49:08.033+0000] {dagbag.py:536} INFO - Filling up the DagBag from /home/airflow/.local/lib/python3.8/site-packages/airflow/example_dags/example_dag_decorator.py
[2023-11-20T21:49:08.099+0000] {processor.py:839} INFO - DAG(s) dict_keys(['example_dag_decorator']) retrieved from /home/airflow/.local/lib/python3.8/site-packages/airflow/example_dags/example_dag_decorator.py
[2023-11-20T21:49:08.263+0000] {logging_mixin.py:154} INFO - [2023-11-20T21:49:08.263+0000] {dag.py:2941} INFO - Sync 1 DAGs
[2023-11-20T21:49:08.268+0000] {logging_mixin.py:154} INFO - [2023-11-20T21:49:08.268+0000] {dag.py:3722} INFO - Setting next_dagrun for example_dag_decorator to None, run_after=None
[2023-11-20T21:49:08.296+0000] {processor.py:179} INFO - Processing /home/airflow/.local/lib/python3.8/site-packages/airflow/example_dags/example_dag_decorator.py took 0.267 seconds
[2023-11-20T21:49:39.134+0000] {processor.py:157} INFO - Started process (PID=153) to work on /home/airflow/.local/lib/python3.8/site-packages/airflow/example_dags/example_dag_decorator.py
[2023-11-20T21:49:39.135+0000] {processor.py:829} INFO - Processing file /home/airflow/.local/lib/python3.8/site-packages/airflow/example_dags/example_dag_decorator.py for tasks to queue
[2023-11-20T21:49:39.138+0000] {logging_mixin.py:154} INFO - [2023-11-20T21:49:39.137+0000] {dagbag.py:536} INFO - Filling up the DagBag from /home/airflow/.local/lib/python3.8/site-packages/airflow/example_dags/example_dag_decorator.py
[2023-11-20T21:49:39.192+0000] {processor.py:839} INFO - DAG(s) dict_keys(['example_dag_decorator']) retrieved from /home/airflow/.local/lib/python3.8/site-packages/airflow/example_dags/example_dag_decorator.py
[2023-11-20T21:49:39.444+0000] {logging_mixin.py:154} INFO - [2023-11-20T21:49:39.444+0000] {dag.py:2941} INFO - Sync 1 DAGs
[2023-11-20T21:49:39.449+0000] {logging_mixin.py:154} INFO - [2023-11-20T21:49:39.449+0000] {dag.py:3722} INFO - Setting next_dagrun for example_dag_decorator to None, run_after=None
[2023-11-20T21:49:39.458+0000] {processor.py:179} INFO - Processing /home/airflow/.local/lib/python3.8/site-packages/airflow/example_dags/example_dag_decorator.py took 0.328 seconds
[2023-11-20T21:50:09.589+0000] {processor.py:157} INFO - Started process (PID=210) to work on /home/airflow/.local/lib/python3.8/site-packages/airflow/example_dags/example_dag_decorator.py
[2023-11-20T21:50:09.590+0000] {processor.py:829} INFO - Processing file /home/airflow/.local/lib/python3.8/site-packages/airflow/example_dags/example_dag_decorator.py for tasks to queue
[2023-11-20T21:50:09.591+0000] {logging_mixin.py:154} INFO - [2023-11-20T21:50:09.591+0000] {dagbag.py:536} INFO - Filling up the DagBag from /home/airflow/.local/lib/python3.8/site-packages/airflow/example_dags/example_dag_decorator.py
[2023-11-20T21:50:09.641+0000] {processor.py:839} INFO - DAG(s) dict_keys(['example_dag_decorator']) retrieved from /home/airflow/.local/lib/python3.8/site-packages/airflow/example_dags/example_dag_decorator.py
[2023-11-20T21:50:09.699+0000] {logging_mixin.py:154} INFO - [2023-11-20T21:50:09.699+0000] {dag.py:2941} INFO - Sync 1 DAGs
[2023-11-20T21:50:09.877+0000] {logging_mixin.py:154} INFO - [2023-11-20T21:50:09.877+0000] {dag.py:3722} INFO - Setting next_dagrun for example_dag_decorator to None, run_after=None
[2023-11-20T21:50:09.887+0000] {processor.py:179} INFO - Processing /home/airflow/.local/lib/python3.8/site-packages/airflow/example_dags/example_dag_decorator.py took 0.300 seconds
[2023-11-20T21:50:39.965+0000] {processor.py:157} INFO - Started process (PID=264) to work on /home/airflow/.local/lib/python3.8/site-packages/airflow/example_dags/example_dag_decorator.py
[2023-11-20T21:50:39.966+0000] {processor.py:829} INFO - Processing file /home/airflow/.local/lib/python3.8/site-packages/airflow/example_dags/example_dag_decorator.py for tasks to queue
[2023-11-20T21:50:39.967+0000] {logging_mixin.py:154} INFO - [2023-11-20T21:50:39.967+0000] {dagbag.py:536} INFO - Filling up the DagBag from /home/airflow/.local/lib/python3.8/site-packages/airflow/example_dags/example_dag_decorator.py
[2023-11-20T21:50:40.009+0000] {processor.py:839} INFO - DAG(s) dict_keys(['example_dag_decorator']) retrieved from /home/airflow/.local/lib/python3.8/site-packages/airflow/example_dags/example_dag_decorator.py
[2023-11-20T21:50:40.078+0000] {logging_mixin.py:154} INFO - [2023-11-20T21:50:40.078+0000] {dag.py:2941} INFO - Sync 1 DAGs
[2023-11-20T21:50:40.083+0000] {logging_mixin.py:154} INFO - [2023-11-20T21:50:40.083+0000] {dag.py:3722} INFO - Setting next_dagrun for example_dag_decorator to None, run_after=None
[2023-11-20T21:50:40.092+0000] {processor.py:179} INFO - Processing /home/airflow/.local/lib/python3.8/site-packages/airflow/example_dags/example_dag_decorator.py took 0.129 seconds
[2023-11-20T21:51:10.238+0000] {processor.py:157} INFO - Started process (PID=318) to work on /home/airflow/.local/lib/python3.8/site-packages/airflow/example_dags/example_dag_decorator.py
[2023-11-20T21:51:10.239+0000] {processor.py:829} INFO - Processing file /home/airflow/.local/lib/python3.8/site-packages/airflow/example_dags/example_dag_decorator.py for tasks to queue
[2023-11-20T21:51:10.240+0000] {logging_mixin.py:154} INFO - [2023-11-20T21:51:10.240+0000] {dagbag.py:536} INFO - Filling up the DagBag from /home/airflow/.local/lib/python3.8/site-packages/airflow/example_dags/example_dag_decorator.py
[2023-11-20T21:51:10.282+0000] {processor.py:839} INFO - DAG(s) dict_keys(['example_dag_decorator']) retrieved from /home/airflow/.local/lib/python3.8/site-packages/airflow/example_dags/example_dag_decorator.py
[2023-11-20T21:51:10.297+0000] {logging_mixin.py:154} INFO - [2023-11-20T21:51:10.297+0000] {dag.py:2941} INFO - Sync 1 DAGs
[2023-11-20T21:51:10.303+0000] {logging_mixin.py:154} INFO - [2023-11-20T21:51:10.303+0000] {dag.py:3722} INFO - Setting next_dagrun for example_dag_decorator to None, run_after=None
[2023-11-20T21:51:10.310+0000] {processor.py:179} INFO - Processing /home/airflow/.local/lib/python3.8/site-packages/airflow/example_dags/example_dag_decorator.py took 0.074 seconds
[2023-11-20T21:51:40.332+0000] {processor.py:157} INFO - Started process (PID=372) to work on /home/airflow/.local/lib/python3.8/site-packages/airflow/example_dags/example_dag_decorator.py
[2023-11-20T21:51:40.333+0000] {processor.py:829} INFO - Processing file /home/airflow/.local/lib/python3.8/site-packages/airflow/example_dags/example_dag_decorator.py for tasks to queue
[2023-11-20T21:51:40.334+0000] {logging_mixin.py:154} INFO - [2023-11-20T21:51:40.334+0000] {dagbag.py:536} INFO - Filling up the DagBag from /home/airflow/.local/lib/python3.8/site-packages/airflow/example_dags/example_dag_decorator.py
[2023-11-20T21:51:40.375+0000] {processor.py:839} INFO - DAG(s) dict_keys(['example_dag_decorator']) retrieved from /home/airflow/.local/lib/python3.8/site-packages/airflow/example_dags/example_dag_decorator.py
[2023-11-20T21:51:40.431+0000] {logging_mixin.py:154} INFO - [2023-11-20T21:51:40.431+0000] {dag.py:2941} INFO - Sync 1 DAGs
[2023-11-20T21:51:40.633+0000] {logging_mixin.py:154} INFO - [2023-11-20T21:51:40.633+0000] {dag.py:3722} INFO - Setting next_dagrun for example_dag_decorator to None, run_after=None
[2023-11-20T21:51:40.645+0000] {processor.py:179} INFO - Processing /home/airflow/.local/lib/python3.8/site-packages/airflow/example_dags/example_dag_decorator.py took 0.316 seconds
[2023-11-20T21:52:10.867+0000] {processor.py:157} INFO - Started process (PID=426) to work on /home/airflow/.local/lib/python3.8/site-packages/airflow/example_dags/example_dag_decorator.py
[2023-11-20T21:52:10.868+0000] {processor.py:829} INFO - Processing file /home/airflow/.local/lib/python3.8/site-packages/airflow/example_dags/example_dag_decorator.py for tasks to queue
[2023-11-20T21:52:10.869+0000] {logging_mixin.py:154} INFO - [2023-11-20T21:52:10.869+0000] {dagbag.py:536} INFO - Filling up the DagBag from /home/airflow/.local/lib/python3.8/site-packages/airflow/example_dags/example_dag_decorator.py
[2023-11-20T21:52:10.912+0000] {processor.py:839} INFO - DAG(s) dict_keys(['example_dag_decorator']) retrieved from /home/airflow/.local/lib/python3.8/site-packages/airflow/example_dags/example_dag_decorator.py
[2023-11-20T21:52:11.111+0000] {logging_mixin.py:154} INFO - [2023-11-20T21:52:11.111+0000] {dag.py:2941} INFO - Sync 1 DAGs
[2023-11-20T21:52:11.116+0000] {logging_mixin.py:154} INFO - [2023-11-20T21:52:11.115+0000] {dag.py:3722} INFO - Setting next_dagrun for example_dag_decorator to None, run_after=None
[2023-11-20T21:52:11.123+0000] {processor.py:179} INFO - Processing /home/airflow/.local/lib/python3.8/site-packages/airflow/example_dags/example_dag_decorator.py took 0.258 seconds
[2023-11-20T21:52:42.113+0000] {processor.py:157} INFO - Started process (PID=482) to work on /home/airflow/.local/lib/python3.8/site-packages/airflow/example_dags/example_dag_decorator.py
[2023-11-20T21:52:42.114+0000] {processor.py:829} INFO - Processing file /home/airflow/.local/lib/python3.8/site-packages/airflow/example_dags/example_dag_decorator.py for tasks to queue
[2023-11-20T21:52:42.117+0000] {logging_mixin.py:154} INFO - [2023-11-20T21:52:42.116+0000] {dagbag.py:536} INFO - Filling up the DagBag from /home/airflow/.local/lib/python3.8/site-packages/airflow/example_dags/example_dag_decorator.py
[2023-11-20T21:52:42.167+0000] {processor.py:839} INFO - DAG(s) dict_keys(['example_dag_decorator']) retrieved from /home/airflow/.local/lib/python3.8/site-packages/airflow/example_dags/example_dag_decorator.py
[2023-11-20T21:52:42.388+0000] {logging_mixin.py:154} INFO - [2023-11-20T21:52:42.388+0000] {dag.py:2941} INFO - Sync 1 DAGs
[2023-11-20T21:52:42.392+0000] {logging_mixin.py:154} INFO - [2023-11-20T21:52:42.392+0000] {dag.py:3722} INFO - Setting next_dagrun for example_dag_decorator to None, run_after=None
[2023-11-20T21:52:42.400+0000] {processor.py:179} INFO - Processing /home/airflow/.local/lib/python3.8/site-packages/airflow/example_dags/example_dag_decorator.py took 0.292 seconds
[2023-11-20T21:53:12.534+0000] {processor.py:157} INFO - Started process (PID=536) to work on /home/airflow/.local/lib/python3.8/site-packages/airflow/example_dags/example_dag_decorator.py
[2023-11-20T21:53:12.536+0000] {processor.py:829} INFO - Processing file /home/airflow/.local/lib/python3.8/site-packages/airflow/example_dags/example_dag_decorator.py for tasks to queue
[2023-11-20T21:53:12.538+0000] {logging_mixin.py:154} INFO - [2023-11-20T21:53:12.538+0000] {dagbag.py:536} INFO - Filling up the DagBag from /home/airflow/.local/lib/python3.8/site-packages/airflow/example_dags/example_dag_decorator.py
[2023-11-20T21:53:12.595+0000] {processor.py:839} INFO - DAG(s) dict_keys(['example_dag_decorator']) retrieved from /home/airflow/.local/lib/python3.8/site-packages/airflow/example_dags/example_dag_decorator.py
[2023-11-20T21:53:12.663+0000] {logging_mixin.py:154} INFO - [2023-11-20T21:53:12.663+0000] {dag.py:2941} INFO - Sync 1 DAGs
[2023-11-20T21:53:12.867+0000] {logging_mixin.py:154} INFO - [2023-11-20T21:53:12.867+0000] {dag.py:3722} INFO - Setting next_dagrun for example_dag_decorator to None, run_after=None
[2023-11-20T21:53:12.880+0000] {processor.py:179} INFO - Processing /home/airflow/.local/lib/python3.8/site-packages/airflow/example_dags/example_dag_decorator.py took 0.350 seconds
[2023-11-20T21:53:42.924+0000] {processor.py:157} INFO - Started process (PID=594) to work on /home/airflow/.local/lib/python3.8/site-packages/airflow/example_dags/example_dag_decorator.py
[2023-11-20T21:53:42.924+0000] {processor.py:829} INFO - Processing file /home/airflow/.local/lib/python3.8/site-packages/airflow/example_dags/example_dag_decorator.py for tasks to queue
[2023-11-20T21:53:42.926+0000] {logging_mixin.py:154} INFO - [2023-11-20T21:53:42.925+0000] {dagbag.py:536} INFO - Filling up the DagBag from /home/airflow/.local/lib/python3.8/site-packages/airflow/example_dags/example_dag_decorator.py
[2023-11-20T21:53:42.967+0000] {processor.py:839} INFO - DAG(s) dict_keys(['example_dag_decorator']) retrieved from /home/airflow/.local/lib/python3.8/site-packages/airflow/example_dags/example_dag_decorator.py
[2023-11-20T21:53:43.186+0000] {logging_mixin.py:154} INFO - [2023-11-20T21:53:43.186+0000] {dag.py:2941} INFO - Sync 1 DAGs
[2023-11-20T21:53:43.191+0000] {logging_mixin.py:154} INFO - [2023-11-20T21:53:43.191+0000] {dag.py:3722} INFO - Setting next_dagrun for example_dag_decorator to None, run_after=None
[2023-11-20T21:53:43.200+0000] {processor.py:179} INFO - Processing /home/airflow/.local/lib/python3.8/site-packages/airflow/example_dags/example_dag_decorator.py took 0.278 seconds
[2023-11-20T21:54:14.231+0000] {processor.py:157} INFO - Started process (PID=648) to work on /home/airflow/.local/lib/python3.8/site-packages/airflow/example_dags/example_dag_decorator.py
[2023-11-20T21:54:14.233+0000] {processor.py:829} INFO - Processing file /home/airflow/.local/lib/python3.8/site-packages/airflow/example_dags/example_dag_decorator.py for tasks to queue
[2023-11-20T21:54:14.235+0000] {logging_mixin.py:154} INFO - [2023-11-20T21:54:14.234+0000] {dagbag.py:536} INFO - Filling up the DagBag from /home/airflow/.local/lib/python3.8/site-packages/airflow/example_dags/example_dag_decorator.py
[2023-11-20T21:54:14.285+0000] {processor.py:839} INFO - DAG(s) dict_keys(['example_dag_decorator']) retrieved from /home/airflow/.local/lib/python3.8/site-packages/airflow/example_dags/example_dag_decorator.py
[2023-11-20T21:54:14.495+0000] {logging_mixin.py:154} INFO - [2023-11-20T21:54:14.495+0000] {dag.py:2941} INFO - Sync 1 DAGs
[2023-11-20T21:54:14.499+0000] {logging_mixin.py:154} INFO - [2023-11-20T21:54:14.499+0000] {dag.py:3722} INFO - Setting next_dagrun for example_dag_decorator to None, run_after=None
[2023-11-20T21:54:14.508+0000] {processor.py:179} INFO - Processing /home/airflow/.local/lib/python3.8/site-packages/airflow/example_dags/example_dag_decorator.py took 0.281 seconds
[2023-11-20T21:54:44.804+0000] {processor.py:157} INFO - Started process (PID=702) to work on /home/airflow/.local/lib/python3.8/site-packages/airflow/example_dags/example_dag_decorator.py
[2023-11-20T21:54:44.807+0000] {processor.py:829} INFO - Processing file /home/airflow/.local/lib/python3.8/site-packages/airflow/example_dags/example_dag_decorator.py for tasks to queue
[2023-11-20T21:54:44.809+0000] {logging_mixin.py:154} INFO - [2023-11-20T21:54:44.809+0000] {dagbag.py:536} INFO - Filling up the DagBag from /home/airflow/.local/lib/python3.8/site-packages/airflow/example_dags/example_dag_decorator.py
[2023-11-20T21:54:44.860+0000] {processor.py:839} INFO - DAG(s) dict_keys(['example_dag_decorator']) retrieved from /home/airflow/.local/lib/python3.8/site-packages/airflow/example_dags/example_dag_decorator.py
[2023-11-20T21:54:45.115+0000] {logging_mixin.py:154} INFO - [2023-11-20T21:54:45.114+0000] {dag.py:2941} INFO - Sync 1 DAGs
[2023-11-20T21:54:45.121+0000] {logging_mixin.py:154} INFO - [2023-11-20T21:54:45.121+0000] {dag.py:3722} INFO - Setting next_dagrun for example_dag_decorator to None, run_after=None
[2023-11-20T21:54:45.131+0000] {processor.py:179} INFO - Processing /home/airflow/.local/lib/python3.8/site-packages/airflow/example_dags/example_dag_decorator.py took 0.330 seconds
[2023-11-20T21:55:16.051+0000] {processor.py:157} INFO - Started process (PID=759) to work on /home/airflow/.local/lib/python3.8/site-packages/airflow/example_dags/example_dag_decorator.py
[2023-11-20T21:55:16.053+0000] {processor.py:829} INFO - Processing file /home/airflow/.local/lib/python3.8/site-packages/airflow/example_dags/example_dag_decorator.py for tasks to queue
[2023-11-20T21:55:16.055+0000] {logging_mixin.py:154} INFO - [2023-11-20T21:55:16.055+0000] {dagbag.py:536} INFO - Filling up the DagBag from /home/airflow/.local/lib/python3.8/site-packages/airflow/example_dags/example_dag_decorator.py
[2023-11-20T21:55:16.107+0000] {processor.py:839} INFO - DAG(s) dict_keys(['example_dag_decorator']) retrieved from /home/airflow/.local/lib/python3.8/site-packages/airflow/example_dags/example_dag_decorator.py
[2023-11-20T21:55:16.302+0000] {logging_mixin.py:154} INFO - [2023-11-20T21:55:16.302+0000] {dag.py:2941} INFO - Sync 1 DAGs
[2023-11-20T21:55:16.307+0000] {logging_mixin.py:154} INFO - [2023-11-20T21:55:16.307+0000] {dag.py:3722} INFO - Setting next_dagrun for example_dag_decorator to None, run_after=None
[2023-11-20T21:55:16.315+0000] {processor.py:179} INFO - Processing /home/airflow/.local/lib/python3.8/site-packages/airflow/example_dags/example_dag_decorator.py took 0.267 seconds
[2023-11-20T21:55:46.653+0000] {processor.py:157} INFO - Started process (PID=813) to work on /home/airflow/.local/lib/python3.8/site-packages/airflow/example_dags/example_dag_decorator.py
[2023-11-20T21:55:46.655+0000] {processor.py:829} INFO - Processing file /home/airflow/.local/lib/python3.8/site-packages/airflow/example_dags/example_dag_decorator.py for tasks to queue
[2023-11-20T21:55:46.658+0000] {logging_mixin.py:154} INFO - [2023-11-20T21:55:46.657+0000] {dagbag.py:536} INFO - Filling up the DagBag from /home/airflow/.local/lib/python3.8/site-packages/airflow/example_dags/example_dag_decorator.py
[2023-11-20T21:55:46.706+0000] {processor.py:839} INFO - DAG(s) dict_keys(['example_dag_decorator']) retrieved from /home/airflow/.local/lib/python3.8/site-packages/airflow/example_dags/example_dag_decorator.py
[2023-11-20T21:55:46.938+0000] {logging_mixin.py:154} INFO - [2023-11-20T21:55:46.938+0000] {dag.py:2941} INFO - Sync 1 DAGs
[2023-11-20T21:55:46.943+0000] {logging_mixin.py:154} INFO - [2023-11-20T21:55:46.943+0000] {dag.py:3722} INFO - Setting next_dagrun for example_dag_decorator to None, run_after=None
[2023-11-20T21:55:46.952+0000] {processor.py:179} INFO - Processing /home/airflow/.local/lib/python3.8/site-packages/airflow/example_dags/example_dag_decorator.py took 0.302 seconds
[2023-11-20T21:56:17.119+0000] {processor.py:157} INFO - Started process (PID=867) to work on /home/airflow/.local/lib/python3.8/site-packages/airflow/example_dags/example_dag_decorator.py
[2023-11-20T21:56:17.120+0000] {processor.py:829} INFO - Processing file /home/airflow/.local/lib/python3.8/site-packages/airflow/example_dags/example_dag_decorator.py for tasks to queue
[2023-11-20T21:56:17.122+0000] {logging_mixin.py:154} INFO - [2023-11-20T21:56:17.121+0000] {dagbag.py:536} INFO - Filling up the DagBag from /home/airflow/.local/lib/python3.8/site-packages/airflow/example_dags/example_dag_decorator.py
[2023-11-20T21:56:17.190+0000] {processor.py:839} INFO - DAG(s) dict_keys(['example_dag_decorator']) retrieved from /home/airflow/.local/lib/python3.8/site-packages/airflow/example_dags/example_dag_decorator.py
[2023-11-20T21:56:17.508+0000] {logging_mixin.py:154} INFO - [2023-11-20T21:56:17.508+0000] {dag.py:2941} INFO - Sync 1 DAGs
[2023-11-20T21:56:17.514+0000] {logging_mixin.py:154} INFO - [2023-11-20T21:56:17.514+0000] {dag.py:3722} INFO - Setting next_dagrun for example_dag_decorator to None, run_after=None
[2023-11-20T21:56:17.523+0000] {processor.py:179} INFO - Processing /home/airflow/.local/lib/python3.8/site-packages/airflow/example_dags/example_dag_decorator.py took 0.407 seconds
[2023-11-20T21:56:47.570+0000] {processor.py:157} INFO - Started process (PID=924) to work on /home/airflow/.local/lib/python3.8/site-packages/airflow/example_dags/example_dag_decorator.py
[2023-11-20T21:56:47.571+0000] {processor.py:829} INFO - Processing file /home/airflow/.local/lib/python3.8/site-packages/airflow/example_dags/example_dag_decorator.py for tasks to queue
[2023-11-20T21:56:47.572+0000] {logging_mixin.py:154} INFO - [2023-11-20T21:56:47.572+0000] {dagbag.py:536} INFO - Filling up the DagBag from /home/airflow/.local/lib/python3.8/site-packages/airflow/example_dags/example_dag_decorator.py
[2023-11-20T21:56:47.623+0000] {processor.py:839} INFO - DAG(s) dict_keys(['example_dag_decorator']) retrieved from /home/airflow/.local/lib/python3.8/site-packages/airflow/example_dags/example_dag_decorator.py
[2023-11-20T21:56:47.902+0000] {logging_mixin.py:154} INFO - [2023-11-20T21:56:47.902+0000] {dag.py:2941} INFO - Sync 1 DAGs
[2023-11-20T21:56:47.908+0000] {logging_mixin.py:154} INFO - [2023-11-20T21:56:47.908+0000] {dag.py:3722} INFO - Setting next_dagrun for example_dag_decorator to None, run_after=None
[2023-11-20T21:56:47.916+0000] {processor.py:179} INFO - Processing /home/airflow/.local/lib/python3.8/site-packages/airflow/example_dags/example_dag_decorator.py took 0.349 seconds
[2023-11-20T21:57:18.360+0000] {processor.py:157} INFO - Started process (PID=975) to work on /home/airflow/.local/lib/python3.8/site-packages/airflow/example_dags/example_dag_decorator.py
[2023-11-20T21:57:18.362+0000] {processor.py:829} INFO - Processing file /home/airflow/.local/lib/python3.8/site-packages/airflow/example_dags/example_dag_decorator.py for tasks to queue
[2023-11-20T21:57:18.364+0000] {logging_mixin.py:154} INFO - [2023-11-20T21:57:18.364+0000] {dagbag.py:536} INFO - Filling up the DagBag from /home/airflow/.local/lib/python3.8/site-packages/airflow/example_dags/example_dag_decorator.py
[2023-11-20T21:57:18.416+0000] {processor.py:839} INFO - DAG(s) dict_keys(['example_dag_decorator']) retrieved from /home/airflow/.local/lib/python3.8/site-packages/airflow/example_dags/example_dag_decorator.py
[2023-11-20T21:57:18.574+0000] {logging_mixin.py:154} INFO - [2023-11-20T21:57:18.574+0000] {dag.py:2941} INFO - Sync 1 DAGs
[2023-11-20T21:57:18.578+0000] {logging_mixin.py:154} INFO - [2023-11-20T21:57:18.578+0000] {dag.py:3722} INFO - Setting next_dagrun for example_dag_decorator to None, run_after=None
[2023-11-20T21:57:18.587+0000] {processor.py:179} INFO - Processing /home/airflow/.local/lib/python3.8/site-packages/airflow/example_dags/example_dag_decorator.py took 0.231 seconds
[2023-11-20T21:57:48.993+0000] {processor.py:157} INFO - Started process (PID=1029) to work on /home/airflow/.local/lib/python3.8/site-packages/airflow/example_dags/example_dag_decorator.py
[2023-11-20T21:57:48.995+0000] {processor.py:829} INFO - Processing file /home/airflow/.local/lib/python3.8/site-packages/airflow/example_dags/example_dag_decorator.py for tasks to queue
[2023-11-20T21:57:48.997+0000] {logging_mixin.py:154} INFO - [2023-11-20T21:57:48.997+0000] {dagbag.py:536} INFO - Filling up the DagBag from /home/airflow/.local/lib/python3.8/site-packages/airflow/example_dags/example_dag_decorator.py
[2023-11-20T21:57:49.045+0000] {processor.py:839} INFO - DAG(s) dict_keys(['example_dag_decorator']) retrieved from /home/airflow/.local/lib/python3.8/site-packages/airflow/example_dags/example_dag_decorator.py
[2023-11-20T21:57:49.209+0000] {logging_mixin.py:154} INFO - [2023-11-20T21:57:49.209+0000] {dag.py:2941} INFO - Sync 1 DAGs
[2023-11-20T21:57:49.214+0000] {logging_mixin.py:154} INFO - [2023-11-20T21:57:49.214+0000] {dag.py:3722} INFO - Setting next_dagrun for example_dag_decorator to None, run_after=None
[2023-11-20T21:57:49.224+0000] {processor.py:179} INFO - Processing /home/airflow/.local/lib/python3.8/site-packages/airflow/example_dags/example_dag_decorator.py took 0.234 seconds
[2023-11-20T21:58:19.315+0000] {processor.py:157} INFO - Started process (PID=1083) to work on /home/airflow/.local/lib/python3.8/site-packages/airflow/example_dags/example_dag_decorator.py
[2023-11-20T21:58:19.317+0000] {processor.py:829} INFO - Processing file /home/airflow/.local/lib/python3.8/site-packages/airflow/example_dags/example_dag_decorator.py for tasks to queue
[2023-11-20T21:58:19.319+0000] {logging_mixin.py:154} INFO - [2023-11-20T21:58:19.319+0000] {dagbag.py:536} INFO - Filling up the DagBag from /home/airflow/.local/lib/python3.8/site-packages/airflow/example_dags/example_dag_decorator.py
[2023-11-20T21:58:19.367+0000] {processor.py:839} INFO - DAG(s) dict_keys(['example_dag_decorator']) retrieved from /home/airflow/.local/lib/python3.8/site-packages/airflow/example_dags/example_dag_decorator.py
[2023-11-20T21:58:19.596+0000] {logging_mixin.py:154} INFO - [2023-11-20T21:58:19.596+0000] {dag.py:2941} INFO - Sync 1 DAGs
[2023-11-20T21:58:19.601+0000] {logging_mixin.py:154} INFO - [2023-11-20T21:58:19.601+0000] {dag.py:3722} INFO - Setting next_dagrun for example_dag_decorator to None, run_after=None
[2023-11-20T21:58:19.610+0000] {processor.py:179} INFO - Processing /home/airflow/.local/lib/python3.8/site-packages/airflow/example_dags/example_dag_decorator.py took 0.298 seconds
