[2023-11-20T21:48:37.470+0000] {processor.py:157} INFO - Started process (PID=39) to work on /home/airflow/.local/lib/python3.8/site-packages/airflow/example_dags/example_setup_teardown.py
[2023-11-20T21:48:37.471+0000] {processor.py:829} INFO - Processing file /home/airflow/.local/lib/python3.8/site-packages/airflow/example_dags/example_setup_teardown.py for tasks to queue
[2023-11-20T21:48:37.472+0000] {logging_mixin.py:154} INFO - [2023-11-20T21:48:37.472+0000] {dagbag.py:536} INFO - Filling up the DagBag from /home/airflow/.local/lib/python3.8/site-packages/airflow/example_dags/example_setup_teardown.py
[2023-11-20T21:48:37.479+0000] {processor.py:839} INFO - DAG(s) dict_keys(['example_setup_teardown']) retrieved from /home/airflow/.local/lib/python3.8/site-packages/airflow/example_dags/example_setup_teardown.py
[2023-11-20T21:48:37.491+0000] {logging_mixin.py:154} INFO - [2023-11-20T21:48:37.490+0000] {dag.py:2941} INFO - Sync 1 DAGs
[2023-11-20T21:48:37.505+0000] {logging_mixin.py:154} INFO - [2023-11-20T21:48:37.505+0000] {dag.py:3722} INFO - Setting next_dagrun for example_setup_teardown to 2023-11-19T21:48:37.504774+00:00, run_after=2023-11-20T21:48:37.504774+00:00
[2023-11-20T21:48:37.539+0000] {processor.py:179} INFO - Processing /home/airflow/.local/lib/python3.8/site-packages/airflow/example_dags/example_setup_teardown.py took 0.072 seconds
[2023-11-20T21:49:07.798+0000] {processor.py:157} INFO - Started process (PID=93) to work on /home/airflow/.local/lib/python3.8/site-packages/airflow/example_dags/example_setup_teardown.py
[2023-11-20T21:49:07.799+0000] {processor.py:829} INFO - Processing file /home/airflow/.local/lib/python3.8/site-packages/airflow/example_dags/example_setup_teardown.py for tasks to queue
[2023-11-20T21:49:07.801+0000] {logging_mixin.py:154} INFO - [2023-11-20T21:49:07.801+0000] {dagbag.py:536} INFO - Filling up the DagBag from /home/airflow/.local/lib/python3.8/site-packages/airflow/example_dags/example_setup_teardown.py
[2023-11-20T21:49:07.806+0000] {processor.py:839} INFO - DAG(s) dict_keys(['example_setup_teardown']) retrieved from /home/airflow/.local/lib/python3.8/site-packages/airflow/example_dags/example_setup_teardown.py
[2023-11-20T21:49:07.820+0000] {logging_mixin.py:154} INFO - [2023-11-20T21:49:07.820+0000] {dag.py:2941} INFO - Sync 1 DAGs
[2023-11-20T21:49:07.830+0000] {logging_mixin.py:154} INFO - [2023-11-20T21:49:07.830+0000] {dag.py:3722} INFO - Setting next_dagrun for example_setup_teardown to 2023-11-19T21:49:07.830178+00:00, run_after=2023-11-20T21:49:07.830178+00:00
[2023-11-20T21:49:07.838+0000] {processor.py:179} INFO - Processing /home/airflow/.local/lib/python3.8/site-packages/airflow/example_dags/example_setup_teardown.py took 0.042 seconds
[2023-11-20T21:49:37.934+0000] {processor.py:157} INFO - Started process (PID=147) to work on /home/airflow/.local/lib/python3.8/site-packages/airflow/example_dags/example_setup_teardown.py
[2023-11-20T21:49:37.935+0000] {processor.py:829} INFO - Processing file /home/airflow/.local/lib/python3.8/site-packages/airflow/example_dags/example_setup_teardown.py for tasks to queue
[2023-11-20T21:49:37.937+0000] {logging_mixin.py:154} INFO - [2023-11-20T21:49:37.936+0000] {dagbag.py:536} INFO - Filling up the DagBag from /home/airflow/.local/lib/python3.8/site-packages/airflow/example_dags/example_setup_teardown.py
[2023-11-20T21:49:37.941+0000] {processor.py:839} INFO - DAG(s) dict_keys(['example_setup_teardown']) retrieved from /home/airflow/.local/lib/python3.8/site-packages/airflow/example_dags/example_setup_teardown.py
[2023-11-20T21:49:37.953+0000] {logging_mixin.py:154} INFO - [2023-11-20T21:49:37.953+0000] {dag.py:2941} INFO - Sync 1 DAGs
[2023-11-20T21:49:37.963+0000] {logging_mixin.py:154} INFO - [2023-11-20T21:49:37.963+0000] {dag.py:3722} INFO - Setting next_dagrun for example_setup_teardown to 2023-11-19T21:49:37.963412+00:00, run_after=2023-11-20T21:49:37.963412+00:00
[2023-11-20T21:49:37.971+0000] {processor.py:179} INFO - Processing /home/airflow/.local/lib/python3.8/site-packages/airflow/example_dags/example_setup_teardown.py took 0.039 seconds
[2023-11-20T21:50:08.249+0000] {processor.py:157} INFO - Started process (PID=201) to work on /home/airflow/.local/lib/python3.8/site-packages/airflow/example_dags/example_setup_teardown.py
[2023-11-20T21:50:08.250+0000] {processor.py:829} INFO - Processing file /home/airflow/.local/lib/python3.8/site-packages/airflow/example_dags/example_setup_teardown.py for tasks to queue
[2023-11-20T21:50:08.252+0000] {logging_mixin.py:154} INFO - [2023-11-20T21:50:08.251+0000] {dagbag.py:536} INFO - Filling up the DagBag from /home/airflow/.local/lib/python3.8/site-packages/airflow/example_dags/example_setup_teardown.py
[2023-11-20T21:50:08.257+0000] {processor.py:839} INFO - DAG(s) dict_keys(['example_setup_teardown']) retrieved from /home/airflow/.local/lib/python3.8/site-packages/airflow/example_dags/example_setup_teardown.py
[2023-11-20T21:50:08.278+0000] {logging_mixin.py:154} INFO - [2023-11-20T21:50:08.278+0000] {dag.py:2941} INFO - Sync 1 DAGs
[2023-11-20T21:50:08.293+0000] {logging_mixin.py:154} INFO - [2023-11-20T21:50:08.293+0000] {dag.py:3722} INFO - Setting next_dagrun for example_setup_teardown to 2023-11-19T21:50:08.293563+00:00, run_after=2023-11-20T21:50:08.293563+00:00
[2023-11-20T21:50:08.304+0000] {processor.py:179} INFO - Processing /home/airflow/.local/lib/python3.8/site-packages/airflow/example_dags/example_setup_teardown.py took 0.057 seconds
[2023-11-20T21:50:38.684+0000] {processor.py:157} INFO - Started process (PID=255) to work on /home/airflow/.local/lib/python3.8/site-packages/airflow/example_dags/example_setup_teardown.py
[2023-11-20T21:50:38.685+0000] {processor.py:829} INFO - Processing file /home/airflow/.local/lib/python3.8/site-packages/airflow/example_dags/example_setup_teardown.py for tasks to queue
[2023-11-20T21:50:38.687+0000] {logging_mixin.py:154} INFO - [2023-11-20T21:50:38.687+0000] {dagbag.py:536} INFO - Filling up the DagBag from /home/airflow/.local/lib/python3.8/site-packages/airflow/example_dags/example_setup_teardown.py
[2023-11-20T21:50:38.693+0000] {processor.py:839} INFO - DAG(s) dict_keys(['example_setup_teardown']) retrieved from /home/airflow/.local/lib/python3.8/site-packages/airflow/example_dags/example_setup_teardown.py
[2023-11-20T21:50:38.708+0000] {logging_mixin.py:154} INFO - [2023-11-20T21:50:38.708+0000] {dag.py:2941} INFO - Sync 1 DAGs
[2023-11-20T21:50:38.721+0000] {logging_mixin.py:154} INFO - [2023-11-20T21:50:38.721+0000] {dag.py:3722} INFO - Setting next_dagrun for example_setup_teardown to 2023-11-19T21:50:38.721262+00:00, run_after=2023-11-20T21:50:38.721262+00:00
[2023-11-20T21:50:38.731+0000] {processor.py:179} INFO - Processing /home/airflow/.local/lib/python3.8/site-packages/airflow/example_dags/example_setup_teardown.py took 0.049 seconds
[2023-11-20T21:51:08.891+0000] {processor.py:157} INFO - Started process (PID=309) to work on /home/airflow/.local/lib/python3.8/site-packages/airflow/example_dags/example_setup_teardown.py
[2023-11-20T21:51:08.892+0000] {processor.py:829} INFO - Processing file /home/airflow/.local/lib/python3.8/site-packages/airflow/example_dags/example_setup_teardown.py for tasks to queue
[2023-11-20T21:51:08.894+0000] {logging_mixin.py:154} INFO - [2023-11-20T21:51:08.894+0000] {dagbag.py:536} INFO - Filling up the DagBag from /home/airflow/.local/lib/python3.8/site-packages/airflow/example_dags/example_setup_teardown.py
[2023-11-20T21:51:08.898+0000] {processor.py:839} INFO - DAG(s) dict_keys(['example_setup_teardown']) retrieved from /home/airflow/.local/lib/python3.8/site-packages/airflow/example_dags/example_setup_teardown.py
[2023-11-20T21:51:08.912+0000] {logging_mixin.py:154} INFO - [2023-11-20T21:51:08.912+0000] {dag.py:2941} INFO - Sync 1 DAGs
[2023-11-20T21:51:08.923+0000] {logging_mixin.py:154} INFO - [2023-11-20T21:51:08.923+0000] {dag.py:3722} INFO - Setting next_dagrun for example_setup_teardown to 2023-11-19T21:51:08.923465+00:00, run_after=2023-11-20T21:51:08.923465+00:00
[2023-11-20T21:51:08.931+0000] {processor.py:179} INFO - Processing /home/airflow/.local/lib/python3.8/site-packages/airflow/example_dags/example_setup_teardown.py took 0.042 seconds
[2023-11-20T21:51:38.999+0000] {processor.py:157} INFO - Started process (PID=363) to work on /home/airflow/.local/lib/python3.8/site-packages/airflow/example_dags/example_setup_teardown.py
[2023-11-20T21:51:39.000+0000] {processor.py:829} INFO - Processing file /home/airflow/.local/lib/python3.8/site-packages/airflow/example_dags/example_setup_teardown.py for tasks to queue
[2023-11-20T21:51:39.001+0000] {logging_mixin.py:154} INFO - [2023-11-20T21:51:39.001+0000] {dagbag.py:536} INFO - Filling up the DagBag from /home/airflow/.local/lib/python3.8/site-packages/airflow/example_dags/example_setup_teardown.py
[2023-11-20T21:51:39.005+0000] {processor.py:839} INFO - DAG(s) dict_keys(['example_setup_teardown']) retrieved from /home/airflow/.local/lib/python3.8/site-packages/airflow/example_dags/example_setup_teardown.py
[2023-11-20T21:51:39.017+0000] {logging_mixin.py:154} INFO - [2023-11-20T21:51:39.017+0000] {dag.py:2941} INFO - Sync 1 DAGs
[2023-11-20T21:51:39.027+0000] {logging_mixin.py:154} INFO - [2023-11-20T21:51:39.027+0000] {dag.py:3722} INFO - Setting next_dagrun for example_setup_teardown to 2023-11-19T21:51:39.026955+00:00, run_after=2023-11-20T21:51:39.026955+00:00
[2023-11-20T21:51:39.034+0000] {processor.py:179} INFO - Processing /home/airflow/.local/lib/python3.8/site-packages/airflow/example_dags/example_setup_teardown.py took 0.037 seconds
[2023-11-20T21:52:09.489+0000] {processor.py:157} INFO - Started process (PID=417) to work on /home/airflow/.local/lib/python3.8/site-packages/airflow/example_dags/example_setup_teardown.py
[2023-11-20T21:52:09.490+0000] {processor.py:829} INFO - Processing file /home/airflow/.local/lib/python3.8/site-packages/airflow/example_dags/example_setup_teardown.py for tasks to queue
[2023-11-20T21:52:09.491+0000] {logging_mixin.py:154} INFO - [2023-11-20T21:52:09.491+0000] {dagbag.py:536} INFO - Filling up the DagBag from /home/airflow/.local/lib/python3.8/site-packages/airflow/example_dags/example_setup_teardown.py
[2023-11-20T21:52:09.495+0000] {processor.py:839} INFO - DAG(s) dict_keys(['example_setup_teardown']) retrieved from /home/airflow/.local/lib/python3.8/site-packages/airflow/example_dags/example_setup_teardown.py
[2023-11-20T21:52:09.507+0000] {logging_mixin.py:154} INFO - [2023-11-20T21:52:09.507+0000] {dag.py:2941} INFO - Sync 1 DAGs
[2023-11-20T21:52:09.518+0000] {logging_mixin.py:154} INFO - [2023-11-20T21:52:09.518+0000] {dag.py:3722} INFO - Setting next_dagrun for example_setup_teardown to 2023-11-19T21:52:09.517873+00:00, run_after=2023-11-20T21:52:09.517873+00:00
[2023-11-20T21:52:09.525+0000] {processor.py:179} INFO - Processing /home/airflow/.local/lib/python3.8/site-packages/airflow/example_dags/example_setup_teardown.py took 0.039 seconds
[2023-11-20T21:52:39.795+0000] {processor.py:157} INFO - Started process (PID=471) to work on /home/airflow/.local/lib/python3.8/site-packages/airflow/example_dags/example_setup_teardown.py
[2023-11-20T21:52:39.798+0000] {processor.py:829} INFO - Processing file /home/airflow/.local/lib/python3.8/site-packages/airflow/example_dags/example_setup_teardown.py for tasks to queue
[2023-11-20T21:52:39.802+0000] {logging_mixin.py:154} INFO - [2023-11-20T21:52:39.802+0000] {dagbag.py:536} INFO - Filling up the DagBag from /home/airflow/.local/lib/python3.8/site-packages/airflow/example_dags/example_setup_teardown.py
[2023-11-20T21:52:39.806+0000] {processor.py:839} INFO - DAG(s) dict_keys(['example_setup_teardown']) retrieved from /home/airflow/.local/lib/python3.8/site-packages/airflow/example_dags/example_setup_teardown.py
[2023-11-20T21:52:39.819+0000] {logging_mixin.py:154} INFO - [2023-11-20T21:52:39.819+0000] {dag.py:2941} INFO - Sync 1 DAGs
[2023-11-20T21:52:39.829+0000] {logging_mixin.py:154} INFO - [2023-11-20T21:52:39.829+0000] {dag.py:3722} INFO - Setting next_dagrun for example_setup_teardown to 2023-11-19T21:52:39.828968+00:00, run_after=2023-11-20T21:52:39.828968+00:00
[2023-11-20T21:52:39.836+0000] {processor.py:179} INFO - Processing /home/airflow/.local/lib/python3.8/site-packages/airflow/example_dags/example_setup_teardown.py took 0.046 seconds
[2023-11-20T21:53:10.109+0000] {processor.py:157} INFO - Started process (PID=525) to work on /home/airflow/.local/lib/python3.8/site-packages/airflow/example_dags/example_setup_teardown.py
[2023-11-20T21:53:10.110+0000] {processor.py:829} INFO - Processing file /home/airflow/.local/lib/python3.8/site-packages/airflow/example_dags/example_setup_teardown.py for tasks to queue
[2023-11-20T21:53:10.111+0000] {logging_mixin.py:154} INFO - [2023-11-20T21:53:10.111+0000] {dagbag.py:536} INFO - Filling up the DagBag from /home/airflow/.local/lib/python3.8/site-packages/airflow/example_dags/example_setup_teardown.py
[2023-11-20T21:53:10.115+0000] {processor.py:839} INFO - DAG(s) dict_keys(['example_setup_teardown']) retrieved from /home/airflow/.local/lib/python3.8/site-packages/airflow/example_dags/example_setup_teardown.py
[2023-11-20T21:53:10.130+0000] {logging_mixin.py:154} INFO - [2023-11-20T21:53:10.130+0000] {dag.py:2941} INFO - Sync 1 DAGs
[2023-11-20T21:53:10.144+0000] {logging_mixin.py:154} INFO - [2023-11-20T21:53:10.144+0000] {dag.py:3722} INFO - Setting next_dagrun for example_setup_teardown to 2023-11-19T21:53:10.144045+00:00, run_after=2023-11-20T21:53:10.144045+00:00
[2023-11-20T21:53:10.153+0000] {processor.py:179} INFO - Processing /home/airflow/.local/lib/python3.8/site-packages/airflow/example_dags/example_setup_teardown.py took 0.047 seconds
[2023-11-20T21:53:40.268+0000] {processor.py:157} INFO - Started process (PID=579) to work on /home/airflow/.local/lib/python3.8/site-packages/airflow/example_dags/example_setup_teardown.py
[2023-11-20T21:53:40.269+0000] {processor.py:829} INFO - Processing file /home/airflow/.local/lib/python3.8/site-packages/airflow/example_dags/example_setup_teardown.py for tasks to queue
[2023-11-20T21:53:40.271+0000] {logging_mixin.py:154} INFO - [2023-11-20T21:53:40.270+0000] {dagbag.py:536} INFO - Filling up the DagBag from /home/airflow/.local/lib/python3.8/site-packages/airflow/example_dags/example_setup_teardown.py
[2023-11-20T21:53:40.274+0000] {processor.py:839} INFO - DAG(s) dict_keys(['example_setup_teardown']) retrieved from /home/airflow/.local/lib/python3.8/site-packages/airflow/example_dags/example_setup_teardown.py
[2023-11-20T21:53:40.288+0000] {logging_mixin.py:154} INFO - [2023-11-20T21:53:40.288+0000] {dag.py:2941} INFO - Sync 1 DAGs
[2023-11-20T21:53:40.299+0000] {logging_mixin.py:154} INFO - [2023-11-20T21:53:40.299+0000] {dag.py:3722} INFO - Setting next_dagrun for example_setup_teardown to 2023-11-19T21:53:40.298843+00:00, run_after=2023-11-20T21:53:40.298843+00:00
[2023-11-20T21:53:40.306+0000] {processor.py:179} INFO - Processing /home/airflow/.local/lib/python3.8/site-packages/airflow/example_dags/example_setup_teardown.py took 0.040 seconds
[2023-11-20T21:54:10.675+0000] {processor.py:157} INFO - Started process (PID=633) to work on /home/airflow/.local/lib/python3.8/site-packages/airflow/example_dags/example_setup_teardown.py
[2023-11-20T21:54:10.676+0000] {processor.py:829} INFO - Processing file /home/airflow/.local/lib/python3.8/site-packages/airflow/example_dags/example_setup_teardown.py for tasks to queue
[2023-11-20T21:54:10.678+0000] {logging_mixin.py:154} INFO - [2023-11-20T21:54:10.677+0000] {dagbag.py:536} INFO - Filling up the DagBag from /home/airflow/.local/lib/python3.8/site-packages/airflow/example_dags/example_setup_teardown.py
[2023-11-20T21:54:10.681+0000] {processor.py:839} INFO - DAG(s) dict_keys(['example_setup_teardown']) retrieved from /home/airflow/.local/lib/python3.8/site-packages/airflow/example_dags/example_setup_teardown.py
[2023-11-20T21:54:10.696+0000] {logging_mixin.py:154} INFO - [2023-11-20T21:54:10.696+0000] {dag.py:2941} INFO - Sync 1 DAGs
[2023-11-20T21:54:10.708+0000] {logging_mixin.py:154} INFO - [2023-11-20T21:54:10.708+0000] {dag.py:3722} INFO - Setting next_dagrun for example_setup_teardown to 2023-11-19T21:54:10.707917+00:00, run_after=2023-11-20T21:54:10.707917+00:00
[2023-11-20T21:54:10.716+0000] {processor.py:179} INFO - Processing /home/airflow/.local/lib/python3.8/site-packages/airflow/example_dags/example_setup_teardown.py took 0.043 seconds
[2023-11-20T21:54:41.134+0000] {processor.py:157} INFO - Started process (PID=687) to work on /home/airflow/.local/lib/python3.8/site-packages/airflow/example_dags/example_setup_teardown.py
[2023-11-20T21:54:41.135+0000] {processor.py:829} INFO - Processing file /home/airflow/.local/lib/python3.8/site-packages/airflow/example_dags/example_setup_teardown.py for tasks to queue
[2023-11-20T21:54:41.137+0000] {logging_mixin.py:154} INFO - [2023-11-20T21:54:41.136+0000] {dagbag.py:536} INFO - Filling up the DagBag from /home/airflow/.local/lib/python3.8/site-packages/airflow/example_dags/example_setup_teardown.py
[2023-11-20T21:54:41.140+0000] {processor.py:839} INFO - DAG(s) dict_keys(['example_setup_teardown']) retrieved from /home/airflow/.local/lib/python3.8/site-packages/airflow/example_dags/example_setup_teardown.py
[2023-11-20T21:54:41.154+0000] {logging_mixin.py:154} INFO - [2023-11-20T21:54:41.154+0000] {dag.py:2941} INFO - Sync 1 DAGs
[2023-11-20T21:54:41.165+0000] {logging_mixin.py:154} INFO - [2023-11-20T21:54:41.165+0000] {dag.py:3722} INFO - Setting next_dagrun for example_setup_teardown to 2023-11-19T21:54:41.164859+00:00, run_after=2023-11-20T21:54:41.164859+00:00
[2023-11-20T21:54:41.173+0000] {processor.py:179} INFO - Processing /home/airflow/.local/lib/python3.8/site-packages/airflow/example_dags/example_setup_teardown.py took 0.041 seconds
[2023-11-20T21:55:11.352+0000] {processor.py:157} INFO - Started process (PID=741) to work on /home/airflow/.local/lib/python3.8/site-packages/airflow/example_dags/example_setup_teardown.py
[2023-11-20T21:55:11.353+0000] {processor.py:829} INFO - Processing file /home/airflow/.local/lib/python3.8/site-packages/airflow/example_dags/example_setup_teardown.py for tasks to queue
[2023-11-20T21:55:11.354+0000] {logging_mixin.py:154} INFO - [2023-11-20T21:55:11.354+0000] {dagbag.py:536} INFO - Filling up the DagBag from /home/airflow/.local/lib/python3.8/site-packages/airflow/example_dags/example_setup_teardown.py
[2023-11-20T21:55:11.358+0000] {processor.py:839} INFO - DAG(s) dict_keys(['example_setup_teardown']) retrieved from /home/airflow/.local/lib/python3.8/site-packages/airflow/example_dags/example_setup_teardown.py
[2023-11-20T21:55:11.371+0000] {logging_mixin.py:154} INFO - [2023-11-20T21:55:11.371+0000] {dag.py:2941} INFO - Sync 1 DAGs
[2023-11-20T21:55:11.381+0000] {logging_mixin.py:154} INFO - [2023-11-20T21:55:11.381+0000] {dag.py:3722} INFO - Setting next_dagrun for example_setup_teardown to 2023-11-19T21:55:11.381303+00:00, run_after=2023-11-20T21:55:11.381303+00:00
[2023-11-20T21:55:11.390+0000] {processor.py:179} INFO - Processing /home/airflow/.local/lib/python3.8/site-packages/airflow/example_dags/example_setup_teardown.py took 0.040 seconds
[2023-11-20T21:55:41.935+0000] {processor.py:157} INFO - Started process (PID=795) to work on /home/airflow/.local/lib/python3.8/site-packages/airflow/example_dags/example_setup_teardown.py
[2023-11-20T21:55:41.936+0000] {processor.py:829} INFO - Processing file /home/airflow/.local/lib/python3.8/site-packages/airflow/example_dags/example_setup_teardown.py for tasks to queue
[2023-11-20T21:55:41.937+0000] {logging_mixin.py:154} INFO - [2023-11-20T21:55:41.937+0000] {dagbag.py:536} INFO - Filling up the DagBag from /home/airflow/.local/lib/python3.8/site-packages/airflow/example_dags/example_setup_teardown.py
[2023-11-20T21:55:41.941+0000] {processor.py:839} INFO - DAG(s) dict_keys(['example_setup_teardown']) retrieved from /home/airflow/.local/lib/python3.8/site-packages/airflow/example_dags/example_setup_teardown.py
[2023-11-20T21:55:41.954+0000] {logging_mixin.py:154} INFO - [2023-11-20T21:55:41.954+0000] {dag.py:2941} INFO - Sync 1 DAGs
[2023-11-20T21:55:41.964+0000] {logging_mixin.py:154} INFO - [2023-11-20T21:55:41.964+0000] {dag.py:3722} INFO - Setting next_dagrun for example_setup_teardown to 2023-11-19T21:55:41.964352+00:00, run_after=2023-11-20T21:55:41.964352+00:00
[2023-11-20T21:55:41.972+0000] {processor.py:179} INFO - Processing /home/airflow/.local/lib/python3.8/site-packages/airflow/example_dags/example_setup_teardown.py took 0.039 seconds
[2023-11-20T21:56:12.476+0000] {processor.py:157} INFO - Started process (PID=849) to work on /home/airflow/.local/lib/python3.8/site-packages/airflow/example_dags/example_setup_teardown.py
[2023-11-20T21:56:12.477+0000] {processor.py:829} INFO - Processing file /home/airflow/.local/lib/python3.8/site-packages/airflow/example_dags/example_setup_teardown.py for tasks to queue
[2023-11-20T21:56:12.478+0000] {logging_mixin.py:154} INFO - [2023-11-20T21:56:12.478+0000] {dagbag.py:536} INFO - Filling up the DagBag from /home/airflow/.local/lib/python3.8/site-packages/airflow/example_dags/example_setup_teardown.py
[2023-11-20T21:56:12.482+0000] {processor.py:839} INFO - DAG(s) dict_keys(['example_setup_teardown']) retrieved from /home/airflow/.local/lib/python3.8/site-packages/airflow/example_dags/example_setup_teardown.py
[2023-11-20T21:56:12.496+0000] {logging_mixin.py:154} INFO - [2023-11-20T21:56:12.496+0000] {dag.py:2941} INFO - Sync 1 DAGs
[2023-11-20T21:56:12.507+0000] {logging_mixin.py:154} INFO - [2023-11-20T21:56:12.507+0000] {dag.py:3722} INFO - Setting next_dagrun for example_setup_teardown to 2023-11-19T21:56:12.507412+00:00, run_after=2023-11-20T21:56:12.507412+00:00
[2023-11-20T21:56:12.516+0000] {processor.py:179} INFO - Processing /home/airflow/.local/lib/python3.8/site-packages/airflow/example_dags/example_setup_teardown.py took 0.042 seconds
[2023-11-20T21:56:42.869+0000] {processor.py:157} INFO - Started process (PID=903) to work on /home/airflow/.local/lib/python3.8/site-packages/airflow/example_dags/example_setup_teardown.py
[2023-11-20T21:56:42.870+0000] {processor.py:829} INFO - Processing file /home/airflow/.local/lib/python3.8/site-packages/airflow/example_dags/example_setup_teardown.py for tasks to queue
[2023-11-20T21:56:42.871+0000] {logging_mixin.py:154} INFO - [2023-11-20T21:56:42.871+0000] {dagbag.py:536} INFO - Filling up the DagBag from /home/airflow/.local/lib/python3.8/site-packages/airflow/example_dags/example_setup_teardown.py
[2023-11-20T21:56:42.875+0000] {processor.py:839} INFO - DAG(s) dict_keys(['example_setup_teardown']) retrieved from /home/airflow/.local/lib/python3.8/site-packages/airflow/example_dags/example_setup_teardown.py
[2023-11-20T21:56:42.886+0000] {logging_mixin.py:154} INFO - [2023-11-20T21:56:42.886+0000] {dag.py:2941} INFO - Sync 1 DAGs
[2023-11-20T21:56:42.896+0000] {logging_mixin.py:154} INFO - [2023-11-20T21:56:42.896+0000] {dag.py:3722} INFO - Setting next_dagrun for example_setup_teardown to 2023-11-19T21:56:42.896664+00:00, run_after=2023-11-20T21:56:42.896664+00:00
[2023-11-20T21:56:42.904+0000] {processor.py:179} INFO - Processing /home/airflow/.local/lib/python3.8/site-packages/airflow/example_dags/example_setup_teardown.py took 0.037 seconds
[2023-11-20T21:57:13.668+0000] {processor.py:157} INFO - Started process (PID=957) to work on /home/airflow/.local/lib/python3.8/site-packages/airflow/example_dags/example_setup_teardown.py
[2023-11-20T21:57:13.669+0000] {processor.py:829} INFO - Processing file /home/airflow/.local/lib/python3.8/site-packages/airflow/example_dags/example_setup_teardown.py for tasks to queue
[2023-11-20T21:57:13.671+0000] {logging_mixin.py:154} INFO - [2023-11-20T21:57:13.670+0000] {dagbag.py:536} INFO - Filling up the DagBag from /home/airflow/.local/lib/python3.8/site-packages/airflow/example_dags/example_setup_teardown.py
[2023-11-20T21:57:13.675+0000] {processor.py:839} INFO - DAG(s) dict_keys(['example_setup_teardown']) retrieved from /home/airflow/.local/lib/python3.8/site-packages/airflow/example_dags/example_setup_teardown.py
[2023-11-20T21:57:13.688+0000] {logging_mixin.py:154} INFO - [2023-11-20T21:57:13.688+0000] {dag.py:2941} INFO - Sync 1 DAGs
[2023-11-20T21:57:13.699+0000] {logging_mixin.py:154} INFO - [2023-11-20T21:57:13.699+0000] {dag.py:3722} INFO - Setting next_dagrun for example_setup_teardown to 2023-11-19T21:57:13.699167+00:00, run_after=2023-11-20T21:57:13.699167+00:00
[2023-11-20T21:57:13.822+0000] {processor.py:179} INFO - Processing /home/airflow/.local/lib/python3.8/site-packages/airflow/example_dags/example_setup_teardown.py took 0.156 seconds
[2023-11-20T21:57:44.156+0000] {processor.py:157} INFO - Started process (PID=1012) to work on /home/airflow/.local/lib/python3.8/site-packages/airflow/example_dags/example_setup_teardown.py
[2023-11-20T21:57:44.157+0000] {processor.py:829} INFO - Processing file /home/airflow/.local/lib/python3.8/site-packages/airflow/example_dags/example_setup_teardown.py for tasks to queue
[2023-11-20T21:57:44.159+0000] {logging_mixin.py:154} INFO - [2023-11-20T21:57:44.158+0000] {dagbag.py:536} INFO - Filling up the DagBag from /home/airflow/.local/lib/python3.8/site-packages/airflow/example_dags/example_setup_teardown.py
[2023-11-20T21:57:44.163+0000] {processor.py:839} INFO - DAG(s) dict_keys(['example_setup_teardown']) retrieved from /home/airflow/.local/lib/python3.8/site-packages/airflow/example_dags/example_setup_teardown.py
[2023-11-20T21:57:44.178+0000] {logging_mixin.py:154} INFO - [2023-11-20T21:57:44.177+0000] {dag.py:2941} INFO - Sync 1 DAGs
[2023-11-20T21:57:44.188+0000] {logging_mixin.py:154} INFO - [2023-11-20T21:57:44.188+0000] {dag.py:3722} INFO - Setting next_dagrun for example_setup_teardown to 2023-11-19T21:57:44.188647+00:00, run_after=2023-11-20T21:57:44.188647+00:00
[2023-11-20T21:57:44.196+0000] {processor.py:179} INFO - Processing /home/airflow/.local/lib/python3.8/site-packages/airflow/example_dags/example_setup_teardown.py took 0.042 seconds
[2023-11-20T21:58:14.667+0000] {processor.py:157} INFO - Started process (PID=1065) to work on /home/airflow/.local/lib/python3.8/site-packages/airflow/example_dags/example_setup_teardown.py
[2023-11-20T21:58:14.668+0000] {processor.py:829} INFO - Processing file /home/airflow/.local/lib/python3.8/site-packages/airflow/example_dags/example_setup_teardown.py for tasks to queue
[2023-11-20T21:58:14.669+0000] {logging_mixin.py:154} INFO - [2023-11-20T21:58:14.669+0000] {dagbag.py:536} INFO - Filling up the DagBag from /home/airflow/.local/lib/python3.8/site-packages/airflow/example_dags/example_setup_teardown.py
[2023-11-20T21:58:14.674+0000] {processor.py:839} INFO - DAG(s) dict_keys(['example_setup_teardown']) retrieved from /home/airflow/.local/lib/python3.8/site-packages/airflow/example_dags/example_setup_teardown.py
[2023-11-20T21:58:14.687+0000] {logging_mixin.py:154} INFO - [2023-11-20T21:58:14.687+0000] {dag.py:2941} INFO - Sync 1 DAGs
[2023-11-20T21:58:14.699+0000] {logging_mixin.py:154} INFO - [2023-11-20T21:58:14.698+0000] {dag.py:3722} INFO - Setting next_dagrun for example_setup_teardown to 2023-11-19T21:58:14.698742+00:00, run_after=2023-11-20T21:58:14.698742+00:00
[2023-11-20T21:58:14.708+0000] {processor.py:179} INFO - Processing /home/airflow/.local/lib/python3.8/site-packages/airflow/example_dags/example_setup_teardown.py took 0.044 seconds
