[2023-11-20T21:48:40.084+0000] {processor.py:157} INFO - Started process (PID=65) to work on /home/airflow/.local/lib/python3.8/site-packages/airflow/example_dags/example_python_operator.py
[2023-11-20T21:48:40.088+0000] {processor.py:829} INFO - Processing file /home/airflow/.local/lib/python3.8/site-packages/airflow/example_dags/example_python_operator.py for tasks to queue
[2023-11-20T21:48:40.096+0000] {logging_mixin.py:154} INFO - [2023-11-20T21:48:40.096+0000] {dagbag.py:536} INFO - Filling up the DagBag from /home/airflow/.local/lib/python3.8/site-packages/airflow/example_dags/example_python_operator.py
[2023-11-20T21:48:40.114+0000] {processor.py:839} INFO - DAG(s) dict_keys(['example_python_operator']) retrieved from /home/airflow/.local/lib/python3.8/site-packages/airflow/example_dags/example_python_operator.py
[2023-11-20T21:48:40.161+0000] {logging_mixin.py:154} INFO - [2023-11-20T21:48:40.161+0000] {dag.py:2941} INFO - Sync 1 DAGs
[2023-11-20T21:48:40.181+0000] {logging_mixin.py:154} INFO - [2023-11-20T21:48:40.181+0000] {dag.py:3722} INFO - Setting next_dagrun for example_python_operator to None, run_after=None
[2023-11-20T21:48:40.195+0000] {processor.py:179} INFO - Processing /home/airflow/.local/lib/python3.8/site-packages/airflow/example_dags/example_python_operator.py took 0.124 seconds
[2023-11-20T21:49:10.979+0000] {processor.py:157} INFO - Started process (PID=119) to work on /home/airflow/.local/lib/python3.8/site-packages/airflow/example_dags/example_python_operator.py
[2023-11-20T21:49:10.980+0000] {processor.py:829} INFO - Processing file /home/airflow/.local/lib/python3.8/site-packages/airflow/example_dags/example_python_operator.py for tasks to queue
[2023-11-20T21:49:10.981+0000] {logging_mixin.py:154} INFO - [2023-11-20T21:49:10.981+0000] {dagbag.py:536} INFO - Filling up the DagBag from /home/airflow/.local/lib/python3.8/site-packages/airflow/example_dags/example_python_operator.py
[2023-11-20T21:49:10.986+0000] {processor.py:839} INFO - DAG(s) dict_keys(['example_python_operator']) retrieved from /home/airflow/.local/lib/python3.8/site-packages/airflow/example_dags/example_python_operator.py
[2023-11-20T21:49:11.064+0000] {logging_mixin.py:154} INFO - [2023-11-20T21:49:11.064+0000] {dag.py:2941} INFO - Sync 1 DAGs
[2023-11-20T21:49:11.070+0000] {logging_mixin.py:154} INFO - [2023-11-20T21:49:11.070+0000] {dag.py:3722} INFO - Setting next_dagrun for example_python_operator to None, run_after=None
[2023-11-20T21:49:11.079+0000] {processor.py:179} INFO - Processing /home/airflow/.local/lib/python3.8/site-packages/airflow/example_dags/example_python_operator.py took 0.102 seconds
[2023-11-20T21:49:41.977+0000] {processor.py:157} INFO - Started process (PID=173) to work on /home/airflow/.local/lib/python3.8/site-packages/airflow/example_dags/example_python_operator.py
[2023-11-20T21:49:41.979+0000] {processor.py:829} INFO - Processing file /home/airflow/.local/lib/python3.8/site-packages/airflow/example_dags/example_python_operator.py for tasks to queue
[2023-11-20T21:49:41.981+0000] {logging_mixin.py:154} INFO - [2023-11-20T21:49:41.981+0000] {dagbag.py:536} INFO - Filling up the DagBag from /home/airflow/.local/lib/python3.8/site-packages/airflow/example_dags/example_python_operator.py
[2023-11-20T21:49:41.987+0000] {processor.py:839} INFO - DAG(s) dict_keys(['example_python_operator']) retrieved from /home/airflow/.local/lib/python3.8/site-packages/airflow/example_dags/example_python_operator.py
[2023-11-20T21:49:42.003+0000] {logging_mixin.py:154} INFO - [2023-11-20T21:49:42.002+0000] {dag.py:2941} INFO - Sync 1 DAGs
[2023-11-20T21:49:42.009+0000] {logging_mixin.py:154} INFO - [2023-11-20T21:49:42.009+0000] {dag.py:3722} INFO - Setting next_dagrun for example_python_operator to None, run_after=None
[2023-11-20T21:49:42.018+0000] {processor.py:179} INFO - Processing /home/airflow/.local/lib/python3.8/site-packages/airflow/example_dags/example_python_operator.py took 0.043 seconds
[2023-11-20T21:50:12.403+0000] {processor.py:157} INFO - Started process (PID=227) to work on /home/airflow/.local/lib/python3.8/site-packages/airflow/example_dags/example_python_operator.py
[2023-11-20T21:50:12.406+0000] {processor.py:829} INFO - Processing file /home/airflow/.local/lib/python3.8/site-packages/airflow/example_dags/example_python_operator.py for tasks to queue
[2023-11-20T21:50:12.407+0000] {logging_mixin.py:154} INFO - [2023-11-20T21:50:12.407+0000] {dagbag.py:536} INFO - Filling up the DagBag from /home/airflow/.local/lib/python3.8/site-packages/airflow/example_dags/example_python_operator.py
[2023-11-20T21:50:12.413+0000] {processor.py:839} INFO - DAG(s) dict_keys(['example_python_operator']) retrieved from /home/airflow/.local/lib/python3.8/site-packages/airflow/example_dags/example_python_operator.py
[2023-11-20T21:50:12.428+0000] {logging_mixin.py:154} INFO - [2023-11-20T21:50:12.428+0000] {dag.py:2941} INFO - Sync 1 DAGs
[2023-11-20T21:50:12.435+0000] {logging_mixin.py:154} INFO - [2023-11-20T21:50:12.435+0000] {dag.py:3722} INFO - Setting next_dagrun for example_python_operator to None, run_after=None
[2023-11-20T21:50:12.444+0000] {processor.py:179} INFO - Processing /home/airflow/.local/lib/python3.8/site-packages/airflow/example_dags/example_python_operator.py took 0.043 seconds
[2023-11-20T21:50:42.619+0000] {processor.py:157} INFO - Started process (PID=281) to work on /home/airflow/.local/lib/python3.8/site-packages/airflow/example_dags/example_python_operator.py
[2023-11-20T21:50:42.619+0000] {processor.py:829} INFO - Processing file /home/airflow/.local/lib/python3.8/site-packages/airflow/example_dags/example_python_operator.py for tasks to queue
[2023-11-20T21:50:42.620+0000] {logging_mixin.py:154} INFO - [2023-11-20T21:50:42.620+0000] {dagbag.py:536} INFO - Filling up the DagBag from /home/airflow/.local/lib/python3.8/site-packages/airflow/example_dags/example_python_operator.py
[2023-11-20T21:50:42.626+0000] {processor.py:839} INFO - DAG(s) dict_keys(['example_python_operator']) retrieved from /home/airflow/.local/lib/python3.8/site-packages/airflow/example_dags/example_python_operator.py
[2023-11-20T21:50:42.641+0000] {logging_mixin.py:154} INFO - [2023-11-20T21:50:42.640+0000] {dag.py:2941} INFO - Sync 1 DAGs
[2023-11-20T21:50:42.647+0000] {logging_mixin.py:154} INFO - [2023-11-20T21:50:42.647+0000] {dag.py:3722} INFO - Setting next_dagrun for example_python_operator to None, run_after=None
[2023-11-20T21:50:42.655+0000] {processor.py:179} INFO - Processing /home/airflow/.local/lib/python3.8/site-packages/airflow/example_dags/example_python_operator.py took 0.038 seconds
[2023-11-20T21:51:12.775+0000] {processor.py:157} INFO - Started process (PID=335) to work on /home/airflow/.local/lib/python3.8/site-packages/airflow/example_dags/example_python_operator.py
[2023-11-20T21:51:12.776+0000] {processor.py:829} INFO - Processing file /home/airflow/.local/lib/python3.8/site-packages/airflow/example_dags/example_python_operator.py for tasks to queue
[2023-11-20T21:51:12.777+0000] {logging_mixin.py:154} INFO - [2023-11-20T21:51:12.777+0000] {dagbag.py:536} INFO - Filling up the DagBag from /home/airflow/.local/lib/python3.8/site-packages/airflow/example_dags/example_python_operator.py
[2023-11-20T21:51:12.783+0000] {processor.py:839} INFO - DAG(s) dict_keys(['example_python_operator']) retrieved from /home/airflow/.local/lib/python3.8/site-packages/airflow/example_dags/example_python_operator.py
[2023-11-20T21:51:12.797+0000] {logging_mixin.py:154} INFO - [2023-11-20T21:51:12.797+0000] {dag.py:2941} INFO - Sync 1 DAGs
[2023-11-20T21:51:12.804+0000] {logging_mixin.py:154} INFO - [2023-11-20T21:51:12.804+0000] {dag.py:3722} INFO - Setting next_dagrun for example_python_operator to None, run_after=None
[2023-11-20T21:51:12.812+0000] {processor.py:179} INFO - Processing /home/airflow/.local/lib/python3.8/site-packages/airflow/example_dags/example_python_operator.py took 0.039 seconds
[2023-11-20T21:51:43.256+0000] {processor.py:157} INFO - Started process (PID=389) to work on /home/airflow/.local/lib/python3.8/site-packages/airflow/example_dags/example_python_operator.py
[2023-11-20T21:51:43.257+0000] {processor.py:829} INFO - Processing file /home/airflow/.local/lib/python3.8/site-packages/airflow/example_dags/example_python_operator.py for tasks to queue
[2023-11-20T21:51:43.258+0000] {logging_mixin.py:154} INFO - [2023-11-20T21:51:43.258+0000] {dagbag.py:536} INFO - Filling up the DagBag from /home/airflow/.local/lib/python3.8/site-packages/airflow/example_dags/example_python_operator.py
[2023-11-20T21:51:43.264+0000] {processor.py:839} INFO - DAG(s) dict_keys(['example_python_operator']) retrieved from /home/airflow/.local/lib/python3.8/site-packages/airflow/example_dags/example_python_operator.py
[2023-11-20T21:51:43.279+0000] {logging_mixin.py:154} INFO - [2023-11-20T21:51:43.278+0000] {dag.py:2941} INFO - Sync 1 DAGs
[2023-11-20T21:51:43.286+0000] {logging_mixin.py:154} INFO - [2023-11-20T21:51:43.286+0000] {dag.py:3722} INFO - Setting next_dagrun for example_python_operator to None, run_after=None
[2023-11-20T21:51:43.295+0000] {processor.py:179} INFO - Processing /home/airflow/.local/lib/python3.8/site-packages/airflow/example_dags/example_python_operator.py took 0.041 seconds
[2023-11-20T21:52:13.450+0000] {processor.py:157} INFO - Started process (PID=443) to work on /home/airflow/.local/lib/python3.8/site-packages/airflow/example_dags/example_python_operator.py
[2023-11-20T21:52:13.451+0000] {processor.py:829} INFO - Processing file /home/airflow/.local/lib/python3.8/site-packages/airflow/example_dags/example_python_operator.py for tasks to queue
[2023-11-20T21:52:13.453+0000] {logging_mixin.py:154} INFO - [2023-11-20T21:52:13.452+0000] {dagbag.py:536} INFO - Filling up the DagBag from /home/airflow/.local/lib/python3.8/site-packages/airflow/example_dags/example_python_operator.py
[2023-11-20T21:52:13.458+0000] {processor.py:839} INFO - DAG(s) dict_keys(['example_python_operator']) retrieved from /home/airflow/.local/lib/python3.8/site-packages/airflow/example_dags/example_python_operator.py
[2023-11-20T21:52:13.475+0000] {logging_mixin.py:154} INFO - [2023-11-20T21:52:13.475+0000] {dag.py:2941} INFO - Sync 1 DAGs
[2023-11-20T21:52:13.482+0000] {logging_mixin.py:154} INFO - [2023-11-20T21:52:13.482+0000] {dag.py:3722} INFO - Setting next_dagrun for example_python_operator to None, run_after=None
[2023-11-20T21:52:13.490+0000] {processor.py:179} INFO - Processing /home/airflow/.local/lib/python3.8/site-packages/airflow/example_dags/example_python_operator.py took 0.042 seconds
[2023-11-20T21:52:43.691+0000] {processor.py:157} INFO - Started process (PID=497) to work on /home/airflow/.local/lib/python3.8/site-packages/airflow/example_dags/example_python_operator.py
[2023-11-20T21:52:43.692+0000] {processor.py:829} INFO - Processing file /home/airflow/.local/lib/python3.8/site-packages/airflow/example_dags/example_python_operator.py for tasks to queue
[2023-11-20T21:52:43.693+0000] {logging_mixin.py:154} INFO - [2023-11-20T21:52:43.693+0000] {dagbag.py:536} INFO - Filling up the DagBag from /home/airflow/.local/lib/python3.8/site-packages/airflow/example_dags/example_python_operator.py
[2023-11-20T21:52:43.698+0000] {processor.py:839} INFO - DAG(s) dict_keys(['example_python_operator']) retrieved from /home/airflow/.local/lib/python3.8/site-packages/airflow/example_dags/example_python_operator.py
[2023-11-20T21:52:43.712+0000] {logging_mixin.py:154} INFO - [2023-11-20T21:52:43.712+0000] {dag.py:2941} INFO - Sync 1 DAGs
[2023-11-20T21:52:43.718+0000] {logging_mixin.py:154} INFO - [2023-11-20T21:52:43.718+0000] {dag.py:3722} INFO - Setting next_dagrun for example_python_operator to None, run_after=None
[2023-11-20T21:52:43.726+0000] {processor.py:179} INFO - Processing /home/airflow/.local/lib/python3.8/site-packages/airflow/example_dags/example_python_operator.py took 0.037 seconds
[2023-11-20T21:53:14.274+0000] {processor.py:157} INFO - Started process (PID=551) to work on /home/airflow/.local/lib/python3.8/site-packages/airflow/example_dags/example_python_operator.py
[2023-11-20T21:53:14.275+0000] {processor.py:829} INFO - Processing file /home/airflow/.local/lib/python3.8/site-packages/airflow/example_dags/example_python_operator.py for tasks to queue
[2023-11-20T21:53:14.276+0000] {logging_mixin.py:154} INFO - [2023-11-20T21:53:14.276+0000] {dagbag.py:536} INFO - Filling up the DagBag from /home/airflow/.local/lib/python3.8/site-packages/airflow/example_dags/example_python_operator.py
[2023-11-20T21:53:14.283+0000] {processor.py:839} INFO - DAG(s) dict_keys(['example_python_operator']) retrieved from /home/airflow/.local/lib/python3.8/site-packages/airflow/example_dags/example_python_operator.py
[2023-11-20T21:53:14.301+0000] {logging_mixin.py:154} INFO - [2023-11-20T21:53:14.301+0000] {dag.py:2941} INFO - Sync 1 DAGs
[2023-11-20T21:53:14.308+0000] {logging_mixin.py:154} INFO - [2023-11-20T21:53:14.308+0000] {dag.py:3722} INFO - Setting next_dagrun for example_python_operator to None, run_after=None
[2023-11-20T21:53:14.321+0000] {processor.py:179} INFO - Processing /home/airflow/.local/lib/python3.8/site-packages/airflow/example_dags/example_python_operator.py took 0.050 seconds
[2023-11-20T21:53:44.536+0000] {processor.py:157} INFO - Started process (PID=605) to work on /home/airflow/.local/lib/python3.8/site-packages/airflow/example_dags/example_python_operator.py
[2023-11-20T21:53:44.537+0000] {processor.py:829} INFO - Processing file /home/airflow/.local/lib/python3.8/site-packages/airflow/example_dags/example_python_operator.py for tasks to queue
[2023-11-20T21:53:44.538+0000] {logging_mixin.py:154} INFO - [2023-11-20T21:53:44.538+0000] {dagbag.py:536} INFO - Filling up the DagBag from /home/airflow/.local/lib/python3.8/site-packages/airflow/example_dags/example_python_operator.py
[2023-11-20T21:53:44.544+0000] {processor.py:839} INFO - DAG(s) dict_keys(['example_python_operator']) retrieved from /home/airflow/.local/lib/python3.8/site-packages/airflow/example_dags/example_python_operator.py
[2023-11-20T21:53:44.558+0000] {logging_mixin.py:154} INFO - [2023-11-20T21:53:44.558+0000] {dag.py:2941} INFO - Sync 1 DAGs
[2023-11-20T21:53:44.565+0000] {logging_mixin.py:154} INFO - [2023-11-20T21:53:44.565+0000] {dag.py:3722} INFO - Setting next_dagrun for example_python_operator to None, run_after=None
[2023-11-20T21:53:44.574+0000] {processor.py:179} INFO - Processing /home/airflow/.local/lib/python3.8/site-packages/airflow/example_dags/example_python_operator.py took 0.040 seconds
[2023-11-20T21:54:14.712+0000] {processor.py:157} INFO - Started process (PID=659) to work on /home/airflow/.local/lib/python3.8/site-packages/airflow/example_dags/example_python_operator.py
[2023-11-20T21:54:14.712+0000] {processor.py:829} INFO - Processing file /home/airflow/.local/lib/python3.8/site-packages/airflow/example_dags/example_python_operator.py for tasks to queue
[2023-11-20T21:54:14.714+0000] {logging_mixin.py:154} INFO - [2023-11-20T21:54:14.713+0000] {dagbag.py:536} INFO - Filling up the DagBag from /home/airflow/.local/lib/python3.8/site-packages/airflow/example_dags/example_python_operator.py
[2023-11-20T21:54:14.719+0000] {processor.py:839} INFO - DAG(s) dict_keys(['example_python_operator']) retrieved from /home/airflow/.local/lib/python3.8/site-packages/airflow/example_dags/example_python_operator.py
[2023-11-20T21:54:14.735+0000] {logging_mixin.py:154} INFO - [2023-11-20T21:54:14.734+0000] {dag.py:2941} INFO - Sync 1 DAGs
[2023-11-20T21:54:14.741+0000] {logging_mixin.py:154} INFO - [2023-11-20T21:54:14.741+0000] {dag.py:3722} INFO - Setting next_dagrun for example_python_operator to None, run_after=None
[2023-11-20T21:54:14.750+0000] {processor.py:179} INFO - Processing /home/airflow/.local/lib/python3.8/site-packages/airflow/example_dags/example_python_operator.py took 0.040 seconds
[2023-11-20T21:54:45.354+0000] {processor.py:157} INFO - Started process (PID=713) to work on /home/airflow/.local/lib/python3.8/site-packages/airflow/example_dags/example_python_operator.py
[2023-11-20T21:54:45.355+0000] {processor.py:829} INFO - Processing file /home/airflow/.local/lib/python3.8/site-packages/airflow/example_dags/example_python_operator.py for tasks to queue
[2023-11-20T21:54:45.356+0000] {logging_mixin.py:154} INFO - [2023-11-20T21:54:45.356+0000] {dagbag.py:536} INFO - Filling up the DagBag from /home/airflow/.local/lib/python3.8/site-packages/airflow/example_dags/example_python_operator.py
[2023-11-20T21:54:45.363+0000] {processor.py:839} INFO - DAG(s) dict_keys(['example_python_operator']) retrieved from /home/airflow/.local/lib/python3.8/site-packages/airflow/example_dags/example_python_operator.py
[2023-11-20T21:54:45.385+0000] {logging_mixin.py:154} INFO - [2023-11-20T21:54:45.385+0000] {dag.py:2941} INFO - Sync 1 DAGs
[2023-11-20T21:54:45.394+0000] {logging_mixin.py:154} INFO - [2023-11-20T21:54:45.393+0000] {dag.py:3722} INFO - Setting next_dagrun for example_python_operator to None, run_after=None
[2023-11-20T21:54:45.405+0000] {processor.py:179} INFO - Processing /home/airflow/.local/lib/python3.8/site-packages/airflow/example_dags/example_python_operator.py took 0.054 seconds
[2023-11-20T21:55:16.387+0000] {processor.py:157} INFO - Started process (PID=767) to work on /home/airflow/.local/lib/python3.8/site-packages/airflow/example_dags/example_python_operator.py
[2023-11-20T21:55:16.388+0000] {processor.py:829} INFO - Processing file /home/airflow/.local/lib/python3.8/site-packages/airflow/example_dags/example_python_operator.py for tasks to queue
[2023-11-20T21:55:16.389+0000] {logging_mixin.py:154} INFO - [2023-11-20T21:55:16.389+0000] {dagbag.py:536} INFO - Filling up the DagBag from /home/airflow/.local/lib/python3.8/site-packages/airflow/example_dags/example_python_operator.py
[2023-11-20T21:55:16.394+0000] {processor.py:839} INFO - DAG(s) dict_keys(['example_python_operator']) retrieved from /home/airflow/.local/lib/python3.8/site-packages/airflow/example_dags/example_python_operator.py
[2023-11-20T21:55:16.407+0000] {logging_mixin.py:154} INFO - [2023-11-20T21:55:16.407+0000] {dag.py:2941} INFO - Sync 1 DAGs
[2023-11-20T21:55:16.414+0000] {logging_mixin.py:154} INFO - [2023-11-20T21:55:16.414+0000] {dag.py:3722} INFO - Setting next_dagrun for example_python_operator to None, run_after=None
[2023-11-20T21:55:16.422+0000] {processor.py:179} INFO - Processing /home/airflow/.local/lib/python3.8/site-packages/airflow/example_dags/example_python_operator.py took 0.037 seconds
[2023-11-20T21:55:47.030+0000] {processor.py:157} INFO - Started process (PID=821) to work on /home/airflow/.local/lib/python3.8/site-packages/airflow/example_dags/example_python_operator.py
[2023-11-20T21:55:47.031+0000] {processor.py:829} INFO - Processing file /home/airflow/.local/lib/python3.8/site-packages/airflow/example_dags/example_python_operator.py for tasks to queue
[2023-11-20T21:55:47.033+0000] {logging_mixin.py:154} INFO - [2023-11-20T21:55:47.032+0000] {dagbag.py:536} INFO - Filling up the DagBag from /home/airflow/.local/lib/python3.8/site-packages/airflow/example_dags/example_python_operator.py
[2023-11-20T21:55:47.038+0000] {processor.py:839} INFO - DAG(s) dict_keys(['example_python_operator']) retrieved from /home/airflow/.local/lib/python3.8/site-packages/airflow/example_dags/example_python_operator.py
[2023-11-20T21:55:47.053+0000] {logging_mixin.py:154} INFO - [2023-11-20T21:55:47.053+0000] {dag.py:2941} INFO - Sync 1 DAGs
[2023-11-20T21:55:47.060+0000] {logging_mixin.py:154} INFO - [2023-11-20T21:55:47.060+0000] {dag.py:3722} INFO - Setting next_dagrun for example_python_operator to None, run_after=None
[2023-11-20T21:55:47.069+0000] {processor.py:179} INFO - Processing /home/airflow/.local/lib/python3.8/site-packages/airflow/example_dags/example_python_operator.py took 0.041 seconds
[2023-11-20T21:56:17.600+0000] {processor.py:157} INFO - Started process (PID=875) to work on /home/airflow/.local/lib/python3.8/site-packages/airflow/example_dags/example_python_operator.py
[2023-11-20T21:56:17.601+0000] {processor.py:829} INFO - Processing file /home/airflow/.local/lib/python3.8/site-packages/airflow/example_dags/example_python_operator.py for tasks to queue
[2023-11-20T21:56:17.602+0000] {logging_mixin.py:154} INFO - [2023-11-20T21:56:17.602+0000] {dagbag.py:536} INFO - Filling up the DagBag from /home/airflow/.local/lib/python3.8/site-packages/airflow/example_dags/example_python_operator.py
[2023-11-20T21:56:17.607+0000] {processor.py:839} INFO - DAG(s) dict_keys(['example_python_operator']) retrieved from /home/airflow/.local/lib/python3.8/site-packages/airflow/example_dags/example_python_operator.py
[2023-11-20T21:56:17.622+0000] {logging_mixin.py:154} INFO - [2023-11-20T21:56:17.621+0000] {dag.py:2941} INFO - Sync 1 DAGs
[2023-11-20T21:56:17.628+0000] {logging_mixin.py:154} INFO - [2023-11-20T21:56:17.628+0000] {dag.py:3722} INFO - Setting next_dagrun for example_python_operator to None, run_after=None
[2023-11-20T21:56:17.638+0000] {processor.py:179} INFO - Processing /home/airflow/.local/lib/python3.8/site-packages/airflow/example_dags/example_python_operator.py took 0.040 seconds
[2023-11-20T21:56:47.870+0000] {processor.py:157} INFO - Started process (PID=928) to work on /home/airflow/.local/lib/python3.8/site-packages/airflow/example_dags/example_python_operator.py
[2023-11-20T21:56:47.871+0000] {processor.py:829} INFO - Processing file /home/airflow/.local/lib/python3.8/site-packages/airflow/example_dags/example_python_operator.py for tasks to queue
[2023-11-20T21:56:47.873+0000] {logging_mixin.py:154} INFO - [2023-11-20T21:56:47.873+0000] {dagbag.py:536} INFO - Filling up the DagBag from /home/airflow/.local/lib/python3.8/site-packages/airflow/example_dags/example_python_operator.py
[2023-11-20T21:56:47.879+0000] {processor.py:839} INFO - DAG(s) dict_keys(['example_python_operator']) retrieved from /home/airflow/.local/lib/python3.8/site-packages/airflow/example_dags/example_python_operator.py
[2023-11-20T21:56:47.894+0000] {logging_mixin.py:154} INFO - [2023-11-20T21:56:47.894+0000] {dag.py:2941} INFO - Sync 1 DAGs
[2023-11-20T21:56:47.902+0000] {logging_mixin.py:154} INFO - [2023-11-20T21:56:47.902+0000] {dag.py:3722} INFO - Setting next_dagrun for example_python_operator to None, run_after=None
[2023-11-20T21:56:47.912+0000] {processor.py:179} INFO - Processing /home/airflow/.local/lib/python3.8/site-packages/airflow/example_dags/example_python_operator.py took 0.044 seconds
[2023-11-20T21:57:18.721+0000] {processor.py:157} INFO - Started process (PID=983) to work on /home/airflow/.local/lib/python3.8/site-packages/airflow/example_dags/example_python_operator.py
[2023-11-20T21:57:18.722+0000] {processor.py:829} INFO - Processing file /home/airflow/.local/lib/python3.8/site-packages/airflow/example_dags/example_python_operator.py for tasks to queue
[2023-11-20T21:57:18.724+0000] {logging_mixin.py:154} INFO - [2023-11-20T21:57:18.724+0000] {dagbag.py:536} INFO - Filling up the DagBag from /home/airflow/.local/lib/python3.8/site-packages/airflow/example_dags/example_python_operator.py
[2023-11-20T21:57:18.729+0000] {processor.py:839} INFO - DAG(s) dict_keys(['example_python_operator']) retrieved from /home/airflow/.local/lib/python3.8/site-packages/airflow/example_dags/example_python_operator.py
[2023-11-20T21:57:18.747+0000] {logging_mixin.py:154} INFO - [2023-11-20T21:57:18.747+0000] {dag.py:2941} INFO - Sync 1 DAGs
[2023-11-20T21:57:18.754+0000] {logging_mixin.py:154} INFO - [2023-11-20T21:57:18.753+0000] {dag.py:3722} INFO - Setting next_dagrun for example_python_operator to None, run_after=None
[2023-11-20T21:57:18.762+0000] {processor.py:179} INFO - Processing /home/airflow/.local/lib/python3.8/site-packages/airflow/example_dags/example_python_operator.py took 0.043 seconds
[2023-11-20T21:57:49.436+0000] {processor.py:157} INFO - Started process (PID=1037) to work on /home/airflow/.local/lib/python3.8/site-packages/airflow/example_dags/example_python_operator.py
[2023-11-20T21:57:49.437+0000] {processor.py:829} INFO - Processing file /home/airflow/.local/lib/python3.8/site-packages/airflow/example_dags/example_python_operator.py for tasks to queue
[2023-11-20T21:57:49.438+0000] {logging_mixin.py:154} INFO - [2023-11-20T21:57:49.438+0000] {dagbag.py:536} INFO - Filling up the DagBag from /home/airflow/.local/lib/python3.8/site-packages/airflow/example_dags/example_python_operator.py
[2023-11-20T21:57:49.444+0000] {processor.py:839} INFO - DAG(s) dict_keys(['example_python_operator']) retrieved from /home/airflow/.local/lib/python3.8/site-packages/airflow/example_dags/example_python_operator.py
[2023-11-20T21:57:49.462+0000] {logging_mixin.py:154} INFO - [2023-11-20T21:57:49.461+0000] {dag.py:2941} INFO - Sync 1 DAGs
[2023-11-20T21:57:49.471+0000] {logging_mixin.py:154} INFO - [2023-11-20T21:57:49.471+0000] {dag.py:3722} INFO - Setting next_dagrun for example_python_operator to None, run_after=None
[2023-11-20T21:57:49.482+0000] {processor.py:179} INFO - Processing /home/airflow/.local/lib/python3.8/site-packages/airflow/example_dags/example_python_operator.py took 0.048 seconds
[2023-11-20T21:58:19.689+0000] {processor.py:157} INFO - Started process (PID=1091) to work on /home/airflow/.local/lib/python3.8/site-packages/airflow/example_dags/example_python_operator.py
[2023-11-20T21:58:19.690+0000] {processor.py:829} INFO - Processing file /home/airflow/.local/lib/python3.8/site-packages/airflow/example_dags/example_python_operator.py for tasks to queue
[2023-11-20T21:58:19.692+0000] {logging_mixin.py:154} INFO - [2023-11-20T21:58:19.691+0000] {dagbag.py:536} INFO - Filling up the DagBag from /home/airflow/.local/lib/python3.8/site-packages/airflow/example_dags/example_python_operator.py
[2023-11-20T21:58:19.697+0000] {processor.py:839} INFO - DAG(s) dict_keys(['example_python_operator']) retrieved from /home/airflow/.local/lib/python3.8/site-packages/airflow/example_dags/example_python_operator.py
[2023-11-20T21:58:19.713+0000] {logging_mixin.py:154} INFO - [2023-11-20T21:58:19.712+0000] {dag.py:2941} INFO - Sync 1 DAGs
[2023-11-20T21:58:19.719+0000] {logging_mixin.py:154} INFO - [2023-11-20T21:58:19.719+0000] {dag.py:3722} INFO - Setting next_dagrun for example_python_operator to None, run_after=None
[2023-11-20T21:58:19.727+0000] {processor.py:179} INFO - Processing /home/airflow/.local/lib/python3.8/site-packages/airflow/example_dags/example_python_operator.py took 0.040 seconds
