[2023-11-20T21:48:37.499+0000] {processor.py:157} INFO - Started process (PID=40) to work on /home/airflow/.local/lib/python3.8/site-packages/airflow/example_dags/example_short_circuit_decorator.py
[2023-11-20T21:48:37.499+0000] {processor.py:829} INFO - Processing file /home/airflow/.local/lib/python3.8/site-packages/airflow/example_dags/example_short_circuit_decorator.py for tasks to queue
[2023-11-20T21:48:37.501+0000] {logging_mixin.py:154} INFO - [2023-11-20T21:48:37.500+0000] {dagbag.py:536} INFO - Filling up the DagBag from /home/airflow/.local/lib/python3.8/site-packages/airflow/example_dags/example_short_circuit_decorator.py
[2023-11-20T21:48:37.509+0000] {processor.py:839} INFO - DAG(s) dict_keys(['example_short_circuit_decorator']) retrieved from /home/airflow/.local/lib/python3.8/site-packages/airflow/example_dags/example_short_circuit_decorator.py
[2023-11-20T21:48:37.555+0000] {logging_mixin.py:154} INFO - [2023-11-20T21:48:37.555+0000] {dag.py:2941} INFO - Sync 1 DAGs
[2023-11-20T21:48:37.586+0000] {logging_mixin.py:154} INFO - [2023-11-20T21:48:37.586+0000] {dag.py:3722} INFO - Setting next_dagrun for example_short_circuit_decorator to 2023-11-19T21:48:37.586589+00:00, run_after=2023-11-20T21:48:37.586589+00:00
[2023-11-20T21:48:37.619+0000] {processor.py:179} INFO - Processing /home/airflow/.local/lib/python3.8/site-packages/airflow/example_dags/example_short_circuit_decorator.py took 0.123 seconds
[2023-11-20T21:49:07.854+0000] {processor.py:157} INFO - Started process (PID=94) to work on /home/airflow/.local/lib/python3.8/site-packages/airflow/example_dags/example_short_circuit_decorator.py
[2023-11-20T21:49:07.855+0000] {processor.py:829} INFO - Processing file /home/airflow/.local/lib/python3.8/site-packages/airflow/example_dags/example_short_circuit_decorator.py for tasks to queue
[2023-11-20T21:49:07.857+0000] {logging_mixin.py:154} INFO - [2023-11-20T21:49:07.856+0000] {dagbag.py:536} INFO - Filling up the DagBag from /home/airflow/.local/lib/python3.8/site-packages/airflow/example_dags/example_short_circuit_decorator.py
[2023-11-20T21:49:07.861+0000] {processor.py:839} INFO - DAG(s) dict_keys(['example_short_circuit_decorator']) retrieved from /home/airflow/.local/lib/python3.8/site-packages/airflow/example_dags/example_short_circuit_decorator.py
[2023-11-20T21:49:07.878+0000] {logging_mixin.py:154} INFO - [2023-11-20T21:49:07.878+0000] {dag.py:2941} INFO - Sync 1 DAGs
[2023-11-20T21:49:07.890+0000] {logging_mixin.py:154} INFO - [2023-11-20T21:49:07.890+0000] {dag.py:3722} INFO - Setting next_dagrun for example_short_circuit_decorator to 2023-11-19T21:49:07.889805+00:00, run_after=2023-11-20T21:49:07.889805+00:00
[2023-11-20T21:49:07.900+0000] {processor.py:179} INFO - Processing /home/airflow/.local/lib/python3.8/site-packages/airflow/example_dags/example_short_circuit_decorator.py took 0.048 seconds
[2023-11-20T21:49:37.938+0000] {processor.py:157} INFO - Started process (PID=148) to work on /home/airflow/.local/lib/python3.8/site-packages/airflow/example_dags/example_short_circuit_decorator.py
[2023-11-20T21:49:37.938+0000] {processor.py:829} INFO - Processing file /home/airflow/.local/lib/python3.8/site-packages/airflow/example_dags/example_short_circuit_decorator.py for tasks to queue
[2023-11-20T21:49:37.940+0000] {logging_mixin.py:154} INFO - [2023-11-20T21:49:37.939+0000] {dagbag.py:536} INFO - Filling up the DagBag from /home/airflow/.local/lib/python3.8/site-packages/airflow/example_dags/example_short_circuit_decorator.py
[2023-11-20T21:49:37.944+0000] {processor.py:839} INFO - DAG(s) dict_keys(['example_short_circuit_decorator']) retrieved from /home/airflow/.local/lib/python3.8/site-packages/airflow/example_dags/example_short_circuit_decorator.py
[2023-11-20T21:49:37.957+0000] {logging_mixin.py:154} INFO - [2023-11-20T21:49:37.957+0000] {dag.py:2941} INFO - Sync 1 DAGs
[2023-11-20T21:49:37.966+0000] {logging_mixin.py:154} INFO - [2023-11-20T21:49:37.966+0000] {dag.py:3722} INFO - Setting next_dagrun for example_short_circuit_decorator to 2023-11-19T21:49:37.966364+00:00, run_after=2023-11-20T21:49:37.966364+00:00
[2023-11-20T21:49:37.973+0000] {processor.py:179} INFO - Processing /home/airflow/.local/lib/python3.8/site-packages/airflow/example_dags/example_short_circuit_decorator.py took 0.038 seconds
[2023-11-20T21:50:08.252+0000] {processor.py:157} INFO - Started process (PID=202) to work on /home/airflow/.local/lib/python3.8/site-packages/airflow/example_dags/example_short_circuit_decorator.py
[2023-11-20T21:50:08.253+0000] {processor.py:829} INFO - Processing file /home/airflow/.local/lib/python3.8/site-packages/airflow/example_dags/example_short_circuit_decorator.py for tasks to queue
[2023-11-20T21:50:08.255+0000] {logging_mixin.py:154} INFO - [2023-11-20T21:50:08.255+0000] {dagbag.py:536} INFO - Filling up the DagBag from /home/airflow/.local/lib/python3.8/site-packages/airflow/example_dags/example_short_circuit_decorator.py
[2023-11-20T21:50:08.260+0000] {processor.py:839} INFO - DAG(s) dict_keys(['example_short_circuit_decorator']) retrieved from /home/airflow/.local/lib/python3.8/site-packages/airflow/example_dags/example_short_circuit_decorator.py
[2023-11-20T21:50:08.284+0000] {logging_mixin.py:154} INFO - [2023-11-20T21:50:08.284+0000] {dag.py:2941} INFO - Sync 1 DAGs
[2023-11-20T21:50:08.296+0000] {logging_mixin.py:154} INFO - [2023-11-20T21:50:08.296+0000] {dag.py:3722} INFO - Setting next_dagrun for example_short_circuit_decorator to 2023-11-19T21:50:08.296360+00:00, run_after=2023-11-20T21:50:08.296360+00:00
[2023-11-20T21:50:08.307+0000] {processor.py:179} INFO - Processing /home/airflow/.local/lib/python3.8/site-packages/airflow/example_dags/example_short_circuit_decorator.py took 0.057 seconds
[2023-11-20T21:50:38.688+0000] {processor.py:157} INFO - Started process (PID=256) to work on /home/airflow/.local/lib/python3.8/site-packages/airflow/example_dags/example_short_circuit_decorator.py
[2023-11-20T21:50:38.689+0000] {processor.py:829} INFO - Processing file /home/airflow/.local/lib/python3.8/site-packages/airflow/example_dags/example_short_circuit_decorator.py for tasks to queue
[2023-11-20T21:50:38.691+0000] {logging_mixin.py:154} INFO - [2023-11-20T21:50:38.690+0000] {dagbag.py:536} INFO - Filling up the DagBag from /home/airflow/.local/lib/python3.8/site-packages/airflow/example_dags/example_short_circuit_decorator.py
[2023-11-20T21:50:38.696+0000] {processor.py:839} INFO - DAG(s) dict_keys(['example_short_circuit_decorator']) retrieved from /home/airflow/.local/lib/python3.8/site-packages/airflow/example_dags/example_short_circuit_decorator.py
[2023-11-20T21:50:38.711+0000] {logging_mixin.py:154} INFO - [2023-11-20T21:50:38.711+0000] {dag.py:2941} INFO - Sync 1 DAGs
[2023-11-20T21:50:38.722+0000] {logging_mixin.py:154} INFO - [2023-11-20T21:50:38.721+0000] {dag.py:3722} INFO - Setting next_dagrun for example_short_circuit_decorator to 2023-11-19T21:50:38.721815+00:00, run_after=2023-11-20T21:50:38.721815+00:00
[2023-11-20T21:50:38.731+0000] {processor.py:179} INFO - Processing /home/airflow/.local/lib/python3.8/site-packages/airflow/example_dags/example_short_circuit_decorator.py took 0.045 seconds
[2023-11-20T21:51:08.895+0000] {processor.py:157} INFO - Started process (PID=310) to work on /home/airflow/.local/lib/python3.8/site-packages/airflow/example_dags/example_short_circuit_decorator.py
[2023-11-20T21:51:08.896+0000] {processor.py:829} INFO - Processing file /home/airflow/.local/lib/python3.8/site-packages/airflow/example_dags/example_short_circuit_decorator.py for tasks to queue
[2023-11-20T21:51:08.897+0000] {logging_mixin.py:154} INFO - [2023-11-20T21:51:08.897+0000] {dagbag.py:536} INFO - Filling up the DagBag from /home/airflow/.local/lib/python3.8/site-packages/airflow/example_dags/example_short_circuit_decorator.py
[2023-11-20T21:51:08.902+0000] {processor.py:839} INFO - DAG(s) dict_keys(['example_short_circuit_decorator']) retrieved from /home/airflow/.local/lib/python3.8/site-packages/airflow/example_dags/example_short_circuit_decorator.py
[2023-11-20T21:51:08.916+0000] {logging_mixin.py:154} INFO - [2023-11-20T21:51:08.916+0000] {dag.py:2941} INFO - Sync 1 DAGs
[2023-11-20T21:51:08.926+0000] {logging_mixin.py:154} INFO - [2023-11-20T21:51:08.926+0000] {dag.py:3722} INFO - Setting next_dagrun for example_short_circuit_decorator to 2023-11-19T21:51:08.925951+00:00, run_after=2023-11-20T21:51:08.925951+00:00
[2023-11-20T21:51:08.933+0000] {processor.py:179} INFO - Processing /home/airflow/.local/lib/python3.8/site-packages/airflow/example_dags/example_short_circuit_decorator.py took 0.040 seconds
[2023-11-20T21:51:39.046+0000] {processor.py:157} INFO - Started process (PID=364) to work on /home/airflow/.local/lib/python3.8/site-packages/airflow/example_dags/example_short_circuit_decorator.py
[2023-11-20T21:51:39.046+0000] {processor.py:829} INFO - Processing file /home/airflow/.local/lib/python3.8/site-packages/airflow/example_dags/example_short_circuit_decorator.py for tasks to queue
[2023-11-20T21:51:39.048+0000] {logging_mixin.py:154} INFO - [2023-11-20T21:51:39.047+0000] {dagbag.py:536} INFO - Filling up the DagBag from /home/airflow/.local/lib/python3.8/site-packages/airflow/example_dags/example_short_circuit_decorator.py
[2023-11-20T21:51:39.052+0000] {processor.py:839} INFO - DAG(s) dict_keys(['example_short_circuit_decorator']) retrieved from /home/airflow/.local/lib/python3.8/site-packages/airflow/example_dags/example_short_circuit_decorator.py
[2023-11-20T21:51:39.067+0000] {logging_mixin.py:154} INFO - [2023-11-20T21:51:39.067+0000] {dag.py:2941} INFO - Sync 1 DAGs
[2023-11-20T21:51:39.077+0000] {logging_mixin.py:154} INFO - [2023-11-20T21:51:39.077+0000] {dag.py:3722} INFO - Setting next_dagrun for example_short_circuit_decorator to 2023-11-19T21:51:39.077612+00:00, run_after=2023-11-20T21:51:39.077612+00:00
[2023-11-20T21:51:39.085+0000] {processor.py:179} INFO - Processing /home/airflow/.local/lib/python3.8/site-packages/airflow/example_dags/example_short_circuit_decorator.py took 0.041 seconds
[2023-11-20T21:52:09.537+0000] {processor.py:157} INFO - Started process (PID=418) to work on /home/airflow/.local/lib/python3.8/site-packages/airflow/example_dags/example_short_circuit_decorator.py
[2023-11-20T21:52:09.538+0000] {processor.py:829} INFO - Processing file /home/airflow/.local/lib/python3.8/site-packages/airflow/example_dags/example_short_circuit_decorator.py for tasks to queue
[2023-11-20T21:52:09.539+0000] {logging_mixin.py:154} INFO - [2023-11-20T21:52:09.539+0000] {dagbag.py:536} INFO - Filling up the DagBag from /home/airflow/.local/lib/python3.8/site-packages/airflow/example_dags/example_short_circuit_decorator.py
[2023-11-20T21:52:09.544+0000] {processor.py:839} INFO - DAG(s) dict_keys(['example_short_circuit_decorator']) retrieved from /home/airflow/.local/lib/python3.8/site-packages/airflow/example_dags/example_short_circuit_decorator.py
[2023-11-20T21:52:09.558+0000] {logging_mixin.py:154} INFO - [2023-11-20T21:52:09.558+0000] {dag.py:2941} INFO - Sync 1 DAGs
[2023-11-20T21:52:09.568+0000] {logging_mixin.py:154} INFO - [2023-11-20T21:52:09.568+0000] {dag.py:3722} INFO - Setting next_dagrun for example_short_circuit_decorator to 2023-11-19T21:52:09.568137+00:00, run_after=2023-11-20T21:52:09.568137+00:00
[2023-11-20T21:52:09.576+0000] {processor.py:179} INFO - Processing /home/airflow/.local/lib/python3.8/site-packages/airflow/example_dags/example_short_circuit_decorator.py took 0.040 seconds
[2023-11-20T21:52:39.797+0000] {processor.py:157} INFO - Started process (PID=472) to work on /home/airflow/.local/lib/python3.8/site-packages/airflow/example_dags/example_short_circuit_decorator.py
[2023-11-20T21:52:39.798+0000] {processor.py:829} INFO - Processing file /home/airflow/.local/lib/python3.8/site-packages/airflow/example_dags/example_short_circuit_decorator.py for tasks to queue
[2023-11-20T21:52:39.800+0000] {logging_mixin.py:154} INFO - [2023-11-20T21:52:39.799+0000] {dagbag.py:536} INFO - Filling up the DagBag from /home/airflow/.local/lib/python3.8/site-packages/airflow/example_dags/example_short_circuit_decorator.py
[2023-11-20T21:52:39.806+0000] {processor.py:839} INFO - DAG(s) dict_keys(['example_short_circuit_decorator']) retrieved from /home/airflow/.local/lib/python3.8/site-packages/airflow/example_dags/example_short_circuit_decorator.py
[2023-11-20T21:52:39.819+0000] {logging_mixin.py:154} INFO - [2023-11-20T21:52:39.819+0000] {dag.py:2941} INFO - Sync 1 DAGs
[2023-11-20T21:52:39.829+0000] {logging_mixin.py:154} INFO - [2023-11-20T21:52:39.829+0000] {dag.py:3722} INFO - Setting next_dagrun for example_short_circuit_decorator to 2023-11-19T21:52:39.829100+00:00, run_after=2023-11-20T21:52:39.829100+00:00
[2023-11-20T21:52:39.836+0000] {processor.py:179} INFO - Processing /home/airflow/.local/lib/python3.8/site-packages/airflow/example_dags/example_short_circuit_decorator.py took 0.041 seconds
[2023-11-20T21:53:10.113+0000] {processor.py:157} INFO - Started process (PID=526) to work on /home/airflow/.local/lib/python3.8/site-packages/airflow/example_dags/example_short_circuit_decorator.py
[2023-11-20T21:53:10.113+0000] {processor.py:829} INFO - Processing file /home/airflow/.local/lib/python3.8/site-packages/airflow/example_dags/example_short_circuit_decorator.py for tasks to queue
[2023-11-20T21:53:10.115+0000] {logging_mixin.py:154} INFO - [2023-11-20T21:53:10.115+0000] {dagbag.py:536} INFO - Filling up the DagBag from /home/airflow/.local/lib/python3.8/site-packages/airflow/example_dags/example_short_circuit_decorator.py
[2023-11-20T21:53:10.120+0000] {processor.py:839} INFO - DAG(s) dict_keys(['example_short_circuit_decorator']) retrieved from /home/airflow/.local/lib/python3.8/site-packages/airflow/example_dags/example_short_circuit_decorator.py
[2023-11-20T21:53:10.135+0000] {logging_mixin.py:154} INFO - [2023-11-20T21:53:10.135+0000] {dag.py:2941} INFO - Sync 1 DAGs
[2023-11-20T21:53:10.146+0000] {logging_mixin.py:154} INFO - [2023-11-20T21:53:10.146+0000] {dag.py:3722} INFO - Setting next_dagrun for example_short_circuit_decorator to 2023-11-19T21:53:10.146587+00:00, run_after=2023-11-20T21:53:10.146587+00:00
[2023-11-20T21:53:10.155+0000] {processor.py:179} INFO - Processing /home/airflow/.local/lib/python3.8/site-packages/airflow/example_dags/example_short_circuit_decorator.py took 0.044 seconds
[2023-11-20T21:53:40.319+0000] {processor.py:157} INFO - Started process (PID=580) to work on /home/airflow/.local/lib/python3.8/site-packages/airflow/example_dags/example_short_circuit_decorator.py
[2023-11-20T21:53:40.320+0000] {processor.py:829} INFO - Processing file /home/airflow/.local/lib/python3.8/site-packages/airflow/example_dags/example_short_circuit_decorator.py for tasks to queue
[2023-11-20T21:53:40.321+0000] {logging_mixin.py:154} INFO - [2023-11-20T21:53:40.321+0000] {dagbag.py:536} INFO - Filling up the DagBag from /home/airflow/.local/lib/python3.8/site-packages/airflow/example_dags/example_short_circuit_decorator.py
[2023-11-20T21:53:40.326+0000] {processor.py:839} INFO - DAG(s) dict_keys(['example_short_circuit_decorator']) retrieved from /home/airflow/.local/lib/python3.8/site-packages/airflow/example_dags/example_short_circuit_decorator.py
[2023-11-20T21:53:40.344+0000] {logging_mixin.py:154} INFO - [2023-11-20T21:53:40.344+0000] {dag.py:2941} INFO - Sync 1 DAGs
[2023-11-20T21:53:40.358+0000] {logging_mixin.py:154} INFO - [2023-11-20T21:53:40.358+0000] {dag.py:3722} INFO - Setting next_dagrun for example_short_circuit_decorator to 2023-11-19T21:53:40.358288+00:00, run_after=2023-11-20T21:53:40.358288+00:00
[2023-11-20T21:53:40.369+0000] {processor.py:179} INFO - Processing /home/airflow/.local/lib/python3.8/site-packages/airflow/example_dags/example_short_circuit_decorator.py took 0.052 seconds
[2023-11-20T21:54:10.731+0000] {processor.py:157} INFO - Started process (PID=634) to work on /home/airflow/.local/lib/python3.8/site-packages/airflow/example_dags/example_short_circuit_decorator.py
[2023-11-20T21:54:10.732+0000] {processor.py:829} INFO - Processing file /home/airflow/.local/lib/python3.8/site-packages/airflow/example_dags/example_short_circuit_decorator.py for tasks to queue
[2023-11-20T21:54:10.733+0000] {logging_mixin.py:154} INFO - [2023-11-20T21:54:10.733+0000] {dagbag.py:536} INFO - Filling up the DagBag from /home/airflow/.local/lib/python3.8/site-packages/airflow/example_dags/example_short_circuit_decorator.py
[2023-11-20T21:54:10.738+0000] {processor.py:839} INFO - DAG(s) dict_keys(['example_short_circuit_decorator']) retrieved from /home/airflow/.local/lib/python3.8/site-packages/airflow/example_dags/example_short_circuit_decorator.py
[2023-11-20T21:54:10.753+0000] {logging_mixin.py:154} INFO - [2023-11-20T21:54:10.753+0000] {dag.py:2941} INFO - Sync 1 DAGs
[2023-11-20T21:54:10.764+0000] {logging_mixin.py:154} INFO - [2023-11-20T21:54:10.764+0000] {dag.py:3722} INFO - Setting next_dagrun for example_short_circuit_decorator to 2023-11-19T21:54:10.763883+00:00, run_after=2023-11-20T21:54:10.763883+00:00
[2023-11-20T21:54:10.772+0000] {processor.py:179} INFO - Processing /home/airflow/.local/lib/python3.8/site-packages/airflow/example_dags/example_short_circuit_decorator.py took 0.043 seconds
[2023-11-20T21:54:41.138+0000] {processor.py:157} INFO - Started process (PID=688) to work on /home/airflow/.local/lib/python3.8/site-packages/airflow/example_dags/example_short_circuit_decorator.py
[2023-11-20T21:54:41.138+0000] {processor.py:829} INFO - Processing file /home/airflow/.local/lib/python3.8/site-packages/airflow/example_dags/example_short_circuit_decorator.py for tasks to queue
[2023-11-20T21:54:41.140+0000] {logging_mixin.py:154} INFO - [2023-11-20T21:54:41.140+0000] {dagbag.py:536} INFO - Filling up the DagBag from /home/airflow/.local/lib/python3.8/site-packages/airflow/example_dags/example_short_circuit_decorator.py
[2023-11-20T21:54:41.145+0000] {processor.py:839} INFO - DAG(s) dict_keys(['example_short_circuit_decorator']) retrieved from /home/airflow/.local/lib/python3.8/site-packages/airflow/example_dags/example_short_circuit_decorator.py
[2023-11-20T21:54:41.158+0000] {logging_mixin.py:154} INFO - [2023-11-20T21:54:41.158+0000] {dag.py:2941} INFO - Sync 1 DAGs
[2023-11-20T21:54:41.169+0000] {logging_mixin.py:154} INFO - [2023-11-20T21:54:41.169+0000] {dag.py:3722} INFO - Setting next_dagrun for example_short_circuit_decorator to 2023-11-19T21:54:41.168908+00:00, run_after=2023-11-20T21:54:41.168908+00:00
[2023-11-20T21:54:41.177+0000] {processor.py:179} INFO - Processing /home/airflow/.local/lib/python3.8/site-packages/airflow/example_dags/example_short_circuit_decorator.py took 0.041 seconds
[2023-11-20T21:55:11.402+0000] {processor.py:157} INFO - Started process (PID=742) to work on /home/airflow/.local/lib/python3.8/site-packages/airflow/example_dags/example_short_circuit_decorator.py
[2023-11-20T21:55:11.402+0000] {processor.py:829} INFO - Processing file /home/airflow/.local/lib/python3.8/site-packages/airflow/example_dags/example_short_circuit_decorator.py for tasks to queue
[2023-11-20T21:55:11.404+0000] {logging_mixin.py:154} INFO - [2023-11-20T21:55:11.403+0000] {dagbag.py:536} INFO - Filling up the DagBag from /home/airflow/.local/lib/python3.8/site-packages/airflow/example_dags/example_short_circuit_decorator.py
[2023-11-20T21:55:11.408+0000] {processor.py:839} INFO - DAG(s) dict_keys(['example_short_circuit_decorator']) retrieved from /home/airflow/.local/lib/python3.8/site-packages/airflow/example_dags/example_short_circuit_decorator.py
[2023-11-20T21:55:11.422+0000] {logging_mixin.py:154} INFO - [2023-11-20T21:55:11.422+0000] {dag.py:2941} INFO - Sync 1 DAGs
[2023-11-20T21:55:11.432+0000] {logging_mixin.py:154} INFO - [2023-11-20T21:55:11.432+0000] {dag.py:3722} INFO - Setting next_dagrun for example_short_circuit_decorator to 2023-11-19T21:55:11.432569+00:00, run_after=2023-11-20T21:55:11.432569+00:00
[2023-11-20T21:55:11.440+0000] {processor.py:179} INFO - Processing /home/airflow/.local/lib/python3.8/site-packages/airflow/example_dags/example_short_circuit_decorator.py took 0.040 seconds
[2023-11-20T21:55:41.938+0000] {processor.py:157} INFO - Started process (PID=796) to work on /home/airflow/.local/lib/python3.8/site-packages/airflow/example_dags/example_short_circuit_decorator.py
[2023-11-20T21:55:41.938+0000] {processor.py:829} INFO - Processing file /home/airflow/.local/lib/python3.8/site-packages/airflow/example_dags/example_short_circuit_decorator.py for tasks to queue
[2023-11-20T21:55:41.940+0000] {logging_mixin.py:154} INFO - [2023-11-20T21:55:41.940+0000] {dagbag.py:536} INFO - Filling up the DagBag from /home/airflow/.local/lib/python3.8/site-packages/airflow/example_dags/example_short_circuit_decorator.py
[2023-11-20T21:55:41.944+0000] {processor.py:839} INFO - DAG(s) dict_keys(['example_short_circuit_decorator']) retrieved from /home/airflow/.local/lib/python3.8/site-packages/airflow/example_dags/example_short_circuit_decorator.py
[2023-11-20T21:55:41.957+0000] {logging_mixin.py:154} INFO - [2023-11-20T21:55:41.957+0000] {dag.py:2941} INFO - Sync 1 DAGs
[2023-11-20T21:55:41.967+0000] {logging_mixin.py:154} INFO - [2023-11-20T21:55:41.967+0000] {dag.py:3722} INFO - Setting next_dagrun for example_short_circuit_decorator to 2023-11-19T21:55:41.966905+00:00, run_after=2023-11-20T21:55:41.966905+00:00
[2023-11-20T21:55:41.973+0000] {processor.py:179} INFO - Processing /home/airflow/.local/lib/python3.8/site-packages/airflow/example_dags/example_short_circuit_decorator.py took 0.038 seconds
[2023-11-20T21:56:12.479+0000] {processor.py:157} INFO - Started process (PID=850) to work on /home/airflow/.local/lib/python3.8/site-packages/airflow/example_dags/example_short_circuit_decorator.py
[2023-11-20T21:56:12.480+0000] {processor.py:829} INFO - Processing file /home/airflow/.local/lib/python3.8/site-packages/airflow/example_dags/example_short_circuit_decorator.py for tasks to queue
[2023-11-20T21:56:12.481+0000] {logging_mixin.py:154} INFO - [2023-11-20T21:56:12.481+0000] {dagbag.py:536} INFO - Filling up the DagBag from /home/airflow/.local/lib/python3.8/site-packages/airflow/example_dags/example_short_circuit_decorator.py
[2023-11-20T21:56:12.486+0000] {processor.py:839} INFO - DAG(s) dict_keys(['example_short_circuit_decorator']) retrieved from /home/airflow/.local/lib/python3.8/site-packages/airflow/example_dags/example_short_circuit_decorator.py
[2023-11-20T21:56:12.500+0000] {logging_mixin.py:154} INFO - [2023-11-20T21:56:12.499+0000] {dag.py:2941} INFO - Sync 1 DAGs
[2023-11-20T21:56:12.510+0000] {logging_mixin.py:154} INFO - [2023-11-20T21:56:12.510+0000] {dag.py:3722} INFO - Setting next_dagrun for example_short_circuit_decorator to 2023-11-19T21:56:12.510033+00:00, run_after=2023-11-20T21:56:12.510033+00:00
[2023-11-20T21:56:12.518+0000] {processor.py:179} INFO - Processing /home/airflow/.local/lib/python3.8/site-packages/airflow/example_dags/example_short_circuit_decorator.py took 0.041 seconds
[2023-11-20T21:56:42.915+0000] {processor.py:157} INFO - Started process (PID=904) to work on /home/airflow/.local/lib/python3.8/site-packages/airflow/example_dags/example_short_circuit_decorator.py
[2023-11-20T21:56:42.916+0000] {processor.py:829} INFO - Processing file /home/airflow/.local/lib/python3.8/site-packages/airflow/example_dags/example_short_circuit_decorator.py for tasks to queue
[2023-11-20T21:56:42.917+0000] {logging_mixin.py:154} INFO - [2023-11-20T21:56:42.917+0000] {dagbag.py:536} INFO - Filling up the DagBag from /home/airflow/.local/lib/python3.8/site-packages/airflow/example_dags/example_short_circuit_decorator.py
[2023-11-20T21:56:42.922+0000] {processor.py:839} INFO - DAG(s) dict_keys(['example_short_circuit_decorator']) retrieved from /home/airflow/.local/lib/python3.8/site-packages/airflow/example_dags/example_short_circuit_decorator.py
[2023-11-20T21:56:42.936+0000] {logging_mixin.py:154} INFO - [2023-11-20T21:56:42.936+0000] {dag.py:2941} INFO - Sync 1 DAGs
[2023-11-20T21:56:42.946+0000] {logging_mixin.py:154} INFO - [2023-11-20T21:56:42.946+0000] {dag.py:3722} INFO - Setting next_dagrun for example_short_circuit_decorator to 2023-11-19T21:56:42.946184+00:00, run_after=2023-11-20T21:56:42.946184+00:00
[2023-11-20T21:56:42.953+0000] {processor.py:179} INFO - Processing /home/airflow/.local/lib/python3.8/site-packages/airflow/example_dags/example_short_circuit_decorator.py took 0.039 seconds
[2023-11-20T21:57:13.671+0000] {processor.py:157} INFO - Started process (PID=958) to work on /home/airflow/.local/lib/python3.8/site-packages/airflow/example_dags/example_short_circuit_decorator.py
[2023-11-20T21:57:13.672+0000] {processor.py:829} INFO - Processing file /home/airflow/.local/lib/python3.8/site-packages/airflow/example_dags/example_short_circuit_decorator.py for tasks to queue
[2023-11-20T21:57:13.673+0000] {logging_mixin.py:154} INFO - [2023-11-20T21:57:13.673+0000] {dagbag.py:536} INFO - Filling up the DagBag from /home/airflow/.local/lib/python3.8/site-packages/airflow/example_dags/example_short_circuit_decorator.py
[2023-11-20T21:57:13.678+0000] {processor.py:839} INFO - DAG(s) dict_keys(['example_short_circuit_decorator']) retrieved from /home/airflow/.local/lib/python3.8/site-packages/airflow/example_dags/example_short_circuit_decorator.py
[2023-11-20T21:57:13.691+0000] {logging_mixin.py:154} INFO - [2023-11-20T21:57:13.691+0000] {dag.py:2941} INFO - Sync 1 DAGs
[2023-11-20T21:57:13.701+0000] {logging_mixin.py:154} INFO - [2023-11-20T21:57:13.701+0000] {dag.py:3722} INFO - Setting next_dagrun for example_short_circuit_decorator to 2023-11-19T21:57:13.701352+00:00, run_after=2023-11-20T21:57:13.701352+00:00
[2023-11-20T21:57:13.709+0000] {processor.py:179} INFO - Processing /home/airflow/.local/lib/python3.8/site-packages/airflow/example_dags/example_short_circuit_decorator.py took 0.040 seconds
[2023-11-20T21:57:44.099+0000] {processor.py:157} INFO - Started process (PID=1011) to work on /home/airflow/.local/lib/python3.8/site-packages/airflow/example_dags/example_short_circuit_decorator.py
[2023-11-20T21:57:44.099+0000] {processor.py:829} INFO - Processing file /home/airflow/.local/lib/python3.8/site-packages/airflow/example_dags/example_short_circuit_decorator.py for tasks to queue
[2023-11-20T21:57:44.101+0000] {logging_mixin.py:154} INFO - [2023-11-20T21:57:44.100+0000] {dagbag.py:536} INFO - Filling up the DagBag from /home/airflow/.local/lib/python3.8/site-packages/airflow/example_dags/example_short_circuit_decorator.py
[2023-11-20T21:57:44.106+0000] {processor.py:839} INFO - DAG(s) dict_keys(['example_short_circuit_decorator']) retrieved from /home/airflow/.local/lib/python3.8/site-packages/airflow/example_dags/example_short_circuit_decorator.py
[2023-11-20T21:57:44.121+0000] {logging_mixin.py:154} INFO - [2023-11-20T21:57:44.121+0000] {dag.py:2941} INFO - Sync 1 DAGs
[2023-11-20T21:57:44.133+0000] {logging_mixin.py:154} INFO - [2023-11-20T21:57:44.133+0000] {dag.py:3722} INFO - Setting next_dagrun for example_short_circuit_decorator to 2023-11-19T21:57:44.133659+00:00, run_after=2023-11-20T21:57:44.133659+00:00
[2023-11-20T21:57:44.142+0000] {processor.py:179} INFO - Processing /home/airflow/.local/lib/python3.8/site-packages/airflow/example_dags/example_short_circuit_decorator.py took 0.046 seconds
[2023-11-20T21:58:14.721+0000] {processor.py:157} INFO - Started process (PID=1066) to work on /home/airflow/.local/lib/python3.8/site-packages/airflow/example_dags/example_short_circuit_decorator.py
[2023-11-20T21:58:14.722+0000] {processor.py:829} INFO - Processing file /home/airflow/.local/lib/python3.8/site-packages/airflow/example_dags/example_short_circuit_decorator.py for tasks to queue
[2023-11-20T21:58:14.723+0000] {logging_mixin.py:154} INFO - [2023-11-20T21:58:14.723+0000] {dagbag.py:536} INFO - Filling up the DagBag from /home/airflow/.local/lib/python3.8/site-packages/airflow/example_dags/example_short_circuit_decorator.py
[2023-11-20T21:58:14.729+0000] {processor.py:839} INFO - DAG(s) dict_keys(['example_short_circuit_decorator']) retrieved from /home/airflow/.local/lib/python3.8/site-packages/airflow/example_dags/example_short_circuit_decorator.py
[2023-11-20T21:58:14.746+0000] {logging_mixin.py:154} INFO - [2023-11-20T21:58:14.746+0000] {dag.py:2941} INFO - Sync 1 DAGs
[2023-11-20T21:58:14.759+0000] {logging_mixin.py:154} INFO - [2023-11-20T21:58:14.758+0000] {dag.py:3722} INFO - Setting next_dagrun for example_short_circuit_decorator to 2023-11-19T21:58:14.758769+00:00, run_after=2023-11-20T21:58:14.758769+00:00
[2023-11-20T21:58:14.768+0000] {processor.py:179} INFO - Processing /home/airflow/.local/lib/python3.8/site-packages/airflow/example_dags/example_short_circuit_decorator.py took 0.050 seconds
