[2023-11-20T21:48:40.848+0000] {processor.py:157} INFO - Started process (PID=73) to work on /home/airflow/.local/lib/python3.8/site-packages/airflow/example_dags/example_task_group_decorator.py
[2023-11-20T21:48:40.848+0000] {processor.py:829} INFO - Processing file /home/airflow/.local/lib/python3.8/site-packages/airflow/example_dags/example_task_group_decorator.py for tasks to queue
[2023-11-20T21:48:40.850+0000] {logging_mixin.py:154} INFO - [2023-11-20T21:48:40.850+0000] {dagbag.py:536} INFO - Filling up the DagBag from /home/airflow/.local/lib/python3.8/site-packages/airflow/example_dags/example_task_group_decorator.py
[2023-11-20T21:48:40.861+0000] {processor.py:839} INFO - DAG(s) dict_keys(['example_task_group_decorator']) retrieved from /home/airflow/.local/lib/python3.8/site-packages/airflow/example_dags/example_task_group_decorator.py
[2023-11-20T21:48:40.881+0000] {logging_mixin.py:154} INFO - [2023-11-20T21:48:40.881+0000] {dag.py:2941} INFO - Sync 1 DAGs
[2023-11-20T21:48:40.906+0000] {logging_mixin.py:154} INFO - [2023-11-20T21:48:40.906+0000] {dag.py:3722} INFO - Setting next_dagrun for example_task_group_decorator to 2023-11-19T21:48:40.906231+00:00, run_after=2023-11-20T21:48:40.906231+00:00
[2023-11-20T21:48:40.928+0000] {processor.py:179} INFO - Processing /home/airflow/.local/lib/python3.8/site-packages/airflow/example_dags/example_task_group_decorator.py took 0.083 seconds
[2023-11-20T21:49:11.236+0000] {processor.py:157} INFO - Started process (PID=127) to work on /home/airflow/.local/lib/python3.8/site-packages/airflow/example_dags/example_task_group_decorator.py
[2023-11-20T21:49:11.237+0000] {processor.py:829} INFO - Processing file /home/airflow/.local/lib/python3.8/site-packages/airflow/example_dags/example_task_group_decorator.py for tasks to queue
[2023-11-20T21:49:11.239+0000] {logging_mixin.py:154} INFO - [2023-11-20T21:49:11.239+0000] {dagbag.py:536} INFO - Filling up the DagBag from /home/airflow/.local/lib/python3.8/site-packages/airflow/example_dags/example_task_group_decorator.py
[2023-11-20T21:49:11.251+0000] {processor.py:839} INFO - DAG(s) dict_keys(['example_task_group_decorator']) retrieved from /home/airflow/.local/lib/python3.8/site-packages/airflow/example_dags/example_task_group_decorator.py
[2023-11-20T21:49:11.269+0000] {logging_mixin.py:154} INFO - [2023-11-20T21:49:11.269+0000] {dag.py:2941} INFO - Sync 1 DAGs
[2023-11-20T21:49:11.281+0000] {logging_mixin.py:154} INFO - [2023-11-20T21:49:11.281+0000] {dag.py:3722} INFO - Setting next_dagrun for example_task_group_decorator to 2023-11-19T21:49:11.280922+00:00, run_after=2023-11-20T21:49:11.280922+00:00
[2023-11-20T21:49:11.288+0000] {processor.py:179} INFO - Processing /home/airflow/.local/lib/python3.8/site-packages/airflow/example_dags/example_task_group_decorator.py took 0.055 seconds
[2023-11-20T21:49:42.246+0000] {processor.py:157} INFO - Started process (PID=181) to work on /home/airflow/.local/lib/python3.8/site-packages/airflow/example_dags/example_task_group_decorator.py
[2023-11-20T21:49:42.250+0000] {processor.py:829} INFO - Processing file /home/airflow/.local/lib/python3.8/site-packages/airflow/example_dags/example_task_group_decorator.py for tasks to queue
[2023-11-20T21:49:42.251+0000] {logging_mixin.py:154} INFO - [2023-11-20T21:49:42.251+0000] {dagbag.py:536} INFO - Filling up the DagBag from /home/airflow/.local/lib/python3.8/site-packages/airflow/example_dags/example_task_group_decorator.py
[2023-11-20T21:49:42.258+0000] {processor.py:839} INFO - DAG(s) dict_keys(['example_task_group_decorator']) retrieved from /home/airflow/.local/lib/python3.8/site-packages/airflow/example_dags/example_task_group_decorator.py
[2023-11-20T21:49:42.273+0000] {logging_mixin.py:154} INFO - [2023-11-20T21:49:42.273+0000] {dag.py:2941} INFO - Sync 1 DAGs
[2023-11-20T21:49:42.283+0000] {logging_mixin.py:154} INFO - [2023-11-20T21:49:42.283+0000] {dag.py:3722} INFO - Setting next_dagrun for example_task_group_decorator to 2023-11-19T21:49:42.283722+00:00, run_after=2023-11-20T21:49:42.283722+00:00
[2023-11-20T21:49:42.291+0000] {processor.py:179} INFO - Processing /home/airflow/.local/lib/python3.8/site-packages/airflow/example_dags/example_task_group_decorator.py took 0.048 seconds
[2023-11-20T21:50:12.663+0000] {processor.py:157} INFO - Started process (PID=235) to work on /home/airflow/.local/lib/python3.8/site-packages/airflow/example_dags/example_task_group_decorator.py
[2023-11-20T21:50:12.664+0000] {processor.py:829} INFO - Processing file /home/airflow/.local/lib/python3.8/site-packages/airflow/example_dags/example_task_group_decorator.py for tasks to queue
[2023-11-20T21:50:12.665+0000] {logging_mixin.py:154} INFO - [2023-11-20T21:50:12.665+0000] {dagbag.py:536} INFO - Filling up the DagBag from /home/airflow/.local/lib/python3.8/site-packages/airflow/example_dags/example_task_group_decorator.py
[2023-11-20T21:50:12.672+0000] {processor.py:839} INFO - DAG(s) dict_keys(['example_task_group_decorator']) retrieved from /home/airflow/.local/lib/python3.8/site-packages/airflow/example_dags/example_task_group_decorator.py
[2023-11-20T21:50:12.687+0000] {logging_mixin.py:154} INFO - [2023-11-20T21:50:12.687+0000] {dag.py:2941} INFO - Sync 1 DAGs
[2023-11-20T21:50:12.697+0000] {logging_mixin.py:154} INFO - [2023-11-20T21:50:12.697+0000] {dag.py:3722} INFO - Setting next_dagrun for example_task_group_decorator to 2023-11-19T21:50:12.697218+00:00, run_after=2023-11-20T21:50:12.697218+00:00
[2023-11-20T21:50:12.705+0000] {processor.py:179} INFO - Processing /home/airflow/.local/lib/python3.8/site-packages/airflow/example_dags/example_task_group_decorator.py took 0.044 seconds
[2023-11-20T21:50:42.877+0000] {processor.py:157} INFO - Started process (PID=289) to work on /home/airflow/.local/lib/python3.8/site-packages/airflow/example_dags/example_task_group_decorator.py
[2023-11-20T21:50:42.878+0000] {processor.py:829} INFO - Processing file /home/airflow/.local/lib/python3.8/site-packages/airflow/example_dags/example_task_group_decorator.py for tasks to queue
[2023-11-20T21:50:42.879+0000] {logging_mixin.py:154} INFO - [2023-11-20T21:50:42.879+0000] {dagbag.py:536} INFO - Filling up the DagBag from /home/airflow/.local/lib/python3.8/site-packages/airflow/example_dags/example_task_group_decorator.py
[2023-11-20T21:50:42.886+0000] {processor.py:839} INFO - DAG(s) dict_keys(['example_task_group_decorator']) retrieved from /home/airflow/.local/lib/python3.8/site-packages/airflow/example_dags/example_task_group_decorator.py
[2023-11-20T21:50:42.901+0000] {logging_mixin.py:154} INFO - [2023-11-20T21:50:42.901+0000] {dag.py:2941} INFO - Sync 1 DAGs
[2023-11-20T21:50:42.911+0000] {logging_mixin.py:154} INFO - [2023-11-20T21:50:42.911+0000] {dag.py:3722} INFO - Setting next_dagrun for example_task_group_decorator to 2023-11-19T21:50:42.911429+00:00, run_after=2023-11-20T21:50:42.911429+00:00
[2023-11-20T21:50:42.918+0000] {processor.py:179} INFO - Processing /home/airflow/.local/lib/python3.8/site-packages/airflow/example_dags/example_task_group_decorator.py took 0.044 seconds
[2023-11-20T21:51:13.040+0000] {processor.py:157} INFO - Started process (PID=343) to work on /home/airflow/.local/lib/python3.8/site-packages/airflow/example_dags/example_task_group_decorator.py
[2023-11-20T21:51:13.041+0000] {processor.py:829} INFO - Processing file /home/airflow/.local/lib/python3.8/site-packages/airflow/example_dags/example_task_group_decorator.py for tasks to queue
[2023-11-20T21:51:13.042+0000] {logging_mixin.py:154} INFO - [2023-11-20T21:51:13.042+0000] {dagbag.py:536} INFO - Filling up the DagBag from /home/airflow/.local/lib/python3.8/site-packages/airflow/example_dags/example_task_group_decorator.py
[2023-11-20T21:51:13.049+0000] {processor.py:839} INFO - DAG(s) dict_keys(['example_task_group_decorator']) retrieved from /home/airflow/.local/lib/python3.8/site-packages/airflow/example_dags/example_task_group_decorator.py
[2023-11-20T21:51:13.064+0000] {logging_mixin.py:154} INFO - [2023-11-20T21:51:13.064+0000] {dag.py:2941} INFO - Sync 1 DAGs
[2023-11-20T21:51:13.075+0000] {logging_mixin.py:154} INFO - [2023-11-20T21:51:13.075+0000] {dag.py:3722} INFO - Setting next_dagrun for example_task_group_decorator to 2023-11-19T21:51:13.075667+00:00, run_after=2023-11-20T21:51:13.075667+00:00
[2023-11-20T21:51:13.083+0000] {processor.py:179} INFO - Processing /home/airflow/.local/lib/python3.8/site-packages/airflow/example_dags/example_task_group_decorator.py took 0.045 seconds
[2023-11-20T21:51:43.470+0000] {processor.py:157} INFO - Started process (PID=397) to work on /home/airflow/.local/lib/python3.8/site-packages/airflow/example_dags/example_task_group_decorator.py
[2023-11-20T21:51:43.470+0000] {processor.py:829} INFO - Processing file /home/airflow/.local/lib/python3.8/site-packages/airflow/example_dags/example_task_group_decorator.py for tasks to queue
[2023-11-20T21:51:43.472+0000] {logging_mixin.py:154} INFO - [2023-11-20T21:51:43.471+0000] {dagbag.py:536} INFO - Filling up the DagBag from /home/airflow/.local/lib/python3.8/site-packages/airflow/example_dags/example_task_group_decorator.py
[2023-11-20T21:51:43.480+0000] {processor.py:839} INFO - DAG(s) dict_keys(['example_task_group_decorator']) retrieved from /home/airflow/.local/lib/python3.8/site-packages/airflow/example_dags/example_task_group_decorator.py
[2023-11-20T21:51:43.494+0000] {logging_mixin.py:154} INFO - [2023-11-20T21:51:43.494+0000] {dag.py:2941} INFO - Sync 1 DAGs
[2023-11-20T21:51:43.505+0000] {logging_mixin.py:154} INFO - [2023-11-20T21:51:43.504+0000] {dag.py:3722} INFO - Setting next_dagrun for example_task_group_decorator to 2023-11-19T21:51:43.504795+00:00, run_after=2023-11-20T21:51:43.504795+00:00
[2023-11-20T21:51:43.512+0000] {processor.py:179} INFO - Processing /home/airflow/.local/lib/python3.8/site-packages/airflow/example_dags/example_task_group_decorator.py took 0.044 seconds
[2023-11-20T21:52:13.664+0000] {processor.py:157} INFO - Started process (PID=451) to work on /home/airflow/.local/lib/python3.8/site-packages/airflow/example_dags/example_task_group_decorator.py
[2023-11-20T21:52:13.666+0000] {processor.py:829} INFO - Processing file /home/airflow/.local/lib/python3.8/site-packages/airflow/example_dags/example_task_group_decorator.py for tasks to queue
[2023-11-20T21:52:13.667+0000] {logging_mixin.py:154} INFO - [2023-11-20T21:52:13.667+0000] {dagbag.py:536} INFO - Filling up the DagBag from /home/airflow/.local/lib/python3.8/site-packages/airflow/example_dags/example_task_group_decorator.py
[2023-11-20T21:52:13.674+0000] {processor.py:839} INFO - DAG(s) dict_keys(['example_task_group_decorator']) retrieved from /home/airflow/.local/lib/python3.8/site-packages/airflow/example_dags/example_task_group_decorator.py
[2023-11-20T21:52:13.688+0000] {logging_mixin.py:154} INFO - [2023-11-20T21:52:13.688+0000] {dag.py:2941} INFO - Sync 1 DAGs
[2023-11-20T21:52:13.698+0000] {logging_mixin.py:154} INFO - [2023-11-20T21:52:13.698+0000] {dag.py:3722} INFO - Setting next_dagrun for example_task_group_decorator to 2023-11-19T21:52:13.698504+00:00, run_after=2023-11-20T21:52:13.698504+00:00
[2023-11-20T21:52:13.706+0000] {processor.py:179} INFO - Processing /home/airflow/.local/lib/python3.8/site-packages/airflow/example_dags/example_task_group_decorator.py took 0.044 seconds
[2023-11-20T21:52:43.924+0000] {processor.py:157} INFO - Started process (PID=505) to work on /home/airflow/.local/lib/python3.8/site-packages/airflow/example_dags/example_task_group_decorator.py
[2023-11-20T21:52:43.925+0000] {processor.py:829} INFO - Processing file /home/airflow/.local/lib/python3.8/site-packages/airflow/example_dags/example_task_group_decorator.py for tasks to queue
[2023-11-20T21:52:43.926+0000] {logging_mixin.py:154} INFO - [2023-11-20T21:52:43.926+0000] {dagbag.py:536} INFO - Filling up the DagBag from /home/airflow/.local/lib/python3.8/site-packages/airflow/example_dags/example_task_group_decorator.py
[2023-11-20T21:52:43.933+0000] {processor.py:839} INFO - DAG(s) dict_keys(['example_task_group_decorator']) retrieved from /home/airflow/.local/lib/python3.8/site-packages/airflow/example_dags/example_task_group_decorator.py
[2023-11-20T21:52:43.947+0000] {logging_mixin.py:154} INFO - [2023-11-20T21:52:43.947+0000] {dag.py:2941} INFO - Sync 1 DAGs
[2023-11-20T21:52:43.957+0000] {logging_mixin.py:154} INFO - [2023-11-20T21:52:43.957+0000] {dag.py:3722} INFO - Setting next_dagrun for example_task_group_decorator to 2023-11-19T21:52:43.956928+00:00, run_after=2023-11-20T21:52:43.956928+00:00
[2023-11-20T21:52:43.964+0000] {processor.py:179} INFO - Processing /home/airflow/.local/lib/python3.8/site-packages/airflow/example_dags/example_task_group_decorator.py took 0.041 seconds
[2023-11-20T21:53:14.531+0000] {processor.py:157} INFO - Started process (PID=559) to work on /home/airflow/.local/lib/python3.8/site-packages/airflow/example_dags/example_task_group_decorator.py
[2023-11-20T21:53:14.533+0000] {processor.py:829} INFO - Processing file /home/airflow/.local/lib/python3.8/site-packages/airflow/example_dags/example_task_group_decorator.py for tasks to queue
[2023-11-20T21:53:14.535+0000] {logging_mixin.py:154} INFO - [2023-11-20T21:53:14.534+0000] {dagbag.py:536} INFO - Filling up the DagBag from /home/airflow/.local/lib/python3.8/site-packages/airflow/example_dags/example_task_group_decorator.py
[2023-11-20T21:53:14.543+0000] {processor.py:839} INFO - DAG(s) dict_keys(['example_task_group_decorator']) retrieved from /home/airflow/.local/lib/python3.8/site-packages/airflow/example_dags/example_task_group_decorator.py
[2023-11-20T21:53:14.561+0000] {logging_mixin.py:154} INFO - [2023-11-20T21:53:14.561+0000] {dag.py:2941} INFO - Sync 1 DAGs
[2023-11-20T21:53:14.575+0000] {logging_mixin.py:154} INFO - [2023-11-20T21:53:14.574+0000] {dag.py:3722} INFO - Setting next_dagrun for example_task_group_decorator to 2023-11-19T21:53:14.574692+00:00, run_after=2023-11-20T21:53:14.574692+00:00
[2023-11-20T21:53:14.588+0000] {processor.py:179} INFO - Processing /home/airflow/.local/lib/python3.8/site-packages/airflow/example_dags/example_task_group_decorator.py took 0.060 seconds
[2023-11-20T21:53:44.762+0000] {processor.py:157} INFO - Started process (PID=613) to work on /home/airflow/.local/lib/python3.8/site-packages/airflow/example_dags/example_task_group_decorator.py
[2023-11-20T21:53:44.763+0000] {processor.py:829} INFO - Processing file /home/airflow/.local/lib/python3.8/site-packages/airflow/example_dags/example_task_group_decorator.py for tasks to queue
[2023-11-20T21:53:44.765+0000] {logging_mixin.py:154} INFO - [2023-11-20T21:53:44.765+0000] {dagbag.py:536} INFO - Filling up the DagBag from /home/airflow/.local/lib/python3.8/site-packages/airflow/example_dags/example_task_group_decorator.py
[2023-11-20T21:53:44.773+0000] {processor.py:839} INFO - DAG(s) dict_keys(['example_task_group_decorator']) retrieved from /home/airflow/.local/lib/python3.8/site-packages/airflow/example_dags/example_task_group_decorator.py
[2023-11-20T21:53:44.789+0000] {logging_mixin.py:154} INFO - [2023-11-20T21:53:44.789+0000] {dag.py:2941} INFO - Sync 1 DAGs
[2023-11-20T21:53:44.800+0000] {logging_mixin.py:154} INFO - [2023-11-20T21:53:44.800+0000] {dag.py:3722} INFO - Setting next_dagrun for example_task_group_decorator to 2023-11-19T21:53:44.800589+00:00, run_after=2023-11-20T21:53:44.800589+00:00
[2023-11-20T21:53:44.809+0000] {processor.py:179} INFO - Processing /home/airflow/.local/lib/python3.8/site-packages/airflow/example_dags/example_task_group_decorator.py took 0.049 seconds
[2023-11-20T21:54:14.997+0000] {processor.py:157} INFO - Started process (PID=667) to work on /home/airflow/.local/lib/python3.8/site-packages/airflow/example_dags/example_task_group_decorator.py
[2023-11-20T21:54:14.998+0000] {processor.py:829} INFO - Processing file /home/airflow/.local/lib/python3.8/site-packages/airflow/example_dags/example_task_group_decorator.py for tasks to queue
[2023-11-20T21:54:14.999+0000] {logging_mixin.py:154} INFO - [2023-11-20T21:54:14.999+0000] {dagbag.py:536} INFO - Filling up the DagBag from /home/airflow/.local/lib/python3.8/site-packages/airflow/example_dags/example_task_group_decorator.py
[2023-11-20T21:54:15.006+0000] {processor.py:839} INFO - DAG(s) dict_keys(['example_task_group_decorator']) retrieved from /home/airflow/.local/lib/python3.8/site-packages/airflow/example_dags/example_task_group_decorator.py
[2023-11-20T21:54:15.020+0000] {logging_mixin.py:154} INFO - [2023-11-20T21:54:15.020+0000] {dag.py:2941} INFO - Sync 1 DAGs
[2023-11-20T21:54:15.030+0000] {logging_mixin.py:154} INFO - [2023-11-20T21:54:15.030+0000] {dag.py:3722} INFO - Setting next_dagrun for example_task_group_decorator to 2023-11-19T21:54:15.030356+00:00, run_after=2023-11-20T21:54:15.030356+00:00
[2023-11-20T21:54:15.038+0000] {processor.py:179} INFO - Processing /home/airflow/.local/lib/python3.8/site-packages/airflow/example_dags/example_task_group_decorator.py took 0.042 seconds
[2023-11-20T21:54:45.592+0000] {processor.py:157} INFO - Started process (PID=721) to work on /home/airflow/.local/lib/python3.8/site-packages/airflow/example_dags/example_task_group_decorator.py
[2023-11-20T21:54:45.593+0000] {processor.py:829} INFO - Processing file /home/airflow/.local/lib/python3.8/site-packages/airflow/example_dags/example_task_group_decorator.py for tasks to queue
[2023-11-20T21:54:45.595+0000] {logging_mixin.py:154} INFO - [2023-11-20T21:54:45.595+0000] {dagbag.py:536} INFO - Filling up the DagBag from /home/airflow/.local/lib/python3.8/site-packages/airflow/example_dags/example_task_group_decorator.py
[2023-11-20T21:54:45.603+0000] {processor.py:839} INFO - DAG(s) dict_keys(['example_task_group_decorator']) retrieved from /home/airflow/.local/lib/python3.8/site-packages/airflow/example_dags/example_task_group_decorator.py
[2023-11-20T21:54:45.621+0000] {logging_mixin.py:154} INFO - [2023-11-20T21:54:45.621+0000] {dag.py:2941} INFO - Sync 1 DAGs
[2023-11-20T21:54:45.633+0000] {logging_mixin.py:154} INFO - [2023-11-20T21:54:45.633+0000] {dag.py:3722} INFO - Setting next_dagrun for example_task_group_decorator to 2023-11-19T21:54:45.633592+00:00, run_after=2023-11-20T21:54:45.633592+00:00
[2023-11-20T21:54:45.644+0000] {processor.py:179} INFO - Processing /home/airflow/.local/lib/python3.8/site-packages/airflow/example_dags/example_task_group_decorator.py took 0.054 seconds
[2023-11-20T21:55:16.669+0000] {processor.py:157} INFO - Started process (PID=775) to work on /home/airflow/.local/lib/python3.8/site-packages/airflow/example_dags/example_task_group_decorator.py
[2023-11-20T21:55:16.670+0000] {processor.py:829} INFO - Processing file /home/airflow/.local/lib/python3.8/site-packages/airflow/example_dags/example_task_group_decorator.py for tasks to queue
[2023-11-20T21:55:16.672+0000] {logging_mixin.py:154} INFO - [2023-11-20T21:55:16.672+0000] {dagbag.py:536} INFO - Filling up the DagBag from /home/airflow/.local/lib/python3.8/site-packages/airflow/example_dags/example_task_group_decorator.py
[2023-11-20T21:55:16.680+0000] {processor.py:839} INFO - DAG(s) dict_keys(['example_task_group_decorator']) retrieved from /home/airflow/.local/lib/python3.8/site-packages/airflow/example_dags/example_task_group_decorator.py
[2023-11-20T21:55:16.695+0000] {logging_mixin.py:154} INFO - [2023-11-20T21:55:16.694+0000] {dag.py:2941} INFO - Sync 1 DAGs
[2023-11-20T21:55:16.705+0000] {logging_mixin.py:154} INFO - [2023-11-20T21:55:16.704+0000] {dag.py:3722} INFO - Setting next_dagrun for example_task_group_decorator to 2023-11-19T21:55:16.704800+00:00, run_after=2023-11-20T21:55:16.704800+00:00
[2023-11-20T21:55:16.712+0000] {processor.py:179} INFO - Processing /home/airflow/.local/lib/python3.8/site-packages/airflow/example_dags/example_task_group_decorator.py took 0.046 seconds
[2023-11-20T21:55:47.279+0000] {processor.py:157} INFO - Started process (PID=829) to work on /home/airflow/.local/lib/python3.8/site-packages/airflow/example_dags/example_task_group_decorator.py
[2023-11-20T21:55:47.280+0000] {processor.py:829} INFO - Processing file /home/airflow/.local/lib/python3.8/site-packages/airflow/example_dags/example_task_group_decorator.py for tasks to queue
[2023-11-20T21:55:47.281+0000] {logging_mixin.py:154} INFO - [2023-11-20T21:55:47.281+0000] {dagbag.py:536} INFO - Filling up the DagBag from /home/airflow/.local/lib/python3.8/site-packages/airflow/example_dags/example_task_group_decorator.py
[2023-11-20T21:55:47.288+0000] {processor.py:839} INFO - DAG(s) dict_keys(['example_task_group_decorator']) retrieved from /home/airflow/.local/lib/python3.8/site-packages/airflow/example_dags/example_task_group_decorator.py
[2023-11-20T21:55:47.302+0000] {logging_mixin.py:154} INFO - [2023-11-20T21:55:47.302+0000] {dag.py:2941} INFO - Sync 1 DAGs
[2023-11-20T21:55:47.313+0000] {logging_mixin.py:154} INFO - [2023-11-20T21:55:47.312+0000] {dag.py:3722} INFO - Setting next_dagrun for example_task_group_decorator to 2023-11-19T21:55:47.312786+00:00, run_after=2023-11-20T21:55:47.312786+00:00
[2023-11-20T21:55:47.320+0000] {processor.py:179} INFO - Processing /home/airflow/.local/lib/python3.8/site-packages/airflow/example_dags/example_task_group_decorator.py took 0.043 seconds
[2023-11-20T21:56:17.898+0000] {processor.py:157} INFO - Started process (PID=883) to work on /home/airflow/.local/lib/python3.8/site-packages/airflow/example_dags/example_task_group_decorator.py
[2023-11-20T21:56:17.899+0000] {processor.py:829} INFO - Processing file /home/airflow/.local/lib/python3.8/site-packages/airflow/example_dags/example_task_group_decorator.py for tasks to queue
[2023-11-20T21:56:17.900+0000] {logging_mixin.py:154} INFO - [2023-11-20T21:56:17.900+0000] {dagbag.py:536} INFO - Filling up the DagBag from /home/airflow/.local/lib/python3.8/site-packages/airflow/example_dags/example_task_group_decorator.py
[2023-11-20T21:56:17.907+0000] {processor.py:839} INFO - DAG(s) dict_keys(['example_task_group_decorator']) retrieved from /home/airflow/.local/lib/python3.8/site-packages/airflow/example_dags/example_task_group_decorator.py
[2023-11-20T21:56:17.921+0000] {logging_mixin.py:154} INFO - [2023-11-20T21:56:17.920+0000] {dag.py:2941} INFO - Sync 1 DAGs
[2023-11-20T21:56:17.931+0000] {logging_mixin.py:154} INFO - [2023-11-20T21:56:17.931+0000] {dag.py:3722} INFO - Setting next_dagrun for example_task_group_decorator to 2023-11-19T21:56:17.931150+00:00, run_after=2023-11-20T21:56:17.931150+00:00
[2023-11-20T21:56:17.939+0000] {processor.py:179} INFO - Processing /home/airflow/.local/lib/python3.8/site-packages/airflow/example_dags/example_task_group_decorator.py took 0.043 seconds
[2023-11-20T21:56:48.164+0000] {processor.py:157} INFO - Started process (PID=937) to work on /home/airflow/.local/lib/python3.8/site-packages/airflow/example_dags/example_task_group_decorator.py
[2023-11-20T21:56:48.165+0000] {processor.py:829} INFO - Processing file /home/airflow/.local/lib/python3.8/site-packages/airflow/example_dags/example_task_group_decorator.py for tasks to queue
[2023-11-20T21:56:48.166+0000] {logging_mixin.py:154} INFO - [2023-11-20T21:56:48.166+0000] {dagbag.py:536} INFO - Filling up the DagBag from /home/airflow/.local/lib/python3.8/site-packages/airflow/example_dags/example_task_group_decorator.py
[2023-11-20T21:56:48.174+0000] {processor.py:839} INFO - DAG(s) dict_keys(['example_task_group_decorator']) retrieved from /home/airflow/.local/lib/python3.8/site-packages/airflow/example_dags/example_task_group_decorator.py
[2023-11-20T21:56:48.192+0000] {logging_mixin.py:154} INFO - [2023-11-20T21:56:48.192+0000] {dag.py:2941} INFO - Sync 1 DAGs
[2023-11-20T21:56:48.205+0000] {logging_mixin.py:154} INFO - [2023-11-20T21:56:48.205+0000] {dag.py:3722} INFO - Setting next_dagrun for example_task_group_decorator to 2023-11-19T21:56:48.205458+00:00, run_after=2023-11-20T21:56:48.205458+00:00
[2023-11-20T21:56:48.215+0000] {processor.py:179} INFO - Processing /home/airflow/.local/lib/python3.8/site-packages/airflow/example_dags/example_task_group_decorator.py took 0.054 seconds
[2023-11-20T21:57:18.958+0000] {processor.py:157} INFO - Started process (PID=991) to work on /home/airflow/.local/lib/python3.8/site-packages/airflow/example_dags/example_task_group_decorator.py
[2023-11-20T21:57:18.959+0000] {processor.py:829} INFO - Processing file /home/airflow/.local/lib/python3.8/site-packages/airflow/example_dags/example_task_group_decorator.py for tasks to queue
[2023-11-20T21:57:18.961+0000] {logging_mixin.py:154} INFO - [2023-11-20T21:57:18.961+0000] {dagbag.py:536} INFO - Filling up the DagBag from /home/airflow/.local/lib/python3.8/site-packages/airflow/example_dags/example_task_group_decorator.py
[2023-11-20T21:57:18.971+0000] {processor.py:839} INFO - DAG(s) dict_keys(['example_task_group_decorator']) retrieved from /home/airflow/.local/lib/python3.8/site-packages/airflow/example_dags/example_task_group_decorator.py
[2023-11-20T21:57:18.989+0000] {logging_mixin.py:154} INFO - [2023-11-20T21:57:18.989+0000] {dag.py:2941} INFO - Sync 1 DAGs
[2023-11-20T21:57:19.002+0000] {logging_mixin.py:154} INFO - [2023-11-20T21:57:19.002+0000] {dag.py:3722} INFO - Setting next_dagrun for example_task_group_decorator to 2023-11-19T21:57:19.002119+00:00, run_after=2023-11-20T21:57:19.002119+00:00
[2023-11-20T21:57:19.011+0000] {processor.py:179} INFO - Processing /home/airflow/.local/lib/python3.8/site-packages/airflow/example_dags/example_task_group_decorator.py took 0.056 seconds
[2023-11-20T21:57:49.804+0000] {processor.py:157} INFO - Started process (PID=1045) to work on /home/airflow/.local/lib/python3.8/site-packages/airflow/example_dags/example_task_group_decorator.py
[2023-11-20T21:57:49.805+0000] {processor.py:829} INFO - Processing file /home/airflow/.local/lib/python3.8/site-packages/airflow/example_dags/example_task_group_decorator.py for tasks to queue
[2023-11-20T21:57:49.806+0000] {logging_mixin.py:154} INFO - [2023-11-20T21:57:49.806+0000] {dagbag.py:536} INFO - Filling up the DagBag from /home/airflow/.local/lib/python3.8/site-packages/airflow/example_dags/example_task_group_decorator.py
[2023-11-20T21:57:49.814+0000] {processor.py:839} INFO - DAG(s) dict_keys(['example_task_group_decorator']) retrieved from /home/airflow/.local/lib/python3.8/site-packages/airflow/example_dags/example_task_group_decorator.py
[2023-11-20T21:57:49.831+0000] {logging_mixin.py:154} INFO - [2023-11-20T21:57:49.831+0000] {dag.py:2941} INFO - Sync 1 DAGs
[2023-11-20T21:57:49.844+0000] {logging_mixin.py:154} INFO - [2023-11-20T21:57:49.843+0000] {dag.py:3722} INFO - Setting next_dagrun for example_task_group_decorator to 2023-11-19T21:57:49.843732+00:00, run_after=2023-11-20T21:57:49.843732+00:00
[2023-11-20T21:57:49.853+0000] {processor.py:179} INFO - Processing /home/airflow/.local/lib/python3.8/site-packages/airflow/example_dags/example_task_group_decorator.py took 0.052 seconds
[2023-11-20T21:58:20.208+0000] {processor.py:157} INFO - Started process (PID=1099) to work on /home/airflow/.local/lib/python3.8/site-packages/airflow/example_dags/example_task_group_decorator.py
[2023-11-20T21:58:20.209+0000] {processor.py:829} INFO - Processing file /home/airflow/.local/lib/python3.8/site-packages/airflow/example_dags/example_task_group_decorator.py for tasks to queue
[2023-11-20T21:58:20.210+0000] {logging_mixin.py:154} INFO - [2023-11-20T21:58:20.210+0000] {dagbag.py:536} INFO - Filling up the DagBag from /home/airflow/.local/lib/python3.8/site-packages/airflow/example_dags/example_task_group_decorator.py
[2023-11-20T21:58:20.217+0000] {processor.py:839} INFO - DAG(s) dict_keys(['example_task_group_decorator']) retrieved from /home/airflow/.local/lib/python3.8/site-packages/airflow/example_dags/example_task_group_decorator.py
[2023-11-20T21:58:20.232+0000] {logging_mixin.py:154} INFO - [2023-11-20T21:58:20.232+0000] {dag.py:2941} INFO - Sync 1 DAGs
[2023-11-20T21:58:20.243+0000] {logging_mixin.py:154} INFO - [2023-11-20T21:58:20.243+0000] {dag.py:3722} INFO - Setting next_dagrun for example_task_group_decorator to 2023-11-19T21:58:20.243576+00:00, run_after=2023-11-20T21:58:20.243576+00:00
[2023-11-20T21:58:20.352+0000] {processor.py:179} INFO - Processing /home/airflow/.local/lib/python3.8/site-packages/airflow/example_dags/example_task_group_decorator.py took 0.146 seconds
