[2023-11-20T21:48:37.096+0000] {processor.py:157} INFO - Started process (PID=34) to work on /home/airflow/.local/lib/python3.8/site-packages/airflow/example_dags/example_sla_dag.py
[2023-11-20T21:48:37.100+0000] {processor.py:829} INFO - Processing file /home/airflow/.local/lib/python3.8/site-packages/airflow/example_dags/example_sla_dag.py for tasks to queue
[2023-11-20T21:48:37.105+0000] {logging_mixin.py:154} INFO - [2023-11-20T21:48:37.105+0000] {dagbag.py:536} INFO - Filling up the DagBag from /home/airflow/.local/lib/python3.8/site-packages/airflow/example_dags/example_sla_dag.py
[2023-11-20T21:48:37.162+0000] {processor.py:839} INFO - DAG(s) dict_keys(['example_sla_dag']) retrieved from /home/airflow/.local/lib/python3.8/site-packages/airflow/example_dags/example_sla_dag.py
[2023-11-20T21:48:37.279+0000] {logging_mixin.py:154} INFO - [2023-11-20T21:48:37.279+0000] {dag.py:2941} INFO - Sync 1 DAGs
[2023-11-20T21:48:37.309+0000] {logging_mixin.py:154} INFO - [2023-11-20T21:48:37.309+0000] {dag.py:3722} INFO - Setting next_dagrun for example_sla_dag to 2023-11-20T21:46:00+00:00, run_after=2023-11-20T21:48:00+00:00
[2023-11-20T21:48:37.327+0000] {processor.py:179} INFO - Processing /home/airflow/.local/lib/python3.8/site-packages/airflow/example_dags/example_sla_dag.py took 0.265 seconds
[2023-11-20T21:49:07.578+0000] {processor.py:157} INFO - Started process (PID=88) to work on /home/airflow/.local/lib/python3.8/site-packages/airflow/example_dags/example_sla_dag.py
[2023-11-20T21:49:07.579+0000] {processor.py:829} INFO - Processing file /home/airflow/.local/lib/python3.8/site-packages/airflow/example_dags/example_sla_dag.py for tasks to queue
[2023-11-20T21:49:07.582+0000] {logging_mixin.py:154} INFO - [2023-11-20T21:49:07.581+0000] {dagbag.py:536} INFO - Filling up the DagBag from /home/airflow/.local/lib/python3.8/site-packages/airflow/example_dags/example_sla_dag.py
[2023-11-20T21:49:07.598+0000] {processor.py:839} INFO - DAG(s) dict_keys(['example_sla_dag']) retrieved from /home/airflow/.local/lib/python3.8/site-packages/airflow/example_dags/example_sla_dag.py
[2023-11-20T21:49:07.617+0000] {logging_mixin.py:154} INFO - [2023-11-20T21:49:07.617+0000] {dag.py:2941} INFO - Sync 1 DAGs
[2023-11-20T21:49:07.633+0000] {logging_mixin.py:154} INFO - [2023-11-20T21:49:07.633+0000] {dag.py:3722} INFO - Setting next_dagrun for example_sla_dag to 2023-11-20T21:46:00+00:00, run_after=2023-11-20T21:48:00+00:00
[2023-11-20T21:49:07.643+0000] {processor.py:179} INFO - Processing /home/airflow/.local/lib/python3.8/site-packages/airflow/example_dags/example_sla_dag.py took 0.069 seconds
[2023-11-20T21:49:37.700+0000] {processor.py:157} INFO - Started process (PID=142) to work on /home/airflow/.local/lib/python3.8/site-packages/airflow/example_dags/example_sla_dag.py
[2023-11-20T21:49:37.701+0000] {processor.py:829} INFO - Processing file /home/airflow/.local/lib/python3.8/site-packages/airflow/example_dags/example_sla_dag.py for tasks to queue
[2023-11-20T21:49:37.702+0000] {logging_mixin.py:154} INFO - [2023-11-20T21:49:37.702+0000] {dagbag.py:536} INFO - Filling up the DagBag from /home/airflow/.local/lib/python3.8/site-packages/airflow/example_dags/example_sla_dag.py
[2023-11-20T21:49:37.710+0000] {processor.py:839} INFO - DAG(s) dict_keys(['example_sla_dag']) retrieved from /home/airflow/.local/lib/python3.8/site-packages/airflow/example_dags/example_sla_dag.py
[2023-11-20T21:49:37.725+0000] {logging_mixin.py:154} INFO - [2023-11-20T21:49:37.725+0000] {dag.py:2941} INFO - Sync 1 DAGs
[2023-11-20T21:49:37.748+0000] {logging_mixin.py:154} INFO - [2023-11-20T21:49:37.748+0000] {dag.py:3722} INFO - Setting next_dagrun for example_sla_dag to 2023-11-20T21:46:00+00:00, run_after=2023-11-20T21:48:00+00:00
[2023-11-20T21:49:37.758+0000] {processor.py:179} INFO - Processing /home/airflow/.local/lib/python3.8/site-packages/airflow/example_dags/example_sla_dag.py took 0.061 seconds
[2023-11-20T21:50:07.960+0000] {processor.py:157} INFO - Started process (PID=196) to work on /home/airflow/.local/lib/python3.8/site-packages/airflow/example_dags/example_sla_dag.py
[2023-11-20T21:50:07.962+0000] {processor.py:829} INFO - Processing file /home/airflow/.local/lib/python3.8/site-packages/airflow/example_dags/example_sla_dag.py for tasks to queue
[2023-11-20T21:50:07.973+0000] {logging_mixin.py:154} INFO - [2023-11-20T21:50:07.972+0000] {dagbag.py:536} INFO - Filling up the DagBag from /home/airflow/.local/lib/python3.8/site-packages/airflow/example_dags/example_sla_dag.py
[2023-11-20T21:50:07.985+0000] {processor.py:839} INFO - DAG(s) dict_keys(['example_sla_dag']) retrieved from /home/airflow/.local/lib/python3.8/site-packages/airflow/example_dags/example_sla_dag.py
[2023-11-20T21:50:08.019+0000] {logging_mixin.py:154} INFO - [2023-11-20T21:50:08.019+0000] {dag.py:2941} INFO - Sync 1 DAGs
[2023-11-20T21:50:08.038+0000] {logging_mixin.py:154} INFO - [2023-11-20T21:50:08.038+0000] {dag.py:3722} INFO - Setting next_dagrun for example_sla_dag to 2023-11-20T21:48:00+00:00, run_after=2023-11-20T21:50:00+00:00
[2023-11-20T21:50:08.048+0000] {processor.py:179} INFO - Processing /home/airflow/.local/lib/python3.8/site-packages/airflow/example_dags/example_sla_dag.py took 0.094 seconds
[2023-11-20T21:50:38.413+0000] {processor.py:157} INFO - Started process (PID=250) to work on /home/airflow/.local/lib/python3.8/site-packages/airflow/example_dags/example_sla_dag.py
[2023-11-20T21:50:38.415+0000] {processor.py:829} INFO - Processing file /home/airflow/.local/lib/python3.8/site-packages/airflow/example_dags/example_sla_dag.py for tasks to queue
[2023-11-20T21:50:38.425+0000] {logging_mixin.py:154} INFO - [2023-11-20T21:50:38.423+0000] {dagbag.py:536} INFO - Filling up the DagBag from /home/airflow/.local/lib/python3.8/site-packages/airflow/example_dags/example_sla_dag.py
[2023-11-20T21:50:38.441+0000] {processor.py:839} INFO - DAG(s) dict_keys(['example_sla_dag']) retrieved from /home/airflow/.local/lib/python3.8/site-packages/airflow/example_dags/example_sla_dag.py
[2023-11-20T21:50:38.462+0000] {logging_mixin.py:154} INFO - [2023-11-20T21:50:38.462+0000] {dag.py:2941} INFO - Sync 1 DAGs
[2023-11-20T21:50:38.483+0000] {logging_mixin.py:154} INFO - [2023-11-20T21:50:38.483+0000] {dag.py:3722} INFO - Setting next_dagrun for example_sla_dag to 2023-11-20T21:48:00+00:00, run_after=2023-11-20T21:50:00+00:00
[2023-11-20T21:50:38.492+0000] {processor.py:179} INFO - Processing /home/airflow/.local/lib/python3.8/site-packages/airflow/example_dags/example_sla_dag.py took 0.087 seconds
[2023-11-20T21:51:08.641+0000] {processor.py:157} INFO - Started process (PID=304) to work on /home/airflow/.local/lib/python3.8/site-packages/airflow/example_dags/example_sla_dag.py
[2023-11-20T21:51:08.642+0000] {processor.py:829} INFO - Processing file /home/airflow/.local/lib/python3.8/site-packages/airflow/example_dags/example_sla_dag.py for tasks to queue
[2023-11-20T21:51:08.645+0000] {logging_mixin.py:154} INFO - [2023-11-20T21:51:08.644+0000] {dagbag.py:536} INFO - Filling up the DagBag from /home/airflow/.local/lib/python3.8/site-packages/airflow/example_dags/example_sla_dag.py
[2023-11-20T21:51:08.656+0000] {processor.py:839} INFO - DAG(s) dict_keys(['example_sla_dag']) retrieved from /home/airflow/.local/lib/python3.8/site-packages/airflow/example_dags/example_sla_dag.py
[2023-11-20T21:51:08.677+0000] {logging_mixin.py:154} INFO - [2023-11-20T21:51:08.677+0000] {dag.py:2941} INFO - Sync 1 DAGs
[2023-11-20T21:51:08.695+0000] {logging_mixin.py:154} INFO - [2023-11-20T21:51:08.694+0000] {dag.py:3722} INFO - Setting next_dagrun for example_sla_dag to 2023-11-20T21:48:00+00:00, run_after=2023-11-20T21:50:00+00:00
[2023-11-20T21:51:08.702+0000] {processor.py:179} INFO - Processing /home/airflow/.local/lib/python3.8/site-packages/airflow/example_dags/example_sla_dag.py took 0.065 seconds
[2023-11-20T21:51:38.790+0000] {processor.py:157} INFO - Started process (PID=358) to work on /home/airflow/.local/lib/python3.8/site-packages/airflow/example_dags/example_sla_dag.py
[2023-11-20T21:51:38.791+0000] {processor.py:829} INFO - Processing file /home/airflow/.local/lib/python3.8/site-packages/airflow/example_dags/example_sla_dag.py for tasks to queue
[2023-11-20T21:51:38.794+0000] {logging_mixin.py:154} INFO - [2023-11-20T21:51:38.793+0000] {dagbag.py:536} INFO - Filling up the DagBag from /home/airflow/.local/lib/python3.8/site-packages/airflow/example_dags/example_sla_dag.py
[2023-11-20T21:51:38.805+0000] {processor.py:839} INFO - DAG(s) dict_keys(['example_sla_dag']) retrieved from /home/airflow/.local/lib/python3.8/site-packages/airflow/example_dags/example_sla_dag.py
[2023-11-20T21:51:38.828+0000] {logging_mixin.py:154} INFO - [2023-11-20T21:51:38.828+0000] {dag.py:2941} INFO - Sync 1 DAGs
[2023-11-20T21:51:38.858+0000] {logging_mixin.py:154} INFO - [2023-11-20T21:51:38.858+0000] {dag.py:3722} INFO - Setting next_dagrun for example_sla_dag to 2023-11-20T21:48:00+00:00, run_after=2023-11-20T21:50:00+00:00
[2023-11-20T21:51:38.867+0000] {processor.py:179} INFO - Processing /home/airflow/.local/lib/python3.8/site-packages/airflow/example_dags/example_sla_dag.py took 0.082 seconds
[2023-11-20T21:52:09.281+0000] {processor.py:157} INFO - Started process (PID=412) to work on /home/airflow/.local/lib/python3.8/site-packages/airflow/example_dags/example_sla_dag.py
[2023-11-20T21:52:09.283+0000] {processor.py:829} INFO - Processing file /home/airflow/.local/lib/python3.8/site-packages/airflow/example_dags/example_sla_dag.py for tasks to queue
[2023-11-20T21:52:09.285+0000] {logging_mixin.py:154} INFO - [2023-11-20T21:52:09.285+0000] {dagbag.py:536} INFO - Filling up the DagBag from /home/airflow/.local/lib/python3.8/site-packages/airflow/example_dags/example_sla_dag.py
[2023-11-20T21:52:09.296+0000] {processor.py:839} INFO - DAG(s) dict_keys(['example_sla_dag']) retrieved from /home/airflow/.local/lib/python3.8/site-packages/airflow/example_dags/example_sla_dag.py
[2023-11-20T21:52:09.314+0000] {logging_mixin.py:154} INFO - [2023-11-20T21:52:09.314+0000] {dag.py:2941} INFO - Sync 1 DAGs
[2023-11-20T21:52:09.340+0000] {logging_mixin.py:154} INFO - [2023-11-20T21:52:09.340+0000] {dag.py:3722} INFO - Setting next_dagrun for example_sla_dag to 2023-11-20T21:50:00+00:00, run_after=2023-11-20T21:52:00+00:00
[2023-11-20T21:52:09.349+0000] {processor.py:179} INFO - Processing /home/airflow/.local/lib/python3.8/site-packages/airflow/example_dags/example_sla_dag.py took 0.071 seconds
[2023-11-20T21:52:39.556+0000] {processor.py:157} INFO - Started process (PID=466) to work on /home/airflow/.local/lib/python3.8/site-packages/airflow/example_dags/example_sla_dag.py
[2023-11-20T21:52:39.558+0000] {processor.py:829} INFO - Processing file /home/airflow/.local/lib/python3.8/site-packages/airflow/example_dags/example_sla_dag.py for tasks to queue
[2023-11-20T21:52:39.560+0000] {logging_mixin.py:154} INFO - [2023-11-20T21:52:39.560+0000] {dagbag.py:536} INFO - Filling up the DagBag from /home/airflow/.local/lib/python3.8/site-packages/airflow/example_dags/example_sla_dag.py
[2023-11-20T21:52:39.581+0000] {processor.py:839} INFO - DAG(s) dict_keys(['example_sla_dag']) retrieved from /home/airflow/.local/lib/python3.8/site-packages/airflow/example_dags/example_sla_dag.py
[2023-11-20T21:52:39.599+0000] {logging_mixin.py:154} INFO - [2023-11-20T21:52:39.599+0000] {dag.py:2941} INFO - Sync 1 DAGs
[2023-11-20T21:52:39.615+0000] {logging_mixin.py:154} INFO - [2023-11-20T21:52:39.615+0000] {dag.py:3722} INFO - Setting next_dagrun for example_sla_dag to 2023-11-20T21:50:00+00:00, run_after=2023-11-20T21:52:00+00:00
[2023-11-20T21:52:39.622+0000] {processor.py:179} INFO - Processing /home/airflow/.local/lib/python3.8/site-packages/airflow/example_dags/example_sla_dag.py took 0.070 seconds
[2023-11-20T21:53:09.821+0000] {processor.py:157} INFO - Started process (PID=520) to work on /home/airflow/.local/lib/python3.8/site-packages/airflow/example_dags/example_sla_dag.py
[2023-11-20T21:53:09.823+0000] {processor.py:829} INFO - Processing file /home/airflow/.local/lib/python3.8/site-packages/airflow/example_dags/example_sla_dag.py for tasks to queue
[2023-11-20T21:53:09.833+0000] {logging_mixin.py:154} INFO - [2023-11-20T21:53:09.832+0000] {dagbag.py:536} INFO - Filling up the DagBag from /home/airflow/.local/lib/python3.8/site-packages/airflow/example_dags/example_sla_dag.py
[2023-11-20T21:53:09.847+0000] {processor.py:839} INFO - DAG(s) dict_keys(['example_sla_dag']) retrieved from /home/airflow/.local/lib/python3.8/site-packages/airflow/example_dags/example_sla_dag.py
[2023-11-20T21:53:09.881+0000] {logging_mixin.py:154} INFO - [2023-11-20T21:53:09.881+0000] {dag.py:2941} INFO - Sync 1 DAGs
[2023-11-20T21:53:09.903+0000] {logging_mixin.py:154} INFO - [2023-11-20T21:53:09.903+0000] {dag.py:3722} INFO - Setting next_dagrun for example_sla_dag to 2023-11-20T21:50:00+00:00, run_after=2023-11-20T21:52:00+00:00
[2023-11-20T21:53:09.911+0000] {processor.py:179} INFO - Processing /home/airflow/.local/lib/python3.8/site-packages/airflow/example_dags/example_sla_dag.py took 0.105 seconds
[2023-11-20T21:53:40.051+0000] {processor.py:157} INFO - Started process (PID=574) to work on /home/airflow/.local/lib/python3.8/site-packages/airflow/example_dags/example_sla_dag.py
[2023-11-20T21:53:40.052+0000] {processor.py:829} INFO - Processing file /home/airflow/.local/lib/python3.8/site-packages/airflow/example_dags/example_sla_dag.py for tasks to queue
[2023-11-20T21:53:40.055+0000] {logging_mixin.py:154} INFO - [2023-11-20T21:53:40.055+0000] {dagbag.py:536} INFO - Filling up the DagBag from /home/airflow/.local/lib/python3.8/site-packages/airflow/example_dags/example_sla_dag.py
[2023-11-20T21:53:40.078+0000] {processor.py:839} INFO - DAG(s) dict_keys(['example_sla_dag']) retrieved from /home/airflow/.local/lib/python3.8/site-packages/airflow/example_dags/example_sla_dag.py
[2023-11-20T21:53:40.111+0000] {logging_mixin.py:154} INFO - [2023-11-20T21:53:40.110+0000] {dag.py:2941} INFO - Sync 1 DAGs
[2023-11-20T21:53:40.128+0000] {logging_mixin.py:154} INFO - [2023-11-20T21:53:40.128+0000] {dag.py:3722} INFO - Setting next_dagrun for example_sla_dag to 2023-11-20T21:50:00+00:00, run_after=2023-11-20T21:52:00+00:00
[2023-11-20T21:53:40.138+0000] {processor.py:179} INFO - Processing /home/airflow/.local/lib/python3.8/site-packages/airflow/example_dags/example_sla_dag.py took 0.090 seconds
[2023-11-20T21:54:10.406+0000] {processor.py:157} INFO - Started process (PID=628) to work on /home/airflow/.local/lib/python3.8/site-packages/airflow/example_dags/example_sla_dag.py
[2023-11-20T21:54:10.407+0000] {processor.py:829} INFO - Processing file /home/airflow/.local/lib/python3.8/site-packages/airflow/example_dags/example_sla_dag.py for tasks to queue
[2023-11-20T21:54:10.410+0000] {logging_mixin.py:154} INFO - [2023-11-20T21:54:10.409+0000] {dagbag.py:536} INFO - Filling up the DagBag from /home/airflow/.local/lib/python3.8/site-packages/airflow/example_dags/example_sla_dag.py
[2023-11-20T21:54:10.424+0000] {processor.py:839} INFO - DAG(s) dict_keys(['example_sla_dag']) retrieved from /home/airflow/.local/lib/python3.8/site-packages/airflow/example_dags/example_sla_dag.py
[2023-11-20T21:54:10.458+0000] {logging_mixin.py:154} INFO - [2023-11-20T21:54:10.458+0000] {dag.py:2941} INFO - Sync 1 DAGs
[2023-11-20T21:54:10.489+0000] {logging_mixin.py:154} INFO - [2023-11-20T21:54:10.489+0000] {dag.py:3722} INFO - Setting next_dagrun for example_sla_dag to 2023-11-20T21:52:00+00:00, run_after=2023-11-20T21:54:00+00:00
[2023-11-20T21:54:10.499+0000] {processor.py:179} INFO - Processing /home/airflow/.local/lib/python3.8/site-packages/airflow/example_dags/example_sla_dag.py took 0.097 seconds
[2023-11-20T21:54:40.849+0000] {processor.py:157} INFO - Started process (PID=682) to work on /home/airflow/.local/lib/python3.8/site-packages/airflow/example_dags/example_sla_dag.py
[2023-11-20T21:54:40.850+0000] {processor.py:829} INFO - Processing file /home/airflow/.local/lib/python3.8/site-packages/airflow/example_dags/example_sla_dag.py for tasks to queue
[2023-11-20T21:54:40.852+0000] {logging_mixin.py:154} INFO - [2023-11-20T21:54:40.852+0000] {dagbag.py:536} INFO - Filling up the DagBag from /home/airflow/.local/lib/python3.8/site-packages/airflow/example_dags/example_sla_dag.py
[2023-11-20T21:54:40.864+0000] {processor.py:839} INFO - DAG(s) dict_keys(['example_sla_dag']) retrieved from /home/airflow/.local/lib/python3.8/site-packages/airflow/example_dags/example_sla_dag.py
[2023-11-20T21:54:40.903+0000] {logging_mixin.py:154} INFO - [2023-11-20T21:54:40.903+0000] {dag.py:2941} INFO - Sync 1 DAGs
[2023-11-20T21:54:40.922+0000] {logging_mixin.py:154} INFO - [2023-11-20T21:54:40.922+0000] {dag.py:3722} INFO - Setting next_dagrun for example_sla_dag to 2023-11-20T21:52:00+00:00, run_after=2023-11-20T21:54:00+00:00
[2023-11-20T21:54:40.931+0000] {processor.py:179} INFO - Processing /home/airflow/.local/lib/python3.8/site-packages/airflow/example_dags/example_sla_dag.py took 0.088 seconds
[2023-11-20T21:55:11.135+0000] {processor.py:157} INFO - Started process (PID=736) to work on /home/airflow/.local/lib/python3.8/site-packages/airflow/example_dags/example_sla_dag.py
[2023-11-20T21:55:11.137+0000] {processor.py:829} INFO - Processing file /home/airflow/.local/lib/python3.8/site-packages/airflow/example_dags/example_sla_dag.py for tasks to queue
[2023-11-20T21:55:11.140+0000] {logging_mixin.py:154} INFO - [2023-11-20T21:55:11.139+0000] {dagbag.py:536} INFO - Filling up the DagBag from /home/airflow/.local/lib/python3.8/site-packages/airflow/example_dags/example_sla_dag.py
[2023-11-20T21:55:11.151+0000] {processor.py:839} INFO - DAG(s) dict_keys(['example_sla_dag']) retrieved from /home/airflow/.local/lib/python3.8/site-packages/airflow/example_dags/example_sla_dag.py
[2023-11-20T21:55:11.176+0000] {logging_mixin.py:154} INFO - [2023-11-20T21:55:11.176+0000] {dag.py:2941} INFO - Sync 1 DAGs
[2023-11-20T21:55:11.195+0000] {logging_mixin.py:154} INFO - [2023-11-20T21:55:11.195+0000] {dag.py:3722} INFO - Setting next_dagrun for example_sla_dag to 2023-11-20T21:52:00+00:00, run_after=2023-11-20T21:54:00+00:00
[2023-11-20T21:55:11.204+0000] {processor.py:179} INFO - Processing /home/airflow/.local/lib/python3.8/site-packages/airflow/example_dags/example_sla_dag.py took 0.073 seconds
[2023-11-20T21:55:41.669+0000] {processor.py:157} INFO - Started process (PID=790) to work on /home/airflow/.local/lib/python3.8/site-packages/airflow/example_dags/example_sla_dag.py
[2023-11-20T21:55:41.671+0000] {processor.py:829} INFO - Processing file /home/airflow/.local/lib/python3.8/site-packages/airflow/example_dags/example_sla_dag.py for tasks to queue
[2023-11-20T21:55:41.677+0000] {logging_mixin.py:154} INFO - [2023-11-20T21:55:41.675+0000] {dagbag.py:536} INFO - Filling up the DagBag from /home/airflow/.local/lib/python3.8/site-packages/airflow/example_dags/example_sla_dag.py
[2023-11-20T21:55:41.688+0000] {processor.py:839} INFO - DAG(s) dict_keys(['example_sla_dag']) retrieved from /home/airflow/.local/lib/python3.8/site-packages/airflow/example_dags/example_sla_dag.py
[2023-11-20T21:55:41.729+0000] {logging_mixin.py:154} INFO - [2023-11-20T21:55:41.729+0000] {dag.py:2941} INFO - Sync 1 DAGs
[2023-11-20T21:55:41.749+0000] {logging_mixin.py:154} INFO - [2023-11-20T21:55:41.749+0000] {dag.py:3722} INFO - Setting next_dagrun for example_sla_dag to 2023-11-20T21:52:00+00:00, run_after=2023-11-20T21:54:00+00:00
[2023-11-20T21:55:41.758+0000] {processor.py:179} INFO - Processing /home/airflow/.local/lib/python3.8/site-packages/airflow/example_dags/example_sla_dag.py took 0.106 seconds
[2023-11-20T21:56:12.212+0000] {processor.py:157} INFO - Started process (PID=844) to work on /home/airflow/.local/lib/python3.8/site-packages/airflow/example_dags/example_sla_dag.py
[2023-11-20T21:56:12.214+0000] {processor.py:829} INFO - Processing file /home/airflow/.local/lib/python3.8/site-packages/airflow/example_dags/example_sla_dag.py for tasks to queue
[2023-11-20T21:56:12.219+0000] {logging_mixin.py:154} INFO - [2023-11-20T21:56:12.218+0000] {dagbag.py:536} INFO - Filling up the DagBag from /home/airflow/.local/lib/python3.8/site-packages/airflow/example_dags/example_sla_dag.py
[2023-11-20T21:56:12.233+0000] {processor.py:839} INFO - DAG(s) dict_keys(['example_sla_dag']) retrieved from /home/airflow/.local/lib/python3.8/site-packages/airflow/example_dags/example_sla_dag.py
[2023-11-20T21:56:12.270+0000] {logging_mixin.py:154} INFO - [2023-11-20T21:56:12.269+0000] {dag.py:2941} INFO - Sync 1 DAGs
[2023-11-20T21:56:12.288+0000] {logging_mixin.py:154} INFO - [2023-11-20T21:56:12.288+0000] {dag.py:3722} INFO - Setting next_dagrun for example_sla_dag to 2023-11-20T21:54:00+00:00, run_after=2023-11-20T21:56:00+00:00
[2023-11-20T21:56:12.298+0000] {processor.py:179} INFO - Processing /home/airflow/.local/lib/python3.8/site-packages/airflow/example_dags/example_sla_dag.py took 0.092 seconds
[2023-11-20T21:56:42.681+0000] {processor.py:157} INFO - Started process (PID=898) to work on /home/airflow/.local/lib/python3.8/site-packages/airflow/example_dags/example_sla_dag.py
[2023-11-20T21:56:42.683+0000] {processor.py:829} INFO - Processing file /home/airflow/.local/lib/python3.8/site-packages/airflow/example_dags/example_sla_dag.py for tasks to queue
[2023-11-20T21:56:42.686+0000] {logging_mixin.py:154} INFO - [2023-11-20T21:56:42.686+0000] {dagbag.py:536} INFO - Filling up the DagBag from /home/airflow/.local/lib/python3.8/site-packages/airflow/example_dags/example_sla_dag.py
[2023-11-20T21:56:42.695+0000] {processor.py:839} INFO - DAG(s) dict_keys(['example_sla_dag']) retrieved from /home/airflow/.local/lib/python3.8/site-packages/airflow/example_dags/example_sla_dag.py
[2023-11-20T21:56:42.714+0000] {logging_mixin.py:154} INFO - [2023-11-20T21:56:42.714+0000] {dag.py:2941} INFO - Sync 1 DAGs
[2023-11-20T21:56:42.731+0000] {logging_mixin.py:154} INFO - [2023-11-20T21:56:42.731+0000] {dag.py:3722} INFO - Setting next_dagrun for example_sla_dag to 2023-11-20T21:54:00+00:00, run_after=2023-11-20T21:56:00+00:00
[2023-11-20T21:56:42.739+0000] {processor.py:179} INFO - Processing /home/airflow/.local/lib/python3.8/site-packages/airflow/example_dags/example_sla_dag.py took 0.064 seconds
[2023-11-20T21:57:13.109+0000] {processor.py:157} INFO - Started process (PID=952) to work on /home/airflow/.local/lib/python3.8/site-packages/airflow/example_dags/example_sla_dag.py
[2023-11-20T21:57:13.111+0000] {processor.py:829} INFO - Processing file /home/airflow/.local/lib/python3.8/site-packages/airflow/example_dags/example_sla_dag.py for tasks to queue
[2023-11-20T21:57:13.116+0000] {logging_mixin.py:154} INFO - [2023-11-20T21:57:13.115+0000] {dagbag.py:536} INFO - Filling up the DagBag from /home/airflow/.local/lib/python3.8/site-packages/airflow/example_dags/example_sla_dag.py
[2023-11-20T21:57:13.145+0000] {processor.py:839} INFO - DAG(s) dict_keys(['example_sla_dag']) retrieved from /home/airflow/.local/lib/python3.8/site-packages/airflow/example_dags/example_sla_dag.py
[2023-11-20T21:57:13.168+0000] {logging_mixin.py:154} INFO - [2023-11-20T21:57:13.168+0000] {dag.py:2941} INFO - Sync 1 DAGs
[2023-11-20T21:57:13.186+0000] {logging_mixin.py:154} INFO - [2023-11-20T21:57:13.186+0000] {dag.py:3722} INFO - Setting next_dagrun for example_sla_dag to 2023-11-20T21:54:00+00:00, run_after=2023-11-20T21:56:00+00:00
[2023-11-20T21:57:13.397+0000] {processor.py:179} INFO - Processing /home/airflow/.local/lib/python3.8/site-packages/airflow/example_dags/example_sla_dag.py took 0.294 seconds
[2023-11-20T21:57:43.834+0000] {processor.py:157} INFO - Started process (PID=1006) to work on /home/airflow/.local/lib/python3.8/site-packages/airflow/example_dags/example_sla_dag.py
[2023-11-20T21:57:43.836+0000] {processor.py:829} INFO - Processing file /home/airflow/.local/lib/python3.8/site-packages/airflow/example_dags/example_sla_dag.py for tasks to queue
[2023-11-20T21:57:43.839+0000] {logging_mixin.py:154} INFO - [2023-11-20T21:57:43.838+0000] {dagbag.py:536} INFO - Filling up the DagBag from /home/airflow/.local/lib/python3.8/site-packages/airflow/example_dags/example_sla_dag.py
[2023-11-20T21:57:43.874+0000] {processor.py:839} INFO - DAG(s) dict_keys(['example_sla_dag']) retrieved from /home/airflow/.local/lib/python3.8/site-packages/airflow/example_dags/example_sla_dag.py
[2023-11-20T21:57:43.894+0000] {logging_mixin.py:154} INFO - [2023-11-20T21:57:43.894+0000] {dag.py:2941} INFO - Sync 1 DAGs
[2023-11-20T21:57:43.912+0000] {logging_mixin.py:154} INFO - [2023-11-20T21:57:43.912+0000] {dag.py:3722} INFO - Setting next_dagrun for example_sla_dag to 2023-11-20T21:54:00+00:00, run_after=2023-11-20T21:56:00+00:00
[2023-11-20T21:57:43.921+0000] {processor.py:179} INFO - Processing /home/airflow/.local/lib/python3.8/site-packages/airflow/example_dags/example_sla_dag.py took 0.093 seconds
[2023-11-20T21:58:14.444+0000] {processor.py:157} INFO - Started process (PID=1060) to work on /home/airflow/.local/lib/python3.8/site-packages/airflow/example_dags/example_sla_dag.py
[2023-11-20T21:58:14.446+0000] {processor.py:829} INFO - Processing file /home/airflow/.local/lib/python3.8/site-packages/airflow/example_dags/example_sla_dag.py for tasks to queue
[2023-11-20T21:58:14.449+0000] {logging_mixin.py:154} INFO - [2023-11-20T21:58:14.448+0000] {dagbag.py:536} INFO - Filling up the DagBag from /home/airflow/.local/lib/python3.8/site-packages/airflow/example_dags/example_sla_dag.py
[2023-11-20T21:58:14.464+0000] {processor.py:839} INFO - DAG(s) dict_keys(['example_sla_dag']) retrieved from /home/airflow/.local/lib/python3.8/site-packages/airflow/example_dags/example_sla_dag.py
[2023-11-20T21:58:14.497+0000] {logging_mixin.py:154} INFO - [2023-11-20T21:58:14.497+0000] {dag.py:2941} INFO - Sync 1 DAGs
[2023-11-20T21:58:14.515+0000] {logging_mixin.py:154} INFO - [2023-11-20T21:58:14.515+0000] {dag.py:3722} INFO - Setting next_dagrun for example_sla_dag to 2023-11-20T21:56:00+00:00, run_after=2023-11-20T21:58:00+00:00
[2023-11-20T21:58:14.525+0000] {processor.py:179} INFO - Processing /home/airflow/.local/lib/python3.8/site-packages/airflow/example_dags/example_sla_dag.py took 0.086 seconds
