[2023-11-20T21:48:38.118+0000] {processor.py:157} INFO - Started process (PID=48) to work on /home/airflow/.local/lib/python3.8/site-packages/airflow/example_dags/example_complex.py
[2023-11-20T21:48:38.143+0000] {processor.py:829} INFO - Processing file /home/airflow/.local/lib/python3.8/site-packages/airflow/example_dags/example_complex.py for tasks to queue
[2023-11-20T21:48:38.164+0000] {logging_mixin.py:154} INFO - [2023-11-20T21:48:38.163+0000] {dagbag.py:536} INFO - Filling up the DagBag from /home/airflow/.local/lib/python3.8/site-packages/airflow/example_dags/example_complex.py
[2023-11-20T21:48:38.198+0000] {processor.py:839} INFO - DAG(s) dict_keys(['example_complex']) retrieved from /home/airflow/.local/lib/python3.8/site-packages/airflow/example_dags/example_complex.py
[2023-11-20T21:48:38.267+0000] {logging_mixin.py:154} INFO - [2023-11-20T21:48:38.267+0000] {dag.py:2941} INFO - Sync 1 DAGs
[2023-11-20T21:48:38.296+0000] {logging_mixin.py:154} INFO - [2023-11-20T21:48:38.295+0000] {dag.py:3722} INFO - Setting next_dagrun for example_complex to None, run_after=None
[2023-11-20T21:48:38.320+0000] {processor.py:179} INFO - Processing /home/airflow/.local/lib/python3.8/site-packages/airflow/example_dags/example_complex.py took 0.274 seconds
[2023-11-20T21:49:08.376+0000] {processor.py:157} INFO - Started process (PID=102) to work on /home/airflow/.local/lib/python3.8/site-packages/airflow/example_dags/example_complex.py
[2023-11-20T21:49:08.395+0000] {processor.py:829} INFO - Processing file /home/airflow/.local/lib/python3.8/site-packages/airflow/example_dags/example_complex.py for tasks to queue
[2023-11-20T21:49:08.397+0000] {logging_mixin.py:154} INFO - [2023-11-20T21:49:08.397+0000] {dagbag.py:536} INFO - Filling up the DagBag from /home/airflow/.local/lib/python3.8/site-packages/airflow/example_dags/example_complex.py
[2023-11-20T21:49:08.403+0000] {processor.py:839} INFO - DAG(s) dict_keys(['example_complex']) retrieved from /home/airflow/.local/lib/python3.8/site-packages/airflow/example_dags/example_complex.py
[2023-11-20T21:49:08.421+0000] {logging_mixin.py:154} INFO - [2023-11-20T21:49:08.421+0000] {dag.py:2941} INFO - Sync 1 DAGs
[2023-11-20T21:49:08.427+0000] {logging_mixin.py:154} INFO - [2023-11-20T21:49:08.426+0000] {dag.py:3722} INFO - Setting next_dagrun for example_complex to None, run_after=None
[2023-11-20T21:49:08.435+0000] {processor.py:179} INFO - Processing /home/airflow/.local/lib/python3.8/site-packages/airflow/example_dags/example_complex.py took 0.062 seconds
[2023-11-20T21:49:39.350+0000] {processor.py:157} INFO - Started process (PID=156) to work on /home/airflow/.local/lib/python3.8/site-packages/airflow/example_dags/example_complex.py
[2023-11-20T21:49:39.351+0000] {processor.py:829} INFO - Processing file /home/airflow/.local/lib/python3.8/site-packages/airflow/example_dags/example_complex.py for tasks to queue
[2023-11-20T21:49:39.352+0000] {logging_mixin.py:154} INFO - [2023-11-20T21:49:39.352+0000] {dagbag.py:536} INFO - Filling up the DagBag from /home/airflow/.local/lib/python3.8/site-packages/airflow/example_dags/example_complex.py
[2023-11-20T21:49:39.359+0000] {processor.py:839} INFO - DAG(s) dict_keys(['example_complex']) retrieved from /home/airflow/.local/lib/python3.8/site-packages/airflow/example_dags/example_complex.py
[2023-11-20T21:49:39.380+0000] {logging_mixin.py:154} INFO - [2023-11-20T21:49:39.380+0000] {dag.py:2941} INFO - Sync 1 DAGs
[2023-11-20T21:49:39.390+0000] {logging_mixin.py:154} INFO - [2023-11-20T21:49:39.389+0000] {dag.py:3722} INFO - Setting next_dagrun for example_complex to None, run_after=None
[2023-11-20T21:49:39.402+0000] {processor.py:179} INFO - Processing /home/airflow/.local/lib/python3.8/site-packages/airflow/example_dags/example_complex.py took 0.055 seconds
[2023-11-20T21:50:09.538+0000] {processor.py:157} INFO - Started process (PID=209) to work on /home/airflow/.local/lib/python3.8/site-packages/airflow/example_dags/example_complex.py
[2023-11-20T21:50:09.539+0000] {processor.py:829} INFO - Processing file /home/airflow/.local/lib/python3.8/site-packages/airflow/example_dags/example_complex.py for tasks to queue
[2023-11-20T21:50:09.540+0000] {logging_mixin.py:154} INFO - [2023-11-20T21:50:09.540+0000] {dagbag.py:536} INFO - Filling up the DagBag from /home/airflow/.local/lib/python3.8/site-packages/airflow/example_dags/example_complex.py
[2023-11-20T21:50:09.545+0000] {processor.py:839} INFO - DAG(s) dict_keys(['example_complex']) retrieved from /home/airflow/.local/lib/python3.8/site-packages/airflow/example_dags/example_complex.py
[2023-11-20T21:50:09.562+0000] {logging_mixin.py:154} INFO - [2023-11-20T21:50:09.562+0000] {dag.py:2941} INFO - Sync 1 DAGs
[2023-11-20T21:50:09.569+0000] {logging_mixin.py:154} INFO - [2023-11-20T21:50:09.569+0000] {dag.py:3722} INFO - Setting next_dagrun for example_complex to None, run_after=None
[2023-11-20T21:50:09.577+0000] {processor.py:179} INFO - Processing /home/airflow/.local/lib/python3.8/site-packages/airflow/example_dags/example_complex.py took 0.041 seconds
[2023-11-20T21:50:39.913+0000] {processor.py:157} INFO - Started process (PID=263) to work on /home/airflow/.local/lib/python3.8/site-packages/airflow/example_dags/example_complex.py
[2023-11-20T21:50:39.914+0000] {processor.py:829} INFO - Processing file /home/airflow/.local/lib/python3.8/site-packages/airflow/example_dags/example_complex.py for tasks to queue
[2023-11-20T21:50:39.916+0000] {logging_mixin.py:154} INFO - [2023-11-20T21:50:39.915+0000] {dagbag.py:536} INFO - Filling up the DagBag from /home/airflow/.local/lib/python3.8/site-packages/airflow/example_dags/example_complex.py
[2023-11-20T21:50:39.922+0000] {processor.py:839} INFO - DAG(s) dict_keys(['example_complex']) retrieved from /home/airflow/.local/lib/python3.8/site-packages/airflow/example_dags/example_complex.py
[2023-11-20T21:50:39.939+0000] {logging_mixin.py:154} INFO - [2023-11-20T21:50:39.939+0000] {dag.py:2941} INFO - Sync 1 DAGs
[2023-11-20T21:50:39.945+0000] {logging_mixin.py:154} INFO - [2023-11-20T21:50:39.945+0000] {dag.py:3722} INFO - Setting next_dagrun for example_complex to None, run_after=None
[2023-11-20T21:50:39.955+0000] {processor.py:179} INFO - Processing /home/airflow/.local/lib/python3.8/site-packages/airflow/example_dags/example_complex.py took 0.045 seconds
[2023-11-20T21:51:10.186+0000] {processor.py:157} INFO - Started process (PID=317) to work on /home/airflow/.local/lib/python3.8/site-packages/airflow/example_dags/example_complex.py
[2023-11-20T21:51:10.187+0000] {processor.py:829} INFO - Processing file /home/airflow/.local/lib/python3.8/site-packages/airflow/example_dags/example_complex.py for tasks to queue
[2023-11-20T21:51:10.188+0000] {logging_mixin.py:154} INFO - [2023-11-20T21:51:10.188+0000] {dagbag.py:536} INFO - Filling up the DagBag from /home/airflow/.local/lib/python3.8/site-packages/airflow/example_dags/example_complex.py
[2023-11-20T21:51:10.194+0000] {processor.py:839} INFO - DAG(s) dict_keys(['example_complex']) retrieved from /home/airflow/.local/lib/python3.8/site-packages/airflow/example_dags/example_complex.py
[2023-11-20T21:51:10.213+0000] {logging_mixin.py:154} INFO - [2023-11-20T21:51:10.212+0000] {dag.py:2941} INFO - Sync 1 DAGs
[2023-11-20T21:51:10.219+0000] {logging_mixin.py:154} INFO - [2023-11-20T21:51:10.219+0000] {dag.py:3722} INFO - Setting next_dagrun for example_complex to None, run_after=None
[2023-11-20T21:51:10.228+0000] {processor.py:179} INFO - Processing /home/airflow/.local/lib/python3.8/site-packages/airflow/example_dags/example_complex.py took 0.044 seconds
[2023-11-20T21:51:40.297+0000] {processor.py:157} INFO - Started process (PID=371) to work on /home/airflow/.local/lib/python3.8/site-packages/airflow/example_dags/example_complex.py
[2023-11-20T21:51:40.302+0000] {processor.py:829} INFO - Processing file /home/airflow/.local/lib/python3.8/site-packages/airflow/example_dags/example_complex.py for tasks to queue
[2023-11-20T21:51:40.303+0000] {logging_mixin.py:154} INFO - [2023-11-20T21:51:40.303+0000] {dagbag.py:536} INFO - Filling up the DagBag from /home/airflow/.local/lib/python3.8/site-packages/airflow/example_dags/example_complex.py
[2023-11-20T21:51:40.309+0000] {processor.py:839} INFO - DAG(s) dict_keys(['example_complex']) retrieved from /home/airflow/.local/lib/python3.8/site-packages/airflow/example_dags/example_complex.py
[2023-11-20T21:51:40.328+0000] {logging_mixin.py:154} INFO - [2023-11-20T21:51:40.328+0000] {dag.py:2941} INFO - Sync 1 DAGs
[2023-11-20T21:51:40.335+0000] {logging_mixin.py:154} INFO - [2023-11-20T21:51:40.335+0000] {dag.py:3722} INFO - Setting next_dagrun for example_complex to None, run_after=None
[2023-11-20T21:51:40.345+0000] {processor.py:179} INFO - Processing /home/airflow/.local/lib/python3.8/site-packages/airflow/example_dags/example_complex.py took 0.050 seconds
[2023-11-20T21:52:10.817+0000] {processor.py:157} INFO - Started process (PID=425) to work on /home/airflow/.local/lib/python3.8/site-packages/airflow/example_dags/example_complex.py
[2023-11-20T21:52:10.818+0000] {processor.py:829} INFO - Processing file /home/airflow/.local/lib/python3.8/site-packages/airflow/example_dags/example_complex.py for tasks to queue
[2023-11-20T21:52:10.819+0000] {logging_mixin.py:154} INFO - [2023-11-20T21:52:10.819+0000] {dagbag.py:536} INFO - Filling up the DagBag from /home/airflow/.local/lib/python3.8/site-packages/airflow/example_dags/example_complex.py
[2023-11-20T21:52:10.825+0000] {processor.py:839} INFO - DAG(s) dict_keys(['example_complex']) retrieved from /home/airflow/.local/lib/python3.8/site-packages/airflow/example_dags/example_complex.py
[2023-11-20T21:52:10.840+0000] {logging_mixin.py:154} INFO - [2023-11-20T21:52:10.840+0000] {dag.py:2941} INFO - Sync 1 DAGs
[2023-11-20T21:52:10.846+0000] {logging_mixin.py:154} INFO - [2023-11-20T21:52:10.846+0000] {dag.py:3722} INFO - Setting next_dagrun for example_complex to None, run_after=None
[2023-11-20T21:52:10.854+0000] {processor.py:179} INFO - Processing /home/airflow/.local/lib/python3.8/site-packages/airflow/example_dags/example_complex.py took 0.038 seconds
[2023-11-20T21:52:41.026+0000] {processor.py:157} INFO - Started process (PID=479) to work on /home/airflow/.local/lib/python3.8/site-packages/airflow/example_dags/example_complex.py
[2023-11-20T21:52:41.026+0000] {processor.py:829} INFO - Processing file /home/airflow/.local/lib/python3.8/site-packages/airflow/example_dags/example_complex.py for tasks to queue
[2023-11-20T21:52:41.027+0000] {logging_mixin.py:154} INFO - [2023-11-20T21:52:41.027+0000] {dagbag.py:536} INFO - Filling up the DagBag from /home/airflow/.local/lib/python3.8/site-packages/airflow/example_dags/example_complex.py
[2023-11-20T21:52:41.033+0000] {processor.py:839} INFO - DAG(s) dict_keys(['example_complex']) retrieved from /home/airflow/.local/lib/python3.8/site-packages/airflow/example_dags/example_complex.py
[2023-11-20T21:52:41.049+0000] {logging_mixin.py:154} INFO - [2023-11-20T21:52:41.049+0000] {dag.py:2941} INFO - Sync 1 DAGs
[2023-11-20T21:52:41.054+0000] {logging_mixin.py:154} INFO - [2023-11-20T21:52:41.054+0000] {dag.py:3722} INFO - Setting next_dagrun for example_complex to None, run_after=None
[2023-11-20T21:52:41.063+0000] {processor.py:179} INFO - Processing /home/airflow/.local/lib/python3.8/site-packages/airflow/example_dags/example_complex.py took 0.039 seconds
[2023-11-20T21:53:11.380+0000] {processor.py:157} INFO - Started process (PID=533) to work on /home/airflow/.local/lib/python3.8/site-packages/airflow/example_dags/example_complex.py
[2023-11-20T21:53:11.381+0000] {processor.py:829} INFO - Processing file /home/airflow/.local/lib/python3.8/site-packages/airflow/example_dags/example_complex.py for tasks to queue
[2023-11-20T21:53:11.382+0000] {logging_mixin.py:154} INFO - [2023-11-20T21:53:11.382+0000] {dagbag.py:536} INFO - Filling up the DagBag from /home/airflow/.local/lib/python3.8/site-packages/airflow/example_dags/example_complex.py
[2023-11-20T21:53:11.389+0000] {processor.py:839} INFO - DAG(s) dict_keys(['example_complex']) retrieved from /home/airflow/.local/lib/python3.8/site-packages/airflow/example_dags/example_complex.py
[2023-11-20T21:53:11.409+0000] {logging_mixin.py:154} INFO - [2023-11-20T21:53:11.409+0000] {dag.py:2941} INFO - Sync 1 DAGs
[2023-11-20T21:53:11.416+0000] {logging_mixin.py:154} INFO - [2023-11-20T21:53:11.416+0000] {dag.py:3722} INFO - Setting next_dagrun for example_complex to None, run_after=None
[2023-11-20T21:53:11.431+0000] {processor.py:179} INFO - Processing /home/airflow/.local/lib/python3.8/site-packages/airflow/example_dags/example_complex.py took 0.054 seconds
[2023-11-20T21:53:41.532+0000] {processor.py:157} INFO - Started process (PID=587) to work on /home/airflow/.local/lib/python3.8/site-packages/airflow/example_dags/example_complex.py
[2023-11-20T21:53:41.535+0000] {processor.py:829} INFO - Processing file /home/airflow/.local/lib/python3.8/site-packages/airflow/example_dags/example_complex.py for tasks to queue
[2023-11-20T21:53:41.536+0000] {logging_mixin.py:154} INFO - [2023-11-20T21:53:41.536+0000] {dagbag.py:536} INFO - Filling up the DagBag from /home/airflow/.local/lib/python3.8/site-packages/airflow/example_dags/example_complex.py
[2023-11-20T21:53:41.543+0000] {processor.py:839} INFO - DAG(s) dict_keys(['example_complex']) retrieved from /home/airflow/.local/lib/python3.8/site-packages/airflow/example_dags/example_complex.py
[2023-11-20T21:53:41.568+0000] {logging_mixin.py:154} INFO - [2023-11-20T21:53:41.568+0000] {dag.py:2941} INFO - Sync 1 DAGs
[2023-11-20T21:53:41.576+0000] {logging_mixin.py:154} INFO - [2023-11-20T21:53:41.576+0000] {dag.py:3722} INFO - Setting next_dagrun for example_complex to None, run_after=None
[2023-11-20T21:53:41.586+0000] {processor.py:179} INFO - Processing /home/airflow/.local/lib/python3.8/site-packages/airflow/example_dags/example_complex.py took 0.057 seconds
[2023-11-20T21:54:11.951+0000] {processor.py:157} INFO - Started process (PID=641) to work on /home/airflow/.local/lib/python3.8/site-packages/airflow/example_dags/example_complex.py
[2023-11-20T21:54:11.952+0000] {processor.py:829} INFO - Processing file /home/airflow/.local/lib/python3.8/site-packages/airflow/example_dags/example_complex.py for tasks to queue
[2023-11-20T21:54:11.954+0000] {logging_mixin.py:154} INFO - [2023-11-20T21:54:11.954+0000] {dagbag.py:536} INFO - Filling up the DagBag from /home/airflow/.local/lib/python3.8/site-packages/airflow/example_dags/example_complex.py
[2023-11-20T21:54:11.961+0000] {processor.py:839} INFO - DAG(s) dict_keys(['example_complex']) retrieved from /home/airflow/.local/lib/python3.8/site-packages/airflow/example_dags/example_complex.py
[2023-11-20T21:54:11.980+0000] {logging_mixin.py:154} INFO - [2023-11-20T21:54:11.979+0000] {dag.py:2941} INFO - Sync 1 DAGs
[2023-11-20T21:54:11.987+0000] {logging_mixin.py:154} INFO - [2023-11-20T21:54:11.987+0000] {dag.py:3722} INFO - Setting next_dagrun for example_complex to None, run_after=None
[2023-11-20T21:54:11.997+0000] {processor.py:179} INFO - Processing /home/airflow/.local/lib/python3.8/site-packages/airflow/example_dags/example_complex.py took 0.049 seconds
[2023-11-20T21:54:42.416+0000] {processor.py:157} INFO - Started process (PID=695) to work on /home/airflow/.local/lib/python3.8/site-packages/airflow/example_dags/example_complex.py
[2023-11-20T21:54:42.416+0000] {processor.py:829} INFO - Processing file /home/airflow/.local/lib/python3.8/site-packages/airflow/example_dags/example_complex.py for tasks to queue
[2023-11-20T21:54:42.418+0000] {logging_mixin.py:154} INFO - [2023-11-20T21:54:42.418+0000] {dagbag.py:536} INFO - Filling up the DagBag from /home/airflow/.local/lib/python3.8/site-packages/airflow/example_dags/example_complex.py
[2023-11-20T21:54:42.424+0000] {processor.py:839} INFO - DAG(s) dict_keys(['example_complex']) retrieved from /home/airflow/.local/lib/python3.8/site-packages/airflow/example_dags/example_complex.py
[2023-11-20T21:54:42.441+0000] {logging_mixin.py:154} INFO - [2023-11-20T21:54:42.441+0000] {dag.py:2941} INFO - Sync 1 DAGs
[2023-11-20T21:54:42.448+0000] {logging_mixin.py:154} INFO - [2023-11-20T21:54:42.447+0000] {dag.py:3722} INFO - Setting next_dagrun for example_complex to None, run_after=None
[2023-11-20T21:54:42.458+0000] {processor.py:179} INFO - Processing /home/airflow/.local/lib/python3.8/site-packages/airflow/example_dags/example_complex.py took 0.045 seconds
[2023-11-20T21:55:12.678+0000] {processor.py:157} INFO - Started process (PID=749) to work on /home/airflow/.local/lib/python3.8/site-packages/airflow/example_dags/example_complex.py
[2023-11-20T21:55:12.678+0000] {processor.py:829} INFO - Processing file /home/airflow/.local/lib/python3.8/site-packages/airflow/example_dags/example_complex.py for tasks to queue
[2023-11-20T21:55:12.680+0000] {logging_mixin.py:154} INFO - [2023-11-20T21:55:12.680+0000] {dagbag.py:536} INFO - Filling up the DagBag from /home/airflow/.local/lib/python3.8/site-packages/airflow/example_dags/example_complex.py
[2023-11-20T21:55:12.686+0000] {processor.py:839} INFO - DAG(s) dict_keys(['example_complex']) retrieved from /home/airflow/.local/lib/python3.8/site-packages/airflow/example_dags/example_complex.py
[2023-11-20T21:55:12.705+0000] {logging_mixin.py:154} INFO - [2023-11-20T21:55:12.705+0000] {dag.py:2941} INFO - Sync 1 DAGs
[2023-11-20T21:55:12.712+0000] {logging_mixin.py:154} INFO - [2023-11-20T21:55:12.712+0000] {dag.py:3722} INFO - Setting next_dagrun for example_complex to None, run_after=None
[2023-11-20T21:55:12.722+0000] {processor.py:179} INFO - Processing /home/airflow/.local/lib/python3.8/site-packages/airflow/example_dags/example_complex.py took 0.047 seconds
[2023-11-20T21:55:43.208+0000] {processor.py:157} INFO - Started process (PID=803) to work on /home/airflow/.local/lib/python3.8/site-packages/airflow/example_dags/example_complex.py
[2023-11-20T21:55:43.209+0000] {processor.py:829} INFO - Processing file /home/airflow/.local/lib/python3.8/site-packages/airflow/example_dags/example_complex.py for tasks to queue
[2023-11-20T21:55:43.210+0000] {logging_mixin.py:154} INFO - [2023-11-20T21:55:43.210+0000] {dagbag.py:536} INFO - Filling up the DagBag from /home/airflow/.local/lib/python3.8/site-packages/airflow/example_dags/example_complex.py
[2023-11-20T21:55:43.216+0000] {processor.py:839} INFO - DAG(s) dict_keys(['example_complex']) retrieved from /home/airflow/.local/lib/python3.8/site-packages/airflow/example_dags/example_complex.py
[2023-11-20T21:55:43.235+0000] {logging_mixin.py:154} INFO - [2023-11-20T21:55:43.235+0000] {dag.py:2941} INFO - Sync 1 DAGs
[2023-11-20T21:55:43.241+0000] {logging_mixin.py:154} INFO - [2023-11-20T21:55:43.241+0000] {dag.py:3722} INFO - Setting next_dagrun for example_complex to None, run_after=None
[2023-11-20T21:55:43.251+0000] {processor.py:179} INFO - Processing /home/airflow/.local/lib/python3.8/site-packages/airflow/example_dags/example_complex.py took 0.045 seconds
[2023-11-20T21:56:13.744+0000] {processor.py:157} INFO - Started process (PID=857) to work on /home/airflow/.local/lib/python3.8/site-packages/airflow/example_dags/example_complex.py
[2023-11-20T21:56:13.745+0000] {processor.py:829} INFO - Processing file /home/airflow/.local/lib/python3.8/site-packages/airflow/example_dags/example_complex.py for tasks to queue
[2023-11-20T21:56:13.747+0000] {logging_mixin.py:154} INFO - [2023-11-20T21:56:13.746+0000] {dagbag.py:536} INFO - Filling up the DagBag from /home/airflow/.local/lib/python3.8/site-packages/airflow/example_dags/example_complex.py
[2023-11-20T21:56:13.753+0000] {processor.py:839} INFO - DAG(s) dict_keys(['example_complex']) retrieved from /home/airflow/.local/lib/python3.8/site-packages/airflow/example_dags/example_complex.py
[2023-11-20T21:56:13.770+0000] {logging_mixin.py:154} INFO - [2023-11-20T21:56:13.770+0000] {dag.py:2941} INFO - Sync 1 DAGs
[2023-11-20T21:56:13.776+0000] {logging_mixin.py:154} INFO - [2023-11-20T21:56:13.776+0000] {dag.py:3722} INFO - Setting next_dagrun for example_complex to None, run_after=None
[2023-11-20T21:56:13.785+0000] {processor.py:179} INFO - Processing /home/airflow/.local/lib/python3.8/site-packages/airflow/example_dags/example_complex.py took 0.045 seconds
[2023-11-20T21:56:44.167+0000] {processor.py:157} INFO - Started process (PID=911) to work on /home/airflow/.local/lib/python3.8/site-packages/airflow/example_dags/example_complex.py
[2023-11-20T21:56:44.167+0000] {processor.py:829} INFO - Processing file /home/airflow/.local/lib/python3.8/site-packages/airflow/example_dags/example_complex.py for tasks to queue
[2023-11-20T21:56:44.169+0000] {logging_mixin.py:154} INFO - [2023-11-20T21:56:44.169+0000] {dagbag.py:536} INFO - Filling up the DagBag from /home/airflow/.local/lib/python3.8/site-packages/airflow/example_dags/example_complex.py
[2023-11-20T21:56:44.174+0000] {processor.py:839} INFO - DAG(s) dict_keys(['example_complex']) retrieved from /home/airflow/.local/lib/python3.8/site-packages/airflow/example_dags/example_complex.py
[2023-11-20T21:56:44.191+0000] {logging_mixin.py:154} INFO - [2023-11-20T21:56:44.190+0000] {dag.py:2941} INFO - Sync 1 DAGs
[2023-11-20T21:56:44.197+0000] {logging_mixin.py:154} INFO - [2023-11-20T21:56:44.197+0000] {dag.py:3722} INFO - Setting next_dagrun for example_complex to None, run_after=None
[2023-11-20T21:56:44.206+0000] {processor.py:179} INFO - Processing /home/airflow/.local/lib/python3.8/site-packages/airflow/example_dags/example_complex.py took 0.041 seconds
[2023-11-20T21:57:14.971+0000] {processor.py:157} INFO - Started process (PID=965) to work on /home/airflow/.local/lib/python3.8/site-packages/airflow/example_dags/example_complex.py
[2023-11-20T21:57:14.971+0000] {processor.py:829} INFO - Processing file /home/airflow/.local/lib/python3.8/site-packages/airflow/example_dags/example_complex.py for tasks to queue
[2023-11-20T21:57:14.973+0000] {logging_mixin.py:154} INFO - [2023-11-20T21:57:14.973+0000] {dagbag.py:536} INFO - Filling up the DagBag from /home/airflow/.local/lib/python3.8/site-packages/airflow/example_dags/example_complex.py
[2023-11-20T21:57:14.978+0000] {processor.py:839} INFO - DAG(s) dict_keys(['example_complex']) retrieved from /home/airflow/.local/lib/python3.8/site-packages/airflow/example_dags/example_complex.py
[2023-11-20T21:57:14.996+0000] {logging_mixin.py:154} INFO - [2023-11-20T21:57:14.996+0000] {dag.py:2941} INFO - Sync 1 DAGs
[2023-11-20T21:57:15.002+0000] {logging_mixin.py:154} INFO - [2023-11-20T21:57:15.002+0000] {dag.py:3722} INFO - Setting next_dagrun for example_complex to None, run_after=None
[2023-11-20T21:57:15.011+0000] {processor.py:179} INFO - Processing /home/airflow/.local/lib/python3.8/site-packages/airflow/example_dags/example_complex.py took 0.043 seconds
[2023-11-20T21:57:45.377+0000] {processor.py:157} INFO - Started process (PID=1019) to work on /home/airflow/.local/lib/python3.8/site-packages/airflow/example_dags/example_complex.py
[2023-11-20T21:57:45.378+0000] {processor.py:829} INFO - Processing file /home/airflow/.local/lib/python3.8/site-packages/airflow/example_dags/example_complex.py for tasks to queue
[2023-11-20T21:57:45.379+0000] {logging_mixin.py:154} INFO - [2023-11-20T21:57:45.379+0000] {dagbag.py:536} INFO - Filling up the DagBag from /home/airflow/.local/lib/python3.8/site-packages/airflow/example_dags/example_complex.py
[2023-11-20T21:57:45.386+0000] {processor.py:839} INFO - DAG(s) dict_keys(['example_complex']) retrieved from /home/airflow/.local/lib/python3.8/site-packages/airflow/example_dags/example_complex.py
[2023-11-20T21:57:45.406+0000] {logging_mixin.py:154} INFO - [2023-11-20T21:57:45.406+0000] {dag.py:2941} INFO - Sync 1 DAGs
[2023-11-20T21:57:45.414+0000] {logging_mixin.py:154} INFO - [2023-11-20T21:57:45.414+0000] {dag.py:3722} INFO - Setting next_dagrun for example_complex to None, run_after=None
[2023-11-20T21:57:45.424+0000] {processor.py:179} INFO - Processing /home/airflow/.local/lib/python3.8/site-packages/airflow/example_dags/example_complex.py took 0.050 seconds
[2023-11-20T21:58:15.950+0000] {processor.py:157} INFO - Started process (PID=1073) to work on /home/airflow/.local/lib/python3.8/site-packages/airflow/example_dags/example_complex.py
[2023-11-20T21:58:15.951+0000] {processor.py:829} INFO - Processing file /home/airflow/.local/lib/python3.8/site-packages/airflow/example_dags/example_complex.py for tasks to queue
[2023-11-20T21:58:15.952+0000] {logging_mixin.py:154} INFO - [2023-11-20T21:58:15.952+0000] {dagbag.py:536} INFO - Filling up the DagBag from /home/airflow/.local/lib/python3.8/site-packages/airflow/example_dags/example_complex.py
[2023-11-20T21:58:15.958+0000] {processor.py:839} INFO - DAG(s) dict_keys(['example_complex']) retrieved from /home/airflow/.local/lib/python3.8/site-packages/airflow/example_dags/example_complex.py
[2023-11-20T21:58:15.976+0000] {logging_mixin.py:154} INFO - [2023-11-20T21:58:15.976+0000] {dag.py:2941} INFO - Sync 1 DAGs
[2023-11-20T21:58:15.982+0000] {logging_mixin.py:154} INFO - [2023-11-20T21:58:15.982+0000] {dag.py:3722} INFO - Setting next_dagrun for example_complex to None, run_after=None
[2023-11-20T21:58:15.991+0000] {processor.py:179} INFO - Processing /home/airflow/.local/lib/python3.8/site-packages/airflow/example_dags/example_complex.py took 0.043 seconds
