[2023-11-20T21:48:38.472+0000] {processor.py:157} INFO - Started process (PID=52) to work on /home/airflow/.local/lib/python3.8/site-packages/airflow/example_dags/tutorial_dag.py
[2023-11-20T21:48:38.501+0000] {processor.py:829} INFO - Processing file /home/airflow/.local/lib/python3.8/site-packages/airflow/example_dags/tutorial_dag.py for tasks to queue
[2023-11-20T21:48:38.525+0000] {logging_mixin.py:154} INFO - [2023-11-20T21:48:38.524+0000] {dagbag.py:536} INFO - Filling up the DagBag from /home/airflow/.local/lib/python3.8/site-packages/airflow/example_dags/tutorial_dag.py
[2023-11-20T21:48:38.571+0000] {processor.py:839} INFO - DAG(s) dict_keys(['tutorial_dag']) retrieved from /home/airflow/.local/lib/python3.8/site-packages/airflow/example_dags/tutorial_dag.py
[2023-11-20T21:48:38.636+0000] {logging_mixin.py:154} INFO - [2023-11-20T21:48:38.636+0000] {dag.py:2941} INFO - Sync 1 DAGs
[2023-11-20T21:48:38.664+0000] {logging_mixin.py:154} INFO - [2023-11-20T21:48:38.664+0000] {dag.py:3722} INFO - Setting next_dagrun for tutorial_dag to None, run_after=None
[2023-11-20T21:48:38.677+0000] {processor.py:179} INFO - Processing /home/airflow/.local/lib/python3.8/site-packages/airflow/example_dags/tutorial_dag.py took 0.231 seconds
[2023-11-20T21:49:09.499+0000] {processor.py:157} INFO - Started process (PID=106) to work on /home/airflow/.local/lib/python3.8/site-packages/airflow/example_dags/tutorial_dag.py
[2023-11-20T21:49:09.500+0000] {processor.py:829} INFO - Processing file /home/airflow/.local/lib/python3.8/site-packages/airflow/example_dags/tutorial_dag.py for tasks to queue
[2023-11-20T21:49:09.502+0000] {logging_mixin.py:154} INFO - [2023-11-20T21:49:09.502+0000] {dagbag.py:536} INFO - Filling up the DagBag from /home/airflow/.local/lib/python3.8/site-packages/airflow/example_dags/tutorial_dag.py
[2023-11-20T21:49:09.508+0000] {processor.py:839} INFO - DAG(s) dict_keys(['tutorial_dag']) retrieved from /home/airflow/.local/lib/python3.8/site-packages/airflow/example_dags/tutorial_dag.py
[2023-11-20T21:49:09.530+0000] {logging_mixin.py:154} INFO - [2023-11-20T21:49:09.530+0000] {dag.py:2941} INFO - Sync 1 DAGs
[2023-11-20T21:49:09.539+0000] {logging_mixin.py:154} INFO - [2023-11-20T21:49:09.539+0000] {dag.py:3722} INFO - Setting next_dagrun for tutorial_dag to None, run_after=None
[2023-11-20T21:49:09.551+0000] {processor.py:179} INFO - Processing /home/airflow/.local/lib/python3.8/site-packages/airflow/example_dags/tutorial_dag.py took 0.056 seconds
[2023-11-20T21:49:40.527+0000] {processor.py:157} INFO - Started process (PID=160) to work on /home/airflow/.local/lib/python3.8/site-packages/airflow/example_dags/tutorial_dag.py
[2023-11-20T21:49:40.528+0000] {processor.py:829} INFO - Processing file /home/airflow/.local/lib/python3.8/site-packages/airflow/example_dags/tutorial_dag.py for tasks to queue
[2023-11-20T21:49:40.530+0000] {logging_mixin.py:154} INFO - [2023-11-20T21:49:40.530+0000] {dagbag.py:536} INFO - Filling up the DagBag from /home/airflow/.local/lib/python3.8/site-packages/airflow/example_dags/tutorial_dag.py
[2023-11-20T21:49:40.535+0000] {processor.py:839} INFO - DAG(s) dict_keys(['tutorial_dag']) retrieved from /home/airflow/.local/lib/python3.8/site-packages/airflow/example_dags/tutorial_dag.py
[2023-11-20T21:49:40.553+0000] {logging_mixin.py:154} INFO - [2023-11-20T21:49:40.553+0000] {dag.py:2941} INFO - Sync 1 DAGs
[2023-11-20T21:49:40.560+0000] {logging_mixin.py:154} INFO - [2023-11-20T21:49:40.560+0000] {dag.py:3722} INFO - Setting next_dagrun for tutorial_dag to None, run_after=None
[2023-11-20T21:49:40.568+0000] {processor.py:179} INFO - Processing /home/airflow/.local/lib/python3.8/site-packages/airflow/example_dags/tutorial_dag.py took 0.046 seconds
[2023-11-20T21:50:10.948+0000] {processor.py:157} INFO - Started process (PID=214) to work on /home/airflow/.local/lib/python3.8/site-packages/airflow/example_dags/tutorial_dag.py
[2023-11-20T21:50:10.949+0000] {processor.py:829} INFO - Processing file /home/airflow/.local/lib/python3.8/site-packages/airflow/example_dags/tutorial_dag.py for tasks to queue
[2023-11-20T21:50:10.950+0000] {logging_mixin.py:154} INFO - [2023-11-20T21:50:10.950+0000] {dagbag.py:536} INFO - Filling up the DagBag from /home/airflow/.local/lib/python3.8/site-packages/airflow/example_dags/tutorial_dag.py
[2023-11-20T21:50:10.954+0000] {processor.py:839} INFO - DAG(s) dict_keys(['tutorial_dag']) retrieved from /home/airflow/.local/lib/python3.8/site-packages/airflow/example_dags/tutorial_dag.py
[2023-11-20T21:50:10.973+0000] {logging_mixin.py:154} INFO - [2023-11-20T21:50:10.973+0000] {dag.py:2941} INFO - Sync 1 DAGs
[2023-11-20T21:50:10.981+0000] {logging_mixin.py:154} INFO - [2023-11-20T21:50:10.981+0000] {dag.py:3722} INFO - Setting next_dagrun for tutorial_dag to None, run_after=None
[2023-11-20T21:50:10.991+0000] {processor.py:179} INFO - Processing /home/airflow/.local/lib/python3.8/site-packages/airflow/example_dags/tutorial_dag.py took 0.046 seconds
[2023-11-20T21:50:41.199+0000] {processor.py:157} INFO - Started process (PID=268) to work on /home/airflow/.local/lib/python3.8/site-packages/airflow/example_dags/tutorial_dag.py
[2023-11-20T21:50:41.200+0000] {processor.py:829} INFO - Processing file /home/airflow/.local/lib/python3.8/site-packages/airflow/example_dags/tutorial_dag.py for tasks to queue
[2023-11-20T21:50:41.201+0000] {logging_mixin.py:154} INFO - [2023-11-20T21:50:41.201+0000] {dagbag.py:536} INFO - Filling up the DagBag from /home/airflow/.local/lib/python3.8/site-packages/airflow/example_dags/tutorial_dag.py
[2023-11-20T21:50:41.206+0000] {processor.py:839} INFO - DAG(s) dict_keys(['tutorial_dag']) retrieved from /home/airflow/.local/lib/python3.8/site-packages/airflow/example_dags/tutorial_dag.py
[2023-11-20T21:50:41.224+0000] {logging_mixin.py:154} INFO - [2023-11-20T21:50:41.224+0000] {dag.py:2941} INFO - Sync 1 DAGs
[2023-11-20T21:50:41.233+0000] {logging_mixin.py:154} INFO - [2023-11-20T21:50:41.233+0000] {dag.py:3722} INFO - Setting next_dagrun for tutorial_dag to None, run_after=None
[2023-11-20T21:50:41.244+0000] {processor.py:179} INFO - Processing /home/airflow/.local/lib/python3.8/site-packages/airflow/example_dags/tutorial_dag.py took 0.048 seconds
[2023-11-20T21:51:11.353+0000] {processor.py:157} INFO - Started process (PID=322) to work on /home/airflow/.local/lib/python3.8/site-packages/airflow/example_dags/tutorial_dag.py
[2023-11-20T21:51:11.354+0000] {processor.py:829} INFO - Processing file /home/airflow/.local/lib/python3.8/site-packages/airflow/example_dags/tutorial_dag.py for tasks to queue
[2023-11-20T21:51:11.356+0000] {logging_mixin.py:154} INFO - [2023-11-20T21:51:11.356+0000] {dagbag.py:536} INFO - Filling up the DagBag from /home/airflow/.local/lib/python3.8/site-packages/airflow/example_dags/tutorial_dag.py
[2023-11-20T21:51:11.361+0000] {processor.py:839} INFO - DAG(s) dict_keys(['tutorial_dag']) retrieved from /home/airflow/.local/lib/python3.8/site-packages/airflow/example_dags/tutorial_dag.py
[2023-11-20T21:51:11.381+0000] {logging_mixin.py:154} INFO - [2023-11-20T21:51:11.381+0000] {dag.py:2941} INFO - Sync 1 DAGs
[2023-11-20T21:51:11.389+0000] {logging_mixin.py:154} INFO - [2023-11-20T21:51:11.389+0000] {dag.py:3722} INFO - Setting next_dagrun for tutorial_dag to None, run_after=None
[2023-11-20T21:51:11.399+0000] {processor.py:179} INFO - Processing /home/airflow/.local/lib/python3.8/site-packages/airflow/example_dags/tutorial_dag.py took 0.050 seconds
[2023-11-20T21:51:41.708+0000] {processor.py:157} INFO - Started process (PID=376) to work on /home/airflow/.local/lib/python3.8/site-packages/airflow/example_dags/tutorial_dag.py
[2023-11-20T21:51:41.709+0000] {processor.py:829} INFO - Processing file /home/airflow/.local/lib/python3.8/site-packages/airflow/example_dags/tutorial_dag.py for tasks to queue
[2023-11-20T21:51:41.711+0000] {logging_mixin.py:154} INFO - [2023-11-20T21:51:41.711+0000] {dagbag.py:536} INFO - Filling up the DagBag from /home/airflow/.local/lib/python3.8/site-packages/airflow/example_dags/tutorial_dag.py
[2023-11-20T21:51:41.716+0000] {processor.py:839} INFO - DAG(s) dict_keys(['tutorial_dag']) retrieved from /home/airflow/.local/lib/python3.8/site-packages/airflow/example_dags/tutorial_dag.py
[2023-11-20T21:51:41.737+0000] {logging_mixin.py:154} INFO - [2023-11-20T21:51:41.737+0000] {dag.py:2941} INFO - Sync 1 DAGs
[2023-11-20T21:51:41.745+0000] {logging_mixin.py:154} INFO - [2023-11-20T21:51:41.745+0000] {dag.py:3722} INFO - Setting next_dagrun for tutorial_dag to None, run_after=None
[2023-11-20T21:51:41.757+0000] {processor.py:179} INFO - Processing /home/airflow/.local/lib/python3.8/site-packages/airflow/example_dags/tutorial_dag.py took 0.051 seconds
[2023-11-20T21:52:12.016+0000] {processor.py:157} INFO - Started process (PID=430) to work on /home/airflow/.local/lib/python3.8/site-packages/airflow/example_dags/tutorial_dag.py
[2023-11-20T21:52:12.018+0000] {processor.py:829} INFO - Processing file /home/airflow/.local/lib/python3.8/site-packages/airflow/example_dags/tutorial_dag.py for tasks to queue
[2023-11-20T21:52:12.020+0000] {logging_mixin.py:154} INFO - [2023-11-20T21:52:12.019+0000] {dagbag.py:536} INFO - Filling up the DagBag from /home/airflow/.local/lib/python3.8/site-packages/airflow/example_dags/tutorial_dag.py
[2023-11-20T21:52:12.025+0000] {processor.py:839} INFO - DAG(s) dict_keys(['tutorial_dag']) retrieved from /home/airflow/.local/lib/python3.8/site-packages/airflow/example_dags/tutorial_dag.py
[2023-11-20T21:52:12.046+0000] {logging_mixin.py:154} INFO - [2023-11-20T21:52:12.046+0000] {dag.py:2941} INFO - Sync 1 DAGs
[2023-11-20T21:52:12.056+0000] {logging_mixin.py:154} INFO - [2023-11-20T21:52:12.055+0000] {dag.py:3722} INFO - Setting next_dagrun for tutorial_dag to None, run_after=None
[2023-11-20T21:52:12.067+0000] {processor.py:179} INFO - Processing /home/airflow/.local/lib/python3.8/site-packages/airflow/example_dags/tutorial_dag.py took 0.054 seconds
[2023-11-20T21:52:42.119+0000] {processor.py:157} INFO - Started process (PID=483) to work on /home/airflow/.local/lib/python3.8/site-packages/airflow/example_dags/tutorial_dag.py
[2023-11-20T21:52:42.121+0000] {processor.py:829} INFO - Processing file /home/airflow/.local/lib/python3.8/site-packages/airflow/example_dags/tutorial_dag.py for tasks to queue
[2023-11-20T21:52:42.123+0000] {logging_mixin.py:154} INFO - [2023-11-20T21:52:42.122+0000] {dagbag.py:536} INFO - Filling up the DagBag from /home/airflow/.local/lib/python3.8/site-packages/airflow/example_dags/tutorial_dag.py
[2023-11-20T21:52:42.127+0000] {processor.py:839} INFO - DAG(s) dict_keys(['tutorial_dag']) retrieved from /home/airflow/.local/lib/python3.8/site-packages/airflow/example_dags/tutorial_dag.py
[2023-11-20T21:52:42.144+0000] {logging_mixin.py:154} INFO - [2023-11-20T21:52:42.144+0000] {dag.py:2941} INFO - Sync 1 DAGs
[2023-11-20T21:52:42.151+0000] {logging_mixin.py:154} INFO - [2023-11-20T21:52:42.151+0000] {dag.py:3722} INFO - Setting next_dagrun for tutorial_dag to None, run_after=None
[2023-11-20T21:52:42.160+0000] {processor.py:179} INFO - Processing /home/airflow/.local/lib/python3.8/site-packages/airflow/example_dags/tutorial_dag.py took 0.045 seconds
[2023-11-20T21:53:12.633+0000] {processor.py:157} INFO - Started process (PID=538) to work on /home/airflow/.local/lib/python3.8/site-packages/airflow/example_dags/tutorial_dag.py
[2023-11-20T21:53:12.634+0000] {processor.py:829} INFO - Processing file /home/airflow/.local/lib/python3.8/site-packages/airflow/example_dags/tutorial_dag.py for tasks to queue
[2023-11-20T21:53:12.636+0000] {logging_mixin.py:154} INFO - [2023-11-20T21:53:12.636+0000] {dagbag.py:536} INFO - Filling up the DagBag from /home/airflow/.local/lib/python3.8/site-packages/airflow/example_dags/tutorial_dag.py
[2023-11-20T21:53:12.640+0000] {processor.py:839} INFO - DAG(s) dict_keys(['tutorial_dag']) retrieved from /home/airflow/.local/lib/python3.8/site-packages/airflow/example_dags/tutorial_dag.py
[2023-11-20T21:53:12.655+0000] {logging_mixin.py:154} INFO - [2023-11-20T21:53:12.655+0000] {dag.py:2941} INFO - Sync 1 DAGs
[2023-11-20T21:53:12.662+0000] {logging_mixin.py:154} INFO - [2023-11-20T21:53:12.662+0000] {dag.py:3722} INFO - Setting next_dagrun for tutorial_dag to None, run_after=None
[2023-11-20T21:53:12.673+0000] {processor.py:179} INFO - Processing /home/airflow/.local/lib/python3.8/site-packages/airflow/example_dags/tutorial_dag.py took 0.043 seconds
[2023-11-20T21:53:42.740+0000] {processor.py:157} INFO - Started process (PID=591) to work on /home/airflow/.local/lib/python3.8/site-packages/airflow/example_dags/tutorial_dag.py
[2023-11-20T21:53:42.742+0000] {processor.py:829} INFO - Processing file /home/airflow/.local/lib/python3.8/site-packages/airflow/example_dags/tutorial_dag.py for tasks to queue
[2023-11-20T21:53:42.744+0000] {logging_mixin.py:154} INFO - [2023-11-20T21:53:42.744+0000] {dagbag.py:536} INFO - Filling up the DagBag from /home/airflow/.local/lib/python3.8/site-packages/airflow/example_dags/tutorial_dag.py
[2023-11-20T21:53:42.748+0000] {processor.py:839} INFO - DAG(s) dict_keys(['tutorial_dag']) retrieved from /home/airflow/.local/lib/python3.8/site-packages/airflow/example_dags/tutorial_dag.py
[2023-11-20T21:53:42.763+0000] {logging_mixin.py:154} INFO - [2023-11-20T21:53:42.763+0000] {dag.py:2941} INFO - Sync 1 DAGs
[2023-11-20T21:53:42.771+0000] {logging_mixin.py:154} INFO - [2023-11-20T21:53:42.771+0000] {dag.py:3722} INFO - Setting next_dagrun for tutorial_dag to None, run_after=None
[2023-11-20T21:53:42.785+0000] {processor.py:179} INFO - Processing /home/airflow/.local/lib/python3.8/site-packages/airflow/example_dags/tutorial_dag.py took 0.049 seconds
[2023-11-20T21:54:13.080+0000] {processor.py:157} INFO - Started process (PID=645) to work on /home/airflow/.local/lib/python3.8/site-packages/airflow/example_dags/tutorial_dag.py
[2023-11-20T21:54:13.082+0000] {processor.py:829} INFO - Processing file /home/airflow/.local/lib/python3.8/site-packages/airflow/example_dags/tutorial_dag.py for tasks to queue
[2023-11-20T21:54:13.084+0000] {logging_mixin.py:154} INFO - [2023-11-20T21:54:13.083+0000] {dagbag.py:536} INFO - Filling up the DagBag from /home/airflow/.local/lib/python3.8/site-packages/airflow/example_dags/tutorial_dag.py
[2023-11-20T21:54:13.087+0000] {processor.py:839} INFO - DAG(s) dict_keys(['tutorial_dag']) retrieved from /home/airflow/.local/lib/python3.8/site-packages/airflow/example_dags/tutorial_dag.py
[2023-11-20T21:54:13.104+0000] {logging_mixin.py:154} INFO - [2023-11-20T21:54:13.104+0000] {dag.py:2941} INFO - Sync 1 DAGs
[2023-11-20T21:54:13.111+0000] {logging_mixin.py:154} INFO - [2023-11-20T21:54:13.110+0000] {dag.py:3722} INFO - Setting next_dagrun for tutorial_dag to None, run_after=None
[2023-11-20T21:54:13.119+0000] {processor.py:179} INFO - Processing /home/airflow/.local/lib/python3.8/site-packages/airflow/example_dags/tutorial_dag.py took 0.041 seconds
[2023-11-20T21:54:43.557+0000] {processor.py:157} INFO - Started process (PID=699) to work on /home/airflow/.local/lib/python3.8/site-packages/airflow/example_dags/tutorial_dag.py
[2023-11-20T21:54:43.562+0000] {processor.py:829} INFO - Processing file /home/airflow/.local/lib/python3.8/site-packages/airflow/example_dags/tutorial_dag.py for tasks to queue
[2023-11-20T21:54:43.577+0000] {logging_mixin.py:154} INFO - [2023-11-20T21:54:43.576+0000] {dagbag.py:536} INFO - Filling up the DagBag from /home/airflow/.local/lib/python3.8/site-packages/airflow/example_dags/tutorial_dag.py
[2023-11-20T21:54:43.609+0000] {processor.py:839} INFO - DAG(s) dict_keys(['tutorial_dag']) retrieved from /home/airflow/.local/lib/python3.8/site-packages/airflow/example_dags/tutorial_dag.py
[2023-11-20T21:54:43.654+0000] {logging_mixin.py:154} INFO - [2023-11-20T21:54:43.654+0000] {dag.py:2941} INFO - Sync 1 DAGs
[2023-11-20T21:54:43.679+0000] {logging_mixin.py:154} INFO - [2023-11-20T21:54:43.679+0000] {dag.py:3722} INFO - Setting next_dagrun for tutorial_dag to None, run_after=None
[2023-11-20T21:54:43.699+0000] {processor.py:179} INFO - Processing /home/airflow/.local/lib/python3.8/site-packages/airflow/example_dags/tutorial_dag.py took 0.145 seconds
[2023-11-20T21:55:13.799+0000] {processor.py:157} INFO - Started process (PID=753) to work on /home/airflow/.local/lib/python3.8/site-packages/airflow/example_dags/tutorial_dag.py
[2023-11-20T21:55:13.801+0000] {processor.py:829} INFO - Processing file /home/airflow/.local/lib/python3.8/site-packages/airflow/example_dags/tutorial_dag.py for tasks to queue
[2023-11-20T21:55:13.802+0000] {logging_mixin.py:154} INFO - [2023-11-20T21:55:13.802+0000] {dagbag.py:536} INFO - Filling up the DagBag from /home/airflow/.local/lib/python3.8/site-packages/airflow/example_dags/tutorial_dag.py
[2023-11-20T21:55:13.806+0000] {processor.py:839} INFO - DAG(s) dict_keys(['tutorial_dag']) retrieved from /home/airflow/.local/lib/python3.8/site-packages/airflow/example_dags/tutorial_dag.py
[2023-11-20T21:55:13.820+0000] {logging_mixin.py:154} INFO - [2023-11-20T21:55:13.820+0000] {dag.py:2941} INFO - Sync 1 DAGs
[2023-11-20T21:55:13.826+0000] {logging_mixin.py:154} INFO - [2023-11-20T21:55:13.826+0000] {dag.py:3722} INFO - Setting next_dagrun for tutorial_dag to None, run_after=None
[2023-11-20T21:55:13.835+0000] {processor.py:179} INFO - Processing /home/airflow/.local/lib/python3.8/site-packages/airflow/example_dags/tutorial_dag.py took 0.038 seconds
[2023-11-20T21:55:44.399+0000] {processor.py:157} INFO - Started process (PID=807) to work on /home/airflow/.local/lib/python3.8/site-packages/airflow/example_dags/tutorial_dag.py
[2023-11-20T21:55:44.403+0000] {processor.py:829} INFO - Processing file /home/airflow/.local/lib/python3.8/site-packages/airflow/example_dags/tutorial_dag.py for tasks to queue
[2023-11-20T21:55:44.411+0000] {logging_mixin.py:154} INFO - [2023-11-20T21:55:44.410+0000] {dagbag.py:536} INFO - Filling up the DagBag from /home/airflow/.local/lib/python3.8/site-packages/airflow/example_dags/tutorial_dag.py
[2023-11-20T21:55:44.427+0000] {processor.py:839} INFO - DAG(s) dict_keys(['tutorial_dag']) retrieved from /home/airflow/.local/lib/python3.8/site-packages/airflow/example_dags/tutorial_dag.py
[2023-11-20T21:55:44.454+0000] {logging_mixin.py:154} INFO - [2023-11-20T21:55:44.454+0000] {dag.py:2941} INFO - Sync 1 DAGs
[2023-11-20T21:55:44.464+0000] {logging_mixin.py:154} INFO - [2023-11-20T21:55:44.464+0000] {dag.py:3722} INFO - Setting next_dagrun for tutorial_dag to None, run_after=None
[2023-11-20T21:55:44.477+0000] {processor.py:179} INFO - Processing /home/airflow/.local/lib/python3.8/site-packages/airflow/example_dags/tutorial_dag.py took 0.084 seconds
[2023-11-20T21:56:14.887+0000] {processor.py:157} INFO - Started process (PID=861) to work on /home/airflow/.local/lib/python3.8/site-packages/airflow/example_dags/tutorial_dag.py
[2023-11-20T21:56:14.888+0000] {processor.py:829} INFO - Processing file /home/airflow/.local/lib/python3.8/site-packages/airflow/example_dags/tutorial_dag.py for tasks to queue
[2023-11-20T21:56:14.890+0000] {logging_mixin.py:154} INFO - [2023-11-20T21:56:14.890+0000] {dagbag.py:536} INFO - Filling up the DagBag from /home/airflow/.local/lib/python3.8/site-packages/airflow/example_dags/tutorial_dag.py
[2023-11-20T21:56:14.895+0000] {processor.py:839} INFO - DAG(s) dict_keys(['tutorial_dag']) retrieved from /home/airflow/.local/lib/python3.8/site-packages/airflow/example_dags/tutorial_dag.py
[2023-11-20T21:56:14.916+0000] {logging_mixin.py:154} INFO - [2023-11-20T21:56:14.916+0000] {dag.py:2941} INFO - Sync 1 DAGs
[2023-11-20T21:56:14.924+0000] {logging_mixin.py:154} INFO - [2023-11-20T21:56:14.924+0000] {dag.py:3722} INFO - Setting next_dagrun for tutorial_dag to None, run_after=None
[2023-11-20T21:56:14.935+0000] {processor.py:179} INFO - Processing /home/airflow/.local/lib/python3.8/site-packages/airflow/example_dags/tutorial_dag.py took 0.051 seconds
[2023-11-20T21:56:45.266+0000] {processor.py:157} INFO - Started process (PID=915) to work on /home/airflow/.local/lib/python3.8/site-packages/airflow/example_dags/tutorial_dag.py
[2023-11-20T21:56:45.268+0000] {processor.py:829} INFO - Processing file /home/airflow/.local/lib/python3.8/site-packages/airflow/example_dags/tutorial_dag.py for tasks to queue
[2023-11-20T21:56:45.271+0000] {logging_mixin.py:154} INFO - [2023-11-20T21:56:45.270+0000] {dagbag.py:536} INFO - Filling up the DagBag from /home/airflow/.local/lib/python3.8/site-packages/airflow/example_dags/tutorial_dag.py
[2023-11-20T21:56:45.276+0000] {processor.py:839} INFO - DAG(s) dict_keys(['tutorial_dag']) retrieved from /home/airflow/.local/lib/python3.8/site-packages/airflow/example_dags/tutorial_dag.py
[2023-11-20T21:56:45.293+0000] {logging_mixin.py:154} INFO - [2023-11-20T21:56:45.293+0000] {dag.py:2941} INFO - Sync 1 DAGs
[2023-11-20T21:56:45.300+0000] {logging_mixin.py:154} INFO - [2023-11-20T21:56:45.300+0000] {dag.py:3722} INFO - Setting next_dagrun for tutorial_dag to None, run_after=None
[2023-11-20T21:56:45.308+0000] {processor.py:179} INFO - Processing /home/airflow/.local/lib/python3.8/site-packages/airflow/example_dags/tutorial_dag.py took 0.046 seconds
[2023-11-20T21:57:16.116+0000] {processor.py:157} INFO - Started process (PID=969) to work on /home/airflow/.local/lib/python3.8/site-packages/airflow/example_dags/tutorial_dag.py
[2023-11-20T21:57:16.117+0000] {processor.py:829} INFO - Processing file /home/airflow/.local/lib/python3.8/site-packages/airflow/example_dags/tutorial_dag.py for tasks to queue
[2023-11-20T21:57:16.120+0000] {logging_mixin.py:154} INFO - [2023-11-20T21:57:16.119+0000] {dagbag.py:536} INFO - Filling up the DagBag from /home/airflow/.local/lib/python3.8/site-packages/airflow/example_dags/tutorial_dag.py
[2023-11-20T21:57:16.124+0000] {processor.py:839} INFO - DAG(s) dict_keys(['tutorial_dag']) retrieved from /home/airflow/.local/lib/python3.8/site-packages/airflow/example_dags/tutorial_dag.py
[2023-11-20T21:57:16.143+0000] {logging_mixin.py:154} INFO - [2023-11-20T21:57:16.143+0000] {dag.py:2941} INFO - Sync 1 DAGs
[2023-11-20T21:57:16.152+0000] {logging_mixin.py:154} INFO - [2023-11-20T21:57:16.152+0000] {dag.py:3722} INFO - Setting next_dagrun for tutorial_dag to None, run_after=None
[2023-11-20T21:57:16.166+0000] {processor.py:179} INFO - Processing /home/airflow/.local/lib/python3.8/site-packages/airflow/example_dags/tutorial_dag.py took 0.053 seconds
[2023-11-20T21:57:46.465+0000] {processor.py:157} INFO - Started process (PID=1023) to work on /home/airflow/.local/lib/python3.8/site-packages/airflow/example_dags/tutorial_dag.py
[2023-11-20T21:57:46.466+0000] {processor.py:829} INFO - Processing file /home/airflow/.local/lib/python3.8/site-packages/airflow/example_dags/tutorial_dag.py for tasks to queue
[2023-11-20T21:57:46.468+0000] {logging_mixin.py:154} INFO - [2023-11-20T21:57:46.467+0000] {dagbag.py:536} INFO - Filling up the DagBag from /home/airflow/.local/lib/python3.8/site-packages/airflow/example_dags/tutorial_dag.py
[2023-11-20T21:57:46.472+0000] {processor.py:839} INFO - DAG(s) dict_keys(['tutorial_dag']) retrieved from /home/airflow/.local/lib/python3.8/site-packages/airflow/example_dags/tutorial_dag.py
[2023-11-20T21:57:46.489+0000] {logging_mixin.py:154} INFO - [2023-11-20T21:57:46.489+0000] {dag.py:2941} INFO - Sync 1 DAGs
[2023-11-20T21:57:46.497+0000] {logging_mixin.py:154} INFO - [2023-11-20T21:57:46.497+0000] {dag.py:3722} INFO - Setting next_dagrun for tutorial_dag to None, run_after=None
[2023-11-20T21:57:46.507+0000] {processor.py:179} INFO - Processing /home/airflow/.local/lib/python3.8/site-packages/airflow/example_dags/tutorial_dag.py took 0.045 seconds
[2023-11-20T21:58:17.095+0000] {processor.py:157} INFO - Started process (PID=1077) to work on /home/airflow/.local/lib/python3.8/site-packages/airflow/example_dags/tutorial_dag.py
[2023-11-20T21:58:17.096+0000] {processor.py:829} INFO - Processing file /home/airflow/.local/lib/python3.8/site-packages/airflow/example_dags/tutorial_dag.py for tasks to queue
[2023-11-20T21:58:17.098+0000] {logging_mixin.py:154} INFO - [2023-11-20T21:58:17.098+0000] {dagbag.py:536} INFO - Filling up the DagBag from /home/airflow/.local/lib/python3.8/site-packages/airflow/example_dags/tutorial_dag.py
[2023-11-20T21:58:17.103+0000] {processor.py:839} INFO - DAG(s) dict_keys(['tutorial_dag']) retrieved from /home/airflow/.local/lib/python3.8/site-packages/airflow/example_dags/tutorial_dag.py
[2023-11-20T21:58:17.123+0000] {logging_mixin.py:154} INFO - [2023-11-20T21:58:17.122+0000] {dag.py:2941} INFO - Sync 1 DAGs
[2023-11-20T21:58:17.132+0000] {logging_mixin.py:154} INFO - [2023-11-20T21:58:17.132+0000] {dag.py:3722} INFO - Setting next_dagrun for tutorial_dag to None, run_after=None
[2023-11-20T21:58:17.143+0000] {processor.py:179} INFO - Processing /home/airflow/.local/lib/python3.8/site-packages/airflow/example_dags/tutorial_dag.py took 0.052 seconds
