[2023-11-20T21:48:38.939+0000] {processor.py:157} INFO - Started process (PID=56) to work on /home/airflow/.local/lib/python3.8/site-packages/airflow/example_dags/tutorial.py
[2023-11-20T21:48:38.942+0000] {processor.py:829} INFO - Processing file /home/airflow/.local/lib/python3.8/site-packages/airflow/example_dags/tutorial.py for tasks to queue
[2023-11-20T21:48:38.950+0000] {logging_mixin.py:154} INFO - [2023-11-20T21:48:38.949+0000] {dagbag.py:536} INFO - Filling up the DagBag from /home/airflow/.local/lib/python3.8/site-packages/airflow/example_dags/tutorial.py
[2023-11-20T21:48:38.993+0000] {processor.py:839} INFO - DAG(s) dict_keys(['tutorial']) retrieved from /home/airflow/.local/lib/python3.8/site-packages/airflow/example_dags/tutorial.py
[2023-11-20T21:48:39.007+0000] {logging_mixin.py:154} INFO - [2023-11-20T21:48:39.007+0000] {dag.py:2941} INFO - Sync 1 DAGs
[2023-11-20T21:48:39.139+0000] {logging_mixin.py:154} INFO - [2023-11-20T21:48:39.139+0000] {dag.py:3722} INFO - Setting next_dagrun for tutorial to 2023-11-19T21:48:39.133622+00:00, run_after=2023-11-20T21:48:39.133622+00:00
[2023-11-20T21:48:39.199+0000] {processor.py:179} INFO - Processing /home/airflow/.local/lib/python3.8/site-packages/airflow/example_dags/tutorial.py took 0.313 seconds
[2023-11-20T21:49:09.673+0000] {processor.py:157} INFO - Started process (PID=110) to work on /home/airflow/.local/lib/python3.8/site-packages/airflow/example_dags/tutorial.py
[2023-11-20T21:49:09.674+0000] {processor.py:829} INFO - Processing file /home/airflow/.local/lib/python3.8/site-packages/airflow/example_dags/tutorial.py for tasks to queue
[2023-11-20T21:49:09.676+0000] {logging_mixin.py:154} INFO - [2023-11-20T21:49:09.675+0000] {dagbag.py:536} INFO - Filling up the DagBag from /home/airflow/.local/lib/python3.8/site-packages/airflow/example_dags/tutorial.py
[2023-11-20T21:49:09.680+0000] {processor.py:839} INFO - DAG(s) dict_keys(['tutorial']) retrieved from /home/airflow/.local/lib/python3.8/site-packages/airflow/example_dags/tutorial.py
[2023-11-20T21:49:09.694+0000] {logging_mixin.py:154} INFO - [2023-11-20T21:49:09.694+0000] {dag.py:2941} INFO - Sync 1 DAGs
[2023-11-20T21:49:09.707+0000] {logging_mixin.py:154} INFO - [2023-11-20T21:49:09.707+0000] {dag.py:3722} INFO - Setting next_dagrun for tutorial to 2023-11-19T21:49:09.707492+00:00, run_after=2023-11-20T21:49:09.707492+00:00
[2023-11-20T21:49:09.716+0000] {processor.py:179} INFO - Processing /home/airflow/.local/lib/python3.8/site-packages/airflow/example_dags/tutorial.py took 0.046 seconds
[2023-11-20T21:49:40.651+0000] {processor.py:157} INFO - Started process (PID=164) to work on /home/airflow/.local/lib/python3.8/site-packages/airflow/example_dags/tutorial.py
[2023-11-20T21:49:40.652+0000] {processor.py:829} INFO - Processing file /home/airflow/.local/lib/python3.8/site-packages/airflow/example_dags/tutorial.py for tasks to queue
[2023-11-20T21:49:40.653+0000] {logging_mixin.py:154} INFO - [2023-11-20T21:49:40.653+0000] {dagbag.py:536} INFO - Filling up the DagBag from /home/airflow/.local/lib/python3.8/site-packages/airflow/example_dags/tutorial.py
[2023-11-20T21:49:40.656+0000] {processor.py:839} INFO - DAG(s) dict_keys(['tutorial']) retrieved from /home/airflow/.local/lib/python3.8/site-packages/airflow/example_dags/tutorial.py
[2023-11-20T21:49:40.669+0000] {logging_mixin.py:154} INFO - [2023-11-20T21:49:40.669+0000] {dag.py:2941} INFO - Sync 1 DAGs
[2023-11-20T21:49:40.679+0000] {logging_mixin.py:154} INFO - [2023-11-20T21:49:40.679+0000] {dag.py:3722} INFO - Setting next_dagrun for tutorial to 2023-11-19T21:49:40.679147+00:00, run_after=2023-11-20T21:49:40.679147+00:00
[2023-11-20T21:49:40.686+0000] {processor.py:179} INFO - Processing /home/airflow/.local/lib/python3.8/site-packages/airflow/example_dags/tutorial.py took 0.038 seconds
[2023-11-20T21:50:11.081+0000] {processor.py:157} INFO - Started process (PID=218) to work on /home/airflow/.local/lib/python3.8/site-packages/airflow/example_dags/tutorial.py
[2023-11-20T21:50:11.082+0000] {processor.py:829} INFO - Processing file /home/airflow/.local/lib/python3.8/site-packages/airflow/example_dags/tutorial.py for tasks to queue
[2023-11-20T21:50:11.083+0000] {logging_mixin.py:154} INFO - [2023-11-20T21:50:11.083+0000] {dagbag.py:536} INFO - Filling up the DagBag from /home/airflow/.local/lib/python3.8/site-packages/airflow/example_dags/tutorial.py
[2023-11-20T21:50:11.087+0000] {processor.py:839} INFO - DAG(s) dict_keys(['tutorial']) retrieved from /home/airflow/.local/lib/python3.8/site-packages/airflow/example_dags/tutorial.py
[2023-11-20T21:50:11.100+0000] {logging_mixin.py:154} INFO - [2023-11-20T21:50:11.100+0000] {dag.py:2941} INFO - Sync 1 DAGs
[2023-11-20T21:50:11.111+0000] {logging_mixin.py:154} INFO - [2023-11-20T21:50:11.111+0000] {dag.py:3722} INFO - Setting next_dagrun for tutorial to 2023-11-19T21:50:11.110898+00:00, run_after=2023-11-20T21:50:11.110898+00:00
[2023-11-20T21:50:11.118+0000] {processor.py:179} INFO - Processing /home/airflow/.local/lib/python3.8/site-packages/airflow/example_dags/tutorial.py took 0.039 seconds
[2023-11-20T21:50:41.331+0000] {processor.py:157} INFO - Started process (PID=272) to work on /home/airflow/.local/lib/python3.8/site-packages/airflow/example_dags/tutorial.py
[2023-11-20T21:50:41.332+0000] {processor.py:829} INFO - Processing file /home/airflow/.local/lib/python3.8/site-packages/airflow/example_dags/tutorial.py for tasks to queue
[2023-11-20T21:50:41.333+0000] {logging_mixin.py:154} INFO - [2023-11-20T21:50:41.333+0000] {dagbag.py:536} INFO - Filling up the DagBag from /home/airflow/.local/lib/python3.8/site-packages/airflow/example_dags/tutorial.py
[2023-11-20T21:50:41.337+0000] {processor.py:839} INFO - DAG(s) dict_keys(['tutorial']) retrieved from /home/airflow/.local/lib/python3.8/site-packages/airflow/example_dags/tutorial.py
[2023-11-20T21:50:41.350+0000] {logging_mixin.py:154} INFO - [2023-11-20T21:50:41.350+0000] {dag.py:2941} INFO - Sync 1 DAGs
[2023-11-20T21:50:41.361+0000] {logging_mixin.py:154} INFO - [2023-11-20T21:50:41.361+0000] {dag.py:3722} INFO - Setting next_dagrun for tutorial to 2023-11-19T21:50:41.361422+00:00, run_after=2023-11-20T21:50:41.361422+00:00
[2023-11-20T21:50:41.369+0000] {processor.py:179} INFO - Processing /home/airflow/.local/lib/python3.8/site-packages/airflow/example_dags/tutorial.py took 0.041 seconds
[2023-11-20T21:51:11.492+0000] {processor.py:157} INFO - Started process (PID=326) to work on /home/airflow/.local/lib/python3.8/site-packages/airflow/example_dags/tutorial.py
[2023-11-20T21:51:11.492+0000] {processor.py:829} INFO - Processing file /home/airflow/.local/lib/python3.8/site-packages/airflow/example_dags/tutorial.py for tasks to queue
[2023-11-20T21:51:11.494+0000] {logging_mixin.py:154} INFO - [2023-11-20T21:51:11.494+0000] {dagbag.py:536} INFO - Filling up the DagBag from /home/airflow/.local/lib/python3.8/site-packages/airflow/example_dags/tutorial.py
[2023-11-20T21:51:11.497+0000] {processor.py:839} INFO - DAG(s) dict_keys(['tutorial']) retrieved from /home/airflow/.local/lib/python3.8/site-packages/airflow/example_dags/tutorial.py
[2023-11-20T21:51:11.511+0000] {logging_mixin.py:154} INFO - [2023-11-20T21:51:11.511+0000] {dag.py:2941} INFO - Sync 1 DAGs
[2023-11-20T21:51:11.522+0000] {logging_mixin.py:154} INFO - [2023-11-20T21:51:11.522+0000] {dag.py:3722} INFO - Setting next_dagrun for tutorial to 2023-11-19T21:51:11.521875+00:00, run_after=2023-11-20T21:51:11.521875+00:00
[2023-11-20T21:51:11.530+0000] {processor.py:179} INFO - Processing /home/airflow/.local/lib/python3.8/site-packages/airflow/example_dags/tutorial.py took 0.040 seconds
[2023-11-20T21:51:41.851+0000] {processor.py:157} INFO - Started process (PID=380) to work on /home/airflow/.local/lib/python3.8/site-packages/airflow/example_dags/tutorial.py
[2023-11-20T21:51:41.852+0000] {processor.py:829} INFO - Processing file /home/airflow/.local/lib/python3.8/site-packages/airflow/example_dags/tutorial.py for tasks to queue
[2023-11-20T21:51:41.854+0000] {logging_mixin.py:154} INFO - [2023-11-20T21:51:41.853+0000] {dagbag.py:536} INFO - Filling up the DagBag from /home/airflow/.local/lib/python3.8/site-packages/airflow/example_dags/tutorial.py
[2023-11-20T21:51:41.858+0000] {processor.py:839} INFO - DAG(s) dict_keys(['tutorial']) retrieved from /home/airflow/.local/lib/python3.8/site-packages/airflow/example_dags/tutorial.py
[2023-11-20T21:51:41.871+0000] {logging_mixin.py:154} INFO - [2023-11-20T21:51:41.870+0000] {dag.py:2941} INFO - Sync 1 DAGs
[2023-11-20T21:51:41.882+0000] {logging_mixin.py:154} INFO - [2023-11-20T21:51:41.882+0000] {dag.py:3722} INFO - Setting next_dagrun for tutorial to 2023-11-19T21:51:41.882276+00:00, run_after=2023-11-20T21:51:41.882276+00:00
[2023-11-20T21:51:41.891+0000] {processor.py:179} INFO - Processing /home/airflow/.local/lib/python3.8/site-packages/airflow/example_dags/tutorial.py took 0.041 seconds
[2023-11-20T21:52:12.156+0000] {processor.py:157} INFO - Started process (PID=434) to work on /home/airflow/.local/lib/python3.8/site-packages/airflow/example_dags/tutorial.py
[2023-11-20T21:52:12.157+0000] {processor.py:829} INFO - Processing file /home/airflow/.local/lib/python3.8/site-packages/airflow/example_dags/tutorial.py for tasks to queue
[2023-11-20T21:52:12.158+0000] {logging_mixin.py:154} INFO - [2023-11-20T21:52:12.158+0000] {dagbag.py:536} INFO - Filling up the DagBag from /home/airflow/.local/lib/python3.8/site-packages/airflow/example_dags/tutorial.py
[2023-11-20T21:52:12.162+0000] {processor.py:839} INFO - DAG(s) dict_keys(['tutorial']) retrieved from /home/airflow/.local/lib/python3.8/site-packages/airflow/example_dags/tutorial.py
[2023-11-20T21:52:12.175+0000] {logging_mixin.py:154} INFO - [2023-11-20T21:52:12.175+0000] {dag.py:2941} INFO - Sync 1 DAGs
[2023-11-20T21:52:12.185+0000] {logging_mixin.py:154} INFO - [2023-11-20T21:52:12.185+0000] {dag.py:3722} INFO - Setting next_dagrun for tutorial to 2023-11-19T21:52:12.185183+00:00, run_after=2023-11-20T21:52:12.185183+00:00
[2023-11-20T21:52:12.192+0000] {processor.py:179} INFO - Processing /home/airflow/.local/lib/python3.8/site-packages/airflow/example_dags/tutorial.py took 0.038 seconds
[2023-11-20T21:52:42.418+0000] {processor.py:157} INFO - Started process (PID=488) to work on /home/airflow/.local/lib/python3.8/site-packages/airflow/example_dags/tutorial.py
[2023-11-20T21:52:42.419+0000] {processor.py:829} INFO - Processing file /home/airflow/.local/lib/python3.8/site-packages/airflow/example_dags/tutorial.py for tasks to queue
[2023-11-20T21:52:42.421+0000] {logging_mixin.py:154} INFO - [2023-11-20T21:52:42.421+0000] {dagbag.py:536} INFO - Filling up the DagBag from /home/airflow/.local/lib/python3.8/site-packages/airflow/example_dags/tutorial.py
[2023-11-20T21:52:42.424+0000] {processor.py:839} INFO - DAG(s) dict_keys(['tutorial']) retrieved from /home/airflow/.local/lib/python3.8/site-packages/airflow/example_dags/tutorial.py
[2023-11-20T21:52:42.437+0000] {logging_mixin.py:154} INFO - [2023-11-20T21:52:42.437+0000] {dag.py:2941} INFO - Sync 1 DAGs
[2023-11-20T21:52:42.447+0000] {logging_mixin.py:154} INFO - [2023-11-20T21:52:42.447+0000] {dag.py:3722} INFO - Setting next_dagrun for tutorial to 2023-11-19T21:52:42.447611+00:00, run_after=2023-11-20T21:52:42.447611+00:00
[2023-11-20T21:52:42.455+0000] {processor.py:179} INFO - Processing /home/airflow/.local/lib/python3.8/site-packages/airflow/example_dags/tutorial.py took 0.039 seconds
[2023-11-20T21:53:12.911+0000] {processor.py:157} INFO - Started process (PID=542) to work on /home/airflow/.local/lib/python3.8/site-packages/airflow/example_dags/tutorial.py
[2023-11-20T21:53:12.912+0000] {processor.py:829} INFO - Processing file /home/airflow/.local/lib/python3.8/site-packages/airflow/example_dags/tutorial.py for tasks to queue
[2023-11-20T21:53:12.915+0000] {logging_mixin.py:154} INFO - [2023-11-20T21:53:12.915+0000] {dagbag.py:536} INFO - Filling up the DagBag from /home/airflow/.local/lib/python3.8/site-packages/airflow/example_dags/tutorial.py
[2023-11-20T21:53:12.922+0000] {processor.py:839} INFO - DAG(s) dict_keys(['tutorial']) retrieved from /home/airflow/.local/lib/python3.8/site-packages/airflow/example_dags/tutorial.py
[2023-11-20T21:53:12.944+0000] {logging_mixin.py:154} INFO - [2023-11-20T21:53:12.943+0000] {dag.py:2941} INFO - Sync 1 DAGs
[2023-11-20T21:53:12.959+0000] {logging_mixin.py:154} INFO - [2023-11-20T21:53:12.958+0000] {dag.py:3722} INFO - Setting next_dagrun for tutorial to 2023-11-19T21:53:12.958636+00:00, run_after=2023-11-20T21:53:12.958636+00:00
[2023-11-20T21:53:12.968+0000] {processor.py:179} INFO - Processing /home/airflow/.local/lib/python3.8/site-packages/airflow/example_dags/tutorial.py took 0.061 seconds
[2023-11-20T21:53:43.226+0000] {processor.py:157} INFO - Started process (PID=596) to work on /home/airflow/.local/lib/python3.8/site-packages/airflow/example_dags/tutorial.py
[2023-11-20T21:53:43.227+0000] {processor.py:829} INFO - Processing file /home/airflow/.local/lib/python3.8/site-packages/airflow/example_dags/tutorial.py for tasks to queue
[2023-11-20T21:53:43.229+0000] {logging_mixin.py:154} INFO - [2023-11-20T21:53:43.228+0000] {dagbag.py:536} INFO - Filling up the DagBag from /home/airflow/.local/lib/python3.8/site-packages/airflow/example_dags/tutorial.py
[2023-11-20T21:53:43.233+0000] {processor.py:839} INFO - DAG(s) dict_keys(['tutorial']) retrieved from /home/airflow/.local/lib/python3.8/site-packages/airflow/example_dags/tutorial.py
[2023-11-20T21:53:43.246+0000] {logging_mixin.py:154} INFO - [2023-11-20T21:53:43.246+0000] {dag.py:2941} INFO - Sync 1 DAGs
[2023-11-20T21:53:43.257+0000] {logging_mixin.py:154} INFO - [2023-11-20T21:53:43.257+0000] {dag.py:3722} INFO - Setting next_dagrun for tutorial to 2023-11-19T21:53:43.257398+00:00, run_after=2023-11-20T21:53:43.257398+00:00
[2023-11-20T21:53:43.265+0000] {processor.py:179} INFO - Processing /home/airflow/.local/lib/python3.8/site-packages/airflow/example_dags/tutorial.py took 0.042 seconds
[2023-11-20T21:54:14.300+0000] {processor.py:157} INFO - Started process (PID=650) to work on /home/airflow/.local/lib/python3.8/site-packages/airflow/example_dags/tutorial.py
[2023-11-20T21:54:14.301+0000] {processor.py:829} INFO - Processing file /home/airflow/.local/lib/python3.8/site-packages/airflow/example_dags/tutorial.py for tasks to queue
[2023-11-20T21:54:14.303+0000] {logging_mixin.py:154} INFO - [2023-11-20T21:54:14.302+0000] {dagbag.py:536} INFO - Filling up the DagBag from /home/airflow/.local/lib/python3.8/site-packages/airflow/example_dags/tutorial.py
[2023-11-20T21:54:14.307+0000] {processor.py:839} INFO - DAG(s) dict_keys(['tutorial']) retrieved from /home/airflow/.local/lib/python3.8/site-packages/airflow/example_dags/tutorial.py
[2023-11-20T21:54:14.321+0000] {logging_mixin.py:154} INFO - [2023-11-20T21:54:14.321+0000] {dag.py:2941} INFO - Sync 1 DAGs
[2023-11-20T21:54:14.332+0000] {logging_mixin.py:154} INFO - [2023-11-20T21:54:14.332+0000] {dag.py:3722} INFO - Setting next_dagrun for tutorial to 2023-11-19T21:54:14.332520+00:00, run_after=2023-11-20T21:54:14.332520+00:00
[2023-11-20T21:54:14.341+0000] {processor.py:179} INFO - Processing /home/airflow/.local/lib/python3.8/site-packages/airflow/example_dags/tutorial.py took 0.044 seconds
[2023-11-20T21:54:44.873+0000] {processor.py:157} INFO - Started process (PID=704) to work on /home/airflow/.local/lib/python3.8/site-packages/airflow/example_dags/tutorial.py
[2023-11-20T21:54:44.874+0000] {processor.py:829} INFO - Processing file /home/airflow/.local/lib/python3.8/site-packages/airflow/example_dags/tutorial.py for tasks to queue
[2023-11-20T21:54:44.875+0000] {logging_mixin.py:154} INFO - [2023-11-20T21:54:44.875+0000] {dagbag.py:536} INFO - Filling up the DagBag from /home/airflow/.local/lib/python3.8/site-packages/airflow/example_dags/tutorial.py
[2023-11-20T21:54:44.880+0000] {processor.py:839} INFO - DAG(s) dict_keys(['tutorial']) retrieved from /home/airflow/.local/lib/python3.8/site-packages/airflow/example_dags/tutorial.py
[2023-11-20T21:54:44.898+0000] {logging_mixin.py:154} INFO - [2023-11-20T21:54:44.898+0000] {dag.py:2941} INFO - Sync 1 DAGs
[2023-11-20T21:54:44.912+0000] {logging_mixin.py:154} INFO - [2023-11-20T21:54:44.912+0000] {dag.py:3722} INFO - Setting next_dagrun for tutorial to 2023-11-19T21:54:44.912135+00:00, run_after=2023-11-20T21:54:44.912135+00:00
[2023-11-20T21:54:44.923+0000] {processor.py:179} INFO - Processing /home/airflow/.local/lib/python3.8/site-packages/airflow/example_dags/tutorial.py took 0.053 seconds
[2023-11-20T21:55:14.962+0000] {processor.py:157} INFO - Started process (PID=757) to work on /home/airflow/.local/lib/python3.8/site-packages/airflow/example_dags/tutorial.py
[2023-11-20T21:55:14.963+0000] {processor.py:829} INFO - Processing file /home/airflow/.local/lib/python3.8/site-packages/airflow/example_dags/tutorial.py for tasks to queue
[2023-11-20T21:55:14.964+0000] {logging_mixin.py:154} INFO - [2023-11-20T21:55:14.964+0000] {dagbag.py:536} INFO - Filling up the DagBag from /home/airflow/.local/lib/python3.8/site-packages/airflow/example_dags/tutorial.py
[2023-11-20T21:55:14.969+0000] {processor.py:839} INFO - DAG(s) dict_keys(['tutorial']) retrieved from /home/airflow/.local/lib/python3.8/site-packages/airflow/example_dags/tutorial.py
[2023-11-20T21:55:14.983+0000] {logging_mixin.py:154} INFO - [2023-11-20T21:55:14.983+0000] {dag.py:2941} INFO - Sync 1 DAGs
[2023-11-20T21:55:14.994+0000] {logging_mixin.py:154} INFO - [2023-11-20T21:55:14.994+0000] {dag.py:3722} INFO - Setting next_dagrun for tutorial to 2023-11-19T21:55:14.994201+00:00, run_after=2023-11-20T21:55:14.994201+00:00
[2023-11-20T21:55:15.002+0000] {processor.py:179} INFO - Processing /home/airflow/.local/lib/python3.8/site-packages/airflow/example_dags/tutorial.py took 0.042 seconds
[2023-11-20T21:55:45.565+0000] {processor.py:157} INFO - Started process (PID=811) to work on /home/airflow/.local/lib/python3.8/site-packages/airflow/example_dags/tutorial.py
[2023-11-20T21:55:45.567+0000] {processor.py:829} INFO - Processing file /home/airflow/.local/lib/python3.8/site-packages/airflow/example_dags/tutorial.py for tasks to queue
[2023-11-20T21:55:45.579+0000] {logging_mixin.py:154} INFO - [2023-11-20T21:55:45.578+0000] {dagbag.py:536} INFO - Filling up the DagBag from /home/airflow/.local/lib/python3.8/site-packages/airflow/example_dags/tutorial.py
[2023-11-20T21:55:45.590+0000] {processor.py:839} INFO - DAG(s) dict_keys(['tutorial']) retrieved from /home/airflow/.local/lib/python3.8/site-packages/airflow/example_dags/tutorial.py
[2023-11-20T21:55:45.608+0000] {logging_mixin.py:154} INFO - [2023-11-20T21:55:45.608+0000] {dag.py:2941} INFO - Sync 1 DAGs
[2023-11-20T21:55:45.622+0000] {logging_mixin.py:154} INFO - [2023-11-20T21:55:45.622+0000] {dag.py:3722} INFO - Setting next_dagrun for tutorial to 2023-11-19T21:55:45.622039+00:00, run_after=2023-11-20T21:55:45.622039+00:00
[2023-11-20T21:55:45.631+0000] {processor.py:179} INFO - Processing /home/airflow/.local/lib/python3.8/site-packages/airflow/example_dags/tutorial.py took 0.069 seconds
[2023-11-20T21:56:16.052+0000] {processor.py:157} INFO - Started process (PID=865) to work on /home/airflow/.local/lib/python3.8/site-packages/airflow/example_dags/tutorial.py
[2023-11-20T21:56:16.053+0000] {processor.py:829} INFO - Processing file /home/airflow/.local/lib/python3.8/site-packages/airflow/example_dags/tutorial.py for tasks to queue
[2023-11-20T21:56:16.055+0000] {logging_mixin.py:154} INFO - [2023-11-20T21:56:16.055+0000] {dagbag.py:536} INFO - Filling up the DagBag from /home/airflow/.local/lib/python3.8/site-packages/airflow/example_dags/tutorial.py
[2023-11-20T21:56:16.061+0000] {processor.py:839} INFO - DAG(s) dict_keys(['tutorial']) retrieved from /home/airflow/.local/lib/python3.8/site-packages/airflow/example_dags/tutorial.py
[2023-11-20T21:56:16.078+0000] {logging_mixin.py:154} INFO - [2023-11-20T21:56:16.078+0000] {dag.py:2941} INFO - Sync 1 DAGs
[2023-11-20T21:56:16.090+0000] {logging_mixin.py:154} INFO - [2023-11-20T21:56:16.090+0000] {dag.py:3722} INFO - Setting next_dagrun for tutorial to 2023-11-19T21:56:16.090438+00:00, run_after=2023-11-20T21:56:16.090438+00:00
[2023-11-20T21:56:16.098+0000] {processor.py:179} INFO - Processing /home/airflow/.local/lib/python3.8/site-packages/airflow/example_dags/tutorial.py took 0.051 seconds
[2023-11-20T21:56:46.418+0000] {processor.py:157} INFO - Started process (PID=919) to work on /home/airflow/.local/lib/python3.8/site-packages/airflow/example_dags/tutorial.py
[2023-11-20T21:56:46.420+0000] {processor.py:829} INFO - Processing file /home/airflow/.local/lib/python3.8/site-packages/airflow/example_dags/tutorial.py for tasks to queue
[2023-11-20T21:56:46.422+0000] {logging_mixin.py:154} INFO - [2023-11-20T21:56:46.421+0000] {dagbag.py:536} INFO - Filling up the DagBag from /home/airflow/.local/lib/python3.8/site-packages/airflow/example_dags/tutorial.py
[2023-11-20T21:56:46.427+0000] {processor.py:839} INFO - DAG(s) dict_keys(['tutorial']) retrieved from /home/airflow/.local/lib/python3.8/site-packages/airflow/example_dags/tutorial.py
[2023-11-20T21:56:46.442+0000] {logging_mixin.py:154} INFO - [2023-11-20T21:56:46.442+0000] {dag.py:2941} INFO - Sync 1 DAGs
[2023-11-20T21:56:46.454+0000] {logging_mixin.py:154} INFO - [2023-11-20T21:56:46.454+0000] {dag.py:3722} INFO - Setting next_dagrun for tutorial to 2023-11-19T21:56:46.454402+00:00, run_after=2023-11-20T21:56:46.454402+00:00
[2023-11-20T21:56:46.462+0000] {processor.py:179} INFO - Processing /home/airflow/.local/lib/python3.8/site-packages/airflow/example_dags/tutorial.py took 0.047 seconds
[2023-11-20T21:57:17.272+0000] {processor.py:157} INFO - Started process (PID=973) to work on /home/airflow/.local/lib/python3.8/site-packages/airflow/example_dags/tutorial.py
[2023-11-20T21:57:17.273+0000] {processor.py:829} INFO - Processing file /home/airflow/.local/lib/python3.8/site-packages/airflow/example_dags/tutorial.py for tasks to queue
[2023-11-20T21:57:17.275+0000] {logging_mixin.py:154} INFO - [2023-11-20T21:57:17.275+0000] {dagbag.py:536} INFO - Filling up the DagBag from /home/airflow/.local/lib/python3.8/site-packages/airflow/example_dags/tutorial.py
[2023-11-20T21:57:17.280+0000] {processor.py:839} INFO - DAG(s) dict_keys(['tutorial']) retrieved from /home/airflow/.local/lib/python3.8/site-packages/airflow/example_dags/tutorial.py
[2023-11-20T21:57:17.296+0000] {logging_mixin.py:154} INFO - [2023-11-20T21:57:17.296+0000] {dag.py:2941} INFO - Sync 1 DAGs
[2023-11-20T21:57:17.311+0000] {logging_mixin.py:154} INFO - [2023-11-20T21:57:17.311+0000] {dag.py:3722} INFO - Setting next_dagrun for tutorial to 2023-11-19T21:57:17.310910+00:00, run_after=2023-11-20T21:57:17.310910+00:00
[2023-11-20T21:57:17.319+0000] {processor.py:179} INFO - Processing /home/airflow/.local/lib/python3.8/site-packages/airflow/example_dags/tutorial.py took 0.049 seconds
[2023-11-20T21:57:47.793+0000] {processor.py:157} INFO - Started process (PID=1027) to work on /home/airflow/.local/lib/python3.8/site-packages/airflow/example_dags/tutorial.py
[2023-11-20T21:57:47.794+0000] {processor.py:829} INFO - Processing file /home/airflow/.local/lib/python3.8/site-packages/airflow/example_dags/tutorial.py for tasks to queue
[2023-11-20T21:57:47.796+0000] {logging_mixin.py:154} INFO - [2023-11-20T21:57:47.795+0000] {dagbag.py:536} INFO - Filling up the DagBag from /home/airflow/.local/lib/python3.8/site-packages/airflow/example_dags/tutorial.py
[2023-11-20T21:57:47.799+0000] {processor.py:839} INFO - DAG(s) dict_keys(['tutorial']) retrieved from /home/airflow/.local/lib/python3.8/site-packages/airflow/example_dags/tutorial.py
[2023-11-20T21:57:47.813+0000] {logging_mixin.py:154} INFO - [2023-11-20T21:57:47.813+0000] {dag.py:2941} INFO - Sync 1 DAGs
[2023-11-20T21:57:47.825+0000] {logging_mixin.py:154} INFO - [2023-11-20T21:57:47.825+0000] {dag.py:3722} INFO - Setting next_dagrun for tutorial to 2023-11-19T21:57:47.825082+00:00, run_after=2023-11-20T21:57:47.825082+00:00
[2023-11-20T21:57:47.950+0000] {processor.py:179} INFO - Processing /home/airflow/.local/lib/python3.8/site-packages/airflow/example_dags/tutorial.py took 0.159 seconds
[2023-11-20T21:58:18.245+0000] {processor.py:157} INFO - Started process (PID=1081) to work on /home/airflow/.local/lib/python3.8/site-packages/airflow/example_dags/tutorial.py
[2023-11-20T21:58:18.246+0000] {processor.py:829} INFO - Processing file /home/airflow/.local/lib/python3.8/site-packages/airflow/example_dags/tutorial.py for tasks to queue
[2023-11-20T21:58:18.248+0000] {logging_mixin.py:154} INFO - [2023-11-20T21:58:18.248+0000] {dagbag.py:536} INFO - Filling up the DagBag from /home/airflow/.local/lib/python3.8/site-packages/airflow/example_dags/tutorial.py
[2023-11-20T21:58:18.252+0000] {processor.py:839} INFO - DAG(s) dict_keys(['tutorial']) retrieved from /home/airflow/.local/lib/python3.8/site-packages/airflow/example_dags/tutorial.py
[2023-11-20T21:58:18.268+0000] {logging_mixin.py:154} INFO - [2023-11-20T21:58:18.268+0000] {dag.py:2941} INFO - Sync 1 DAGs
[2023-11-20T21:58:18.280+0000] {logging_mixin.py:154} INFO - [2023-11-20T21:58:18.280+0000] {dag.py:3722} INFO - Setting next_dagrun for tutorial to 2023-11-19T21:58:18.279861+00:00, run_after=2023-11-20T21:58:18.279861+00:00
[2023-11-20T21:58:18.289+0000] {processor.py:179} INFO - Processing /home/airflow/.local/lib/python3.8/site-packages/airflow/example_dags/tutorial.py took 0.047 seconds
