[2023-11-21T01:21:12.458+0000] {taskinstance.py:1159} INFO - Dependencies all met for dep_context=non-requeueable deps ti=<TaskInstance: outcomes_dag.load scheduled__2023-11-15T00:00:00+00:00 [queued]>
[2023-11-21T01:21:12.511+0000] {taskinstance.py:1159} INFO - Dependencies all met for dep_context=requeueable deps ti=<TaskInstance: outcomes_dag.load scheduled__2023-11-15T00:00:00+00:00 [queued]>
[2023-11-21T01:21:12.513+0000] {taskinstance.py:1361} INFO - Starting attempt 1 of 1
[2023-11-21T01:21:12.574+0000] {taskinstance.py:1382} INFO - Executing <Task(PythonOperator): load> on 2023-11-15 00:00:00+00:00
[2023-11-21T01:21:12.625+0000] {standard_task_runner.py:57} INFO - Started process 271 to run task
[2023-11-21T01:21:12.715+0000] {standard_task_runner.py:84} INFO - Running: ['***', 'tasks', 'run', 'outcomes_dag', 'load', 'scheduled__2023-11-15T00:00:00+00:00', '--job-id', '51', '--raw', '--subdir', 'DAGS_FOLDER/outcomes_dag.py', '--cfg-path', '/tmp/tmpcrgvrv8y']
[2023-11-21T01:21:12.744+0000] {standard_task_runner.py:85} INFO - Job 51: Subtask load
[2023-11-21T01:21:13.000+0000] {task_command.py:416} INFO - Running <TaskInstance: outcomes_dag.load scheduled__2023-11-15T00:00:00+00:00 [running]> on host f31a30014ab0
[2023-11-21T01:21:14.783+0000] {taskinstance.py:1662} INFO - Exporting env vars: AIRFLOW_CTX_DAG_OWNER='***' AIRFLOW_CTX_DAG_ID='outcomes_dag' AIRFLOW_CTX_TASK_ID='load' AIRFLOW_CTX_EXECUTION_DATE='2023-11-15T00:00:00+00:00' AIRFLOW_CTX_TRY_NUMBER='1' AIRFLOW_CTX_DAG_RUN_ID='scheduled__2023-11-15T00:00:00+00:00'
[2023-11-21T01:21:14.925+0000] {taskinstance.py:1937} ERROR - Task failed with exception
Traceback (most recent call last):
  File "/home/airflow/.local/lib/python3.8/site-packages/airflow/operators/python.py", line 192, in execute
    return_value = self.execute_callable()
  File "/home/airflow/.local/lib/python3.8/site-packages/airflow/operators/python.py", line 209, in execute_callable
    return self.python_callable(*self.op_args, **self.op_kwargs)
  File "/opt/airflow/dags/ETL/load.py", line 11, in load_data
    data_to_staging(filename, engine)
  File "/opt/airflow/dags/ETL/load.py", line 19, in data_to_staging
    data = pd.read_parquet(filename)
  File "/home/airflow/.local/lib/python3.8/site-packages/pandas/io/parquet.py", line 509, in read_parquet
    return impl.read(
  File "/home/airflow/.local/lib/python3.8/site-packages/pandas/io/parquet.py", line 220, in read
    path_or_handle, handles, kwargs["filesystem"] = _get_path_or_handle(
  File "/home/airflow/.local/lib/python3.8/site-packages/pandas/io/parquet.py", line 110, in _get_path_or_handle
    handles = get_handle(
  File "/home/airflow/.local/lib/python3.8/site-packages/pandas/io/common.py", line 868, in get_handle
    handle = open(handle, ioargs.mode)
FileNotFoundError: [Errno 2] No such file or directory: '/opt/airflow/data/2023-11-15/processed/transformed_shelter_data.parquet'
[2023-11-21T01:21:15.012+0000] {taskinstance.py:1400} INFO - Marking task as FAILED. dag_id=outcomes_dag, task_id=load, execution_date=20231115T000000, start_date=20231121T012112, end_date=20231121T012115
[2023-11-21T01:21:15.084+0000] {standard_task_runner.py:104} ERROR - Failed to execute job 51 for task load ([Errno 2] No such file or directory: '/opt/airflow/data/2023-11-15/processed/transformed_shelter_data.parquet'; 271)
[2023-11-21T01:21:15.200+0000] {local_task_job_runner.py:228} INFO - Task exited with return code 1
[2023-11-21T01:21:15.550+0000] {taskinstance.py:2778} INFO - 0 downstream tasks scheduled from follow-on schedule check
[2023-11-21T02:36:27.461+0000] {taskinstance.py:1159} INFO - Dependencies all met for dep_context=non-requeueable deps ti=<TaskInstance: outcomes_dag.load scheduled__2023-11-15T00:00:00+00:00 [queued]>
[2023-11-21T02:36:27.502+0000] {taskinstance.py:1159} INFO - Dependencies all met for dep_context=requeueable deps ti=<TaskInstance: outcomes_dag.load scheduled__2023-11-15T00:00:00+00:00 [queued]>
[2023-11-21T02:36:27.510+0000] {taskinstance.py:1361} INFO - Starting attempt 1 of 1
[2023-11-21T02:36:27.602+0000] {taskinstance.py:1382} INFO - Executing <Task(PythonOperator): load> on 2023-11-15 00:00:00+00:00
[2023-11-21T02:36:27.664+0000] {standard_task_runner.py:57} INFO - Started process 233 to run task
[2023-11-21T02:36:27.687+0000] {standard_task_runner.py:84} INFO - Running: ['***', 'tasks', 'run', 'outcomes_dag', 'load', 'scheduled__2023-11-15T00:00:00+00:00', '--job-id', '50', '--raw', '--subdir', 'DAGS_FOLDER/outcomes_dag.py', '--cfg-path', '/tmp/tmp765svrc6']
[2023-11-21T02:36:27.708+0000] {standard_task_runner.py:85} INFO - Job 50: Subtask load
[2023-11-21T02:36:27.935+0000] {task_command.py:416} INFO - Running <TaskInstance: outcomes_dag.load scheduled__2023-11-15T00:00:00+00:00 [running]> on host b875fa978b1e
[2023-11-21T02:36:29.186+0000] {taskinstance.py:1662} INFO - Exporting env vars: AIRFLOW_CTX_DAG_OWNER='***' AIRFLOW_CTX_DAG_ID='outcomes_dag' AIRFLOW_CTX_TASK_ID='load' AIRFLOW_CTX_EXECUTION_DATE='2023-11-15T00:00:00+00:00' AIRFLOW_CTX_TRY_NUMBER='1' AIRFLOW_CTX_DAG_RUN_ID='scheduled__2023-11-15T00:00:00+00:00'
[2023-11-21T02:36:29.428+0000] {logging_mixin.py:154} INFO - Data is in Staging Table...
[2023-11-21T02:36:29.429+0000] {taskinstance.py:1937} ERROR - Task failed with exception
Traceback (most recent call last):
  File "/home/airflow/.local/lib/python3.8/site-packages/airflow/operators/python.py", line 192, in execute
    return_value = self.execute_callable()
  File "/home/airflow/.local/lib/python3.8/site-packages/airflow/operators/python.py", line 209, in execute_callable
    return self.python_callable(*self.op_args, **self.op_kwargs)
  File "/opt/airflow/dags/ETL/load.py", line 13, in load_data
    execute_sql_script(engine)
  File "/opt/airflow/dags/ETL/load.py", line 38, in execute_sql_script
    with open(script_path, 'r') as file:
FileNotFoundError: [Errno 2] No such file or directory: '/dags/ETL/data_insertion.sql'
[2023-11-21T02:36:29.440+0000] {taskinstance.py:1400} INFO - Marking task as FAILED. dag_id=outcomes_dag, task_id=load, execution_date=20231115T000000, start_date=20231121T023627, end_date=20231121T023629
[2023-11-21T02:36:29.449+0000] {standard_task_runner.py:104} ERROR - Failed to execute job 50 for task load ([Errno 2] No such file or directory: '/dags/ETL/data_insertion.sql'; 233)
[2023-11-21T02:36:29.504+0000] {local_task_job_runner.py:228} INFO - Task exited with return code 1
[2023-11-21T02:36:29.536+0000] {taskinstance.py:2778} INFO - 0 downstream tasks scheduled from follow-on schedule check
[2023-11-21T03:16:14.838+0000] {taskinstance.py:1159} INFO - Dependencies all met for dep_context=non-requeueable deps ti=<TaskInstance: outcomes_dag.load scheduled__2023-11-15T00:00:00+00:00 [queued]>
[2023-11-21T03:16:14.846+0000] {taskinstance.py:1159} INFO - Dependencies all met for dep_context=requeueable deps ti=<TaskInstance: outcomes_dag.load scheduled__2023-11-15T00:00:00+00:00 [queued]>
[2023-11-21T03:16:14.847+0000] {taskinstance.py:1361} INFO - Starting attempt 1 of 1
[2023-11-21T03:16:14.859+0000] {taskinstance.py:1382} INFO - Executing <Task(PythonOperator): load> on 2023-11-15 00:00:00+00:00
[2023-11-21T03:16:14.866+0000] {standard_task_runner.py:57} INFO - Started process 128 to run task
[2023-11-21T03:16:14.870+0000] {standard_task_runner.py:84} INFO - Running: ['***', 'tasks', 'run', 'outcomes_dag', 'load', 'scheduled__2023-11-15T00:00:00+00:00', '--job-id', '19', '--raw', '--subdir', 'DAGS_FOLDER/outcomes_dag.py', '--cfg-path', '/tmp/tmpls80eec4']
[2023-11-21T03:16:14.874+0000] {standard_task_runner.py:85} INFO - Job 19: Subtask load
[2023-11-21T03:16:14.961+0000] {task_command.py:416} INFO - Running <TaskInstance: outcomes_dag.load scheduled__2023-11-15T00:00:00+00:00 [running]> on host 33d8c5494200
[2023-11-21T03:16:15.457+0000] {taskinstance.py:1662} INFO - Exporting env vars: AIRFLOW_CTX_DAG_OWNER='***' AIRFLOW_CTX_DAG_ID='outcomes_dag' AIRFLOW_CTX_TASK_ID='load' AIRFLOW_CTX_EXECUTION_DATE='2023-11-15T00:00:00+00:00' AIRFLOW_CTX_TRY_NUMBER='1' AIRFLOW_CTX_DAG_RUN_ID='scheduled__2023-11-15T00:00:00+00:00'
[2023-11-21T03:16:15.852+0000] {logging_mixin.py:154} INFO - Data is in Staging Table...
[2023-11-21T03:16:15.853+0000] {taskinstance.py:1937} ERROR - Task failed with exception
Traceback (most recent call last):
  File "/home/airflow/.local/lib/python3.8/site-packages/airflow/operators/python.py", line 192, in execute
    return_value = self.execute_callable()
  File "/home/airflow/.local/lib/python3.8/site-packages/airflow/operators/python.py", line 209, in execute_callable
    return self.python_callable(*self.op_args, **self.op_kwargs)
  File "/opt/airflow/dags/ETL/load.py", line 13, in load_data
    execute_sql_script(engine)
  File "/opt/airflow/dags/ETL/load.py", line 38, in execute_sql_script
    with open(script_path, 'r') as file:
FileNotFoundError: [Errno 2] No such file or directory: 'data_insertion.sql'
[2023-11-21T03:16:15.870+0000] {taskinstance.py:1400} INFO - Marking task as FAILED. dag_id=outcomes_dag, task_id=load, execution_date=20231115T000000, start_date=20231121T031614, end_date=20231121T031615
[2023-11-21T03:16:15.896+0000] {standard_task_runner.py:104} ERROR - Failed to execute job 19 for task load ([Errno 2] No such file or directory: 'data_insertion.sql'; 128)
[2023-11-21T03:16:15.946+0000] {local_task_job_runner.py:228} INFO - Task exited with return code 1
[2023-11-21T03:16:15.998+0000] {taskinstance.py:2778} INFO - 0 downstream tasks scheduled from follow-on schedule check
[2023-11-22T03:22:54.340+0000] {taskinstance.py:1159} INFO - Dependencies all met for dep_context=non-requeueable deps ti=<TaskInstance: outcomes_dag.Load scheduled__2023-11-15T00:00:00+00:00 [queued]>
[2023-11-22T03:22:54.358+0000] {taskinstance.py:1159} INFO - Dependencies all met for dep_context=requeueable deps ti=<TaskInstance: outcomes_dag.Load scheduled__2023-11-15T00:00:00+00:00 [queued]>
[2023-11-22T03:22:54.365+0000] {taskinstance.py:1361} INFO - Starting attempt 1 of 1
[2023-11-22T03:22:54.445+0000] {taskinstance.py:1382} INFO - Executing <Task(PythonOperator): Load> on 2023-11-15 00:00:00+00:00
[2023-11-22T03:22:54.471+0000] {standard_task_runner.py:57} INFO - Started process 113 to run task
[2023-11-22T03:22:54.489+0000] {standard_task_runner.py:84} INFO - Running: ['***', 'tasks', 'run', 'outcomes_dag', 'Load', 'scheduled__2023-11-15T00:00:00+00:00', '--job-id', '18', '--raw', '--subdir', 'DAGS_FOLDER/outcomes_dag.py', '--cfg-path', '/tmp/tmpkw8aenfr']
[2023-11-22T03:22:54.497+0000] {standard_task_runner.py:85} INFO - Job 18: Subtask Load
[2023-11-22T03:22:54.645+0000] {task_command.py:416} INFO - Running <TaskInstance: outcomes_dag.Load scheduled__2023-11-15T00:00:00+00:00 [running]> on host cf56a4e96859
[2023-11-22T03:22:54.949+0000] {taskinstance.py:1662} INFO - Exporting env vars: AIRFLOW_CTX_DAG_OWNER='***' AIRFLOW_CTX_DAG_ID='outcomes_dag' AIRFLOW_CTX_TASK_ID='Load' AIRFLOW_CTX_EXECUTION_DATE='2023-11-15T00:00:00+00:00' AIRFLOW_CTX_TRY_NUMBER='1' AIRFLOW_CTX_DAG_RUN_ID='scheduled__2023-11-15T00:00:00+00:00'
[2023-11-22T03:22:54.967+0000] {logging_mixin.py:154} INFO - Getting data from Cloud Storage
[2023-11-22T03:22:55.934+0000] {logging_mixin.py:154} INFO - Data is in Staging Table...
[2023-11-22T03:22:55.972+0000] {logging_mixin.py:154} INFO - Data is Loaded into Fact & Dim Tables
[2023-11-22T03:22:55.973+0000] {python.py:194} INFO - Done. Returned value was: None
[2023-11-22T03:22:55.990+0000] {taskinstance.py:1400} INFO - Marking task as SUCCESS. dag_id=outcomes_dag, task_id=Load, execution_date=20231115T000000, start_date=20231122T032254, end_date=20231122T032255
[2023-11-22T03:22:56.051+0000] {local_task_job_runner.py:228} INFO - Task exited with return code 0
[2023-11-22T03:22:56.095+0000] {taskinstance.py:2778} INFO - 0 downstream tasks scheduled from follow-on schedule check
[2023-11-22T03:55:56.986+0000] {taskinstance.py:1159} INFO - Dependencies all met for dep_context=non-requeueable deps ti=<TaskInstance: outcomes_dag.Load scheduled__2023-11-15T00:00:00+00:00 [queued]>
[2023-11-22T03:55:57.003+0000] {taskinstance.py:1159} INFO - Dependencies all met for dep_context=requeueable deps ti=<TaskInstance: outcomes_dag.Load scheduled__2023-11-15T00:00:00+00:00 [queued]>
[2023-11-22T03:55:57.004+0000] {taskinstance.py:1361} INFO - Starting attempt 1 of 1
[2023-11-22T03:55:57.015+0000] {taskinstance.py:1382} INFO - Executing <Task(PythonOperator): Load> on 2023-11-15 00:00:00+00:00
[2023-11-22T03:55:57.021+0000] {standard_task_runner.py:57} INFO - Started process 122 to run task
[2023-11-22T03:55:57.037+0000] {standard_task_runner.py:84} INFO - Running: ['***', 'tasks', 'run', 'outcomes_dag', 'Load', 'scheduled__2023-11-15T00:00:00+00:00', '--job-id', '21', '--raw', '--subdir', 'DAGS_FOLDER/outcomes_dag.py', '--cfg-path', '/tmp/tmpzotfu638']
[2023-11-22T03:55:57.057+0000] {standard_task_runner.py:85} INFO - Job 21: Subtask Load
[2023-11-22T03:55:57.182+0000] {task_command.py:416} INFO - Running <TaskInstance: outcomes_dag.Load scheduled__2023-11-15T00:00:00+00:00 [running]> on host cf936e748923
[2023-11-22T03:55:57.359+0000] {taskinstance.py:1662} INFO - Exporting env vars: AIRFLOW_CTX_DAG_OWNER='***' AIRFLOW_CTX_DAG_ID='outcomes_dag' AIRFLOW_CTX_TASK_ID='Load' AIRFLOW_CTX_EXECUTION_DATE='2023-11-15T00:00:00+00:00' AIRFLOW_CTX_TRY_NUMBER='1' AIRFLOW_CTX_DAG_RUN_ID='scheduled__2023-11-15T00:00:00+00:00'
[2023-11-22T03:55:57.364+0000] {logging_mixin.py:154} INFO - Getting data from Cloud Storage
[2023-11-22T03:55:58.628+0000] {logging_mixin.py:154} INFO - Data is in Staging Table...
[2023-11-22T03:55:59.671+0000] {logging_mixin.py:154} INFO - Data is Loaded into Fact & Dim Tables
[2023-11-22T03:55:59.677+0000] {python.py:194} INFO - Done. Returned value was: None
[2023-11-22T03:55:59.707+0000] {taskinstance.py:1400} INFO - Marking task as SUCCESS. dag_id=outcomes_dag, task_id=Load, execution_date=20231115T000000, start_date=20231122T035556, end_date=20231122T035559
[2023-11-22T03:55:59.779+0000] {local_task_job_runner.py:228} INFO - Task exited with return code 0
[2023-11-22T03:55:59.817+0000] {taskinstance.py:2778} INFO - 0 downstream tasks scheduled from follow-on schedule check
[2023-11-22T05:47:48.669+0000] {taskinstance.py:1159} INFO - Dependencies all met for dep_context=non-requeueable deps ti=<TaskInstance: outcomes_dag.Load scheduled__2023-11-15T00:00:00+00:00 [queued]>
[2023-11-22T05:47:48.698+0000] {taskinstance.py:1159} INFO - Dependencies all met for dep_context=requeueable deps ti=<TaskInstance: outcomes_dag.Load scheduled__2023-11-15T00:00:00+00:00 [queued]>
[2023-11-22T05:47:48.698+0000] {taskinstance.py:1361} INFO - Starting attempt 1 of 4
[2023-11-22T05:47:48.736+0000] {taskinstance.py:1382} INFO - Executing <Task(PythonOperator): Load> on 2023-11-15 00:00:00+00:00
[2023-11-22T05:47:48.754+0000] {standard_task_runner.py:57} INFO - Started process 174 to run task
[2023-11-22T05:47:48.800+0000] {standard_task_runner.py:84} INFO - Running: ['***', 'tasks', 'run', 'outcomes_dag', 'Load', 'scheduled__2023-11-15T00:00:00+00:00', '--job-id', '18', '--raw', '--subdir', 'DAGS_FOLDER/outcomes_dag.py', '--cfg-path', '/tmp/tmprz58jvvm']
[2023-11-22T05:47:48.823+0000] {standard_task_runner.py:85} INFO - Job 18: Subtask Load
[2023-11-22T05:47:49.023+0000] {task_command.py:416} INFO - Running <TaskInstance: outcomes_dag.Load scheduled__2023-11-15T00:00:00+00:00 [running]> on host 6e2e77b078ed
[2023-11-22T05:47:49.160+0000] {taskinstance.py:1662} INFO - Exporting env vars: AIRFLOW_CTX_DAG_OWNER='***' AIRFLOW_CTX_DAG_ID='outcomes_dag' AIRFLOW_CTX_TASK_ID='Load' AIRFLOW_CTX_EXECUTION_DATE='2023-11-15T00:00:00+00:00' AIRFLOW_CTX_TRY_NUMBER='1' AIRFLOW_CTX_DAG_RUN_ID='scheduled__2023-11-15T00:00:00+00:00'
[2023-11-22T05:47:49.161+0000] {logging_mixin.py:154} INFO - Getting data from Cloud Storage
[2023-11-22T05:47:50.103+0000] {logging_mixin.py:154} INFO - Data is in Staging Table...
[2023-11-22T05:47:50.103+0000] {python.py:194} INFO - Done. Returned value was: None
[2023-11-22T05:47:50.113+0000] {taskinstance.py:1400} INFO - Marking task as SUCCESS. dag_id=outcomes_dag, task_id=Load, execution_date=20231115T000000, start_date=20231122T054748, end_date=20231122T054750
[2023-11-22T05:47:50.169+0000] {local_task_job_runner.py:228} INFO - Task exited with return code 0
[2023-11-22T06:09:43.890+0000] {taskinstance.py:1159} INFO - Dependencies all met for dep_context=non-requeueable deps ti=<TaskInstance: outcomes_dag.Load scheduled__2023-11-15T00:00:00+00:00 [queued]>
[2023-11-22T06:09:43.908+0000] {taskinstance.py:1159} INFO - Dependencies all met for dep_context=requeueable deps ti=<TaskInstance: outcomes_dag.Load scheduled__2023-11-15T00:00:00+00:00 [queued]>
[2023-11-22T06:09:43.908+0000] {taskinstance.py:1361} INFO - Starting attempt 1 of 4
[2023-11-22T06:09:43.922+0000] {taskinstance.py:1382} INFO - Executing <Task(PythonOperator): Load> on 2023-11-15 00:00:00+00:00
[2023-11-22T06:09:43.964+0000] {standard_task_runner.py:57} INFO - Started process 113 to run task
[2023-11-22T06:09:43.979+0000] {standard_task_runner.py:84} INFO - Running: ['***', 'tasks', 'run', 'outcomes_dag', 'Load', 'scheduled__2023-11-15T00:00:00+00:00', '--job-id', '16', '--raw', '--subdir', 'DAGS_FOLDER/outcomes_dag.py', '--cfg-path', '/tmp/tmpzobvlrro']
[2023-11-22T06:09:43.996+0000] {standard_task_runner.py:85} INFO - Job 16: Subtask Load
[2023-11-22T06:09:44.121+0000] {task_command.py:416} INFO - Running <TaskInstance: outcomes_dag.Load scheduled__2023-11-15T00:00:00+00:00 [running]> on host ded66acd9c7f
[2023-11-22T06:09:44.257+0000] {taskinstance.py:1662} INFO - Exporting env vars: AIRFLOW_CTX_DAG_OWNER='***' AIRFLOW_CTX_DAG_ID='outcomes_dag' AIRFLOW_CTX_TASK_ID='Load' AIRFLOW_CTX_EXECUTION_DATE='2023-11-15T00:00:00+00:00' AIRFLOW_CTX_TRY_NUMBER='1' AIRFLOW_CTX_DAG_RUN_ID='scheduled__2023-11-15T00:00:00+00:00'
[2023-11-22T06:09:44.259+0000] {logging_mixin.py:154} INFO - Getting data from Cloud Storage
[2023-11-22T06:09:45.053+0000] {logging_mixin.py:154} INFO - Data is in Staging Table...
[2023-11-22T06:09:45.053+0000] {python.py:194} INFO - Done. Returned value was: None
[2023-11-22T06:09:45.065+0000] {taskinstance.py:1400} INFO - Marking task as SUCCESS. dag_id=outcomes_dag, task_id=Load, execution_date=20231115T000000, start_date=20231122T060943, end_date=20231122T060945
[2023-11-22T06:09:45.093+0000] {local_task_job_runner.py:228} INFO - Task exited with return code 0
[2023-11-22T06:19:04.939+0000] {taskinstance.py:1159} INFO - Dependencies all met for dep_context=non-requeueable deps ti=<TaskInstance: outcomes_dag.Load scheduled__2023-11-15T00:00:00+00:00 [queued]>
[2023-11-22T06:19:04.956+0000] {taskinstance.py:1159} INFO - Dependencies all met for dep_context=requeueable deps ti=<TaskInstance: outcomes_dag.Load scheduled__2023-11-15T00:00:00+00:00 [queued]>
[2023-11-22T06:19:04.956+0000] {taskinstance.py:1361} INFO - Starting attempt 1 of 4
[2023-11-22T06:19:04.968+0000] {taskinstance.py:1382} INFO - Executing <Task(PythonOperator): Load> on 2023-11-15 00:00:00+00:00
[2023-11-22T06:19:04.982+0000] {standard_task_runner.py:57} INFO - Started process 128 to run task
[2023-11-22T06:19:04.995+0000] {standard_task_runner.py:84} INFO - Running: ['***', 'tasks', 'run', 'outcomes_dag', 'Load', 'scheduled__2023-11-15T00:00:00+00:00', '--job-id', '25', '--raw', '--subdir', 'DAGS_FOLDER/outcomes_dag.py', '--cfg-path', '/tmp/tmpk9878ywp']
[2023-11-22T06:19:04.999+0000] {standard_task_runner.py:85} INFO - Job 25: Subtask Load
[2023-11-22T06:19:05.048+0000] {task_command.py:416} INFO - Running <TaskInstance: outcomes_dag.Load scheduled__2023-11-15T00:00:00+00:00 [running]> on host 836b7d8b8a64
[2023-11-22T06:19:05.112+0000] {taskinstance.py:1662} INFO - Exporting env vars: AIRFLOW_CTX_DAG_OWNER='***' AIRFLOW_CTX_DAG_ID='outcomes_dag' AIRFLOW_CTX_TASK_ID='Load' AIRFLOW_CTX_EXECUTION_DATE='2023-11-15T00:00:00+00:00' AIRFLOW_CTX_TRY_NUMBER='1' AIRFLOW_CTX_DAG_RUN_ID='scheduled__2023-11-15T00:00:00+00:00'
[2023-11-22T06:19:05.114+0000] {logging_mixin.py:154} INFO - Getting data from Cloud Storage
[2023-11-22T06:19:06.041+0000] {logging_mixin.py:154} INFO - Data is in Staging Table...
[2023-11-22T06:19:06.042+0000] {python.py:194} INFO - Done. Returned value was: None
[2023-11-22T06:19:06.066+0000] {taskinstance.py:1400} INFO - Marking task as SUCCESS. dag_id=outcomes_dag, task_id=Load, execution_date=20231115T000000, start_date=20231122T061904, end_date=20231122T061906
[2023-11-22T06:19:06.122+0000] {local_task_job_runner.py:228} INFO - Task exited with return code 0
[2023-11-22T07:15:07.668+0000] {taskinstance.py:1159} INFO - Dependencies all met for dep_context=non-requeueable deps ti=<TaskInstance: outcomes_dag.Load scheduled__2023-11-15T00:00:00+00:00 [queued]>
[2023-11-22T07:15:07.688+0000] {taskinstance.py:1159} INFO - Dependencies all met for dep_context=requeueable deps ti=<TaskInstance: outcomes_dag.Load scheduled__2023-11-15T00:00:00+00:00 [queued]>
[2023-11-22T07:15:07.689+0000] {taskinstance.py:1361} INFO - Starting attempt 1 of 4
[2023-11-22T07:15:07.704+0000] {taskinstance.py:1382} INFO - Executing <Task(PythonOperator): Load> on 2023-11-15 00:00:00+00:00
[2023-11-22T07:15:07.727+0000] {standard_task_runner.py:57} INFO - Started process 124 to run task
[2023-11-22T07:15:07.762+0000] {standard_task_runner.py:84} INFO - Running: ['***', 'tasks', 'run', 'outcomes_dag', 'Load', 'scheduled__2023-11-15T00:00:00+00:00', '--job-id', '22', '--raw', '--subdir', 'DAGS_FOLDER/outcomes_dag.py', '--cfg-path', '/tmp/tmpngst05ve']
[2023-11-22T07:15:07.779+0000] {standard_task_runner.py:85} INFO - Job 22: Subtask Load
[2023-11-22T07:15:07.976+0000] {task_command.py:416} INFO - Running <TaskInstance: outcomes_dag.Load scheduled__2023-11-15T00:00:00+00:00 [running]> on host 011245d9ad62
[2023-11-22T07:15:08.169+0000] {taskinstance.py:1662} INFO - Exporting env vars: AIRFLOW_CTX_DAG_OWNER='***' AIRFLOW_CTX_DAG_ID='outcomes_dag' AIRFLOW_CTX_TASK_ID='Load' AIRFLOW_CTX_EXECUTION_DATE='2023-11-15T00:00:00+00:00' AIRFLOW_CTX_TRY_NUMBER='1' AIRFLOW_CTX_DAG_RUN_ID='scheduled__2023-11-15T00:00:00+00:00'
[2023-11-22T07:15:08.179+0000] {logging_mixin.py:154} INFO - Getting data from Cloud Storage
[2023-11-22T07:15:09.206+0000] {logging_mixin.py:154} INFO - Data is in Staging Table...
[2023-11-22T07:15:09.206+0000] {python.py:194} INFO - Done. Returned value was: None
[2023-11-22T07:15:09.221+0000] {taskinstance.py:1400} INFO - Marking task as SUCCESS. dag_id=outcomes_dag, task_id=Load, execution_date=20231115T000000, start_date=20231122T071507, end_date=20231122T071509
[2023-11-22T07:15:09.253+0000] {local_task_job_runner.py:228} INFO - Task exited with return code 0
[2023-11-22T07:54:14.556+0000] {taskinstance.py:1159} INFO - Dependencies all met for dep_context=non-requeueable deps ti=<TaskInstance: outcomes_dag.Load scheduled__2023-11-15T00:00:00+00:00 [queued]>
[2023-11-22T07:54:14.610+0000] {taskinstance.py:1159} INFO - Dependencies all met for dep_context=requeueable deps ti=<TaskInstance: outcomes_dag.Load scheduled__2023-11-15T00:00:00+00:00 [queued]>
[2023-11-22T07:54:14.613+0000] {taskinstance.py:1361} INFO - Starting attempt 1 of 4
[2023-11-22T07:54:14.677+0000] {taskinstance.py:1382} INFO - Executing <Task(PythonOperator): Load> on 2023-11-15 00:00:00+00:00
[2023-11-22T07:54:14.722+0000] {standard_task_runner.py:57} INFO - Started process 404 to run task
[2023-11-22T07:54:14.753+0000] {standard_task_runner.py:84} INFO - Running: ['***', 'tasks', 'run', 'outcomes_dag', 'Load', 'scheduled__2023-11-15T00:00:00+00:00', '--job-id', '46', '--raw', '--subdir', 'DAGS_FOLDER/outcomes_dag.py', '--cfg-path', '/tmp/tmp6ti4irvm']
[2023-11-22T07:54:14.789+0000] {standard_task_runner.py:85} INFO - Job 46: Subtask Load
[2023-11-22T07:54:14.988+0000] {task_command.py:416} INFO - Running <TaskInstance: outcomes_dag.Load scheduled__2023-11-15T00:00:00+00:00 [running]> on host 6318e996d951
[2023-11-22T07:54:15.241+0000] {taskinstance.py:1662} INFO - Exporting env vars: AIRFLOW_CTX_DAG_OWNER='***' AIRFLOW_CTX_DAG_ID='outcomes_dag' AIRFLOW_CTX_TASK_ID='Load' AIRFLOW_CTX_EXECUTION_DATE='2023-11-15T00:00:00+00:00' AIRFLOW_CTX_TRY_NUMBER='1' AIRFLOW_CTX_DAG_RUN_ID='scheduled__2023-11-15T00:00:00+00:00'
[2023-11-22T07:54:15.246+0000] {logging_mixin.py:154} INFO - Getting data from Cloud Storage
[2023-11-22T07:54:16.669+0000] {logging_mixin.py:154} INFO - Data is in Staging Table...
[2023-11-22T07:54:16.693+0000] {python.py:194} INFO - Done. Returned value was: None
[2023-11-22T07:54:16.845+0000] {taskinstance.py:1400} INFO - Marking task as SUCCESS. dag_id=outcomes_dag, task_id=Load, execution_date=20231115T000000, start_date=20231122T075414, end_date=20231122T075416
[2023-11-22T07:54:17.009+0000] {local_task_job_runner.py:228} INFO - Task exited with return code 0
[2023-11-23T01:49:43.193+0000] {taskinstance.py:1159} INFO - Dependencies all met for dep_context=non-requeueable deps ti=<TaskInstance: outcomes_dag.Load scheduled__2023-11-15T00:00:00+00:00 [queued]>
[2023-11-23T01:49:43.220+0000] {taskinstance.py:1159} INFO - Dependencies all met for dep_context=requeueable deps ti=<TaskInstance: outcomes_dag.Load scheduled__2023-11-15T00:00:00+00:00 [queued]>
[2023-11-23T01:49:43.221+0000] {taskinstance.py:1361} INFO - Starting attempt 1 of 4
[2023-11-23T01:49:43.249+0000] {taskinstance.py:1382} INFO - Executing <Task(PythonOperator): Load> on 2023-11-15 00:00:00+00:00
[2023-11-23T01:49:43.312+0000] {standard_task_runner.py:57} INFO - Started process 205 to run task
[2023-11-23T01:49:43.327+0000] {standard_task_runner.py:84} INFO - Running: ['***', 'tasks', 'run', 'outcomes_dag', 'Load', 'scheduled__2023-11-15T00:00:00+00:00', '--job-id', '48', '--raw', '--subdir', 'DAGS_FOLDER/outcomes_dag.py', '--cfg-path', '/tmp/tmpx4i3lntz']
[2023-11-23T01:49:43.344+0000] {standard_task_runner.py:85} INFO - Job 48: Subtask Load
[2023-11-23T01:49:43.646+0000] {task_command.py:416} INFO - Running <TaskInstance: outcomes_dag.Load scheduled__2023-11-15T00:00:00+00:00 [running]> on host d15d3caa5b00
[2023-11-23T01:49:43.908+0000] {taskinstance.py:1662} INFO - Exporting env vars: AIRFLOW_CTX_DAG_OWNER='***' AIRFLOW_CTX_DAG_ID='outcomes_dag' AIRFLOW_CTX_TASK_ID='Load' AIRFLOW_CTX_EXECUTION_DATE='2023-11-15T00:00:00+00:00' AIRFLOW_CTX_TRY_NUMBER='1' AIRFLOW_CTX_DAG_RUN_ID='scheduled__2023-11-15T00:00:00+00:00'
[2023-11-23T01:49:43.956+0000] {logging_mixin.py:154} INFO - Getting data from Cloud Storage
[2023-11-23T01:49:45.212+0000] {logging_mixin.py:154} INFO - Data is in Staging Table...
[2023-11-23T01:49:45.222+0000] {python.py:194} INFO - Done. Returned value was: None
[2023-11-23T01:49:45.258+0000] {taskinstance.py:1400} INFO - Marking task as SUCCESS. dag_id=outcomes_dag, task_id=Load, execution_date=20231115T000000, start_date=20231123T014943, end_date=20231123T014945
[2023-11-23T01:49:45.447+0000] {local_task_job_runner.py:228} INFO - Task exited with return code 0
[2023-11-23T03:40:52.316+0000] {taskinstance.py:1159} INFO - Dependencies all met for dep_context=non-requeueable deps ti=<TaskInstance: outcomes_dag.Load scheduled__2023-11-15T00:00:00+00:00 [queued]>
[2023-11-23T03:40:52.364+0000] {taskinstance.py:1159} INFO - Dependencies all met for dep_context=requeueable deps ti=<TaskInstance: outcomes_dag.Load scheduled__2023-11-15T00:00:00+00:00 [queued]>
[2023-11-23T03:40:52.374+0000] {taskinstance.py:1361} INFO - Starting attempt 1 of 4
[2023-11-23T03:40:52.422+0000] {taskinstance.py:1382} INFO - Executing <Task(PythonOperator): Load> on 2023-11-15 00:00:00+00:00
[2023-11-23T03:40:52.440+0000] {standard_task_runner.py:57} INFO - Started process 201 to run task
[2023-11-23T03:40:52.462+0000] {standard_task_runner.py:84} INFO - Running: ['***', 'tasks', 'run', 'outcomes_dag', 'Load', 'scheduled__2023-11-15T00:00:00+00:00', '--job-id', '49', '--raw', '--subdir', 'DAGS_FOLDER/outcomes_dag.py', '--cfg-path', '/tmp/tmpx44_fq_z']
[2023-11-23T03:40:52.522+0000] {standard_task_runner.py:85} INFO - Job 49: Subtask Load
[2023-11-23T03:40:52.704+0000] {task_command.py:416} INFO - Running <TaskInstance: outcomes_dag.Load scheduled__2023-11-15T00:00:00+00:00 [running]> on host e647c96745b0
[2023-11-23T03:40:52.884+0000] {taskinstance.py:1662} INFO - Exporting env vars: AIRFLOW_CTX_DAG_OWNER='***' AIRFLOW_CTX_DAG_ID='outcomes_dag' AIRFLOW_CTX_TASK_ID='Load' AIRFLOW_CTX_EXECUTION_DATE='2023-11-15T00:00:00+00:00' AIRFLOW_CTX_TRY_NUMBER='1' AIRFLOW_CTX_DAG_RUN_ID='scheduled__2023-11-15T00:00:00+00:00'
[2023-11-23T03:40:52.887+0000] {logging_mixin.py:154} INFO - Getting data from Cloud Storage
[2023-11-23T03:40:54.127+0000] {logging_mixin.py:154} INFO - Data is in Staging Area...
[2023-11-23T03:40:54.136+0000] {python.py:194} INFO - Done. Returned value was: None
[2023-11-23T03:40:54.187+0000] {taskinstance.py:1400} INFO - Marking task as SUCCESS. dag_id=outcomes_dag, task_id=Load, execution_date=20231115T000000, start_date=20231123T034052, end_date=20231123T034054
[2023-11-23T03:40:54.308+0000] {local_task_job_runner.py:228} INFO - Task exited with return code 0
