[2023-11-23T00:02:46.403+0000] {taskinstance.py:1159} INFO - Dependencies all met for dep_context=non-requeueable deps ti=<TaskInstance: outcomes_dag.Initialize_wharehouse_schema scheduled__2023-11-18T00:00:00+00:00 [queued]>
[2023-11-23T00:02:46.406+0000] {taskinstance.py:1159} INFO - Dependencies all met for dep_context=requeueable deps ti=<TaskInstance: outcomes_dag.Initialize_wharehouse_schema scheduled__2023-11-18T00:00:00+00:00 [queued]>
[2023-11-23T00:02:46.407+0000] {taskinstance.py:1361} INFO - Starting attempt 2 of 2
[2023-11-23T00:02:46.412+0000] {taskinstance.py:1382} INFO - Executing <Task(PythonOperator): Initialize_wharehouse_schema> on 2023-11-18 00:00:00+00:00
[2023-11-23T00:02:46.416+0000] {standard_task_runner.py:57} INFO - Started process 833 to run task
[2023-11-23T00:02:46.419+0000] {standard_task_runner.py:84} INFO - Running: ['***', 'tasks', 'run', 'outcomes_dag', 'Initialize_wharehouse_schema', 'scheduled__2023-11-18T00:00:00+00:00', '--job-id', '161', '--raw', '--subdir', 'DAGS_FOLDER/outcomes_dag.py', '--cfg-path', '/tmp/tmpwehsazgh']
[2023-11-23T00:02:46.421+0000] {standard_task_runner.py:85} INFO - Job 161: Subtask Initialize_wharehouse_schema
[2023-11-23T00:02:46.448+0000] {task_command.py:416} INFO - Running <TaskInstance: outcomes_dag.Initialize_wharehouse_schema scheduled__2023-11-18T00:00:00+00:00 [running]> on host 371cae71aa63
[2023-11-23T00:02:46.488+0000] {taskinstance.py:1662} INFO - Exporting env vars: AIRFLOW_CTX_DAG_OWNER='***' AIRFLOW_CTX_DAG_ID='outcomes_dag' AIRFLOW_CTX_TASK_ID='Initialize_wharehouse_schema' AIRFLOW_CTX_EXECUTION_DATE='2023-11-18T00:00:00+00:00' AIRFLOW_CTX_TRY_NUMBER='2' AIRFLOW_CTX_DAG_RUN_ID='scheduled__2023-11-18T00:00:00+00:00'
[2023-11-23T00:02:46.823+0000] {taskinstance.py:1937} ERROR - Task failed with exception
Traceback (most recent call last):
  File "/home/airflow/.local/lib/python3.8/site-packages/airflow/operators/python.py", line 192, in execute
    return_value = self.execute_callable()
  File "/home/airflow/.local/lib/python3.8/site-packages/airflow/operators/python.py", line 209, in execute_callable
    return self.python_callable(*self.op_args, **self.op_kwargs)
  File "/opt/airflow/dags/ETL/load.py", line 16, in execute_sql_script
    client.query(statement)
  File "/home/airflow/.local/lib/python3.8/site-packages/google/cloud/bigquery/client.py", line 3391, in query
    return _job_helpers.query_jobs_insert(
  File "/home/airflow/.local/lib/python3.8/site-packages/google/cloud/bigquery/_job_helpers.py", line 114, in query_jobs_insert
    future = do_query()
  File "/home/airflow/.local/lib/python3.8/site-packages/google/cloud/bigquery/_job_helpers.py", line 91, in do_query
    query_job._begin(retry=retry, timeout=timeout)
  File "/home/airflow/.local/lib/python3.8/site-packages/google/cloud/bigquery/job/query.py", line 1370, in _begin
    super(QueryJob, self)._begin(client=client, retry=retry, timeout=timeout)
  File "/home/airflow/.local/lib/python3.8/site-packages/google/cloud/bigquery/job/base.py", line 693, in _begin
    api_response = client._call_api(
  File "/home/airflow/.local/lib/python3.8/site-packages/google/cloud/bigquery/client.py", line 808, in _call_api
    return call()
  File "/home/airflow/.local/lib/python3.8/site-packages/google/api_core/retry.py", line 366, in retry_wrapped_func
    return retry_target(
  File "/home/airflow/.local/lib/python3.8/site-packages/google/api_core/retry.py", line 204, in retry_target
    return target()
  File "/home/airflow/.local/lib/python3.8/site-packages/google/cloud/_http/__init__.py", line 494, in api_request
    raise exceptions.from_http_response(response)
google.api_core.exceptions.BadRequest: 400 POST https://bigquery.googleapis.com/bigquery/v2/projects/DCSC-warehouse/jobs?prettyPrint=false: ProjectId and DatasetId must be non-empty

Location: None
Job ID: aac16422-16fe-4f26-9503-1850d731505f

[2023-11-23T00:02:46.847+0000] {taskinstance.py:1400} INFO - Marking task as FAILED. dag_id=outcomes_dag, task_id=Initialize_wharehouse_schema, execution_date=20231118T000000, start_date=20231123T000246, end_date=20231123T000246
[2023-11-23T00:02:46.853+0000] {standard_task_runner.py:104} ERROR - Failed to execute job 161 for task Initialize_wharehouse_schema (400 POST https://bigquery.googleapis.com/bigquery/v2/projects/DCSC-warehouse/jobs?prettyPrint=false: ProjectId and DatasetId must be non-empty

Location: None
Job ID: aac16422-16fe-4f26-9503-1850d731505f
; 833)
[2023-11-23T00:02:46.889+0000] {local_task_job_runner.py:228} INFO - Task exited with return code 1
