[2023-11-21T01:20:59.326+0000] {taskinstance.py:1159} INFO - Dependencies all met for dep_context=non-requeueable deps ti=<TaskInstance: outcomes_dag.transform scheduled__2023-11-11T00:00:00+00:00 [queued]>
[2023-11-21T01:20:59.395+0000] {taskinstance.py:1159} INFO - Dependencies all met for dep_context=requeueable deps ti=<TaskInstance: outcomes_dag.transform scheduled__2023-11-11T00:00:00+00:00 [queued]>
[2023-11-21T01:20:59.400+0000] {taskinstance.py:1361} INFO - Starting attempt 1 of 1
[2023-11-21T01:20:59.505+0000] {taskinstance.py:1382} INFO - Executing <Task(PythonOperator): transform> on 2023-11-11 00:00:00+00:00
[2023-11-21T01:20:59.563+0000] {standard_task_runner.py:57} INFO - Started process 235 to run task
[2023-11-21T01:20:59.622+0000] {standard_task_runner.py:84} INFO - Running: ['***', 'tasks', 'run', 'outcomes_dag', 'transform', 'scheduled__2023-11-11T00:00:00+00:00', '--job-id', '41', '--raw', '--subdir', 'DAGS_FOLDER/outcomes_dag.py', '--cfg-path', '/tmp/tmpie9n8z2_']
[2023-11-21T01:20:59.685+0000] {standard_task_runner.py:85} INFO - Job 41: Subtask transform
[2023-11-21T01:20:59.958+0000] {task_command.py:416} INFO - Running <TaskInstance: outcomes_dag.transform scheduled__2023-11-11T00:00:00+00:00 [running]> on host f31a30014ab0
[2023-11-21T01:21:11.036+0000] {taskinstance.py:1662} INFO - Exporting env vars: AIRFLOW_CTX_DAG_OWNER='***' AIRFLOW_CTX_DAG_ID='outcomes_dag' AIRFLOW_CTX_TASK_ID='transform' AIRFLOW_CTX_EXECUTION_DATE='2023-11-11T00:00:00+00:00' AIRFLOW_CTX_TRY_NUMBER='1' AIRFLOW_CTX_DAG_RUN_ID='scheduled__2023-11-11T00:00:00+00:00'
[2023-11-21T01:21:11.417+0000] {python.py:194} INFO - Done. Returned value was: None
[2023-11-21T01:21:11.469+0000] {taskinstance.py:1400} INFO - Marking task as SUCCESS. dag_id=outcomes_dag, task_id=transform, execution_date=20231111T000000, start_date=20231121T012059, end_date=20231121T012111
[2023-11-21T01:21:11.576+0000] {local_task_job_runner.py:228} INFO - Task exited with return code 0
[2023-11-21T01:21:11.849+0000] {taskinstance.py:2778} INFO - 0 downstream tasks scheduled from follow-on schedule check
[2023-11-21T02:36:22.565+0000] {taskinstance.py:1159} INFO - Dependencies all met for dep_context=non-requeueable deps ti=<TaskInstance: outcomes_dag.transform scheduled__2023-11-11T00:00:00+00:00 [queued]>
[2023-11-21T02:36:22.588+0000] {taskinstance.py:1159} INFO - Dependencies all met for dep_context=requeueable deps ti=<TaskInstance: outcomes_dag.transform scheduled__2023-11-11T00:00:00+00:00 [queued]>
[2023-11-21T02:36:22.592+0000] {taskinstance.py:1361} INFO - Starting attempt 1 of 1
[2023-11-21T02:36:22.708+0000] {taskinstance.py:1382} INFO - Executing <Task(PythonOperator): transform> on 2023-11-11 00:00:00+00:00
[2023-11-21T02:36:22.731+0000] {standard_task_runner.py:57} INFO - Started process 209 to run task
[2023-11-21T02:36:22.746+0000] {standard_task_runner.py:84} INFO - Running: ['***', 'tasks', 'run', 'outcomes_dag', 'transform', 'scheduled__2023-11-11T00:00:00+00:00', '--job-id', '36', '--raw', '--subdir', 'DAGS_FOLDER/outcomes_dag.py', '--cfg-path', '/tmp/tmpvcqyj_dw']
[2023-11-21T02:36:22.781+0000] {standard_task_runner.py:85} INFO - Job 36: Subtask transform
[2023-11-21T02:36:22.950+0000] {task_command.py:416} INFO - Running <TaskInstance: outcomes_dag.transform scheduled__2023-11-11T00:00:00+00:00 [running]> on host b875fa978b1e
[2023-11-21T02:36:26.349+0000] {taskinstance.py:1662} INFO - Exporting env vars: AIRFLOW_CTX_DAG_OWNER='***' AIRFLOW_CTX_DAG_ID='outcomes_dag' AIRFLOW_CTX_TASK_ID='transform' AIRFLOW_CTX_EXECUTION_DATE='2023-11-11T00:00:00+00:00' AIRFLOW_CTX_TRY_NUMBER='1' AIRFLOW_CTX_DAG_RUN_ID='scheduled__2023-11-11T00:00:00+00:00'
[2023-11-21T02:36:26.580+0000] {python.py:194} INFO - Done. Returned value was: None
[2023-11-21T02:36:26.621+0000] {taskinstance.py:1400} INFO - Marking task as SUCCESS. dag_id=outcomes_dag, task_id=transform, execution_date=20231111T000000, start_date=20231121T023622, end_date=20231121T023626
[2023-11-21T02:36:26.733+0000] {local_task_job_runner.py:228} INFO - Task exited with return code 0
[2023-11-21T02:36:26.910+0000] {taskinstance.py:2778} INFO - 0 downstream tasks scheduled from follow-on schedule check
[2023-11-22T07:54:01.454+0000] {taskinstance.py:1159} INFO - Dependencies all met for dep_context=non-requeueable deps ti=<TaskInstance: outcomes_dag.Transform scheduled__2023-11-11T00:00:00+00:00 [queued]>
[2023-11-22T07:54:01.493+0000] {taskinstance.py:1159} INFO - Dependencies all met for dep_context=requeueable deps ti=<TaskInstance: outcomes_dag.Transform scheduled__2023-11-11T00:00:00+00:00 [queued]>
[2023-11-22T07:54:01.494+0000] {taskinstance.py:1361} INFO - Starting attempt 1 of 1
[2023-11-22T07:54:01.534+0000] {taskinstance.py:1382} INFO - Executing <Task(PythonOperator): Transform> on 2023-11-11 00:00:00+00:00
[2023-11-22T07:54:01.584+0000] {standard_task_runner.py:57} INFO - Started process 349 to run task
[2023-11-22T07:54:01.631+0000] {standard_task_runner.py:84} INFO - Running: ['***', 'tasks', 'run', 'outcomes_dag', 'Transform', 'scheduled__2023-11-11T00:00:00+00:00', '--job-id', '32', '--raw', '--subdir', 'DAGS_FOLDER/outcomes_dag.py', '--cfg-path', '/tmp/tmpu4ra8eeb']
[2023-11-22T07:54:01.652+0000] {standard_task_runner.py:85} INFO - Job 32: Subtask Transform
[2023-11-22T07:54:01.854+0000] {task_command.py:416} INFO - Running <TaskInstance: outcomes_dag.Transform scheduled__2023-11-11T00:00:00+00:00 [running]> on host 6318e996d951
[2023-11-22T07:54:02.092+0000] {taskinstance.py:1662} INFO - Exporting env vars: AIRFLOW_CTX_DAG_OWNER='***' AIRFLOW_CTX_DAG_ID='outcomes_dag' AIRFLOW_CTX_TASK_ID='Transform' AIRFLOW_CTX_EXECUTION_DATE='2023-11-11T00:00:00+00:00' AIRFLOW_CTX_TRY_NUMBER='1' AIRFLOW_CTX_DAG_RUN_ID='scheduled__2023-11-11T00:00:00+00:00'
[2023-11-22T07:54:02.099+0000] {logging_mixin.py:154} INFO - Getting data from Cloud Storage
[2023-11-22T07:54:02.906+0000] {logging_mixin.py:154} INFO - Index(['animal_id', 'name', 'datetime', 'monthyear', 'date_of_birth',
       'outcome_type', 'animal_type', 'sex_upon_outcome', 'age_upon_outcome',
       'breed', 'color', 'outcome_subtype'],
      dtype='object')
[2023-11-22T07:54:03.403+0000] {logging_mixin.py:154} INFO - Data Deposited into Cloud Storage
[2023-11-22T07:54:03.405+0000] {python.py:194} INFO - Done. Returned value was: None
[2023-11-22T07:54:03.479+0000] {taskinstance.py:1400} INFO - Marking task as SUCCESS. dag_id=outcomes_dag, task_id=Transform, execution_date=20231111T000000, start_date=20231122T075401, end_date=20231122T075403
[2023-11-22T07:54:03.599+0000] {local_task_job_runner.py:228} INFO - Task exited with return code 0
[2023-11-22T22:41:27.644+0000] {taskinstance.py:1159} INFO - Dependencies all met for dep_context=non-requeueable deps ti=<TaskInstance: outcomes_dag.Transform scheduled__2023-11-11T00:00:00+00:00 [queued]>
[2023-11-22T22:41:27.710+0000] {taskinstance.py:1159} INFO - Dependencies all met for dep_context=requeueable deps ti=<TaskInstance: outcomes_dag.Transform scheduled__2023-11-11T00:00:00+00:00 [queued]>
[2023-11-22T22:41:27.714+0000] {taskinstance.py:1361} INFO - Starting attempt 1 of 1
[2023-11-22T22:41:27.814+0000] {taskinstance.py:1382} INFO - Executing <Task(PythonOperator): Transform> on 2023-11-11 00:00:00+00:00
[2023-11-22T22:41:27.836+0000] {standard_task_runner.py:57} INFO - Started process 178 to run task
[2023-11-22T22:41:27.888+0000] {standard_task_runner.py:84} INFO - Running: ['***', 'tasks', 'run', 'outcomes_dag', 'Transform', 'scheduled__2023-11-11T00:00:00+00:00', '--job-id', '26', '--raw', '--subdir', 'DAGS_FOLDER/outcomes_dag.py', '--cfg-path', '/tmp/tmpsnbjk9tp']
[2023-11-22T22:41:27.919+0000] {standard_task_runner.py:85} INFO - Job 26: Subtask Transform
[2023-11-22T22:41:28.113+0000] {task_command.py:416} INFO - Running <TaskInstance: outcomes_dag.Transform scheduled__2023-11-11T00:00:00+00:00 [running]> on host 8ac13583809b
[2023-11-22T22:41:28.379+0000] {taskinstance.py:1662} INFO - Exporting env vars: AIRFLOW_CTX_DAG_OWNER='***' AIRFLOW_CTX_DAG_ID='outcomes_dag' AIRFLOW_CTX_TASK_ID='Transform' AIRFLOW_CTX_EXECUTION_DATE='2023-11-11T00:00:00+00:00' AIRFLOW_CTX_TRY_NUMBER='1' AIRFLOW_CTX_DAG_RUN_ID='scheduled__2023-11-11T00:00:00+00:00'
[2023-11-22T22:41:28.386+0000] {logging_mixin.py:154} INFO - Getting data from Cloud Storage
[2023-11-22T22:41:29.271+0000] {logging_mixin.py:154} INFO - Index(['animal_id', 'name', 'datetime', 'monthyear', 'date_of_birth',
       'outcome_type', 'animal_type', 'sex_upon_outcome', 'age_upon_outcome',
       'breed', 'color', 'outcome_subtype'],
      dtype='object')
[2023-11-22T22:41:29.584+0000] {logging_mixin.py:154} INFO - Data Deposited into Cloud Storage
[2023-11-22T22:41:29.595+0000] {python.py:194} INFO - Done. Returned value was: None
[2023-11-22T22:41:29.704+0000] {taskinstance.py:1400} INFO - Marking task as SUCCESS. dag_id=outcomes_dag, task_id=Transform, execution_date=20231111T000000, start_date=20231122T224127, end_date=20231122T224129
[2023-11-22T22:41:29.961+0000] {local_task_job_runner.py:228} INFO - Task exited with return code 0
[2023-11-22T22:59:47.738+0000] {taskinstance.py:1159} INFO - Dependencies all met for dep_context=non-requeueable deps ti=<TaskInstance: outcomes_dag.Transform scheduled__2023-11-11T00:00:00+00:00 [queued]>
[2023-11-22T22:59:47.756+0000] {taskinstance.py:1159} INFO - Dependencies all met for dep_context=requeueable deps ti=<TaskInstance: outcomes_dag.Transform scheduled__2023-11-11T00:00:00+00:00 [queued]>
[2023-11-22T22:59:47.757+0000] {taskinstance.py:1361} INFO - Starting attempt 1 of 1
[2023-11-22T22:59:47.802+0000] {taskinstance.py:1382} INFO - Executing <Task(PythonOperator): Transform> on 2023-11-11 00:00:00+00:00
[2023-11-22T22:59:47.829+0000] {standard_task_runner.py:57} INFO - Started process 143 to run task
[2023-11-22T22:59:47.857+0000] {standard_task_runner.py:84} INFO - Running: ['***', 'tasks', 'run', 'outcomes_dag', 'Transform', 'scheduled__2023-11-11T00:00:00+00:00', '--job-id', '24', '--raw', '--subdir', 'DAGS_FOLDER/outcomes_dag.py', '--cfg-path', '/tmp/tmptemc61wk']
[2023-11-22T22:59:47.870+0000] {standard_task_runner.py:85} INFO - Job 24: Subtask Transform
[2023-11-22T22:59:48.108+0000] {task_command.py:416} INFO - Running <TaskInstance: outcomes_dag.Transform scheduled__2023-11-11T00:00:00+00:00 [running]> on host 4b2f5af281f8
[2023-11-22T22:59:48.257+0000] {taskinstance.py:1662} INFO - Exporting env vars: AIRFLOW_CTX_DAG_OWNER='***' AIRFLOW_CTX_DAG_ID='outcomes_dag' AIRFLOW_CTX_TASK_ID='Transform' AIRFLOW_CTX_EXECUTION_DATE='2023-11-11T00:00:00+00:00' AIRFLOW_CTX_TRY_NUMBER='1' AIRFLOW_CTX_DAG_RUN_ID='scheduled__2023-11-11T00:00:00+00:00'
[2023-11-22T22:59:48.261+0000] {logging_mixin.py:154} INFO - Getting data from Cloud Storage
[2023-11-22T22:59:50.186+0000] {logging_mixin.py:154} INFO - Index(['animal_id', 'name', 'datetime', 'monthyear', 'date_of_birth',
       'outcome_type', 'animal_type', 'sex_upon_outcome', 'age_upon_outcome',
       'breed', 'color', 'outcome_subtype'],
      dtype='object')
[2023-11-22T22:59:51.950+0000] {logging_mixin.py:154} INFO - Data Deposited into Cloud Storage
[2023-11-22T22:59:51.953+0000] {python.py:194} INFO - Done. Returned value was: None
[2023-11-22T22:59:51.991+0000] {taskinstance.py:1400} INFO - Marking task as SUCCESS. dag_id=outcomes_dag, task_id=Transform, execution_date=20231111T000000, start_date=20231122T225947, end_date=20231122T225951
[2023-11-22T22:59:52.131+0000] {local_task_job_runner.py:228} INFO - Task exited with return code 0
[2023-11-22T23:20:15.839+0000] {taskinstance.py:1159} INFO - Dependencies all met for dep_context=non-requeueable deps ti=<TaskInstance: outcomes_dag.Transform scheduled__2023-11-11T00:00:00+00:00 [queued]>
[2023-11-22T23:20:15.853+0000] {taskinstance.py:1159} INFO - Dependencies all met for dep_context=requeueable deps ti=<TaskInstance: outcomes_dag.Transform scheduled__2023-11-11T00:00:00+00:00 [queued]>
[2023-11-22T23:20:15.854+0000] {taskinstance.py:1361} INFO - Starting attempt 1 of 1
[2023-11-22T23:20:15.894+0000] {taskinstance.py:1382} INFO - Executing <Task(PythonOperator): Transform> on 2023-11-11 00:00:00+00:00
[2023-11-22T23:20:15.979+0000] {standard_task_runner.py:57} INFO - Started process 142 to run task
[2023-11-22T23:20:16.008+0000] {standard_task_runner.py:84} INFO - Running: ['***', 'tasks', 'run', 'outcomes_dag', 'Transform', 'scheduled__2023-11-11T00:00:00+00:00', '--job-id', '23', '--raw', '--subdir', 'DAGS_FOLDER/outcomes_dag.py', '--cfg-path', '/tmp/tmp7w7xjze8']
[2023-11-22T23:20:16.013+0000] {standard_task_runner.py:85} INFO - Job 23: Subtask Transform
[2023-11-22T23:20:16.149+0000] {task_command.py:416} INFO - Running <TaskInstance: outcomes_dag.Transform scheduled__2023-11-11T00:00:00+00:00 [running]> on host b410bfb4af5e
[2023-11-22T23:20:16.343+0000] {taskinstance.py:1662} INFO - Exporting env vars: AIRFLOW_CTX_DAG_OWNER='***' AIRFLOW_CTX_DAG_ID='outcomes_dag' AIRFLOW_CTX_TASK_ID='Transform' AIRFLOW_CTX_EXECUTION_DATE='2023-11-11T00:00:00+00:00' AIRFLOW_CTX_TRY_NUMBER='1' AIRFLOW_CTX_DAG_RUN_ID='scheduled__2023-11-11T00:00:00+00:00'
[2023-11-22T23:20:16.356+0000] {logging_mixin.py:154} INFO - Getting data from Cloud Storage
[2023-11-22T23:20:16.893+0000] {logging_mixin.py:154} INFO - Index(['animal_id', 'name', 'datetime', 'monthyear', 'date_of_birth',
       'outcome_type', 'animal_type', 'sex_upon_outcome', 'age_upon_outcome',
       'breed', 'color', 'outcome_subtype'],
      dtype='object')
[2023-11-22T23:20:17.118+0000] {logging_mixin.py:154} INFO - Data Deposited into Cloud Storage
[2023-11-22T23:20:17.118+0000] {python.py:194} INFO - Done. Returned value was: None
[2023-11-22T23:20:17.148+0000] {taskinstance.py:1400} INFO - Marking task as SUCCESS. dag_id=outcomes_dag, task_id=Transform, execution_date=20231111T000000, start_date=20231122T232015, end_date=20231122T232017
[2023-11-22T23:20:17.190+0000] {local_task_job_runner.py:228} INFO - Task exited with return code 0
[2023-11-22T23:43:04.450+0000] {taskinstance.py:1159} INFO - Dependencies all met for dep_context=non-requeueable deps ti=<TaskInstance: outcomes_dag.Transform scheduled__2023-11-11T00:00:00+00:00 [queued]>
[2023-11-22T23:43:04.503+0000] {taskinstance.py:1159} INFO - Dependencies all met for dep_context=requeueable deps ti=<TaskInstance: outcomes_dag.Transform scheduled__2023-11-11T00:00:00+00:00 [queued]>
[2023-11-22T23:43:04.506+0000] {taskinstance.py:1361} INFO - Starting attempt 1 of 1
[2023-11-22T23:43:04.571+0000] {taskinstance.py:1382} INFO - Executing <Task(PythonOperator): Transform> on 2023-11-11 00:00:00+00:00
[2023-11-22T23:43:04.652+0000] {standard_task_runner.py:57} INFO - Started process 166 to run task
[2023-11-22T23:43:04.670+0000] {standard_task_runner.py:84} INFO - Running: ['***', 'tasks', 'run', 'outcomes_dag', 'Transform', 'scheduled__2023-11-11T00:00:00+00:00', '--job-id', '32', '--raw', '--subdir', 'DAGS_FOLDER/outcomes_dag.py', '--cfg-path', '/tmp/tmpxr48iqbd']
[2023-11-22T23:43:04.679+0000] {standard_task_runner.py:85} INFO - Job 32: Subtask Transform
[2023-11-22T23:43:04.889+0000] {task_command.py:416} INFO - Running <TaskInstance: outcomes_dag.Transform scheduled__2023-11-11T00:00:00+00:00 [running]> on host 371cae71aa63
[2023-11-22T23:43:05.173+0000] {taskinstance.py:1662} INFO - Exporting env vars: AIRFLOW_CTX_DAG_OWNER='***' AIRFLOW_CTX_DAG_ID='outcomes_dag' AIRFLOW_CTX_TASK_ID='Transform' AIRFLOW_CTX_EXECUTION_DATE='2023-11-11T00:00:00+00:00' AIRFLOW_CTX_TRY_NUMBER='1' AIRFLOW_CTX_DAG_RUN_ID='scheduled__2023-11-11T00:00:00+00:00'
[2023-11-22T23:43:05.195+0000] {logging_mixin.py:154} INFO - Getting data from Cloud Storage
[2023-11-22T23:43:05.678+0000] {logging_mixin.py:154} INFO - Index(['animal_id', 'name', 'datetime', 'monthyear', 'date_of_birth',
       'outcome_type', 'outcome_subtype', 'animal_type', 'sex_upon_outcome',
       'age_upon_outcome', 'breed', 'color'],
      dtype='object')
[2023-11-22T23:43:06.116+0000] {logging_mixin.py:154} INFO - Data Deposited into Cloud Storage
[2023-11-22T23:43:06.120+0000] {python.py:194} INFO - Done. Returned value was: None
[2023-11-22T23:43:06.197+0000] {taskinstance.py:1400} INFO - Marking task as SUCCESS. dag_id=outcomes_dag, task_id=Transform, execution_date=20231111T000000, start_date=20231122T234304, end_date=20231122T234306
[2023-11-22T23:43:06.298+0000] {local_task_job_runner.py:228} INFO - Task exited with return code 0
[2023-11-23T00:39:27.254+0000] {taskinstance.py:1159} INFO - Dependencies all met for dep_context=non-requeueable deps ti=<TaskInstance: outcomes_dag.Transform scheduled__2023-11-11T00:00:00+00:00 [queued]>
[2023-11-23T00:39:27.276+0000] {taskinstance.py:1159} INFO - Dependencies all met for dep_context=requeueable deps ti=<TaskInstance: outcomes_dag.Transform scheduled__2023-11-11T00:00:00+00:00 [queued]>
[2023-11-23T00:39:27.277+0000] {taskinstance.py:1361} INFO - Starting attempt 1 of 1
[2023-11-23T00:39:27.316+0000] {taskinstance.py:1382} INFO - Executing <Task(PythonOperator): Transform> on 2023-11-11 00:00:00+00:00
[2023-11-23T00:39:27.329+0000] {standard_task_runner.py:57} INFO - Started process 161 to run task
[2023-11-23T00:39:27.334+0000] {standard_task_runner.py:84} INFO - Running: ['***', 'tasks', 'run', 'outcomes_dag', 'Transform', 'scheduled__2023-11-11T00:00:00+00:00', '--job-id', '34', '--raw', '--subdir', 'DAGS_FOLDER/outcomes_dag.py', '--cfg-path', '/tmp/tmpiva218gt']
[2023-11-23T00:39:27.337+0000] {standard_task_runner.py:85} INFO - Job 34: Subtask Transform
[2023-11-23T00:39:27.522+0000] {task_command.py:416} INFO - Running <TaskInstance: outcomes_dag.Transform scheduled__2023-11-11T00:00:00+00:00 [running]> on host 75913536581a
[2023-11-23T00:39:27.731+0000] {taskinstance.py:1662} INFO - Exporting env vars: AIRFLOW_CTX_DAG_OWNER='***' AIRFLOW_CTX_DAG_ID='outcomes_dag' AIRFLOW_CTX_TASK_ID='Transform' AIRFLOW_CTX_EXECUTION_DATE='2023-11-11T00:00:00+00:00' AIRFLOW_CTX_TRY_NUMBER='1' AIRFLOW_CTX_DAG_RUN_ID='scheduled__2023-11-11T00:00:00+00:00'
[2023-11-23T00:39:27.734+0000] {logging_mixin.py:154} INFO - Getting data from Cloud Storage
[2023-11-23T00:39:28.520+0000] {logging_mixin.py:154} INFO - Index(['animal_id', 'name', 'datetime', 'monthyear', 'date_of_birth',
       'outcome_type', 'animal_type', 'sex_upon_outcome', 'age_upon_outcome',
       'breed', 'color', 'outcome_subtype'],
      dtype='object')
[2023-11-23T00:39:29.312+0000] {logging_mixin.py:154} INFO - Data Deposited into Cloud Storage
[2023-11-23T00:39:29.313+0000] {python.py:194} INFO - Done. Returned value was: None
[2023-11-23T00:39:29.393+0000] {taskinstance.py:1400} INFO - Marking task as SUCCESS. dag_id=outcomes_dag, task_id=Transform, execution_date=20231111T000000, start_date=20231123T003927, end_date=20231123T003929
[2023-11-23T00:39:29.517+0000] {local_task_job_runner.py:228} INFO - Task exited with return code 0
[2023-11-23T01:49:34.324+0000] {taskinstance.py:1159} INFO - Dependencies all met for dep_context=non-requeueable deps ti=<TaskInstance: outcomes_dag.Transform scheduled__2023-11-11T00:00:00+00:00 [queued]>
[2023-11-23T01:49:34.385+0000] {taskinstance.py:1159} INFO - Dependencies all met for dep_context=requeueable deps ti=<TaskInstance: outcomes_dag.Transform scheduled__2023-11-11T00:00:00+00:00 [queued]>
[2023-11-23T01:49:34.387+0000] {taskinstance.py:1361} INFO - Starting attempt 1 of 1
[2023-11-23T01:49:34.449+0000] {taskinstance.py:1382} INFO - Executing <Task(PythonOperator): Transform> on 2023-11-11 00:00:00+00:00
[2023-11-23T01:49:34.499+0000] {standard_task_runner.py:57} INFO - Started process 159 to run task
[2023-11-23T01:49:34.521+0000] {standard_task_runner.py:84} INFO - Running: ['***', 'tasks', 'run', 'outcomes_dag', 'Transform', 'scheduled__2023-11-11T00:00:00+00:00', '--job-id', '30', '--raw', '--subdir', 'DAGS_FOLDER/outcomes_dag.py', '--cfg-path', '/tmp/tmpkv6mqp5d']
[2023-11-23T01:49:34.534+0000] {standard_task_runner.py:85} INFO - Job 30: Subtask Transform
[2023-11-23T01:49:34.855+0000] {task_command.py:416} INFO - Running <TaskInstance: outcomes_dag.Transform scheduled__2023-11-11T00:00:00+00:00 [running]> on host d15d3caa5b00
[2023-11-23T01:49:35.157+0000] {taskinstance.py:1662} INFO - Exporting env vars: AIRFLOW_CTX_DAG_OWNER='***' AIRFLOW_CTX_DAG_ID='outcomes_dag' AIRFLOW_CTX_TASK_ID='Transform' AIRFLOW_CTX_EXECUTION_DATE='2023-11-11T00:00:00+00:00' AIRFLOW_CTX_TRY_NUMBER='1' AIRFLOW_CTX_DAG_RUN_ID='scheduled__2023-11-11T00:00:00+00:00'
[2023-11-23T01:49:35.166+0000] {logging_mixin.py:154} INFO - Getting data from Cloud Storage
[2023-11-23T01:49:35.730+0000] {logging_mixin.py:154} INFO - Index(['animal_id', 'name', 'datetime', 'monthyear', 'date_of_birth',
       'outcome_type', 'animal_type', 'sex_upon_outcome', 'age_upon_outcome',
       'breed', 'color', 'outcome_subtype'],
      dtype='object')
[2023-11-23T01:49:36.015+0000] {logging_mixin.py:154} INFO - Data Deposited into Cloud Storage
[2023-11-23T01:49:36.038+0000] {python.py:194} INFO - Done. Returned value was: None
[2023-11-23T01:49:36.126+0000] {taskinstance.py:1400} INFO - Marking task as SUCCESS. dag_id=outcomes_dag, task_id=Transform, execution_date=20231111T000000, start_date=20231123T014934, end_date=20231123T014936
[2023-11-23T01:49:36.226+0000] {local_task_job_runner.py:228} INFO - Task exited with return code 0
[2023-11-23T03:40:43.670+0000] {taskinstance.py:1159} INFO - Dependencies all met for dep_context=non-requeueable deps ti=<TaskInstance: outcomes_dag.Transform scheduled__2023-11-11T00:00:00+00:00 [queued]>
[2023-11-23T03:40:43.679+0000] {taskinstance.py:1159} INFO - Dependencies all met for dep_context=requeueable deps ti=<TaskInstance: outcomes_dag.Transform scheduled__2023-11-11T00:00:00+00:00 [queued]>
[2023-11-23T03:40:43.679+0000] {taskinstance.py:1361} INFO - Starting attempt 1 of 1
[2023-11-23T03:40:43.704+0000] {taskinstance.py:1382} INFO - Executing <Task(PythonOperator): Transform> on 2023-11-11 00:00:00+00:00
[2023-11-23T03:40:43.722+0000] {standard_task_runner.py:57} INFO - Started process 151 to run task
[2023-11-23T03:40:43.741+0000] {standard_task_runner.py:84} INFO - Running: ['***', 'tasks', 'run', 'outcomes_dag', 'Transform', 'scheduled__2023-11-11T00:00:00+00:00', '--job-id', '32', '--raw', '--subdir', 'DAGS_FOLDER/outcomes_dag.py', '--cfg-path', '/tmp/tmpzmy05kpm']
[2023-11-23T03:40:43.753+0000] {standard_task_runner.py:85} INFO - Job 32: Subtask Transform
[2023-11-23T03:40:43.880+0000] {task_command.py:416} INFO - Running <TaskInstance: outcomes_dag.Transform scheduled__2023-11-11T00:00:00+00:00 [running]> on host e647c96745b0
[2023-11-23T03:40:44.034+0000] {taskinstance.py:1662} INFO - Exporting env vars: AIRFLOW_CTX_DAG_OWNER='***' AIRFLOW_CTX_DAG_ID='outcomes_dag' AIRFLOW_CTX_TASK_ID='Transform' AIRFLOW_CTX_EXECUTION_DATE='2023-11-11T00:00:00+00:00' AIRFLOW_CTX_TRY_NUMBER='1' AIRFLOW_CTX_DAG_RUN_ID='scheduled__2023-11-11T00:00:00+00:00'
[2023-11-23T03:40:44.039+0000] {logging_mixin.py:154} INFO - Getting data from Cloud Storage
[2023-11-23T03:40:44.604+0000] {logging_mixin.py:154} INFO - Index(['animal_id', 'name', 'datetime', 'monthyear', 'date_of_birth',
       'outcome_type', 'outcome_subtype', 'animal_type', 'sex_upon_outcome',
       'age_upon_outcome', 'breed', 'color'],
      dtype='object')
[2023-11-23T03:40:44.939+0000] {logging_mixin.py:154} INFO - Data Deposited into Cloud Storage
[2023-11-23T03:40:44.943+0000] {python.py:194} INFO - Done. Returned value was: None
[2023-11-23T03:40:45.037+0000] {taskinstance.py:1400} INFO - Marking task as SUCCESS. dag_id=outcomes_dag, task_id=Transform, execution_date=20231111T000000, start_date=20231123T034043, end_date=20231123T034045
[2023-11-23T03:40:45.248+0000] {local_task_job_runner.py:228} INFO - Task exited with return code 0
