[2023-11-22T07:54:28.085+0000] {taskinstance.py:1159} INFO - Dependencies all met for dep_context=non-requeueable deps ti=<TaskInstance: outcomes_dag.Insert scheduled__2023-11-13T00:00:00+00:00 [queued]>
[2023-11-22T07:54:28.104+0000] {taskinstance.py:1159} INFO - Dependencies all met for dep_context=requeueable deps ti=<TaskInstance: outcomes_dag.Insert scheduled__2023-11-13T00:00:00+00:00 [queued]>
[2023-11-22T07:54:28.106+0000] {taskinstance.py:1361} INFO - Starting attempt 1 of 1
[2023-11-22T07:54:28.130+0000] {taskinstance.py:1382} INFO - Executing <Task(PythonOperator): Insert> on 2023-11-13 00:00:00+00:00
[2023-11-22T07:54:28.143+0000] {standard_task_runner.py:57} INFO - Started process 428 to run task
[2023-11-22T07:54:28.153+0000] {standard_task_runner.py:84} INFO - Running: ['***', 'tasks', 'run', 'outcomes_dag', 'Insert', 'scheduled__2023-11-13T00:00:00+00:00', '--job-id', '62', '--raw', '--subdir', 'DAGS_FOLDER/outcomes_dag.py', '--cfg-path', '/tmp/tmp4hytsn6d']
[2023-11-22T07:54:28.158+0000] {standard_task_runner.py:85} INFO - Job 62: Subtask Insert
[2023-11-22T07:54:28.296+0000] {task_command.py:416} INFO - Running <TaskInstance: outcomes_dag.Insert scheduled__2023-11-13T00:00:00+00:00 [running]> on host 6318e996d951
[2023-11-22T07:54:28.458+0000] {taskinstance.py:1662} INFO - Exporting env vars: AIRFLOW_CTX_DAG_OWNER='***' AIRFLOW_CTX_DAG_ID='outcomes_dag' AIRFLOW_CTX_TASK_ID='Insert' AIRFLOW_CTX_EXECUTION_DATE='2023-11-13T00:00:00+00:00' AIRFLOW_CTX_TRY_NUMBER='1' AIRFLOW_CTX_DAG_RUN_ID='scheduled__2023-11-13T00:00:00+00:00'
[2023-11-22T07:54:28.473+0000] {logging_mixin.py:154} INFO - Error executing SQL script: (psycopg2.errors.UniqueViolation) duplicate key value violates unique constraint "animal_dim_pkey"
DETAIL:  Key ("Animal ID")=(A889466) already exists.

[SQL: --- INSERT DATA INTO DIMENSION TABLES

--- Animal Dimension
INSERT INTO animal_dim ("Animal ID", "Name", "Animal Type", "Breed", "Color", "Sex", "DOB")
SELECT DISTINCT "Animal ID", "Name", "Animal Type", "Breed", "Color", "Sex", "DOB"
FROM outcomes_staging
WHERE "Animal ID" IS NOT NULL;

--- Outcomes Dimension
INSERT INTO outcome_type_dim ("Outcome Type")
SELECT DISTINCT "Outcome"
FROM outcomes_staging
WHERE "Outcome" IS NOT NULL;

--- Reproductive Status Dimension
INSERT INTO reproductive_status_dim ("Reproductive Status")
SELECT DISTINCT "Reproductive Status"
FROM outcomes_staging
WHERE "Reproductive Status" IS NOT NULL;

--- Date Dimension
INSERT INTO date_dim ("Date ID", "Day", "Month", "Year")
SELECT DISTINCT "Date ID", "Day", "Month", "Year"
FROM outcomes_staging
WHERE "Date ID" IS NOT NULL;




--- INSERT DATA INTO FACT TABLE
INSERT INTO outcomes_fct ("Date", "Animal", "Outcome", "Repo Status")
SELECT 
    dd."Date ID",
    ad."Animal ID",
    otd."Outcome ID",
    rsd."Status ID"
FROM outcomes_staging os
JOIN date_dim dd ON os."Date ID" = dd."Date ID"
JOIN animal_dim ad ON os."Animal ID" = ad."Animal ID"
JOIN outcome_type_dim otd ON os."Outcome" = otd."Outcome Type"
JOIN reproductive_status_dim rsd ON os."Reproductive Status" = rsd."Reproductive Status";

]
(Background on this error at: https://sqlalche.me/e/14/gkpj)
[2023-11-22T07:54:28.473+0000] {python.py:194} INFO - Done. Returned value was: None
[2023-11-22T07:54:28.482+0000] {taskinstance.py:1400} INFO - Marking task as SUCCESS. dag_id=outcomes_dag, task_id=Insert, execution_date=20231113T000000, start_date=20231122T075428, end_date=20231122T075428
[2023-11-22T07:54:28.527+0000] {local_task_job_runner.py:228} INFO - Task exited with return code 0
[2023-11-22T07:54:28.548+0000] {taskinstance.py:2778} INFO - 0 downstream tasks scheduled from follow-on schedule check
[2023-11-23T01:49:50.221+0000] {taskinstance.py:1159} INFO - Dependencies all met for dep_context=non-requeueable deps ti=<TaskInstance: outcomes_dag.Insert scheduled__2023-11-13T00:00:00+00:00 [queued]>
[2023-11-23T01:49:50.236+0000] {taskinstance.py:1159} INFO - Dependencies all met for dep_context=requeueable deps ti=<TaskInstance: outcomes_dag.Insert scheduled__2023-11-13T00:00:00+00:00 [queued]>
[2023-11-23T01:49:50.236+0000] {taskinstance.py:1361} INFO - Starting attempt 1 of 1
[2023-11-23T01:49:50.265+0000] {taskinstance.py:1382} INFO - Executing <Task(PythonOperator): Insert> on 2023-11-13 00:00:00+00:00
[2023-11-23T01:49:50.288+0000] {standard_task_runner.py:57} INFO - Started process 248 to run task
[2023-11-23T01:49:50.314+0000] {standard_task_runner.py:84} INFO - Running: ['***', 'tasks', 'run', 'outcomes_dag', 'Insert', 'scheduled__2023-11-13T00:00:00+00:00', '--job-id', '60', '--raw', '--subdir', 'DAGS_FOLDER/outcomes_dag.py', '--cfg-path', '/tmp/tmprcc1zm3e']
[2023-11-23T01:49:50.335+0000] {standard_task_runner.py:85} INFO - Job 60: Subtask Insert
[2023-11-23T01:49:50.575+0000] {task_command.py:416} INFO - Running <TaskInstance: outcomes_dag.Insert scheduled__2023-11-13T00:00:00+00:00 [running]> on host d15d3caa5b00
[2023-11-23T01:49:50.730+0000] {taskinstance.py:1662} INFO - Exporting env vars: AIRFLOW_CTX_DAG_OWNER='***' AIRFLOW_CTX_DAG_ID='outcomes_dag' AIRFLOW_CTX_TASK_ID='Insert' AIRFLOW_CTX_EXECUTION_DATE='2023-11-13T00:00:00+00:00' AIRFLOW_CTX_TRY_NUMBER='1' AIRFLOW_CTX_DAG_RUN_ID='scheduled__2023-11-13T00:00:00+00:00'
[2023-11-23T01:49:50.751+0000] {logging_mixin.py:154} INFO - Error executing SQL script: (psycopg2.errors.SyntaxError) syntax error at or near "`"
LINE 4: INSERT INTO animal_dim (`Animal ID`, `Name`, `Animal Type`, ...
                                ^

[SQL: -- INSERT DATA INTO DIMENSION TABLES

-- Animal Dimension
INSERT INTO animal_dim (`Animal ID`, `Name`, `Animal Type`, `Breed`, `Color`, `Sex`, `DOB`)
SELECT DISTINCT `Animal ID`, `Name`, `Animal Type`, `Breed`, `Color`, `Sex`, `DOB`
FROM outcomes_staging
WHERE `Animal ID` IS NOT NULL;

-- Outcomes Dimension
INSERT INTO outcome_type_dim (`Outcome Type`)
SELECT DISTINCT `Outcome`
FROM outcomes_staging
WHERE `Outcome` IS NOT NULL;

-- Reproductive Status Dimension
INSERT INTO reproductive_status_dim (`Reproductive Status`)
SELECT DISTINCT `Reproductive Status`
FROM outcomes_staging
WHERE `Reproductive Status` IS NOT NULL;

-- Date Dimension
INSERT INTO date_dim (`Date ID`, `Day`, `Month`, `Year`)
SELECT DISTINCT `Date ID`, `Day`, `Month`, `Year`
FROM outcomes_staging
WHERE `Date ID` IS NOT NULL;

-- INSERT DATA INTO FACT TABLE
INSERT INTO outcomes_fct (`Date`, `Animal`, `Outcome`, `Repo Status`)
SELECT 
    dd.`Date ID`,
    ad.`Animal ID`,
    otd.`Outcome ID`,
    rsd.`Status ID`
FROM outcomes_staging os
JOIN date_dim dd ON os.`Date ID` = dd.`Date ID`
JOIN animal_dim ad ON os.`Animal ID` = ad.`Animal ID`
JOIN outcome_type_dim otd ON os.`Outcome` = otd.`Outcome Type`
JOIN reproductive_status_dim rsd ON os.`Reproductive Status` = rsd.`Reproductive Status`;
]
(Background on this error at: https://sqlalche.me/e/14/f405)
[2023-11-23T01:49:50.752+0000] {python.py:194} INFO - Done. Returned value was: None
[2023-11-23T01:49:50.775+0000] {taskinstance.py:1400} INFO - Marking task as SUCCESS. dag_id=outcomes_dag, task_id=Insert, execution_date=20231113T000000, start_date=20231123T014950, end_date=20231123T014950
[2023-11-23T01:49:50.849+0000] {local_task_job_runner.py:228} INFO - Task exited with return code 0
[2023-11-23T01:49:50.898+0000] {taskinstance.py:2778} INFO - 0 downstream tasks scheduled from follow-on schedule check
[2023-11-23T03:40:57.505+0000] {taskinstance.py:1159} INFO - Dependencies all met for dep_context=non-requeueable deps ti=<TaskInstance: outcomes_dag.Insert scheduled__2023-11-13T00:00:00+00:00 [queued]>
[2023-11-23T03:40:57.532+0000] {taskinstance.py:1159} INFO - Dependencies all met for dep_context=requeueable deps ti=<TaskInstance: outcomes_dag.Insert scheduled__2023-11-13T00:00:00+00:00 [queued]>
[2023-11-23T03:40:57.541+0000] {taskinstance.py:1361} INFO - Starting attempt 1 of 1
[2023-11-23T03:40:57.575+0000] {taskinstance.py:1382} INFO - Executing <Task(PythonOperator): Insert> on 2023-11-13 00:00:00+00:00
[2023-11-23T03:40:57.592+0000] {standard_task_runner.py:57} INFO - Started process 236 to run task
[2023-11-23T03:40:57.610+0000] {standard_task_runner.py:84} INFO - Running: ['***', 'tasks', 'run', 'outcomes_dag', 'Insert', 'scheduled__2023-11-13T00:00:00+00:00', '--job-id', '53', '--raw', '--subdir', 'DAGS_FOLDER/outcomes_dag.py', '--cfg-path', '/tmp/tmp0fq6olwf']
[2023-11-23T03:40:57.628+0000] {standard_task_runner.py:85} INFO - Job 53: Subtask Insert
[2023-11-23T03:40:57.796+0000] {task_command.py:416} INFO - Running <TaskInstance: outcomes_dag.Insert scheduled__2023-11-13T00:00:00+00:00 [running]> on host e647c96745b0
[2023-11-23T03:40:58.064+0000] {taskinstance.py:1662} INFO - Exporting env vars: AIRFLOW_CTX_DAG_OWNER='***' AIRFLOW_CTX_DAG_ID='outcomes_dag' AIRFLOW_CTX_TASK_ID='Insert' AIRFLOW_CTX_EXECUTION_DATE='2023-11-13T00:00:00+00:00' AIRFLOW_CTX_TRY_NUMBER='1' AIRFLOW_CTX_DAG_RUN_ID='scheduled__2023-11-13T00:00:00+00:00'
[2023-11-23T03:40:58.196+0000] {logging_mixin.py:154} INFO - Error executing SQL script: (psycopg2.errors.UniqueViolation) duplicate key value violates unique constraint "animal_dim_pkey"
DETAIL:  Key ("Animal ID")=(A892660) already exists.

[SQL: --- INSERT DATA INTO DIMENSION TABLES

--- Animal Dimension
INSERT INTO animal_dim ("Animal ID", "Name", "Animal Type", "Breed", "Color", "Sex", "DOB")
SELECT DISTINCT "Animal ID", "Name", "Animal Type", "Breed", "Color", "Sex", "DOB"
FROM outcomes_staging
WHERE "Animal ID" IS NOT NULL;

--- Outcomes Dimension
INSERT INTO outcome_type_dim ("Outcome Type")
SELECT DISTINCT "Outcome"
FROM outcomes_staging
WHERE "Outcome" IS NOT NULL;

--- Reproductive Status Dimension
INSERT INTO reproductive_status_dim ("Reproductive Status")
SELECT DISTINCT "Reproductive Status"
FROM outcomes_staging
WHERE "Reproductive Status" IS NOT NULL;

--- Date Dimension
INSERT INTO date_dim ("Date ID", "Day", "Month", "Year")
SELECT DISTINCT "Date ID", "Day", "Month", "Year"
FROM outcomes_staging
WHERE "Date ID" IS NOT NULL;




--- INSERT DATA INTO FACT TABLE
INSERT INTO outcomes_fct ("Date", "Animal", "Outcome", "Repo Status")
SELECT 
    dd."Date ID",
    ad."Animal ID",
    otd."Outcome ID",
    rsd."Status ID"
FROM outcomes_staging os
JOIN date_dim dd ON os."Date ID" = dd."Date ID"
JOIN animal_dim ad ON os."Animal ID" = ad."Animal ID"
JOIN outcome_type_dim otd ON os."Outcome" = otd."Outcome Type"
JOIN reproductive_status_dim rsd ON os."Reproductive Status" = rsd."Reproductive Status";

]
(Background on this error at: https://sqlalche.me/e/14/gkpj)
[2023-11-23T03:40:58.198+0000] {python.py:194} INFO - Done. Returned value was: None
[2023-11-23T03:40:58.223+0000] {taskinstance.py:1400} INFO - Marking task as SUCCESS. dag_id=outcomes_dag, task_id=Insert, execution_date=20231113T000000, start_date=20231123T034057, end_date=20231123T034058
[2023-11-23T03:40:58.309+0000] {local_task_job_runner.py:228} INFO - Task exited with return code 0
