[2023-11-21T01:20:16.853+0000] {taskinstance.py:1159} INFO - Dependencies all met for dep_context=non-requeueable deps ti=<TaskInstance: outcomes_dag.load scheduled__2023-11-04T00:00:00+00:00 [queued]>
[2023-11-21T01:20:16.909+0000] {taskinstance.py:1159} INFO - Dependencies all met for dep_context=requeueable deps ti=<TaskInstance: outcomes_dag.load scheduled__2023-11-04T00:00:00+00:00 [queued]>
[2023-11-21T01:20:16.911+0000] {taskinstance.py:1361} INFO - Starting attempt 1 of 1
[2023-11-21T01:20:17.024+0000] {taskinstance.py:1382} INFO - Executing <Task(PythonOperator): load> on 2023-11-04 00:00:00+00:00
[2023-11-21T01:20:17.068+0000] {standard_task_runner.py:57} INFO - Started process 106 to run task
[2023-11-21T01:20:17.105+0000] {standard_task_runner.py:84} INFO - Running: ['***', 'tasks', 'run', 'outcomes_dag', 'load', 'scheduled__2023-11-04T00:00:00+00:00', '--job-id', '12', '--raw', '--subdir', 'DAGS_FOLDER/outcomes_dag.py', '--cfg-path', '/tmp/tmpbjvgh7fb']
[2023-11-21T01:20:17.328+0000] {standard_task_runner.py:85} INFO - Job 12: Subtask load
[2023-11-21T01:20:18.450+0000] {task_command.py:416} INFO - Running <TaskInstance: outcomes_dag.load scheduled__2023-11-04T00:00:00+00:00 [running]> on host f31a30014ab0
[2023-11-21T01:20:32.982+0000] {taskinstance.py:1662} INFO - Exporting env vars: AIRFLOW_CTX_DAG_OWNER='***' AIRFLOW_CTX_DAG_ID='outcomes_dag' AIRFLOW_CTX_TASK_ID='load' AIRFLOW_CTX_EXECUTION_DATE='2023-11-04T00:00:00+00:00' AIRFLOW_CTX_TRY_NUMBER='1' AIRFLOW_CTX_DAG_RUN_ID='scheduled__2023-11-04T00:00:00+00:00'
[2023-11-21T01:20:33.673+0000] {taskinstance.py:1937} ERROR - Task failed with exception
Traceback (most recent call last):
  File "/home/airflow/.local/lib/python3.8/site-packages/airflow/operators/python.py", line 192, in execute
    return_value = self.execute_callable()
  File "/home/airflow/.local/lib/python3.8/site-packages/airflow/operators/python.py", line 209, in execute_callable
    return self.python_callable(*self.op_args, **self.op_kwargs)
  File "/opt/airflow/dags/ETL/load.py", line 11, in load_data
    data_to_staging(filename, engine)
  File "/opt/airflow/dags/ETL/load.py", line 19, in data_to_staging
    data = pd.read_parquet(filename)
  File "/home/airflow/.local/lib/python3.8/site-packages/pandas/io/parquet.py", line 509, in read_parquet
    return impl.read(
  File "/home/airflow/.local/lib/python3.8/site-packages/pandas/io/parquet.py", line 220, in read
    path_or_handle, handles, kwargs["filesystem"] = _get_path_or_handle(
  File "/home/airflow/.local/lib/python3.8/site-packages/pandas/io/parquet.py", line 110, in _get_path_or_handle
    handles = get_handle(
  File "/home/airflow/.local/lib/python3.8/site-packages/pandas/io/common.py", line 868, in get_handle
    handle = open(handle, ioargs.mode)
FileNotFoundError: [Errno 2] No such file or directory: '/opt/airflow/data/2023-11-04/processed/transformed_shelter_data.parquet'
[2023-11-21T01:20:33.771+0000] {taskinstance.py:1400} INFO - Marking task as FAILED. dag_id=outcomes_dag, task_id=load, execution_date=20231104T000000, start_date=20231121T012016, end_date=20231121T012033
[2023-11-21T01:20:33.898+0000] {standard_task_runner.py:104} ERROR - Failed to execute job 12 for task load ([Errno 2] No such file or directory: '/opt/airflow/data/2023-11-04/processed/transformed_shelter_data.parquet'; 106)
[2023-11-21T01:20:34.110+0000] {local_task_job_runner.py:228} INFO - Task exited with return code 1
[2023-11-21T01:20:34.420+0000] {taskinstance.py:2778} INFO - 0 downstream tasks scheduled from follow-on schedule check
[2023-11-21T02:36:04.538+0000] {taskinstance.py:1159} INFO - Dependencies all met for dep_context=non-requeueable deps ti=<TaskInstance: outcomes_dag.load scheduled__2023-11-04T00:00:00+00:00 [queued]>
[2023-11-21T02:36:04.560+0000] {taskinstance.py:1159} INFO - Dependencies all met for dep_context=requeueable deps ti=<TaskInstance: outcomes_dag.load scheduled__2023-11-04T00:00:00+00:00 [queued]>
[2023-11-21T02:36:04.563+0000] {taskinstance.py:1361} INFO - Starting attempt 1 of 1
[2023-11-21T02:36:04.585+0000] {taskinstance.py:1382} INFO - Executing <Task(PythonOperator): load> on 2023-11-04 00:00:00+00:00
[2023-11-21T02:36:04.600+0000] {standard_task_runner.py:57} INFO - Started process 93 to run task
[2023-11-21T02:36:04.643+0000] {standard_task_runner.py:84} INFO - Running: ['***', 'tasks', 'run', 'outcomes_dag', 'load', 'scheduled__2023-11-04T00:00:00+00:00', '--job-id', '12', '--raw', '--subdir', 'DAGS_FOLDER/outcomes_dag.py', '--cfg-path', '/tmp/tmp4n376me3']
[2023-11-21T02:36:04.690+0000] {standard_task_runner.py:85} INFO - Job 12: Subtask load
[2023-11-21T02:36:05.008+0000] {task_command.py:416} INFO - Running <TaskInstance: outcomes_dag.load scheduled__2023-11-04T00:00:00+00:00 [running]> on host b875fa978b1e
[2023-11-21T02:36:11.365+0000] {taskinstance.py:1662} INFO - Exporting env vars: AIRFLOW_CTX_DAG_OWNER='***' AIRFLOW_CTX_DAG_ID='outcomes_dag' AIRFLOW_CTX_TASK_ID='load' AIRFLOW_CTX_EXECUTION_DATE='2023-11-04T00:00:00+00:00' AIRFLOW_CTX_TRY_NUMBER='1' AIRFLOW_CTX_DAG_RUN_ID='scheduled__2023-11-04T00:00:00+00:00'
[2023-11-21T02:36:11.568+0000] {taskinstance.py:1937} ERROR - Task failed with exception
Traceback (most recent call last):
  File "/home/airflow/.local/lib/python3.8/site-packages/airflow/operators/python.py", line 192, in execute
    return_value = self.execute_callable()
  File "/home/airflow/.local/lib/python3.8/site-packages/airflow/operators/python.py", line 209, in execute_callable
    return self.python_callable(*self.op_args, **self.op_kwargs)
  File "/opt/airflow/dags/ETL/load.py", line 11, in load_data
    data_to_staging(filename, engine)
  File "/opt/airflow/dags/ETL/load.py", line 19, in data_to_staging
    data = pd.read_parquet(filename)
  File "/home/airflow/.local/lib/python3.8/site-packages/pandas/io/parquet.py", line 509, in read_parquet
    return impl.read(
  File "/home/airflow/.local/lib/python3.8/site-packages/pandas/io/parquet.py", line 220, in read
    path_or_handle, handles, kwargs["filesystem"] = _get_path_or_handle(
  File "/home/airflow/.local/lib/python3.8/site-packages/pandas/io/parquet.py", line 110, in _get_path_or_handle
    handles = get_handle(
  File "/home/airflow/.local/lib/python3.8/site-packages/pandas/io/common.py", line 868, in get_handle
    handle = open(handle, ioargs.mode)
FileNotFoundError: [Errno 2] No such file or directory: '/opt/airflow/data/2023-11-04/processed/transformed_shelter_data.parquet'
[2023-11-21T02:36:11.609+0000] {taskinstance.py:1400} INFO - Marking task as FAILED. dag_id=outcomes_dag, task_id=load, execution_date=20231104T000000, start_date=20231121T023604, end_date=20231121T023611
[2023-11-21T02:36:11.662+0000] {standard_task_runner.py:104} ERROR - Failed to execute job 12 for task load ([Errno 2] No such file or directory: '/opt/airflow/data/2023-11-04/processed/transformed_shelter_data.parquet'; 93)
[2023-11-21T02:36:11.707+0000] {local_task_job_runner.py:228} INFO - Task exited with return code 1
[2023-11-21T02:36:11.912+0000] {taskinstance.py:2778} INFO - 0 downstream tasks scheduled from follow-on schedule check
[2023-11-22T07:54:08.309+0000] {taskinstance.py:1159} INFO - Dependencies all met for dep_context=non-requeueable deps ti=<TaskInstance: outcomes_dag.Load scheduled__2023-11-04T00:00:00+00:00 [queued]>
[2023-11-22T07:54:08.428+0000] {taskinstance.py:1159} INFO - Dependencies all met for dep_context=requeueable deps ti=<TaskInstance: outcomes_dag.Load scheduled__2023-11-04T00:00:00+00:00 [queued]>
[2023-11-22T07:54:08.428+0000] {taskinstance.py:1361} INFO - Starting attempt 1 of 4
[2023-11-22T07:54:09.399+0000] {taskinstance.py:1382} INFO - Executing <Task(PythonOperator): Load> on 2023-11-04 00:00:00+00:00
[2023-11-22T07:54:09.450+0000] {standard_task_runner.py:57} INFO - Started process 378 to run task
[2023-11-22T07:54:09.560+0000] {standard_task_runner.py:84} INFO - Running: ['***', 'tasks', 'run', 'outcomes_dag', 'Load', 'scheduled__2023-11-04T00:00:00+00:00', '--job-id', '45', '--raw', '--subdir', 'DAGS_FOLDER/outcomes_dag.py', '--cfg-path', '/tmp/tmp5knt0itg']
[2023-11-22T07:54:09.592+0000] {standard_task_runner.py:85} INFO - Job 45: Subtask Load
[2023-11-22T07:54:09.983+0000] {task_command.py:416} INFO - Running <TaskInstance: outcomes_dag.Load scheduled__2023-11-04T00:00:00+00:00 [running]> on host 6318e996d951
[2023-11-22T07:54:10.426+0000] {taskinstance.py:1662} INFO - Exporting env vars: AIRFLOW_CTX_DAG_OWNER='***' AIRFLOW_CTX_DAG_ID='outcomes_dag' AIRFLOW_CTX_TASK_ID='Load' AIRFLOW_CTX_EXECUTION_DATE='2023-11-04T00:00:00+00:00' AIRFLOW_CTX_TRY_NUMBER='1' AIRFLOW_CTX_DAG_RUN_ID='scheduled__2023-11-04T00:00:00+00:00'
[2023-11-22T07:54:10.522+0000] {logging_mixin.py:154} INFO - Getting data from Cloud Storage
[2023-11-22T07:54:12.361+0000] {logging_mixin.py:154} INFO - Data is in Staging Table...
[2023-11-22T07:54:12.377+0000] {python.py:194} INFO - Done. Returned value was: None
[2023-11-22T07:54:12.471+0000] {taskinstance.py:1400} INFO - Marking task as SUCCESS. dag_id=outcomes_dag, task_id=Load, execution_date=20231104T000000, start_date=20231122T075408, end_date=20231122T075412
[2023-11-22T07:54:12.709+0000] {local_task_job_runner.py:228} INFO - Task exited with return code 0
[2023-11-23T01:49:43.269+0000] {taskinstance.py:1159} INFO - Dependencies all met for dep_context=non-requeueable deps ti=<TaskInstance: outcomes_dag.Load scheduled__2023-11-04T00:00:00+00:00 [queued]>
[2023-11-23T01:49:43.339+0000] {taskinstance.py:1159} INFO - Dependencies all met for dep_context=requeueable deps ti=<TaskInstance: outcomes_dag.Load scheduled__2023-11-04T00:00:00+00:00 [queued]>
[2023-11-23T01:49:43.345+0000] {taskinstance.py:1361} INFO - Starting attempt 1 of 4
[2023-11-23T01:49:43.392+0000] {taskinstance.py:1382} INFO - Executing <Task(PythonOperator): Load> on 2023-11-04 00:00:00+00:00
[2023-11-23T01:49:43.403+0000] {standard_task_runner.py:57} INFO - Started process 209 to run task
[2023-11-23T01:49:43.466+0000] {standard_task_runner.py:84} INFO - Running: ['***', 'tasks', 'run', 'outcomes_dag', 'Load', 'scheduled__2023-11-04T00:00:00+00:00', '--job-id', '43', '--raw', '--subdir', 'DAGS_FOLDER/outcomes_dag.py', '--cfg-path', '/tmp/tmp9wr_b2g0']
[2023-11-23T01:49:43.483+0000] {standard_task_runner.py:85} INFO - Job 43: Subtask Load
[2023-11-23T01:49:43.805+0000] {task_command.py:416} INFO - Running <TaskInstance: outcomes_dag.Load scheduled__2023-11-04T00:00:00+00:00 [running]> on host d15d3caa5b00
[2023-11-23T01:49:44.111+0000] {taskinstance.py:1662} INFO - Exporting env vars: AIRFLOW_CTX_DAG_OWNER='***' AIRFLOW_CTX_DAG_ID='outcomes_dag' AIRFLOW_CTX_TASK_ID='Load' AIRFLOW_CTX_EXECUTION_DATE='2023-11-04T00:00:00+00:00' AIRFLOW_CTX_TRY_NUMBER='1' AIRFLOW_CTX_DAG_RUN_ID='scheduled__2023-11-04T00:00:00+00:00'
[2023-11-23T01:49:44.126+0000] {logging_mixin.py:154} INFO - Getting data from Cloud Storage
[2023-11-23T01:49:45.554+0000] {logging_mixin.py:154} INFO - Data is in Staging Table...
[2023-11-23T01:49:45.558+0000] {python.py:194} INFO - Done. Returned value was: None
[2023-11-23T01:49:45.651+0000] {taskinstance.py:1400} INFO - Marking task as SUCCESS. dag_id=outcomes_dag, task_id=Load, execution_date=20231104T000000, start_date=20231123T014943, end_date=20231123T014945
[2023-11-23T01:49:45.789+0000] {local_task_job_runner.py:228} INFO - Task exited with return code 0
[2023-11-23T03:40:51.131+0000] {taskinstance.py:1159} INFO - Dependencies all met for dep_context=non-requeueable deps ti=<TaskInstance: outcomes_dag.Load scheduled__2023-11-04T00:00:00+00:00 [queued]>
[2023-11-23T03:40:51.173+0000] {taskinstance.py:1159} INFO - Dependencies all met for dep_context=requeueable deps ti=<TaskInstance: outcomes_dag.Load scheduled__2023-11-04T00:00:00+00:00 [queued]>
[2023-11-23T03:40:51.175+0000] {taskinstance.py:1361} INFO - Starting attempt 1 of 4
[2023-11-23T03:40:51.288+0000] {taskinstance.py:1382} INFO - Executing <Task(PythonOperator): Load> on 2023-11-04 00:00:00+00:00
[2023-11-23T03:40:51.319+0000] {standard_task_runner.py:57} INFO - Started process 192 to run task
[2023-11-23T03:40:51.333+0000] {standard_task_runner.py:84} INFO - Running: ['***', 'tasks', 'run', 'outcomes_dag', 'Load', 'scheduled__2023-11-04T00:00:00+00:00', '--job-id', '42', '--raw', '--subdir', 'DAGS_FOLDER/outcomes_dag.py', '--cfg-path', '/tmp/tmpjq36wh8x']
[2023-11-23T03:40:51.384+0000] {standard_task_runner.py:85} INFO - Job 42: Subtask Load
[2023-11-23T03:40:51.556+0000] {task_command.py:416} INFO - Running <TaskInstance: outcomes_dag.Load scheduled__2023-11-04T00:00:00+00:00 [running]> on host e647c96745b0
[2023-11-23T03:40:51.859+0000] {taskinstance.py:1662} INFO - Exporting env vars: AIRFLOW_CTX_DAG_OWNER='***' AIRFLOW_CTX_DAG_ID='outcomes_dag' AIRFLOW_CTX_TASK_ID='Load' AIRFLOW_CTX_EXECUTION_DATE='2023-11-04T00:00:00+00:00' AIRFLOW_CTX_TRY_NUMBER='1' AIRFLOW_CTX_DAG_RUN_ID='scheduled__2023-11-04T00:00:00+00:00'
[2023-11-23T03:40:51.867+0000] {logging_mixin.py:154} INFO - Getting data from Cloud Storage
[2023-11-23T03:40:53.393+0000] {logging_mixin.py:154} INFO - Data is in Staging Area...
[2023-11-23T03:40:53.394+0000] {python.py:194} INFO - Done. Returned value was: None
[2023-11-23T03:40:53.426+0000] {taskinstance.py:1400} INFO - Marking task as SUCCESS. dag_id=outcomes_dag, task_id=Load, execution_date=20231104T000000, start_date=20231123T034051, end_date=20231123T034053
[2023-11-23T03:40:53.484+0000] {local_task_job_runner.py:228} INFO - Task exited with return code 0
