[2023-11-22T23:06:43.065+0000] {taskinstance.py:1159} INFO - Dependencies all met for dep_context=non-requeueable deps ti=<TaskInstance: outcomes_dag.Load_to_staging scheduled__2023-11-18T00:00:00+00:00 [queued]>
[2023-11-22T23:06:43.069+0000] {taskinstance.py:1159} INFO - Dependencies all met for dep_context=requeueable deps ti=<TaskInstance: outcomes_dag.Load_to_staging scheduled__2023-11-18T00:00:00+00:00 [queued]>
[2023-11-22T23:06:43.070+0000] {taskinstance.py:1361} INFO - Starting attempt 4 of 4
[2023-11-22T23:06:43.075+0000] {taskinstance.py:1382} INFO - Executing <Task(PythonOperator): Load_to_staging> on 2023-11-18 00:00:00+00:00
[2023-11-22T23:06:43.079+0000] {standard_task_runner.py:57} INFO - Started process 606 to run task
[2023-11-22T23:06:43.082+0000] {standard_task_runner.py:84} INFO - Running: ['***', 'tasks', 'run', 'outcomes_dag', 'Load_to_staging', 'scheduled__2023-11-18T00:00:00+00:00', '--job-id', '149', '--raw', '--subdir', 'DAGS_FOLDER/outcomes_dag.py', '--cfg-path', '/tmp/tmpm7sypgy1']
[2023-11-22T23:06:43.085+0000] {standard_task_runner.py:85} INFO - Job 149: Subtask Load_to_staging
[2023-11-22T23:06:43.120+0000] {task_command.py:416} INFO - Running <TaskInstance: outcomes_dag.Load_to_staging scheduled__2023-11-18T00:00:00+00:00 [running]> on host 4b2f5af281f8
[2023-11-22T23:06:43.172+0000] {taskinstance.py:1662} INFO - Exporting env vars: AIRFLOW_CTX_DAG_OWNER='***' AIRFLOW_CTX_DAG_ID='outcomes_dag' AIRFLOW_CTX_TASK_ID='Load_to_staging' AIRFLOW_CTX_EXECUTION_DATE='2023-11-18T00:00:00+00:00' AIRFLOW_CTX_TRY_NUMBER='4' AIRFLOW_CTX_DAG_RUN_ID='scheduled__2023-11-18T00:00:00+00:00'
[2023-11-22T23:06:43.810+0000] {taskinstance.py:1937} ERROR - Task failed with exception
Traceback (most recent call last):
  File "/home/airflow/.local/lib/python3.8/site-packages/airflow/operators/python.py", line 192, in execute
    return_value = self.execute_callable()
  File "/home/airflow/.local/lib/python3.8/site-packages/airflow/operators/python.py", line 209, in execute_callable
    return self.python_callable(*self.op_args, **self.op_kwargs)
  File "/opt/airflow/dags/ETL/load.py", line 33, in data_to_staging
    load_job.result()  # Wait for the job to complete
  File "/home/airflow/.local/lib/python3.8/site-packages/google/cloud/bigquery/job/base.py", line 922, in result
    return super(_AsyncJob, self).result(timeout=timeout, **kwargs)
  File "/home/airflow/.local/lib/python3.8/site-packages/google/api_core/future/polling.py", line 261, in result
    raise self._exception
google.api_core.exceptions.BadRequest: 400 No schema specified on job or table.
[2023-11-22T23:06:43.833+0000] {taskinstance.py:1400} INFO - Marking task as FAILED. dag_id=outcomes_dag, task_id=Load_to_staging, execution_date=20231118T000000, start_date=20231122T230643, end_date=20231122T230643
[2023-11-22T23:06:43.846+0000] {standard_task_runner.py:104} ERROR - Failed to execute job 149 for task Load_to_staging (400 No schema specified on job or table.; 606)
[2023-11-22T23:06:43.875+0000] {local_task_job_runner.py:228} INFO - Task exited with return code 1
[2023-11-22T23:49:51.132+0000] {taskinstance.py:1159} INFO - Dependencies all met for dep_context=non-requeueable deps ti=<TaskInstance: outcomes_dag.Load_to_staging scheduled__2023-11-18T00:00:00+00:00 [queued]>
[2023-11-22T23:49:51.138+0000] {taskinstance.py:1159} INFO - Dependencies all met for dep_context=requeueable deps ti=<TaskInstance: outcomes_dag.Load_to_staging scheduled__2023-11-18T00:00:00+00:00 [queued]>
[2023-11-22T23:49:51.139+0000] {taskinstance.py:1361} INFO - Starting attempt 4 of 4
[2023-11-22T23:49:51.146+0000] {taskinstance.py:1382} INFO - Executing <Task(PythonOperator): Load_to_staging> on 2023-11-18 00:00:00+00:00
[2023-11-22T23:49:51.152+0000] {standard_task_runner.py:57} INFO - Started process 561 to run task
[2023-11-22T23:49:51.155+0000] {standard_task_runner.py:84} INFO - Running: ['***', 'tasks', 'run', 'outcomes_dag', 'Load_to_staging', 'scheduled__2023-11-18T00:00:00+00:00', '--job-id', '135', '--raw', '--subdir', 'DAGS_FOLDER/outcomes_dag.py', '--cfg-path', '/tmp/tmpgazjc02r']
[2023-11-22T23:49:51.159+0000] {standard_task_runner.py:85} INFO - Job 135: Subtask Load_to_staging
[2023-11-22T23:49:51.216+0000] {task_command.py:416} INFO - Running <TaskInstance: outcomes_dag.Load_to_staging scheduled__2023-11-18T00:00:00+00:00 [running]> on host 371cae71aa63
[2023-11-22T23:49:51.277+0000] {taskinstance.py:1662} INFO - Exporting env vars: AIRFLOW_CTX_DAG_OWNER='***' AIRFLOW_CTX_DAG_ID='outcomes_dag' AIRFLOW_CTX_TASK_ID='Load_to_staging' AIRFLOW_CTX_EXECUTION_DATE='2023-11-18T00:00:00+00:00' AIRFLOW_CTX_TRY_NUMBER='4' AIRFLOW_CTX_DAG_RUN_ID='scheduled__2023-11-18T00:00:00+00:00'
[2023-11-22T23:49:51.786+0000] {taskinstance.py:1937} ERROR - Task failed with exception
Traceback (most recent call last):
  File "/home/airflow/.local/lib/python3.8/site-packages/airflow/operators/python.py", line 192, in execute
    return_value = self.execute_callable()
  File "/home/airflow/.local/lib/python3.8/site-packages/airflow/operators/python.py", line 209, in execute_callable
    return self.python_callable(*self.op_args, **self.op_kwargs)
  File "/opt/airflow/dags/ETL/load.py", line 33, in data_to_staging
    load_job.result()  # Wait for the job to complete
  File "/home/airflow/.local/lib/python3.8/site-packages/google/cloud/bigquery/job/base.py", line 922, in result
    return super(_AsyncJob, self).result(timeout=timeout, **kwargs)
  File "/home/airflow/.local/lib/python3.8/site-packages/google/api_core/future/polling.py", line 261, in result
    raise self._exception
google.api_core.exceptions.BadRequest: 400 No schema specified on job or table.
[2023-11-22T23:49:51.816+0000] {taskinstance.py:1400} INFO - Marking task as FAILED. dag_id=outcomes_dag, task_id=Load_to_staging, execution_date=20231118T000000, start_date=20231122T234951, end_date=20231122T234951
[2023-11-22T23:49:51.829+0000] {standard_task_runner.py:104} ERROR - Failed to execute job 135 for task Load_to_staging (400 No schema specified on job or table.; 561)
[2023-11-22T23:49:51.872+0000] {local_task_job_runner.py:228} INFO - Task exited with return code 1
[2023-11-23T00:46:23.466+0000] {taskinstance.py:1159} INFO - Dependencies all met for dep_context=non-requeueable deps ti=<TaskInstance: outcomes_dag.Load_to_staging scheduled__2023-11-18T00:00:00+00:00 [queued]>
[2023-11-23T00:46:23.470+0000] {taskinstance.py:1159} INFO - Dependencies all met for dep_context=requeueable deps ti=<TaskInstance: outcomes_dag.Load_to_staging scheduled__2023-11-18T00:00:00+00:00 [queued]>
[2023-11-23T00:46:23.470+0000] {taskinstance.py:1361} INFO - Starting attempt 4 of 4
[2023-11-23T00:46:23.477+0000] {taskinstance.py:1382} INFO - Executing <Task(PythonOperator): Load_to_staging> on 2023-11-18 00:00:00+00:00
[2023-11-23T00:46:23.481+0000] {standard_task_runner.py:57} INFO - Started process 634 to run task
[2023-11-23T00:46:23.485+0000] {standard_task_runner.py:84} INFO - Running: ['***', 'tasks', 'run', 'outcomes_dag', 'Load_to_staging', 'scheduled__2023-11-18T00:00:00+00:00', '--job-id', '156', '--raw', '--subdir', 'DAGS_FOLDER/outcomes_dag.py', '--cfg-path', '/tmp/tmpj26t4xvx']
[2023-11-23T00:46:23.488+0000] {standard_task_runner.py:85} INFO - Job 156: Subtask Load_to_staging
[2023-11-23T00:46:23.555+0000] {task_command.py:416} INFO - Running <TaskInstance: outcomes_dag.Load_to_staging scheduled__2023-11-18T00:00:00+00:00 [running]> on host 75913536581a
[2023-11-23T00:46:23.623+0000] {taskinstance.py:1662} INFO - Exporting env vars: AIRFLOW_CTX_DAG_OWNER='***' AIRFLOW_CTX_DAG_ID='outcomes_dag' AIRFLOW_CTX_TASK_ID='Load_to_staging' AIRFLOW_CTX_EXECUTION_DATE='2023-11-18T00:00:00+00:00' AIRFLOW_CTX_TRY_NUMBER='4' AIRFLOW_CTX_DAG_RUN_ID='scheduled__2023-11-18T00:00:00+00:00'
[2023-11-23T00:46:24.238+0000] {taskinstance.py:1937} ERROR - Task failed with exception
Traceback (most recent call last):
  File "/home/airflow/.local/lib/python3.8/site-packages/airflow/operators/python.py", line 192, in execute
    return_value = self.execute_callable()
  File "/home/airflow/.local/lib/python3.8/site-packages/airflow/operators/python.py", line 209, in execute_callable
    return self.python_callable(*self.op_args, **self.op_kwargs)
  File "/opt/airflow/dags/ETL/load.py", line 35, in data_to_staging
    load_job.result()  # Wait for the job to complete
  File "/home/airflow/.local/lib/python3.8/site-packages/google/cloud/bigquery/job/base.py", line 922, in result
    return super(_AsyncJob, self).result(timeout=timeout, **kwargs)
  File "/home/airflow/.local/lib/python3.8/site-packages/google/api_core/future/polling.py", line 261, in result
    raise self._exception
google.api_core.exceptions.BadRequest: 400 No schema specified on job or table.
[2023-11-23T00:46:24.268+0000] {taskinstance.py:1400} INFO - Marking task as FAILED. dag_id=outcomes_dag, task_id=Load_to_staging, execution_date=20231118T000000, start_date=20231123T004623, end_date=20231123T004624
[2023-11-23T00:46:24.279+0000] {standard_task_runner.py:104} ERROR - Failed to execute job 156 for task Load_to_staging (400 No schema specified on job or table.; 634)
[2023-11-23T00:46:24.310+0000] {local_task_job_runner.py:228} INFO - Task exited with return code 1
