[2023-11-22T02:30:18.352+0000] {taskinstance.py:1159} INFO - Dependencies all met for dep_context=non-requeueable deps ti=<TaskInstance: outcomes_dag.Extract scheduled__2023-11-19T00:00:00+00:00 [queued]>
[2023-11-22T02:30:18.366+0000] {taskinstance.py:1159} INFO - Dependencies all met for dep_context=requeueable deps ti=<TaskInstance: outcomes_dag.Extract scheduled__2023-11-19T00:00:00+00:00 [queued]>
[2023-11-22T02:30:18.369+0000] {taskinstance.py:1361} INFO - Starting attempt 1 of 1
[2023-11-22T02:30:18.396+0000] {taskinstance.py:1382} INFO - Executing <Task(PythonOperator): Extract> on 2023-11-19 00:00:00+00:00
[2023-11-22T02:30:18.444+0000] {standard_task_runner.py:57} INFO - Started process 80 to run task
[2023-11-22T02:30:18.517+0000] {standard_task_runner.py:84} INFO - Running: ['***', 'tasks', 'run', 'outcomes_dag', 'Extract', 'scheduled__2023-11-19T00:00:00+00:00', '--job-id', '6', '--raw', '--subdir', 'DAGS_FOLDER/outcomes_dag.py', '--cfg-path', '/tmp/tmpvdvafvx6']
[2023-11-22T02:30:18.597+0000] {standard_task_runner.py:85} INFO - Job 6: Subtask Extract
[2023-11-22T02:30:19.394+0000] {task_command.py:416} INFO - Running <TaskInstance: outcomes_dag.Extract scheduled__2023-11-19T00:00:00+00:00 [running]> on host a66d9cf6a764
[2023-11-22T02:30:19.705+0000] {taskinstance.py:1662} INFO - Exporting env vars: AIRFLOW_CTX_DAG_OWNER='***' AIRFLOW_CTX_DAG_ID='outcomes_dag' AIRFLOW_CTX_TASK_ID='Extract' AIRFLOW_CTX_EXECUTION_DATE='2023-11-19T00:00:00+00:00' AIRFLOW_CTX_TRY_NUMBER='1' AIRFLOW_CTX_DAG_RUN_ID='scheduled__2023-11-19T00:00:00+00:00'
[2023-11-22T02:30:21.524+0000] {gcp_connect.py:28} ERROR - Error Occured while putting data into cloud storage..
[2023-11-22T02:30:21.529+0000] {taskinstance.py:1937} ERROR - Task failed with exception
Traceback (most recent call last):
  File "/home/airflow/.local/lib/python3.8/site-packages/google/cloud/storage/blob.py", line 2604, in _prep_and_do_upload
    created_json = self._do_upload(
  File "/home/airflow/.local/lib/python3.8/site-packages/google/cloud/storage/blob.py", line 2410, in _do_upload
    response = self._do_multipart_upload(
  File "/home/airflow/.local/lib/python3.8/site-packages/google/cloud/storage/blob.py", line 1923, in _do_multipart_upload
    response = upload.transmit(
  File "/home/airflow/.local/lib/python3.8/site-packages/google/resumable_media/requests/upload.py", line 153, in transmit
    return _request_helpers.wait_and_retry(
  File "/home/airflow/.local/lib/python3.8/site-packages/google/resumable_media/requests/_request_helpers.py", line 155, in wait_and_retry
    response = func()
  File "/home/airflow/.local/lib/python3.8/site-packages/google/resumable_media/requests/upload.py", line 149, in retriable_request
    self._process_response(result)
  File "/home/airflow/.local/lib/python3.8/site-packages/google/resumable_media/_upload.py", line 125, in _process_response
    _helpers.require_status_code(response, (http.client.OK,), self._get_status_code)
  File "/home/airflow/.local/lib/python3.8/site-packages/google/resumable_media/_helpers.py", line 108, in require_status_code
    raise common.InvalidResponse(
google.resumable_media.common.InvalidResponse: ('Request failed with status code', 404, 'Expected one of', 200)

During handling of the above exception, another exception occurred:

Traceback (most recent call last):
  File "/home/airflow/.local/lib/python3.8/site-packages/airflow/operators/python.py", line 192, in execute
    return_value = self.execute_callable()
  File "/home/airflow/.local/lib/python3.8/site-packages/airflow/operators/python.py", line 209, in execute_callable
    return self.python_callable(*self.op_args, **self.op_kwargs)
  File "/opt/airflow/dags/ETL/gcp_connect.py", line 15, in extract_api_data
    upload_blob(json_string, destination_blob_name, 'application/json', bucket)
  File "/opt/airflow/dags/ETL/gcp_connect.py", line 24, in upload_blob
    blob.upload_from_string(data_string, content_type = file_format)
  File "/home/airflow/.local/lib/python3.8/site-packages/google/cloud/storage/blob.py", line 3056, in upload_from_string
    self.upload_from_file(
  File "/home/airflow/.local/lib/python3.8/site-packages/google/cloud/storage/blob.py", line 2763, in upload_from_file
    self._prep_and_do_upload(
  File "/home/airflow/.local/lib/python3.8/site-packages/google/cloud/storage/blob.py", line 2622, in _prep_and_do_upload
    _raise_from_invalid_response(exc)
  File "/home/airflow/.local/lib/python3.8/site-packages/google/cloud/storage/blob.py", line 4778, in _raise_from_invalid_response
    raise exceptions.from_http_status(response.status_code, message, response=response)
google.api_core.exceptions.NotFound: 404 POST https://storage.googleapis.com/upload/storage/v1/b/dcsc-warehouse/o?uploadType=multipart: {
  "error": {
    "code": 404,
    "message": "The specified bucket does not exist.",
    "errors": [
      {
        "message": "The specified bucket does not exist.",
        "domain": "global",
        "reason": "notFound"
      }
    ]
  }
}
: ('Request failed with status code', 404, 'Expected one of', <HTTPStatus.OK: 200>)
[2023-11-22T02:30:21.597+0000] {taskinstance.py:1400} INFO - Marking task as FAILED. dag_id=outcomes_dag, task_id=Extract, execution_date=20231119T000000, start_date=20231122T023018, end_date=20231122T023021
[2023-11-22T02:30:21.644+0000] {standard_task_runner.py:104} ERROR - Failed to execute job 6 for task Extract (404 POST https://storage.googleapis.com/upload/storage/v1/b/dcsc-warehouse/o?uploadType=multipart: {
  "error": {
    "code": 404,
    "message": "The specified bucket does not exist.",
    "errors": [
      {
        "message": "The specified bucket does not exist.",
        "domain": "global",
        "reason": "notFound"
      }
    ]
  }
}
: ('Request failed with status code', 404, 'Expected one of', <HTTPStatus.OK: 200>); 80)
[2023-11-22T02:30:21.704+0000] {local_task_job_runner.py:228} INFO - Task exited with return code 1
[2023-11-22T02:53:58.788+0000] {taskinstance.py:1159} INFO - Dependencies all met for dep_context=non-requeueable deps ti=<TaskInstance: outcomes_dag.Extract scheduled__2023-11-19T00:00:00+00:00 [queued]>
[2023-11-22T02:53:58.809+0000] {taskinstance.py:1159} INFO - Dependencies all met for dep_context=requeueable deps ti=<TaskInstance: outcomes_dag.Extract scheduled__2023-11-19T00:00:00+00:00 [queued]>
[2023-11-22T02:53:58.813+0000] {taskinstance.py:1361} INFO - Starting attempt 1 of 1
[2023-11-22T02:53:58.839+0000] {taskinstance.py:1382} INFO - Executing <Task(PythonOperator): Extract> on 2023-11-19 00:00:00+00:00
[2023-11-22T02:53:58.929+0000] {standard_task_runner.py:57} INFO - Started process 74 to run task
[2023-11-22T02:53:58.941+0000] {standard_task_runner.py:84} INFO - Running: ['***', 'tasks', 'run', 'outcomes_dag', 'Extract', 'scheduled__2023-11-19T00:00:00+00:00', '--job-id', '4', '--raw', '--subdir', 'DAGS_FOLDER/outcomes_dag.py', '--cfg-path', '/tmp/tmp6t4hken0']
[2023-11-22T02:53:58.959+0000] {standard_task_runner.py:85} INFO - Job 4: Subtask Extract
[2023-11-22T02:53:59.142+0000] {task_command.py:416} INFO - Running <TaskInstance: outcomes_dag.Extract scheduled__2023-11-19T00:00:00+00:00 [running]> on host 24b88ba10398
[2023-11-22T02:53:59.340+0000] {taskinstance.py:1662} INFO - Exporting env vars: AIRFLOW_CTX_DAG_OWNER='***' AIRFLOW_CTX_DAG_ID='outcomes_dag' AIRFLOW_CTX_TASK_ID='Extract' AIRFLOW_CTX_EXECUTION_DATE='2023-11-19T00:00:00+00:00' AIRFLOW_CTX_TRY_NUMBER='1' AIRFLOW_CTX_DAG_RUN_ID='scheduled__2023-11-19T00:00:00+00:00'
[2023-11-22T02:54:00.819+0000] {logging_mixin.py:154} INFO - Data Deposited into Cloud Storage
[2023-11-22T02:54:00.823+0000] {python.py:194} INFO - Done. Returned value was: None
[2023-11-22T02:54:00.871+0000] {taskinstance.py:1400} INFO - Marking task as SUCCESS. dag_id=outcomes_dag, task_id=Extract, execution_date=20231119T000000, start_date=20231122T025358, end_date=20231122T025400
[2023-11-22T02:54:00.908+0000] {local_task_job_runner.py:228} INFO - Task exited with return code 0
[2023-11-22T03:22:44.015+0000] {taskinstance.py:1159} INFO - Dependencies all met for dep_context=non-requeueable deps ti=<TaskInstance: outcomes_dag.Extract scheduled__2023-11-19T00:00:00+00:00 [queued]>
[2023-11-22T03:22:44.033+0000] {taskinstance.py:1159} INFO - Dependencies all met for dep_context=requeueable deps ti=<TaskInstance: outcomes_dag.Extract scheduled__2023-11-19T00:00:00+00:00 [queued]>
[2023-11-22T03:22:44.038+0000] {taskinstance.py:1361} INFO - Starting attempt 1 of 1
[2023-11-22T03:22:44.098+0000] {taskinstance.py:1382} INFO - Executing <Task(PythonOperator): Extract> on 2023-11-19 00:00:00+00:00
[2023-11-22T03:22:44.216+0000] {standard_task_runner.py:57} INFO - Started process 74 to run task
[2023-11-22T03:22:44.412+0000] {standard_task_runner.py:84} INFO - Running: ['***', 'tasks', 'run', 'outcomes_dag', 'Extract', 'scheduled__2023-11-19T00:00:00+00:00', '--job-id', '3', '--raw', '--subdir', 'DAGS_FOLDER/outcomes_dag.py', '--cfg-path', '/tmp/tmp6out2mtv']
[2023-11-22T03:22:44.642+0000] {standard_task_runner.py:85} INFO - Job 3: Subtask Extract
[2023-11-22T03:22:46.171+0000] {task_command.py:416} INFO - Running <TaskInstance: outcomes_dag.Extract scheduled__2023-11-19T00:00:00+00:00 [running]> on host cf56a4e96859
[2023-11-22T03:22:47.627+0000] {taskinstance.py:1662} INFO - Exporting env vars: AIRFLOW_CTX_DAG_OWNER='***' AIRFLOW_CTX_DAG_ID='outcomes_dag' AIRFLOW_CTX_TASK_ID='Extract' AIRFLOW_CTX_EXECUTION_DATE='2023-11-19T00:00:00+00:00' AIRFLOW_CTX_TRY_NUMBER='1' AIRFLOW_CTX_DAG_RUN_ID='scheduled__2023-11-19T00:00:00+00:00'
[2023-11-22T03:22:49.324+0000] {logging_mixin.py:154} INFO - Data Deposited into Cloud Storage
[2023-11-22T03:22:49.328+0000] {python.py:194} INFO - Done. Returned value was: None
[2023-11-22T03:22:49.369+0000] {taskinstance.py:1400} INFO - Marking task as SUCCESS. dag_id=outcomes_dag, task_id=Extract, execution_date=20231119T000000, start_date=20231122T032244, end_date=20231122T032249
[2023-11-22T03:22:49.412+0000] {local_task_job_runner.py:228} INFO - Task exited with return code 0
[2023-11-22T03:55:49.552+0000] {taskinstance.py:1159} INFO - Dependencies all met for dep_context=non-requeueable deps ti=<TaskInstance: outcomes_dag.Extract scheduled__2023-11-19T00:00:00+00:00 [queued]>
[2023-11-22T03:55:49.565+0000] {taskinstance.py:1159} INFO - Dependencies all met for dep_context=requeueable deps ti=<TaskInstance: outcomes_dag.Extract scheduled__2023-11-19T00:00:00+00:00 [queued]>
[2023-11-22T03:55:49.566+0000] {taskinstance.py:1361} INFO - Starting attempt 1 of 1
[2023-11-22T03:55:49.588+0000] {taskinstance.py:1382} INFO - Executing <Task(PythonOperator): Extract> on 2023-11-19 00:00:00+00:00
[2023-11-22T03:55:49.597+0000] {standard_task_runner.py:57} INFO - Started process 72 to run task
[2023-11-22T03:55:49.620+0000] {standard_task_runner.py:84} INFO - Running: ['***', 'tasks', 'run', 'outcomes_dag', 'Extract', 'scheduled__2023-11-19T00:00:00+00:00', '--job-id', '7', '--raw', '--subdir', 'DAGS_FOLDER/outcomes_dag.py', '--cfg-path', '/tmp/tmpt6l1om0d']
[2023-11-22T03:55:49.635+0000] {standard_task_runner.py:85} INFO - Job 7: Subtask Extract
[2023-11-22T03:55:49.731+0000] {task_command.py:416} INFO - Running <TaskInstance: outcomes_dag.Extract scheduled__2023-11-19T00:00:00+00:00 [running]> on host cf936e748923
[2023-11-22T03:55:49.796+0000] {taskinstance.py:1662} INFO - Exporting env vars: AIRFLOW_CTX_DAG_OWNER='***' AIRFLOW_CTX_DAG_ID='outcomes_dag' AIRFLOW_CTX_TASK_ID='Extract' AIRFLOW_CTX_EXECUTION_DATE='2023-11-19T00:00:00+00:00' AIRFLOW_CTX_TRY_NUMBER='1' AIRFLOW_CTX_DAG_RUN_ID='scheduled__2023-11-19T00:00:00+00:00'
[2023-11-22T03:55:51.250+0000] {logging_mixin.py:154} INFO - Data Deposited into Cloud Storage
[2023-11-22T03:55:51.252+0000] {python.py:194} INFO - Done. Returned value was: None
[2023-11-22T03:55:51.282+0000] {taskinstance.py:1400} INFO - Marking task as SUCCESS. dag_id=outcomes_dag, task_id=Extract, execution_date=20231119T000000, start_date=20231122T035549, end_date=20231122T035551
[2023-11-22T03:55:51.378+0000] {local_task_job_runner.py:228} INFO - Task exited with return code 0
[2023-11-22T05:47:41.860+0000] {taskinstance.py:1159} INFO - Dependencies all met for dep_context=non-requeueable deps ti=<TaskInstance: outcomes_dag.Extract scheduled__2023-11-19T00:00:00+00:00 [queued]>
[2023-11-22T05:47:41.881+0000] {taskinstance.py:1159} INFO - Dependencies all met for dep_context=requeueable deps ti=<TaskInstance: outcomes_dag.Extract scheduled__2023-11-19T00:00:00+00:00 [queued]>
[2023-11-22T05:47:41.881+0000] {taskinstance.py:1361} INFO - Starting attempt 1 of 1
[2023-11-22T05:47:41.897+0000] {taskinstance.py:1382} INFO - Executing <Task(PythonOperator): Extract> on 2023-11-19 00:00:00+00:00
[2023-11-22T05:47:41.968+0000] {standard_task_runner.py:57} INFO - Started process 137 to run task
[2023-11-22T05:47:42.030+0000] {standard_task_runner.py:84} INFO - Running: ['***', 'tasks', 'run', 'outcomes_dag', 'Extract', 'scheduled__2023-11-19T00:00:00+00:00', '--job-id', '4', '--raw', '--subdir', 'DAGS_FOLDER/outcomes_dag.py', '--cfg-path', '/tmp/tmpnx342hxc']
[2023-11-22T05:47:42.049+0000] {standard_task_runner.py:85} INFO - Job 4: Subtask Extract
[2023-11-22T05:47:42.275+0000] {task_command.py:416} INFO - Running <TaskInstance: outcomes_dag.Extract scheduled__2023-11-19T00:00:00+00:00 [running]> on host 6e2e77b078ed
[2023-11-22T05:47:42.646+0000] {taskinstance.py:1662} INFO - Exporting env vars: AIRFLOW_CTX_DAG_OWNER='***' AIRFLOW_CTX_DAG_ID='outcomes_dag' AIRFLOW_CTX_TASK_ID='Extract' AIRFLOW_CTX_EXECUTION_DATE='2023-11-19T00:00:00+00:00' AIRFLOW_CTX_TRY_NUMBER='1' AIRFLOW_CTX_DAG_RUN_ID='scheduled__2023-11-19T00:00:00+00:00'
[2023-11-22T05:47:45.691+0000] {logging_mixin.py:154} INFO - Data Deposited into Cloud Storage
[2023-11-22T05:47:45.707+0000] {python.py:194} INFO - Done. Returned value was: None
[2023-11-22T05:47:45.753+0000] {taskinstance.py:1400} INFO - Marking task as SUCCESS. dag_id=outcomes_dag, task_id=Extract, execution_date=20231119T000000, start_date=20231122T054741, end_date=20231122T054745
[2023-11-22T05:47:45.797+0000] {local_task_job_runner.py:228} INFO - Task exited with return code 0
[2023-11-22T06:09:37.561+0000] {taskinstance.py:1159} INFO - Dependencies all met for dep_context=non-requeueable deps ti=<TaskInstance: outcomes_dag.Extract scheduled__2023-11-19T00:00:00+00:00 [queued]>
[2023-11-22T06:09:37.593+0000] {taskinstance.py:1159} INFO - Dependencies all met for dep_context=requeueable deps ti=<TaskInstance: outcomes_dag.Extract scheduled__2023-11-19T00:00:00+00:00 [queued]>
[2023-11-22T06:09:37.599+0000] {taskinstance.py:1361} INFO - Starting attempt 1 of 1
[2023-11-22T06:09:37.623+0000] {taskinstance.py:1382} INFO - Executing <Task(PythonOperator): Extract> on 2023-11-19 00:00:00+00:00
[2023-11-22T06:09:37.636+0000] {standard_task_runner.py:57} INFO - Started process 80 to run task
[2023-11-22T06:09:37.687+0000] {standard_task_runner.py:84} INFO - Running: ['***', 'tasks', 'run', 'outcomes_dag', 'Extract', 'scheduled__2023-11-19T00:00:00+00:00', '--job-id', '5', '--raw', '--subdir', 'DAGS_FOLDER/outcomes_dag.py', '--cfg-path', '/tmp/tmp2o0ah07b']
[2023-11-22T06:09:37.738+0000] {standard_task_runner.py:85} INFO - Job 5: Subtask Extract
[2023-11-22T06:09:38.070+0000] {task_command.py:416} INFO - Running <TaskInstance: outcomes_dag.Extract scheduled__2023-11-19T00:00:00+00:00 [running]> on host ded66acd9c7f
[2023-11-22T06:09:38.325+0000] {taskinstance.py:1662} INFO - Exporting env vars: AIRFLOW_CTX_DAG_OWNER='***' AIRFLOW_CTX_DAG_ID='outcomes_dag' AIRFLOW_CTX_TASK_ID='Extract' AIRFLOW_CTX_EXECUTION_DATE='2023-11-19T00:00:00+00:00' AIRFLOW_CTX_TRY_NUMBER='1' AIRFLOW_CTX_DAG_RUN_ID='scheduled__2023-11-19T00:00:00+00:00'
[2023-11-22T06:09:41.434+0000] {logging_mixin.py:154} INFO - Data Deposited into Cloud Storage
[2023-11-22T06:09:41.444+0000] {python.py:194} INFO - Done. Returned value was: None
[2023-11-22T06:09:41.493+0000] {taskinstance.py:1400} INFO - Marking task as SUCCESS. dag_id=outcomes_dag, task_id=Extract, execution_date=20231119T000000, start_date=20231122T060937, end_date=20231122T060941
[2023-11-22T06:09:41.544+0000] {local_task_job_runner.py:228} INFO - Task exited with return code 0
[2023-11-22T06:18:55.647+0000] {taskinstance.py:1159} INFO - Dependencies all met for dep_context=non-requeueable deps ti=<TaskInstance: outcomes_dag.Extract scheduled__2023-11-19T00:00:00+00:00 [queued]>
[2023-11-22T06:18:55.669+0000] {taskinstance.py:1159} INFO - Dependencies all met for dep_context=requeueable deps ti=<TaskInstance: outcomes_dag.Extract scheduled__2023-11-19T00:00:00+00:00 [queued]>
[2023-11-22T06:18:55.679+0000] {taskinstance.py:1361} INFO - Starting attempt 1 of 1
[2023-11-22T06:18:55.712+0000] {taskinstance.py:1382} INFO - Executing <Task(PythonOperator): Extract> on 2023-11-19 00:00:00+00:00
[2023-11-22T06:18:55.736+0000] {standard_task_runner.py:57} INFO - Started process 78 to run task
[2023-11-22T06:18:55.743+0000] {standard_task_runner.py:84} INFO - Running: ['***', 'tasks', 'run', 'outcomes_dag', 'Extract', 'scheduled__2023-11-19T00:00:00+00:00', '--job-id', '4', '--raw', '--subdir', 'DAGS_FOLDER/outcomes_dag.py', '--cfg-path', '/tmp/tmpkrvjrj90']
[2023-11-22T06:18:55.768+0000] {standard_task_runner.py:85} INFO - Job 4: Subtask Extract
[2023-11-22T06:18:55.948+0000] {task_command.py:416} INFO - Running <TaskInstance: outcomes_dag.Extract scheduled__2023-11-19T00:00:00+00:00 [running]> on host 836b7d8b8a64
[2023-11-22T06:18:56.163+0000] {taskinstance.py:1662} INFO - Exporting env vars: AIRFLOW_CTX_DAG_OWNER='***' AIRFLOW_CTX_DAG_ID='outcomes_dag' AIRFLOW_CTX_TASK_ID='Extract' AIRFLOW_CTX_EXECUTION_DATE='2023-11-19T00:00:00+00:00' AIRFLOW_CTX_TRY_NUMBER='1' AIRFLOW_CTX_DAG_RUN_ID='scheduled__2023-11-19T00:00:00+00:00'
[2023-11-22T06:18:58.574+0000] {logging_mixin.py:154} INFO - Data Deposited into Cloud Storage
[2023-11-22T06:18:58.581+0000] {python.py:194} INFO - Done. Returned value was: None
[2023-11-22T06:18:58.610+0000] {taskinstance.py:1400} INFO - Marking task as SUCCESS. dag_id=outcomes_dag, task_id=Extract, execution_date=20231119T000000, start_date=20231122T061855, end_date=20231122T061858
[2023-11-22T06:18:58.642+0000] {local_task_job_runner.py:228} INFO - Task exited with return code 0
[2023-11-22T07:14:58.495+0000] {taskinstance.py:1159} INFO - Dependencies all met for dep_context=non-requeueable deps ti=<TaskInstance: outcomes_dag.Extract scheduled__2023-11-19T00:00:00+00:00 [queued]>
[2023-11-22T07:14:58.520+0000] {taskinstance.py:1159} INFO - Dependencies all met for dep_context=requeueable deps ti=<TaskInstance: outcomes_dag.Extract scheduled__2023-11-19T00:00:00+00:00 [queued]>
[2023-11-22T07:14:58.521+0000] {taskinstance.py:1361} INFO - Starting attempt 1 of 1
[2023-11-22T07:14:58.569+0000] {taskinstance.py:1382} INFO - Executing <Task(PythonOperator): Extract> on 2023-11-19 00:00:00+00:00
[2023-11-22T07:14:58.591+0000] {standard_task_runner.py:57} INFO - Started process 77 to run task
[2023-11-22T07:14:58.640+0000] {standard_task_runner.py:84} INFO - Running: ['***', 'tasks', 'run', 'outcomes_dag', 'Extract', 'scheduled__2023-11-19T00:00:00+00:00', '--job-id', '7', '--raw', '--subdir', 'DAGS_FOLDER/outcomes_dag.py', '--cfg-path', '/tmp/tmpaq1ykp_e']
[2023-11-22T07:14:58.660+0000] {standard_task_runner.py:85} INFO - Job 7: Subtask Extract
[2023-11-22T07:14:58.866+0000] {task_command.py:416} INFO - Running <TaskInstance: outcomes_dag.Extract scheduled__2023-11-19T00:00:00+00:00 [running]> on host 011245d9ad62
[2023-11-22T07:14:59.018+0000] {taskinstance.py:1662} INFO - Exporting env vars: AIRFLOW_CTX_DAG_OWNER='***' AIRFLOW_CTX_DAG_ID='outcomes_dag' AIRFLOW_CTX_TASK_ID='Extract' AIRFLOW_CTX_EXECUTION_DATE='2023-11-19T00:00:00+00:00' AIRFLOW_CTX_TRY_NUMBER='1' AIRFLOW_CTX_DAG_RUN_ID='scheduled__2023-11-19T00:00:00+00:00'
[2023-11-22T07:15:02.060+0000] {logging_mixin.py:154} INFO - Data Deposited into Cloud Storage
[2023-11-22T07:15:02.069+0000] {python.py:194} INFO - Done. Returned value was: None
[2023-11-22T07:15:02.137+0000] {taskinstance.py:1400} INFO - Marking task as SUCCESS. dag_id=outcomes_dag, task_id=Extract, execution_date=20231119T000000, start_date=20231122T071458, end_date=20231122T071502
[2023-11-22T07:15:02.223+0000] {local_task_job_runner.py:228} INFO - Task exited with return code 0
[2023-11-22T07:54:36.134+0000] {taskinstance.py:1159} INFO - Dependencies all met for dep_context=non-requeueable deps ti=<TaskInstance: outcomes_dag.Extract scheduled__2023-11-19T00:00:00+00:00 [queued]>
[2023-11-22T07:54:36.151+0000] {taskinstance.py:1159} INFO - Dependencies all met for dep_context=requeueable deps ti=<TaskInstance: outcomes_dag.Extract scheduled__2023-11-19T00:00:00+00:00 [queued]>
[2023-11-22T07:54:36.151+0000] {taskinstance.py:1361} INFO - Starting attempt 1 of 1
[2023-11-22T07:54:36.164+0000] {taskinstance.py:1382} INFO - Executing <Task(PythonOperator): Extract> on 2023-11-19 00:00:00+00:00
[2023-11-22T07:54:36.175+0000] {standard_task_runner.py:57} INFO - Started process 450 to run task
[2023-11-22T07:54:36.184+0000] {standard_task_runner.py:84} INFO - Running: ['***', 'tasks', 'run', 'outcomes_dag', 'Extract', 'scheduled__2023-11-19T00:00:00+00:00', '--job-id', '70', '--raw', '--subdir', 'DAGS_FOLDER/outcomes_dag.py', '--cfg-path', '/tmp/tmpmsp7mb3s']
[2023-11-22T07:54:36.192+0000] {standard_task_runner.py:85} INFO - Job 70: Subtask Extract
[2023-11-22T07:54:36.253+0000] {task_command.py:416} INFO - Running <TaskInstance: outcomes_dag.Extract scheduled__2023-11-19T00:00:00+00:00 [running]> on host 6318e996d951
[2023-11-22T07:54:36.320+0000] {taskinstance.py:1662} INFO - Exporting env vars: AIRFLOW_CTX_DAG_OWNER='***' AIRFLOW_CTX_DAG_ID='outcomes_dag' AIRFLOW_CTX_TASK_ID='Extract' AIRFLOW_CTX_EXECUTION_DATE='2023-11-19T00:00:00+00:00' AIRFLOW_CTX_TRY_NUMBER='1' AIRFLOW_CTX_DAG_RUN_ID='scheduled__2023-11-19T00:00:00+00:00'
[2023-11-22T07:54:37.950+0000] {logging_mixin.py:154} INFO - Data Deposited into Cloud Storage
[2023-11-22T07:54:37.952+0000] {python.py:194} INFO - Done. Returned value was: None
[2023-11-22T07:54:37.963+0000] {taskinstance.py:1400} INFO - Marking task as SUCCESS. dag_id=outcomes_dag, task_id=Extract, execution_date=20231119T000000, start_date=20231122T075436, end_date=20231122T075437
[2023-11-22T07:54:38.011+0000] {local_task_job_runner.py:228} INFO - Task exited with return code 0
[2023-11-22T22:41:44.540+0000] {taskinstance.py:1159} INFO - Dependencies all met for dep_context=non-requeueable deps ti=<TaskInstance: outcomes_dag.Extract scheduled__2023-11-19T00:00:00+00:00 [queued]>
[2023-11-22T22:41:44.551+0000] {taskinstance.py:1159} INFO - Dependencies all met for dep_context=requeueable deps ti=<TaskInstance: outcomes_dag.Extract scheduled__2023-11-19T00:00:00+00:00 [queued]>
[2023-11-22T22:41:44.552+0000] {taskinstance.py:1361} INFO - Starting attempt 1 of 1
[2023-11-22T22:41:44.562+0000] {taskinstance.py:1382} INFO - Executing <Task(PythonOperator): Extract> on 2023-11-19 00:00:00+00:00
[2023-11-22T22:41:44.571+0000] {standard_task_runner.py:57} INFO - Started process 245 to run task
[2023-11-22T22:41:44.578+0000] {standard_task_runner.py:84} INFO - Running: ['***', 'tasks', 'run', 'outcomes_dag', 'Extract', 'scheduled__2023-11-19T00:00:00+00:00', '--job-id', '52', '--raw', '--subdir', 'DAGS_FOLDER/outcomes_dag.py', '--cfg-path', '/tmp/tmp3gzsiws2']
[2023-11-22T22:41:44.587+0000] {standard_task_runner.py:85} INFO - Job 52: Subtask Extract
[2023-11-22T22:41:44.682+0000] {task_command.py:416} INFO - Running <TaskInstance: outcomes_dag.Extract scheduled__2023-11-19T00:00:00+00:00 [running]> on host 8ac13583809b
[2023-11-22T22:41:44.780+0000] {taskinstance.py:1662} INFO - Exporting env vars: AIRFLOW_CTX_DAG_OWNER='***' AIRFLOW_CTX_DAG_ID='outcomes_dag' AIRFLOW_CTX_TASK_ID='Extract' AIRFLOW_CTX_EXECUTION_DATE='2023-11-19T00:00:00+00:00' AIRFLOW_CTX_TRY_NUMBER='1' AIRFLOW_CTX_DAG_RUN_ID='scheduled__2023-11-19T00:00:00+00:00'
[2023-11-22T22:41:45.702+0000] {logging_mixin.py:154} INFO - Data Deposited into Cloud Storage
[2023-11-22T22:41:45.703+0000] {python.py:194} INFO - Done. Returned value was: None
[2023-11-22T22:41:45.718+0000] {taskinstance.py:1400} INFO - Marking task as SUCCESS. dag_id=outcomes_dag, task_id=Extract, execution_date=20231119T000000, start_date=20231122T224144, end_date=20231122T224145
[2023-11-22T22:41:45.792+0000] {local_task_job_runner.py:228} INFO - Task exited with return code 0
[2023-11-22T23:03:23.638+0000] {taskinstance.py:1159} INFO - Dependencies all met for dep_context=non-requeueable deps ti=<TaskInstance: outcomes_dag.Extract scheduled__2023-11-19T00:00:00+00:00 [queued]>
[2023-11-22T23:03:23.648+0000] {taskinstance.py:1159} INFO - Dependencies all met for dep_context=requeueable deps ti=<TaskInstance: outcomes_dag.Extract scheduled__2023-11-19T00:00:00+00:00 [queued]>
[2023-11-22T23:03:23.649+0000] {taskinstance.py:1361} INFO - Starting attempt 1 of 1
[2023-11-22T23:03:23.661+0000] {taskinstance.py:1382} INFO - Executing <Task(PythonOperator): Extract> on 2023-11-19 00:00:00+00:00
[2023-11-22T23:03:23.668+0000] {standard_task_runner.py:57} INFO - Started process 463 to run task
[2023-11-22T23:03:23.672+0000] {standard_task_runner.py:84} INFO - Running: ['***', 'tasks', 'run', 'outcomes_dag', 'Extract', 'scheduled__2023-11-19T00:00:00+00:00', '--job-id', '117', '--raw', '--subdir', 'DAGS_FOLDER/outcomes_dag.py', '--cfg-path', '/tmp/tmphx2bkygo']
[2023-11-22T23:03:23.678+0000] {standard_task_runner.py:85} INFO - Job 117: Subtask Extract
[2023-11-22T23:03:23.745+0000] {task_command.py:416} INFO - Running <TaskInstance: outcomes_dag.Extract scheduled__2023-11-19T00:00:00+00:00 [running]> on host 4b2f5af281f8
[2023-11-22T23:03:23.855+0000] {taskinstance.py:1662} INFO - Exporting env vars: AIRFLOW_CTX_DAG_OWNER='***' AIRFLOW_CTX_DAG_ID='outcomes_dag' AIRFLOW_CTX_TASK_ID='Extract' AIRFLOW_CTX_EXECUTION_DATE='2023-11-19T00:00:00+00:00' AIRFLOW_CTX_TRY_NUMBER='1' AIRFLOW_CTX_DAG_RUN_ID='scheduled__2023-11-19T00:00:00+00:00'
[2023-11-22T23:03:27.035+0000] {logging_mixin.py:154} INFO - Data Deposited into Cloud Storage
[2023-11-22T23:03:27.045+0000] {python.py:194} INFO - Done. Returned value was: None
[2023-11-22T23:03:27.066+0000] {taskinstance.py:1400} INFO - Marking task as SUCCESS. dag_id=outcomes_dag, task_id=Extract, execution_date=20231119T000000, start_date=20231122T230323, end_date=20231122T230327
[2023-11-22T23:03:27.127+0000] {local_task_job_runner.py:228} INFO - Task exited with return code 0
[2023-11-22T23:23:45.794+0000] {taskinstance.py:1159} INFO - Dependencies all met for dep_context=non-requeueable deps ti=<TaskInstance: outcomes_dag.Extract scheduled__2023-11-19T00:00:00+00:00 [queued]>
[2023-11-22T23:23:45.806+0000] {taskinstance.py:1159} INFO - Dependencies all met for dep_context=requeueable deps ti=<TaskInstance: outcomes_dag.Extract scheduled__2023-11-19T00:00:00+00:00 [queued]>
[2023-11-22T23:23:45.806+0000] {taskinstance.py:1361} INFO - Starting attempt 1 of 1
[2023-11-22T23:23:45.816+0000] {taskinstance.py:1382} INFO - Executing <Task(PythonOperator): Extract> on 2023-11-19 00:00:00+00:00
[2023-11-22T23:23:45.827+0000] {standard_task_runner.py:57} INFO - Started process 412 to run task
[2023-11-22T23:23:45.833+0000] {standard_task_runner.py:84} INFO - Running: ['***', 'tasks', 'run', 'outcomes_dag', 'Extract', 'scheduled__2023-11-19T00:00:00+00:00', '--job-id', '100', '--raw', '--subdir', 'DAGS_FOLDER/outcomes_dag.py', '--cfg-path', '/tmp/tmpn1sj019c']
[2023-11-22T23:23:45.835+0000] {standard_task_runner.py:85} INFO - Job 100: Subtask Extract
[2023-11-22T23:23:45.876+0000] {task_command.py:416} INFO - Running <TaskInstance: outcomes_dag.Extract scheduled__2023-11-19T00:00:00+00:00 [running]> on host b410bfb4af5e
[2023-11-22T23:23:45.947+0000] {taskinstance.py:1662} INFO - Exporting env vars: AIRFLOW_CTX_DAG_OWNER='***' AIRFLOW_CTX_DAG_ID='outcomes_dag' AIRFLOW_CTX_TASK_ID='Extract' AIRFLOW_CTX_EXECUTION_DATE='2023-11-19T00:00:00+00:00' AIRFLOW_CTX_TRY_NUMBER='1' AIRFLOW_CTX_DAG_RUN_ID='scheduled__2023-11-19T00:00:00+00:00'
[2023-11-22T23:23:47.526+0000] {logging_mixin.py:154} INFO - Data Deposited into Cloud Storage
[2023-11-22T23:23:47.528+0000] {python.py:194} INFO - Done. Returned value was: None
[2023-11-22T23:23:47.539+0000] {taskinstance.py:1400} INFO - Marking task as SUCCESS. dag_id=outcomes_dag, task_id=Extract, execution_date=20231119T000000, start_date=20231122T232345, end_date=20231122T232347
[2023-11-22T23:23:47.569+0000] {local_task_job_runner.py:228} INFO - Task exited with return code 0
[2023-11-22T23:46:35.164+0000] {taskinstance.py:1159} INFO - Dependencies all met for dep_context=non-requeueable deps ti=<TaskInstance: outcomes_dag.Extract scheduled__2023-11-19T00:00:00+00:00 [queued]>
[2023-11-22T23:46:35.170+0000] {taskinstance.py:1159} INFO - Dependencies all met for dep_context=requeueable deps ti=<TaskInstance: outcomes_dag.Extract scheduled__2023-11-19T00:00:00+00:00 [queued]>
[2023-11-22T23:46:35.170+0000] {taskinstance.py:1361} INFO - Starting attempt 1 of 1
[2023-11-22T23:46:35.177+0000] {taskinstance.py:1382} INFO - Executing <Task(PythonOperator): Extract> on 2023-11-19 00:00:00+00:00
[2023-11-22T23:46:35.182+0000] {standard_task_runner.py:57} INFO - Started process 414 to run task
[2023-11-22T23:46:35.184+0000] {standard_task_runner.py:84} INFO - Running: ['***', 'tasks', 'run', 'outcomes_dag', 'Extract', 'scheduled__2023-11-19T00:00:00+00:00', '--job-id', '102', '--raw', '--subdir', 'DAGS_FOLDER/outcomes_dag.py', '--cfg-path', '/tmp/tmpwn767ioy']
[2023-11-22T23:46:35.185+0000] {standard_task_runner.py:85} INFO - Job 102: Subtask Extract
[2023-11-22T23:46:35.226+0000] {task_command.py:416} INFO - Running <TaskInstance: outcomes_dag.Extract scheduled__2023-11-19T00:00:00+00:00 [running]> on host 371cae71aa63
[2023-11-22T23:46:35.280+0000] {taskinstance.py:1662} INFO - Exporting env vars: AIRFLOW_CTX_DAG_OWNER='***' AIRFLOW_CTX_DAG_ID='outcomes_dag' AIRFLOW_CTX_TASK_ID='Extract' AIRFLOW_CTX_EXECUTION_DATE='2023-11-19T00:00:00+00:00' AIRFLOW_CTX_TRY_NUMBER='1' AIRFLOW_CTX_DAG_RUN_ID='scheduled__2023-11-19T00:00:00+00:00'
[2023-11-22T23:46:36.511+0000] {logging_mixin.py:154} INFO - Data Deposited into Cloud Storage
[2023-11-22T23:46:36.513+0000] {python.py:194} INFO - Done. Returned value was: None
[2023-11-22T23:46:36.539+0000] {taskinstance.py:1400} INFO - Marking task as SUCCESS. dag_id=outcomes_dag, task_id=Extract, execution_date=20231119T000000, start_date=20231122T234635, end_date=20231122T234636
[2023-11-22T23:46:36.644+0000] {local_task_job_runner.py:228} INFO - Task exited with return code 0
[2023-11-23T00:43:07.013+0000] {taskinstance.py:1159} INFO - Dependencies all met for dep_context=non-requeueable deps ti=<TaskInstance: outcomes_dag.Extract scheduled__2023-11-19T00:00:00+00:00 [queued]>
[2023-11-23T00:43:07.036+0000] {taskinstance.py:1159} INFO - Dependencies all met for dep_context=requeueable deps ti=<TaskInstance: outcomes_dag.Extract scheduled__2023-11-19T00:00:00+00:00 [queued]>
[2023-11-23T00:43:07.036+0000] {taskinstance.py:1361} INFO - Starting attempt 1 of 1
[2023-11-23T00:43:07.078+0000] {taskinstance.py:1382} INFO - Executing <Task(PythonOperator): Extract> on 2023-11-19 00:00:00+00:00
[2023-11-23T00:43:07.098+0000] {standard_task_runner.py:57} INFO - Started process 475 to run task
[2023-11-23T00:43:07.110+0000] {standard_task_runner.py:84} INFO - Running: ['***', 'tasks', 'run', 'outcomes_dag', 'Extract', 'scheduled__2023-11-19T00:00:00+00:00', '--job-id', '119', '--raw', '--subdir', 'DAGS_FOLDER/outcomes_dag.py', '--cfg-path', '/tmp/tmpr2hicsw3']
[2023-11-23T00:43:07.117+0000] {standard_task_runner.py:85} INFO - Job 119: Subtask Extract
[2023-11-23T00:43:07.234+0000] {task_command.py:416} INFO - Running <TaskInstance: outcomes_dag.Extract scheduled__2023-11-19T00:00:00+00:00 [running]> on host 75913536581a
[2023-11-23T00:43:07.584+0000] {taskinstance.py:1662} INFO - Exporting env vars: AIRFLOW_CTX_DAG_OWNER='***' AIRFLOW_CTX_DAG_ID='outcomes_dag' AIRFLOW_CTX_TASK_ID='Extract' AIRFLOW_CTX_EXECUTION_DATE='2023-11-19T00:00:00+00:00' AIRFLOW_CTX_TRY_NUMBER='1' AIRFLOW_CTX_DAG_RUN_ID='scheduled__2023-11-19T00:00:00+00:00'
[2023-11-23T00:43:08.701+0000] {logging_mixin.py:154} INFO - Data Deposited into Cloud Storage
[2023-11-23T00:43:08.715+0000] {python.py:194} INFO - Done. Returned value was: None
[2023-11-23T00:43:08.744+0000] {taskinstance.py:1400} INFO - Marking task as SUCCESS. dag_id=outcomes_dag, task_id=Extract, execution_date=20231119T000000, start_date=20231123T004307, end_date=20231123T004308
[2023-11-23T00:43:08.855+0000] {local_task_job_runner.py:228} INFO - Task exited with return code 0
[2023-11-23T01:49:59.831+0000] {taskinstance.py:1159} INFO - Dependencies all met for dep_context=non-requeueable deps ti=<TaskInstance: outcomes_dag.Extract scheduled__2023-11-19T00:00:00+00:00 [queued]>
[2023-11-23T01:49:59.837+0000] {taskinstance.py:1159} INFO - Dependencies all met for dep_context=requeueable deps ti=<TaskInstance: outcomes_dag.Extract scheduled__2023-11-19T00:00:00+00:00 [queued]>
[2023-11-23T01:49:59.837+0000] {taskinstance.py:1361} INFO - Starting attempt 1 of 1
[2023-11-23T01:49:59.850+0000] {taskinstance.py:1382} INFO - Executing <Task(PythonOperator): Extract> on 2023-11-19 00:00:00+00:00
[2023-11-23T01:49:59.859+0000] {standard_task_runner.py:57} INFO - Started process 268 to run task
[2023-11-23T01:49:59.882+0000] {standard_task_runner.py:84} INFO - Running: ['***', 'tasks', 'run', 'outcomes_dag', 'Extract', 'scheduled__2023-11-19T00:00:00+00:00', '--job-id', '68', '--raw', '--subdir', 'DAGS_FOLDER/outcomes_dag.py', '--cfg-path', '/tmp/tmpuqz8qp05']
[2023-11-23T01:49:59.893+0000] {standard_task_runner.py:85} INFO - Job 68: Subtask Extract
[2023-11-23T01:49:59.975+0000] {task_command.py:416} INFO - Running <TaskInstance: outcomes_dag.Extract scheduled__2023-11-19T00:00:00+00:00 [running]> on host d15d3caa5b00
[2023-11-23T01:50:00.070+0000] {taskinstance.py:1662} INFO - Exporting env vars: AIRFLOW_CTX_DAG_OWNER='***' AIRFLOW_CTX_DAG_ID='outcomes_dag' AIRFLOW_CTX_TASK_ID='Extract' AIRFLOW_CTX_EXECUTION_DATE='2023-11-19T00:00:00+00:00' AIRFLOW_CTX_TRY_NUMBER='1' AIRFLOW_CTX_DAG_RUN_ID='scheduled__2023-11-19T00:00:00+00:00'
[2023-11-23T01:50:01.207+0000] {logging_mixin.py:154} INFO - Data Deposited into Cloud Storage
[2023-11-23T01:50:01.209+0000] {python.py:194} INFO - Done. Returned value was: None
[2023-11-23T01:50:01.223+0000] {taskinstance.py:1400} INFO - Marking task as SUCCESS. dag_id=outcomes_dag, task_id=Extract, execution_date=20231119T000000, start_date=20231123T014959, end_date=20231123T015001
[2023-11-23T01:50:01.268+0000] {local_task_job_runner.py:228} INFO - Task exited with return code 0
[2023-11-23T01:58:36.036+0000] {taskinstance.py:1159} INFO - Dependencies all met for dep_context=non-requeueable deps ti=<TaskInstance: outcomes_dag.Extract scheduled__2023-11-19T00:00:00+00:00 [queued]>
[2023-11-23T01:58:36.054+0000] {taskinstance.py:1159} INFO - Dependencies all met for dep_context=requeueable deps ti=<TaskInstance: outcomes_dag.Extract scheduled__2023-11-19T00:00:00+00:00 [queued]>
[2023-11-23T01:58:36.056+0000] {taskinstance.py:1361} INFO - Starting attempt 1 of 1
[2023-11-23T01:58:36.075+0000] {taskinstance.py:1382} INFO - Executing <Task(PythonOperator): Extract> on 2023-11-19 00:00:00+00:00
[2023-11-23T01:58:36.084+0000] {standard_task_runner.py:57} INFO - Started process 65 to run task
[2023-11-23T01:58:36.103+0000] {standard_task_runner.py:84} INFO - Running: ['***', 'tasks', 'run', 'outcomes_dag', 'Extract', 'scheduled__2023-11-19T00:00:00+00:00', '--job-id', '3', '--raw', '--subdir', 'DAGS_FOLDER/outcomes_dag.py', '--cfg-path', '/tmp/tmpzp6gpy71']
[2023-11-23T01:58:36.117+0000] {standard_task_runner.py:85} INFO - Job 3: Subtask Extract
[2023-11-23T01:58:36.285+0000] {task_command.py:416} INFO - Running <TaskInstance: outcomes_dag.Extract scheduled__2023-11-19T00:00:00+00:00 [running]> on host 3cdc572bc068
[2023-11-23T01:58:36.446+0000] {taskinstance.py:1662} INFO - Exporting env vars: AIRFLOW_CTX_DAG_OWNER='***' AIRFLOW_CTX_DAG_ID='outcomes_dag' AIRFLOW_CTX_TASK_ID='Extract' AIRFLOW_CTX_EXECUTION_DATE='2023-11-19T00:00:00+00:00' AIRFLOW_CTX_TRY_NUMBER='1' AIRFLOW_CTX_DAG_RUN_ID='scheduled__2023-11-19T00:00:00+00:00'
[2023-11-23T01:58:37.752+0000] {logging_mixin.py:154} INFO - Data Deposited into Cloud Storage
[2023-11-23T01:58:37.770+0000] {python.py:194} INFO - Done. Returned value was: None
[2023-11-23T01:58:37.795+0000] {taskinstance.py:1400} INFO - Marking task as SUCCESS. dag_id=outcomes_dag, task_id=Extract, execution_date=20231119T000000, start_date=20231123T015836, end_date=20231123T015837
[2023-11-23T01:58:37.837+0000] {local_task_job_runner.py:228} INFO - Task exited with return code 0
[2023-11-23T02:59:37.500+0000] {taskinstance.py:1159} INFO - Dependencies all met for dep_context=non-requeueable deps ti=<TaskInstance: outcomes_dag.Extract scheduled__2023-11-19T00:00:00+00:00 [queued]>
[2023-11-23T02:59:37.513+0000] {taskinstance.py:1159} INFO - Dependencies all met for dep_context=requeueable deps ti=<TaskInstance: outcomes_dag.Extract scheduled__2023-11-19T00:00:00+00:00 [queued]>
[2023-11-23T02:59:37.514+0000] {taskinstance.py:1361} INFO - Starting attempt 1 of 1
[2023-11-23T02:59:37.533+0000] {taskinstance.py:1382} INFO - Executing <Task(PythonOperator): Extract> on 2023-11-19 00:00:00+00:00
[2023-11-23T02:59:37.545+0000] {standard_task_runner.py:57} INFO - Started process 116 to run task
[2023-11-23T02:59:37.590+0000] {standard_task_runner.py:84} INFO - Running: ['***', 'tasks', 'run', 'outcomes_dag', 'Extract', 'scheduled__2023-11-19T00:00:00+00:00', '--job-id', '4', '--raw', '--subdir', 'DAGS_FOLDER/outcomes_dag.py', '--cfg-path', '/tmp/tmp74fdpult']
[2023-11-23T02:59:37.602+0000] {standard_task_runner.py:85} INFO - Job 4: Subtask Extract
[2023-11-23T02:59:37.747+0000] {task_command.py:416} INFO - Running <TaskInstance: outcomes_dag.Extract scheduled__2023-11-19T00:00:00+00:00 [running]> on host 1268bd8e5db0
[2023-11-23T02:59:37.834+0000] {taskinstance.py:1662} INFO - Exporting env vars: AIRFLOW_CTX_DAG_OWNER='***' AIRFLOW_CTX_DAG_ID='outcomes_dag' AIRFLOW_CTX_TASK_ID='Extract' AIRFLOW_CTX_EXECUTION_DATE='2023-11-19T00:00:00+00:00' AIRFLOW_CTX_TRY_NUMBER='1' AIRFLOW_CTX_DAG_RUN_ID='scheduled__2023-11-19T00:00:00+00:00'
[2023-11-23T02:59:39.790+0000] {logging_mixin.py:154} INFO - Data Deposited into Cloud Storage
[2023-11-23T02:59:39.792+0000] {python.py:194} INFO - Done. Returned value was: None
[2023-11-23T02:59:39.805+0000] {taskinstance.py:1400} INFO - Marking task as SUCCESS. dag_id=outcomes_dag, task_id=Extract, execution_date=20231119T000000, start_date=20231123T025937, end_date=20231123T025939
[2023-11-23T02:59:39.844+0000] {local_task_job_runner.py:228} INFO - Task exited with return code 0
[2023-11-23T03:42:03.350+0000] {taskinstance.py:1159} INFO - Dependencies all met for dep_context=non-requeueable deps ti=<TaskInstance: outcomes_dag.Extract scheduled__2023-11-19T00:00:00+00:00 [queued]>
[2023-11-23T03:42:03.365+0000] {taskinstance.py:1159} INFO - Dependencies all met for dep_context=requeueable deps ti=<TaskInstance: outcomes_dag.Extract scheduled__2023-11-19T00:00:00+00:00 [queued]>
[2023-11-23T03:42:03.366+0000] {taskinstance.py:1361} INFO - Starting attempt 1 of 1
[2023-11-23T03:42:03.390+0000] {taskinstance.py:1382} INFO - Executing <Task(PythonOperator): Extract> on 2023-11-19 00:00:00+00:00
[2023-11-23T03:42:03.403+0000] {standard_task_runner.py:57} INFO - Started process 519 to run task
[2023-11-23T03:42:03.429+0000] {standard_task_runner.py:84} INFO - Running: ['***', 'tasks', 'run', 'outcomes_dag', 'Extract', 'scheduled__2023-11-19T00:00:00+00:00', '--job-id', '149', '--raw', '--subdir', 'DAGS_FOLDER/outcomes_dag.py', '--cfg-path', '/tmp/tmpqzsz2450']
[2023-11-23T03:42:03.437+0000] {standard_task_runner.py:85} INFO - Job 149: Subtask Extract
[2023-11-23T03:42:03.555+0000] {task_command.py:416} INFO - Running <TaskInstance: outcomes_dag.Extract scheduled__2023-11-19T00:00:00+00:00 [running]> on host e647c96745b0
[2023-11-23T03:42:03.674+0000] {taskinstance.py:1662} INFO - Exporting env vars: AIRFLOW_CTX_DAG_OWNER='***' AIRFLOW_CTX_DAG_ID='outcomes_dag' AIRFLOW_CTX_TASK_ID='Extract' AIRFLOW_CTX_EXECUTION_DATE='2023-11-19T00:00:00+00:00' AIRFLOW_CTX_TRY_NUMBER='1' AIRFLOW_CTX_DAG_RUN_ID='scheduled__2023-11-19T00:00:00+00:00'
[2023-11-23T03:42:04.630+0000] {logging_mixin.py:154} INFO - Data Deposited into Cloud Storage
[2023-11-23T03:42:04.632+0000] {python.py:194} INFO - Done. Returned value was: None
[2023-11-23T03:42:04.646+0000] {taskinstance.py:1400} INFO - Marking task as SUCCESS. dag_id=outcomes_dag, task_id=Extract, execution_date=20231119T000000, start_date=20231123T034203, end_date=20231123T034204
[2023-11-23T03:42:04.682+0000] {local_task_job_runner.py:228} INFO - Task exited with return code 0
