[2023-11-22T07:53:39.589+0000] {taskinstance.py:1159} INFO - Dependencies all met for dep_context=non-requeueable deps ti=<TaskInstance: outcomes_dag.Extract scheduled__2023-11-08T00:00:00+00:00 [queued]>
[2023-11-22T07:53:39.652+0000] {taskinstance.py:1159} INFO - Dependencies all met for dep_context=requeueable deps ti=<TaskInstance: outcomes_dag.Extract scheduled__2023-11-08T00:00:00+00:00 [queued]>
[2023-11-22T07:53:39.656+0000] {taskinstance.py:1361} INFO - Starting attempt 1 of 1
[2023-11-22T07:53:39.704+0000] {taskinstance.py:1382} INFO - Executing <Task(PythonOperator): Extract> on 2023-11-08 00:00:00+00:00
[2023-11-22T07:53:39.742+0000] {standard_task_runner.py:57} INFO - Started process 275 to run task
[2023-11-22T07:53:39.755+0000] {standard_task_runner.py:84} INFO - Running: ['***', 'tasks', 'run', 'outcomes_dag', 'Extract', 'scheduled__2023-11-08T00:00:00+00:00', '--job-id', '14', '--raw', '--subdir', 'DAGS_FOLDER/outcomes_dag.py', '--cfg-path', '/tmp/tmpibmbb046']
[2023-11-22T07:53:39.806+0000] {standard_task_runner.py:85} INFO - Job 14: Subtask Extract
[2023-11-22T07:53:40.094+0000] {task_command.py:416} INFO - Running <TaskInstance: outcomes_dag.Extract scheduled__2023-11-08T00:00:00+00:00 [running]> on host 6318e996d951
[2023-11-22T07:53:40.472+0000] {taskinstance.py:1662} INFO - Exporting env vars: AIRFLOW_CTX_DAG_OWNER='***' AIRFLOW_CTX_DAG_ID='outcomes_dag' AIRFLOW_CTX_TASK_ID='Extract' AIRFLOW_CTX_EXECUTION_DATE='2023-11-08T00:00:00+00:00' AIRFLOW_CTX_TRY_NUMBER='1' AIRFLOW_CTX_DAG_RUN_ID='scheduled__2023-11-08T00:00:00+00:00'
[2023-11-22T07:53:43.673+0000] {logging_mixin.py:154} INFO - Data Deposited into Cloud Storage
[2023-11-22T07:53:43.741+0000] {python.py:194} INFO - Done. Returned value was: None
[2023-11-22T07:53:44.053+0000] {taskinstance.py:1400} INFO - Marking task as SUCCESS. dag_id=outcomes_dag, task_id=Extract, execution_date=20231108T000000, start_date=20231122T075339, end_date=20231122T075344
[2023-11-22T07:53:45.912+0000] {local_task_job_runner.py:228} INFO - Task exited with return code 0
[2023-11-22T22:41:13.276+0000] {taskinstance.py:1159} INFO - Dependencies all met for dep_context=non-requeueable deps ti=<TaskInstance: outcomes_dag.Extract scheduled__2023-11-08T00:00:00+00:00 [queued]>
[2023-11-22T22:41:13.327+0000] {taskinstance.py:1159} INFO - Dependencies all met for dep_context=requeueable deps ti=<TaskInstance: outcomes_dag.Extract scheduled__2023-11-08T00:00:00+00:00 [queued]>
[2023-11-22T22:41:13.332+0000] {taskinstance.py:1361} INFO - Starting attempt 1 of 1
[2023-11-22T22:41:13.423+0000] {taskinstance.py:1382} INFO - Executing <Task(PythonOperator): Extract> on 2023-11-08 00:00:00+00:00
[2023-11-22T22:41:13.549+0000] {standard_task_runner.py:57} INFO - Started process 114 to run task
[2023-11-22T22:41:13.636+0000] {standard_task_runner.py:84} INFO - Running: ['***', 'tasks', 'run', 'outcomes_dag', 'Extract', 'scheduled__2023-11-08T00:00:00+00:00', '--job-id', '3', '--raw', '--subdir', 'DAGS_FOLDER/outcomes_dag.py', '--cfg-path', '/tmp/tmpxdfomfnj']
[2023-11-22T22:41:13.714+0000] {standard_task_runner.py:85} INFO - Job 3: Subtask Extract
[2023-11-22T22:41:14.766+0000] {task_command.py:416} INFO - Running <TaskInstance: outcomes_dag.Extract scheduled__2023-11-08T00:00:00+00:00 [running]> on host 8ac13583809b
[2023-11-22T22:41:15.781+0000] {taskinstance.py:1662} INFO - Exporting env vars: AIRFLOW_CTX_DAG_OWNER='***' AIRFLOW_CTX_DAG_ID='outcomes_dag' AIRFLOW_CTX_TASK_ID='Extract' AIRFLOW_CTX_EXECUTION_DATE='2023-11-08T00:00:00+00:00' AIRFLOW_CTX_TRY_NUMBER='1' AIRFLOW_CTX_DAG_RUN_ID='scheduled__2023-11-08T00:00:00+00:00'
[2023-11-22T22:41:17.418+0000] {logging_mixin.py:154} INFO - Data Deposited into Cloud Storage
[2023-11-22T22:41:17.502+0000] {python.py:194} INFO - Done. Returned value was: None
[2023-11-22T22:41:17.606+0000] {taskinstance.py:1400} INFO - Marking task as SUCCESS. dag_id=outcomes_dag, task_id=Extract, execution_date=20231108T000000, start_date=20231122T224113, end_date=20231122T224117
[2023-11-22T22:41:17.705+0000] {local_task_job_runner.py:228} INFO - Task exited with return code 0
[2023-11-22T22:59:38.150+0000] {taskinstance.py:1159} INFO - Dependencies all met for dep_context=non-requeueable deps ti=<TaskInstance: outcomes_dag.Extract scheduled__2023-11-08T00:00:00+00:00 [queued]>
[2023-11-22T22:59:38.178+0000] {taskinstance.py:1159} INFO - Dependencies all met for dep_context=requeueable deps ti=<TaskInstance: outcomes_dag.Extract scheduled__2023-11-08T00:00:00+00:00 [queued]>
[2023-11-22T22:59:38.179+0000] {taskinstance.py:1361} INFO - Starting attempt 1 of 1
[2023-11-22T22:59:38.250+0000] {taskinstance.py:1382} INFO - Executing <Task(PythonOperator): Extract> on 2023-11-08 00:00:00+00:00
[2023-11-22T22:59:38.404+0000] {standard_task_runner.py:57} INFO - Started process 93 to run task
[2023-11-22T22:59:38.539+0000] {standard_task_runner.py:84} INFO - Running: ['***', 'tasks', 'run', 'outcomes_dag', 'Extract', 'scheduled__2023-11-08T00:00:00+00:00', '--job-id', '5', '--raw', '--subdir', 'DAGS_FOLDER/outcomes_dag.py', '--cfg-path', '/tmp/tmpafiun15h']
[2023-11-22T22:59:38.599+0000] {standard_task_runner.py:85} INFO - Job 5: Subtask Extract
[2023-11-22T22:59:38.936+0000] {task_command.py:416} INFO - Running <TaskInstance: outcomes_dag.Extract scheduled__2023-11-08T00:00:00+00:00 [running]> on host 4b2f5af281f8
[2023-11-22T22:59:39.172+0000] {taskinstance.py:1662} INFO - Exporting env vars: AIRFLOW_CTX_DAG_OWNER='***' AIRFLOW_CTX_DAG_ID='outcomes_dag' AIRFLOW_CTX_TASK_ID='Extract' AIRFLOW_CTX_EXECUTION_DATE='2023-11-08T00:00:00+00:00' AIRFLOW_CTX_TRY_NUMBER='1' AIRFLOW_CTX_DAG_RUN_ID='scheduled__2023-11-08T00:00:00+00:00'
[2023-11-22T22:59:41.979+0000] {logging_mixin.py:154} INFO - Data Deposited into Cloud Storage
[2023-11-22T22:59:42.008+0000] {python.py:194} INFO - Done. Returned value was: None
[2023-11-22T22:59:42.088+0000] {taskinstance.py:1400} INFO - Marking task as SUCCESS. dag_id=outcomes_dag, task_id=Extract, execution_date=20231108T000000, start_date=20231122T225938, end_date=20231122T225942
[2023-11-22T22:59:42.144+0000] {local_task_job_runner.py:228} INFO - Task exited with return code 0
[2023-11-22T23:20:05.892+0000] {taskinstance.py:1159} INFO - Dependencies all met for dep_context=non-requeueable deps ti=<TaskInstance: outcomes_dag.Extract scheduled__2023-11-08T00:00:00+00:00 [queued]>
[2023-11-22T23:20:05.929+0000] {taskinstance.py:1159} INFO - Dependencies all met for dep_context=requeueable deps ti=<TaskInstance: outcomes_dag.Extract scheduled__2023-11-08T00:00:00+00:00 [queued]>
[2023-11-22T23:20:05.943+0000] {taskinstance.py:1361} INFO - Starting attempt 1 of 1
[2023-11-22T23:20:05.962+0000] {taskinstance.py:1382} INFO - Executing <Task(PythonOperator): Extract> on 2023-11-08 00:00:00+00:00
[2023-11-22T23:20:05.979+0000] {standard_task_runner.py:57} INFO - Started process 94 to run task
[2023-11-22T23:20:06.025+0000] {standard_task_runner.py:84} INFO - Running: ['***', 'tasks', 'run', 'outcomes_dag', 'Extract', 'scheduled__2023-11-08T00:00:00+00:00', '--job-id', '7', '--raw', '--subdir', 'DAGS_FOLDER/outcomes_dag.py', '--cfg-path', '/tmp/tmplrjoy4qm']
[2023-11-22T23:20:06.031+0000] {standard_task_runner.py:85} INFO - Job 7: Subtask Extract
[2023-11-22T23:20:06.244+0000] {task_command.py:416} INFO - Running <TaskInstance: outcomes_dag.Extract scheduled__2023-11-08T00:00:00+00:00 [running]> on host b410bfb4af5e
[2023-11-22T23:20:06.494+0000] {taskinstance.py:1662} INFO - Exporting env vars: AIRFLOW_CTX_DAG_OWNER='***' AIRFLOW_CTX_DAG_ID='outcomes_dag' AIRFLOW_CTX_TASK_ID='Extract' AIRFLOW_CTX_EXECUTION_DATE='2023-11-08T00:00:00+00:00' AIRFLOW_CTX_TRY_NUMBER='1' AIRFLOW_CTX_DAG_RUN_ID='scheduled__2023-11-08T00:00:00+00:00'
[2023-11-22T23:20:08.814+0000] {logging_mixin.py:154} INFO - Data Deposited into Cloud Storage
[2023-11-22T23:20:08.860+0000] {python.py:194} INFO - Done. Returned value was: None
[2023-11-22T23:20:09.003+0000] {taskinstance.py:1400} INFO - Marking task as SUCCESS. dag_id=outcomes_dag, task_id=Extract, execution_date=20231108T000000, start_date=20231122T232005, end_date=20231122T232009
[2023-11-22T23:20:09.234+0000] {local_task_job_runner.py:228} INFO - Task exited with return code 0
[2023-11-22T23:42:52.604+0000] {taskinstance.py:1159} INFO - Dependencies all met for dep_context=non-requeueable deps ti=<TaskInstance: outcomes_dag.Extract scheduled__2023-11-08T00:00:00+00:00 [queued]>
[2023-11-22T23:42:52.619+0000] {taskinstance.py:1159} INFO - Dependencies all met for dep_context=requeueable deps ti=<TaskInstance: outcomes_dag.Extract scheduled__2023-11-08T00:00:00+00:00 [queued]>
[2023-11-22T23:42:52.620+0000] {taskinstance.py:1361} INFO - Starting attempt 1 of 1
[2023-11-22T23:42:52.687+0000] {taskinstance.py:1382} INFO - Executing <Task(PythonOperator): Extract> on 2023-11-08 00:00:00+00:00
[2023-11-22T23:42:52.742+0000] {standard_task_runner.py:57} INFO - Started process 95 to run task
[2023-11-22T23:42:52.832+0000] {standard_task_runner.py:84} INFO - Running: ['***', 'tasks', 'run', 'outcomes_dag', 'Extract', 'scheduled__2023-11-08T00:00:00+00:00', '--job-id', '9', '--raw', '--subdir', 'DAGS_FOLDER/outcomes_dag.py', '--cfg-path', '/tmp/tmpkklsl2uh']
[2023-11-22T23:42:52.873+0000] {standard_task_runner.py:85} INFO - Job 9: Subtask Extract
[2023-11-22T23:42:53.080+0000] {task_command.py:416} INFO - Running <TaskInstance: outcomes_dag.Extract scheduled__2023-11-08T00:00:00+00:00 [running]> on host 371cae71aa63
[2023-11-22T23:42:53.307+0000] {taskinstance.py:1662} INFO - Exporting env vars: AIRFLOW_CTX_DAG_OWNER='***' AIRFLOW_CTX_DAG_ID='outcomes_dag' AIRFLOW_CTX_TASK_ID='Extract' AIRFLOW_CTX_EXECUTION_DATE='2023-11-08T00:00:00+00:00' AIRFLOW_CTX_TRY_NUMBER='1' AIRFLOW_CTX_DAG_RUN_ID='scheduled__2023-11-08T00:00:00+00:00'
[2023-11-22T23:42:54.469+0000] {logging_mixin.py:154} INFO - Data Deposited into Cloud Storage
[2023-11-22T23:42:54.547+0000] {python.py:194} INFO - Done. Returned value was: None
[2023-11-22T23:42:54.701+0000] {taskinstance.py:1400} INFO - Marking task as SUCCESS. dag_id=outcomes_dag, task_id=Extract, execution_date=20231108T000000, start_date=20231122T234252, end_date=20231122T234254
[2023-11-22T23:42:54.893+0000] {local_task_job_runner.py:228} INFO - Task exited with return code 0
[2023-11-23T00:39:18.201+0000] {taskinstance.py:1159} INFO - Dependencies all met for dep_context=non-requeueable deps ti=<TaskInstance: outcomes_dag.Extract scheduled__2023-11-08T00:00:00+00:00 [queued]>
[2023-11-23T00:39:18.218+0000] {taskinstance.py:1159} INFO - Dependencies all met for dep_context=requeueable deps ti=<TaskInstance: outcomes_dag.Extract scheduled__2023-11-08T00:00:00+00:00 [queued]>
[2023-11-23T00:39:18.218+0000] {taskinstance.py:1361} INFO - Starting attempt 1 of 1
[2023-11-23T00:39:18.251+0000] {taskinstance.py:1382} INFO - Executing <Task(PythonOperator): Extract> on 2023-11-08 00:00:00+00:00
[2023-11-23T00:39:18.266+0000] {standard_task_runner.py:57} INFO - Started process 106 to run task
[2023-11-23T00:39:18.297+0000] {standard_task_runner.py:84} INFO - Running: ['***', 'tasks', 'run', 'outcomes_dag', 'Extract', 'scheduled__2023-11-08T00:00:00+00:00', '--job-id', '11', '--raw', '--subdir', 'DAGS_FOLDER/outcomes_dag.py', '--cfg-path', '/tmp/tmpn0pu2v42']
[2023-11-23T00:39:18.324+0000] {standard_task_runner.py:85} INFO - Job 11: Subtask Extract
[2023-11-23T00:39:18.516+0000] {task_command.py:416} INFO - Running <TaskInstance: outcomes_dag.Extract scheduled__2023-11-08T00:00:00+00:00 [running]> on host 75913536581a
[2023-11-23T00:39:18.728+0000] {taskinstance.py:1662} INFO - Exporting env vars: AIRFLOW_CTX_DAG_OWNER='***' AIRFLOW_CTX_DAG_ID='outcomes_dag' AIRFLOW_CTX_TASK_ID='Extract' AIRFLOW_CTX_EXECUTION_DATE='2023-11-08T00:00:00+00:00' AIRFLOW_CTX_TRY_NUMBER='1' AIRFLOW_CTX_DAG_RUN_ID='scheduled__2023-11-08T00:00:00+00:00'
[2023-11-23T00:39:20.576+0000] {logging_mixin.py:154} INFO - Data Deposited into Cloud Storage
[2023-11-23T00:39:20.605+0000] {python.py:194} INFO - Done. Returned value was: None
[2023-11-23T00:39:20.686+0000] {taskinstance.py:1400} INFO - Marking task as SUCCESS. dag_id=outcomes_dag, task_id=Extract, execution_date=20231108T000000, start_date=20231123T003918, end_date=20231123T003920
[2023-11-23T00:39:20.783+0000] {local_task_job_runner.py:228} INFO - Task exited with return code 0
[2023-11-23T01:49:23.409+0000] {taskinstance.py:1159} INFO - Dependencies all met for dep_context=non-requeueable deps ti=<TaskInstance: outcomes_dag.Extract scheduled__2023-11-08T00:00:00+00:00 [queued]>
[2023-11-23T01:49:23.418+0000] {taskinstance.py:1159} INFO - Dependencies all met for dep_context=requeueable deps ti=<TaskInstance: outcomes_dag.Extract scheduled__2023-11-08T00:00:00+00:00 [queued]>
[2023-11-23T01:49:23.419+0000] {taskinstance.py:1361} INFO - Starting attempt 1 of 1
[2023-11-23T01:49:23.429+0000] {taskinstance.py:1382} INFO - Executing <Task(PythonOperator): Extract> on 2023-11-08 00:00:00+00:00
[2023-11-23T01:49:23.445+0000] {standard_task_runner.py:57} INFO - Started process 97 to run task
[2023-11-23T01:49:23.469+0000] {standard_task_runner.py:84} INFO - Running: ['***', 'tasks', 'run', 'outcomes_dag', 'Extract', 'scheduled__2023-11-08T00:00:00+00:00', '--job-id', '8', '--raw', '--subdir', 'DAGS_FOLDER/outcomes_dag.py', '--cfg-path', '/tmp/tmpum20199n']
[2023-11-23T01:49:23.486+0000] {standard_task_runner.py:85} INFO - Job 8: Subtask Extract
[2023-11-23T01:49:23.694+0000] {task_command.py:416} INFO - Running <TaskInstance: outcomes_dag.Extract scheduled__2023-11-08T00:00:00+00:00 [running]> on host d15d3caa5b00
[2023-11-23T01:49:23.985+0000] {taskinstance.py:1662} INFO - Exporting env vars: AIRFLOW_CTX_DAG_OWNER='***' AIRFLOW_CTX_DAG_ID='outcomes_dag' AIRFLOW_CTX_TASK_ID='Extract' AIRFLOW_CTX_EXECUTION_DATE='2023-11-08T00:00:00+00:00' AIRFLOW_CTX_TRY_NUMBER='1' AIRFLOW_CTX_DAG_RUN_ID='scheduled__2023-11-08T00:00:00+00:00'
[2023-11-23T01:49:25.620+0000] {logging_mixin.py:154} INFO - Data Deposited into Cloud Storage
[2023-11-23T01:49:25.676+0000] {python.py:194} INFO - Done. Returned value was: None
[2023-11-23T01:49:25.728+0000] {taskinstance.py:1400} INFO - Marking task as SUCCESS. dag_id=outcomes_dag, task_id=Extract, execution_date=20231108T000000, start_date=20231123T014923, end_date=20231123T014925
[2023-11-23T01:49:25.815+0000] {local_task_job_runner.py:228} INFO - Task exited with return code 0
[2023-11-23T03:40:32.821+0000] {taskinstance.py:1159} INFO - Dependencies all met for dep_context=non-requeueable deps ti=<TaskInstance: outcomes_dag.Extract scheduled__2023-11-08T00:00:00+00:00 [queued]>
[2023-11-23T03:40:32.846+0000] {taskinstance.py:1159} INFO - Dependencies all met for dep_context=requeueable deps ti=<TaskInstance: outcomes_dag.Extract scheduled__2023-11-08T00:00:00+00:00 [queued]>
[2023-11-23T03:40:32.849+0000] {taskinstance.py:1361} INFO - Starting attempt 1 of 1
[2023-11-23T03:40:32.883+0000] {taskinstance.py:1382} INFO - Executing <Task(PythonOperator): Extract> on 2023-11-08 00:00:00+00:00
[2023-11-23T03:40:32.895+0000] {standard_task_runner.py:57} INFO - Started process 100 to run task
[2023-11-23T03:40:32.913+0000] {standard_task_runner.py:84} INFO - Running: ['***', 'tasks', 'run', 'outcomes_dag', 'Extract', 'scheduled__2023-11-08T00:00:00+00:00', '--job-id', '12', '--raw', '--subdir', 'DAGS_FOLDER/outcomes_dag.py', '--cfg-path', '/tmp/tmpgdh8npa0']
[2023-11-23T03:40:32.974+0000] {standard_task_runner.py:85} INFO - Job 12: Subtask Extract
[2023-11-23T03:40:33.372+0000] {task_command.py:416} INFO - Running <TaskInstance: outcomes_dag.Extract scheduled__2023-11-08T00:00:00+00:00 [running]> on host e647c96745b0
[2023-11-23T03:40:33.975+0000] {taskinstance.py:1662} INFO - Exporting env vars: AIRFLOW_CTX_DAG_OWNER='***' AIRFLOW_CTX_DAG_ID='outcomes_dag' AIRFLOW_CTX_TASK_ID='Extract' AIRFLOW_CTX_EXECUTION_DATE='2023-11-08T00:00:00+00:00' AIRFLOW_CTX_TRY_NUMBER='1' AIRFLOW_CTX_DAG_RUN_ID='scheduled__2023-11-08T00:00:00+00:00'
[2023-11-23T03:40:35.681+0000] {logging_mixin.py:154} INFO - Data Deposited into Cloud Storage
[2023-11-23T03:40:35.730+0000] {python.py:194} INFO - Done. Returned value was: None
[2023-11-23T03:40:36.045+0000] {taskinstance.py:1400} INFO - Marking task as SUCCESS. dag_id=outcomes_dag, task_id=Extract, execution_date=20231108T000000, start_date=20231123T034032, end_date=20231123T034036
[2023-11-23T03:40:36.254+0000] {local_task_job_runner.py:228} INFO - Task exited with return code 0
