[2023-11-22T02:30:18.225+0000] {taskinstance.py:1159} INFO - Dependencies all met for dep_context=non-requeueable deps ti=<TaskInstance: outcomes_dag.Extract scheduled__2023-11-17T00:00:00+00:00 [queued]>
[2023-11-22T02:30:18.235+0000] {taskinstance.py:1159} INFO - Dependencies all met for dep_context=requeueable deps ti=<TaskInstance: outcomes_dag.Extract scheduled__2023-11-17T00:00:00+00:00 [queued]>
[2023-11-22T02:30:18.239+0000] {taskinstance.py:1361} INFO - Starting attempt 1 of 1
[2023-11-22T02:30:18.277+0000] {taskinstance.py:1382} INFO - Executing <Task(PythonOperator): Extract> on 2023-11-17 00:00:00+00:00
[2023-11-22T02:30:18.359+0000] {standard_task_runner.py:57} INFO - Started process 76 to run task
[2023-11-22T02:30:18.366+0000] {standard_task_runner.py:84} INFO - Running: ['***', 'tasks', 'run', 'outcomes_dag', 'Extract', 'scheduled__2023-11-17T00:00:00+00:00', '--job-id', '3', '--raw', '--subdir', 'DAGS_FOLDER/outcomes_dag.py', '--cfg-path', '/tmp/tmpkfqft14r']
[2023-11-22T02:30:18.388+0000] {standard_task_runner.py:85} INFO - Job 3: Subtask Extract
[2023-11-22T02:30:18.666+0000] {task_command.py:416} INFO - Running <TaskInstance: outcomes_dag.Extract scheduled__2023-11-17T00:00:00+00:00 [running]> on host a66d9cf6a764
[2023-11-22T02:30:19.484+0000] {taskinstance.py:1662} INFO - Exporting env vars: AIRFLOW_CTX_DAG_OWNER='***' AIRFLOW_CTX_DAG_ID='outcomes_dag' AIRFLOW_CTX_TASK_ID='Extract' AIRFLOW_CTX_EXECUTION_DATE='2023-11-17T00:00:00+00:00' AIRFLOW_CTX_TRY_NUMBER='1' AIRFLOW_CTX_DAG_RUN_ID='scheduled__2023-11-17T00:00:00+00:00'
[2023-11-22T02:30:23.301+0000] {gcp_connect.py:28} ERROR - Error Occured while putting data into cloud storage..
[2023-11-22T02:30:23.303+0000] {taskinstance.py:1937} ERROR - Task failed with exception
Traceback (most recent call last):
  File "/home/airflow/.local/lib/python3.8/site-packages/google/cloud/storage/blob.py", line 2604, in _prep_and_do_upload
    created_json = self._do_upload(
  File "/home/airflow/.local/lib/python3.8/site-packages/google/cloud/storage/blob.py", line 2410, in _do_upload
    response = self._do_multipart_upload(
  File "/home/airflow/.local/lib/python3.8/site-packages/google/cloud/storage/blob.py", line 1923, in _do_multipart_upload
    response = upload.transmit(
  File "/home/airflow/.local/lib/python3.8/site-packages/google/resumable_media/requests/upload.py", line 153, in transmit
    return _request_helpers.wait_and_retry(
  File "/home/airflow/.local/lib/python3.8/site-packages/google/resumable_media/requests/_request_helpers.py", line 155, in wait_and_retry
    response = func()
  File "/home/airflow/.local/lib/python3.8/site-packages/google/resumable_media/requests/upload.py", line 149, in retriable_request
    self._process_response(result)
  File "/home/airflow/.local/lib/python3.8/site-packages/google/resumable_media/_upload.py", line 125, in _process_response
    _helpers.require_status_code(response, (http.client.OK,), self._get_status_code)
  File "/home/airflow/.local/lib/python3.8/site-packages/google/resumable_media/_helpers.py", line 108, in require_status_code
    raise common.InvalidResponse(
google.resumable_media.common.InvalidResponse: ('Request failed with status code', 404, 'Expected one of', 200)

During handling of the above exception, another exception occurred:

Traceback (most recent call last):
  File "/home/airflow/.local/lib/python3.8/site-packages/airflow/operators/python.py", line 192, in execute
    return_value = self.execute_callable()
  File "/home/airflow/.local/lib/python3.8/site-packages/airflow/operators/python.py", line 209, in execute_callable
    return self.python_callable(*self.op_args, **self.op_kwargs)
  File "/opt/airflow/dags/ETL/gcp_connect.py", line 15, in extract_api_data
    upload_blob(json_string, destination_blob_name, 'application/json', bucket)
  File "/opt/airflow/dags/ETL/gcp_connect.py", line 24, in upload_blob
    blob.upload_from_string(data_string, content_type = file_format)
  File "/home/airflow/.local/lib/python3.8/site-packages/google/cloud/storage/blob.py", line 3056, in upload_from_string
    self.upload_from_file(
  File "/home/airflow/.local/lib/python3.8/site-packages/google/cloud/storage/blob.py", line 2763, in upload_from_file
    self._prep_and_do_upload(
  File "/home/airflow/.local/lib/python3.8/site-packages/google/cloud/storage/blob.py", line 2622, in _prep_and_do_upload
    _raise_from_invalid_response(exc)
  File "/home/airflow/.local/lib/python3.8/site-packages/google/cloud/storage/blob.py", line 4778, in _raise_from_invalid_response
    raise exceptions.from_http_status(response.status_code, message, response=response)
google.api_core.exceptions.NotFound: 404 POST https://storage.googleapis.com/upload/storage/v1/b/dcsc-warehouse/o?uploadType=multipart: {
  "error": {
    "code": 404,
    "message": "The specified bucket does not exist.",
    "errors": [
      {
        "message": "The specified bucket does not exist.",
        "domain": "global",
        "reason": "notFound"
      }
    ]
  }
}
: ('Request failed with status code', 404, 'Expected one of', <HTTPStatus.OK: 200>)
[2023-11-22T02:30:23.331+0000] {taskinstance.py:1400} INFO - Marking task as FAILED. dag_id=outcomes_dag, task_id=Extract, execution_date=20231117T000000, start_date=20231122T023018, end_date=20231122T023023
[2023-11-22T02:30:23.342+0000] {standard_task_runner.py:104} ERROR - Failed to execute job 3 for task Extract (404 POST https://storage.googleapis.com/upload/storage/v1/b/dcsc-warehouse/o?uploadType=multipart: {
  "error": {
    "code": 404,
    "message": "The specified bucket does not exist.",
    "errors": [
      {
        "message": "The specified bucket does not exist.",
        "domain": "global",
        "reason": "notFound"
      }
    ]
  }
}
: ('Request failed with status code', 404, 'Expected one of', <HTTPStatus.OK: 200>); 76)
[2023-11-22T02:30:23.374+0000] {local_task_job_runner.py:228} INFO - Task exited with return code 1
[2023-11-22T02:53:58.895+0000] {taskinstance.py:1159} INFO - Dependencies all met for dep_context=non-requeueable deps ti=<TaskInstance: outcomes_dag.Extract scheduled__2023-11-17T00:00:00+00:00 [queued]>
[2023-11-22T02:53:58.910+0000] {taskinstance.py:1159} INFO - Dependencies all met for dep_context=requeueable deps ti=<TaskInstance: outcomes_dag.Extract scheduled__2023-11-17T00:00:00+00:00 [queued]>
[2023-11-22T02:53:58.911+0000] {taskinstance.py:1361} INFO - Starting attempt 1 of 1
[2023-11-22T02:53:58.946+0000] {taskinstance.py:1382} INFO - Executing <Task(PythonOperator): Extract> on 2023-11-17 00:00:00+00:00
[2023-11-22T02:53:58.969+0000] {standard_task_runner.py:57} INFO - Started process 78 to run task
[2023-11-22T02:53:58.992+0000] {standard_task_runner.py:84} INFO - Running: ['***', 'tasks', 'run', 'outcomes_dag', 'Extract', 'scheduled__2023-11-17T00:00:00+00:00', '--job-id', '5', '--raw', '--subdir', 'DAGS_FOLDER/outcomes_dag.py', '--cfg-path', '/tmp/tmpieetj0em']
[2023-11-22T02:53:59.009+0000] {standard_task_runner.py:85} INFO - Job 5: Subtask Extract
[2023-11-22T02:53:59.208+0000] {task_command.py:416} INFO - Running <TaskInstance: outcomes_dag.Extract scheduled__2023-11-17T00:00:00+00:00 [running]> on host 24b88ba10398
[2023-11-22T02:53:59.382+0000] {taskinstance.py:1662} INFO - Exporting env vars: AIRFLOW_CTX_DAG_OWNER='***' AIRFLOW_CTX_DAG_ID='outcomes_dag' AIRFLOW_CTX_TASK_ID='Extract' AIRFLOW_CTX_EXECUTION_DATE='2023-11-17T00:00:00+00:00' AIRFLOW_CTX_TRY_NUMBER='1' AIRFLOW_CTX_DAG_RUN_ID='scheduled__2023-11-17T00:00:00+00:00'
[2023-11-22T02:54:02.185+0000] {logging_mixin.py:154} INFO - Data Deposited into Cloud Storage
[2023-11-22T02:54:02.188+0000] {python.py:194} INFO - Done. Returned value was: None
[2023-11-22T02:54:02.250+0000] {taskinstance.py:1400} INFO - Marking task as SUCCESS. dag_id=outcomes_dag, task_id=Extract, execution_date=20231117T000000, start_date=20231122T025358, end_date=20231122T025402
[2023-11-22T02:54:02.303+0000] {local_task_job_runner.py:228} INFO - Task exited with return code 0
[2023-11-22T03:22:44.793+0000] {taskinstance.py:1159} INFO - Dependencies all met for dep_context=non-requeueable deps ti=<TaskInstance: outcomes_dag.Extract scheduled__2023-11-17T00:00:00+00:00 [queued]>
[2023-11-22T03:22:44.816+0000] {taskinstance.py:1159} INFO - Dependencies all met for dep_context=requeueable deps ti=<TaskInstance: outcomes_dag.Extract scheduled__2023-11-17T00:00:00+00:00 [queued]>
[2023-11-22T03:22:44.820+0000] {taskinstance.py:1361} INFO - Starting attempt 1 of 1
[2023-11-22T03:22:44.873+0000] {taskinstance.py:1382} INFO - Executing <Task(PythonOperator): Extract> on 2023-11-17 00:00:00+00:00
[2023-11-22T03:22:45.048+0000] {standard_task_runner.py:57} INFO - Started process 77 to run task
[2023-11-22T03:22:45.253+0000] {standard_task_runner.py:84} INFO - Running: ['***', 'tasks', 'run', 'outcomes_dag', 'Extract', 'scheduled__2023-11-17T00:00:00+00:00', '--job-id', '4', '--raw', '--subdir', 'DAGS_FOLDER/outcomes_dag.py', '--cfg-path', '/tmp/tmpda217lto']
[2023-11-22T03:22:45.436+0000] {standard_task_runner.py:85} INFO - Job 4: Subtask Extract
[2023-11-22T03:22:47.032+0000] {task_command.py:416} INFO - Running <TaskInstance: outcomes_dag.Extract scheduled__2023-11-17T00:00:00+00:00 [running]> on host cf56a4e96859
[2023-11-22T03:22:47.675+0000] {taskinstance.py:1662} INFO - Exporting env vars: AIRFLOW_CTX_DAG_OWNER='***' AIRFLOW_CTX_DAG_ID='outcomes_dag' AIRFLOW_CTX_TASK_ID='Extract' AIRFLOW_CTX_EXECUTION_DATE='2023-11-17T00:00:00+00:00' AIRFLOW_CTX_TRY_NUMBER='1' AIRFLOW_CTX_DAG_RUN_ID='scheduled__2023-11-17T00:00:00+00:00'
[2023-11-22T03:22:51.404+0000] {logging_mixin.py:154} INFO - Data Deposited into Cloud Storage
[2023-11-22T03:22:51.409+0000] {python.py:194} INFO - Done. Returned value was: None
[2023-11-22T03:22:51.439+0000] {taskinstance.py:1400} INFO - Marking task as SUCCESS. dag_id=outcomes_dag, task_id=Extract, execution_date=20231117T000000, start_date=20231122T032244, end_date=20231122T032251
[2023-11-22T03:22:51.527+0000] {local_task_job_runner.py:228} INFO - Task exited with return code 0
[2023-11-22T03:55:49.543+0000] {taskinstance.py:1159} INFO - Dependencies all met for dep_context=non-requeueable deps ti=<TaskInstance: outcomes_dag.Extract scheduled__2023-11-17T00:00:00+00:00 [queued]>
[2023-11-22T03:55:49.553+0000] {taskinstance.py:1159} INFO - Dependencies all met for dep_context=requeueable deps ti=<TaskInstance: outcomes_dag.Extract scheduled__2023-11-17T00:00:00+00:00 [queued]>
[2023-11-22T03:55:49.557+0000] {taskinstance.py:1361} INFO - Starting attempt 1 of 1
[2023-11-22T03:55:49.569+0000] {taskinstance.py:1382} INFO - Executing <Task(PythonOperator): Extract> on 2023-11-17 00:00:00+00:00
[2023-11-22T03:55:49.580+0000] {standard_task_runner.py:57} INFO - Started process 71 to run task
[2023-11-22T03:55:49.594+0000] {standard_task_runner.py:84} INFO - Running: ['***', 'tasks', 'run', 'outcomes_dag', 'Extract', 'scheduled__2023-11-17T00:00:00+00:00', '--job-id', '5', '--raw', '--subdir', 'DAGS_FOLDER/outcomes_dag.py', '--cfg-path', '/tmp/tmpkqr7yzlw']
[2023-11-22T03:55:49.601+0000] {standard_task_runner.py:85} INFO - Job 5: Subtask Extract
[2023-11-22T03:55:49.716+0000] {task_command.py:416} INFO - Running <TaskInstance: outcomes_dag.Extract scheduled__2023-11-17T00:00:00+00:00 [running]> on host cf936e748923
[2023-11-22T03:55:49.797+0000] {taskinstance.py:1662} INFO - Exporting env vars: AIRFLOW_CTX_DAG_OWNER='***' AIRFLOW_CTX_DAG_ID='outcomes_dag' AIRFLOW_CTX_TASK_ID='Extract' AIRFLOW_CTX_EXECUTION_DATE='2023-11-17T00:00:00+00:00' AIRFLOW_CTX_TRY_NUMBER='1' AIRFLOW_CTX_DAG_RUN_ID='scheduled__2023-11-17T00:00:00+00:00'
[2023-11-22T03:55:51.248+0000] {logging_mixin.py:154} INFO - Data Deposited into Cloud Storage
[2023-11-22T03:55:51.271+0000] {python.py:194} INFO - Done. Returned value was: None
[2023-11-22T03:55:51.320+0000] {taskinstance.py:1400} INFO - Marking task as SUCCESS. dag_id=outcomes_dag, task_id=Extract, execution_date=20231117T000000, start_date=20231122T035549, end_date=20231122T035551
[2023-11-22T03:55:51.399+0000] {local_task_job_runner.py:228} INFO - Task exited with return code 0
[2023-11-22T05:47:42.008+0000] {taskinstance.py:1159} INFO - Dependencies all met for dep_context=non-requeueable deps ti=<TaskInstance: outcomes_dag.Extract scheduled__2023-11-17T00:00:00+00:00 [queued]>
[2023-11-22T05:47:42.014+0000] {taskinstance.py:1159} INFO - Dependencies all met for dep_context=requeueable deps ti=<TaskInstance: outcomes_dag.Extract scheduled__2023-11-17T00:00:00+00:00 [queued]>
[2023-11-22T05:47:42.023+0000] {taskinstance.py:1361} INFO - Starting attempt 1 of 1
[2023-11-22T05:47:42.042+0000] {taskinstance.py:1382} INFO - Executing <Task(PythonOperator): Extract> on 2023-11-17 00:00:00+00:00
[2023-11-22T05:47:42.068+0000] {standard_task_runner.py:57} INFO - Started process 141 to run task
[2023-11-22T05:47:42.110+0000] {standard_task_runner.py:84} INFO - Running: ['***', 'tasks', 'run', 'outcomes_dag', 'Extract', 'scheduled__2023-11-17T00:00:00+00:00', '--job-id', '8', '--raw', '--subdir', 'DAGS_FOLDER/outcomes_dag.py', '--cfg-path', '/tmp/tmp0cr17o5z']
[2023-11-22T05:47:42.169+0000] {standard_task_runner.py:85} INFO - Job 8: Subtask Extract
[2023-11-22T05:47:42.639+0000] {task_command.py:416} INFO - Running <TaskInstance: outcomes_dag.Extract scheduled__2023-11-17T00:00:00+00:00 [running]> on host 6e2e77b078ed
[2023-11-22T05:47:42.750+0000] {taskinstance.py:1662} INFO - Exporting env vars: AIRFLOW_CTX_DAG_OWNER='***' AIRFLOW_CTX_DAG_ID='outcomes_dag' AIRFLOW_CTX_TASK_ID='Extract' AIRFLOW_CTX_EXECUTION_DATE='2023-11-17T00:00:00+00:00' AIRFLOW_CTX_TRY_NUMBER='1' AIRFLOW_CTX_DAG_RUN_ID='scheduled__2023-11-17T00:00:00+00:00'
[2023-11-22T05:47:45.693+0000] {logging_mixin.py:154} INFO - Data Deposited into Cloud Storage
[2023-11-22T05:47:45.695+0000] {python.py:194} INFO - Done. Returned value was: None
[2023-11-22T05:47:45.757+0000] {taskinstance.py:1400} INFO - Marking task as SUCCESS. dag_id=outcomes_dag, task_id=Extract, execution_date=20231117T000000, start_date=20231122T054742, end_date=20231122T054745
[2023-11-22T05:47:45.825+0000] {local_task_job_runner.py:228} INFO - Task exited with return code 0
[2023-11-22T06:09:37.387+0000] {taskinstance.py:1159} INFO - Dependencies all met for dep_context=non-requeueable deps ti=<TaskInstance: outcomes_dag.Extract scheduled__2023-11-17T00:00:00+00:00 [queued]>
[2023-11-22T06:09:37.406+0000] {taskinstance.py:1159} INFO - Dependencies all met for dep_context=requeueable deps ti=<TaskInstance: outcomes_dag.Extract scheduled__2023-11-17T00:00:00+00:00 [queued]>
[2023-11-22T06:09:37.407+0000] {taskinstance.py:1361} INFO - Starting attempt 1 of 1
[2023-11-22T06:09:37.425+0000] {taskinstance.py:1382} INFO - Executing <Task(PythonOperator): Extract> on 2023-11-17 00:00:00+00:00
[2023-11-22T06:09:37.455+0000] {standard_task_runner.py:57} INFO - Started process 79 to run task
[2023-11-22T06:09:37.502+0000] {standard_task_runner.py:84} INFO - Running: ['***', 'tasks', 'run', 'outcomes_dag', 'Extract', 'scheduled__2023-11-17T00:00:00+00:00', '--job-id', '4', '--raw', '--subdir', 'DAGS_FOLDER/outcomes_dag.py', '--cfg-path', '/tmp/tmpvto7wvip']
[2023-11-22T06:09:37.551+0000] {standard_task_runner.py:85} INFO - Job 4: Subtask Extract
[2023-11-22T06:09:37.901+0000] {task_command.py:416} INFO - Running <TaskInstance: outcomes_dag.Extract scheduled__2023-11-17T00:00:00+00:00 [running]> on host ded66acd9c7f
[2023-11-22T06:09:38.190+0000] {taskinstance.py:1662} INFO - Exporting env vars: AIRFLOW_CTX_DAG_OWNER='***' AIRFLOW_CTX_DAG_ID='outcomes_dag' AIRFLOW_CTX_TASK_ID='Extract' AIRFLOW_CTX_EXECUTION_DATE='2023-11-17T00:00:00+00:00' AIRFLOW_CTX_TRY_NUMBER='1' AIRFLOW_CTX_DAG_RUN_ID='scheduled__2023-11-17T00:00:00+00:00'
[2023-11-22T06:09:41.437+0000] {logging_mixin.py:154} INFO - Data Deposited into Cloud Storage
[2023-11-22T06:09:41.445+0000] {python.py:194} INFO - Done. Returned value was: None
[2023-11-22T06:09:41.509+0000] {taskinstance.py:1400} INFO - Marking task as SUCCESS. dag_id=outcomes_dag, task_id=Extract, execution_date=20231117T000000, start_date=20231122T060937, end_date=20231122T060941
[2023-11-22T06:09:41.576+0000] {local_task_job_runner.py:228} INFO - Task exited with return code 0
[2023-11-22T06:18:55.439+0000] {taskinstance.py:1159} INFO - Dependencies all met for dep_context=non-requeueable deps ti=<TaskInstance: outcomes_dag.Extract scheduled__2023-11-17T00:00:00+00:00 [queued]>
[2023-11-22T06:18:55.457+0000] {taskinstance.py:1159} INFO - Dependencies all met for dep_context=requeueable deps ti=<TaskInstance: outcomes_dag.Extract scheduled__2023-11-17T00:00:00+00:00 [queued]>
[2023-11-22T06:18:55.458+0000] {taskinstance.py:1361} INFO - Starting attempt 1 of 1
[2023-11-22T06:18:55.481+0000] {taskinstance.py:1382} INFO - Executing <Task(PythonOperator): Extract> on 2023-11-17 00:00:00+00:00
[2023-11-22T06:18:55.496+0000] {standard_task_runner.py:57} INFO - Started process 75 to run task
[2023-11-22T06:18:55.574+0000] {standard_task_runner.py:84} INFO - Running: ['***', 'tasks', 'run', 'outcomes_dag', 'Extract', 'scheduled__2023-11-17T00:00:00+00:00', '--job-id', '8', '--raw', '--subdir', 'DAGS_FOLDER/outcomes_dag.py', '--cfg-path', '/tmp/tmpa4o3plrx']
[2023-11-22T06:18:55.592+0000] {standard_task_runner.py:85} INFO - Job 8: Subtask Extract
[2023-11-22T06:18:55.810+0000] {task_command.py:416} INFO - Running <TaskInstance: outcomes_dag.Extract scheduled__2023-11-17T00:00:00+00:00 [running]> on host 836b7d8b8a64
[2023-11-22T06:18:56.085+0000] {taskinstance.py:1662} INFO - Exporting env vars: AIRFLOW_CTX_DAG_OWNER='***' AIRFLOW_CTX_DAG_ID='outcomes_dag' AIRFLOW_CTX_TASK_ID='Extract' AIRFLOW_CTX_EXECUTION_DATE='2023-11-17T00:00:00+00:00' AIRFLOW_CTX_TRY_NUMBER='1' AIRFLOW_CTX_DAG_RUN_ID='scheduled__2023-11-17T00:00:00+00:00'
[2023-11-22T06:18:58.763+0000] {logging_mixin.py:154} INFO - Data Deposited into Cloud Storage
[2023-11-22T06:18:58.771+0000] {python.py:194} INFO - Done. Returned value was: None
[2023-11-22T06:18:58.814+0000] {taskinstance.py:1400} INFO - Marking task as SUCCESS. dag_id=outcomes_dag, task_id=Extract, execution_date=20231117T000000, start_date=20231122T061855, end_date=20231122T061858
[2023-11-22T06:18:58.966+0000] {local_task_job_runner.py:228} INFO - Task exited with return code 0
[2023-11-22T07:14:58.718+0000] {taskinstance.py:1159} INFO - Dependencies all met for dep_context=non-requeueable deps ti=<TaskInstance: outcomes_dag.Extract scheduled__2023-11-17T00:00:00+00:00 [queued]>
[2023-11-22T07:14:58.746+0000] {taskinstance.py:1159} INFO - Dependencies all met for dep_context=requeueable deps ti=<TaskInstance: outcomes_dag.Extract scheduled__2023-11-17T00:00:00+00:00 [queued]>
[2023-11-22T07:14:58.747+0000] {taskinstance.py:1361} INFO - Starting attempt 1 of 1
[2023-11-22T07:14:58.767+0000] {taskinstance.py:1382} INFO - Executing <Task(PythonOperator): Extract> on 2023-11-17 00:00:00+00:00
[2023-11-22T07:14:58.786+0000] {standard_task_runner.py:57} INFO - Started process 80 to run task
[2023-11-22T07:14:58.800+0000] {standard_task_runner.py:84} INFO - Running: ['***', 'tasks', 'run', 'outcomes_dag', 'Extract', 'scheduled__2023-11-17T00:00:00+00:00', '--job-id', '3', '--raw', '--subdir', 'DAGS_FOLDER/outcomes_dag.py', '--cfg-path', '/tmp/tmp94e0066f']
[2023-11-22T07:14:58.825+0000] {standard_task_runner.py:85} INFO - Job 3: Subtask Extract
[2023-11-22T07:14:58.975+0000] {task_command.py:416} INFO - Running <TaskInstance: outcomes_dag.Extract scheduled__2023-11-17T00:00:00+00:00 [running]> on host 011245d9ad62
[2023-11-22T07:14:59.056+0000] {taskinstance.py:1662} INFO - Exporting env vars: AIRFLOW_CTX_DAG_OWNER='***' AIRFLOW_CTX_DAG_ID='outcomes_dag' AIRFLOW_CTX_TASK_ID='Extract' AIRFLOW_CTX_EXECUTION_DATE='2023-11-17T00:00:00+00:00' AIRFLOW_CTX_TRY_NUMBER='1' AIRFLOW_CTX_DAG_RUN_ID='scheduled__2023-11-17T00:00:00+00:00'
[2023-11-22T07:15:01.371+0000] {logging_mixin.py:154} INFO - Data Deposited into Cloud Storage
[2023-11-22T07:15:01.389+0000] {python.py:194} INFO - Done. Returned value was: None
[2023-11-22T07:15:01.436+0000] {taskinstance.py:1400} INFO - Marking task as SUCCESS. dag_id=outcomes_dag, task_id=Extract, execution_date=20231117T000000, start_date=20231122T071458, end_date=20231122T071501
[2023-11-22T07:15:01.490+0000] {local_task_job_runner.py:228} INFO - Task exited with return code 0
[2023-11-22T07:54:24.120+0000] {taskinstance.py:1159} INFO - Dependencies all met for dep_context=non-requeueable deps ti=<TaskInstance: outcomes_dag.Extract scheduled__2023-11-17T00:00:00+00:00 [queued]>
[2023-11-22T07:54:24.227+0000] {taskinstance.py:1159} INFO - Dependencies all met for dep_context=requeueable deps ti=<TaskInstance: outcomes_dag.Extract scheduled__2023-11-17T00:00:00+00:00 [queued]>
[2023-11-22T07:54:24.229+0000] {taskinstance.py:1361} INFO - Starting attempt 1 of 1
[2023-11-22T07:54:24.271+0000] {taskinstance.py:1382} INFO - Executing <Task(PythonOperator): Extract> on 2023-11-17 00:00:00+00:00
[2023-11-22T07:54:24.299+0000] {standard_task_runner.py:57} INFO - Started process 421 to run task
[2023-11-22T07:54:24.342+0000] {standard_task_runner.py:84} INFO - Running: ['***', 'tasks', 'run', 'outcomes_dag', 'Extract', 'scheduled__2023-11-17T00:00:00+00:00', '--job-id', '53', '--raw', '--subdir', 'DAGS_FOLDER/outcomes_dag.py', '--cfg-path', '/tmp/tmpjwpj08w8']
[2023-11-22T07:54:24.357+0000] {standard_task_runner.py:85} INFO - Job 53: Subtask Extract
[2023-11-22T07:54:24.577+0000] {task_command.py:416} INFO - Running <TaskInstance: outcomes_dag.Extract scheduled__2023-11-17T00:00:00+00:00 [running]> on host 6318e996d951
[2023-11-22T07:54:24.769+0000] {taskinstance.py:1662} INFO - Exporting env vars: AIRFLOW_CTX_DAG_OWNER='***' AIRFLOW_CTX_DAG_ID='outcomes_dag' AIRFLOW_CTX_TASK_ID='Extract' AIRFLOW_CTX_EXECUTION_DATE='2023-11-17T00:00:00+00:00' AIRFLOW_CTX_TRY_NUMBER='1' AIRFLOW_CTX_DAG_RUN_ID='scheduled__2023-11-17T00:00:00+00:00'
[2023-11-22T07:54:26.685+0000] {logging_mixin.py:154} INFO - Data Deposited into Cloud Storage
[2023-11-22T07:54:26.719+0000] {python.py:194} INFO - Done. Returned value was: None
[2023-11-22T07:54:26.956+0000] {taskinstance.py:1400} INFO - Marking task as SUCCESS. dag_id=outcomes_dag, task_id=Extract, execution_date=20231117T000000, start_date=20231122T075424, end_date=20231122T075426
[2023-11-22T07:54:27.139+0000] {local_task_job_runner.py:228} INFO - Task exited with return code 0
[2023-11-22T22:41:44.527+0000] {taskinstance.py:1159} INFO - Dependencies all met for dep_context=non-requeueable deps ti=<TaskInstance: outcomes_dag.Extract scheduled__2023-11-17T00:00:00+00:00 [queued]>
[2023-11-22T22:41:44.536+0000] {taskinstance.py:1159} INFO - Dependencies all met for dep_context=requeueable deps ti=<TaskInstance: outcomes_dag.Extract scheduled__2023-11-17T00:00:00+00:00 [queued]>
[2023-11-22T22:41:44.537+0000] {taskinstance.py:1361} INFO - Starting attempt 1 of 1
[2023-11-22T22:41:44.544+0000] {taskinstance.py:1382} INFO - Executing <Task(PythonOperator): Extract> on 2023-11-17 00:00:00+00:00
[2023-11-22T22:41:44.553+0000] {standard_task_runner.py:57} INFO - Started process 244 to run task
[2023-11-22T22:41:44.556+0000] {standard_task_runner.py:84} INFO - Running: ['***', 'tasks', 'run', 'outcomes_dag', 'Extract', 'scheduled__2023-11-17T00:00:00+00:00', '--job-id', '51', '--raw', '--subdir', 'DAGS_FOLDER/outcomes_dag.py', '--cfg-path', '/tmp/tmpvow21v44']
[2023-11-22T22:41:44.563+0000] {standard_task_runner.py:85} INFO - Job 51: Subtask Extract
[2023-11-22T22:41:44.639+0000] {task_command.py:416} INFO - Running <TaskInstance: outcomes_dag.Extract scheduled__2023-11-17T00:00:00+00:00 [running]> on host 8ac13583809b
[2023-11-22T22:41:44.757+0000] {taskinstance.py:1662} INFO - Exporting env vars: AIRFLOW_CTX_DAG_OWNER='***' AIRFLOW_CTX_DAG_ID='outcomes_dag' AIRFLOW_CTX_TASK_ID='Extract' AIRFLOW_CTX_EXECUTION_DATE='2023-11-17T00:00:00+00:00' AIRFLOW_CTX_TRY_NUMBER='1' AIRFLOW_CTX_DAG_RUN_ID='scheduled__2023-11-17T00:00:00+00:00'
[2023-11-22T22:41:45.702+0000] {logging_mixin.py:154} INFO - Data Deposited into Cloud Storage
[2023-11-22T22:41:45.704+0000] {python.py:194} INFO - Done. Returned value was: None
[2023-11-22T22:41:45.719+0000] {taskinstance.py:1400} INFO - Marking task as SUCCESS. dag_id=outcomes_dag, task_id=Extract, execution_date=20231117T000000, start_date=20231122T224144, end_date=20231122T224145
[2023-11-22T22:41:45.798+0000] {local_task_job_runner.py:228} INFO - Task exited with return code 0
[2023-11-22T23:03:23.556+0000] {taskinstance.py:1159} INFO - Dependencies all met for dep_context=non-requeueable deps ti=<TaskInstance: outcomes_dag.Extract scheduled__2023-11-17T00:00:00+00:00 [queued]>
[2023-11-22T23:03:23.566+0000] {taskinstance.py:1159} INFO - Dependencies all met for dep_context=requeueable deps ti=<TaskInstance: outcomes_dag.Extract scheduled__2023-11-17T00:00:00+00:00 [queued]>
[2023-11-22T23:03:23.566+0000] {taskinstance.py:1361} INFO - Starting attempt 1 of 1
[2023-11-22T23:03:23.582+0000] {taskinstance.py:1382} INFO - Executing <Task(PythonOperator): Extract> on 2023-11-17 00:00:00+00:00
[2023-11-22T23:03:23.603+0000] {standard_task_runner.py:57} INFO - Started process 461 to run task
[2023-11-22T23:03:23.628+0000] {standard_task_runner.py:84} INFO - Running: ['***', 'tasks', 'run', 'outcomes_dag', 'Extract', 'scheduled__2023-11-17T00:00:00+00:00', '--job-id', '115', '--raw', '--subdir', 'DAGS_FOLDER/outcomes_dag.py', '--cfg-path', '/tmp/tmpni4axx37']
[2023-11-22T23:03:23.635+0000] {standard_task_runner.py:85} INFO - Job 115: Subtask Extract
[2023-11-22T23:03:23.710+0000] {task_command.py:416} INFO - Running <TaskInstance: outcomes_dag.Extract scheduled__2023-11-17T00:00:00+00:00 [running]> on host 4b2f5af281f8
[2023-11-22T23:03:23.824+0000] {taskinstance.py:1662} INFO - Exporting env vars: AIRFLOW_CTX_DAG_OWNER='***' AIRFLOW_CTX_DAG_ID='outcomes_dag' AIRFLOW_CTX_TASK_ID='Extract' AIRFLOW_CTX_EXECUTION_DATE='2023-11-17T00:00:00+00:00' AIRFLOW_CTX_TRY_NUMBER='1' AIRFLOW_CTX_DAG_RUN_ID='scheduled__2023-11-17T00:00:00+00:00'
[2023-11-22T23:03:27.035+0000] {logging_mixin.py:154} INFO - Data Deposited into Cloud Storage
[2023-11-22T23:03:27.047+0000] {python.py:194} INFO - Done. Returned value was: None
[2023-11-22T23:03:27.068+0000] {taskinstance.py:1400} INFO - Marking task as SUCCESS. dag_id=outcomes_dag, task_id=Extract, execution_date=20231117T000000, start_date=20231122T230323, end_date=20231122T230327
[2023-11-22T23:03:27.128+0000] {local_task_job_runner.py:228} INFO - Task exited with return code 0
[2023-11-22T23:23:44.383+0000] {taskinstance.py:1159} INFO - Dependencies all met for dep_context=non-requeueable deps ti=<TaskInstance: outcomes_dag.Extract scheduled__2023-11-17T00:00:00+00:00 [queued]>
[2023-11-22T23:23:44.404+0000] {taskinstance.py:1159} INFO - Dependencies all met for dep_context=requeueable deps ti=<TaskInstance: outcomes_dag.Extract scheduled__2023-11-17T00:00:00+00:00 [queued]>
[2023-11-22T23:23:44.405+0000] {taskinstance.py:1361} INFO - Starting attempt 1 of 1
[2023-11-22T23:23:44.419+0000] {taskinstance.py:1382} INFO - Executing <Task(PythonOperator): Extract> on 2023-11-17 00:00:00+00:00
[2023-11-22T23:23:44.429+0000] {standard_task_runner.py:57} INFO - Started process 409 to run task
[2023-11-22T23:23:44.434+0000] {standard_task_runner.py:84} INFO - Running: ['***', 'tasks', 'run', 'outcomes_dag', 'Extract', 'scheduled__2023-11-17T00:00:00+00:00', '--job-id', '97', '--raw', '--subdir', 'DAGS_FOLDER/outcomes_dag.py', '--cfg-path', '/tmp/tmpydfdy09u']
[2023-11-22T23:23:44.435+0000] {standard_task_runner.py:85} INFO - Job 97: Subtask Extract
[2023-11-22T23:23:44.499+0000] {task_command.py:416} INFO - Running <TaskInstance: outcomes_dag.Extract scheduled__2023-11-17T00:00:00+00:00 [running]> on host b410bfb4af5e
[2023-11-22T23:23:44.604+0000] {taskinstance.py:1662} INFO - Exporting env vars: AIRFLOW_CTX_DAG_OWNER='***' AIRFLOW_CTX_DAG_ID='outcomes_dag' AIRFLOW_CTX_TASK_ID='Extract' AIRFLOW_CTX_EXECUTION_DATE='2023-11-17T00:00:00+00:00' AIRFLOW_CTX_TRY_NUMBER='1' AIRFLOW_CTX_DAG_RUN_ID='scheduled__2023-11-17T00:00:00+00:00'
[2023-11-22T23:23:46.384+0000] {logging_mixin.py:154} INFO - Data Deposited into Cloud Storage
[2023-11-22T23:23:46.394+0000] {python.py:194} INFO - Done. Returned value was: None
[2023-11-22T23:23:46.420+0000] {taskinstance.py:1400} INFO - Marking task as SUCCESS. dag_id=outcomes_dag, task_id=Extract, execution_date=20231117T000000, start_date=20231122T232344, end_date=20231122T232346
[2023-11-22T23:23:46.466+0000] {local_task_job_runner.py:228} INFO - Task exited with return code 0
[2023-11-22T23:46:34.760+0000] {taskinstance.py:1159} INFO - Dependencies all met for dep_context=non-requeueable deps ti=<TaskInstance: outcomes_dag.Extract scheduled__2023-11-17T00:00:00+00:00 [queued]>
[2023-11-22T23:46:34.769+0000] {taskinstance.py:1159} INFO - Dependencies all met for dep_context=requeueable deps ti=<TaskInstance: outcomes_dag.Extract scheduled__2023-11-17T00:00:00+00:00 [queued]>
[2023-11-22T23:46:34.770+0000] {taskinstance.py:1361} INFO - Starting attempt 1 of 1
[2023-11-22T23:46:34.787+0000] {taskinstance.py:1382} INFO - Executing <Task(PythonOperator): Extract> on 2023-11-17 00:00:00+00:00
[2023-11-22T23:46:34.805+0000] {standard_task_runner.py:57} INFO - Started process 411 to run task
[2023-11-22T23:46:34.814+0000] {standard_task_runner.py:84} INFO - Running: ['***', 'tasks', 'run', 'outcomes_dag', 'Extract', 'scheduled__2023-11-17T00:00:00+00:00', '--job-id', '100', '--raw', '--subdir', 'DAGS_FOLDER/outcomes_dag.py', '--cfg-path', '/tmp/tmpetv8c1cj']
[2023-11-22T23:46:34.816+0000] {standard_task_runner.py:85} INFO - Job 100: Subtask Extract
[2023-11-22T23:46:34.913+0000] {task_command.py:416} INFO - Running <TaskInstance: outcomes_dag.Extract scheduled__2023-11-17T00:00:00+00:00 [running]> on host 371cae71aa63
[2023-11-22T23:46:35.019+0000] {taskinstance.py:1662} INFO - Exporting env vars: AIRFLOW_CTX_DAG_OWNER='***' AIRFLOW_CTX_DAG_ID='outcomes_dag' AIRFLOW_CTX_TASK_ID='Extract' AIRFLOW_CTX_EXECUTION_DATE='2023-11-17T00:00:00+00:00' AIRFLOW_CTX_TRY_NUMBER='1' AIRFLOW_CTX_DAG_RUN_ID='scheduled__2023-11-17T00:00:00+00:00'
[2023-11-22T23:46:36.553+0000] {logging_mixin.py:154} INFO - Data Deposited into Cloud Storage
[2023-11-22T23:46:36.560+0000] {python.py:194} INFO - Done. Returned value was: None
[2023-11-22T23:46:36.589+0000] {taskinstance.py:1400} INFO - Marking task as SUCCESS. dag_id=outcomes_dag, task_id=Extract, execution_date=20231117T000000, start_date=20231122T234634, end_date=20231122T234636
[2023-11-22T23:46:36.633+0000] {local_task_job_runner.py:228} INFO - Task exited with return code 0
[2023-11-23T00:42:58.978+0000] {taskinstance.py:1159} INFO - Dependencies all met for dep_context=non-requeueable deps ti=<TaskInstance: outcomes_dag.Extract scheduled__2023-11-17T00:00:00+00:00 [queued]>
[2023-11-23T00:42:58.988+0000] {taskinstance.py:1159} INFO - Dependencies all met for dep_context=requeueable deps ti=<TaskInstance: outcomes_dag.Extract scheduled__2023-11-17T00:00:00+00:00 [queued]>
[2023-11-23T00:42:58.988+0000] {taskinstance.py:1361} INFO - Starting attempt 1 of 1
[2023-11-23T00:42:58.998+0000] {taskinstance.py:1382} INFO - Executing <Task(PythonOperator): Extract> on 2023-11-17 00:00:00+00:00
[2023-11-23T00:42:59.004+0000] {standard_task_runner.py:57} INFO - Started process 418 to run task
[2023-11-23T00:42:59.008+0000] {standard_task_runner.py:84} INFO - Running: ['***', 'tasks', 'run', 'outcomes_dag', 'Extract', 'scheduled__2023-11-17T00:00:00+00:00', '--job-id', '103', '--raw', '--subdir', 'DAGS_FOLDER/outcomes_dag.py', '--cfg-path', '/tmp/tmp09rareza']
[2023-11-23T00:42:59.011+0000] {standard_task_runner.py:85} INFO - Job 103: Subtask Extract
[2023-11-23T00:42:59.185+0000] {task_command.py:416} INFO - Running <TaskInstance: outcomes_dag.Extract scheduled__2023-11-17T00:00:00+00:00 [running]> on host 75913536581a
[2023-11-23T00:42:59.358+0000] {taskinstance.py:1662} INFO - Exporting env vars: AIRFLOW_CTX_DAG_OWNER='***' AIRFLOW_CTX_DAG_ID='outcomes_dag' AIRFLOW_CTX_TASK_ID='Extract' AIRFLOW_CTX_EXECUTION_DATE='2023-11-17T00:00:00+00:00' AIRFLOW_CTX_TRY_NUMBER='1' AIRFLOW_CTX_DAG_RUN_ID='scheduled__2023-11-17T00:00:00+00:00'
[2023-11-23T00:43:01.007+0000] {logging_mixin.py:154} INFO - Data Deposited into Cloud Storage
[2023-11-23T00:43:01.017+0000] {python.py:194} INFO - Done. Returned value was: None
[2023-11-23T00:43:01.114+0000] {taskinstance.py:1400} INFO - Marking task as SUCCESS. dag_id=outcomes_dag, task_id=Extract, execution_date=20231117T000000, start_date=20231123T004258, end_date=20231123T004301
[2023-11-23T00:43:01.263+0000] {local_task_job_runner.py:228} INFO - Task exited with return code 0
[2023-11-23T01:49:59.563+0000] {taskinstance.py:1159} INFO - Dependencies all met for dep_context=non-requeueable deps ti=<TaskInstance: outcomes_dag.Extract scheduled__2023-11-17T00:00:00+00:00 [queued]>
[2023-11-23T01:49:59.577+0000] {taskinstance.py:1159} INFO - Dependencies all met for dep_context=requeueable deps ti=<TaskInstance: outcomes_dag.Extract scheduled__2023-11-17T00:00:00+00:00 [queued]>
[2023-11-23T01:49:59.578+0000] {taskinstance.py:1361} INFO - Starting attempt 1 of 1
[2023-11-23T01:49:59.594+0000] {taskinstance.py:1382} INFO - Executing <Task(PythonOperator): Extract> on 2023-11-17 00:00:00+00:00
[2023-11-23T01:49:59.623+0000] {standard_task_runner.py:57} INFO - Started process 266 to run task
[2023-11-23T01:49:59.638+0000] {standard_task_runner.py:84} INFO - Running: ['***', 'tasks', 'run', 'outcomes_dag', 'Extract', 'scheduled__2023-11-17T00:00:00+00:00', '--job-id', '67', '--raw', '--subdir', 'DAGS_FOLDER/outcomes_dag.py', '--cfg-path', '/tmp/tmpo_agklmp']
[2023-11-23T01:49:59.654+0000] {standard_task_runner.py:85} INFO - Job 67: Subtask Extract
[2023-11-23T01:49:59.753+0000] {task_command.py:416} INFO - Running <TaskInstance: outcomes_dag.Extract scheduled__2023-11-17T00:00:00+00:00 [running]> on host d15d3caa5b00
[2023-11-23T01:49:59.860+0000] {taskinstance.py:1662} INFO - Exporting env vars: AIRFLOW_CTX_DAG_OWNER='***' AIRFLOW_CTX_DAG_ID='outcomes_dag' AIRFLOW_CTX_TASK_ID='Extract' AIRFLOW_CTX_EXECUTION_DATE='2023-11-17T00:00:00+00:00' AIRFLOW_CTX_TRY_NUMBER='1' AIRFLOW_CTX_DAG_RUN_ID='scheduled__2023-11-17T00:00:00+00:00'
[2023-11-23T01:50:01.021+0000] {logging_mixin.py:154} INFO - Data Deposited into Cloud Storage
[2023-11-23T01:50:01.023+0000] {python.py:194} INFO - Done. Returned value was: None
[2023-11-23T01:50:01.047+0000] {taskinstance.py:1400} INFO - Marking task as SUCCESS. dag_id=outcomes_dag, task_id=Extract, execution_date=20231117T000000, start_date=20231123T014959, end_date=20231123T015001
[2023-11-23T01:50:01.083+0000] {local_task_job_runner.py:228} INFO - Task exited with return code 0
[2023-11-23T01:58:36.053+0000] {taskinstance.py:1159} INFO - Dependencies all met for dep_context=non-requeueable deps ti=<TaskInstance: outcomes_dag.Extract scheduled__2023-11-17T00:00:00+00:00 [queued]>
[2023-11-23T01:58:36.068+0000] {taskinstance.py:1159} INFO - Dependencies all met for dep_context=requeueable deps ti=<TaskInstance: outcomes_dag.Extract scheduled__2023-11-17T00:00:00+00:00 [queued]>
[2023-11-23T01:58:36.069+0000] {taskinstance.py:1361} INFO - Starting attempt 1 of 1
[2023-11-23T01:58:36.094+0000] {taskinstance.py:1382} INFO - Executing <Task(PythonOperator): Extract> on 2023-11-17 00:00:00+00:00
[2023-11-23T01:58:36.109+0000] {standard_task_runner.py:57} INFO - Started process 68 to run task
[2023-11-23T01:58:36.128+0000] {standard_task_runner.py:84} INFO - Running: ['***', 'tasks', 'run', 'outcomes_dag', 'Extract', 'scheduled__2023-11-17T00:00:00+00:00', '--job-id', '8', '--raw', '--subdir', 'DAGS_FOLDER/outcomes_dag.py', '--cfg-path', '/tmp/tmp3q66l0ao']
[2023-11-23T01:58:36.137+0000] {standard_task_runner.py:85} INFO - Job 8: Subtask Extract
[2023-11-23T01:58:36.304+0000] {task_command.py:416} INFO - Running <TaskInstance: outcomes_dag.Extract scheduled__2023-11-17T00:00:00+00:00 [running]> on host 3cdc572bc068
[2023-11-23T01:58:36.467+0000] {taskinstance.py:1662} INFO - Exporting env vars: AIRFLOW_CTX_DAG_OWNER='***' AIRFLOW_CTX_DAG_ID='outcomes_dag' AIRFLOW_CTX_TASK_ID='Extract' AIRFLOW_CTX_EXECUTION_DATE='2023-11-17T00:00:00+00:00' AIRFLOW_CTX_TRY_NUMBER='1' AIRFLOW_CTX_DAG_RUN_ID='scheduled__2023-11-17T00:00:00+00:00'
[2023-11-23T01:58:37.752+0000] {logging_mixin.py:154} INFO - Data Deposited into Cloud Storage
[2023-11-23T01:58:37.756+0000] {python.py:194} INFO - Done. Returned value was: None
[2023-11-23T01:58:37.793+0000] {taskinstance.py:1400} INFO - Marking task as SUCCESS. dag_id=outcomes_dag, task_id=Extract, execution_date=20231117T000000, start_date=20231123T015836, end_date=20231123T015837
[2023-11-23T01:58:37.868+0000] {local_task_job_runner.py:228} INFO - Task exited with return code 0
[2023-11-23T02:59:37.589+0000] {taskinstance.py:1159} INFO - Dependencies all met for dep_context=non-requeueable deps ti=<TaskInstance: outcomes_dag.Extract scheduled__2023-11-17T00:00:00+00:00 [queued]>
[2023-11-23T02:59:37.604+0000] {taskinstance.py:1159} INFO - Dependencies all met for dep_context=requeueable deps ti=<TaskInstance: outcomes_dag.Extract scheduled__2023-11-17T00:00:00+00:00 [queued]>
[2023-11-23T02:59:37.606+0000] {taskinstance.py:1361} INFO - Starting attempt 1 of 1
[2023-11-23T02:59:37.637+0000] {taskinstance.py:1382} INFO - Executing <Task(PythonOperator): Extract> on 2023-11-17 00:00:00+00:00
[2023-11-23T02:59:37.656+0000] {standard_task_runner.py:57} INFO - Started process 118 to run task
[2023-11-23T02:59:37.677+0000] {standard_task_runner.py:84} INFO - Running: ['***', 'tasks', 'run', 'outcomes_dag', 'Extract', 'scheduled__2023-11-17T00:00:00+00:00', '--job-id', '8', '--raw', '--subdir', 'DAGS_FOLDER/outcomes_dag.py', '--cfg-path', '/tmp/tmpq75x5qhw']
[2023-11-23T02:59:37.690+0000] {standard_task_runner.py:85} INFO - Job 8: Subtask Extract
[2023-11-23T02:59:37.810+0000] {task_command.py:416} INFO - Running <TaskInstance: outcomes_dag.Extract scheduled__2023-11-17T00:00:00+00:00 [running]> on host 1268bd8e5db0
[2023-11-23T02:59:37.880+0000] {taskinstance.py:1662} INFO - Exporting env vars: AIRFLOW_CTX_DAG_OWNER='***' AIRFLOW_CTX_DAG_ID='outcomes_dag' AIRFLOW_CTX_TASK_ID='Extract' AIRFLOW_CTX_EXECUTION_DATE='2023-11-17T00:00:00+00:00' AIRFLOW_CTX_TRY_NUMBER='1' AIRFLOW_CTX_DAG_RUN_ID='scheduled__2023-11-17T00:00:00+00:00'
[2023-11-23T02:59:39.790+0000] {logging_mixin.py:154} INFO - Data Deposited into Cloud Storage
[2023-11-23T02:59:39.792+0000] {python.py:194} INFO - Done. Returned value was: None
[2023-11-23T02:59:39.805+0000] {taskinstance.py:1400} INFO - Marking task as SUCCESS. dag_id=outcomes_dag, task_id=Extract, execution_date=20231117T000000, start_date=20231123T025937, end_date=20231123T025939
[2023-11-23T02:59:39.851+0000] {local_task_job_runner.py:228} INFO - Task exited with return code 0
[2023-11-23T03:42:03.212+0000] {taskinstance.py:1159} INFO - Dependencies all met for dep_context=non-requeueable deps ti=<TaskInstance: outcomes_dag.Extract scheduled__2023-11-17T00:00:00+00:00 [queued]>
[2023-11-23T03:42:03.227+0000] {taskinstance.py:1159} INFO - Dependencies all met for dep_context=requeueable deps ti=<TaskInstance: outcomes_dag.Extract scheduled__2023-11-17T00:00:00+00:00 [queued]>
[2023-11-23T03:42:03.227+0000] {taskinstance.py:1361} INFO - Starting attempt 1 of 1
[2023-11-23T03:42:03.259+0000] {taskinstance.py:1382} INFO - Executing <Task(PythonOperator): Extract> on 2023-11-17 00:00:00+00:00
[2023-11-23T03:42:03.282+0000] {standard_task_runner.py:57} INFO - Started process 518 to run task
[2023-11-23T03:42:03.280+0000] {standard_task_runner.py:84} INFO - Running: ['***', 'tasks', 'run', 'outcomes_dag', 'Extract', 'scheduled__2023-11-17T00:00:00+00:00', '--job-id', '148', '--raw', '--subdir', 'DAGS_FOLDER/outcomes_dag.py', '--cfg-path', '/tmp/tmpitmis2m4']
[2023-11-23T03:42:03.293+0000] {standard_task_runner.py:85} INFO - Job 148: Subtask Extract
[2023-11-23T03:42:03.396+0000] {task_command.py:416} INFO - Running <TaskInstance: outcomes_dag.Extract scheduled__2023-11-17T00:00:00+00:00 [running]> on host e647c96745b0
[2023-11-23T03:42:03.536+0000] {taskinstance.py:1662} INFO - Exporting env vars: AIRFLOW_CTX_DAG_OWNER='***' AIRFLOW_CTX_DAG_ID='outcomes_dag' AIRFLOW_CTX_TASK_ID='Extract' AIRFLOW_CTX_EXECUTION_DATE='2023-11-17T00:00:00+00:00' AIRFLOW_CTX_TRY_NUMBER='1' AIRFLOW_CTX_DAG_RUN_ID='scheduled__2023-11-17T00:00:00+00:00'
[2023-11-23T03:42:04.631+0000] {logging_mixin.py:154} INFO - Data Deposited into Cloud Storage
[2023-11-23T03:42:04.632+0000] {python.py:194} INFO - Done. Returned value was: None
[2023-11-23T03:42:04.646+0000] {taskinstance.py:1400} INFO - Marking task as SUCCESS. dag_id=outcomes_dag, task_id=Extract, execution_date=20231117T000000, start_date=20231123T034203, end_date=20231123T034204
[2023-11-23T03:42:04.681+0000] {local_task_job_runner.py:228} INFO - Task exited with return code 0
