[2023-11-22T07:53:39.706+0000] {taskinstance.py:1159} INFO - Dependencies all met for dep_context=non-requeueable deps ti=<TaskInstance: outcomes_dag.Extract scheduled__2023-11-11T00:00:00+00:00 [queued]>
[2023-11-22T07:53:39.735+0000] {taskinstance.py:1159} INFO - Dependencies all met for dep_context=requeueable deps ti=<TaskInstance: outcomes_dag.Extract scheduled__2023-11-11T00:00:00+00:00 [queued]>
[2023-11-22T07:53:39.746+0000] {taskinstance.py:1361} INFO - Starting attempt 1 of 1
[2023-11-22T07:53:39.786+0000] {taskinstance.py:1382} INFO - Executing <Task(PythonOperator): Extract> on 2023-11-11 00:00:00+00:00
[2023-11-22T07:53:39.811+0000] {standard_task_runner.py:57} INFO - Started process 276 to run task
[2023-11-22T07:53:39.862+0000] {standard_task_runner.py:84} INFO - Running: ['***', 'tasks', 'run', 'outcomes_dag', 'Extract', 'scheduled__2023-11-11T00:00:00+00:00', '--job-id', '4', '--raw', '--subdir', 'DAGS_FOLDER/outcomes_dag.py', '--cfg-path', '/tmp/tmpg4mo20vt']
[2023-11-22T07:53:39.898+0000] {standard_task_runner.py:85} INFO - Job 4: Subtask Extract
[2023-11-22T07:53:40.406+0000] {task_command.py:416} INFO - Running <TaskInstance: outcomes_dag.Extract scheduled__2023-11-11T00:00:00+00:00 [running]> on host 6318e996d951
[2023-11-22T07:53:40.644+0000] {taskinstance.py:1662} INFO - Exporting env vars: AIRFLOW_CTX_DAG_OWNER='***' AIRFLOW_CTX_DAG_ID='outcomes_dag' AIRFLOW_CTX_TASK_ID='Extract' AIRFLOW_CTX_EXECUTION_DATE='2023-11-11T00:00:00+00:00' AIRFLOW_CTX_TRY_NUMBER='1' AIRFLOW_CTX_DAG_RUN_ID='scheduled__2023-11-11T00:00:00+00:00'
[2023-11-22T07:53:43.892+0000] {logging_mixin.py:154} INFO - Data Deposited into Cloud Storage
[2023-11-22T07:53:43.980+0000] {python.py:194} INFO - Done. Returned value was: None
[2023-11-22T07:53:44.302+0000] {taskinstance.py:1400} INFO - Marking task as SUCCESS. dag_id=outcomes_dag, task_id=Extract, execution_date=20231111T000000, start_date=20231122T075339, end_date=20231122T075344
[2023-11-22T07:53:45.460+0000] {local_task_job_runner.py:228} INFO - Task exited with return code 0
[2023-11-22T22:41:16.920+0000] {taskinstance.py:1159} INFO - Dependencies all met for dep_context=non-requeueable deps ti=<TaskInstance: outcomes_dag.Extract scheduled__2023-11-11T00:00:00+00:00 [queued]>
[2023-11-22T22:41:16.934+0000] {taskinstance.py:1159} INFO - Dependencies all met for dep_context=requeueable deps ti=<TaskInstance: outcomes_dag.Extract scheduled__2023-11-11T00:00:00+00:00 [queued]>
[2023-11-22T22:41:16.937+0000] {taskinstance.py:1361} INFO - Starting attempt 1 of 1
[2023-11-22T22:41:16.956+0000] {taskinstance.py:1382} INFO - Executing <Task(PythonOperator): Extract> on 2023-11-11 00:00:00+00:00
[2023-11-22T22:41:16.983+0000] {standard_task_runner.py:57} INFO - Started process 126 to run task
[2023-11-22T22:41:17.007+0000] {standard_task_runner.py:84} INFO - Running: ['***', 'tasks', 'run', 'outcomes_dag', 'Extract', 'scheduled__2023-11-11T00:00:00+00:00', '--job-id', '15', '--raw', '--subdir', 'DAGS_FOLDER/outcomes_dag.py', '--cfg-path', '/tmp/tmpwwa6h68x']
[2023-11-22T22:41:17.028+0000] {standard_task_runner.py:85} INFO - Job 15: Subtask Extract
[2023-11-22T22:41:17.211+0000] {task_command.py:416} INFO - Running <TaskInstance: outcomes_dag.Extract scheduled__2023-11-11T00:00:00+00:00 [running]> on host 8ac13583809b
[2023-11-22T22:41:17.579+0000] {taskinstance.py:1662} INFO - Exporting env vars: AIRFLOW_CTX_DAG_OWNER='***' AIRFLOW_CTX_DAG_ID='outcomes_dag' AIRFLOW_CTX_TASK_ID='Extract' AIRFLOW_CTX_EXECUTION_DATE='2023-11-11T00:00:00+00:00' AIRFLOW_CTX_TRY_NUMBER='1' AIRFLOW_CTX_DAG_RUN_ID='scheduled__2023-11-11T00:00:00+00:00'
[2023-11-22T22:41:19.105+0000] {logging_mixin.py:154} INFO - Data Deposited into Cloud Storage
[2023-11-22T22:41:19.112+0000] {python.py:194} INFO - Done. Returned value was: None
[2023-11-22T22:41:19.301+0000] {taskinstance.py:1400} INFO - Marking task as SUCCESS. dag_id=outcomes_dag, task_id=Extract, execution_date=20231111T000000, start_date=20231122T224116, end_date=20231122T224119
[2023-11-22T22:41:19.426+0000] {local_task_job_runner.py:228} INFO - Task exited with return code 0
[2023-11-22T22:59:39.174+0000] {taskinstance.py:1159} INFO - Dependencies all met for dep_context=non-requeueable deps ti=<TaskInstance: outcomes_dag.Extract scheduled__2023-11-11T00:00:00+00:00 [queued]>
[2023-11-22T22:59:39.182+0000] {taskinstance.py:1159} INFO - Dependencies all met for dep_context=requeueable deps ti=<TaskInstance: outcomes_dag.Extract scheduled__2023-11-11T00:00:00+00:00 [queued]>
[2023-11-22T22:59:39.182+0000] {taskinstance.py:1361} INFO - Starting attempt 1 of 1
[2023-11-22T22:59:39.214+0000] {taskinstance.py:1382} INFO - Executing <Task(PythonOperator): Extract> on 2023-11-11 00:00:00+00:00
[2023-11-22T22:59:39.225+0000] {standard_task_runner.py:57} INFO - Started process 97 to run task
[2023-11-22T22:59:39.247+0000] {standard_task_runner.py:84} INFO - Running: ['***', 'tasks', 'run', 'outcomes_dag', 'Extract', 'scheduled__2023-11-11T00:00:00+00:00', '--job-id', '10', '--raw', '--subdir', 'DAGS_FOLDER/outcomes_dag.py', '--cfg-path', '/tmp/tmp3kimgiuh']
[2023-11-22T22:59:39.286+0000] {standard_task_runner.py:85} INFO - Job 10: Subtask Extract
[2023-11-22T22:59:39.449+0000] {task_command.py:416} INFO - Running <TaskInstance: outcomes_dag.Extract scheduled__2023-11-11T00:00:00+00:00 [running]> on host 4b2f5af281f8
[2023-11-22T22:59:39.713+0000] {taskinstance.py:1662} INFO - Exporting env vars: AIRFLOW_CTX_DAG_OWNER='***' AIRFLOW_CTX_DAG_ID='outcomes_dag' AIRFLOW_CTX_TASK_ID='Extract' AIRFLOW_CTX_EXECUTION_DATE='2023-11-11T00:00:00+00:00' AIRFLOW_CTX_TRY_NUMBER='1' AIRFLOW_CTX_DAG_RUN_ID='scheduled__2023-11-11T00:00:00+00:00'
[2023-11-22T22:59:41.950+0000] {logging_mixin.py:154} INFO - Data Deposited into Cloud Storage
[2023-11-22T22:59:41.958+0000] {python.py:194} INFO - Done. Returned value was: None
[2023-11-22T22:59:42.015+0000] {taskinstance.py:1400} INFO - Marking task as SUCCESS. dag_id=outcomes_dag, task_id=Extract, execution_date=20231111T000000, start_date=20231122T225939, end_date=20231122T225942
[2023-11-22T22:59:42.145+0000] {local_task_job_runner.py:228} INFO - Task exited with return code 0
[2023-11-22T23:20:06.767+0000] {taskinstance.py:1159} INFO - Dependencies all met for dep_context=non-requeueable deps ti=<TaskInstance: outcomes_dag.Extract scheduled__2023-11-11T00:00:00+00:00 [queued]>
[2023-11-22T23:20:06.775+0000] {taskinstance.py:1159} INFO - Dependencies all met for dep_context=requeueable deps ti=<TaskInstance: outcomes_dag.Extract scheduled__2023-11-11T00:00:00+00:00 [queued]>
[2023-11-22T23:20:06.776+0000] {taskinstance.py:1361} INFO - Starting attempt 1 of 1
[2023-11-22T23:20:06.787+0000] {taskinstance.py:1382} INFO - Executing <Task(PythonOperator): Extract> on 2023-11-11 00:00:00+00:00
[2023-11-22T23:20:06.796+0000] {standard_task_runner.py:57} INFO - Started process 100 to run task
[2023-11-22T23:20:06.804+0000] {standard_task_runner.py:84} INFO - Running: ['***', 'tasks', 'run', 'outcomes_dag', 'Extract', 'scheduled__2023-11-11T00:00:00+00:00', '--job-id', '13', '--raw', '--subdir', 'DAGS_FOLDER/outcomes_dag.py', '--cfg-path', '/tmp/tmpa9uk1owt']
[2023-11-22T23:20:06.805+0000] {standard_task_runner.py:85} INFO - Job 13: Subtask Extract
[2023-11-22T23:20:06.958+0000] {task_command.py:416} INFO - Running <TaskInstance: outcomes_dag.Extract scheduled__2023-11-11T00:00:00+00:00 [running]> on host b410bfb4af5e
[2023-11-22T23:20:07.249+0000] {taskinstance.py:1662} INFO - Exporting env vars: AIRFLOW_CTX_DAG_OWNER='***' AIRFLOW_CTX_DAG_ID='outcomes_dag' AIRFLOW_CTX_TASK_ID='Extract' AIRFLOW_CTX_EXECUTION_DATE='2023-11-11T00:00:00+00:00' AIRFLOW_CTX_TRY_NUMBER='1' AIRFLOW_CTX_DAG_RUN_ID='scheduled__2023-11-11T00:00:00+00:00'
[2023-11-22T23:20:08.602+0000] {logging_mixin.py:154} INFO - Data Deposited into Cloud Storage
[2023-11-22T23:20:08.615+0000] {python.py:194} INFO - Done. Returned value was: None
[2023-11-22T23:20:08.708+0000] {taskinstance.py:1400} INFO - Marking task as SUCCESS. dag_id=outcomes_dag, task_id=Extract, execution_date=20231111T000000, start_date=20231122T232006, end_date=20231122T232008
[2023-11-22T23:20:09.112+0000] {local_task_job_runner.py:228} INFO - Task exited with return code 0
[2023-11-22T23:42:53.843+0000] {taskinstance.py:1159} INFO - Dependencies all met for dep_context=non-requeueable deps ti=<TaskInstance: outcomes_dag.Extract scheduled__2023-11-11T00:00:00+00:00 [queued]>
[2023-11-22T23:42:53.867+0000] {taskinstance.py:1159} INFO - Dependencies all met for dep_context=requeueable deps ti=<TaskInstance: outcomes_dag.Extract scheduled__2023-11-11T00:00:00+00:00 [queued]>
[2023-11-22T23:42:53.870+0000] {taskinstance.py:1361} INFO - Starting attempt 1 of 1
[2023-11-22T23:42:53.948+0000] {taskinstance.py:1382} INFO - Executing <Task(PythonOperator): Extract> on 2023-11-11 00:00:00+00:00
[2023-11-22T23:42:54.018+0000] {standard_task_runner.py:57} INFO - Started process 99 to run task
[2023-11-22T23:42:54.073+0000] {standard_task_runner.py:84} INFO - Running: ['***', 'tasks', 'run', 'outcomes_dag', 'Extract', 'scheduled__2023-11-11T00:00:00+00:00', '--job-id', '12', '--raw', '--subdir', 'DAGS_FOLDER/outcomes_dag.py', '--cfg-path', '/tmp/tmplgfn_dwx']
[2023-11-22T23:42:54.100+0000] {standard_task_runner.py:85} INFO - Job 12: Subtask Extract
[2023-11-22T23:42:54.300+0000] {task_command.py:416} INFO - Running <TaskInstance: outcomes_dag.Extract scheduled__2023-11-11T00:00:00+00:00 [running]> on host 371cae71aa63
[2023-11-22T23:42:54.812+0000] {taskinstance.py:1662} INFO - Exporting env vars: AIRFLOW_CTX_DAG_OWNER='***' AIRFLOW_CTX_DAG_ID='outcomes_dag' AIRFLOW_CTX_TASK_ID='Extract' AIRFLOW_CTX_EXECUTION_DATE='2023-11-11T00:00:00+00:00' AIRFLOW_CTX_TRY_NUMBER='1' AIRFLOW_CTX_DAG_RUN_ID='scheduled__2023-11-11T00:00:00+00:00'
[2023-11-22T23:42:56.161+0000] {logging_mixin.py:154} INFO - Data Deposited into Cloud Storage
[2023-11-22T23:42:56.164+0000] {python.py:194} INFO - Done. Returned value was: None
[2023-11-22T23:42:56.220+0000] {taskinstance.py:1400} INFO - Marking task as SUCCESS. dag_id=outcomes_dag, task_id=Extract, execution_date=20231111T000000, start_date=20231122T234253, end_date=20231122T234256
[2023-11-22T23:42:56.288+0000] {local_task_job_runner.py:228} INFO - Task exited with return code 0
[2023-11-23T00:39:18.526+0000] {taskinstance.py:1159} INFO - Dependencies all met for dep_context=non-requeueable deps ti=<TaskInstance: outcomes_dag.Extract scheduled__2023-11-11T00:00:00+00:00 [queued]>
[2023-11-23T00:39:18.550+0000] {taskinstance.py:1159} INFO - Dependencies all met for dep_context=requeueable deps ti=<TaskInstance: outcomes_dag.Extract scheduled__2023-11-11T00:00:00+00:00 [queued]>
[2023-11-23T00:39:18.552+0000] {taskinstance.py:1361} INFO - Starting attempt 1 of 1
[2023-11-23T00:39:18.568+0000] {taskinstance.py:1382} INFO - Executing <Task(PythonOperator): Extract> on 2023-11-11 00:00:00+00:00
[2023-11-23T00:39:18.590+0000] {standard_task_runner.py:57} INFO - Started process 107 to run task
[2023-11-23T00:39:18.615+0000] {standard_task_runner.py:84} INFO - Running: ['***', 'tasks', 'run', 'outcomes_dag', 'Extract', 'scheduled__2023-11-11T00:00:00+00:00', '--job-id', '12', '--raw', '--subdir', 'DAGS_FOLDER/outcomes_dag.py', '--cfg-path', '/tmp/tmpkqfsrrf9']
[2023-11-23T00:39:18.651+0000] {standard_task_runner.py:85} INFO - Job 12: Subtask Extract
[2023-11-23T00:39:18.811+0000] {task_command.py:416} INFO - Running <TaskInstance: outcomes_dag.Extract scheduled__2023-11-11T00:00:00+00:00 [running]> on host 75913536581a
[2023-11-23T00:39:19.291+0000] {taskinstance.py:1662} INFO - Exporting env vars: AIRFLOW_CTX_DAG_OWNER='***' AIRFLOW_CTX_DAG_ID='outcomes_dag' AIRFLOW_CTX_TASK_ID='Extract' AIRFLOW_CTX_EXECUTION_DATE='2023-11-11T00:00:00+00:00' AIRFLOW_CTX_TRY_NUMBER='1' AIRFLOW_CTX_DAG_RUN_ID='scheduled__2023-11-11T00:00:00+00:00'
[2023-11-23T00:39:21.159+0000] {logging_mixin.py:154} INFO - Data Deposited into Cloud Storage
[2023-11-23T00:39:21.163+0000] {python.py:194} INFO - Done. Returned value was: None
[2023-11-23T00:39:21.201+0000] {taskinstance.py:1400} INFO - Marking task as SUCCESS. dag_id=outcomes_dag, task_id=Extract, execution_date=20231111T000000, start_date=20231123T003918, end_date=20231123T003921
[2023-11-23T00:39:21.308+0000] {local_task_job_runner.py:228} INFO - Task exited with return code 0
[2023-11-23T01:49:24.137+0000] {taskinstance.py:1159} INFO - Dependencies all met for dep_context=non-requeueable deps ti=<TaskInstance: outcomes_dag.Extract scheduled__2023-11-11T00:00:00+00:00 [queued]>
[2023-11-23T01:49:24.166+0000] {taskinstance.py:1159} INFO - Dependencies all met for dep_context=requeueable deps ti=<TaskInstance: outcomes_dag.Extract scheduled__2023-11-11T00:00:00+00:00 [queued]>
[2023-11-23T01:49:24.167+0000] {taskinstance.py:1361} INFO - Starting attempt 1 of 1
[2023-11-23T01:49:24.201+0000] {taskinstance.py:1382} INFO - Executing <Task(PythonOperator): Extract> on 2023-11-11 00:00:00+00:00
[2023-11-23T01:49:24.239+0000] {standard_task_runner.py:57} INFO - Started process 101 to run task
[2023-11-23T01:49:24.286+0000] {standard_task_runner.py:84} INFO - Running: ['***', 'tasks', 'run', 'outcomes_dag', 'Extract', 'scheduled__2023-11-11T00:00:00+00:00', '--job-id', '13', '--raw', '--subdir', 'DAGS_FOLDER/outcomes_dag.py', '--cfg-path', '/tmp/tmpi0jzo36p']
[2023-11-23T01:49:24.367+0000] {standard_task_runner.py:85} INFO - Job 13: Subtask Extract
[2023-11-23T01:49:24.709+0000] {task_command.py:416} INFO - Running <TaskInstance: outcomes_dag.Extract scheduled__2023-11-11T00:00:00+00:00 [running]> on host d15d3caa5b00
[2023-11-23T01:49:24.954+0000] {taskinstance.py:1662} INFO - Exporting env vars: AIRFLOW_CTX_DAG_OWNER='***' AIRFLOW_CTX_DAG_ID='outcomes_dag' AIRFLOW_CTX_TASK_ID='Extract' AIRFLOW_CTX_EXECUTION_DATE='2023-11-11T00:00:00+00:00' AIRFLOW_CTX_TRY_NUMBER='1' AIRFLOW_CTX_DAG_RUN_ID='scheduled__2023-11-11T00:00:00+00:00'
[2023-11-23T01:49:26.441+0000] {logging_mixin.py:154} INFO - Data Deposited into Cloud Storage
[2023-11-23T01:49:26.493+0000] {python.py:194} INFO - Done. Returned value was: None
[2023-11-23T01:49:26.769+0000] {taskinstance.py:1400} INFO - Marking task as SUCCESS. dag_id=outcomes_dag, task_id=Extract, execution_date=20231111T000000, start_date=20231123T014924, end_date=20231123T014926
[2023-11-23T01:49:26.879+0000] {local_task_job_runner.py:228} INFO - Task exited with return code 0
[2023-11-23T03:40:33.322+0000] {taskinstance.py:1159} INFO - Dependencies all met for dep_context=non-requeueable deps ti=<TaskInstance: outcomes_dag.Extract scheduled__2023-11-11T00:00:00+00:00 [queued]>
[2023-11-23T03:40:33.376+0000] {taskinstance.py:1159} INFO - Dependencies all met for dep_context=requeueable deps ti=<TaskInstance: outcomes_dag.Extract scheduled__2023-11-11T00:00:00+00:00 [queued]>
[2023-11-23T03:40:33.383+0000] {taskinstance.py:1361} INFO - Starting attempt 1 of 1
[2023-11-23T03:40:33.430+0000] {taskinstance.py:1382} INFO - Executing <Task(PythonOperator): Extract> on 2023-11-11 00:00:00+00:00
[2023-11-23T03:40:33.496+0000] {standard_task_runner.py:57} INFO - Started process 102 to run task
[2023-11-23T03:40:33.579+0000] {standard_task_runner.py:84} INFO - Running: ['***', 'tasks', 'run', 'outcomes_dag', 'Extract', 'scheduled__2023-11-11T00:00:00+00:00', '--job-id', '16', '--raw', '--subdir', 'DAGS_FOLDER/outcomes_dag.py', '--cfg-path', '/tmp/tmptyt_83ej']
[2023-11-23T03:40:33.615+0000] {standard_task_runner.py:85} INFO - Job 16: Subtask Extract
[2023-11-23T03:40:33.892+0000] {task_command.py:416} INFO - Running <TaskInstance: outcomes_dag.Extract scheduled__2023-11-11T00:00:00+00:00 [running]> on host e647c96745b0
[2023-11-23T03:40:34.136+0000] {taskinstance.py:1662} INFO - Exporting env vars: AIRFLOW_CTX_DAG_OWNER='***' AIRFLOW_CTX_DAG_ID='outcomes_dag' AIRFLOW_CTX_TASK_ID='Extract' AIRFLOW_CTX_EXECUTION_DATE='2023-11-11T00:00:00+00:00' AIRFLOW_CTX_TRY_NUMBER='1' AIRFLOW_CTX_DAG_RUN_ID='scheduled__2023-11-11T00:00:00+00:00'
[2023-11-23T03:40:35.393+0000] {logging_mixin.py:154} INFO - Data Deposited into Cloud Storage
[2023-11-23T03:40:35.400+0000] {python.py:194} INFO - Done. Returned value was: None
[2023-11-23T03:40:35.597+0000] {taskinstance.py:1400} INFO - Marking task as SUCCESS. dag_id=outcomes_dag, task_id=Extract, execution_date=20231111T000000, start_date=20231123T034033, end_date=20231123T034035
[2023-11-23T03:40:35.763+0000] {local_task_job_runner.py:228} INFO - Task exited with return code 0
