[2023-11-21T01:21:14.085+0000] {taskinstance.py:1159} INFO - Dependencies all met for dep_context=non-requeueable deps ti=<TaskInstance: outcomes_dag.load scheduled__2023-11-17T00:00:00+00:00 [queued]>
[2023-11-21T01:21:14.106+0000] {taskinstance.py:1159} INFO - Dependencies all met for dep_context=requeueable deps ti=<TaskInstance: outcomes_dag.load scheduled__2023-11-17T00:00:00+00:00 [queued]>
[2023-11-21T01:21:14.112+0000] {taskinstance.py:1361} INFO - Starting attempt 1 of 1
[2023-11-21T01:21:14.150+0000] {taskinstance.py:1382} INFO - Executing <Task(PythonOperator): load> on 2023-11-17 00:00:00+00:00
[2023-11-21T01:21:14.170+0000] {standard_task_runner.py:57} INFO - Started process 279 to run task
[2023-11-21T01:21:14.197+0000] {standard_task_runner.py:84} INFO - Running: ['***', 'tasks', 'run', 'outcomes_dag', 'load', 'scheduled__2023-11-17T00:00:00+00:00', '--job-id', '55', '--raw', '--subdir', 'DAGS_FOLDER/outcomes_dag.py', '--cfg-path', '/tmp/tmpyuqwba3v']
[2023-11-21T01:21:14.212+0000] {standard_task_runner.py:85} INFO - Job 55: Subtask load
[2023-11-21T01:21:14.354+0000] {task_command.py:416} INFO - Running <TaskInstance: outcomes_dag.load scheduled__2023-11-17T00:00:00+00:00 [running]> on host f31a30014ab0
[2023-11-21T01:21:18.327+0000] {taskinstance.py:1662} INFO - Exporting env vars: AIRFLOW_CTX_DAG_OWNER='***' AIRFLOW_CTX_DAG_ID='outcomes_dag' AIRFLOW_CTX_TASK_ID='load' AIRFLOW_CTX_EXECUTION_DATE='2023-11-17T00:00:00+00:00' AIRFLOW_CTX_TRY_NUMBER='1' AIRFLOW_CTX_DAG_RUN_ID='scheduled__2023-11-17T00:00:00+00:00'
[2023-11-21T01:21:18.444+0000] {taskinstance.py:1937} ERROR - Task failed with exception
Traceback (most recent call last):
  File "/home/airflow/.local/lib/python3.8/site-packages/airflow/operators/python.py", line 192, in execute
    return_value = self.execute_callable()
  File "/home/airflow/.local/lib/python3.8/site-packages/airflow/operators/python.py", line 209, in execute_callable
    return self.python_callable(*self.op_args, **self.op_kwargs)
  File "/opt/airflow/dags/ETL/load.py", line 11, in load_data
    data_to_staging(filename, engine)
  File "/opt/airflow/dags/ETL/load.py", line 19, in data_to_staging
    data = pd.read_parquet(filename)
  File "/home/airflow/.local/lib/python3.8/site-packages/pandas/io/parquet.py", line 509, in read_parquet
    return impl.read(
  File "/home/airflow/.local/lib/python3.8/site-packages/pandas/io/parquet.py", line 220, in read
    path_or_handle, handles, kwargs["filesystem"] = _get_path_or_handle(
  File "/home/airflow/.local/lib/python3.8/site-packages/pandas/io/parquet.py", line 110, in _get_path_or_handle
    handles = get_handle(
  File "/home/airflow/.local/lib/python3.8/site-packages/pandas/io/common.py", line 868, in get_handle
    handle = open(handle, ioargs.mode)
FileNotFoundError: [Errno 2] No such file or directory: '/opt/airflow/data/2023-11-17/processed/transformed_shelter_data.parquet'
[2023-11-21T01:21:18.487+0000] {taskinstance.py:1400} INFO - Marking task as FAILED. dag_id=outcomes_dag, task_id=load, execution_date=20231117T000000, start_date=20231121T012114, end_date=20231121T012118
[2023-11-21T01:21:18.545+0000] {standard_task_runner.py:104} ERROR - Failed to execute job 55 for task load ([Errno 2] No such file or directory: '/opt/airflow/data/2023-11-17/processed/transformed_shelter_data.parquet'; 279)
[2023-11-21T01:21:18.667+0000] {local_task_job_runner.py:228} INFO - Task exited with return code 1
[2023-11-21T01:21:18.875+0000] {taskinstance.py:2778} INFO - 0 downstream tasks scheduled from follow-on schedule check
[2023-11-21T02:36:32.502+0000] {taskinstance.py:1159} INFO - Dependencies all met for dep_context=non-requeueable deps ti=<TaskInstance: outcomes_dag.load scheduled__2023-11-17T00:00:00+00:00 [queued]>
[2023-11-21T02:36:32.542+0000] {taskinstance.py:1159} INFO - Dependencies all met for dep_context=requeueable deps ti=<TaskInstance: outcomes_dag.load scheduled__2023-11-17T00:00:00+00:00 [queued]>
[2023-11-21T02:36:32.546+0000] {taskinstance.py:1361} INFO - Starting attempt 1 of 1
[2023-11-21T02:36:32.597+0000] {taskinstance.py:1382} INFO - Executing <Task(PythonOperator): load> on 2023-11-17 00:00:00+00:00
[2023-11-21T02:36:32.634+0000] {standard_task_runner.py:57} INFO - Started process 296 to run task
[2023-11-21T02:36:32.661+0000] {standard_task_runner.py:84} INFO - Running: ['***', 'tasks', 'run', 'outcomes_dag', 'load', 'scheduled__2023-11-17T00:00:00+00:00', '--job-id', '54', '--raw', '--subdir', 'DAGS_FOLDER/outcomes_dag.py', '--cfg-path', '/tmp/tmp28zla4yh']
[2023-11-21T02:36:32.691+0000] {standard_task_runner.py:85} INFO - Job 54: Subtask load
[2023-11-21T02:36:32.829+0000] {task_command.py:416} INFO - Running <TaskInstance: outcomes_dag.load scheduled__2023-11-17T00:00:00+00:00 [running]> on host b875fa978b1e
[2023-11-21T02:36:34.112+0000] {taskinstance.py:1662} INFO - Exporting env vars: AIRFLOW_CTX_DAG_OWNER='***' AIRFLOW_CTX_DAG_ID='outcomes_dag' AIRFLOW_CTX_TASK_ID='load' AIRFLOW_CTX_EXECUTION_DATE='2023-11-17T00:00:00+00:00' AIRFLOW_CTX_TRY_NUMBER='1' AIRFLOW_CTX_DAG_RUN_ID='scheduled__2023-11-17T00:00:00+00:00'
[2023-11-21T02:36:34.150+0000] {taskinstance.py:1937} ERROR - Task failed with exception
Traceback (most recent call last):
  File "/home/airflow/.local/lib/python3.8/site-packages/airflow/operators/python.py", line 192, in execute
    return_value = self.execute_callable()
  File "/home/airflow/.local/lib/python3.8/site-packages/airflow/operators/python.py", line 209, in execute_callable
    return self.python_callable(*self.op_args, **self.op_kwargs)
  File "/opt/airflow/dags/ETL/load.py", line 11, in load_data
    data_to_staging(filename, engine)
  File "/opt/airflow/dags/ETL/load.py", line 19, in data_to_staging
    data = pd.read_parquet(filename)
  File "/home/airflow/.local/lib/python3.8/site-packages/pandas/io/parquet.py", line 509, in read_parquet
    return impl.read(
  File "/home/airflow/.local/lib/python3.8/site-packages/pandas/io/parquet.py", line 220, in read
    path_or_handle, handles, kwargs["filesystem"] = _get_path_or_handle(
  File "/home/airflow/.local/lib/python3.8/site-packages/pandas/io/parquet.py", line 110, in _get_path_or_handle
    handles = get_handle(
  File "/home/airflow/.local/lib/python3.8/site-packages/pandas/io/common.py", line 868, in get_handle
    handle = open(handle, ioargs.mode)
FileNotFoundError: [Errno 2] No such file or directory: '/opt/airflow/data/2023-11-17/processed/transformed_shelter_data.parquet'
[2023-11-21T02:36:34.174+0000] {taskinstance.py:1400} INFO - Marking task as FAILED. dag_id=outcomes_dag, task_id=load, execution_date=20231117T000000, start_date=20231121T023632, end_date=20231121T023634
[2023-11-21T02:36:34.186+0000] {standard_task_runner.py:104} ERROR - Failed to execute job 54 for task load ([Errno 2] No such file or directory: '/opt/airflow/data/2023-11-17/processed/transformed_shelter_data.parquet'; 296)
[2023-11-21T02:36:34.265+0000] {local_task_job_runner.py:228} INFO - Task exited with return code 1
[2023-11-21T02:36:34.339+0000] {taskinstance.py:2778} INFO - 0 downstream tasks scheduled from follow-on schedule check
[2023-11-21T03:16:14.893+0000] {taskinstance.py:1159} INFO - Dependencies all met for dep_context=non-requeueable deps ti=<TaskInstance: outcomes_dag.load scheduled__2023-11-17T00:00:00+00:00 [queued]>
[2023-11-21T03:16:14.899+0000] {taskinstance.py:1159} INFO - Dependencies all met for dep_context=requeueable deps ti=<TaskInstance: outcomes_dag.load scheduled__2023-11-17T00:00:00+00:00 [queued]>
[2023-11-21T03:16:14.899+0000] {taskinstance.py:1361} INFO - Starting attempt 1 of 1
[2023-11-21T03:16:14.910+0000] {taskinstance.py:1382} INFO - Executing <Task(PythonOperator): load> on 2023-11-17 00:00:00+00:00
[2023-11-21T03:16:14.918+0000] {standard_task_runner.py:57} INFO - Started process 131 to run task
[2023-11-21T03:16:14.926+0000] {standard_task_runner.py:84} INFO - Running: ['***', 'tasks', 'run', 'outcomes_dag', 'load', 'scheduled__2023-11-17T00:00:00+00:00', '--job-id', '22', '--raw', '--subdir', 'DAGS_FOLDER/outcomes_dag.py', '--cfg-path', '/tmp/tmpvwgdmhhs']
[2023-11-21T03:16:14.935+0000] {standard_task_runner.py:85} INFO - Job 22: Subtask load
[2023-11-21T03:16:15.007+0000] {task_command.py:416} INFO - Running <TaskInstance: outcomes_dag.load scheduled__2023-11-17T00:00:00+00:00 [running]> on host 33d8c5494200
[2023-11-21T03:16:15.529+0000] {taskinstance.py:1662} INFO - Exporting env vars: AIRFLOW_CTX_DAG_OWNER='***' AIRFLOW_CTX_DAG_ID='outcomes_dag' AIRFLOW_CTX_TASK_ID='load' AIRFLOW_CTX_EXECUTION_DATE='2023-11-17T00:00:00+00:00' AIRFLOW_CTX_TRY_NUMBER='1' AIRFLOW_CTX_DAG_RUN_ID='scheduled__2023-11-17T00:00:00+00:00'
[2023-11-21T03:16:16.000+0000] {logging_mixin.py:154} INFO - Data is in Staging Table...
[2023-11-21T03:16:16.003+0000] {taskinstance.py:1937} ERROR - Task failed with exception
Traceback (most recent call last):
  File "/home/airflow/.local/lib/python3.8/site-packages/airflow/operators/python.py", line 192, in execute
    return_value = self.execute_callable()
  File "/home/airflow/.local/lib/python3.8/site-packages/airflow/operators/python.py", line 209, in execute_callable
    return self.python_callable(*self.op_args, **self.op_kwargs)
  File "/opt/airflow/dags/ETL/load.py", line 13, in load_data
    execute_sql_script(engine)
  File "/opt/airflow/dags/ETL/load.py", line 38, in execute_sql_script
    with open(script_path, 'r') as file:
FileNotFoundError: [Errno 2] No such file or directory: 'data_insertion.sql'
[2023-11-21T03:16:16.018+0000] {taskinstance.py:1400} INFO - Marking task as FAILED. dag_id=outcomes_dag, task_id=load, execution_date=20231117T000000, start_date=20231121T031614, end_date=20231121T031616
[2023-11-21T03:16:16.060+0000] {standard_task_runner.py:104} ERROR - Failed to execute job 22 for task load ([Errno 2] No such file or directory: 'data_insertion.sql'; 131)
[2023-11-21T03:16:16.110+0000] {local_task_job_runner.py:228} INFO - Task exited with return code 1
[2023-11-21T03:16:16.148+0000] {taskinstance.py:2778} INFO - 0 downstream tasks scheduled from follow-on schedule check
[2023-11-22T03:22:57.166+0000] {taskinstance.py:1159} INFO - Dependencies all met for dep_context=non-requeueable deps ti=<TaskInstance: outcomes_dag.Load scheduled__2023-11-17T00:00:00+00:00 [queued]>
[2023-11-22T03:22:57.172+0000] {taskinstance.py:1159} INFO - Dependencies all met for dep_context=requeueable deps ti=<TaskInstance: outcomes_dag.Load scheduled__2023-11-17T00:00:00+00:00 [queued]>
[2023-11-22T03:22:57.172+0000] {taskinstance.py:1361} INFO - Starting attempt 1 of 1
[2023-11-22T03:22:57.179+0000] {taskinstance.py:1382} INFO - Executing <Task(PythonOperator): Load> on 2023-11-17 00:00:00+00:00
[2023-11-22T03:22:57.188+0000] {standard_task_runner.py:57} INFO - Started process 124 to run task
[2023-11-22T03:22:57.193+0000] {standard_task_runner.py:84} INFO - Running: ['***', 'tasks', 'run', 'outcomes_dag', 'Load', 'scheduled__2023-11-17T00:00:00+00:00', '--job-id', '23', '--raw', '--subdir', 'DAGS_FOLDER/outcomes_dag.py', '--cfg-path', '/tmp/tmp9jf_qtnp']
[2023-11-22T03:22:57.195+0000] {standard_task_runner.py:85} INFO - Job 23: Subtask Load
[2023-11-22T03:22:57.234+0000] {task_command.py:416} INFO - Running <TaskInstance: outcomes_dag.Load scheduled__2023-11-17T00:00:00+00:00 [running]> on host cf56a4e96859
[2023-11-22T03:22:57.298+0000] {taskinstance.py:1662} INFO - Exporting env vars: AIRFLOW_CTX_DAG_OWNER='***' AIRFLOW_CTX_DAG_ID='outcomes_dag' AIRFLOW_CTX_TASK_ID='Load' AIRFLOW_CTX_EXECUTION_DATE='2023-11-17T00:00:00+00:00' AIRFLOW_CTX_TRY_NUMBER='1' AIRFLOW_CTX_DAG_RUN_ID='scheduled__2023-11-17T00:00:00+00:00'
[2023-11-22T03:22:57.300+0000] {logging_mixin.py:154} INFO - Getting data from Cloud Storage
[2023-11-22T03:22:58.107+0000] {logging_mixin.py:154} INFO - Data is in Staging Table...
[2023-11-22T03:22:58.116+0000] {logging_mixin.py:154} INFO - Data is Loaded into Fact & Dim Tables
[2023-11-22T03:22:58.116+0000] {python.py:194} INFO - Done. Returned value was: None
[2023-11-22T03:22:58.125+0000] {taskinstance.py:1400} INFO - Marking task as SUCCESS. dag_id=outcomes_dag, task_id=Load, execution_date=20231117T000000, start_date=20231122T032257, end_date=20231122T032258
[2023-11-22T03:22:58.146+0000] {local_task_job_runner.py:228} INFO - Task exited with return code 0
[2023-11-22T03:22:58.161+0000] {taskinstance.py:2778} INFO - 0 downstream tasks scheduled from follow-on schedule check
[2023-11-22T03:55:57.285+0000] {taskinstance.py:1159} INFO - Dependencies all met for dep_context=non-requeueable deps ti=<TaskInstance: outcomes_dag.Load scheduled__2023-11-17T00:00:00+00:00 [queued]>
[2023-11-22T03:55:57.324+0000] {taskinstance.py:1159} INFO - Dependencies all met for dep_context=requeueable deps ti=<TaskInstance: outcomes_dag.Load scheduled__2023-11-17T00:00:00+00:00 [queued]>
[2023-11-22T03:55:57.325+0000] {taskinstance.py:1361} INFO - Starting attempt 1 of 1
[2023-11-22T03:55:57.351+0000] {taskinstance.py:1382} INFO - Executing <Task(PythonOperator): Load> on 2023-11-17 00:00:00+00:00
[2023-11-22T03:55:57.380+0000] {standard_task_runner.py:57} INFO - Started process 126 to run task
[2023-11-22T03:55:57.389+0000] {standard_task_runner.py:84} INFO - Running: ['***', 'tasks', 'run', 'outcomes_dag', 'Load', 'scheduled__2023-11-17T00:00:00+00:00', '--job-id', '24', '--raw', '--subdir', 'DAGS_FOLDER/outcomes_dag.py', '--cfg-path', '/tmp/tmpxb9mjrih']
[2023-11-22T03:55:57.396+0000] {standard_task_runner.py:85} INFO - Job 24: Subtask Load
[2023-11-22T03:55:57.496+0000] {task_command.py:416} INFO - Running <TaskInstance: outcomes_dag.Load scheduled__2023-11-17T00:00:00+00:00 [running]> on host cf936e748923
[2023-11-22T03:55:57.604+0000] {taskinstance.py:1662} INFO - Exporting env vars: AIRFLOW_CTX_DAG_OWNER='***' AIRFLOW_CTX_DAG_ID='outcomes_dag' AIRFLOW_CTX_TASK_ID='Load' AIRFLOW_CTX_EXECUTION_DATE='2023-11-17T00:00:00+00:00' AIRFLOW_CTX_TRY_NUMBER='1' AIRFLOW_CTX_DAG_RUN_ID='scheduled__2023-11-17T00:00:00+00:00'
[2023-11-22T03:55:57.606+0000] {logging_mixin.py:154} INFO - Getting data from Cloud Storage
[2023-11-22T03:55:58.633+0000] {logging_mixin.py:154} INFO - Data is in Staging Table...
[2023-11-22T03:55:58.645+0000] {logging_mixin.py:154} INFO - Data is Loaded into Fact & Dim Tables
[2023-11-22T03:55:58.645+0000] {python.py:194} INFO - Done. Returned value was: None
[2023-11-22T03:55:58.655+0000] {taskinstance.py:1400} INFO - Marking task as SUCCESS. dag_id=outcomes_dag, task_id=Load, execution_date=20231117T000000, start_date=20231122T035557, end_date=20231122T035558
[2023-11-22T03:55:58.701+0000] {local_task_job_runner.py:228} INFO - Task exited with return code 0
[2023-11-22T03:55:58.719+0000] {taskinstance.py:2778} INFO - 0 downstream tasks scheduled from follow-on schedule check
[2023-11-22T05:47:52.058+0000] {taskinstance.py:1159} INFO - Dependencies all met for dep_context=non-requeueable deps ti=<TaskInstance: outcomes_dag.Load scheduled__2023-11-17T00:00:00+00:00 [queued]>
[2023-11-22T05:47:52.075+0000] {taskinstance.py:1159} INFO - Dependencies all met for dep_context=requeueable deps ti=<TaskInstance: outcomes_dag.Load scheduled__2023-11-17T00:00:00+00:00 [queued]>
[2023-11-22T05:47:52.075+0000] {taskinstance.py:1361} INFO - Starting attempt 1 of 4
[2023-11-22T05:47:52.102+0000] {taskinstance.py:1382} INFO - Executing <Task(PythonOperator): Load> on 2023-11-17 00:00:00+00:00
[2023-11-22T05:47:52.110+0000] {standard_task_runner.py:57} INFO - Started process 197 to run task
[2023-11-22T05:47:52.118+0000] {standard_task_runner.py:84} INFO - Running: ['***', 'tasks', 'run', 'outcomes_dag', 'Load', 'scheduled__2023-11-17T00:00:00+00:00', '--job-id', '24', '--raw', '--subdir', 'DAGS_FOLDER/outcomes_dag.py', '--cfg-path', '/tmp/tmpwiay9wbq']
[2023-11-22T05:47:52.128+0000] {standard_task_runner.py:85} INFO - Job 24: Subtask Load
[2023-11-22T05:47:52.253+0000] {task_command.py:416} INFO - Running <TaskInstance: outcomes_dag.Load scheduled__2023-11-17T00:00:00+00:00 [running]> on host 6e2e77b078ed
[2023-11-22T05:47:52.357+0000] {taskinstance.py:1662} INFO - Exporting env vars: AIRFLOW_CTX_DAG_OWNER='***' AIRFLOW_CTX_DAG_ID='outcomes_dag' AIRFLOW_CTX_TASK_ID='Load' AIRFLOW_CTX_EXECUTION_DATE='2023-11-17T00:00:00+00:00' AIRFLOW_CTX_TRY_NUMBER='1' AIRFLOW_CTX_DAG_RUN_ID='scheduled__2023-11-17T00:00:00+00:00'
[2023-11-22T05:47:52.367+0000] {logging_mixin.py:154} INFO - Getting data from Cloud Storage
[2023-11-22T05:47:53.216+0000] {logging_mixin.py:154} INFO - Data is in Staging Table...
[2023-11-22T05:47:53.216+0000] {python.py:194} INFO - Done. Returned value was: None
[2023-11-22T05:47:53.227+0000] {taskinstance.py:1400} INFO - Marking task as SUCCESS. dag_id=outcomes_dag, task_id=Load, execution_date=20231117T000000, start_date=20231122T054752, end_date=20231122T054753
[2023-11-22T05:47:53.257+0000] {local_task_job_runner.py:228} INFO - Task exited with return code 0
[2023-11-22T06:09:47.361+0000] {taskinstance.py:1159} INFO - Dependencies all met for dep_context=non-requeueable deps ti=<TaskInstance: outcomes_dag.Load scheduled__2023-11-17T00:00:00+00:00 [queued]>
[2023-11-22T06:09:47.395+0000] {taskinstance.py:1159} INFO - Dependencies all met for dep_context=requeueable deps ti=<TaskInstance: outcomes_dag.Load scheduled__2023-11-17T00:00:00+00:00 [queued]>
[2023-11-22T06:09:47.395+0000] {taskinstance.py:1361} INFO - Starting attempt 1 of 4
[2023-11-22T06:09:47.444+0000] {taskinstance.py:1382} INFO - Executing <Task(PythonOperator): Load> on 2023-11-17 00:00:00+00:00
[2023-11-22T06:09:47.550+0000] {standard_task_runner.py:57} INFO - Started process 137 to run task
[2023-11-22T06:09:47.556+0000] {standard_task_runner.py:84} INFO - Running: ['***', 'tasks', 'run', 'outcomes_dag', 'Load', 'scheduled__2023-11-17T00:00:00+00:00', '--job-id', '25', '--raw', '--subdir', 'DAGS_FOLDER/outcomes_dag.py', '--cfg-path', '/tmp/tmpupgqusn_']
[2023-11-22T06:09:47.572+0000] {standard_task_runner.py:85} INFO - Job 25: Subtask Load
[2023-11-22T06:09:47.726+0000] {task_command.py:416} INFO - Running <TaskInstance: outcomes_dag.Load scheduled__2023-11-17T00:00:00+00:00 [running]> on host ded66acd9c7f
[2023-11-22T06:09:47.852+0000] {taskinstance.py:1662} INFO - Exporting env vars: AIRFLOW_CTX_DAG_OWNER='***' AIRFLOW_CTX_DAG_ID='outcomes_dag' AIRFLOW_CTX_TASK_ID='Load' AIRFLOW_CTX_EXECUTION_DATE='2023-11-17T00:00:00+00:00' AIRFLOW_CTX_TRY_NUMBER='1' AIRFLOW_CTX_DAG_RUN_ID='scheduled__2023-11-17T00:00:00+00:00'
[2023-11-22T06:09:47.862+0000] {logging_mixin.py:154} INFO - Getting data from Cloud Storage
[2023-11-22T06:09:48.671+0000] {logging_mixin.py:154} INFO - Data is in Staging Table...
[2023-11-22T06:09:48.671+0000] {python.py:194} INFO - Done. Returned value was: None
[2023-11-22T06:09:48.679+0000] {taskinstance.py:1400} INFO - Marking task as SUCCESS. dag_id=outcomes_dag, task_id=Load, execution_date=20231117T000000, start_date=20231122T060947, end_date=20231122T060948
[2023-11-22T06:09:48.730+0000] {local_task_job_runner.py:228} INFO - Task exited with return code 0
[2023-11-22T06:19:04.998+0000] {taskinstance.py:1159} INFO - Dependencies all met for dep_context=non-requeueable deps ti=<TaskInstance: outcomes_dag.Load scheduled__2023-11-17T00:00:00+00:00 [queued]>
[2023-11-22T06:19:05.004+0000] {taskinstance.py:1159} INFO - Dependencies all met for dep_context=requeueable deps ti=<TaskInstance: outcomes_dag.Load scheduled__2023-11-17T00:00:00+00:00 [queued]>
[2023-11-22T06:19:05.005+0000] {taskinstance.py:1361} INFO - Starting attempt 1 of 4
[2023-11-22T06:19:05.011+0000] {taskinstance.py:1382} INFO - Executing <Task(PythonOperator): Load> on 2023-11-17 00:00:00+00:00
[2023-11-22T06:19:05.016+0000] {standard_task_runner.py:57} INFO - Started process 129 to run task
[2023-11-22T06:19:05.020+0000] {standard_task_runner.py:84} INFO - Running: ['***', 'tasks', 'run', 'outcomes_dag', 'Load', 'scheduled__2023-11-17T00:00:00+00:00', '--job-id', '26', '--raw', '--subdir', 'DAGS_FOLDER/outcomes_dag.py', '--cfg-path', '/tmp/tmpdx45nqe_']
[2023-11-22T06:19:05.023+0000] {standard_task_runner.py:85} INFO - Job 26: Subtask Load
[2023-11-22T06:19:05.076+0000] {task_command.py:416} INFO - Running <TaskInstance: outcomes_dag.Load scheduled__2023-11-17T00:00:00+00:00 [running]> on host 836b7d8b8a64
[2023-11-22T06:19:05.132+0000] {taskinstance.py:1662} INFO - Exporting env vars: AIRFLOW_CTX_DAG_OWNER='***' AIRFLOW_CTX_DAG_ID='outcomes_dag' AIRFLOW_CTX_TASK_ID='Load' AIRFLOW_CTX_EXECUTION_DATE='2023-11-17T00:00:00+00:00' AIRFLOW_CTX_TRY_NUMBER='1' AIRFLOW_CTX_DAG_RUN_ID='scheduled__2023-11-17T00:00:00+00:00'
[2023-11-22T06:19:05.134+0000] {logging_mixin.py:154} INFO - Getting data from Cloud Storage
[2023-11-22T06:19:06.073+0000] {logging_mixin.py:154} INFO - Data is in Staging Table...
[2023-11-22T06:19:06.073+0000] {python.py:194} INFO - Done. Returned value was: None
[2023-11-22T06:19:06.084+0000] {taskinstance.py:1400} INFO - Marking task as SUCCESS. dag_id=outcomes_dag, task_id=Load, execution_date=20231117T000000, start_date=20231122T061904, end_date=20231122T061906
[2023-11-22T06:19:06.178+0000] {local_task_job_runner.py:228} INFO - Task exited with return code 0
[2023-11-22T07:15:07.774+0000] {taskinstance.py:1159} INFO - Dependencies all met for dep_context=non-requeueable deps ti=<TaskInstance: outcomes_dag.Load scheduled__2023-11-17T00:00:00+00:00 [queued]>
[2023-11-22T07:15:07.789+0000] {taskinstance.py:1159} INFO - Dependencies all met for dep_context=requeueable deps ti=<TaskInstance: outcomes_dag.Load scheduled__2023-11-17T00:00:00+00:00 [queued]>
[2023-11-22T07:15:07.789+0000] {taskinstance.py:1361} INFO - Starting attempt 1 of 4
[2023-11-22T07:15:07.811+0000] {taskinstance.py:1382} INFO - Executing <Task(PythonOperator): Load> on 2023-11-17 00:00:00+00:00
[2023-11-22T07:15:07.846+0000] {standard_task_runner.py:57} INFO - Started process 125 to run task
[2023-11-22T07:15:07.869+0000] {standard_task_runner.py:84} INFO - Running: ['***', 'tasks', 'run', 'outcomes_dag', 'Load', 'scheduled__2023-11-17T00:00:00+00:00', '--job-id', '19', '--raw', '--subdir', 'DAGS_FOLDER/outcomes_dag.py', '--cfg-path', '/tmp/tmpxyn45cmo']
[2023-11-22T07:15:07.894+0000] {standard_task_runner.py:85} INFO - Job 19: Subtask Load
[2023-11-22T07:15:08.129+0000] {task_command.py:416} INFO - Running <TaskInstance: outcomes_dag.Load scheduled__2023-11-17T00:00:00+00:00 [running]> on host 011245d9ad62
[2023-11-22T07:15:08.324+0000] {taskinstance.py:1662} INFO - Exporting env vars: AIRFLOW_CTX_DAG_OWNER='***' AIRFLOW_CTX_DAG_ID='outcomes_dag' AIRFLOW_CTX_TASK_ID='Load' AIRFLOW_CTX_EXECUTION_DATE='2023-11-17T00:00:00+00:00' AIRFLOW_CTX_TRY_NUMBER='1' AIRFLOW_CTX_DAG_RUN_ID='scheduled__2023-11-17T00:00:00+00:00'
[2023-11-22T07:15:08.331+0000] {logging_mixin.py:154} INFO - Getting data from Cloud Storage
[2023-11-22T07:15:09.287+0000] {logging_mixin.py:154} INFO - Data is in Staging Table...
[2023-11-22T07:15:09.288+0000] {python.py:194} INFO - Done. Returned value was: None
[2023-11-22T07:15:09.304+0000] {taskinstance.py:1400} INFO - Marking task as SUCCESS. dag_id=outcomes_dag, task_id=Load, execution_date=20231117T000000, start_date=20231122T071507, end_date=20231122T071509
[2023-11-22T07:15:09.361+0000] {local_task_job_runner.py:228} INFO - Task exited with return code 0
[2023-11-22T07:54:31.196+0000] {taskinstance.py:1159} INFO - Dependencies all met for dep_context=non-requeueable deps ti=<TaskInstance: outcomes_dag.Load scheduled__2023-11-17T00:00:00+00:00 [queued]>
[2023-11-22T07:54:31.201+0000] {taskinstance.py:1159} INFO - Dependencies all met for dep_context=requeueable deps ti=<TaskInstance: outcomes_dag.Load scheduled__2023-11-17T00:00:00+00:00 [queued]>
[2023-11-22T07:54:31.201+0000] {taskinstance.py:1361} INFO - Starting attempt 1 of 4
[2023-11-22T07:54:31.207+0000] {taskinstance.py:1382} INFO - Executing <Task(PythonOperator): Load> on 2023-11-17 00:00:00+00:00
[2023-11-22T07:54:31.215+0000] {standard_task_runner.py:57} INFO - Started process 437 to run task
[2023-11-22T07:54:31.219+0000] {standard_task_runner.py:84} INFO - Running: ['***', 'tasks', 'run', 'outcomes_dag', 'Load', 'scheduled__2023-11-17T00:00:00+00:00', '--job-id', '67', '--raw', '--subdir', 'DAGS_FOLDER/outcomes_dag.py', '--cfg-path', '/tmp/tmpwzcf8tgr']
[2023-11-22T07:54:31.223+0000] {standard_task_runner.py:85} INFO - Job 67: Subtask Load
[2023-11-22T07:54:31.275+0000] {task_command.py:416} INFO - Running <TaskInstance: outcomes_dag.Load scheduled__2023-11-17T00:00:00+00:00 [running]> on host 6318e996d951
[2023-11-22T07:54:31.331+0000] {taskinstance.py:1662} INFO - Exporting env vars: AIRFLOW_CTX_DAG_OWNER='***' AIRFLOW_CTX_DAG_ID='outcomes_dag' AIRFLOW_CTX_TASK_ID='Load' AIRFLOW_CTX_EXECUTION_DATE='2023-11-17T00:00:00+00:00' AIRFLOW_CTX_TRY_NUMBER='1' AIRFLOW_CTX_DAG_RUN_ID='scheduled__2023-11-17T00:00:00+00:00'
[2023-11-22T07:54:31.333+0000] {logging_mixin.py:154} INFO - Getting data from Cloud Storage
[2023-11-22T07:54:32.097+0000] {logging_mixin.py:154} INFO - Data is in Staging Table...
[2023-11-22T07:54:32.097+0000] {python.py:194} INFO - Done. Returned value was: None
[2023-11-22T07:54:32.108+0000] {taskinstance.py:1400} INFO - Marking task as SUCCESS. dag_id=outcomes_dag, task_id=Load, execution_date=20231117T000000, start_date=20231122T075431, end_date=20231122T075432
[2023-11-22T07:54:32.130+0000] {local_task_job_runner.py:228} INFO - Task exited with return code 0
[2023-11-23T01:50:05.489+0000] {taskinstance.py:1159} INFO - Dependencies all met for dep_context=non-requeueable deps ti=<TaskInstance: outcomes_dag.Load scheduled__2023-11-17T00:00:00+00:00 [queued]>
[2023-11-23T01:50:05.494+0000] {taskinstance.py:1159} INFO - Dependencies all met for dep_context=requeueable deps ti=<TaskInstance: outcomes_dag.Load scheduled__2023-11-17T00:00:00+00:00 [queued]>
[2023-11-23T01:50:05.495+0000] {taskinstance.py:1361} INFO - Starting attempt 1 of 4
[2023-11-23T01:50:05.512+0000] {taskinstance.py:1382} INFO - Executing <Task(PythonOperator): Load> on 2023-11-17 00:00:00+00:00
[2023-11-23T01:50:05.517+0000] {standard_task_runner.py:57} INFO - Started process 306 to run task
[2023-11-23T01:50:05.527+0000] {standard_task_runner.py:84} INFO - Running: ['***', 'tasks', 'run', 'outcomes_dag', 'Load', 'scheduled__2023-11-17T00:00:00+00:00', '--job-id', '83', '--raw', '--subdir', 'DAGS_FOLDER/outcomes_dag.py', '--cfg-path', '/tmp/tmpmd1n41yy']
[2023-11-23T01:50:05.531+0000] {standard_task_runner.py:85} INFO - Job 83: Subtask Load
[2023-11-23T01:50:05.591+0000] {task_command.py:416} INFO - Running <TaskInstance: outcomes_dag.Load scheduled__2023-11-17T00:00:00+00:00 [running]> on host d15d3caa5b00
[2023-11-23T01:50:05.657+0000] {taskinstance.py:1662} INFO - Exporting env vars: AIRFLOW_CTX_DAG_OWNER='***' AIRFLOW_CTX_DAG_ID='outcomes_dag' AIRFLOW_CTX_TASK_ID='Load' AIRFLOW_CTX_EXECUTION_DATE='2023-11-17T00:00:00+00:00' AIRFLOW_CTX_TRY_NUMBER='1' AIRFLOW_CTX_DAG_RUN_ID='scheduled__2023-11-17T00:00:00+00:00'
[2023-11-23T01:50:05.659+0000] {logging_mixin.py:154} INFO - Getting data from Cloud Storage
[2023-11-23T01:50:06.818+0000] {logging_mixin.py:154} INFO - Data is in Staging Table...
[2023-11-23T01:50:06.818+0000] {python.py:194} INFO - Done. Returned value was: None
[2023-11-23T01:50:06.829+0000] {taskinstance.py:1400} INFO - Marking task as SUCCESS. dag_id=outcomes_dag, task_id=Load, execution_date=20231117T000000, start_date=20231123T015005, end_date=20231123T015006
[2023-11-23T01:50:06.868+0000] {local_task_job_runner.py:228} INFO - Task exited with return code 0
[2023-11-23T01:58:43.718+0000] {taskinstance.py:1159} INFO - Dependencies all met for dep_context=non-requeueable deps ti=<TaskInstance: outcomes_dag.Load scheduled__2023-11-17T00:00:00+00:00 [queued]>
[2023-11-23T01:58:43.743+0000] {taskinstance.py:1159} INFO - Dependencies all met for dep_context=requeueable deps ti=<TaskInstance: outcomes_dag.Load scheduled__2023-11-17T00:00:00+00:00 [queued]>
[2023-11-23T01:58:43.744+0000] {taskinstance.py:1361} INFO - Starting attempt 1 of 4
[2023-11-23T01:58:43.769+0000] {taskinstance.py:1382} INFO - Executing <Task(PythonOperator): Load> on 2023-11-17 00:00:00+00:00
[2023-11-23T01:58:43.806+0000] {standard_task_runner.py:57} INFO - Started process 115 to run task
[2023-11-23T01:58:43.831+0000] {standard_task_runner.py:84} INFO - Running: ['***', 'tasks', 'run', 'outcomes_dag', 'Load', 'scheduled__2023-11-17T00:00:00+00:00', '--job-id', '18', '--raw', '--subdir', 'DAGS_FOLDER/outcomes_dag.py', '--cfg-path', '/tmp/tmp1opc3xr9']
[2023-11-23T01:58:43.840+0000] {standard_task_runner.py:85} INFO - Job 18: Subtask Load
[2023-11-23T01:58:44.014+0000] {task_command.py:416} INFO - Running <TaskInstance: outcomes_dag.Load scheduled__2023-11-17T00:00:00+00:00 [running]> on host 3cdc572bc068
[2023-11-23T01:58:44.183+0000] {taskinstance.py:1662} INFO - Exporting env vars: AIRFLOW_CTX_DAG_OWNER='***' AIRFLOW_CTX_DAG_ID='outcomes_dag' AIRFLOW_CTX_TASK_ID='Load' AIRFLOW_CTX_EXECUTION_DATE='2023-11-17T00:00:00+00:00' AIRFLOW_CTX_TRY_NUMBER='1' AIRFLOW_CTX_DAG_RUN_ID='scheduled__2023-11-17T00:00:00+00:00'
[2023-11-23T01:58:44.189+0000] {logging_mixin.py:154} INFO - Getting data from Cloud Storage
[2023-11-23T01:58:45.022+0000] {logging_mixin.py:154} INFO - Data is in Staging Table...
[2023-11-23T01:58:45.023+0000] {python.py:194} INFO - Done. Returned value was: None
[2023-11-23T01:58:45.038+0000] {taskinstance.py:1400} INFO - Marking task as SUCCESS. dag_id=outcomes_dag, task_id=Load, execution_date=20231117T000000, start_date=20231123T015843, end_date=20231123T015845
[2023-11-23T01:58:45.101+0000] {local_task_job_runner.py:228} INFO - Task exited with return code 0
[2023-11-23T02:59:44.380+0000] {taskinstance.py:1159} INFO - Dependencies all met for dep_context=non-requeueable deps ti=<TaskInstance: outcomes_dag.Load scheduled__2023-11-17T00:00:00+00:00 [queued]>
[2023-11-23T02:59:44.401+0000] {taskinstance.py:1159} INFO - Dependencies all met for dep_context=requeueable deps ti=<TaskInstance: outcomes_dag.Load scheduled__2023-11-17T00:00:00+00:00 [queued]>
[2023-11-23T02:59:44.404+0000] {taskinstance.py:1361} INFO - Starting attempt 1 of 4
[2023-11-23T02:59:44.842+0000] {taskinstance.py:1382} INFO - Executing <Task(PythonOperator): Load> on 2023-11-17 00:00:00+00:00
[2023-11-23T02:59:44.865+0000] {standard_task_runner.py:57} INFO - Started process 164 to run task
[2023-11-23T02:59:44.898+0000] {standard_task_runner.py:84} INFO - Running: ['***', 'tasks', 'run', 'outcomes_dag', 'Load', 'scheduled__2023-11-17T00:00:00+00:00', '--job-id', '21', '--raw', '--subdir', 'DAGS_FOLDER/outcomes_dag.py', '--cfg-path', '/tmp/tmplfdqd6n_']
[2023-11-23T02:59:44.907+0000] {standard_task_runner.py:85} INFO - Job 21: Subtask Load
[2023-11-23T02:59:45.028+0000] {task_command.py:416} INFO - Running <TaskInstance: outcomes_dag.Load scheduled__2023-11-17T00:00:00+00:00 [running]> on host 1268bd8e5db0
[2023-11-23T02:59:45.217+0000] {taskinstance.py:1662} INFO - Exporting env vars: AIRFLOW_CTX_DAG_OWNER='***' AIRFLOW_CTX_DAG_ID='outcomes_dag' AIRFLOW_CTX_TASK_ID='Load' AIRFLOW_CTX_EXECUTION_DATE='2023-11-17T00:00:00+00:00' AIRFLOW_CTX_TRY_NUMBER='1' AIRFLOW_CTX_DAG_RUN_ID='scheduled__2023-11-17T00:00:00+00:00'
[2023-11-23T02:59:45.229+0000] {logging_mixin.py:154} INFO - Getting data from Cloud Storage
[2023-11-23T02:59:45.875+0000] {logging_mixin.py:154} INFO - Data is in Staging Area...
[2023-11-23T02:59:45.875+0000] {python.py:194} INFO - Done. Returned value was: None
[2023-11-23T02:59:45.884+0000] {taskinstance.py:1400} INFO - Marking task as SUCCESS. dag_id=outcomes_dag, task_id=Load, execution_date=20231117T000000, start_date=20231123T025944, end_date=20231123T025945
[2023-11-23T02:59:45.923+0000] {local_task_job_runner.py:228} INFO - Task exited with return code 0
[2023-11-23T03:42:09.330+0000] {taskinstance.py:1159} INFO - Dependencies all met for dep_context=non-requeueable deps ti=<TaskInstance: outcomes_dag.Load scheduled__2023-11-17T00:00:00+00:00 [queued]>
[2023-11-23T03:42:09.338+0000] {taskinstance.py:1159} INFO - Dependencies all met for dep_context=requeueable deps ti=<TaskInstance: outcomes_dag.Load scheduled__2023-11-17T00:00:00+00:00 [queued]>
[2023-11-23T03:42:09.339+0000] {taskinstance.py:1361} INFO - Starting attempt 1 of 4
[2023-11-23T03:42:09.349+0000] {taskinstance.py:1382} INFO - Executing <Task(PythonOperator): Load> on 2023-11-17 00:00:00+00:00
[2023-11-23T03:42:09.371+0000] {standard_task_runner.py:57} INFO - Started process 550 to run task
[2023-11-23T03:42:09.387+0000] {standard_task_runner.py:84} INFO - Running: ['***', 'tasks', 'run', 'outcomes_dag', 'Load', 'scheduled__2023-11-17T00:00:00+00:00', '--job-id', '162', '--raw', '--subdir', 'DAGS_FOLDER/outcomes_dag.py', '--cfg-path', '/tmp/tmpxh9hjd5w']
[2023-11-23T03:42:09.396+0000] {standard_task_runner.py:85} INFO - Job 162: Subtask Load
[2023-11-23T03:42:09.448+0000] {task_command.py:416} INFO - Running <TaskInstance: outcomes_dag.Load scheduled__2023-11-17T00:00:00+00:00 [running]> on host e647c96745b0
[2023-11-23T03:42:09.519+0000] {taskinstance.py:1662} INFO - Exporting env vars: AIRFLOW_CTX_DAG_OWNER='***' AIRFLOW_CTX_DAG_ID='outcomes_dag' AIRFLOW_CTX_TASK_ID='Load' AIRFLOW_CTX_EXECUTION_DATE='2023-11-17T00:00:00+00:00' AIRFLOW_CTX_TRY_NUMBER='1' AIRFLOW_CTX_DAG_RUN_ID='scheduled__2023-11-17T00:00:00+00:00'
[2023-11-23T03:42:09.524+0000] {logging_mixin.py:154} INFO - Getting data from Cloud Storage
[2023-11-23T03:42:10.286+0000] {logging_mixin.py:154} INFO - Data is in Staging Area...
[2023-11-23T03:42:10.287+0000] {python.py:194} INFO - Done. Returned value was: None
[2023-11-23T03:42:10.306+0000] {taskinstance.py:1400} INFO - Marking task as SUCCESS. dag_id=outcomes_dag, task_id=Load, execution_date=20231117T000000, start_date=20231123T034209, end_date=20231123T034210
[2023-11-23T03:42:10.365+0000] {local_task_job_runner.py:228} INFO - Task exited with return code 0
