[2023-11-22T07:53:40.101+0000] {taskinstance.py:1159} INFO - Dependencies all met for dep_context=non-requeueable deps ti=<TaskInstance: outcomes_dag.Extract scheduled__2023-11-04T00:00:00+00:00 [queued]>
[2023-11-22T07:53:40.138+0000] {taskinstance.py:1159} INFO - Dependencies all met for dep_context=requeueable deps ti=<TaskInstance: outcomes_dag.Extract scheduled__2023-11-04T00:00:00+00:00 [queued]>
[2023-11-22T07:53:40.139+0000] {taskinstance.py:1361} INFO - Starting attempt 1 of 1
[2023-11-22T07:53:40.278+0000] {taskinstance.py:1382} INFO - Executing <Task(PythonOperator): Extract> on 2023-11-04 00:00:00+00:00
[2023-11-22T07:53:40.361+0000] {standard_task_runner.py:57} INFO - Started process 279 to run task
[2023-11-22T07:53:40.376+0000] {standard_task_runner.py:84} INFO - Running: ['***', 'tasks', 'run', 'outcomes_dag', 'Extract', 'scheduled__2023-11-04T00:00:00+00:00', '--job-id', '16', '--raw', '--subdir', 'DAGS_FOLDER/outcomes_dag.py', '--cfg-path', '/tmp/tmpf96ax6qm']
[2023-11-22T07:53:40.389+0000] {standard_task_runner.py:85} INFO - Job 16: Subtask Extract
[2023-11-22T07:53:40.671+0000] {task_command.py:416} INFO - Running <TaskInstance: outcomes_dag.Extract scheduled__2023-11-04T00:00:00+00:00 [running]> on host 6318e996d951
[2023-11-22T07:53:40.948+0000] {taskinstance.py:1662} INFO - Exporting env vars: AIRFLOW_CTX_DAG_OWNER='***' AIRFLOW_CTX_DAG_ID='outcomes_dag' AIRFLOW_CTX_TASK_ID='Extract' AIRFLOW_CTX_EXECUTION_DATE='2023-11-04T00:00:00+00:00' AIRFLOW_CTX_TRY_NUMBER='1' AIRFLOW_CTX_DAG_RUN_ID='scheduled__2023-11-04T00:00:00+00:00'
[2023-11-22T07:53:43.881+0000] {logging_mixin.py:154} INFO - Data Deposited into Cloud Storage
[2023-11-22T07:53:43.977+0000] {python.py:194} INFO - Done. Returned value was: None
[2023-11-22T07:53:44.160+0000] {taskinstance.py:1400} INFO - Marking task as SUCCESS. dag_id=outcomes_dag, task_id=Extract, execution_date=20231104T000000, start_date=20231122T075340, end_date=20231122T075344
[2023-11-22T07:53:44.542+0000] {local_task_job_runner.py:228} INFO - Task exited with return code 0
[2023-11-22T22:41:13.195+0000] {taskinstance.py:1159} INFO - Dependencies all met for dep_context=non-requeueable deps ti=<TaskInstance: outcomes_dag.Extract scheduled__2023-11-04T00:00:00+00:00 [queued]>
[2023-11-22T22:41:13.239+0000] {taskinstance.py:1159} INFO - Dependencies all met for dep_context=requeueable deps ti=<TaskInstance: outcomes_dag.Extract scheduled__2023-11-04T00:00:00+00:00 [queued]>
[2023-11-22T22:41:13.240+0000] {taskinstance.py:1361} INFO - Starting attempt 1 of 1
[2023-11-22T22:41:13.301+0000] {taskinstance.py:1382} INFO - Executing <Task(PythonOperator): Extract> on 2023-11-04 00:00:00+00:00
[2023-11-22T22:41:13.578+0000] {standard_task_runner.py:57} INFO - Started process 115 to run task
[2023-11-22T22:41:13.592+0000] {standard_task_runner.py:84} INFO - Running: ['***', 'tasks', 'run', 'outcomes_dag', 'Extract', 'scheduled__2023-11-04T00:00:00+00:00', '--job-id', '4', '--raw', '--subdir', 'DAGS_FOLDER/outcomes_dag.py', '--cfg-path', '/tmp/tmpqdn12442']
[2023-11-22T22:41:13.654+0000] {standard_task_runner.py:85} INFO - Job 4: Subtask Extract
[2023-11-22T22:41:14.159+0000] {task_command.py:416} INFO - Running <TaskInstance: outcomes_dag.Extract scheduled__2023-11-04T00:00:00+00:00 [running]> on host 8ac13583809b
[2023-11-22T22:41:14.792+0000] {taskinstance.py:1662} INFO - Exporting env vars: AIRFLOW_CTX_DAG_OWNER='***' AIRFLOW_CTX_DAG_ID='outcomes_dag' AIRFLOW_CTX_TASK_ID='Extract' AIRFLOW_CTX_EXECUTION_DATE='2023-11-04T00:00:00+00:00' AIRFLOW_CTX_TRY_NUMBER='1' AIRFLOW_CTX_DAG_RUN_ID='scheduled__2023-11-04T00:00:00+00:00'
[2023-11-22T22:41:18.594+0000] {logging_mixin.py:154} INFO - Data Deposited into Cloud Storage
[2023-11-22T22:41:18.613+0000] {python.py:194} INFO - Done. Returned value was: None
[2023-11-22T22:41:18.681+0000] {taskinstance.py:1400} INFO - Marking task as SUCCESS. dag_id=outcomes_dag, task_id=Extract, execution_date=20231104T000000, start_date=20231122T224113, end_date=20231122T224118
[2023-11-22T22:41:18.835+0000] {local_task_job_runner.py:228} INFO - Task exited with return code 0
[2023-11-22T22:59:38.705+0000] {taskinstance.py:1159} INFO - Dependencies all met for dep_context=non-requeueable deps ti=<TaskInstance: outcomes_dag.Extract scheduled__2023-11-04T00:00:00+00:00 [queued]>
[2023-11-22T22:59:38.728+0000] {taskinstance.py:1159} INFO - Dependencies all met for dep_context=requeueable deps ti=<TaskInstance: outcomes_dag.Extract scheduled__2023-11-04T00:00:00+00:00 [queued]>
[2023-11-22T22:59:38.728+0000] {taskinstance.py:1361} INFO - Starting attempt 1 of 1
[2023-11-22T22:59:38.751+0000] {taskinstance.py:1382} INFO - Executing <Task(PythonOperator): Extract> on 2023-11-04 00:00:00+00:00
[2023-11-22T22:59:38.765+0000] {standard_task_runner.py:57} INFO - Started process 95 to run task
[2023-11-22T22:59:38.833+0000] {standard_task_runner.py:84} INFO - Running: ['***', 'tasks', 'run', 'outcomes_dag', 'Extract', 'scheduled__2023-11-04T00:00:00+00:00', '--job-id', '8', '--raw', '--subdir', 'DAGS_FOLDER/outcomes_dag.py', '--cfg-path', '/tmp/tmp6jqg3a7f']
[2023-11-22T22:59:38.858+0000] {standard_task_runner.py:85} INFO - Job 8: Subtask Extract
[2023-11-22T22:59:39.065+0000] {task_command.py:416} INFO - Running <TaskInstance: outcomes_dag.Extract scheduled__2023-11-04T00:00:00+00:00 [running]> on host 4b2f5af281f8
[2023-11-22T22:59:39.261+0000] {taskinstance.py:1662} INFO - Exporting env vars: AIRFLOW_CTX_DAG_OWNER='***' AIRFLOW_CTX_DAG_ID='outcomes_dag' AIRFLOW_CTX_TASK_ID='Extract' AIRFLOW_CTX_EXECUTION_DATE='2023-11-04T00:00:00+00:00' AIRFLOW_CTX_TRY_NUMBER='1' AIRFLOW_CTX_DAG_RUN_ID='scheduled__2023-11-04T00:00:00+00:00'
[2023-11-22T22:59:41.950+0000] {logging_mixin.py:154} INFO - Data Deposited into Cloud Storage
[2023-11-22T22:59:41.971+0000] {python.py:194} INFO - Done. Returned value was: None
[2023-11-22T22:59:42.050+0000] {taskinstance.py:1400} INFO - Marking task as SUCCESS. dag_id=outcomes_dag, task_id=Extract, execution_date=20231104T000000, start_date=20231122T225938, end_date=20231122T225942
[2023-11-22T22:59:42.158+0000] {local_task_job_runner.py:228} INFO - Task exited with return code 0
[2023-11-22T23:20:05.629+0000] {taskinstance.py:1159} INFO - Dependencies all met for dep_context=non-requeueable deps ti=<TaskInstance: outcomes_dag.Extract scheduled__2023-11-04T00:00:00+00:00 [queued]>
[2023-11-22T23:20:05.643+0000] {taskinstance.py:1159} INFO - Dependencies all met for dep_context=requeueable deps ti=<TaskInstance: outcomes_dag.Extract scheduled__2023-11-04T00:00:00+00:00 [queued]>
[2023-11-22T23:20:05.653+0000] {taskinstance.py:1361} INFO - Starting attempt 1 of 1
[2023-11-22T23:20:05.681+0000] {taskinstance.py:1382} INFO - Executing <Task(PythonOperator): Extract> on 2023-11-04 00:00:00+00:00
[2023-11-22T23:20:05.741+0000] {standard_task_runner.py:57} INFO - Started process 91 to run task
[2023-11-22T23:20:05.774+0000] {standard_task_runner.py:84} INFO - Running: ['***', 'tasks', 'run', 'outcomes_dag', 'Extract', 'scheduled__2023-11-04T00:00:00+00:00', '--job-id', '4', '--raw', '--subdir', 'DAGS_FOLDER/outcomes_dag.py', '--cfg-path', '/tmp/tmpsex34yat']
[2023-11-22T23:20:05.789+0000] {standard_task_runner.py:85} INFO - Job 4: Subtask Extract
[2023-11-22T23:20:05.983+0000] {task_command.py:416} INFO - Running <TaskInstance: outcomes_dag.Extract scheduled__2023-11-04T00:00:00+00:00 [running]> on host b410bfb4af5e
[2023-11-22T23:20:06.278+0000] {taskinstance.py:1662} INFO - Exporting env vars: AIRFLOW_CTX_DAG_OWNER='***' AIRFLOW_CTX_DAG_ID='outcomes_dag' AIRFLOW_CTX_TASK_ID='Extract' AIRFLOW_CTX_EXECUTION_DATE='2023-11-04T00:00:00+00:00' AIRFLOW_CTX_TRY_NUMBER='1' AIRFLOW_CTX_DAG_RUN_ID='scheduled__2023-11-04T00:00:00+00:00'
[2023-11-22T23:20:08.806+0000] {logging_mixin.py:154} INFO - Data Deposited into Cloud Storage
[2023-11-22T23:20:08.850+0000] {python.py:194} INFO - Done. Returned value was: None
[2023-11-22T23:20:08.960+0000] {taskinstance.py:1400} INFO - Marking task as SUCCESS. dag_id=outcomes_dag, task_id=Extract, execution_date=20231104T000000, start_date=20231122T232005, end_date=20231122T232008
[2023-11-22T23:20:09.093+0000] {local_task_job_runner.py:228} INFO - Task exited with return code 0
[2023-11-22T23:42:51.488+0000] {taskinstance.py:1159} INFO - Dependencies all met for dep_context=non-requeueable deps ti=<TaskInstance: outcomes_dag.Extract scheduled__2023-11-04T00:00:00+00:00 [queued]>
[2023-11-22T23:42:51.491+0000] {taskinstance.py:1159} INFO - Dependencies all met for dep_context=requeueable deps ti=<TaskInstance: outcomes_dag.Extract scheduled__2023-11-04T00:00:00+00:00 [queued]>
[2023-11-22T23:42:51.492+0000] {taskinstance.py:1361} INFO - Starting attempt 1 of 1
[2023-11-22T23:42:51.497+0000] {taskinstance.py:1382} INFO - Executing <Task(PythonOperator): Extract> on 2023-11-04 00:00:00+00:00
[2023-11-22T23:42:51.509+0000] {standard_task_runner.py:57} INFO - Started process 91 to run task
[2023-11-22T23:42:51.513+0000] {standard_task_runner.py:84} INFO - Running: ['***', 'tasks', 'run', 'outcomes_dag', 'Extract', 'scheduled__2023-11-04T00:00:00+00:00', '--job-id', '4', '--raw', '--subdir', 'DAGS_FOLDER/outcomes_dag.py', '--cfg-path', '/tmp/tmps581m12n']
[2023-11-22T23:42:51.516+0000] {standard_task_runner.py:85} INFO - Job 4: Subtask Extract
[2023-11-22T23:42:51.564+0000] {task_command.py:416} INFO - Running <TaskInstance: outcomes_dag.Extract scheduled__2023-11-04T00:00:00+00:00 [running]> on host 371cae71aa63
[2023-11-22T23:42:51.623+0000] {taskinstance.py:1662} INFO - Exporting env vars: AIRFLOW_CTX_DAG_OWNER='***' AIRFLOW_CTX_DAG_ID='outcomes_dag' AIRFLOW_CTX_TASK_ID='Extract' AIRFLOW_CTX_EXECUTION_DATE='2023-11-04T00:00:00+00:00' AIRFLOW_CTX_TRY_NUMBER='1' AIRFLOW_CTX_DAG_RUN_ID='scheduled__2023-11-04T00:00:00+00:00'
[2023-11-22T23:42:53.527+0000] {logging_mixin.py:154} INFO - Data Deposited into Cloud Storage
[2023-11-22T23:42:53.557+0000] {python.py:194} INFO - Done. Returned value was: None
[2023-11-22T23:42:53.627+0000] {taskinstance.py:1400} INFO - Marking task as SUCCESS. dag_id=outcomes_dag, task_id=Extract, execution_date=20231104T000000, start_date=20231122T234251, end_date=20231122T234253
[2023-11-22T23:42:53.724+0000] {local_task_job_runner.py:228} INFO - Task exited with return code 0
[2023-11-23T00:39:17.179+0000] {taskinstance.py:1159} INFO - Dependencies all met for dep_context=non-requeueable deps ti=<TaskInstance: outcomes_dag.Extract scheduled__2023-11-04T00:00:00+00:00 [queued]>
[2023-11-23T00:39:17.206+0000] {taskinstance.py:1159} INFO - Dependencies all met for dep_context=requeueable deps ti=<TaskInstance: outcomes_dag.Extract scheduled__2023-11-04T00:00:00+00:00 [queued]>
[2023-11-23T00:39:17.212+0000] {taskinstance.py:1361} INFO - Starting attempt 1 of 1
[2023-11-23T00:39:17.270+0000] {taskinstance.py:1382} INFO - Executing <Task(PythonOperator): Extract> on 2023-11-04 00:00:00+00:00
[2023-11-23T00:39:17.304+0000] {standard_task_runner.py:57} INFO - Started process 99 to run task
[2023-11-23T00:39:17.328+0000] {standard_task_runner.py:84} INFO - Running: ['***', 'tasks', 'run', 'outcomes_dag', 'Extract', 'scheduled__2023-11-04T00:00:00+00:00', '--job-id', '4', '--raw', '--subdir', 'DAGS_FOLDER/outcomes_dag.py', '--cfg-path', '/tmp/tmp5xaxcic2']
[2023-11-23T00:39:17.352+0000] {standard_task_runner.py:85} INFO - Job 4: Subtask Extract
[2023-11-23T00:39:17.534+0000] {task_command.py:416} INFO - Running <TaskInstance: outcomes_dag.Extract scheduled__2023-11-04T00:00:00+00:00 [running]> on host 75913536581a
[2023-11-23T00:39:17.770+0000] {taskinstance.py:1662} INFO - Exporting env vars: AIRFLOW_CTX_DAG_OWNER='***' AIRFLOW_CTX_DAG_ID='outcomes_dag' AIRFLOW_CTX_TASK_ID='Extract' AIRFLOW_CTX_EXECUTION_DATE='2023-11-04T00:00:00+00:00' AIRFLOW_CTX_TRY_NUMBER='1' AIRFLOW_CTX_DAG_RUN_ID='scheduled__2023-11-04T00:00:00+00:00'
[2023-11-23T00:39:20.405+0000] {logging_mixin.py:154} INFO - Data Deposited into Cloud Storage
[2023-11-23T00:39:20.418+0000] {python.py:194} INFO - Done. Returned value was: None
[2023-11-23T00:39:20.450+0000] {taskinstance.py:1400} INFO - Marking task as SUCCESS. dag_id=outcomes_dag, task_id=Extract, execution_date=20231104T000000, start_date=20231123T003917, end_date=20231123T003920
[2023-11-23T00:39:20.531+0000] {local_task_job_runner.py:228} INFO - Task exited with return code 0
[2023-11-23T01:49:22.514+0000] {taskinstance.py:1159} INFO - Dependencies all met for dep_context=non-requeueable deps ti=<TaskInstance: outcomes_dag.Extract scheduled__2023-11-04T00:00:00+00:00 [queued]>
[2023-11-23T01:49:22.532+0000] {taskinstance.py:1159} INFO - Dependencies all met for dep_context=requeueable deps ti=<TaskInstance: outcomes_dag.Extract scheduled__2023-11-04T00:00:00+00:00 [queued]>
[2023-11-23T01:49:22.533+0000] {taskinstance.py:1361} INFO - Starting attempt 1 of 1
[2023-11-23T01:49:22.575+0000] {taskinstance.py:1382} INFO - Executing <Task(PythonOperator): Extract> on 2023-11-04 00:00:00+00:00
[2023-11-23T01:49:22.590+0000] {standard_task_runner.py:57} INFO - Started process 93 to run task
[2023-11-23T01:49:22.638+0000] {standard_task_runner.py:84} INFO - Running: ['***', 'tasks', 'run', 'outcomes_dag', 'Extract', 'scheduled__2023-11-04T00:00:00+00:00', '--job-id', '6', '--raw', '--subdir', 'DAGS_FOLDER/outcomes_dag.py', '--cfg-path', '/tmp/tmptayqwgbz']
[2023-11-23T01:49:22.647+0000] {standard_task_runner.py:85} INFO - Job 6: Subtask Extract
[2023-11-23T01:49:23.001+0000] {task_command.py:416} INFO - Running <TaskInstance: outcomes_dag.Extract scheduled__2023-11-04T00:00:00+00:00 [running]> on host d15d3caa5b00
[2023-11-23T01:49:23.308+0000] {taskinstance.py:1662} INFO - Exporting env vars: AIRFLOW_CTX_DAG_OWNER='***' AIRFLOW_CTX_DAG_ID='outcomes_dag' AIRFLOW_CTX_TASK_ID='Extract' AIRFLOW_CTX_EXECUTION_DATE='2023-11-04T00:00:00+00:00' AIRFLOW_CTX_TRY_NUMBER='1' AIRFLOW_CTX_DAG_RUN_ID='scheduled__2023-11-04T00:00:00+00:00'
[2023-11-23T01:49:24.860+0000] {logging_mixin.py:154} INFO - Data Deposited into Cloud Storage
[2023-11-23T01:49:24.877+0000] {python.py:194} INFO - Done. Returned value was: None
[2023-11-23T01:49:25.002+0000] {taskinstance.py:1400} INFO - Marking task as SUCCESS. dag_id=outcomes_dag, task_id=Extract, execution_date=20231104T000000, start_date=20231123T014922, end_date=20231123T014925
[2023-11-23T01:49:25.148+0000] {local_task_job_runner.py:228} INFO - Task exited with return code 0
[2023-11-23T03:40:30.493+0000] {taskinstance.py:1159} INFO - Dependencies all met for dep_context=non-requeueable deps ti=<TaskInstance: outcomes_dag.Extract scheduled__2023-11-04T00:00:00+00:00 [queued]>
[2023-11-23T03:40:30.525+0000] {taskinstance.py:1159} INFO - Dependencies all met for dep_context=requeueable deps ti=<TaskInstance: outcomes_dag.Extract scheduled__2023-11-04T00:00:00+00:00 [queued]>
[2023-11-23T03:40:30.526+0000] {taskinstance.py:1361} INFO - Starting attempt 1 of 1
[2023-11-23T03:40:30.563+0000] {taskinstance.py:1382} INFO - Executing <Task(PythonOperator): Extract> on 2023-11-04 00:00:00+00:00
[2023-11-23T03:40:30.608+0000] {standard_task_runner.py:57} INFO - Started process 95 to run task
[2023-11-23T03:40:30.661+0000] {standard_task_runner.py:84} INFO - Running: ['***', 'tasks', 'run', 'outcomes_dag', 'Extract', 'scheduled__2023-11-04T00:00:00+00:00', '--job-id', '8', '--raw', '--subdir', 'DAGS_FOLDER/outcomes_dag.py', '--cfg-path', '/tmp/tmpe2qsp84v']
[2023-11-23T03:40:30.732+0000] {standard_task_runner.py:85} INFO - Job 8: Subtask Extract
[2023-11-23T03:40:31.344+0000] {task_command.py:416} INFO - Running <TaskInstance: outcomes_dag.Extract scheduled__2023-11-04T00:00:00+00:00 [running]> on host e647c96745b0
[2023-11-23T03:40:31.914+0000] {taskinstance.py:1662} INFO - Exporting env vars: AIRFLOW_CTX_DAG_OWNER='***' AIRFLOW_CTX_DAG_ID='outcomes_dag' AIRFLOW_CTX_TASK_ID='Extract' AIRFLOW_CTX_EXECUTION_DATE='2023-11-04T00:00:00+00:00' AIRFLOW_CTX_TRY_NUMBER='1' AIRFLOW_CTX_DAG_RUN_ID='scheduled__2023-11-04T00:00:00+00:00'
[2023-11-23T03:40:33.299+0000] {logging_mixin.py:154} INFO - Data Deposited into Cloud Storage
[2023-11-23T03:40:33.319+0000] {python.py:194} INFO - Done. Returned value was: None
[2023-11-23T03:40:33.427+0000] {taskinstance.py:1400} INFO - Marking task as SUCCESS. dag_id=outcomes_dag, task_id=Extract, execution_date=20231104T000000, start_date=20231123T034030, end_date=20231123T034033
[2023-11-23T03:40:33.748+0000] {local_task_job_runner.py:228} INFO - Task exited with return code 0
