[2023-11-21T01:20:12.619+0000] {taskinstance.py:1159} INFO - Dependencies all met for dep_context=non-requeueable deps ti=<TaskInstance: outcomes_dag.load scheduled__2023-11-03T00:00:00+00:00 [queued]>
[2023-11-21T01:20:12.783+0000] {taskinstance.py:1159} INFO - Dependencies all met for dep_context=requeueable deps ti=<TaskInstance: outcomes_dag.load scheduled__2023-11-03T00:00:00+00:00 [queued]>
[2023-11-21T01:20:12.793+0000] {taskinstance.py:1361} INFO - Starting attempt 1 of 1
[2023-11-21T01:20:12.932+0000] {taskinstance.py:1382} INFO - Executing <Task(PythonOperator): load> on 2023-11-03 00:00:00+00:00
[2023-11-21T01:20:13.034+0000] {standard_task_runner.py:57} INFO - Started process 97 to run task
[2023-11-21T01:20:13.196+0000] {standard_task_runner.py:84} INFO - Running: ['***', 'tasks', 'run', 'outcomes_dag', 'load', 'scheduled__2023-11-03T00:00:00+00:00', '--job-id', '10', '--raw', '--subdir', 'DAGS_FOLDER/outcomes_dag.py', '--cfg-path', '/tmp/tmpa9dv8xvn']
[2023-11-21T01:20:13.384+0000] {standard_task_runner.py:85} INFO - Job 10: Subtask load
[2023-11-21T01:20:14.218+0000] {task_command.py:416} INFO - Running <TaskInstance: outcomes_dag.load scheduled__2023-11-03T00:00:00+00:00 [running]> on host f31a30014ab0
[2023-11-21T01:20:27.610+0000] {taskinstance.py:1662} INFO - Exporting env vars: AIRFLOW_CTX_DAG_OWNER='***' AIRFLOW_CTX_DAG_ID='outcomes_dag' AIRFLOW_CTX_TASK_ID='load' AIRFLOW_CTX_EXECUTION_DATE='2023-11-03T00:00:00+00:00' AIRFLOW_CTX_TRY_NUMBER='1' AIRFLOW_CTX_DAG_RUN_ID='scheduled__2023-11-03T00:00:00+00:00'
[2023-11-21T01:20:28.018+0000] {taskinstance.py:1937} ERROR - Task failed with exception
Traceback (most recent call last):
  File "/home/airflow/.local/lib/python3.8/site-packages/airflow/operators/python.py", line 192, in execute
    return_value = self.execute_callable()
  File "/home/airflow/.local/lib/python3.8/site-packages/airflow/operators/python.py", line 209, in execute_callable
    return self.python_callable(*self.op_args, **self.op_kwargs)
  File "/opt/airflow/dags/ETL/load.py", line 11, in load_data
    data_to_staging(filename, engine)
  File "/opt/airflow/dags/ETL/load.py", line 19, in data_to_staging
    data = pd.read_parquet(filename)
  File "/home/airflow/.local/lib/python3.8/site-packages/pandas/io/parquet.py", line 509, in read_parquet
    return impl.read(
  File "/home/airflow/.local/lib/python3.8/site-packages/pandas/io/parquet.py", line 220, in read
    path_or_handle, handles, kwargs["filesystem"] = _get_path_or_handle(
  File "/home/airflow/.local/lib/python3.8/site-packages/pandas/io/parquet.py", line 110, in _get_path_or_handle
    handles = get_handle(
  File "/home/airflow/.local/lib/python3.8/site-packages/pandas/io/common.py", line 868, in get_handle
    handle = open(handle, ioargs.mode)
FileNotFoundError: [Errno 2] No such file or directory: '/opt/airflow/data/2023-11-03/processed/transformed_shelter_data.parquet'
[2023-11-21T01:20:28.080+0000] {taskinstance.py:1400} INFO - Marking task as FAILED. dag_id=outcomes_dag, task_id=load, execution_date=20231103T000000, start_date=20231121T012012, end_date=20231121T012028
[2023-11-21T01:20:28.400+0000] {standard_task_runner.py:104} ERROR - Failed to execute job 10 for task load ([Errno 2] No such file or directory: '/opt/airflow/data/2023-11-03/processed/transformed_shelter_data.parquet'; 97)
[2023-11-21T01:20:28.685+0000] {local_task_job_runner.py:228} INFO - Task exited with return code 1
[2023-11-21T01:20:29.031+0000] {taskinstance.py:2778} INFO - 0 downstream tasks scheduled from follow-on schedule check
[2023-11-21T02:36:04.321+0000] {taskinstance.py:1159} INFO - Dependencies all met for dep_context=non-requeueable deps ti=<TaskInstance: outcomes_dag.load scheduled__2023-11-03T00:00:00+00:00 [queued]>
[2023-11-21T02:36:04.341+0000] {taskinstance.py:1159} INFO - Dependencies all met for dep_context=requeueable deps ti=<TaskInstance: outcomes_dag.load scheduled__2023-11-03T00:00:00+00:00 [queued]>
[2023-11-21T02:36:04.341+0000] {taskinstance.py:1361} INFO - Starting attempt 1 of 1
[2023-11-21T02:36:04.392+0000] {taskinstance.py:1382} INFO - Executing <Task(PythonOperator): load> on 2023-11-03 00:00:00+00:00
[2023-11-21T02:36:04.412+0000] {standard_task_runner.py:57} INFO - Started process 90 to run task
[2023-11-21T02:36:04.467+0000] {standard_task_runner.py:84} INFO - Running: ['***', 'tasks', 'run', 'outcomes_dag', 'load', 'scheduled__2023-11-03T00:00:00+00:00', '--job-id', '8', '--raw', '--subdir', 'DAGS_FOLDER/outcomes_dag.py', '--cfg-path', '/tmp/tmpsi78nl6u']
[2023-11-21T02:36:04.509+0000] {standard_task_runner.py:85} INFO - Job 8: Subtask load
[2023-11-21T02:36:04.764+0000] {task_command.py:416} INFO - Running <TaskInstance: outcomes_dag.load scheduled__2023-11-03T00:00:00+00:00 [running]> on host b875fa978b1e
[2023-11-21T02:36:10.533+0000] {taskinstance.py:1662} INFO - Exporting env vars: AIRFLOW_CTX_DAG_OWNER='***' AIRFLOW_CTX_DAG_ID='outcomes_dag' AIRFLOW_CTX_TASK_ID='load' AIRFLOW_CTX_EXECUTION_DATE='2023-11-03T00:00:00+00:00' AIRFLOW_CTX_TRY_NUMBER='1' AIRFLOW_CTX_DAG_RUN_ID='scheduled__2023-11-03T00:00:00+00:00'
[2023-11-21T02:36:10.791+0000] {taskinstance.py:1937} ERROR - Task failed with exception
Traceback (most recent call last):
  File "/home/airflow/.local/lib/python3.8/site-packages/airflow/operators/python.py", line 192, in execute
    return_value = self.execute_callable()
  File "/home/airflow/.local/lib/python3.8/site-packages/airflow/operators/python.py", line 209, in execute_callable
    return self.python_callable(*self.op_args, **self.op_kwargs)
  File "/opt/airflow/dags/ETL/load.py", line 11, in load_data
    data_to_staging(filename, engine)
  File "/opt/airflow/dags/ETL/load.py", line 19, in data_to_staging
    data = pd.read_parquet(filename)
  File "/home/airflow/.local/lib/python3.8/site-packages/pandas/io/parquet.py", line 509, in read_parquet
    return impl.read(
  File "/home/airflow/.local/lib/python3.8/site-packages/pandas/io/parquet.py", line 220, in read
    path_or_handle, handles, kwargs["filesystem"] = _get_path_or_handle(
  File "/home/airflow/.local/lib/python3.8/site-packages/pandas/io/parquet.py", line 110, in _get_path_or_handle
    handles = get_handle(
  File "/home/airflow/.local/lib/python3.8/site-packages/pandas/io/common.py", line 868, in get_handle
    handle = open(handle, ioargs.mode)
FileNotFoundError: [Errno 2] No such file or directory: '/opt/airflow/data/2023-11-03/processed/transformed_shelter_data.parquet'
[2023-11-21T02:36:10.850+0000] {taskinstance.py:1400} INFO - Marking task as FAILED. dag_id=outcomes_dag, task_id=load, execution_date=20231103T000000, start_date=20231121T023604, end_date=20231121T023610
[2023-11-21T02:36:10.889+0000] {standard_task_runner.py:104} ERROR - Failed to execute job 8 for task load ([Errno 2] No such file or directory: '/opt/airflow/data/2023-11-03/processed/transformed_shelter_data.parquet'; 90)
[2023-11-21T02:36:11.050+0000] {local_task_job_runner.py:228} INFO - Task exited with return code 1
[2023-11-21T02:36:11.433+0000] {taskinstance.py:2778} INFO - 0 downstream tasks scheduled from follow-on schedule check
[2023-11-22T08:01:17.606+0000] {taskinstance.py:1159} INFO - Dependencies all met for dep_context=non-requeueable deps ti=<TaskInstance: outcomes_dag.Load scheduled__2023-11-03T00:00:00+00:00 [queued]>
[2023-11-22T08:01:17.610+0000] {taskinstance.py:1159} INFO - Dependencies all met for dep_context=requeueable deps ti=<TaskInstance: outcomes_dag.Load scheduled__2023-11-03T00:00:00+00:00 [queued]>
[2023-11-22T08:01:17.610+0000] {taskinstance.py:1361} INFO - Starting attempt 1 of 4
[2023-11-22T08:01:17.616+0000] {taskinstance.py:1382} INFO - Executing <Task(PythonOperator): Load> on 2023-11-03 00:00:00+00:00
[2023-11-22T08:01:17.622+0000] {standard_task_runner.py:57} INFO - Started process 598 to run task
[2023-11-22T08:01:17.625+0000] {standard_task_runner.py:84} INFO - Running: ['***', 'tasks', 'run', 'outcomes_dag', 'Load', 'scheduled__2023-11-03T00:00:00+00:00', '--job-id', '86', '--raw', '--subdir', 'DAGS_FOLDER/outcomes_dag.py', '--cfg-path', '/tmp/tmpfsd7m2zl']
[2023-11-22T08:01:17.629+0000] {standard_task_runner.py:85} INFO - Job 86: Subtask Load
[2023-11-22T08:01:17.661+0000] {task_command.py:416} INFO - Running <TaskInstance: outcomes_dag.Load scheduled__2023-11-03T00:00:00+00:00 [running]> on host 6318e996d951
[2023-11-22T08:01:17.705+0000] {taskinstance.py:1662} INFO - Exporting env vars: AIRFLOW_CTX_DAG_OWNER='***' AIRFLOW_CTX_DAG_ID='outcomes_dag' AIRFLOW_CTX_TASK_ID='Load' AIRFLOW_CTX_EXECUTION_DATE='2023-11-03T00:00:00+00:00' AIRFLOW_CTX_TRY_NUMBER='1' AIRFLOW_CTX_DAG_RUN_ID='scheduled__2023-11-03T00:00:00+00:00'
[2023-11-22T08:01:17.706+0000] {logging_mixin.py:154} INFO - Getting data from Cloud Storage
[2023-11-22T08:01:18.707+0000] {logging_mixin.py:154} INFO - Data is in Staging Table...
[2023-11-22T08:01:18.708+0000] {python.py:194} INFO - Done. Returned value was: None
[2023-11-22T08:01:18.724+0000] {taskinstance.py:1400} INFO - Marking task as SUCCESS. dag_id=outcomes_dag, task_id=Load, execution_date=20231103T000000, start_date=20231122T080117, end_date=20231122T080118
[2023-11-22T08:01:18.773+0000] {local_task_job_runner.py:228} INFO - Task exited with return code 0
[2023-11-23T01:49:40.360+0000] {taskinstance.py:1159} INFO - Dependencies all met for dep_context=non-requeueable deps ti=<TaskInstance: outcomes_dag.Load scheduled__2023-11-03T00:00:00+00:00 [queued]>
[2023-11-23T01:49:40.387+0000] {taskinstance.py:1159} INFO - Dependencies all met for dep_context=requeueable deps ti=<TaskInstance: outcomes_dag.Load scheduled__2023-11-03T00:00:00+00:00 [queued]>
[2023-11-23T01:49:40.397+0000] {taskinstance.py:1361} INFO - Starting attempt 1 of 4
[2023-11-23T01:49:40.452+0000] {taskinstance.py:1382} INFO - Executing <Task(PythonOperator): Load> on 2023-11-03 00:00:00+00:00
[2023-11-23T01:49:40.490+0000] {standard_task_runner.py:57} INFO - Started process 197 to run task
[2023-11-23T01:49:40.538+0000] {standard_task_runner.py:84} INFO - Running: ['***', 'tasks', 'run', 'outcomes_dag', 'Load', 'scheduled__2023-11-03T00:00:00+00:00', '--job-id', '39', '--raw', '--subdir', 'DAGS_FOLDER/outcomes_dag.py', '--cfg-path', '/tmp/tmpc2rssjoy']
[2023-11-23T01:49:40.580+0000] {standard_task_runner.py:85} INFO - Job 39: Subtask Load
[2023-11-23T01:49:40.871+0000] {task_command.py:416} INFO - Running <TaskInstance: outcomes_dag.Load scheduled__2023-11-03T00:00:00+00:00 [running]> on host d15d3caa5b00
[2023-11-23T01:49:41.251+0000] {taskinstance.py:1662} INFO - Exporting env vars: AIRFLOW_CTX_DAG_OWNER='***' AIRFLOW_CTX_DAG_ID='outcomes_dag' AIRFLOW_CTX_TASK_ID='Load' AIRFLOW_CTX_EXECUTION_DATE='2023-11-03T00:00:00+00:00' AIRFLOW_CTX_TRY_NUMBER='1' AIRFLOW_CTX_DAG_RUN_ID='scheduled__2023-11-03T00:00:00+00:00'
[2023-11-23T01:49:41.261+0000] {logging_mixin.py:154} INFO - Getting data from Cloud Storage
[2023-11-23T01:49:42.771+0000] {logging_mixin.py:154} INFO - Data is in Staging Table...
[2023-11-23T01:49:42.788+0000] {python.py:194} INFO - Done. Returned value was: None
[2023-11-23T01:49:42.877+0000] {taskinstance.py:1400} INFO - Marking task as SUCCESS. dag_id=outcomes_dag, task_id=Load, execution_date=20231103T000000, start_date=20231123T014940, end_date=20231123T014942
[2023-11-23T01:49:43.009+0000] {local_task_job_runner.py:228} INFO - Task exited with return code 0
[2023-11-23T03:40:50.913+0000] {taskinstance.py:1159} INFO - Dependencies all met for dep_context=non-requeueable deps ti=<TaskInstance: outcomes_dag.Load scheduled__2023-11-03T00:00:00+00:00 [queued]>
[2023-11-23T03:40:51.007+0000] {taskinstance.py:1159} INFO - Dependencies all met for dep_context=requeueable deps ti=<TaskInstance: outcomes_dag.Load scheduled__2023-11-03T00:00:00+00:00 [queued]>
[2023-11-23T03:40:51.023+0000] {taskinstance.py:1361} INFO - Starting attempt 1 of 4
[2023-11-23T03:40:51.138+0000] {taskinstance.py:1382} INFO - Executing <Task(PythonOperator): Load> on 2023-11-03 00:00:00+00:00
[2023-11-23T03:40:51.322+0000] {standard_task_runner.py:57} INFO - Started process 193 to run task
[2023-11-23T03:40:51.344+0000] {standard_task_runner.py:84} INFO - Running: ['***', 'tasks', 'run', 'outcomes_dag', 'Load', 'scheduled__2023-11-03T00:00:00+00:00', '--job-id', '41', '--raw', '--subdir', 'DAGS_FOLDER/outcomes_dag.py', '--cfg-path', '/tmp/tmpmc0jy0uw']
[2023-11-23T03:40:51.380+0000] {standard_task_runner.py:85} INFO - Job 41: Subtask Load
[2023-11-23T03:40:51.537+0000] {task_command.py:416} INFO - Running <TaskInstance: outcomes_dag.Load scheduled__2023-11-03T00:00:00+00:00 [running]> on host e647c96745b0
[2023-11-23T03:40:51.788+0000] {taskinstance.py:1662} INFO - Exporting env vars: AIRFLOW_CTX_DAG_OWNER='***' AIRFLOW_CTX_DAG_ID='outcomes_dag' AIRFLOW_CTX_TASK_ID='Load' AIRFLOW_CTX_EXECUTION_DATE='2023-11-03T00:00:00+00:00' AIRFLOW_CTX_TRY_NUMBER='1' AIRFLOW_CTX_DAG_RUN_ID='scheduled__2023-11-03T00:00:00+00:00'
[2023-11-23T03:40:51.792+0000] {logging_mixin.py:154} INFO - Getting data from Cloud Storage
[2023-11-23T03:40:53.115+0000] {logging_mixin.py:154} INFO - Data is in Staging Area...
[2023-11-23T03:40:53.118+0000] {python.py:194} INFO - Done. Returned value was: None
[2023-11-23T03:40:53.150+0000] {taskinstance.py:1400} INFO - Marking task as SUCCESS. dag_id=outcomes_dag, task_id=Load, execution_date=20231103T000000, start_date=20231123T034050, end_date=20231123T034053
[2023-11-23T03:40:53.274+0000] {local_task_job_runner.py:228} INFO - Task exited with return code 0
