[2023-11-22T05:47:52.207+0000] {taskinstance.py:1159} INFO - Dependencies all met for dep_context=non-requeueable deps ti=<TaskInstance: outcomes_dag.Insert scheduled__2023-11-18T00:00:00+00:00 [queued]>
[2023-11-22T05:47:52.218+0000] {taskinstance.py:1159} INFO - Dependencies all met for dep_context=requeueable deps ti=<TaskInstance: outcomes_dag.Insert scheduled__2023-11-18T00:00:00+00:00 [queued]>
[2023-11-22T05:47:52.219+0000] {taskinstance.py:1361} INFO - Starting attempt 1 of 1
[2023-11-22T05:47:52.239+0000] {taskinstance.py:1382} INFO - Executing <Task(PostgresOperator): Insert> on 2023-11-18 00:00:00+00:00
[2023-11-22T05:47:52.271+0000] {standard_task_runner.py:57} INFO - Started process 199 to run task
[2023-11-22T05:47:52.281+0000] {standard_task_runner.py:84} INFO - Running: ['***', 'tasks', 'run', 'outcomes_dag', 'Insert', 'scheduled__2023-11-18T00:00:00+00:00', '--job-id', '25', '--raw', '--subdir', 'DAGS_FOLDER/outcomes_dag.py', '--cfg-path', '/tmp/tmpl6410wz1']
[2023-11-22T05:47:52.303+0000] {standard_task_runner.py:85} INFO - Job 25: Subtask Insert
[2023-11-22T05:47:52.442+0000] {task_command.py:416} INFO - Running <TaskInstance: outcomes_dag.Insert scheduled__2023-11-18T00:00:00+00:00 [running]> on host 6e2e77b078ed
[2023-11-22T05:47:52.583+0000] {taskinstance.py:1662} INFO - Exporting env vars: AIRFLOW_CTX_DAG_OWNER='***' AIRFLOW_CTX_DAG_ID='outcomes_dag' AIRFLOW_CTX_TASK_ID='Insert' AIRFLOW_CTX_EXECUTION_DATE='2023-11-18T00:00:00+00:00' AIRFLOW_CTX_TRY_NUMBER='1' AIRFLOW_CTX_DAG_RUN_ID='scheduled__2023-11-18T00:00:00+00:00'
[2023-11-22T05:47:52.587+0000] {sql.py:274} INFO - Executing: --- INSERT DATA INTO DIMENSION TABLES

--- Animal Dimension
INSERT INTO animal_dim ("Animal ID", "Name", "Animal Type", "Breed", "Color", "Sex", "DOB")
SELECT DISTINCT "Animal ID", "Name", "Animal Type", "Breed", "Color", "Sex", "DOB"
FROM outcomes_staging
WHERE "Animal ID" IS NOT NULL;

--- Outcomes Dimension
INSERT INTO outcome_type_dim ("Outcome Type")
SELECT DISTINCT "Outcome"
FROM outcomes_staging
WHERE "Outcome" IS NOT NULL;

--- Reproductive Status Dimension
INSERT INTO reproductive_status_dim ("Reproductive Status")
SELECT DISTINCT "Reproductive Status"
FROM outcomes_staging
WHERE "Reproductive Status" IS NOT NULL;

--- Date Dimension
INSERT INTO date_dim ("Date ID", "Day", "Month", "Year")
SELECT DISTINCT "Date ID", "Day", "Month", "Year"
FROM outcomes_staging
WHERE "Date ID" IS NOT NULL;




--- INSERT DATA INTO FACT TABLE
INSERT INTO outcomes_fct ("Date", "Animal", "Outcome", "Repo Status")
SELECT 
    dd."Date ID",
    ad."Animal ID",
    otd."Outcome ID",
    rsd."Status ID"
FROM outcomes_staging os
JOIN date_dim dd ON os."Date ID" = dd."Date ID"
JOIN animal_dim ad ON os."Animal ID" = ad."Animal ID"
JOIN outcome_type_dim otd ON os."Outcome" = otd."Outcome Type"
JOIN reproductive_status_dim rsd ON os."Reproductive Status" = rsd."Reproductive Status";

[2023-11-22T05:47:52.603+0000] {taskinstance.py:1937} ERROR - Task failed with exception
Traceback (most recent call last):
  File "/home/airflow/.local/lib/python3.8/site-packages/airflow/providers/common/sql/operators/sql.py", line 275, in execute
    hook = self.get_db_hook()
  File "/home/airflow/.local/lib/python3.8/site-packages/airflow/providers/common/sql/operators/sql.py", line 186, in get_db_hook
    return self._hook
  File "/usr/local/lib/python3.8/functools.py", line 967, in __get__
    val = self.func(instance)
  File "/home/airflow/.local/lib/python3.8/site-packages/airflow/providers/common/sql/operators/sql.py", line 148, in _hook
    conn = BaseHook.get_connection(conn_id)
  File "/home/airflow/.local/lib/python3.8/site-packages/airflow/hooks/base.py", line 72, in get_connection
    conn = Connection.get_connection_from_secrets(conn_id)
  File "/home/airflow/.local/lib/python3.8/site-packages/airflow/models/connection.py", line 477, in get_connection_from_secrets
    raise AirflowNotFoundException(f"The conn_id `{conn_id}` isn't defined")
airflow.exceptions.AirflowNotFoundException: The conn_id `lab3_postgres_connection` isn't defined
[2023-11-22T05:47:52.606+0000] {taskinstance.py:1400} INFO - Marking task as FAILED. dag_id=outcomes_dag, task_id=Insert, execution_date=20231118T000000, start_date=20231122T054752, end_date=20231122T054752
[2023-11-22T05:47:52.621+0000] {standard_task_runner.py:104} ERROR - Failed to execute job 25 for task Insert (The conn_id `lab3_postgres_connection` isn't defined; 199)
[2023-11-22T05:47:52.656+0000] {local_task_job_runner.py:228} INFO - Task exited with return code 1
[2023-11-22T05:47:52.671+0000] {taskinstance.py:2778} INFO - 0 downstream tasks scheduled from follow-on schedule check
[2023-11-22T06:09:47.528+0000] {taskinstance.py:1159} INFO - Dependencies all met for dep_context=non-requeueable deps ti=<TaskInstance: outcomes_dag.Insert scheduled__2023-11-18T00:00:00+00:00 [queued]>
[2023-11-22T06:09:47.545+0000] {taskinstance.py:1159} INFO - Dependencies all met for dep_context=requeueable deps ti=<TaskInstance: outcomes_dag.Insert scheduled__2023-11-18T00:00:00+00:00 [queued]>
[2023-11-22T06:09:47.553+0000] {taskinstance.py:1361} INFO - Starting attempt 1 of 1
[2023-11-22T06:09:47.579+0000] {taskinstance.py:1382} INFO - Executing <Task(PythonOperator): Insert> on 2023-11-18 00:00:00+00:00
[2023-11-22T06:09:47.672+0000] {standard_task_runner.py:57} INFO - Started process 140 to run task
[2023-11-22T06:09:47.722+0000] {standard_task_runner.py:84} INFO - Running: ['***', 'tasks', 'run', 'outcomes_dag', 'Insert', 'scheduled__2023-11-18T00:00:00+00:00', '--job-id', '28', '--raw', '--subdir', 'DAGS_FOLDER/outcomes_dag.py', '--cfg-path', '/tmp/tmp2cpoapmy']
[2023-11-22T06:09:47.733+0000] {standard_task_runner.py:85} INFO - Job 28: Subtask Insert
[2023-11-22T06:09:47.854+0000] {task_command.py:416} INFO - Running <TaskInstance: outcomes_dag.Insert scheduled__2023-11-18T00:00:00+00:00 [running]> on host ded66acd9c7f
[2023-11-22T06:09:47.967+0000] {taskinstance.py:1662} INFO - Exporting env vars: AIRFLOW_CTX_DAG_OWNER='***' AIRFLOW_CTX_DAG_ID='outcomes_dag' AIRFLOW_CTX_TASK_ID='Insert' AIRFLOW_CTX_EXECUTION_DATE='2023-11-18T00:00:00+00:00' AIRFLOW_CTX_TRY_NUMBER='1' AIRFLOW_CTX_DAG_RUN_ID='scheduled__2023-11-18T00:00:00+00:00'
[2023-11-22T06:09:48.009+0000] {python.py:194} INFO - Done. Returned value was: None
[2023-11-22T06:09:48.027+0000] {taskinstance.py:1400} INFO - Marking task as SUCCESS. dag_id=outcomes_dag, task_id=Insert, execution_date=20231118T000000, start_date=20231122T060947, end_date=20231122T060948
[2023-11-22T06:09:48.075+0000] {local_task_job_runner.py:228} INFO - Task exited with return code 0
[2023-11-22T06:09:48.093+0000] {taskinstance.py:2778} INFO - 0 downstream tasks scheduled from follow-on schedule check
[2023-11-22T06:19:08.266+0000] {taskinstance.py:1159} INFO - Dependencies all met for dep_context=non-requeueable deps ti=<TaskInstance: outcomes_dag.Insert scheduled__2023-11-18T00:00:00+00:00 [queued]>
[2023-11-22T06:19:08.274+0000] {taskinstance.py:1159} INFO - Dependencies all met for dep_context=requeueable deps ti=<TaskInstance: outcomes_dag.Insert scheduled__2023-11-18T00:00:00+00:00 [queued]>
[2023-11-22T06:19:08.274+0000] {taskinstance.py:1361} INFO - Starting attempt 1 of 1
[2023-11-22T06:19:08.286+0000] {taskinstance.py:1382} INFO - Executing <Task(PythonOperator): Insert> on 2023-11-18 00:00:00+00:00
[2023-11-22T06:19:08.298+0000] {standard_task_runner.py:57} INFO - Started process 151 to run task
[2023-11-22T06:19:08.306+0000] {standard_task_runner.py:84} INFO - Running: ['***', 'tasks', 'run', 'outcomes_dag', 'Insert', 'scheduled__2023-11-18T00:00:00+00:00', '--job-id', '32', '--raw', '--subdir', 'DAGS_FOLDER/outcomes_dag.py', '--cfg-path', '/tmp/tmpto_2qn6t']
[2023-11-22T06:19:08.315+0000] {standard_task_runner.py:85} INFO - Job 32: Subtask Insert
[2023-11-22T06:19:08.422+0000] {task_command.py:416} INFO - Running <TaskInstance: outcomes_dag.Insert scheduled__2023-11-18T00:00:00+00:00 [running]> on host 836b7d8b8a64
[2023-11-22T06:19:08.518+0000] {taskinstance.py:1662} INFO - Exporting env vars: AIRFLOW_CTX_DAG_OWNER='***' AIRFLOW_CTX_DAG_ID='outcomes_dag' AIRFLOW_CTX_TASK_ID='Insert' AIRFLOW_CTX_EXECUTION_DATE='2023-11-18T00:00:00+00:00' AIRFLOW_CTX_TRY_NUMBER='1' AIRFLOW_CTX_DAG_RUN_ID='scheduled__2023-11-18T00:00:00+00:00'
[2023-11-22T06:19:08.544+0000] {python.py:194} INFO - Done. Returned value was: None
[2023-11-22T06:19:08.557+0000] {taskinstance.py:1400} INFO - Marking task as SUCCESS. dag_id=outcomes_dag, task_id=Insert, execution_date=20231118T000000, start_date=20231122T061908, end_date=20231122T061908
[2023-11-22T06:19:08.603+0000] {local_task_job_runner.py:228} INFO - Task exited with return code 0
[2023-11-22T06:19:08.623+0000] {taskinstance.py:2778} INFO - 0 downstream tasks scheduled from follow-on schedule check
[2023-11-22T07:15:10.717+0000] {taskinstance.py:1159} INFO - Dependencies all met for dep_context=non-requeueable deps ti=<TaskInstance: outcomes_dag.Insert scheduled__2023-11-18T00:00:00+00:00 [queued]>
[2023-11-22T07:15:10.742+0000] {taskinstance.py:1159} INFO - Dependencies all met for dep_context=requeueable deps ti=<TaskInstance: outcomes_dag.Insert scheduled__2023-11-18T00:00:00+00:00 [queued]>
[2023-11-22T07:15:10.742+0000] {taskinstance.py:1361} INFO - Starting attempt 1 of 1
[2023-11-22T07:15:10.769+0000] {taskinstance.py:1382} INFO - Executing <Task(PythonOperator): Insert> on 2023-11-18 00:00:00+00:00
[2023-11-22T07:15:10.783+0000] {standard_task_runner.py:57} INFO - Started process 146 to run task
[2023-11-22T07:15:10.799+0000] {standard_task_runner.py:84} INFO - Running: ['***', 'tasks', 'run', 'outcomes_dag', 'Insert', 'scheduled__2023-11-18T00:00:00+00:00', '--job-id', '28', '--raw', '--subdir', 'DAGS_FOLDER/outcomes_dag.py', '--cfg-path', '/tmp/tmpn9v1f4mw']
[2023-11-22T07:15:10.811+0000] {standard_task_runner.py:85} INFO - Job 28: Subtask Insert
[2023-11-22T07:15:10.939+0000] {task_command.py:416} INFO - Running <TaskInstance: outcomes_dag.Insert scheduled__2023-11-18T00:00:00+00:00 [running]> on host 011245d9ad62
[2023-11-22T07:15:11.074+0000] {taskinstance.py:1662} INFO - Exporting env vars: AIRFLOW_CTX_DAG_OWNER='***' AIRFLOW_CTX_DAG_ID='outcomes_dag' AIRFLOW_CTX_TASK_ID='Insert' AIRFLOW_CTX_EXECUTION_DATE='2023-11-18T00:00:00+00:00' AIRFLOW_CTX_TRY_NUMBER='1' AIRFLOW_CTX_DAG_RUN_ID='scheduled__2023-11-18T00:00:00+00:00'
[2023-11-22T07:15:11.134+0000] {python.py:194} INFO - Done. Returned value was: None
[2023-11-22T07:15:11.166+0000] {taskinstance.py:1400} INFO - Marking task as SUCCESS. dag_id=outcomes_dag, task_id=Insert, execution_date=20231118T000000, start_date=20231122T071510, end_date=20231122T071511
[2023-11-22T07:15:11.232+0000] {local_task_job_runner.py:228} INFO - Task exited with return code 0
[2023-11-22T07:15:11.254+0000] {taskinstance.py:2778} INFO - 0 downstream tasks scheduled from follow-on schedule check
[2023-11-22T07:54:45.599+0000] {taskinstance.py:1159} INFO - Dependencies all met for dep_context=non-requeueable deps ti=<TaskInstance: outcomes_dag.Insert scheduled__2023-11-18T00:00:00+00:00 [queued]>
[2023-11-22T07:54:45.607+0000] {taskinstance.py:1159} INFO - Dependencies all met for dep_context=requeueable deps ti=<TaskInstance: outcomes_dag.Insert scheduled__2023-11-18T00:00:00+00:00 [queued]>
[2023-11-22T07:54:45.607+0000] {taskinstance.py:1361} INFO - Starting attempt 1 of 1
[2023-11-22T07:54:45.615+0000] {taskinstance.py:1382} INFO - Executing <Task(PythonOperator): Insert> on 2023-11-18 00:00:00+00:00
[2023-11-22T07:54:45.621+0000] {standard_task_runner.py:57} INFO - Started process 488 to run task
[2023-11-22T07:54:45.625+0000] {standard_task_runner.py:84} INFO - Running: ['***', 'tasks', 'run', 'outcomes_dag', 'Insert', 'scheduled__2023-11-18T00:00:00+00:00', '--job-id', '84', '--raw', '--subdir', 'DAGS_FOLDER/outcomes_dag.py', '--cfg-path', '/tmp/tmp53o6djjp']
[2023-11-22T07:54:45.628+0000] {standard_task_runner.py:85} INFO - Job 84: Subtask Insert
[2023-11-22T07:54:45.673+0000] {task_command.py:416} INFO - Running <TaskInstance: outcomes_dag.Insert scheduled__2023-11-18T00:00:00+00:00 [running]> on host 6318e996d951
[2023-11-22T07:54:45.744+0000] {taskinstance.py:1662} INFO - Exporting env vars: AIRFLOW_CTX_DAG_OWNER='***' AIRFLOW_CTX_DAG_ID='outcomes_dag' AIRFLOW_CTX_TASK_ID='Insert' AIRFLOW_CTX_EXECUTION_DATE='2023-11-18T00:00:00+00:00' AIRFLOW_CTX_TRY_NUMBER='1' AIRFLOW_CTX_DAG_RUN_ID='scheduled__2023-11-18T00:00:00+00:00'
[2023-11-22T07:54:45.763+0000] {logging_mixin.py:154} INFO - Error executing SQL script: (psycopg2.errors.UniqueViolation) duplicate key value violates unique constraint "animal_dim_pkey"
DETAIL:  Key ("Animal ID")=(A891289) already exists.

[SQL: --- INSERT DATA INTO DIMENSION TABLES

--- Animal Dimension
INSERT INTO animal_dim ("Animal ID", "Name", "Animal Type", "Breed", "Color", "Sex", "DOB")
SELECT DISTINCT "Animal ID", "Name", "Animal Type", "Breed", "Color", "Sex", "DOB"
FROM outcomes_staging
WHERE "Animal ID" IS NOT NULL;

--- Outcomes Dimension
INSERT INTO outcome_type_dim ("Outcome Type")
SELECT DISTINCT "Outcome"
FROM outcomes_staging
WHERE "Outcome" IS NOT NULL;

--- Reproductive Status Dimension
INSERT INTO reproductive_status_dim ("Reproductive Status")
SELECT DISTINCT "Reproductive Status"
FROM outcomes_staging
WHERE "Reproductive Status" IS NOT NULL;

--- Date Dimension
INSERT INTO date_dim ("Date ID", "Day", "Month", "Year")
SELECT DISTINCT "Date ID", "Day", "Month", "Year"
FROM outcomes_staging
WHERE "Date ID" IS NOT NULL;




--- INSERT DATA INTO FACT TABLE
INSERT INTO outcomes_fct ("Date", "Animal", "Outcome", "Repo Status")
SELECT 
    dd."Date ID",
    ad."Animal ID",
    otd."Outcome ID",
    rsd."Status ID"
FROM outcomes_staging os
JOIN date_dim dd ON os."Date ID" = dd."Date ID"
JOIN animal_dim ad ON os."Animal ID" = ad."Animal ID"
JOIN outcome_type_dim otd ON os."Outcome" = otd."Outcome Type"
JOIN reproductive_status_dim rsd ON os."Reproductive Status" = rsd."Reproductive Status";

]
(Background on this error at: https://sqlalche.me/e/14/gkpj)
[2023-11-22T07:54:45.763+0000] {python.py:194} INFO - Done. Returned value was: None
[2023-11-22T07:54:45.772+0000] {taskinstance.py:1400} INFO - Marking task as SUCCESS. dag_id=outcomes_dag, task_id=Insert, execution_date=20231118T000000, start_date=20231122T075445, end_date=20231122T075445
[2023-11-22T07:54:45.798+0000] {local_task_job_runner.py:228} INFO - Task exited with return code 0
[2023-11-22T07:54:45.826+0000] {taskinstance.py:2778} INFO - 0 downstream tasks scheduled from follow-on schedule check
[2023-11-23T01:50:09.102+0000] {taskinstance.py:1159} INFO - Dependencies all met for dep_context=non-requeueable deps ti=<TaskInstance: outcomes_dag.Insert scheduled__2023-11-18T00:00:00+00:00 [queued]>
[2023-11-23T01:50:09.111+0000] {taskinstance.py:1159} INFO - Dependencies all met for dep_context=requeueable deps ti=<TaskInstance: outcomes_dag.Insert scheduled__2023-11-18T00:00:00+00:00 [queued]>
[2023-11-23T01:50:09.115+0000] {taskinstance.py:1361} INFO - Starting attempt 1 of 1
[2023-11-23T01:50:09.128+0000] {taskinstance.py:1382} INFO - Executing <Task(PythonOperator): Insert> on 2023-11-18 00:00:00+00:00
[2023-11-23T01:50:09.140+0000] {standard_task_runner.py:57} INFO - Started process 329 to run task
[2023-11-23T01:50:09.150+0000] {standard_task_runner.py:84} INFO - Running: ['***', 'tasks', 'run', 'outcomes_dag', 'Insert', 'scheduled__2023-11-18T00:00:00+00:00', '--job-id', '88', '--raw', '--subdir', 'DAGS_FOLDER/outcomes_dag.py', '--cfg-path', '/tmp/tmpf3pgpxld']
[2023-11-23T01:50:09.153+0000] {standard_task_runner.py:85} INFO - Job 88: Subtask Insert
[2023-11-23T01:50:09.245+0000] {task_command.py:416} INFO - Running <TaskInstance: outcomes_dag.Insert scheduled__2023-11-18T00:00:00+00:00 [running]> on host d15d3caa5b00
[2023-11-23T01:50:09.348+0000] {taskinstance.py:1662} INFO - Exporting env vars: AIRFLOW_CTX_DAG_OWNER='***' AIRFLOW_CTX_DAG_ID='outcomes_dag' AIRFLOW_CTX_TASK_ID='Insert' AIRFLOW_CTX_EXECUTION_DATE='2023-11-18T00:00:00+00:00' AIRFLOW_CTX_TRY_NUMBER='1' AIRFLOW_CTX_DAG_RUN_ID='scheduled__2023-11-18T00:00:00+00:00'
[2023-11-23T01:50:09.362+0000] {logging_mixin.py:154} INFO - Error executing SQL script: (psycopg2.errors.SyntaxError) syntax error at or near "`"
LINE 4: INSERT INTO animal_dim (`Animal ID`, `Name`, `Animal Type`, ...
                                ^

[SQL: -- INSERT DATA INTO DIMENSION TABLES

-- Animal Dimension
INSERT INTO animal_dim (`Animal ID`, `Name`, `Animal Type`, `Breed`, `Color`, `Sex`, `DOB`)
SELECT DISTINCT `Animal ID`, `Name`, `Animal Type`, `Breed`, `Color`, `Sex`, `DOB`
FROM outcomes_staging
WHERE `Animal ID` IS NOT NULL;

-- Outcomes Dimension
INSERT INTO outcome_type_dim (`Outcome Type`)
SELECT DISTINCT `Outcome`
FROM outcomes_staging
WHERE `Outcome` IS NOT NULL;

-- Reproductive Status Dimension
INSERT INTO reproductive_status_dim (`Reproductive Status`)
SELECT DISTINCT `Reproductive Status`
FROM outcomes_staging
WHERE `Reproductive Status` IS NOT NULL;

-- Date Dimension
INSERT INTO date_dim (`Date ID`, `Day`, `Month`, `Year`)
SELECT DISTINCT `Date ID`, `Day`, `Month`, `Year`
FROM outcomes_staging
WHERE `Date ID` IS NOT NULL;

-- INSERT DATA INTO FACT TABLE
INSERT INTO outcomes_fct (`Date`, `Animal`, `Outcome`, `Repo Status`)
SELECT 
    dd.`Date ID`,
    ad.`Animal ID`,
    otd.`Outcome ID`,
    rsd.`Status ID`
FROM outcomes_staging os
JOIN date_dim dd ON os.`Date ID` = dd.`Date ID`
JOIN animal_dim ad ON os.`Animal ID` = ad.`Animal ID`
JOIN outcome_type_dim otd ON os.`Outcome` = otd.`Outcome Type`
JOIN reproductive_status_dim rsd ON os.`Reproductive Status` = rsd.`Reproductive Status`;
]
(Background on this error at: https://sqlalche.me/e/14/f405)
[2023-11-23T01:50:09.363+0000] {python.py:194} INFO - Done. Returned value was: None
[2023-11-23T01:50:09.370+0000] {taskinstance.py:1400} INFO - Marking task as SUCCESS. dag_id=outcomes_dag, task_id=Insert, execution_date=20231118T000000, start_date=20231123T015009, end_date=20231123T015009
[2023-11-23T01:50:09.399+0000] {local_task_job_runner.py:228} INFO - Task exited with return code 0
[2023-11-23T01:50:09.414+0000] {taskinstance.py:2778} INFO - 0 downstream tasks scheduled from follow-on schedule check
[2023-11-23T01:58:47.040+0000] {taskinstance.py:1159} INFO - Dependencies all met for dep_context=non-requeueable deps ti=<TaskInstance: outcomes_dag.Insert scheduled__2023-11-18T00:00:00+00:00 [queued]>
[2023-11-23T01:58:47.047+0000] {taskinstance.py:1159} INFO - Dependencies all met for dep_context=requeueable deps ti=<TaskInstance: outcomes_dag.Insert scheduled__2023-11-18T00:00:00+00:00 [queued]>
[2023-11-23T01:58:47.048+0000] {taskinstance.py:1361} INFO - Starting attempt 1 of 1
[2023-11-23T01:58:47.067+0000] {taskinstance.py:1382} INFO - Executing <Task(PythonOperator): Insert> on 2023-11-18 00:00:00+00:00
[2023-11-23T01:58:47.073+0000] {standard_task_runner.py:57} INFO - Started process 142 to run task
[2023-11-23T01:58:47.081+0000] {standard_task_runner.py:84} INFO - Running: ['***', 'tasks', 'run', 'outcomes_dag', 'Insert', 'scheduled__2023-11-18T00:00:00+00:00', '--job-id', '30', '--raw', '--subdir', 'DAGS_FOLDER/outcomes_dag.py', '--cfg-path', '/tmp/tmpaghpuqs2']
[2023-11-23T01:58:47.085+0000] {standard_task_runner.py:85} INFO - Job 30: Subtask Insert
[2023-11-23T01:58:47.149+0000] {task_command.py:416} INFO - Running <TaskInstance: outcomes_dag.Insert scheduled__2023-11-18T00:00:00+00:00 [running]> on host 3cdc572bc068
[2023-11-23T01:58:47.259+0000] {taskinstance.py:1662} INFO - Exporting env vars: AIRFLOW_CTX_DAG_OWNER='***' AIRFLOW_CTX_DAG_ID='outcomes_dag' AIRFLOW_CTX_TASK_ID='Insert' AIRFLOW_CTX_EXECUTION_DATE='2023-11-18T00:00:00+00:00' AIRFLOW_CTX_TRY_NUMBER='1' AIRFLOW_CTX_DAG_RUN_ID='scheduled__2023-11-18T00:00:00+00:00'
[2023-11-23T01:58:47.271+0000] {logging_mixin.py:154} INFO - Error executing SQL script: (psycopg2.errors.UniqueViolation) duplicate key value violates unique constraint "animal_dim_pkey"
DETAIL:  Key ("Animal ID")=(A887504) already exists.

[SQL: --- INSERT DATA INTO DIMENSION TABLES

--- Animal Dimension
INSERT INTO animal_dim ("Animal ID", "Name", "Animal Type", "Breed", "Color", "Sex", "DOB")
SELECT DISTINCT "Animal ID", "Name", "Animal Type", "Breed", "Color", "Sex", "DOB"
FROM outcomes_staging
WHERE "Animal ID" IS NOT NULL;

--- Outcomes Dimension
INSERT INTO outcome_type_dim ("Outcome Type")
SELECT DISTINCT "Outcome"
FROM outcomes_staging
WHERE "Outcome" IS NOT NULL;

--- Reproductive Status Dimension
INSERT INTO reproductive_status_dim ("Reproductive Status")
SELECT DISTINCT "Reproductive Status"
FROM outcomes_staging
WHERE "Reproductive Status" IS NOT NULL;

--- Date Dimension
INSERT INTO date_dim ("Date ID", "Day", "Month", "Year")
SELECT DISTINCT "Date ID", "Day", "Month", "Year"
FROM outcomes_staging
WHERE "Date ID" IS NOT NULL;




--- INSERT DATA INTO FACT TABLE
INSERT INTO outcomes_fct ("Date", "Animal", "Outcome", "Repo Status")
SELECT 
    dd."Date ID",
    ad."Animal ID",
    otd."Outcome ID",
    rsd."Status ID"
FROM outcomes_staging os
JOIN date_dim dd ON os."Date ID" = dd."Date ID"
JOIN animal_dim ad ON os."Animal ID" = ad."Animal ID"
JOIN outcome_type_dim otd ON os."Outcome" = otd."Outcome Type"
JOIN reproductive_status_dim rsd ON os."Reproductive Status" = rsd."Reproductive Status";

]
(Background on this error at: https://sqlalche.me/e/14/gkpj)
[2023-11-23T01:58:47.272+0000] {python.py:194} INFO - Done. Returned value was: None
[2023-11-23T01:58:47.279+0000] {taskinstance.py:1400} INFO - Marking task as SUCCESS. dag_id=outcomes_dag, task_id=Insert, execution_date=20231118T000000, start_date=20231123T015847, end_date=20231123T015847
[2023-11-23T01:58:47.299+0000] {local_task_job_runner.py:228} INFO - Task exited with return code 0
[2023-11-23T01:58:47.314+0000] {taskinstance.py:2778} INFO - 0 downstream tasks scheduled from follow-on schedule check
[2023-11-23T02:59:47.021+0000] {taskinstance.py:1159} INFO - Dependencies all met for dep_context=non-requeueable deps ti=<TaskInstance: outcomes_dag.Insert scheduled__2023-11-18T00:00:00+00:00 [queued]>
[2023-11-23T02:59:47.263+0000] {taskinstance.py:1159} INFO - Dependencies all met for dep_context=requeueable deps ti=<TaskInstance: outcomes_dag.Insert scheduled__2023-11-18T00:00:00+00:00 [queued]>
[2023-11-23T02:59:47.263+0000] {taskinstance.py:1361} INFO - Starting attempt 1 of 1
[2023-11-23T02:59:47.282+0000] {taskinstance.py:1382} INFO - Executing <Task(PythonOperator): Insert> on 2023-11-18 00:00:00+00:00
[2023-11-23T02:59:47.289+0000] {standard_task_runner.py:57} INFO - Started process 185 to run task
[2023-11-23T02:59:47.302+0000] {standard_task_runner.py:84} INFO - Running: ['***', 'tasks', 'run', 'outcomes_dag', 'Insert', 'scheduled__2023-11-18T00:00:00+00:00', '--job-id', '26', '--raw', '--subdir', 'DAGS_FOLDER/outcomes_dag.py', '--cfg-path', '/tmp/tmpzffnagkk']
[2023-11-23T02:59:47.326+0000] {standard_task_runner.py:85} INFO - Job 26: Subtask Insert
[2023-11-23T02:59:47.399+0000] {task_command.py:416} INFO - Running <TaskInstance: outcomes_dag.Insert scheduled__2023-11-18T00:00:00+00:00 [running]> on host 1268bd8e5db0
[2023-11-23T02:59:47.535+0000] {taskinstance.py:1662} INFO - Exporting env vars: AIRFLOW_CTX_DAG_OWNER='***' AIRFLOW_CTX_DAG_ID='outcomes_dag' AIRFLOW_CTX_TASK_ID='Insert' AIRFLOW_CTX_EXECUTION_DATE='2023-11-18T00:00:00+00:00' AIRFLOW_CTX_TRY_NUMBER='1' AIRFLOW_CTX_DAG_RUN_ID='scheduled__2023-11-18T00:00:00+00:00'
[2023-11-23T02:59:47.536+0000] {taskinstance.py:1937} ERROR - Task failed with exception
Traceback (most recent call last):
  File "/home/airflow/.local/lib/python3.8/site-packages/airflow/operators/python.py", line 192, in execute
    return_value = self.execute_callable()
  File "/home/airflow/.local/lib/python3.8/site-packages/airflow/operators/python.py", line 209, in execute_callable
    return self.python_callable(*self.op_args, **self.op_kwargs)
TypeError: execute_sql_script() missing 1 required positional argument: 'engine'
[2023-11-23T02:59:47.548+0000] {taskinstance.py:1400} INFO - Marking task as FAILED. dag_id=outcomes_dag, task_id=Insert, execution_date=20231118T000000, start_date=20231123T025947, end_date=20231123T025947
[2023-11-23T02:59:47.559+0000] {standard_task_runner.py:104} ERROR - Failed to execute job 26 for task Insert (execute_sql_script() missing 1 required positional argument: 'engine'; 185)
[2023-11-23T02:59:47.599+0000] {local_task_job_runner.py:228} INFO - Task exited with return code 1
[2023-11-23T02:59:47.610+0000] {taskinstance.py:2778} INFO - 0 downstream tasks scheduled from follow-on schedule check
[2023-11-23T03:42:12.450+0000] {taskinstance.py:1159} INFO - Dependencies all met for dep_context=non-requeueable deps ti=<TaskInstance: outcomes_dag.Insert scheduled__2023-11-18T00:00:00+00:00 [queued]>
[2023-11-23T03:42:12.461+0000] {taskinstance.py:1159} INFO - Dependencies all met for dep_context=requeueable deps ti=<TaskInstance: outcomes_dag.Insert scheduled__2023-11-18T00:00:00+00:00 [queued]>
[2023-11-23T03:42:12.462+0000] {taskinstance.py:1361} INFO - Starting attempt 1 of 1
[2023-11-23T03:42:12.492+0000] {taskinstance.py:1382} INFO - Executing <Task(PythonOperator): Insert> on 2023-11-18 00:00:00+00:00
[2023-11-23T03:42:12.509+0000] {standard_task_runner.py:57} INFO - Started process 569 to run task
[2023-11-23T03:42:12.538+0000] {standard_task_runner.py:84} INFO - Running: ['***', 'tasks', 'run', 'outcomes_dag', 'Insert', 'scheduled__2023-11-18T00:00:00+00:00', '--job-id', '168', '--raw', '--subdir', 'DAGS_FOLDER/outcomes_dag.py', '--cfg-path', '/tmp/tmpzkir245h']
[2023-11-23T03:42:12.562+0000] {standard_task_runner.py:85} INFO - Job 168: Subtask Insert
[2023-11-23T03:42:12.658+0000] {task_command.py:416} INFO - Running <TaskInstance: outcomes_dag.Insert scheduled__2023-11-18T00:00:00+00:00 [running]> on host e647c96745b0
[2023-11-23T03:42:12.772+0000] {taskinstance.py:1662} INFO - Exporting env vars: AIRFLOW_CTX_DAG_OWNER='***' AIRFLOW_CTX_DAG_ID='outcomes_dag' AIRFLOW_CTX_TASK_ID='Insert' AIRFLOW_CTX_EXECUTION_DATE='2023-11-18T00:00:00+00:00' AIRFLOW_CTX_TRY_NUMBER='1' AIRFLOW_CTX_DAG_RUN_ID='scheduled__2023-11-18T00:00:00+00:00'
[2023-11-23T03:42:12.808+0000] {logging_mixin.py:154} INFO - Error executing SQL script: (psycopg2.errors.UniqueViolation) duplicate key value violates unique constraint "animal_dim_pkey"
DETAIL:  Key ("Animal ID")=(A891289) already exists.

[SQL: --- INSERT DATA INTO DIMENSION TABLES

--- Animal Dimension
INSERT INTO animal_dim ("Animal ID", "Name", "Animal Type", "Breed", "Color", "Sex", "DOB")
SELECT DISTINCT "Animal ID", "Name", "Animal Type", "Breed", "Color", "Sex", "DOB"
FROM outcomes_staging
WHERE "Animal ID" IS NOT NULL;

--- Outcomes Dimension
INSERT INTO outcome_type_dim ("Outcome Type")
SELECT DISTINCT "Outcome"
FROM outcomes_staging
WHERE "Outcome" IS NOT NULL;

--- Reproductive Status Dimension
INSERT INTO reproductive_status_dim ("Reproductive Status")
SELECT DISTINCT "Reproductive Status"
FROM outcomes_staging
WHERE "Reproductive Status" IS NOT NULL;

--- Date Dimension
INSERT INTO date_dim ("Date ID", "Day", "Month", "Year")
SELECT DISTINCT "Date ID", "Day", "Month", "Year"
FROM outcomes_staging
WHERE "Date ID" IS NOT NULL;




--- INSERT DATA INTO FACT TABLE
INSERT INTO outcomes_fct ("Date", "Animal", "Outcome", "Repo Status")
SELECT 
    dd."Date ID",
    ad."Animal ID",
    otd."Outcome ID",
    rsd."Status ID"
FROM outcomes_staging os
JOIN date_dim dd ON os."Date ID" = dd."Date ID"
JOIN animal_dim ad ON os."Animal ID" = ad."Animal ID"
JOIN outcome_type_dim otd ON os."Outcome" = otd."Outcome Type"
JOIN reproductive_status_dim rsd ON os."Reproductive Status" = rsd."Reproductive Status";

]
(Background on this error at: https://sqlalche.me/e/14/gkpj)
[2023-11-23T03:42:12.809+0000] {python.py:194} INFO - Done. Returned value was: None
[2023-11-23T03:42:12.825+0000] {taskinstance.py:1400} INFO - Marking task as SUCCESS. dag_id=outcomes_dag, task_id=Insert, execution_date=20231118T000000, start_date=20231123T034212, end_date=20231123T034212
[2023-11-23T03:42:12.860+0000] {local_task_job_runner.py:228} INFO - Task exited with return code 0
