[2023-11-22T05:47:54.389+0000] {taskinstance.py:1159} INFO - Dependencies all met for dep_context=non-requeueable deps ti=<TaskInstance: outcomes_dag.Insert scheduled__2023-11-19T00:00:00+00:00 [queued]>
[2023-11-22T05:47:54.394+0000] {taskinstance.py:1159} INFO - Dependencies all met for dep_context=requeueable deps ti=<TaskInstance: outcomes_dag.Insert scheduled__2023-11-19T00:00:00+00:00 [queued]>
[2023-11-22T05:47:54.395+0000] {taskinstance.py:1361} INFO - Starting attempt 1 of 1
[2023-11-22T05:47:54.404+0000] {taskinstance.py:1382} INFO - Executing <Task(PostgresOperator): Insert> on 2023-11-19 00:00:00+00:00
[2023-11-22T05:47:54.415+0000] {standard_task_runner.py:57} INFO - Started process 213 to run task
[2023-11-22T05:47:54.419+0000] {standard_task_runner.py:84} INFO - Running: ['***', 'tasks', 'run', 'outcomes_dag', 'Insert', 'scheduled__2023-11-19T00:00:00+00:00', '--job-id', '32', '--raw', '--subdir', 'DAGS_FOLDER/outcomes_dag.py', '--cfg-path', '/tmp/tmpxy6mm11n']
[2023-11-22T05:47:54.423+0000] {standard_task_runner.py:85} INFO - Job 32: Subtask Insert
[2023-11-22T05:47:54.474+0000] {task_command.py:416} INFO - Running <TaskInstance: outcomes_dag.Insert scheduled__2023-11-19T00:00:00+00:00 [running]> on host 6e2e77b078ed
[2023-11-22T05:47:54.533+0000] {taskinstance.py:1662} INFO - Exporting env vars: AIRFLOW_CTX_DAG_OWNER='***' AIRFLOW_CTX_DAG_ID='outcomes_dag' AIRFLOW_CTX_TASK_ID='Insert' AIRFLOW_CTX_EXECUTION_DATE='2023-11-19T00:00:00+00:00' AIRFLOW_CTX_TRY_NUMBER='1' AIRFLOW_CTX_DAG_RUN_ID='scheduled__2023-11-19T00:00:00+00:00'
[2023-11-22T05:47:54.534+0000] {sql.py:274} INFO - Executing: --- INSERT DATA INTO DIMENSION TABLES

--- Animal Dimension
INSERT INTO animal_dim ("Animal ID", "Name", "Animal Type", "Breed", "Color", "Sex", "DOB")
SELECT DISTINCT "Animal ID", "Name", "Animal Type", "Breed", "Color", "Sex", "DOB"
FROM outcomes_staging
WHERE "Animal ID" IS NOT NULL;

--- Outcomes Dimension
INSERT INTO outcome_type_dim ("Outcome Type")
SELECT DISTINCT "Outcome"
FROM outcomes_staging
WHERE "Outcome" IS NOT NULL;

--- Reproductive Status Dimension
INSERT INTO reproductive_status_dim ("Reproductive Status")
SELECT DISTINCT "Reproductive Status"
FROM outcomes_staging
WHERE "Reproductive Status" IS NOT NULL;

--- Date Dimension
INSERT INTO date_dim ("Date ID", "Day", "Month", "Year")
SELECT DISTINCT "Date ID", "Day", "Month", "Year"
FROM outcomes_staging
WHERE "Date ID" IS NOT NULL;




--- INSERT DATA INTO FACT TABLE
INSERT INTO outcomes_fct ("Date", "Animal", "Outcome", "Repo Status")
SELECT 
    dd."Date ID",
    ad."Animal ID",
    otd."Outcome ID",
    rsd."Status ID"
FROM outcomes_staging os
JOIN date_dim dd ON os."Date ID" = dd."Date ID"
JOIN animal_dim ad ON os."Animal ID" = ad."Animal ID"
JOIN outcome_type_dim otd ON os."Outcome" = otd."Outcome Type"
JOIN reproductive_status_dim rsd ON os."Reproductive Status" = rsd."Reproductive Status";

[2023-11-22T05:47:54.550+0000] {taskinstance.py:1937} ERROR - Task failed with exception
Traceback (most recent call last):
  File "/home/airflow/.local/lib/python3.8/site-packages/airflow/providers/common/sql/operators/sql.py", line 275, in execute
    hook = self.get_db_hook()
  File "/home/airflow/.local/lib/python3.8/site-packages/airflow/providers/common/sql/operators/sql.py", line 186, in get_db_hook
    return self._hook
  File "/usr/local/lib/python3.8/functools.py", line 967, in __get__
    val = self.func(instance)
  File "/home/airflow/.local/lib/python3.8/site-packages/airflow/providers/common/sql/operators/sql.py", line 148, in _hook
    conn = BaseHook.get_connection(conn_id)
  File "/home/airflow/.local/lib/python3.8/site-packages/airflow/hooks/base.py", line 72, in get_connection
    conn = Connection.get_connection_from_secrets(conn_id)
  File "/home/airflow/.local/lib/python3.8/site-packages/airflow/models/connection.py", line 477, in get_connection_from_secrets
    raise AirflowNotFoundException(f"The conn_id `{conn_id}` isn't defined")
airflow.exceptions.AirflowNotFoundException: The conn_id `lab3_postgres_connection` isn't defined
[2023-11-22T05:47:54.553+0000] {taskinstance.py:1400} INFO - Marking task as FAILED. dag_id=outcomes_dag, task_id=Insert, execution_date=20231119T000000, start_date=20231122T054754, end_date=20231122T054754
[2023-11-22T05:47:54.560+0000] {standard_task_runner.py:104} ERROR - Failed to execute job 32 for task Insert (The conn_id `lab3_postgres_connection` isn't defined; 213)
[2023-11-22T05:47:54.592+0000] {local_task_job_runner.py:228} INFO - Task exited with return code 1
[2023-11-22T05:47:54.606+0000] {taskinstance.py:2778} INFO - 0 downstream tasks scheduled from follow-on schedule check
[2023-11-22T06:09:50.473+0000] {taskinstance.py:1159} INFO - Dependencies all met for dep_context=non-requeueable deps ti=<TaskInstance: outcomes_dag.Insert scheduled__2023-11-19T00:00:00+00:00 [queued]>
[2023-11-22T06:09:50.477+0000] {taskinstance.py:1159} INFO - Dependencies all met for dep_context=requeueable deps ti=<TaskInstance: outcomes_dag.Insert scheduled__2023-11-19T00:00:00+00:00 [queued]>
[2023-11-22T06:09:50.477+0000] {taskinstance.py:1361} INFO - Starting attempt 1 of 1
[2023-11-22T06:09:50.483+0000] {taskinstance.py:1382} INFO - Executing <Task(PythonOperator): Insert> on 2023-11-19 00:00:00+00:00
[2023-11-22T06:09:50.487+0000] {standard_task_runner.py:57} INFO - Started process 153 to run task
[2023-11-22T06:09:50.491+0000] {standard_task_runner.py:84} INFO - Running: ['***', 'tasks', 'run', 'outcomes_dag', 'Insert', 'scheduled__2023-11-19T00:00:00+00:00', '--job-id', '32', '--raw', '--subdir', 'DAGS_FOLDER/outcomes_dag.py', '--cfg-path', '/tmp/tmpu2y083_7']
[2023-11-22T06:09:50.494+0000] {standard_task_runner.py:85} INFO - Job 32: Subtask Insert
[2023-11-22T06:09:50.539+0000] {task_command.py:416} INFO - Running <TaskInstance: outcomes_dag.Insert scheduled__2023-11-19T00:00:00+00:00 [running]> on host ded66acd9c7f
[2023-11-22T06:09:50.593+0000] {taskinstance.py:1662} INFO - Exporting env vars: AIRFLOW_CTX_DAG_OWNER='***' AIRFLOW_CTX_DAG_ID='outcomes_dag' AIRFLOW_CTX_TASK_ID='Insert' AIRFLOW_CTX_EXECUTION_DATE='2023-11-19T00:00:00+00:00' AIRFLOW_CTX_TRY_NUMBER='1' AIRFLOW_CTX_DAG_RUN_ID='scheduled__2023-11-19T00:00:00+00:00'
[2023-11-22T06:09:50.620+0000] {python.py:194} INFO - Done. Returned value was: None
[2023-11-22T06:09:50.627+0000] {taskinstance.py:1400} INFO - Marking task as SUCCESS. dag_id=outcomes_dag, task_id=Insert, execution_date=20231119T000000, start_date=20231122T060950, end_date=20231122T060950
[2023-11-22T06:09:50.662+0000] {local_task_job_runner.py:228} INFO - Task exited with return code 0
[2023-11-22T06:09:50.674+0000] {taskinstance.py:2778} INFO - 0 downstream tasks scheduled from follow-on schedule check
[2023-11-22T06:19:08.185+0000] {taskinstance.py:1159} INFO - Dependencies all met for dep_context=non-requeueable deps ti=<TaskInstance: outcomes_dag.Insert scheduled__2023-11-19T00:00:00+00:00 [queued]>
[2023-11-22T06:19:08.202+0000] {taskinstance.py:1159} INFO - Dependencies all met for dep_context=requeueable deps ti=<TaskInstance: outcomes_dag.Insert scheduled__2023-11-19T00:00:00+00:00 [queued]>
[2023-11-22T06:19:08.203+0000] {taskinstance.py:1361} INFO - Starting attempt 1 of 1
[2023-11-22T06:19:08.217+0000] {taskinstance.py:1382} INFO - Executing <Task(PythonOperator): Insert> on 2023-11-19 00:00:00+00:00
[2023-11-22T06:19:08.228+0000] {standard_task_runner.py:57} INFO - Started process 148 to run task
[2023-11-22T06:19:08.246+0000] {standard_task_runner.py:84} INFO - Running: ['***', 'tasks', 'run', 'outcomes_dag', 'Insert', 'scheduled__2023-11-19T00:00:00+00:00', '--job-id', '28', '--raw', '--subdir', 'DAGS_FOLDER/outcomes_dag.py', '--cfg-path', '/tmp/tmpdcns25zs']
[2023-11-22T06:19:08.264+0000] {standard_task_runner.py:85} INFO - Job 28: Subtask Insert
[2023-11-22T06:19:08.372+0000] {task_command.py:416} INFO - Running <TaskInstance: outcomes_dag.Insert scheduled__2023-11-19T00:00:00+00:00 [running]> on host 836b7d8b8a64
[2023-11-22T06:19:08.511+0000] {taskinstance.py:1662} INFO - Exporting env vars: AIRFLOW_CTX_DAG_OWNER='***' AIRFLOW_CTX_DAG_ID='outcomes_dag' AIRFLOW_CTX_TASK_ID='Insert' AIRFLOW_CTX_EXECUTION_DATE='2023-11-19T00:00:00+00:00' AIRFLOW_CTX_TRY_NUMBER='1' AIRFLOW_CTX_DAG_RUN_ID='scheduled__2023-11-19T00:00:00+00:00'
[2023-11-22T06:19:08.561+0000] {python.py:194} INFO - Done. Returned value was: None
[2023-11-22T06:19:08.572+0000] {taskinstance.py:1400} INFO - Marking task as SUCCESS. dag_id=outcomes_dag, task_id=Insert, execution_date=20231119T000000, start_date=20231122T061908, end_date=20231122T061908
[2023-11-22T06:19:08.617+0000] {local_task_job_runner.py:228} INFO - Task exited with return code 0
[2023-11-22T06:19:08.635+0000] {taskinstance.py:2778} INFO - 0 downstream tasks scheduled from follow-on schedule check
[2023-11-22T07:15:11.322+0000] {taskinstance.py:1159} INFO - Dependencies all met for dep_context=non-requeueable deps ti=<TaskInstance: outcomes_dag.Insert scheduled__2023-11-19T00:00:00+00:00 [queued]>
[2023-11-22T07:15:11.331+0000] {taskinstance.py:1159} INFO - Dependencies all met for dep_context=requeueable deps ti=<TaskInstance: outcomes_dag.Insert scheduled__2023-11-19T00:00:00+00:00 [queued]>
[2023-11-22T07:15:11.332+0000] {taskinstance.py:1361} INFO - Starting attempt 1 of 1
[2023-11-22T07:15:11.349+0000] {taskinstance.py:1382} INFO - Executing <Task(PythonOperator): Insert> on 2023-11-19 00:00:00+00:00
[2023-11-22T07:15:11.354+0000] {standard_task_runner.py:57} INFO - Started process 152 to run task
[2023-11-22T07:15:11.376+0000] {standard_task_runner.py:84} INFO - Running: ['***', 'tasks', 'run', 'outcomes_dag', 'Insert', 'scheduled__2023-11-19T00:00:00+00:00', '--job-id', '32', '--raw', '--subdir', 'DAGS_FOLDER/outcomes_dag.py', '--cfg-path', '/tmp/tmpk2on7mci']
[2023-11-22T07:15:11.380+0000] {standard_task_runner.py:85} INFO - Job 32: Subtask Insert
[2023-11-22T07:15:11.439+0000] {task_command.py:416} INFO - Running <TaskInstance: outcomes_dag.Insert scheduled__2023-11-19T00:00:00+00:00 [running]> on host 011245d9ad62
[2023-11-22T07:15:11.512+0000] {taskinstance.py:1662} INFO - Exporting env vars: AIRFLOW_CTX_DAG_OWNER='***' AIRFLOW_CTX_DAG_ID='outcomes_dag' AIRFLOW_CTX_TASK_ID='Insert' AIRFLOW_CTX_EXECUTION_DATE='2023-11-19T00:00:00+00:00' AIRFLOW_CTX_TRY_NUMBER='1' AIRFLOW_CTX_DAG_RUN_ID='scheduled__2023-11-19T00:00:00+00:00'
[2023-11-22T07:15:11.523+0000] {logging_mixin.py:154} INFO - Error executing SQL script: (psycopg2.errors.UniqueViolation) duplicate key value violates unique constraint "animal_dim_pkey"
DETAIL:  Key ("Animal ID")=(A891289) already exists.

[SQL: --- INSERT DATA INTO DIMENSION TABLES

--- Animal Dimension
INSERT INTO animal_dim ("Animal ID", "Name", "Animal Type", "Breed", "Color", "Sex", "DOB")
SELECT DISTINCT "Animal ID", "Name", "Animal Type", "Breed", "Color", "Sex", "DOB"
FROM outcomes_staging
WHERE "Animal ID" IS NOT NULL;

--- Outcomes Dimension
INSERT INTO outcome_type_dim ("Outcome Type")
SELECT DISTINCT "Outcome"
FROM outcomes_staging
WHERE "Outcome" IS NOT NULL;

--- Reproductive Status Dimension
INSERT INTO reproductive_status_dim ("Reproductive Status")
SELECT DISTINCT "Reproductive Status"
FROM outcomes_staging
WHERE "Reproductive Status" IS NOT NULL;

--- Date Dimension
INSERT INTO date_dim ("Date ID", "Day", "Month", "Year")
SELECT DISTINCT "Date ID", "Day", "Month", "Year"
FROM outcomes_staging
WHERE "Date ID" IS NOT NULL;




--- INSERT DATA INTO FACT TABLE
INSERT INTO outcomes_fct ("Date", "Animal", "Outcome", "Repo Status")
SELECT 
    dd."Date ID",
    ad."Animal ID",
    otd."Outcome ID",
    rsd."Status ID"
FROM outcomes_staging os
JOIN date_dim dd ON os."Date ID" = dd."Date ID"
JOIN animal_dim ad ON os."Animal ID" = ad."Animal ID"
JOIN outcome_type_dim otd ON os."Outcome" = otd."Outcome Type"
JOIN reproductive_status_dim rsd ON os."Reproductive Status" = rsd."Reproductive Status";

]
(Background on this error at: https://sqlalche.me/e/14/gkpj)
[2023-11-22T07:15:11.523+0000] {python.py:194} INFO - Done. Returned value was: None
[2023-11-22T07:15:11.531+0000] {taskinstance.py:1400} INFO - Marking task as SUCCESS. dag_id=outcomes_dag, task_id=Insert, execution_date=20231119T000000, start_date=20231122T071511, end_date=20231122T071511
[2023-11-22T07:15:11.571+0000] {local_task_job_runner.py:228} INFO - Task exited with return code 0
[2023-11-22T07:15:11.584+0000] {taskinstance.py:2778} INFO - 0 downstream tasks scheduled from follow-on schedule check
[2023-11-22T07:54:45.563+0000] {taskinstance.py:1159} INFO - Dependencies all met for dep_context=non-requeueable deps ti=<TaskInstance: outcomes_dag.Insert scheduled__2023-11-19T00:00:00+00:00 [queued]>
[2023-11-22T07:54:45.571+0000] {taskinstance.py:1159} INFO - Dependencies all met for dep_context=requeueable deps ti=<TaskInstance: outcomes_dag.Insert scheduled__2023-11-19T00:00:00+00:00 [queued]>
[2023-11-22T07:54:45.571+0000] {taskinstance.py:1361} INFO - Starting attempt 1 of 1
[2023-11-22T07:54:45.579+0000] {taskinstance.py:1382} INFO - Executing <Task(PythonOperator): Insert> on 2023-11-19 00:00:00+00:00
[2023-11-22T07:54:45.588+0000] {standard_task_runner.py:57} INFO - Started process 487 to run task
[2023-11-22T07:54:45.598+0000] {standard_task_runner.py:84} INFO - Running: ['***', 'tasks', 'run', 'outcomes_dag', 'Insert', 'scheduled__2023-11-19T00:00:00+00:00', '--job-id', '82', '--raw', '--subdir', 'DAGS_FOLDER/outcomes_dag.py', '--cfg-path', '/tmp/tmp8m2p_eec']
[2023-11-22T07:54:45.605+0000] {standard_task_runner.py:85} INFO - Job 82: Subtask Insert
[2023-11-22T07:54:45.655+0000] {task_command.py:416} INFO - Running <TaskInstance: outcomes_dag.Insert scheduled__2023-11-19T00:00:00+00:00 [running]> on host 6318e996d951
[2023-11-22T07:54:45.722+0000] {taskinstance.py:1662} INFO - Exporting env vars: AIRFLOW_CTX_DAG_OWNER='***' AIRFLOW_CTX_DAG_ID='outcomes_dag' AIRFLOW_CTX_TASK_ID='Insert' AIRFLOW_CTX_EXECUTION_DATE='2023-11-19T00:00:00+00:00' AIRFLOW_CTX_TRY_NUMBER='1' AIRFLOW_CTX_DAG_RUN_ID='scheduled__2023-11-19T00:00:00+00:00'
[2023-11-22T07:54:45.747+0000] {logging_mixin.py:154} INFO - Error executing SQL script: (psycopg2.errors.UniqueViolation) duplicate key value violates unique constraint "animal_dim_pkey"
DETAIL:  Key ("Animal ID")=(A891289) already exists.

[SQL: --- INSERT DATA INTO DIMENSION TABLES

--- Animal Dimension
INSERT INTO animal_dim ("Animal ID", "Name", "Animal Type", "Breed", "Color", "Sex", "DOB")
SELECT DISTINCT "Animal ID", "Name", "Animal Type", "Breed", "Color", "Sex", "DOB"
FROM outcomes_staging
WHERE "Animal ID" IS NOT NULL;

--- Outcomes Dimension
INSERT INTO outcome_type_dim ("Outcome Type")
SELECT DISTINCT "Outcome"
FROM outcomes_staging
WHERE "Outcome" IS NOT NULL;

--- Reproductive Status Dimension
INSERT INTO reproductive_status_dim ("Reproductive Status")
SELECT DISTINCT "Reproductive Status"
FROM outcomes_staging
WHERE "Reproductive Status" IS NOT NULL;

--- Date Dimension
INSERT INTO date_dim ("Date ID", "Day", "Month", "Year")
SELECT DISTINCT "Date ID", "Day", "Month", "Year"
FROM outcomes_staging
WHERE "Date ID" IS NOT NULL;




--- INSERT DATA INTO FACT TABLE
INSERT INTO outcomes_fct ("Date", "Animal", "Outcome", "Repo Status")
SELECT 
    dd."Date ID",
    ad."Animal ID",
    otd."Outcome ID",
    rsd."Status ID"
FROM outcomes_staging os
JOIN date_dim dd ON os."Date ID" = dd."Date ID"
JOIN animal_dim ad ON os."Animal ID" = ad."Animal ID"
JOIN outcome_type_dim otd ON os."Outcome" = otd."Outcome Type"
JOIN reproductive_status_dim rsd ON os."Reproductive Status" = rsd."Reproductive Status";

]
(Background on this error at: https://sqlalche.me/e/14/gkpj)
[2023-11-22T07:54:45.748+0000] {python.py:194} INFO - Done. Returned value was: None
[2023-11-22T07:54:45.758+0000] {taskinstance.py:1400} INFO - Marking task as SUCCESS. dag_id=outcomes_dag, task_id=Insert, execution_date=20231119T000000, start_date=20231122T075445, end_date=20231122T075445
[2023-11-22T07:54:45.807+0000] {local_task_job_runner.py:228} INFO - Task exited with return code 0
[2023-11-22T07:54:45.826+0000] {taskinstance.py:2778} INFO - 0 downstream tasks scheduled from follow-on schedule check
[2023-11-23T01:50:09.028+0000] {taskinstance.py:1159} INFO - Dependencies all met for dep_context=non-requeueable deps ti=<TaskInstance: outcomes_dag.Insert scheduled__2023-11-19T00:00:00+00:00 [queued]>
[2023-11-23T01:50:09.056+0000] {taskinstance.py:1159} INFO - Dependencies all met for dep_context=requeueable deps ti=<TaskInstance: outcomes_dag.Insert scheduled__2023-11-19T00:00:00+00:00 [queued]>
[2023-11-23T01:50:09.057+0000] {taskinstance.py:1361} INFO - Starting attempt 1 of 1
[2023-11-23T01:50:09.097+0000] {taskinstance.py:1382} INFO - Executing <Task(PythonOperator): Insert> on 2023-11-19 00:00:00+00:00
[2023-11-23T01:50:09.125+0000] {standard_task_runner.py:57} INFO - Started process 328 to run task
[2023-11-23T01:50:09.136+0000] {standard_task_runner.py:84} INFO - Running: ['***', 'tasks', 'run', 'outcomes_dag', 'Insert', 'scheduled__2023-11-19T00:00:00+00:00', '--job-id', '85', '--raw', '--subdir', 'DAGS_FOLDER/outcomes_dag.py', '--cfg-path', '/tmp/tmpn7q292cf']
[2023-11-23T01:50:09.142+0000] {standard_task_runner.py:85} INFO - Job 85: Subtask Insert
[2023-11-23T01:50:09.208+0000] {task_command.py:416} INFO - Running <TaskInstance: outcomes_dag.Insert scheduled__2023-11-19T00:00:00+00:00 [running]> on host d15d3caa5b00
[2023-11-23T01:50:09.308+0000] {taskinstance.py:1662} INFO - Exporting env vars: AIRFLOW_CTX_DAG_OWNER='***' AIRFLOW_CTX_DAG_ID='outcomes_dag' AIRFLOW_CTX_TASK_ID='Insert' AIRFLOW_CTX_EXECUTION_DATE='2023-11-19T00:00:00+00:00' AIRFLOW_CTX_TRY_NUMBER='1' AIRFLOW_CTX_DAG_RUN_ID='scheduled__2023-11-19T00:00:00+00:00'
[2023-11-23T01:50:09.333+0000] {logging_mixin.py:154} INFO - Error executing SQL script: (psycopg2.errors.SyntaxError) syntax error at or near "`"
LINE 4: INSERT INTO animal_dim (`Animal ID`, `Name`, `Animal Type`, ...
                                ^

[SQL: -- INSERT DATA INTO DIMENSION TABLES

-- Animal Dimension
INSERT INTO animal_dim (`Animal ID`, `Name`, `Animal Type`, `Breed`, `Color`, `Sex`, `DOB`)
SELECT DISTINCT `Animal ID`, `Name`, `Animal Type`, `Breed`, `Color`, `Sex`, `DOB`
FROM outcomes_staging
WHERE `Animal ID` IS NOT NULL;

-- Outcomes Dimension
INSERT INTO outcome_type_dim (`Outcome Type`)
SELECT DISTINCT `Outcome`
FROM outcomes_staging
WHERE `Outcome` IS NOT NULL;

-- Reproductive Status Dimension
INSERT INTO reproductive_status_dim (`Reproductive Status`)
SELECT DISTINCT `Reproductive Status`
FROM outcomes_staging
WHERE `Reproductive Status` IS NOT NULL;

-- Date Dimension
INSERT INTO date_dim (`Date ID`, `Day`, `Month`, `Year`)
SELECT DISTINCT `Date ID`, `Day`, `Month`, `Year`
FROM outcomes_staging
WHERE `Date ID` IS NOT NULL;

-- INSERT DATA INTO FACT TABLE
INSERT INTO outcomes_fct (`Date`, `Animal`, `Outcome`, `Repo Status`)
SELECT 
    dd.`Date ID`,
    ad.`Animal ID`,
    otd.`Outcome ID`,
    rsd.`Status ID`
FROM outcomes_staging os
JOIN date_dim dd ON os.`Date ID` = dd.`Date ID`
JOIN animal_dim ad ON os.`Animal ID` = ad.`Animal ID`
JOIN outcome_type_dim otd ON os.`Outcome` = otd.`Outcome Type`
JOIN reproductive_status_dim rsd ON os.`Reproductive Status` = rsd.`Reproductive Status`;
]
(Background on this error at: https://sqlalche.me/e/14/f405)
[2023-11-23T01:50:09.336+0000] {python.py:194} INFO - Done. Returned value was: None
[2023-11-23T01:50:09.345+0000] {taskinstance.py:1400} INFO - Marking task as SUCCESS. dag_id=outcomes_dag, task_id=Insert, execution_date=20231119T000000, start_date=20231123T015009, end_date=20231123T015009
[2023-11-23T01:50:09.391+0000] {local_task_job_runner.py:228} INFO - Task exited with return code 0
[2023-11-23T01:50:09.408+0000] {taskinstance.py:2778} INFO - 0 downstream tasks scheduled from follow-on schedule check
[2023-11-23T01:58:46.616+0000] {taskinstance.py:1159} INFO - Dependencies all met for dep_context=non-requeueable deps ti=<TaskInstance: outcomes_dag.Insert scheduled__2023-11-19T00:00:00+00:00 [queued]>
[2023-11-23T01:58:46.647+0000] {taskinstance.py:1159} INFO - Dependencies all met for dep_context=requeueable deps ti=<TaskInstance: outcomes_dag.Insert scheduled__2023-11-19T00:00:00+00:00 [queued]>
[2023-11-23T01:58:46.656+0000] {taskinstance.py:1361} INFO - Starting attempt 1 of 1
[2023-11-23T01:58:46.677+0000] {taskinstance.py:1382} INFO - Executing <Task(PythonOperator): Insert> on 2023-11-19 00:00:00+00:00
[2023-11-23T01:58:46.690+0000] {standard_task_runner.py:57} INFO - Started process 136 to run task
[2023-11-23T01:58:46.700+0000] {standard_task_runner.py:84} INFO - Running: ['***', 'tasks', 'run', 'outcomes_dag', 'Insert', 'scheduled__2023-11-19T00:00:00+00:00', '--job-id', '24', '--raw', '--subdir', 'DAGS_FOLDER/outcomes_dag.py', '--cfg-path', '/tmp/tmp4ccsrd5f']
[2023-11-23T01:58:46.709+0000] {standard_task_runner.py:85} INFO - Job 24: Subtask Insert
[2023-11-23T01:58:46.809+0000] {task_command.py:416} INFO - Running <TaskInstance: outcomes_dag.Insert scheduled__2023-11-19T00:00:00+00:00 [running]> on host 3cdc572bc068
[2023-11-23T01:58:46.893+0000] {taskinstance.py:1662} INFO - Exporting env vars: AIRFLOW_CTX_DAG_OWNER='***' AIRFLOW_CTX_DAG_ID='outcomes_dag' AIRFLOW_CTX_TASK_ID='Insert' AIRFLOW_CTX_EXECUTION_DATE='2023-11-19T00:00:00+00:00' AIRFLOW_CTX_TRY_NUMBER='1' AIRFLOW_CTX_DAG_RUN_ID='scheduled__2023-11-19T00:00:00+00:00'
[2023-11-23T01:58:46.958+0000] {python.py:194} INFO - Done. Returned value was: None
[2023-11-23T01:58:46.972+0000] {taskinstance.py:1400} INFO - Marking task as SUCCESS. dag_id=outcomes_dag, task_id=Insert, execution_date=20231119T000000, start_date=20231123T015846, end_date=20231123T015846
[2023-11-23T01:58:47.032+0000] {local_task_job_runner.py:228} INFO - Task exited with return code 0
[2023-11-23T01:58:47.046+0000] {taskinstance.py:2778} INFO - 0 downstream tasks scheduled from follow-on schedule check
[2023-11-23T02:59:47.261+0000] {taskinstance.py:1159} INFO - Dependencies all met for dep_context=non-requeueable deps ti=<TaskInstance: outcomes_dag.Insert scheduled__2023-11-19T00:00:00+00:00 [queued]>
[2023-11-23T02:59:47.277+0000] {taskinstance.py:1159} INFO - Dependencies all met for dep_context=requeueable deps ti=<TaskInstance: outcomes_dag.Insert scheduled__2023-11-19T00:00:00+00:00 [queued]>
[2023-11-23T02:59:47.278+0000] {taskinstance.py:1361} INFO - Starting attempt 1 of 1
[2023-11-23T02:59:47.520+0000] {taskinstance.py:1382} INFO - Executing <Task(PythonOperator): Insert> on 2023-11-19 00:00:00+00:00
[2023-11-23T02:59:47.525+0000] {standard_task_runner.py:57} INFO - Started process 189 to run task
[2023-11-23T02:59:47.529+0000] {standard_task_runner.py:84} INFO - Running: ['***', 'tasks', 'run', 'outcomes_dag', 'Insert', 'scheduled__2023-11-19T00:00:00+00:00', '--job-id', '30', '--raw', '--subdir', 'DAGS_FOLDER/outcomes_dag.py', '--cfg-path', '/tmp/tmptl_3ivlx']
[2023-11-23T02:59:47.533+0000] {standard_task_runner.py:85} INFO - Job 30: Subtask Insert
[2023-11-23T02:59:47.571+0000] {task_command.py:416} INFO - Running <TaskInstance: outcomes_dag.Insert scheduled__2023-11-19T00:00:00+00:00 [running]> on host 1268bd8e5db0
[2023-11-23T02:59:47.614+0000] {taskinstance.py:1662} INFO - Exporting env vars: AIRFLOW_CTX_DAG_OWNER='***' AIRFLOW_CTX_DAG_ID='outcomes_dag' AIRFLOW_CTX_TASK_ID='Insert' AIRFLOW_CTX_EXECUTION_DATE='2023-11-19T00:00:00+00:00' AIRFLOW_CTX_TRY_NUMBER='1' AIRFLOW_CTX_DAG_RUN_ID='scheduled__2023-11-19T00:00:00+00:00'
[2023-11-23T02:59:47.615+0000] {taskinstance.py:1937} ERROR - Task failed with exception
Traceback (most recent call last):
  File "/home/airflow/.local/lib/python3.8/site-packages/airflow/operators/python.py", line 192, in execute
    return_value = self.execute_callable()
  File "/home/airflow/.local/lib/python3.8/site-packages/airflow/operators/python.py", line 209, in execute_callable
    return self.python_callable(*self.op_args, **self.op_kwargs)
TypeError: execute_sql_script() missing 1 required positional argument: 'engine'
[2023-11-23T02:59:47.626+0000] {taskinstance.py:1400} INFO - Marking task as FAILED. dag_id=outcomes_dag, task_id=Insert, execution_date=20231119T000000, start_date=20231123T025947, end_date=20231123T025947
[2023-11-23T02:59:47.632+0000] {standard_task_runner.py:104} ERROR - Failed to execute job 30 for task Insert (execute_sql_script() missing 1 required positional argument: 'engine'; 189)
[2023-11-23T02:59:47.664+0000] {local_task_job_runner.py:228} INFO - Task exited with return code 1
[2023-11-23T02:59:47.678+0000] {taskinstance.py:2778} INFO - 0 downstream tasks scheduled from follow-on schedule check
[2023-11-23T03:42:12.442+0000] {taskinstance.py:1159} INFO - Dependencies all met for dep_context=non-requeueable deps ti=<TaskInstance: outcomes_dag.Insert scheduled__2023-11-19T00:00:00+00:00 [queued]>
[2023-11-23T03:42:12.449+0000] {taskinstance.py:1159} INFO - Dependencies all met for dep_context=requeueable deps ti=<TaskInstance: outcomes_dag.Insert scheduled__2023-11-19T00:00:00+00:00 [queued]>
[2023-11-23T03:42:12.449+0000] {taskinstance.py:1361} INFO - Starting attempt 1 of 1
[2023-11-23T03:42:12.465+0000] {taskinstance.py:1382} INFO - Executing <Task(PythonOperator): Insert> on 2023-11-19 00:00:00+00:00
[2023-11-23T03:42:12.486+0000] {standard_task_runner.py:57} INFO - Started process 567 to run task
[2023-11-23T03:42:12.501+0000] {standard_task_runner.py:84} INFO - Running: ['***', 'tasks', 'run', 'outcomes_dag', 'Insert', 'scheduled__2023-11-19T00:00:00+00:00', '--job-id', '166', '--raw', '--subdir', 'DAGS_FOLDER/outcomes_dag.py', '--cfg-path', '/tmp/tmpjl3b7epy']
[2023-11-23T03:42:12.507+0000] {standard_task_runner.py:85} INFO - Job 166: Subtask Insert
[2023-11-23T03:42:12.625+0000] {task_command.py:416} INFO - Running <TaskInstance: outcomes_dag.Insert scheduled__2023-11-19T00:00:00+00:00 [running]> on host e647c96745b0
[2023-11-23T03:42:12.734+0000] {taskinstance.py:1662} INFO - Exporting env vars: AIRFLOW_CTX_DAG_OWNER='***' AIRFLOW_CTX_DAG_ID='outcomes_dag' AIRFLOW_CTX_TASK_ID='Insert' AIRFLOW_CTX_EXECUTION_DATE='2023-11-19T00:00:00+00:00' AIRFLOW_CTX_TRY_NUMBER='1' AIRFLOW_CTX_DAG_RUN_ID='scheduled__2023-11-19T00:00:00+00:00'
[2023-11-23T03:42:12.757+0000] {logging_mixin.py:154} INFO - Error executing SQL script: (psycopg2.errors.UniqueViolation) duplicate key value violates unique constraint "animal_dim_pkey"
DETAIL:  Key ("Animal ID")=(A891289) already exists.

[SQL: --- INSERT DATA INTO DIMENSION TABLES

--- Animal Dimension
INSERT INTO animal_dim ("Animal ID", "Name", "Animal Type", "Breed", "Color", "Sex", "DOB")
SELECT DISTINCT "Animal ID", "Name", "Animal Type", "Breed", "Color", "Sex", "DOB"
FROM outcomes_staging
WHERE "Animal ID" IS NOT NULL;

--- Outcomes Dimension
INSERT INTO outcome_type_dim ("Outcome Type")
SELECT DISTINCT "Outcome"
FROM outcomes_staging
WHERE "Outcome" IS NOT NULL;

--- Reproductive Status Dimension
INSERT INTO reproductive_status_dim ("Reproductive Status")
SELECT DISTINCT "Reproductive Status"
FROM outcomes_staging
WHERE "Reproductive Status" IS NOT NULL;

--- Date Dimension
INSERT INTO date_dim ("Date ID", "Day", "Month", "Year")
SELECT DISTINCT "Date ID", "Day", "Month", "Year"
FROM outcomes_staging
WHERE "Date ID" IS NOT NULL;




--- INSERT DATA INTO FACT TABLE
INSERT INTO outcomes_fct ("Date", "Animal", "Outcome", "Repo Status")
SELECT 
    dd."Date ID",
    ad."Animal ID",
    otd."Outcome ID",
    rsd."Status ID"
FROM outcomes_staging os
JOIN date_dim dd ON os."Date ID" = dd."Date ID"
JOIN animal_dim ad ON os."Animal ID" = ad."Animal ID"
JOIN outcome_type_dim otd ON os."Outcome" = otd."Outcome Type"
JOIN reproductive_status_dim rsd ON os."Reproductive Status" = rsd."Reproductive Status";

]
(Background on this error at: https://sqlalche.me/e/14/gkpj)
[2023-11-23T03:42:12.758+0000] {python.py:194} INFO - Done. Returned value was: None
[2023-11-23T03:42:12.769+0000] {taskinstance.py:1400} INFO - Marking task as SUCCESS. dag_id=outcomes_dag, task_id=Insert, execution_date=20231119T000000, start_date=20231123T034212, end_date=20231123T034212
[2023-11-23T03:42:12.828+0000] {local_task_job_runner.py:228} INFO - Task exited with return code 0
