[2023-11-20T22:16:37.056+0000] {taskinstance.py:1159} INFO - Dependencies all met for dep_context=non-requeueable deps ti=<TaskInstance: outcomes_dag.step1 scheduled__2023-11-03T00:00:00+00:00 [queued]>
[2023-11-20T22:16:37.080+0000] {taskinstance.py:1159} INFO - Dependencies all met for dep_context=requeueable deps ti=<TaskInstance: outcomes_dag.step1 scheduled__2023-11-03T00:00:00+00:00 [queued]>
[2023-11-20T22:16:37.083+0000] {taskinstance.py:1361} INFO - Starting attempt 1 of 1
[2023-11-20T22:16:37.127+0000] {taskinstance.py:1382} INFO - Executing <Task(BashOperator): step1> on 2023-11-03 00:00:00+00:00
[2023-11-20T22:16:37.148+0000] {standard_task_runner.py:57} INFO - Started process 338 to run task
[2023-11-20T22:16:37.187+0000] {standard_task_runner.py:84} INFO - Running: ['***', 'tasks', 'run', 'outcomes_dag', 'step1', 'scheduled__2023-11-03T00:00:00+00:00', '--job-id', '12', '--raw', '--subdir', 'DAGS_FOLDER/outcomes_dag.py', '--cfg-path', '/tmp/tmpmb6u9q88']
[2023-11-20T22:16:37.197+0000] {standard_task_runner.py:85} INFO - Job 12: Subtask step1
[2023-11-20T22:16:37.385+0000] {task_command.py:416} INFO - Running <TaskInstance: outcomes_dag.step1 scheduled__2023-11-03T00:00:00+00:00 [running]> on host 323903d45442
[2023-11-20T22:16:37.794+0000] {taskinstance.py:1662} INFO - Exporting env vars: AIRFLOW_CTX_DAG_OWNER='***' AIRFLOW_CTX_DAG_ID='outcomes_dag' AIRFLOW_CTX_TASK_ID='step1' AIRFLOW_CTX_EXECUTION_DATE='2023-11-03T00:00:00+00:00' AIRFLOW_CTX_TRY_NUMBER='1' AIRFLOW_CTX_DAG_RUN_ID='scheduled__2023-11-03T00:00:00+00:00'
[2023-11-20T22:16:37.803+0000] {subprocess.py:63} INFO - Tmp dir root location: /tmp
[2023-11-20T22:16:37.809+0000] {subprocess.py:75} INFO - Running command: ['/bin/bash', '-c', 'echo 1']
[2023-11-20T22:16:37.860+0000] {subprocess.py:86} INFO - Output:
[2023-11-20T22:16:37.872+0000] {subprocess.py:93} INFO - 1
[2023-11-20T22:16:37.895+0000] {subprocess.py:97} INFO - Command exited with return code 0
[2023-11-20T22:16:37.954+0000] {taskinstance.py:1400} INFO - Marking task as SUCCESS. dag_id=outcomes_dag, task_id=step1, execution_date=20231103T000000, start_date=20231120T221637, end_date=20231120T221637
[2023-11-20T22:16:38.064+0000] {local_task_job_runner.py:228} INFO - Task exited with return code 0
[2023-11-20T22:16:38.193+0000] {taskinstance.py:2778} INFO - 0 downstream tasks scheduled from follow-on schedule check
[2023-11-21T01:20:12.257+0000] {taskinstance.py:1159} INFO - Dependencies all met for dep_context=non-requeueable deps ti=<TaskInstance: outcomes_dag.step1 scheduled__2023-11-03T00:00:00+00:00 [queued]>
[2023-11-21T01:20:12.351+0000] {taskinstance.py:1159} INFO - Dependencies all met for dep_context=requeueable deps ti=<TaskInstance: outcomes_dag.step1 scheduled__2023-11-03T00:00:00+00:00 [queued]>
[2023-11-21T01:20:12.382+0000] {taskinstance.py:1361} INFO - Starting attempt 1 of 1
[2023-11-21T01:20:12.545+0000] {taskinstance.py:1382} INFO - Executing <Task(BashOperator): step1> on 2023-11-03 00:00:00+00:00
[2023-11-21T01:20:12.816+0000] {standard_task_runner.py:57} INFO - Started process 95 to run task
[2023-11-21T01:20:12.979+0000] {standard_task_runner.py:84} INFO - Running: ['***', 'tasks', 'run', 'outcomes_dag', 'step1', 'scheduled__2023-11-03T00:00:00+00:00', '--job-id', '7', '--raw', '--subdir', 'DAGS_FOLDER/outcomes_dag.py', '--cfg-path', '/tmp/tmp871dqjr7']
[2023-11-21T01:20:13.105+0000] {standard_task_runner.py:85} INFO - Job 7: Subtask step1
[2023-11-21T01:20:14.009+0000] {task_command.py:416} INFO - Running <TaskInstance: outcomes_dag.step1 scheduled__2023-11-03T00:00:00+00:00 [running]> on host f31a30014ab0
[2023-11-21T01:20:30.259+0000] {taskinstance.py:1662} INFO - Exporting env vars: AIRFLOW_CTX_DAG_OWNER='***' AIRFLOW_CTX_DAG_ID='outcomes_dag' AIRFLOW_CTX_TASK_ID='step1' AIRFLOW_CTX_EXECUTION_DATE='2023-11-03T00:00:00+00:00' AIRFLOW_CTX_TRY_NUMBER='1' AIRFLOW_CTX_DAG_RUN_ID='scheduled__2023-11-03T00:00:00+00:00'
[2023-11-21T01:20:30.331+0000] {subprocess.py:63} INFO - Tmp dir root location: /tmp
[2023-11-21T01:20:30.345+0000] {subprocess.py:75} INFO - Running command: ['/bin/bash', '-c', 'curl --create-dirs -o /opt/***/data/2023-11-03/downloads/outcomes_2023-11-03.json https://data.austintexas.gov/resource/9t4d-g238.json']
[2023-11-21T01:20:30.601+0000] {subprocess.py:86} INFO - Output:
[2023-11-21T01:20:30.748+0000] {subprocess.py:93} INFO -   % Total    % Received % Xferd  Average Speed   Time    Time     Time  Current
[2023-11-21T01:20:30.751+0000] {subprocess.py:93} INFO -                                  Dload  Upload   Total   Spent    Left  Speed
[2023-11-21T01:20:32.097+0000] {subprocess.py:93} INFO -   0     0    0     0    0     0      0      0 --:--:-- --:--:-- --:--:--     0  0     0    0     0    0     0      0      0 --:--:-- --:--:-- --:--:--     0100  286k    0  286k    0     0   211k      0 --:--:--  0:00:01 --:--:--  211k100  320k    0  320k    0     0   236k      0 --:--:--  0:00:01 --:--:--  236k
[2023-11-21T01:20:32.226+0000] {subprocess.py:97} INFO - Command exited with return code 0
[2023-11-21T01:20:32.847+0000] {taskinstance.py:1400} INFO - Marking task as SUCCESS. dag_id=outcomes_dag, task_id=step1, execution_date=20231103T000000, start_date=20231121T012012, end_date=20231121T012032
[2023-11-21T01:20:33.056+0000] {local_task_job_runner.py:228} INFO - Task exited with return code 0
[2023-11-21T01:20:33.514+0000] {taskinstance.py:2778} INFO - 1 downstream tasks scheduled from follow-on schedule check
[2023-11-21T02:36:04.114+0000] {taskinstance.py:1159} INFO - Dependencies all met for dep_context=non-requeueable deps ti=<TaskInstance: outcomes_dag.step1 scheduled__2023-11-03T00:00:00+00:00 [queued]>
[2023-11-21T02:36:04.137+0000] {taskinstance.py:1159} INFO - Dependencies all met for dep_context=requeueable deps ti=<TaskInstance: outcomes_dag.step1 scheduled__2023-11-03T00:00:00+00:00 [queued]>
[2023-11-21T02:36:04.140+0000] {taskinstance.py:1361} INFO - Starting attempt 1 of 1
[2023-11-21T02:36:04.161+0000] {taskinstance.py:1382} INFO - Executing <Task(BashOperator): step1> on 2023-11-03 00:00:00+00:00
[2023-11-21T02:36:04.179+0000] {standard_task_runner.py:57} INFO - Started process 84 to run task
[2023-11-21T02:36:04.221+0000] {standard_task_runner.py:84} INFO - Running: ['***', 'tasks', 'run', 'outcomes_dag', 'step1', 'scheduled__2023-11-03T00:00:00+00:00', '--job-id', '4', '--raw', '--subdir', 'DAGS_FOLDER/outcomes_dag.py', '--cfg-path', '/tmp/tmppapj7bs4']
[2023-11-21T02:36:04.258+0000] {standard_task_runner.py:85} INFO - Job 4: Subtask step1
[2023-11-21T02:36:04.491+0000] {task_command.py:416} INFO - Running <TaskInstance: outcomes_dag.step1 scheduled__2023-11-03T00:00:00+00:00 [running]> on host b875fa978b1e
[2023-11-21T02:36:08.089+0000] {taskinstance.py:1662} INFO - Exporting env vars: AIRFLOW_CTX_DAG_OWNER='***' AIRFLOW_CTX_DAG_ID='outcomes_dag' AIRFLOW_CTX_TASK_ID='step1' AIRFLOW_CTX_EXECUTION_DATE='2023-11-03T00:00:00+00:00' AIRFLOW_CTX_TRY_NUMBER='1' AIRFLOW_CTX_DAG_RUN_ID='scheduled__2023-11-03T00:00:00+00:00'
[2023-11-21T02:36:08.098+0000] {subprocess.py:63} INFO - Tmp dir root location: /tmp
[2023-11-21T02:36:08.099+0000] {subprocess.py:75} INFO - Running command: ['/bin/bash', '-c', 'curl --create-dirs -o /opt/***/data/2023-11-03/downloads/outcomes_2023-11-03.json https://data.austintexas.gov/resource/9t4d-g238.json']
[2023-11-21T02:36:08.224+0000] {subprocess.py:86} INFO - Output:
[2023-11-21T02:36:08.294+0000] {subprocess.py:93} INFO -   % Total    % Received % Xferd  Average Speed   Time    Time     Time  Current
[2023-11-21T02:36:08.294+0000] {subprocess.py:93} INFO -                                  Dload  Upload   Total   Spent    Left  Speed
[2023-11-21T02:36:09.371+0000] {subprocess.py:93} INFO -   0     0    0     0    0     0      0      0 --:--:-- --:--:-- --:--:--     0100  110k    0  110k    0     0   111k      0 --:--:-- --:--:-- --:--:--  111k100  320k    0  320k    0     0   298k      0 --:--:--  0:00:01 --:--:--  298k
[2023-11-21T02:36:09.436+0000] {subprocess.py:97} INFO - Command exited with return code 0
[2023-11-21T02:36:10.069+0000] {taskinstance.py:1400} INFO - Marking task as SUCCESS. dag_id=outcomes_dag, task_id=step1, execution_date=20231103T000000, start_date=20231121T023604, end_date=20231121T023610
[2023-11-21T02:36:10.282+0000] {local_task_job_runner.py:228} INFO - Task exited with return code 0
[2023-11-21T02:36:10.686+0000] {taskinstance.py:2778} INFO - 0 downstream tasks scheduled from follow-on schedule check
