[2023-11-23T00:00:01.756+0000] {taskinstance.py:1159} INFO - Dependencies all met for dep_context=non-requeueable deps ti=<TaskInstance: outcomes_dag.Extract scheduled__2023-11-22T00:00:00+00:00 [queued]>
[2023-11-23T00:00:01.761+0000] {taskinstance.py:1159} INFO - Dependencies all met for dep_context=requeueable deps ti=<TaskInstance: outcomes_dag.Extract scheduled__2023-11-22T00:00:00+00:00 [queued]>
[2023-11-23T00:00:01.761+0000] {taskinstance.py:1361} INFO - Starting attempt 1 of 1
[2023-11-23T00:00:01.768+0000] {taskinstance.py:1382} INFO - Executing <Task(PythonOperator): Extract> on 2023-11-22 00:00:00+00:00
[2023-11-23T00:00:01.778+0000] {standard_task_runner.py:57} INFO - Started process 765 to run task
[2023-11-23T00:00:01.781+0000] {standard_task_runner.py:84} INFO - Running: ['***', 'tasks', 'run', 'outcomes_dag', 'Extract', 'scheduled__2023-11-22T00:00:00+00:00', '--job-id', '152', '--raw', '--subdir', 'DAGS_FOLDER/outcomes_dag.py', '--cfg-path', '/tmp/tmplem0_36u']
[2023-11-23T00:00:01.784+0000] {standard_task_runner.py:85} INFO - Job 152: Subtask Extract
[2023-11-23T00:00:01.820+0000] {task_command.py:416} INFO - Running <TaskInstance: outcomes_dag.Extract scheduled__2023-11-22T00:00:00+00:00 [running]> on host 371cae71aa63
[2023-11-23T00:00:01.864+0000] {taskinstance.py:1662} INFO - Exporting env vars: AIRFLOW_CTX_DAG_OWNER='***' AIRFLOW_CTX_DAG_ID='outcomes_dag' AIRFLOW_CTX_TASK_ID='Extract' AIRFLOW_CTX_EXECUTION_DATE='2023-11-22T00:00:00+00:00' AIRFLOW_CTX_TRY_NUMBER='1' AIRFLOW_CTX_DAG_RUN_ID='scheduled__2023-11-22T00:00:00+00:00'
[2023-11-23T00:00:03.514+0000] {logging_mixin.py:154} INFO - Data Deposited into Cloud Storage
[2023-11-23T00:00:03.516+0000] {python.py:194} INFO - Done. Returned value was: None
[2023-11-23T00:00:03.531+0000] {taskinstance.py:1400} INFO - Marking task as SUCCESS. dag_id=outcomes_dag, task_id=Extract, execution_date=20231122T000000, start_date=20231123T000001, end_date=20231123T000003
[2023-11-23T00:00:03.575+0000] {local_task_job_runner.py:228} INFO - Task exited with return code 0
[2023-11-23T00:43:07.675+0000] {taskinstance.py:1159} INFO - Dependencies all met for dep_context=non-requeueable deps ti=<TaskInstance: outcomes_dag.Extract scheduled__2023-11-22T00:00:00+00:00 [queued]>
[2023-11-23T00:43:07.696+0000] {taskinstance.py:1159} INFO - Dependencies all met for dep_context=requeueable deps ti=<TaskInstance: outcomes_dag.Extract scheduled__2023-11-22T00:00:00+00:00 [queued]>
[2023-11-23T00:43:07.706+0000] {taskinstance.py:1361} INFO - Starting attempt 1 of 1
[2023-11-23T00:43:07.722+0000] {taskinstance.py:1382} INFO - Executing <Task(PythonOperator): Extract> on 2023-11-22 00:00:00+00:00
[2023-11-23T00:43:07.737+0000] {standard_task_runner.py:57} INFO - Started process 479 to run task
[2023-11-23T00:43:07.743+0000] {standard_task_runner.py:84} INFO - Running: ['***', 'tasks', 'run', 'outcomes_dag', 'Extract', 'scheduled__2023-11-22T00:00:00+00:00', '--job-id', '121', '--raw', '--subdir', 'DAGS_FOLDER/outcomes_dag.py', '--cfg-path', '/tmp/tmpub83o_da']
[2023-11-23T00:43:07.748+0000] {standard_task_runner.py:85} INFO - Job 121: Subtask Extract
[2023-11-23T00:43:07.813+0000] {task_command.py:416} INFO - Running <TaskInstance: outcomes_dag.Extract scheduled__2023-11-22T00:00:00+00:00 [running]> on host 75913536581a
[2023-11-23T00:43:07.910+0000] {taskinstance.py:1662} INFO - Exporting env vars: AIRFLOW_CTX_DAG_OWNER='***' AIRFLOW_CTX_DAG_ID='outcomes_dag' AIRFLOW_CTX_TASK_ID='Extract' AIRFLOW_CTX_EXECUTION_DATE='2023-11-22T00:00:00+00:00' AIRFLOW_CTX_TRY_NUMBER='1' AIRFLOW_CTX_DAG_RUN_ID='scheduled__2023-11-22T00:00:00+00:00'
[2023-11-23T00:43:09.001+0000] {logging_mixin.py:154} INFO - Data Deposited into Cloud Storage
[2023-11-23T00:43:09.012+0000] {python.py:194} INFO - Done. Returned value was: None
[2023-11-23T00:43:09.053+0000] {taskinstance.py:1400} INFO - Marking task as SUCCESS. dag_id=outcomes_dag, task_id=Extract, execution_date=20231122T000000, start_date=20231123T004307, end_date=20231123T004309
[2023-11-23T00:43:09.138+0000] {local_task_job_runner.py:228} INFO - Task exited with return code 0
[2023-11-23T01:50:00.087+0000] {taskinstance.py:1159} INFO - Dependencies all met for dep_context=non-requeueable deps ti=<TaskInstance: outcomes_dag.Extract scheduled__2023-11-22T00:00:00+00:00 [queued]>
[2023-11-23T01:50:00.092+0000] {taskinstance.py:1159} INFO - Dependencies all met for dep_context=requeueable deps ti=<TaskInstance: outcomes_dag.Extract scheduled__2023-11-22T00:00:00+00:00 [queued]>
[2023-11-23T01:50:00.092+0000] {taskinstance.py:1361} INFO - Starting attempt 1 of 1
[2023-11-23T01:50:00.098+0000] {taskinstance.py:1382} INFO - Executing <Task(PythonOperator): Extract> on 2023-11-22 00:00:00+00:00
[2023-11-23T01:50:00.104+0000] {standard_task_runner.py:57} INFO - Started process 271 to run task
[2023-11-23T01:50:00.107+0000] {standard_task_runner.py:84} INFO - Running: ['***', 'tasks', 'run', 'outcomes_dag', 'Extract', 'scheduled__2023-11-22T00:00:00+00:00', '--job-id', '71', '--raw', '--subdir', 'DAGS_FOLDER/outcomes_dag.py', '--cfg-path', '/tmp/tmpnsw0ssxy']
[2023-11-23T01:50:00.111+0000] {standard_task_runner.py:85} INFO - Job 71: Subtask Extract
[2023-11-23T01:50:00.157+0000] {task_command.py:416} INFO - Running <TaskInstance: outcomes_dag.Extract scheduled__2023-11-22T00:00:00+00:00 [running]> on host d15d3caa5b00
[2023-11-23T01:50:00.203+0000] {taskinstance.py:1662} INFO - Exporting env vars: AIRFLOW_CTX_DAG_OWNER='***' AIRFLOW_CTX_DAG_ID='outcomes_dag' AIRFLOW_CTX_TASK_ID='Extract' AIRFLOW_CTX_EXECUTION_DATE='2023-11-22T00:00:00+00:00' AIRFLOW_CTX_TRY_NUMBER='1' AIRFLOW_CTX_DAG_RUN_ID='scheduled__2023-11-22T00:00:00+00:00'
[2023-11-23T01:50:01.223+0000] {logging_mixin.py:154} INFO - Data Deposited into Cloud Storage
[2023-11-23T01:50:01.224+0000] {python.py:194} INFO - Done. Returned value was: None
[2023-11-23T01:50:01.235+0000] {taskinstance.py:1400} INFO - Marking task as SUCCESS. dag_id=outcomes_dag, task_id=Extract, execution_date=20231122T000000, start_date=20231123T015000, end_date=20231123T015001
[2023-11-23T01:50:01.263+0000] {local_task_job_runner.py:228} INFO - Task exited with return code 0
[2023-11-23T01:58:36.415+0000] {taskinstance.py:1159} INFO - Dependencies all met for dep_context=non-requeueable deps ti=<TaskInstance: outcomes_dag.Extract scheduled__2023-11-22T00:00:00+00:00 [queued]>
[2023-11-23T01:58:36.429+0000] {taskinstance.py:1159} INFO - Dependencies all met for dep_context=requeueable deps ti=<TaskInstance: outcomes_dag.Extract scheduled__2023-11-22T00:00:00+00:00 [queued]>
[2023-11-23T01:58:36.435+0000] {taskinstance.py:1361} INFO - Starting attempt 1 of 1
[2023-11-23T01:58:36.459+0000] {taskinstance.py:1382} INFO - Executing <Task(PythonOperator): Extract> on 2023-11-22 00:00:00+00:00
[2023-11-23T01:58:36.473+0000] {standard_task_runner.py:57} INFO - Started process 71 to run task
[2023-11-23T01:58:36.483+0000] {standard_task_runner.py:84} INFO - Running: ['***', 'tasks', 'run', 'outcomes_dag', 'Extract', 'scheduled__2023-11-22T00:00:00+00:00', '--job-id', '6', '--raw', '--subdir', 'DAGS_FOLDER/outcomes_dag.py', '--cfg-path', '/tmp/tmpikhxelge']
[2023-11-23T01:58:36.500+0000] {standard_task_runner.py:85} INFO - Job 6: Subtask Extract
[2023-11-23T01:58:36.574+0000] {task_command.py:416} INFO - Running <TaskInstance: outcomes_dag.Extract scheduled__2023-11-22T00:00:00+00:00 [running]> on host 3cdc572bc068
[2023-11-23T01:58:36.672+0000] {taskinstance.py:1662} INFO - Exporting env vars: AIRFLOW_CTX_DAG_OWNER='***' AIRFLOW_CTX_DAG_ID='outcomes_dag' AIRFLOW_CTX_TASK_ID='Extract' AIRFLOW_CTX_EXECUTION_DATE='2023-11-22T00:00:00+00:00' AIRFLOW_CTX_TRY_NUMBER='1' AIRFLOW_CTX_DAG_RUN_ID='scheduled__2023-11-22T00:00:00+00:00'
[2023-11-23T01:58:37.772+0000] {logging_mixin.py:154} INFO - Data Deposited into Cloud Storage
[2023-11-23T01:58:37.775+0000] {python.py:194} INFO - Done. Returned value was: None
[2023-11-23T01:58:37.794+0000] {taskinstance.py:1400} INFO - Marking task as SUCCESS. dag_id=outcomes_dag, task_id=Extract, execution_date=20231122T000000, start_date=20231123T015836, end_date=20231123T015837
[2023-11-23T01:58:37.833+0000] {local_task_job_runner.py:228} INFO - Task exited with return code 0
[2023-11-23T02:59:36.706+0000] {taskinstance.py:1159} INFO - Dependencies all met for dep_context=non-requeueable deps ti=<TaskInstance: outcomes_dag.Extract scheduled__2023-11-22T00:00:00+00:00 [queued]>
[2023-11-23T02:59:36.719+0000] {taskinstance.py:1159} INFO - Dependencies all met for dep_context=requeueable deps ti=<TaskInstance: outcomes_dag.Extract scheduled__2023-11-22T00:00:00+00:00 [queued]>
[2023-11-23T02:59:36.724+0000] {taskinstance.py:1361} INFO - Starting attempt 1 of 1
[2023-11-23T02:59:37.584+0000] {taskinstance.py:1382} INFO - Executing <Task(PythonOperator): Extract> on 2023-11-22 00:00:00+00:00
[2023-11-23T02:59:37.594+0000] {standard_task_runner.py:57} INFO - Started process 117 to run task
[2023-11-23T02:59:37.622+0000] {standard_task_runner.py:84} INFO - Running: ['***', 'tasks', 'run', 'outcomes_dag', 'Extract', 'scheduled__2023-11-22T00:00:00+00:00', '--job-id', '6', '--raw', '--subdir', 'DAGS_FOLDER/outcomes_dag.py', '--cfg-path', '/tmp/tmp42uanpwu']
[2023-11-23T02:59:37.641+0000] {standard_task_runner.py:85} INFO - Job 6: Subtask Extract
[2023-11-23T02:59:37.755+0000] {task_command.py:416} INFO - Running <TaskInstance: outcomes_dag.Extract scheduled__2023-11-22T00:00:00+00:00 [running]> on host 1268bd8e5db0
[2023-11-23T02:59:37.852+0000] {taskinstance.py:1662} INFO - Exporting env vars: AIRFLOW_CTX_DAG_OWNER='***' AIRFLOW_CTX_DAG_ID='outcomes_dag' AIRFLOW_CTX_TASK_ID='Extract' AIRFLOW_CTX_EXECUTION_DATE='2023-11-22T00:00:00+00:00' AIRFLOW_CTX_TRY_NUMBER='1' AIRFLOW_CTX_DAG_RUN_ID='scheduled__2023-11-22T00:00:00+00:00'
[2023-11-23T02:59:39.791+0000] {logging_mixin.py:154} INFO - Data Deposited into Cloud Storage
[2023-11-23T02:59:39.794+0000] {python.py:194} INFO - Done. Returned value was: None
[2023-11-23T02:59:39.819+0000] {taskinstance.py:1400} INFO - Marking task as SUCCESS. dag_id=outcomes_dag, task_id=Extract, execution_date=20231122T000000, start_date=20231123T025936, end_date=20231123T025939
[2023-11-23T02:59:39.886+0000] {local_task_job_runner.py:228} INFO - Task exited with return code 0
[2023-11-23T03:42:03.763+0000] {taskinstance.py:1159} INFO - Dependencies all met for dep_context=non-requeueable deps ti=<TaskInstance: outcomes_dag.Extract scheduled__2023-11-22T00:00:00+00:00 [queued]>
[2023-11-23T03:42:03.770+0000] {taskinstance.py:1159} INFO - Dependencies all met for dep_context=requeueable deps ti=<TaskInstance: outcomes_dag.Extract scheduled__2023-11-22T00:00:00+00:00 [queued]>
[2023-11-23T03:42:03.770+0000] {taskinstance.py:1361} INFO - Starting attempt 1 of 1
[2023-11-23T03:42:03.778+0000] {taskinstance.py:1382} INFO - Executing <Task(PythonOperator): Extract> on 2023-11-22 00:00:00+00:00
[2023-11-23T03:42:03.783+0000] {standard_task_runner.py:57} INFO - Started process 522 to run task
[2023-11-23T03:42:03.789+0000] {standard_task_runner.py:84} INFO - Running: ['***', 'tasks', 'run', 'outcomes_dag', 'Extract', 'scheduled__2023-11-22T00:00:00+00:00', '--job-id', '152', '--raw', '--subdir', 'DAGS_FOLDER/outcomes_dag.py', '--cfg-path', '/tmp/tmpa_xd8x8x']
[2023-11-23T03:42:03.792+0000] {standard_task_runner.py:85} INFO - Job 152: Subtask Extract
[2023-11-23T03:42:03.835+0000] {task_command.py:416} INFO - Running <TaskInstance: outcomes_dag.Extract scheduled__2023-11-22T00:00:00+00:00 [running]> on host e647c96745b0
[2023-11-23T03:42:03.891+0000] {taskinstance.py:1662} INFO - Exporting env vars: AIRFLOW_CTX_DAG_OWNER='***' AIRFLOW_CTX_DAG_ID='outcomes_dag' AIRFLOW_CTX_TASK_ID='Extract' AIRFLOW_CTX_EXECUTION_DATE='2023-11-22T00:00:00+00:00' AIRFLOW_CTX_TRY_NUMBER='1' AIRFLOW_CTX_DAG_RUN_ID='scheduled__2023-11-22T00:00:00+00:00'
[2023-11-23T03:42:04.903+0000] {logging_mixin.py:154} INFO - Data Deposited into Cloud Storage
[2023-11-23T03:42:04.906+0000] {python.py:194} INFO - Done. Returned value was: None
[2023-11-23T03:42:04.959+0000] {taskinstance.py:1400} INFO - Marking task as SUCCESS. dag_id=outcomes_dag, task_id=Extract, execution_date=20231122T000000, start_date=20231123T034203, end_date=20231123T034204
[2023-11-23T03:42:05.043+0000] {local_task_job_runner.py:228} INFO - Task exited with return code 0
