[2023-11-22T22:41:36.468+0000] {taskinstance.py:1159} INFO - Dependencies all met for dep_context=non-requeueable deps ti=<TaskInstance: outcomes_dag.Initialize_wharehouse_schema scheduled__2023-11-10T00:00:00+00:00 [queued]>
[2023-11-22T22:41:36.507+0000] {taskinstance.py:1159} INFO - Dependencies all met for dep_context=requeueable deps ti=<TaskInstance: outcomes_dag.Initialize_wharehouse_schema scheduled__2023-11-10T00:00:00+00:00 [queued]>
[2023-11-22T22:41:36.513+0000] {taskinstance.py:1361} INFO - Starting attempt 1 of 1
[2023-11-22T22:41:36.571+0000] {taskinstance.py:1382} INFO - Executing <Task(PythonOperator): Initialize_wharehouse_schema> on 2023-11-10 00:00:00+00:00
[2023-11-22T22:41:36.624+0000] {standard_task_runner.py:57} INFO - Started process 223 to run task
[2023-11-22T22:41:36.661+0000] {standard_task_runner.py:84} INFO - Running: ['***', 'tasks', 'run', 'outcomes_dag', 'Initialize_wharehouse_schema', 'scheduled__2023-11-10T00:00:00+00:00', '--job-id', '40', '--raw', '--subdir', 'DAGS_FOLDER/outcomes_dag.py', '--cfg-path', '/tmp/tmp3twyekio']
[2023-11-22T22:41:36.688+0000] {standard_task_runner.py:85} INFO - Job 40: Subtask Initialize_wharehouse_schema
[2023-11-22T22:41:36.899+0000] {task_command.py:416} INFO - Running <TaskInstance: outcomes_dag.Initialize_wharehouse_schema scheduled__2023-11-10T00:00:00+00:00 [running]> on host 8ac13583809b
[2023-11-22T22:41:37.226+0000] {taskinstance.py:1662} INFO - Exporting env vars: AIRFLOW_CTX_DAG_OWNER='***' AIRFLOW_CTX_DAG_ID='outcomes_dag' AIRFLOW_CTX_TASK_ID='Initialize_wharehouse_schema' AIRFLOW_CTX_EXECUTION_DATE='2023-11-10T00:00:00+00:00' AIRFLOW_CTX_TRY_NUMBER='1' AIRFLOW_CTX_DAG_RUN_ID='scheduled__2023-11-10T00:00:00+00:00'
[2023-11-22T22:41:37.691+0000] {taskinstance.py:1937} ERROR - Task failed with exception
Traceback (most recent call last):
  File "/home/airflow/.local/lib/python3.8/site-packages/airflow/operators/python.py", line 192, in execute
    return_value = self.execute_callable()
  File "/home/airflow/.local/lib/python3.8/site-packages/airflow/operators/python.py", line 209, in execute_callable
    return self.python_callable(*self.op_args, **self.op_kwargs)
  File "/opt/airflow/dags/ETL/load.py", line 16, in execute_sql_script
    client.query(statement)
  File "/home/airflow/.local/lib/python3.8/site-packages/google/cloud/bigquery/client.py", line 3391, in query
    return _job_helpers.query_jobs_insert(
  File "/home/airflow/.local/lib/python3.8/site-packages/google/cloud/bigquery/_job_helpers.py", line 114, in query_jobs_insert
    future = do_query()
  File "/home/airflow/.local/lib/python3.8/site-packages/google/cloud/bigquery/_job_helpers.py", line 91, in do_query
    query_job._begin(retry=retry, timeout=timeout)
  File "/home/airflow/.local/lib/python3.8/site-packages/google/cloud/bigquery/job/query.py", line 1370, in _begin
    super(QueryJob, self)._begin(client=client, retry=retry, timeout=timeout)
  File "/home/airflow/.local/lib/python3.8/site-packages/google/cloud/bigquery/job/base.py", line 693, in _begin
    api_response = client._call_api(
  File "/home/airflow/.local/lib/python3.8/site-packages/google/cloud/bigquery/client.py", line 808, in _call_api
    return call()
  File "/home/airflow/.local/lib/python3.8/site-packages/google/api_core/retry.py", line 366, in retry_wrapped_func
    return retry_target(
  File "/home/airflow/.local/lib/python3.8/site-packages/google/api_core/retry.py", line 204, in retry_target
    return target()
  File "/home/airflow/.local/lib/python3.8/site-packages/google/cloud/_http/__init__.py", line 494, in api_request
    raise exceptions.from_http_response(response)
google.api_core.exceptions.Forbidden: 403 POST https://bigquery.googleapis.com/bigquery/v2/projects/dcsc-warehouse/jobs?prettyPrint=false: Access Denied: Project dcsc-warehouse: User does not have bigquery.jobs.create permission in project dcsc-warehouse.

Location: None
Job ID: 183fa2ba-9258-49f4-b6e2-e7a47b3f8f00

[2023-11-22T22:41:37.754+0000] {taskinstance.py:1400} INFO - Marking task as FAILED. dag_id=outcomes_dag, task_id=Initialize_wharehouse_schema, execution_date=20231110T000000, start_date=20231122T224136, end_date=20231122T224137
[2023-11-22T22:41:37.794+0000] {standard_task_runner.py:104} ERROR - Failed to execute job 40 for task Initialize_wharehouse_schema (403 POST https://bigquery.googleapis.com/bigquery/v2/projects/dcsc-warehouse/jobs?prettyPrint=false: Access Denied: Project dcsc-warehouse: User does not have bigquery.jobs.create permission in project dcsc-warehouse.

Location: None
Job ID: 183fa2ba-9258-49f4-b6e2-e7a47b3f8f00
; 223)
[2023-11-22T22:41:37.855+0000] {local_task_job_runner.py:228} INFO - Task exited with return code 1
[2023-11-22T23:00:00.565+0000] {taskinstance.py:1159} INFO - Dependencies all met for dep_context=non-requeueable deps ti=<TaskInstance: outcomes_dag.Initialize_wharehouse_schema scheduled__2023-11-10T00:00:00+00:00 [queued]>
[2023-11-22T23:00:00.600+0000] {taskinstance.py:1159} INFO - Dependencies all met for dep_context=requeueable deps ti=<TaskInstance: outcomes_dag.Initialize_wharehouse_schema scheduled__2023-11-10T00:00:00+00:00 [queued]>
[2023-11-22T23:00:00.602+0000] {taskinstance.py:1361} INFO - Starting attempt 1 of 1
[2023-11-22T23:00:00.643+0000] {taskinstance.py:1382} INFO - Executing <Task(PythonOperator): Initialize_wharehouse_schema> on 2023-11-10 00:00:00+00:00
[2023-11-22T23:00:00.675+0000] {standard_task_runner.py:57} INFO - Started process 222 to run task
[2023-11-22T23:00:00.687+0000] {standard_task_runner.py:84} INFO - Running: ['***', 'tasks', 'run', 'outcomes_dag', 'Initialize_wharehouse_schema', 'scheduled__2023-11-10T00:00:00+00:00', '--job-id', '49', '--raw', '--subdir', 'DAGS_FOLDER/outcomes_dag.py', '--cfg-path', '/tmp/tmp_839vzyf']
[2023-11-22T23:00:00.705+0000] {standard_task_runner.py:85} INFO - Job 49: Subtask Initialize_wharehouse_schema
[2023-11-22T23:00:00.831+0000] {task_command.py:416} INFO - Running <TaskInstance: outcomes_dag.Initialize_wharehouse_schema scheduled__2023-11-10T00:00:00+00:00 [running]> on host 4b2f5af281f8
[2023-11-22T23:00:00.967+0000] {taskinstance.py:1662} INFO - Exporting env vars: AIRFLOW_CTX_DAG_OWNER='***' AIRFLOW_CTX_DAG_ID='outcomes_dag' AIRFLOW_CTX_TASK_ID='Initialize_wharehouse_schema' AIRFLOW_CTX_EXECUTION_DATE='2023-11-10T00:00:00+00:00' AIRFLOW_CTX_TRY_NUMBER='1' AIRFLOW_CTX_DAG_RUN_ID='scheduled__2023-11-10T00:00:00+00:00'
[2023-11-22T23:00:03.217+0000] {python.py:194} INFO - Done. Returned value was: None
[2023-11-22T23:00:03.615+0000] {taskinstance.py:1400} INFO - Marking task as SUCCESS. dag_id=outcomes_dag, task_id=Initialize_wharehouse_schema, execution_date=20231110T000000, start_date=20231122T230000, end_date=20231122T230003
[2023-11-22T23:00:03.935+0000] {local_task_job_runner.py:228} INFO - Task exited with return code 0
[2023-11-23T00:39:32.525+0000] {taskinstance.py:1159} INFO - Dependencies all met for dep_context=non-requeueable deps ti=<TaskInstance: outcomes_dag.Initialize_wharehouse_schema scheduled__2023-11-10T00:00:00+00:00 [queued]>
[2023-11-23T00:39:32.553+0000] {taskinstance.py:1159} INFO - Dependencies all met for dep_context=requeueable deps ti=<TaskInstance: outcomes_dag.Initialize_wharehouse_schema scheduled__2023-11-10T00:00:00+00:00 [queued]>
[2023-11-23T00:39:32.562+0000] {taskinstance.py:1361} INFO - Starting attempt 1 of 1
[2023-11-23T00:39:32.618+0000] {taskinstance.py:1382} INFO - Executing <Task(PythonOperator): Initialize_wharehouse_schema> on 2023-11-10 00:00:00+00:00
[2023-11-23T00:39:32.700+0000] {standard_task_runner.py:57} INFO - Started process 196 to run task
[2023-11-23T00:39:32.762+0000] {standard_task_runner.py:84} INFO - Running: ['***', 'tasks', 'run', 'outcomes_dag', 'Initialize_wharehouse_schema', 'scheduled__2023-11-10T00:00:00+00:00', '--job-id', '37', '--raw', '--subdir', 'DAGS_FOLDER/outcomes_dag.py', '--cfg-path', '/tmp/tmpbib_osl1']
[2023-11-23T00:39:32.805+0000] {standard_task_runner.py:85} INFO - Job 37: Subtask Initialize_wharehouse_schema
[2023-11-23T00:39:33.004+0000] {task_command.py:416} INFO - Running <TaskInstance: outcomes_dag.Initialize_wharehouse_schema scheduled__2023-11-10T00:00:00+00:00 [running]> on host 75913536581a
[2023-11-23T00:39:33.334+0000] {taskinstance.py:1662} INFO - Exporting env vars: AIRFLOW_CTX_DAG_OWNER='***' AIRFLOW_CTX_DAG_ID='outcomes_dag' AIRFLOW_CTX_TASK_ID='Initialize_wharehouse_schema' AIRFLOW_CTX_EXECUTION_DATE='2023-11-10T00:00:00+00:00' AIRFLOW_CTX_TRY_NUMBER='1' AIRFLOW_CTX_DAG_RUN_ID='scheduled__2023-11-10T00:00:00+00:00'
[2023-11-23T00:39:35.098+0000] {python.py:194} INFO - Done. Returned value was: None
[2023-11-23T00:39:35.133+0000] {taskinstance.py:1400} INFO - Marking task as SUCCESS. dag_id=outcomes_dag, task_id=Initialize_wharehouse_schema, execution_date=20231110T000000, start_date=20231123T003932, end_date=20231123T003935
[2023-11-23T00:39:35.165+0000] {local_task_job_runner.py:228} INFO - Task exited with return code 0
