[2023-11-22T23:03:32.234+0000] {taskinstance.py:1159} INFO - Dependencies all met for dep_context=non-requeueable deps ti=<TaskInstance: outcomes_dag.Load_to_staging scheduled__2023-11-21T00:00:00+00:00 [queued]>
[2023-11-22T23:03:32.241+0000] {taskinstance.py:1159} INFO - Dependencies all met for dep_context=requeueable deps ti=<TaskInstance: outcomes_dag.Load_to_staging scheduled__2023-11-21T00:00:00+00:00 [queued]>
[2023-11-22T23:03:32.241+0000] {taskinstance.py:1361} INFO - Starting attempt 1 of 4
[2023-11-22T23:03:32.248+0000] {taskinstance.py:1382} INFO - Executing <Task(PythonOperator): Load_to_staging> on 2023-11-21 00:00:00+00:00
[2023-11-22T23:03:32.256+0000] {standard_task_runner.py:57} INFO - Started process 498 to run task
[2023-11-22T23:03:32.260+0000] {standard_task_runner.py:84} INFO - Running: ['***', 'tasks', 'run', 'outcomes_dag', 'Load_to_staging', 'scheduled__2023-11-21T00:00:00+00:00', '--job-id', '130', '--raw', '--subdir', 'DAGS_FOLDER/outcomes_dag.py', '--cfg-path', '/tmp/tmpyxn0zdyh']
[2023-11-22T23:03:32.270+0000] {standard_task_runner.py:85} INFO - Job 130: Subtask Load_to_staging
[2023-11-22T23:03:32.322+0000] {task_command.py:416} INFO - Running <TaskInstance: outcomes_dag.Load_to_staging scheduled__2023-11-21T00:00:00+00:00 [running]> on host 4b2f5af281f8
[2023-11-22T23:03:32.378+0000] {taskinstance.py:1662} INFO - Exporting env vars: AIRFLOW_CTX_DAG_OWNER='***' AIRFLOW_CTX_DAG_ID='outcomes_dag' AIRFLOW_CTX_TASK_ID='Load_to_staging' AIRFLOW_CTX_EXECUTION_DATE='2023-11-21T00:00:00+00:00' AIRFLOW_CTX_TRY_NUMBER='1' AIRFLOW_CTX_DAG_RUN_ID='scheduled__2023-11-21T00:00:00+00:00'
[2023-11-22T23:03:32.939+0000] {taskinstance.py:1937} ERROR - Task failed with exception
Traceback (most recent call last):
  File "/home/airflow/.local/lib/python3.8/site-packages/airflow/operators/python.py", line 192, in execute
    return_value = self.execute_callable()
  File "/home/airflow/.local/lib/python3.8/site-packages/airflow/operators/python.py", line 209, in execute_callable
    return self.python_callable(*self.op_args, **self.op_kwargs)
  File "/opt/airflow/dags/ETL/load.py", line 31, in data_to_staging
    load_job = client.load_table_from_uri(uri, table_ref, job_config=job_config)
  File "/home/airflow/.local/lib/python3.8/site-packages/google/cloud/bigquery/client.py", line 2375, in load_table_from_uri
    load_job._begin(retry=retry, timeout=timeout)
  File "/home/airflow/.local/lib/python3.8/site-packages/google/cloud/bigquery/job/base.py", line 693, in _begin
    api_response = client._call_api(
  File "/home/airflow/.local/lib/python3.8/site-packages/google/cloud/bigquery/client.py", line 808, in _call_api
    return call()
  File "/home/airflow/.local/lib/python3.8/site-packages/google/api_core/retry.py", line 366, in retry_wrapped_func
    return retry_target(
  File "/home/airflow/.local/lib/python3.8/site-packages/google/api_core/retry.py", line 204, in retry_target
    return target()
  File "/home/airflow/.local/lib/python3.8/site-packages/google/cloud/_http/__init__.py", line 494, in api_request
    raise exceptions.from_http_response(response)
google.api_core.exceptions.NotFound: 404 POST https://bigquery.googleapis.com/bigquery/v2/projects/dcsc-warehouse/jobs?prettyPrint=false: Not found: Dataset dcsc-warehouse:dcsc-warehouse.shelter_warehouse_schema
[2023-11-22T23:03:32.962+0000] {taskinstance.py:1400} INFO - Marking task as UP_FOR_RETRY. dag_id=outcomes_dag, task_id=Load_to_staging, execution_date=20231121T000000, start_date=20231122T230332, end_date=20231122T230332
[2023-11-22T23:03:32.972+0000] {standard_task_runner.py:104} ERROR - Failed to execute job 130 for task Load_to_staging (404 POST https://bigquery.googleapis.com/bigquery/v2/projects/dcsc-warehouse/jobs?prettyPrint=false: Not found: Dataset dcsc-warehouse:dcsc-warehouse.shelter_warehouse_schema; 498)
[2023-11-22T23:03:33.012+0000] {local_task_job_runner.py:228} INFO - Task exited with return code 1
[2023-11-22T23:24:04.505+0000] {taskinstance.py:1159} INFO - Dependencies all met for dep_context=non-requeueable deps ti=<TaskInstance: outcomes_dag.Load_to_staging scheduled__2023-11-21T00:00:00+00:00 [queued]>
[2023-11-22T23:24:04.511+0000] {taskinstance.py:1159} INFO - Dependencies all met for dep_context=requeueable deps ti=<TaskInstance: outcomes_dag.Load_to_staging scheduled__2023-11-21T00:00:00+00:00 [queued]>
[2023-11-22T23:24:04.511+0000] {taskinstance.py:1361} INFO - Starting attempt 1 of 4
[2023-11-22T23:24:04.518+0000] {taskinstance.py:1382} INFO - Executing <Task(PythonOperator): Load_to_staging> on 2023-11-21 00:00:00+00:00
[2023-11-22T23:24:04.525+0000] {standard_task_runner.py:57} INFO - Started process 447 to run task
[2023-11-22T23:24:04.528+0000] {standard_task_runner.py:84} INFO - Running: ['***', 'tasks', 'run', 'outcomes_dag', 'Load_to_staging', 'scheduled__2023-11-21T00:00:00+00:00', '--job-id', '113', '--raw', '--subdir', 'DAGS_FOLDER/outcomes_dag.py', '--cfg-path', '/tmp/tmphcr0gd5m']
[2023-11-22T23:24:04.529+0000] {standard_task_runner.py:85} INFO - Job 113: Subtask Load_to_staging
[2023-11-22T23:24:04.563+0000] {task_command.py:416} INFO - Running <TaskInstance: outcomes_dag.Load_to_staging scheduled__2023-11-21T00:00:00+00:00 [running]> on host b410bfb4af5e
[2023-11-22T23:24:04.608+0000] {taskinstance.py:1662} INFO - Exporting env vars: AIRFLOW_CTX_DAG_OWNER='***' AIRFLOW_CTX_DAG_ID='outcomes_dag' AIRFLOW_CTX_TASK_ID='Load_to_staging' AIRFLOW_CTX_EXECUTION_DATE='2023-11-21T00:00:00+00:00' AIRFLOW_CTX_TRY_NUMBER='1' AIRFLOW_CTX_DAG_RUN_ID='scheduled__2023-11-21T00:00:00+00:00'
[2023-11-22T23:24:05.127+0000] {taskinstance.py:1937} ERROR - Task failed with exception
Traceback (most recent call last):
  File "/home/airflow/.local/lib/python3.8/site-packages/airflow/operators/python.py", line 192, in execute
    return_value = self.execute_callable()
  File "/home/airflow/.local/lib/python3.8/site-packages/airflow/operators/python.py", line 209, in execute_callable
    return self.python_callable(*self.op_args, **self.op_kwargs)
  File "/opt/airflow/dags/ETL/load.py", line 33, in data_to_staging
    load_job.result()  # Wait for the job to complete
  File "/home/airflow/.local/lib/python3.8/site-packages/google/cloud/bigquery/job/base.py", line 922, in result
    return super(_AsyncJob, self).result(timeout=timeout, **kwargs)
  File "/home/airflow/.local/lib/python3.8/site-packages/google/api_core/future/polling.py", line 261, in result
    raise self._exception
google.api_core.exceptions.BadRequest: 400 No schema specified on job or table.
[2023-11-22T23:24:05.147+0000] {taskinstance.py:1400} INFO - Marking task as UP_FOR_RETRY. dag_id=outcomes_dag, task_id=Load_to_staging, execution_date=20231121T000000, start_date=20231122T232404, end_date=20231122T232405
[2023-11-22T23:24:05.156+0000] {standard_task_runner.py:104} ERROR - Failed to execute job 113 for task Load_to_staging (400 No schema specified on job or table.; 447)
[2023-11-22T23:24:05.200+0000] {local_task_job_runner.py:228} INFO - Task exited with return code 1
[2023-11-22T23:46:43.202+0000] {taskinstance.py:1159} INFO - Dependencies all met for dep_context=non-requeueable deps ti=<TaskInstance: outcomes_dag.Load_to_staging scheduled__2023-11-21T00:00:00+00:00 [queued]>
[2023-11-22T23:46:43.213+0000] {taskinstance.py:1159} INFO - Dependencies all met for dep_context=requeueable deps ti=<TaskInstance: outcomes_dag.Load_to_staging scheduled__2023-11-21T00:00:00+00:00 [queued]>
[2023-11-22T23:46:43.214+0000] {taskinstance.py:1361} INFO - Starting attempt 1 of 4
[2023-11-22T23:46:43.228+0000] {taskinstance.py:1382} INFO - Executing <Task(PythonOperator): Load_to_staging> on 2023-11-21 00:00:00+00:00
[2023-11-22T23:46:43.241+0000] {standard_task_runner.py:57} INFO - Started process 441 to run task
[2023-11-22T23:46:43.246+0000] {standard_task_runner.py:84} INFO - Running: ['***', 'tasks', 'run', 'outcomes_dag', 'Load_to_staging', 'scheduled__2023-11-21T00:00:00+00:00', '--job-id', '109', '--raw', '--subdir', 'DAGS_FOLDER/outcomes_dag.py', '--cfg-path', '/tmp/tmp7mp7_1kq']
[2023-11-22T23:46:43.247+0000] {standard_task_runner.py:85} INFO - Job 109: Subtask Load_to_staging
[2023-11-22T23:46:43.307+0000] {task_command.py:416} INFO - Running <TaskInstance: outcomes_dag.Load_to_staging scheduled__2023-11-21T00:00:00+00:00 [running]> on host 371cae71aa63
[2023-11-22T23:46:43.388+0000] {taskinstance.py:1662} INFO - Exporting env vars: AIRFLOW_CTX_DAG_OWNER='***' AIRFLOW_CTX_DAG_ID='outcomes_dag' AIRFLOW_CTX_TASK_ID='Load_to_staging' AIRFLOW_CTX_EXECUTION_DATE='2023-11-21T00:00:00+00:00' AIRFLOW_CTX_TRY_NUMBER='1' AIRFLOW_CTX_DAG_RUN_ID='scheduled__2023-11-21T00:00:00+00:00'
[2023-11-22T23:46:43.615+0000] {taskinstance.py:1937} ERROR - Task failed with exception
Traceback (most recent call last):
  File "/home/airflow/.local/lib/python3.8/site-packages/airflow/operators/python.py", line 192, in execute
    return_value = self.execute_callable()
  File "/home/airflow/.local/lib/python3.8/site-packages/airflow/operators/python.py", line 209, in execute_callable
    return self.python_callable(*self.op_args, **self.op_kwargs)
  File "/opt/airflow/dags/ETL/load.py", line 33, in data_to_staging
    load_job.result()  # Wait for the job to complete
  File "/home/airflow/.local/lib/python3.8/site-packages/google/cloud/bigquery/job/base.py", line 922, in result
    return super(_AsyncJob, self).result(timeout=timeout, **kwargs)
  File "/home/airflow/.local/lib/python3.8/site-packages/google/api_core/future/polling.py", line 261, in result
    raise self._exception
google.api_core.exceptions.BadRequest: 400 No schema specified on job or table.
[2023-11-22T23:46:43.626+0000] {taskinstance.py:1400} INFO - Marking task as UP_FOR_RETRY. dag_id=outcomes_dag, task_id=Load_to_staging, execution_date=20231121T000000, start_date=20231122T234643, end_date=20231122T234643
[2023-11-22T23:46:43.645+0000] {standard_task_runner.py:104} ERROR - Failed to execute job 109 for task Load_to_staging (400 No schema specified on job or table.; 441)
[2023-11-22T23:46:43.660+0000] {local_task_job_runner.py:228} INFO - Task exited with return code 1
[2023-11-23T00:43:16.352+0000] {taskinstance.py:1159} INFO - Dependencies all met for dep_context=non-requeueable deps ti=<TaskInstance: outcomes_dag.Load_to_staging scheduled__2023-11-21T00:00:00+00:00 [queued]>
[2023-11-23T00:43:16.364+0000] {taskinstance.py:1159} INFO - Dependencies all met for dep_context=requeueable deps ti=<TaskInstance: outcomes_dag.Load_to_staging scheduled__2023-11-21T00:00:00+00:00 [queued]>
[2023-11-23T00:43:16.364+0000] {taskinstance.py:1361} INFO - Starting attempt 1 of 4
[2023-11-23T00:43:16.373+0000] {taskinstance.py:1382} INFO - Executing <Task(PythonOperator): Load_to_staging> on 2023-11-21 00:00:00+00:00
[2023-11-23T00:43:16.379+0000] {standard_task_runner.py:57} INFO - Started process 528 to run task
[2023-11-23T00:43:16.384+0000] {standard_task_runner.py:84} INFO - Running: ['***', 'tasks', 'run', 'outcomes_dag', 'Load_to_staging', 'scheduled__2023-11-21T00:00:00+00:00', '--job-id', '138', '--raw', '--subdir', 'DAGS_FOLDER/outcomes_dag.py', '--cfg-path', '/tmp/tmpx15q364t']
[2023-11-23T00:43:16.387+0000] {standard_task_runner.py:85} INFO - Job 138: Subtask Load_to_staging
[2023-11-23T00:43:16.442+0000] {task_command.py:416} INFO - Running <TaskInstance: outcomes_dag.Load_to_staging scheduled__2023-11-21T00:00:00+00:00 [running]> on host 75913536581a
[2023-11-23T00:43:16.521+0000] {taskinstance.py:1662} INFO - Exporting env vars: AIRFLOW_CTX_DAG_OWNER='***' AIRFLOW_CTX_DAG_ID='outcomes_dag' AIRFLOW_CTX_TASK_ID='Load_to_staging' AIRFLOW_CTX_EXECUTION_DATE='2023-11-21T00:00:00+00:00' AIRFLOW_CTX_TRY_NUMBER='1' AIRFLOW_CTX_DAG_RUN_ID='scheduled__2023-11-21T00:00:00+00:00'
[2023-11-23T00:43:17.205+0000] {taskinstance.py:1937} ERROR - Task failed with exception
Traceback (most recent call last):
  File "/home/airflow/.local/lib/python3.8/site-packages/airflow/operators/python.py", line 192, in execute
    return_value = self.execute_callable()
  File "/home/airflow/.local/lib/python3.8/site-packages/airflow/operators/python.py", line 209, in execute_callable
    return self.python_callable(*self.op_args, **self.op_kwargs)
  File "/opt/airflow/dags/ETL/load.py", line 35, in data_to_staging
    load_job.result()  # Wait for the job to complete
  File "/home/airflow/.local/lib/python3.8/site-packages/google/cloud/bigquery/job/base.py", line 922, in result
    return super(_AsyncJob, self).result(timeout=timeout, **kwargs)
  File "/home/airflow/.local/lib/python3.8/site-packages/google/api_core/future/polling.py", line 261, in result
    raise self._exception
google.api_core.exceptions.BadRequest: 400 No schema specified on job or table.
[2023-11-23T00:43:17.223+0000] {taskinstance.py:1400} INFO - Marking task as UP_FOR_RETRY. dag_id=outcomes_dag, task_id=Load_to_staging, execution_date=20231121T000000, start_date=20231123T004316, end_date=20231123T004317
[2023-11-23T00:43:17.243+0000] {standard_task_runner.py:104} ERROR - Failed to execute job 138 for task Load_to_staging (400 No schema specified on job or table.; 528)
[2023-11-23T00:43:17.289+0000] {local_task_job_runner.py:228} INFO - Task exited with return code 1
