[2023-11-20T22:16:45.345+0000] {taskinstance.py:1159} INFO - Dependencies all met for dep_context=non-requeueable deps ti=<TaskInstance: outcomes_dag.step1 scheduled__2023-11-16T00:00:00+00:00 [queued]>
[2023-11-20T22:16:45.350+0000] {taskinstance.py:1159} INFO - Dependencies all met for dep_context=requeueable deps ti=<TaskInstance: outcomes_dag.step1 scheduled__2023-11-16T00:00:00+00:00 [queued]>
[2023-11-20T22:16:45.350+0000] {taskinstance.py:1361} INFO - Starting attempt 1 of 1
[2023-11-20T22:16:45.369+0000] {taskinstance.py:1382} INFO - Executing <Task(BashOperator): step1> on 2023-11-16 00:00:00+00:00
[2023-11-20T22:16:45.375+0000] {standard_task_runner.py:57} INFO - Started process 403 to run task
[2023-11-20T22:16:45.379+0000] {standard_task_runner.py:84} INFO - Running: ['***', 'tasks', 'run', 'outcomes_dag', 'step1', 'scheduled__2023-11-16T00:00:00+00:00', '--job-id', '36', '--raw', '--subdir', 'DAGS_FOLDER/outcomes_dag.py', '--cfg-path', '/tmp/tmp8pdsnnru']
[2023-11-20T22:16:45.383+0000] {standard_task_runner.py:85} INFO - Job 36: Subtask step1
[2023-11-20T22:16:45.431+0000] {task_command.py:416} INFO - Running <TaskInstance: outcomes_dag.step1 scheduled__2023-11-16T00:00:00+00:00 [running]> on host 323903d45442
[2023-11-20T22:16:45.483+0000] {taskinstance.py:1662} INFO - Exporting env vars: AIRFLOW_CTX_DAG_OWNER='***' AIRFLOW_CTX_DAG_ID='outcomes_dag' AIRFLOW_CTX_TASK_ID='step1' AIRFLOW_CTX_EXECUTION_DATE='2023-11-16T00:00:00+00:00' AIRFLOW_CTX_TRY_NUMBER='1' AIRFLOW_CTX_DAG_RUN_ID='scheduled__2023-11-16T00:00:00+00:00'
[2023-11-20T22:16:45.484+0000] {subprocess.py:63} INFO - Tmp dir root location: /tmp
[2023-11-20T22:16:45.484+0000] {subprocess.py:75} INFO - Running command: ['/bin/bash', '-c', 'echo 1']
[2023-11-20T22:16:45.492+0000] {subprocess.py:86} INFO - Output:
[2023-11-20T22:16:45.494+0000] {subprocess.py:93} INFO - 1
[2023-11-20T22:16:45.494+0000] {subprocess.py:97} INFO - Command exited with return code 0
[2023-11-20T22:16:45.513+0000] {taskinstance.py:1400} INFO - Marking task as SUCCESS. dag_id=outcomes_dag, task_id=step1, execution_date=20231116T000000, start_date=20231120T221645, end_date=20231120T221645
[2023-11-20T22:16:45.554+0000] {local_task_job_runner.py:228} INFO - Task exited with return code 0
[2023-11-20T22:16:45.568+0000] {taskinstance.py:2778} INFO - 0 downstream tasks scheduled from follow-on schedule check
[2023-11-21T01:21:06.652+0000] {taskinstance.py:1159} INFO - Dependencies all met for dep_context=non-requeueable deps ti=<TaskInstance: outcomes_dag.step1 scheduled__2023-11-16T00:00:00+00:00 [queued]>
[2023-11-21T01:21:06.717+0000] {taskinstance.py:1159} INFO - Dependencies all met for dep_context=requeueable deps ti=<TaskInstance: outcomes_dag.step1 scheduled__2023-11-16T00:00:00+00:00 [queued]>
[2023-11-21T01:21:06.724+0000] {taskinstance.py:1361} INFO - Starting attempt 1 of 1
[2023-11-21T01:21:06.835+0000] {taskinstance.py:1382} INFO - Executing <Task(BashOperator): step1> on 2023-11-16 00:00:00+00:00
[2023-11-21T01:21:07.174+0000] {standard_task_runner.py:57} INFO - Started process 249 to run task
[2023-11-21T01:21:07.273+0000] {standard_task_runner.py:84} INFO - Running: ['***', 'tasks', 'run', 'outcomes_dag', 'step1', 'scheduled__2023-11-16T00:00:00+00:00', '--job-id', '48', '--raw', '--subdir', 'DAGS_FOLDER/outcomes_dag.py', '--cfg-path', '/tmp/tmppbz55z74']
[2023-11-21T01:21:07.476+0000] {standard_task_runner.py:85} INFO - Job 48: Subtask step1
[2023-11-21T01:21:08.165+0000] {task_command.py:416} INFO - Running <TaskInstance: outcomes_dag.step1 scheduled__2023-11-16T00:00:00+00:00 [running]> on host f31a30014ab0
[2023-11-21T01:21:13.400+0000] {taskinstance.py:1662} INFO - Exporting env vars: AIRFLOW_CTX_DAG_OWNER='***' AIRFLOW_CTX_DAG_ID='outcomes_dag' AIRFLOW_CTX_TASK_ID='step1' AIRFLOW_CTX_EXECUTION_DATE='2023-11-16T00:00:00+00:00' AIRFLOW_CTX_TRY_NUMBER='1' AIRFLOW_CTX_DAG_RUN_ID='scheduled__2023-11-16T00:00:00+00:00'
[2023-11-21T01:21:13.421+0000] {subprocess.py:63} INFO - Tmp dir root location: /tmp
[2023-11-21T01:21:13.429+0000] {subprocess.py:75} INFO - Running command: ['/bin/bash', '-c', 'curl --create-dirs -o /opt/***/data/2023-11-16/downloads/outcomes_2023-11-16.json https://data.austintexas.gov/resource/9t4d-g238.json']
[2023-11-21T01:21:13.564+0000] {subprocess.py:86} INFO - Output:
[2023-11-21T01:21:13.578+0000] {subprocess.py:93} INFO -   % Total    % Received % Xferd  Average Speed   Time    Time     Time  Current
[2023-11-21T01:21:13.579+0000] {subprocess.py:93} INFO -                                  Dload  Upload   Total   Spent    Left  Speed
[2023-11-21T01:21:14.874+0000] {subprocess.py:93} INFO -   0     0    0     0    0     0      0      0 --:--:-- --:--:-- --:--:--     0  0     0    0     0    0     0      0      0 --:--:-- --:--:-- --:--:--     0100  320k    0  320k    0     0   252k      0 --:--:--  0:00:01 --:--:--  252k
[2023-11-21T01:21:14.885+0000] {subprocess.py:97} INFO - Command exited with return code 0
[2023-11-21T01:21:15.211+0000] {taskinstance.py:1400} INFO - Marking task as SUCCESS. dag_id=outcomes_dag, task_id=step1, execution_date=20231116T000000, start_date=20231121T012106, end_date=20231121T012115
[2023-11-21T01:21:15.361+0000] {local_task_job_runner.py:228} INFO - Task exited with return code 0
[2023-11-21T01:21:15.610+0000] {taskinstance.py:2778} INFO - 1 downstream tasks scheduled from follow-on schedule check
[2023-11-21T02:36:31.911+0000] {taskinstance.py:1159} INFO - Dependencies all met for dep_context=non-requeueable deps ti=<TaskInstance: outcomes_dag.step1 scheduled__2023-11-16T00:00:00+00:00 [queued]>
[2023-11-21T02:36:31.931+0000] {taskinstance.py:1159} INFO - Dependencies all met for dep_context=requeueable deps ti=<TaskInstance: outcomes_dag.step1 scheduled__2023-11-16T00:00:00+00:00 [queued]>
[2023-11-21T02:36:31.931+0000] {taskinstance.py:1361} INFO - Starting attempt 1 of 1
[2023-11-21T02:36:31.949+0000] {taskinstance.py:1382} INFO - Executing <Task(BashOperator): step1> on 2023-11-16 00:00:00+00:00
[2023-11-21T02:36:31.973+0000] {standard_task_runner.py:57} INFO - Started process 289 to run task
[2023-11-21T02:36:31.992+0000] {standard_task_runner.py:84} INFO - Running: ['***', 'tasks', 'run', 'outcomes_dag', 'step1', 'scheduled__2023-11-16T00:00:00+00:00', '--job-id', '52', '--raw', '--subdir', 'DAGS_FOLDER/outcomes_dag.py', '--cfg-path', '/tmp/tmp_w2x2fh3']
[2023-11-21T02:36:32.023+0000] {standard_task_runner.py:85} INFO - Job 52: Subtask step1
[2023-11-21T02:36:32.239+0000] {task_command.py:416} INFO - Running <TaskInstance: outcomes_dag.step1 scheduled__2023-11-16T00:00:00+00:00 [running]> on host b875fa978b1e
[2023-11-21T02:36:33.506+0000] {taskinstance.py:1662} INFO - Exporting env vars: AIRFLOW_CTX_DAG_OWNER='***' AIRFLOW_CTX_DAG_ID='outcomes_dag' AIRFLOW_CTX_TASK_ID='step1' AIRFLOW_CTX_EXECUTION_DATE='2023-11-16T00:00:00+00:00' AIRFLOW_CTX_TRY_NUMBER='1' AIRFLOW_CTX_DAG_RUN_ID='scheduled__2023-11-16T00:00:00+00:00'
[2023-11-21T02:36:33.508+0000] {subprocess.py:63} INFO - Tmp dir root location: /tmp
[2023-11-21T02:36:33.509+0000] {subprocess.py:75} INFO - Running command: ['/bin/bash', '-c', 'curl --create-dirs -o /opt/***/data/2023-11-16/downloads/outcomes_2023-11-16.json https://data.austintexas.gov/resource/9t4d-g238.json']
[2023-11-21T02:36:33.643+0000] {subprocess.py:86} INFO - Output:
[2023-11-21T02:36:33.704+0000] {subprocess.py:93} INFO -   % Total    % Received % Xferd  Average Speed   Time    Time     Time  Current
[2023-11-21T02:36:33.705+0000] {subprocess.py:93} INFO -                                  Dload  Upload   Total   Spent    Left  Speed
[2023-11-21T02:36:34.853+0000] {subprocess.py:93} INFO -   0     0    0     0    0     0      0      0 --:--:-- --:--:-- --:--:--     0  0     0    0     0    0     0      0      0 --:--:-- --:--:-- --:--:--     0100  320k    0  320k    0     0   279k      0 --:--:--  0:00:01 --:--:--  279k
[2023-11-21T02:36:34.868+0000] {subprocess.py:97} INFO - Command exited with return code 0
[2023-11-21T02:36:34.980+0000] {taskinstance.py:1400} INFO - Marking task as SUCCESS. dag_id=outcomes_dag, task_id=step1, execution_date=20231116T000000, start_date=20231121T023631, end_date=20231121T023634
[2023-11-21T02:36:35.060+0000] {local_task_job_runner.py:228} INFO - Task exited with return code 0
[2023-11-21T02:36:35.097+0000] {taskinstance.py:2778} INFO - 1 downstream tasks scheduled from follow-on schedule check
[2023-11-21T03:16:08.868+0000] {taskinstance.py:1159} INFO - Dependencies all met for dep_context=non-requeueable deps ti=<TaskInstance: outcomes_dag.step1 scheduled__2023-11-16T00:00:00+00:00 [queued]>
[2023-11-21T03:16:08.879+0000] {taskinstance.py:1159} INFO - Dependencies all met for dep_context=requeueable deps ti=<TaskInstance: outcomes_dag.step1 scheduled__2023-11-16T00:00:00+00:00 [queued]>
[2023-11-21T03:16:08.879+0000] {taskinstance.py:1361} INFO - Starting attempt 1 of 1
[2023-11-21T03:16:08.895+0000] {taskinstance.py:1382} INFO - Executing <Task(BashOperator): step1> on 2023-11-16 00:00:00+00:00
[2023-11-21T03:16:08.936+0000] {standard_task_runner.py:57} INFO - Started process 75 to run task
[2023-11-21T03:16:08.935+0000] {standard_task_runner.py:84} INFO - Running: ['***', 'tasks', 'run', 'outcomes_dag', 'step1', 'scheduled__2023-11-16T00:00:00+00:00', '--job-id', '6', '--raw', '--subdir', 'DAGS_FOLDER/outcomes_dag.py', '--cfg-path', '/tmp/tmp2mz2hbnb']
[2023-11-21T03:16:10.064+0000] {standard_task_runner.py:85} INFO - Job 6: Subtask step1
[2023-11-21T03:16:10.195+0000] {task_command.py:416} INFO - Running <TaskInstance: outcomes_dag.step1 scheduled__2023-11-16T00:00:00+00:00 [running]> on host 33d8c5494200
[2023-11-21T03:16:10.294+0000] {taskinstance.py:1662} INFO - Exporting env vars: AIRFLOW_CTX_DAG_OWNER='***' AIRFLOW_CTX_DAG_ID='outcomes_dag' AIRFLOW_CTX_TASK_ID='step1' AIRFLOW_CTX_EXECUTION_DATE='2023-11-16T00:00:00+00:00' AIRFLOW_CTX_TRY_NUMBER='1' AIRFLOW_CTX_DAG_RUN_ID='scheduled__2023-11-16T00:00:00+00:00'
[2023-11-21T03:16:10.296+0000] {subprocess.py:63} INFO - Tmp dir root location: /tmp
[2023-11-21T03:16:10.301+0000] {subprocess.py:75} INFO - Running command: ['/bin/bash', '-c', 'curl --create-dirs -o /opt/***/data/2023-11-16/downloads/outcomes_2023-11-16.json https://data.austintexas.gov/resource/9t4d-g238.json']
[2023-11-21T03:16:10.313+0000] {subprocess.py:86} INFO - Output:
[2023-11-21T03:16:10.321+0000] {subprocess.py:93} INFO -   % Total    % Received % Xferd  Average Speed   Time    Time     Time  Current
[2023-11-21T03:16:10.322+0000] {subprocess.py:93} INFO -                                  Dload  Upload   Total   Spent    Left  Speed
[2023-11-21T03:16:11.435+0000] {subprocess.py:93} INFO -   0     0    0     0    0     0      0      0 --:--:-- --:--:-- --:--:--     0100 31720    0 31720    0     0  33816      0 --:--:-- --:--:-- --:--:-- 33780100  320k    0  320k    0     0   288k      0 --:--:--  0:00:01 --:--:--  288k
[2023-11-21T03:16:11.442+0000] {subprocess.py:97} INFO - Command exited with return code 0
[2023-11-21T03:16:11.515+0000] {taskinstance.py:1400} INFO - Marking task as SUCCESS. dag_id=outcomes_dag, task_id=step1, execution_date=20231116T000000, start_date=20231121T031608, end_date=20231121T031611
[2023-11-21T03:16:11.590+0000] {local_task_job_runner.py:228} INFO - Task exited with return code 0
[2023-11-21T03:16:11.968+0000] {taskinstance.py:2778} INFO - 1 downstream tasks scheduled from follow-on schedule check
