[2023-11-21T01:20:40.578+0000] {taskinstance.py:1159} INFO - Dependencies all met for dep_context=non-requeueable deps ti=<TaskInstance: outcomes_dag.load scheduled__2023-11-08T00:00:00+00:00 [queued]>
[2023-11-21T01:20:40.654+0000] {taskinstance.py:1159} INFO - Dependencies all met for dep_context=requeueable deps ti=<TaskInstance: outcomes_dag.load scheduled__2023-11-08T00:00:00+00:00 [queued]>
[2023-11-21T01:20:40.662+0000] {taskinstance.py:1361} INFO - Starting attempt 1 of 1
[2023-11-21T01:20:40.745+0000] {taskinstance.py:1382} INFO - Executing <Task(PythonOperator): load> on 2023-11-08 00:00:00+00:00
[2023-11-21T01:20:40.966+0000] {standard_task_runner.py:57} INFO - Started process 179 to run task
[2023-11-21T01:20:41.006+0000] {standard_task_runner.py:84} INFO - Running: ['***', 'tasks', 'run', 'outcomes_dag', 'load', 'scheduled__2023-11-08T00:00:00+00:00', '--job-id', '28', '--raw', '--subdir', 'DAGS_FOLDER/outcomes_dag.py', '--cfg-path', '/tmp/tmp_zc87ow0']
[2023-11-21T01:20:41.043+0000] {standard_task_runner.py:85} INFO - Job 28: Subtask load
[2023-11-21T01:20:41.750+0000] {task_command.py:416} INFO - Running <TaskInstance: outcomes_dag.load scheduled__2023-11-08T00:00:00+00:00 [running]> on host f31a30014ab0
[2023-11-21T01:20:47.841+0000] {taskinstance.py:1662} INFO - Exporting env vars: AIRFLOW_CTX_DAG_OWNER='***' AIRFLOW_CTX_DAG_ID='outcomes_dag' AIRFLOW_CTX_TASK_ID='load' AIRFLOW_CTX_EXECUTION_DATE='2023-11-08T00:00:00+00:00' AIRFLOW_CTX_TRY_NUMBER='1' AIRFLOW_CTX_DAG_RUN_ID='scheduled__2023-11-08T00:00:00+00:00'
[2023-11-21T01:20:47.970+0000] {taskinstance.py:1937} ERROR - Task failed with exception
Traceback (most recent call last):
  File "/home/airflow/.local/lib/python3.8/site-packages/airflow/operators/python.py", line 192, in execute
    return_value = self.execute_callable()
  File "/home/airflow/.local/lib/python3.8/site-packages/airflow/operators/python.py", line 209, in execute_callable
    return self.python_callable(*self.op_args, **self.op_kwargs)
  File "/opt/airflow/dags/ETL/load.py", line 11, in load_data
    data_to_staging(filename, engine)
  File "/opt/airflow/dags/ETL/load.py", line 19, in data_to_staging
    data = pd.read_parquet(filename)
  File "/home/airflow/.local/lib/python3.8/site-packages/pandas/io/parquet.py", line 509, in read_parquet
    return impl.read(
  File "/home/airflow/.local/lib/python3.8/site-packages/pandas/io/parquet.py", line 220, in read
    path_or_handle, handles, kwargs["filesystem"] = _get_path_or_handle(
  File "/home/airflow/.local/lib/python3.8/site-packages/pandas/io/parquet.py", line 110, in _get_path_or_handle
    handles = get_handle(
  File "/home/airflow/.local/lib/python3.8/site-packages/pandas/io/common.py", line 868, in get_handle
    handle = open(handle, ioargs.mode)
FileNotFoundError: [Errno 2] No such file or directory: '/opt/airflow/data/2023-11-08/processed/transformed_shelter_data.parquet'
[2023-11-21T01:20:48.029+0000] {taskinstance.py:1400} INFO - Marking task as FAILED. dag_id=outcomes_dag, task_id=load, execution_date=20231108T000000, start_date=20231121T012040, end_date=20231121T012048
[2023-11-21T01:20:48.160+0000] {standard_task_runner.py:104} ERROR - Failed to execute job 28 for task load ([Errno 2] No such file or directory: '/opt/airflow/data/2023-11-08/processed/transformed_shelter_data.parquet'; 179)
[2023-11-21T01:20:48.652+0000] {local_task_job_runner.py:228} INFO - Task exited with return code 1
[2023-11-21T01:20:49.320+0000] {taskinstance.py:2778} INFO - 0 downstream tasks scheduled from follow-on schedule check
[2023-11-21T02:36:18.797+0000] {taskinstance.py:1159} INFO - Dependencies all met for dep_context=non-requeueable deps ti=<TaskInstance: outcomes_dag.load scheduled__2023-11-08T00:00:00+00:00 [queued]>
[2023-11-21T02:36:18.811+0000] {taskinstance.py:1159} INFO - Dependencies all met for dep_context=requeueable deps ti=<TaskInstance: outcomes_dag.load scheduled__2023-11-08T00:00:00+00:00 [queued]>
[2023-11-21T02:36:18.811+0000] {taskinstance.py:1361} INFO - Starting attempt 1 of 1
[2023-11-21T02:36:18.828+0000] {taskinstance.py:1382} INFO - Executing <Task(PythonOperator): load> on 2023-11-08 00:00:00+00:00
[2023-11-21T02:36:18.853+0000] {standard_task_runner.py:57} INFO - Started process 180 to run task
[2023-11-21T02:36:18.859+0000] {standard_task_runner.py:84} INFO - Running: ['***', 'tasks', 'run', 'outcomes_dag', 'load', 'scheduled__2023-11-08T00:00:00+00:00', '--job-id', '31', '--raw', '--subdir', 'DAGS_FOLDER/outcomes_dag.py', '--cfg-path', '/tmp/tmpg16zvl2m']
[2023-11-21T02:36:18.900+0000] {standard_task_runner.py:85} INFO - Job 31: Subtask load
[2023-11-21T02:36:19.143+0000] {task_command.py:416} INFO - Running <TaskInstance: outcomes_dag.load scheduled__2023-11-08T00:00:00+00:00 [running]> on host b875fa978b1e
[2023-11-21T02:36:21.414+0000] {taskinstance.py:1662} INFO - Exporting env vars: AIRFLOW_CTX_DAG_OWNER='***' AIRFLOW_CTX_DAG_ID='outcomes_dag' AIRFLOW_CTX_TASK_ID='load' AIRFLOW_CTX_EXECUTION_DATE='2023-11-08T00:00:00+00:00' AIRFLOW_CTX_TRY_NUMBER='1' AIRFLOW_CTX_DAG_RUN_ID='scheduled__2023-11-08T00:00:00+00:00'
[2023-11-21T02:36:21.507+0000] {taskinstance.py:1937} ERROR - Task failed with exception
Traceback (most recent call last):
  File "/home/airflow/.local/lib/python3.8/site-packages/airflow/operators/python.py", line 192, in execute
    return_value = self.execute_callable()
  File "/home/airflow/.local/lib/python3.8/site-packages/airflow/operators/python.py", line 209, in execute_callable
    return self.python_callable(*self.op_args, **self.op_kwargs)
  File "/opt/airflow/dags/ETL/load.py", line 11, in load_data
    data_to_staging(filename, engine)
  File "/opt/airflow/dags/ETL/load.py", line 19, in data_to_staging
    data = pd.read_parquet(filename)
  File "/home/airflow/.local/lib/python3.8/site-packages/pandas/io/parquet.py", line 509, in read_parquet
    return impl.read(
  File "/home/airflow/.local/lib/python3.8/site-packages/pandas/io/parquet.py", line 220, in read
    path_or_handle, handles, kwargs["filesystem"] = _get_path_or_handle(
  File "/home/airflow/.local/lib/python3.8/site-packages/pandas/io/parquet.py", line 110, in _get_path_or_handle
    handles = get_handle(
  File "/home/airflow/.local/lib/python3.8/site-packages/pandas/io/common.py", line 868, in get_handle
    handle = open(handle, ioargs.mode)
FileNotFoundError: [Errno 2] No such file or directory: '/opt/airflow/data/2023-11-08/processed/transformed_shelter_data.parquet'
[2023-11-21T02:36:21.559+0000] {taskinstance.py:1400} INFO - Marking task as FAILED. dag_id=outcomes_dag, task_id=load, execution_date=20231108T000000, start_date=20231121T023618, end_date=20231121T023621
[2023-11-21T02:36:21.620+0000] {standard_task_runner.py:104} ERROR - Failed to execute job 31 for task load ([Errno 2] No such file or directory: '/opt/airflow/data/2023-11-08/processed/transformed_shelter_data.parquet'; 180)
[2023-11-21T02:36:21.731+0000] {local_task_job_runner.py:228} INFO - Task exited with return code 1
[2023-11-21T02:36:21.845+0000] {taskinstance.py:2778} INFO - 0 downstream tasks scheduled from follow-on schedule check
[2023-11-22T07:54:08.364+0000] {taskinstance.py:1159} INFO - Dependencies all met for dep_context=non-requeueable deps ti=<TaskInstance: outcomes_dag.Load scheduled__2023-11-08T00:00:00+00:00 [queued]>
[2023-11-22T07:54:08.388+0000] {taskinstance.py:1159} INFO - Dependencies all met for dep_context=requeueable deps ti=<TaskInstance: outcomes_dag.Load scheduled__2023-11-08T00:00:00+00:00 [queued]>
[2023-11-22T07:54:08.395+0000] {taskinstance.py:1361} INFO - Starting attempt 1 of 4
[2023-11-22T07:54:09.369+0000] {taskinstance.py:1382} INFO - Executing <Task(PythonOperator): Load> on 2023-11-08 00:00:00+00:00
[2023-11-22T07:54:09.444+0000] {standard_task_runner.py:57} INFO - Started process 377 to run task
[2023-11-22T07:54:09.481+0000] {standard_task_runner.py:84} INFO - Running: ['***', 'tasks', 'run', 'outcomes_dag', 'Load', 'scheduled__2023-11-08T00:00:00+00:00', '--job-id', '44', '--raw', '--subdir', 'DAGS_FOLDER/outcomes_dag.py', '--cfg-path', '/tmp/tmpr57a2nvn']
[2023-11-22T07:54:09.519+0000] {standard_task_runner.py:85} INFO - Job 44: Subtask Load
[2023-11-22T07:54:09.902+0000] {task_command.py:416} INFO - Running <TaskInstance: outcomes_dag.Load scheduled__2023-11-08T00:00:00+00:00 [running]> on host 6318e996d951
[2023-11-22T07:54:10.394+0000] {taskinstance.py:1662} INFO - Exporting env vars: AIRFLOW_CTX_DAG_OWNER='***' AIRFLOW_CTX_DAG_ID='outcomes_dag' AIRFLOW_CTX_TASK_ID='Load' AIRFLOW_CTX_EXECUTION_DATE='2023-11-08T00:00:00+00:00' AIRFLOW_CTX_TRY_NUMBER='1' AIRFLOW_CTX_DAG_RUN_ID='scheduled__2023-11-08T00:00:00+00:00'
[2023-11-22T07:54:10.416+0000] {logging_mixin.py:154} INFO - Getting data from Cloud Storage
[2023-11-22T07:54:12.374+0000] {logging_mixin.py:154} INFO - Data is in Staging Table...
[2023-11-22T07:54:12.383+0000] {python.py:194} INFO - Done. Returned value was: None
[2023-11-22T07:54:12.454+0000] {taskinstance.py:1400} INFO - Marking task as SUCCESS. dag_id=outcomes_dag, task_id=Load, execution_date=20231108T000000, start_date=20231122T075408, end_date=20231122T075412
[2023-11-22T07:54:12.603+0000] {local_task_job_runner.py:228} INFO - Task exited with return code 0
[2023-11-23T01:49:43.701+0000] {taskinstance.py:1159} INFO - Dependencies all met for dep_context=non-requeueable deps ti=<TaskInstance: outcomes_dag.Load scheduled__2023-11-08T00:00:00+00:00 [queued]>
[2023-11-23T01:49:43.748+0000] {taskinstance.py:1159} INFO - Dependencies all met for dep_context=requeueable deps ti=<TaskInstance: outcomes_dag.Load scheduled__2023-11-08T00:00:00+00:00 [queued]>
[2023-11-23T01:49:43.757+0000] {taskinstance.py:1361} INFO - Starting attempt 1 of 4
[2023-11-23T01:49:43.837+0000] {taskinstance.py:1382} INFO - Executing <Task(PythonOperator): Load> on 2023-11-08 00:00:00+00:00
[2023-11-23T01:49:43.863+0000] {standard_task_runner.py:57} INFO - Started process 214 to run task
[2023-11-23T01:49:43.888+0000] {standard_task_runner.py:84} INFO - Running: ['***', 'tasks', 'run', 'outcomes_dag', 'Load', 'scheduled__2023-11-08T00:00:00+00:00', '--job-id', '42', '--raw', '--subdir', 'DAGS_FOLDER/outcomes_dag.py', '--cfg-path', '/tmp/tmpeod1r46p']
[2023-11-23T01:49:43.922+0000] {standard_task_runner.py:85} INFO - Job 42: Subtask Load
[2023-11-23T01:49:44.173+0000] {task_command.py:416} INFO - Running <TaskInstance: outcomes_dag.Load scheduled__2023-11-08T00:00:00+00:00 [running]> on host d15d3caa5b00
[2023-11-23T01:49:44.471+0000] {taskinstance.py:1662} INFO - Exporting env vars: AIRFLOW_CTX_DAG_OWNER='***' AIRFLOW_CTX_DAG_ID='outcomes_dag' AIRFLOW_CTX_TASK_ID='Load' AIRFLOW_CTX_EXECUTION_DATE='2023-11-08T00:00:00+00:00' AIRFLOW_CTX_TRY_NUMBER='1' AIRFLOW_CTX_DAG_RUN_ID='scheduled__2023-11-08T00:00:00+00:00'
[2023-11-23T01:49:44.495+0000] {logging_mixin.py:154} INFO - Getting data from Cloud Storage
[2023-11-23T01:49:45.714+0000] {logging_mixin.py:154} INFO - Data is in Staging Table...
[2023-11-23T01:49:45.719+0000] {python.py:194} INFO - Done. Returned value was: None
[2023-11-23T01:49:45.779+0000] {taskinstance.py:1400} INFO - Marking task as SUCCESS. dag_id=outcomes_dag, task_id=Load, execution_date=20231108T000000, start_date=20231123T014943, end_date=20231123T014945
[2023-11-23T01:49:46.011+0000] {local_task_job_runner.py:228} INFO - Task exited with return code 0
[2023-11-23T03:40:51.209+0000] {taskinstance.py:1159} INFO - Dependencies all met for dep_context=non-requeueable deps ti=<TaskInstance: outcomes_dag.Load scheduled__2023-11-08T00:00:00+00:00 [queued]>
[2023-11-23T03:40:51.235+0000] {taskinstance.py:1159} INFO - Dependencies all met for dep_context=requeueable deps ti=<TaskInstance: outcomes_dag.Load scheduled__2023-11-08T00:00:00+00:00 [queued]>
[2023-11-23T03:40:51.236+0000] {taskinstance.py:1361} INFO - Starting attempt 1 of 4
[2023-11-23T03:40:51.296+0000] {taskinstance.py:1382} INFO - Executing <Task(PythonOperator): Load> on 2023-11-08 00:00:00+00:00
[2023-11-23T03:40:51.342+0000] {standard_task_runner.py:57} INFO - Started process 194 to run task
[2023-11-23T03:40:51.366+0000] {standard_task_runner.py:84} INFO - Running: ['***', 'tasks', 'run', 'outcomes_dag', 'Load', 'scheduled__2023-11-08T00:00:00+00:00', '--job-id', '43', '--raw', '--subdir', 'DAGS_FOLDER/outcomes_dag.py', '--cfg-path', '/tmp/tmpaet3gt5f']
[2023-11-23T03:40:51.404+0000] {standard_task_runner.py:85} INFO - Job 43: Subtask Load
[2023-11-23T03:40:51.598+0000] {task_command.py:416} INFO - Running <TaskInstance: outcomes_dag.Load scheduled__2023-11-08T00:00:00+00:00 [running]> on host e647c96745b0
[2023-11-23T03:40:51.810+0000] {taskinstance.py:1662} INFO - Exporting env vars: AIRFLOW_CTX_DAG_OWNER='***' AIRFLOW_CTX_DAG_ID='outcomes_dag' AIRFLOW_CTX_TASK_ID='Load' AIRFLOW_CTX_EXECUTION_DATE='2023-11-08T00:00:00+00:00' AIRFLOW_CTX_TRY_NUMBER='1' AIRFLOW_CTX_DAG_RUN_ID='scheduled__2023-11-08T00:00:00+00:00'
[2023-11-23T03:40:51.814+0000] {logging_mixin.py:154} INFO - Getting data from Cloud Storage
[2023-11-23T03:40:53.184+0000] {logging_mixin.py:154} INFO - Data is in Staging Area...
[2023-11-23T03:40:53.188+0000] {python.py:194} INFO - Done. Returned value was: None
[2023-11-23T03:40:53.242+0000] {taskinstance.py:1400} INFO - Marking task as SUCCESS. dag_id=outcomes_dag, task_id=Load, execution_date=20231108T000000, start_date=20231123T034051, end_date=20231123T034053
[2023-11-23T03:40:53.325+0000] {local_task_job_runner.py:228} INFO - Task exited with return code 0
