[2023-11-23T03:23:54.864+0000] {taskinstance.py:1159} INFO - Dependencies all met for dep_context=non-requeueable deps ti=<TaskInstance: outcomes_dag.dim4_to_cloud scheduled__2023-11-22T00:00:00+00:00 [queued]>
[2023-11-23T03:23:54.871+0000] {taskinstance.py:1159} INFO - Dependencies all met for dep_context=requeueable deps ti=<TaskInstance: outcomes_dag.dim4_to_cloud scheduled__2023-11-22T00:00:00+00:00 [queued]>
[2023-11-23T03:23:54.872+0000] {taskinstance.py:1361} INFO - Starting attempt 1 of 1
[2023-11-23T03:23:54.879+0000] {taskinstance.py:1382} INFO - Executing <Task(PythonOperator): dim4_to_cloud> on 2023-11-22 00:00:00+00:00
[2023-11-23T03:23:54.884+0000] {standard_task_runner.py:57} INFO - Started process 583 to run task
[2023-11-23T03:23:54.888+0000] {standard_task_runner.py:84} INFO - Running: ['***', 'tasks', 'run', 'outcomes_dag', 'dim4_to_cloud', 'scheduled__2023-11-22T00:00:00+00:00', '--job-id', '37', '--raw', '--subdir', 'DAGS_FOLDER/outcomes_dag.py', '--cfg-path', '/tmp/tmp6pknehlt']
[2023-11-23T03:23:54.893+0000] {standard_task_runner.py:85} INFO - Job 37: Subtask dim4_to_cloud
[2023-11-23T03:23:54.948+0000] {task_command.py:416} INFO - Running <TaskInstance: outcomes_dag.dim4_to_cloud scheduled__2023-11-22T00:00:00+00:00 [running]> on host 1268bd8e5db0
[2023-11-23T03:23:54.999+0000] {taskinstance.py:1662} INFO - Exporting env vars: AIRFLOW_CTX_DAG_OWNER='***' AIRFLOW_CTX_DAG_ID='outcomes_dag' AIRFLOW_CTX_TASK_ID='dim4_to_cloud' AIRFLOW_CTX_EXECUTION_DATE='2023-11-22T00:00:00+00:00' AIRFLOW_CTX_TRY_NUMBER='1' AIRFLOW_CTX_DAG_RUN_ID='scheduled__2023-11-22T00:00:00+00:00'
[2023-11-23T03:24:03.009+0000] {taskinstance.py:1937} ERROR - Task failed with exception
Traceback (most recent call last):
  File "/home/airflow/.local/lib/python3.8/site-packages/airflow/operators/python.py", line 192, in execute
    return_value = self.execute_callable()
  File "/home/airflow/.local/lib/python3.8/site-packages/airflow/operators/python.py", line 209, in execute_callable
    return self.python_callable(*self.op_args, **self.op_kwargs)
  File "/opt/airflow/dags/ETL/load_to_Cloud.py", line 7, in transfer_data_to_bigquery
    conn = psycopg2.connect(
  File "/home/airflow/.local/lib/python3.8/site-packages/psycopg2/__init__.py", line 122, in connect
    conn = _connect(dsn, connection_factory=connection_factory, **kwasync)
psycopg2.OperationalError: could not translate host name "local" to address: Temporary failure in name resolution

[2023-11-23T03:24:03.027+0000] {taskinstance.py:1400} INFO - Marking task as FAILED. dag_id=outcomes_dag, task_id=dim4_to_cloud, execution_date=20231122T000000, start_date=20231123T032354, end_date=20231123T032403
[2023-11-23T03:24:03.036+0000] {standard_task_runner.py:104} ERROR - Failed to execute job 37 for task dim4_to_cloud (could not translate host name "local" to address: Temporary failure in name resolution
; 583)
[2023-11-23T03:24:03.073+0000] {local_task_job_runner.py:228} INFO - Task exited with return code 1
[2023-11-23T03:42:36.044+0000] {taskinstance.py:1159} INFO - Dependencies all met for dep_context=non-requeueable deps ti=<TaskInstance: outcomes_dag.dim4_to_cloud scheduled__2023-11-22T00:00:00+00:00 [queued]>
[2023-11-23T03:42:36.063+0000] {taskinstance.py:1159} INFO - Dependencies all met for dep_context=requeueable deps ti=<TaskInstance: outcomes_dag.dim4_to_cloud scheduled__2023-11-22T00:00:00+00:00 [queued]>
[2023-11-23T03:42:36.072+0000] {taskinstance.py:1361} INFO - Starting attempt 1 of 1
[2023-11-23T03:42:36.169+0000] {taskinstance.py:1382} INFO - Executing <Task(PythonOperator): dim4_to_cloud> on 2023-11-22 00:00:00+00:00
[2023-11-23T03:42:36.211+0000] {standard_task_runner.py:57} INFO - Started process 660 to run task
[2023-11-23T03:42:36.237+0000] {standard_task_runner.py:84} INFO - Running: ['***', 'tasks', 'run', 'outcomes_dag', 'dim4_to_cloud', 'scheduled__2023-11-22T00:00:00+00:00', '--job-id', '192', '--raw', '--subdir', 'DAGS_FOLDER/outcomes_dag.py', '--cfg-path', '/tmp/tmpr_x7m1tm']
[2023-11-23T03:42:36.258+0000] {standard_task_runner.py:85} INFO - Job 192: Subtask dim4_to_cloud
[2023-11-23T03:42:36.407+0000] {task_command.py:416} INFO - Running <TaskInstance: outcomes_dag.dim4_to_cloud scheduled__2023-11-22T00:00:00+00:00 [running]> on host e647c96745b0
[2023-11-23T03:42:36.739+0000] {taskinstance.py:1662} INFO - Exporting env vars: AIRFLOW_CTX_DAG_OWNER='***' AIRFLOW_CTX_DAG_ID='outcomes_dag' AIRFLOW_CTX_TASK_ID='dim4_to_cloud' AIRFLOW_CTX_EXECUTION_DATE='2023-11-22T00:00:00+00:00' AIRFLOW_CTX_TRY_NUMBER='1' AIRFLOW_CTX_DAG_RUN_ID='scheduled__2023-11-22T00:00:00+00:00'
[2023-11-23T03:42:38.444+0000] {python.py:194} INFO - Done. Returned value was: None
[2023-11-23T03:42:38.583+0000] {taskinstance.py:1400} INFO - Marking task as SUCCESS. dag_id=outcomes_dag, task_id=dim4_to_cloud, execution_date=20231122T000000, start_date=20231123T034236, end_date=20231123T034238
[2023-11-23T03:42:38.652+0000] {local_task_job_runner.py:228} INFO - Task exited with return code 0
