[2023-11-21T01:20:59.667+0000] {taskinstance.py:1159} INFO - Dependencies all met for dep_context=non-requeueable deps ti=<TaskInstance: outcomes_dag.load scheduled__2023-11-13T00:00:00+00:00 [queued]>
[2023-11-21T01:20:59.739+0000] {taskinstance.py:1159} INFO - Dependencies all met for dep_context=requeueable deps ti=<TaskInstance: outcomes_dag.load scheduled__2023-11-13T00:00:00+00:00 [queued]>
[2023-11-21T01:20:59.740+0000] {taskinstance.py:1361} INFO - Starting attempt 1 of 1
[2023-11-21T01:20:59.912+0000] {taskinstance.py:1382} INFO - Executing <Task(PythonOperator): load> on 2023-11-13 00:00:00+00:00
[2023-11-21T01:20:59.948+0000] {standard_task_runner.py:57} INFO - Started process 238 to run task
[2023-11-21T01:20:59.986+0000] {standard_task_runner.py:84} INFO - Running: ['***', 'tasks', 'run', 'outcomes_dag', 'load', 'scheduled__2023-11-13T00:00:00+00:00', '--job-id', '42', '--raw', '--subdir', 'DAGS_FOLDER/outcomes_dag.py', '--cfg-path', '/tmp/tmpqeo_5q0s']
[2023-11-21T01:21:00.020+0000] {standard_task_runner.py:85} INFO - Job 42: Subtask load
[2023-11-21T01:21:00.339+0000] {task_command.py:416} INFO - Running <TaskInstance: outcomes_dag.load scheduled__2023-11-13T00:00:00+00:00 [running]> on host f31a30014ab0
[2023-11-21T01:21:10.635+0000] {taskinstance.py:1662} INFO - Exporting env vars: AIRFLOW_CTX_DAG_OWNER='***' AIRFLOW_CTX_DAG_ID='outcomes_dag' AIRFLOW_CTX_TASK_ID='load' AIRFLOW_CTX_EXECUTION_DATE='2023-11-13T00:00:00+00:00' AIRFLOW_CTX_TRY_NUMBER='1' AIRFLOW_CTX_DAG_RUN_ID='scheduled__2023-11-13T00:00:00+00:00'
[2023-11-21T01:21:12.531+0000] {logging_mixin.py:154} INFO - Data is in Staging Table...
[2023-11-21T01:21:12.567+0000] {taskinstance.py:1937} ERROR - Task failed with exception
Traceback (most recent call last):
  File "/home/airflow/.local/lib/python3.8/site-packages/airflow/operators/python.py", line 192, in execute
    return_value = self.execute_callable()
  File "/home/airflow/.local/lib/python3.8/site-packages/airflow/operators/python.py", line 209, in execute_callable
    return self.python_callable(*self.op_args, **self.op_kwargs)
  File "/opt/airflow/dags/ETL/load.py", line 13, in load_data
    execute_sql_script(engine)
  File "/opt/airflow/dags/ETL/load.py", line 38, in execute_sql_script
    with open(script_path, 'r') as file:
FileNotFoundError: [Errno 2] No such file or directory: '/ETL/data_insertion.sql'
[2023-11-21T01:21:12.637+0000] {taskinstance.py:1400} INFO - Marking task as FAILED. dag_id=outcomes_dag, task_id=load, execution_date=20231113T000000, start_date=20231121T012059, end_date=20231121T012112
[2023-11-21T01:21:12.711+0000] {standard_task_runner.py:104} ERROR - Failed to execute job 42 for task load ([Errno 2] No such file or directory: '/ETL/data_insertion.sql'; 238)
[2023-11-21T01:21:12.962+0000] {local_task_job_runner.py:228} INFO - Task exited with return code 1
[2023-11-21T01:21:13.200+0000] {taskinstance.py:2778} INFO - 0 downstream tasks scheduled from follow-on schedule check
[2023-11-21T02:36:25.421+0000] {taskinstance.py:1159} INFO - Dependencies all met for dep_context=non-requeueable deps ti=<TaskInstance: outcomes_dag.load scheduled__2023-11-13T00:00:00+00:00 [queued]>
[2023-11-21T02:36:25.448+0000] {taskinstance.py:1159} INFO - Dependencies all met for dep_context=requeueable deps ti=<TaskInstance: outcomes_dag.load scheduled__2023-11-13T00:00:00+00:00 [queued]>
[2023-11-21T02:36:25.449+0000] {taskinstance.py:1361} INFO - Starting attempt 1 of 1
[2023-11-21T02:36:25.482+0000] {taskinstance.py:1382} INFO - Executing <Task(PythonOperator): load> on 2023-11-13 00:00:00+00:00
[2023-11-21T02:36:25.592+0000] {standard_task_runner.py:57} INFO - Started process 229 to run task
[2023-11-21T02:36:25.623+0000] {standard_task_runner.py:84} INFO - Running: ['***', 'tasks', 'run', 'outcomes_dag', 'load', 'scheduled__2023-11-13T00:00:00+00:00', '--job-id', '46', '--raw', '--subdir', 'DAGS_FOLDER/outcomes_dag.py', '--cfg-path', '/tmp/tmpp0a2rc7b']
[2023-11-21T02:36:25.658+0000] {standard_task_runner.py:85} INFO - Job 46: Subtask load
[2023-11-21T02:36:26.217+0000] {task_command.py:416} INFO - Running <TaskInstance: outcomes_dag.load scheduled__2023-11-13T00:00:00+00:00 [running]> on host b875fa978b1e
[2023-11-21T02:36:28.332+0000] {taskinstance.py:1662} INFO - Exporting env vars: AIRFLOW_CTX_DAG_OWNER='***' AIRFLOW_CTX_DAG_ID='outcomes_dag' AIRFLOW_CTX_TASK_ID='load' AIRFLOW_CTX_EXECUTION_DATE='2023-11-13T00:00:00+00:00' AIRFLOW_CTX_TRY_NUMBER='1' AIRFLOW_CTX_DAG_RUN_ID='scheduled__2023-11-13T00:00:00+00:00'
[2023-11-21T02:36:28.985+0000] {logging_mixin.py:154} INFO - Data is in Staging Table...
[2023-11-21T02:36:28.986+0000] {taskinstance.py:1937} ERROR - Task failed with exception
Traceback (most recent call last):
  File "/home/airflow/.local/lib/python3.8/site-packages/airflow/operators/python.py", line 192, in execute
    return_value = self.execute_callable()
  File "/home/airflow/.local/lib/python3.8/site-packages/airflow/operators/python.py", line 209, in execute_callable
    return self.python_callable(*self.op_args, **self.op_kwargs)
  File "/opt/airflow/dags/ETL/load.py", line 13, in load_data
    execute_sql_script(engine)
  File "/opt/airflow/dags/ETL/load.py", line 38, in execute_sql_script
    with open(script_path, 'r') as file:
FileNotFoundError: [Errno 2] No such file or directory: '/dags/ETL/data_insertion.sql'
[2023-11-21T02:36:29.006+0000] {taskinstance.py:1400} INFO - Marking task as FAILED. dag_id=outcomes_dag, task_id=load, execution_date=20231113T000000, start_date=20231121T023625, end_date=20231121T023629
[2023-11-21T02:36:29.032+0000] {standard_task_runner.py:104} ERROR - Failed to execute job 46 for task load ([Errno 2] No such file or directory: '/dags/ETL/data_insertion.sql'; 229)
[2023-11-21T02:36:29.100+0000] {local_task_job_runner.py:228} INFO - Task exited with return code 1
[2023-11-21T02:36:29.191+0000] {taskinstance.py:2778} INFO - 0 downstream tasks scheduled from follow-on schedule check
[2023-11-22T07:54:13.696+0000] {taskinstance.py:1159} INFO - Dependencies all met for dep_context=non-requeueable deps ti=<TaskInstance: outcomes_dag.Load scheduled__2023-11-13T00:00:00+00:00 [queued]>
[2023-11-22T07:54:13.749+0000] {taskinstance.py:1159} INFO - Dependencies all met for dep_context=requeueable deps ti=<TaskInstance: outcomes_dag.Load scheduled__2023-11-13T00:00:00+00:00 [queued]>
[2023-11-22T07:54:13.760+0000] {taskinstance.py:1361} INFO - Starting attempt 1 of 4
[2023-11-22T07:54:13.849+0000] {taskinstance.py:1382} INFO - Executing <Task(PythonOperator): Load> on 2023-11-13 00:00:00+00:00
[2023-11-22T07:54:14.106+0000] {standard_task_runner.py:57} INFO - Started process 402 to run task
[2023-11-22T07:54:14.195+0000] {standard_task_runner.py:84} INFO - Running: ['***', 'tasks', 'run', 'outcomes_dag', 'Load', 'scheduled__2023-11-13T00:00:00+00:00', '--job-id', '47', '--raw', '--subdir', 'DAGS_FOLDER/outcomes_dag.py', '--cfg-path', '/tmp/tmpos61mq3x']
[2023-11-22T07:54:14.371+0000] {standard_task_runner.py:85} INFO - Job 47: Subtask Load
[2023-11-22T07:54:14.768+0000] {task_command.py:416} INFO - Running <TaskInstance: outcomes_dag.Load scheduled__2023-11-13T00:00:00+00:00 [running]> on host 6318e996d951
[2023-11-22T07:54:15.057+0000] {taskinstance.py:1662} INFO - Exporting env vars: AIRFLOW_CTX_DAG_OWNER='***' AIRFLOW_CTX_DAG_ID='outcomes_dag' AIRFLOW_CTX_TASK_ID='Load' AIRFLOW_CTX_EXECUTION_DATE='2023-11-13T00:00:00+00:00' AIRFLOW_CTX_TRY_NUMBER='1' AIRFLOW_CTX_DAG_RUN_ID='scheduled__2023-11-13T00:00:00+00:00'
[2023-11-22T07:54:15.071+0000] {logging_mixin.py:154} INFO - Getting data from Cloud Storage
[2023-11-22T07:54:16.840+0000] {logging_mixin.py:154} INFO - Data is in Staging Table...
[2023-11-22T07:54:16.857+0000] {python.py:194} INFO - Done. Returned value was: None
[2023-11-22T07:54:16.945+0000] {taskinstance.py:1400} INFO - Marking task as SUCCESS. dag_id=outcomes_dag, task_id=Load, execution_date=20231113T000000, start_date=20231122T075413, end_date=20231122T075416
[2023-11-22T07:54:17.162+0000] {local_task_job_runner.py:228} INFO - Task exited with return code 0
[2023-11-23T01:49:43.969+0000] {taskinstance.py:1159} INFO - Dependencies all met for dep_context=non-requeueable deps ti=<TaskInstance: outcomes_dag.Load scheduled__2023-11-13T00:00:00+00:00 [queued]>
[2023-11-23T01:49:44.006+0000] {taskinstance.py:1159} INFO - Dependencies all met for dep_context=requeueable deps ti=<TaskInstance: outcomes_dag.Load scheduled__2023-11-13T00:00:00+00:00 [queued]>
[2023-11-23T01:49:44.010+0000] {taskinstance.py:1361} INFO - Starting attempt 1 of 4
[2023-11-23T01:49:44.055+0000] {taskinstance.py:1382} INFO - Executing <Task(PythonOperator): Load> on 2023-11-13 00:00:00+00:00
[2023-11-23T01:49:44.083+0000] {standard_task_runner.py:57} INFO - Started process 215 to run task
[2023-11-23T01:49:44.096+0000] {standard_task_runner.py:84} INFO - Running: ['***', 'tasks', 'run', 'outcomes_dag', 'Load', 'scheduled__2023-11-13T00:00:00+00:00', '--job-id', '45', '--raw', '--subdir', 'DAGS_FOLDER/outcomes_dag.py', '--cfg-path', '/tmp/tmpc50mjdla']
[2023-11-23T01:49:44.107+0000] {standard_task_runner.py:85} INFO - Job 45: Subtask Load
[2023-11-23T01:49:44.358+0000] {task_command.py:416} INFO - Running <TaskInstance: outcomes_dag.Load scheduled__2023-11-13T00:00:00+00:00 [running]> on host d15d3caa5b00
[2023-11-23T01:49:44.571+0000] {taskinstance.py:1662} INFO - Exporting env vars: AIRFLOW_CTX_DAG_OWNER='***' AIRFLOW_CTX_DAG_ID='outcomes_dag' AIRFLOW_CTX_TASK_ID='Load' AIRFLOW_CTX_EXECUTION_DATE='2023-11-13T00:00:00+00:00' AIRFLOW_CTX_TRY_NUMBER='1' AIRFLOW_CTX_DAG_RUN_ID='scheduled__2023-11-13T00:00:00+00:00'
[2023-11-23T01:49:44.582+0000] {logging_mixin.py:154} INFO - Getting data from Cloud Storage
[2023-11-23T01:49:45.682+0000] {logging_mixin.py:154} INFO - Data is in Staging Table...
[2023-11-23T01:49:45.692+0000] {python.py:194} INFO - Done. Returned value was: None
[2023-11-23T01:49:45.761+0000] {taskinstance.py:1400} INFO - Marking task as SUCCESS. dag_id=outcomes_dag, task_id=Load, execution_date=20231113T000000, start_date=20231123T014943, end_date=20231123T014945
[2023-11-23T01:49:45.970+0000] {local_task_job_runner.py:228} INFO - Task exited with return code 0
[2023-11-23T03:40:49.767+0000] {taskinstance.py:1159} INFO - Dependencies all met for dep_context=non-requeueable deps ti=<TaskInstance: outcomes_dag.Load scheduled__2023-11-13T00:00:00+00:00 [queued]>
[2023-11-23T03:40:49.787+0000] {taskinstance.py:1159} INFO - Dependencies all met for dep_context=requeueable deps ti=<TaskInstance: outcomes_dag.Load scheduled__2023-11-13T00:00:00+00:00 [queued]>
[2023-11-23T03:40:49.790+0000] {taskinstance.py:1361} INFO - Starting attempt 1 of 4
[2023-11-23T03:40:49.821+0000] {taskinstance.py:1382} INFO - Executing <Task(PythonOperator): Load> on 2023-11-13 00:00:00+00:00
[2023-11-23T03:40:49.834+0000] {standard_task_runner.py:57} INFO - Started process 191 to run task
[2023-11-23T03:40:49.879+0000] {standard_task_runner.py:84} INFO - Running: ['***', 'tasks', 'run', 'outcomes_dag', 'Load', 'scheduled__2023-11-13T00:00:00+00:00', '--job-id', '40', '--raw', '--subdir', 'DAGS_FOLDER/outcomes_dag.py', '--cfg-path', '/tmp/tmpkdgwxwac']
[2023-11-23T03:40:49.926+0000] {standard_task_runner.py:85} INFO - Job 40: Subtask Load
[2023-11-23T03:40:50.132+0000] {task_command.py:416} INFO - Running <TaskInstance: outcomes_dag.Load scheduled__2023-11-13T00:00:00+00:00 [running]> on host e647c96745b0
[2023-11-23T03:40:50.428+0000] {taskinstance.py:1662} INFO - Exporting env vars: AIRFLOW_CTX_DAG_OWNER='***' AIRFLOW_CTX_DAG_ID='outcomes_dag' AIRFLOW_CTX_TASK_ID='Load' AIRFLOW_CTX_EXECUTION_DATE='2023-11-13T00:00:00+00:00' AIRFLOW_CTX_TRY_NUMBER='1' AIRFLOW_CTX_DAG_RUN_ID='scheduled__2023-11-13T00:00:00+00:00'
[2023-11-23T03:40:50.455+0000] {logging_mixin.py:154} INFO - Getting data from Cloud Storage
[2023-11-23T03:40:51.687+0000] {logging_mixin.py:154} INFO - Data is in Staging Area...
[2023-11-23T03:40:51.691+0000] {python.py:194} INFO - Done. Returned value was: None
[2023-11-23T03:40:51.726+0000] {taskinstance.py:1400} INFO - Marking task as SUCCESS. dag_id=outcomes_dag, task_id=Load, execution_date=20231113T000000, start_date=20231123T034049, end_date=20231123T034051
[2023-11-23T03:40:51.854+0000] {local_task_job_runner.py:228} INFO - Task exited with return code 0
