[2023-11-23T01:50:05.457+0000] {taskinstance.py:1159} INFO - Dependencies all met for dep_context=non-requeueable deps ti=<TaskInstance: outcomes_dag.Load scheduled__2023-11-22T00:00:00+00:00 [queued]>
[2023-11-23T01:50:05.463+0000] {taskinstance.py:1159} INFO - Dependencies all met for dep_context=requeueable deps ti=<TaskInstance: outcomes_dag.Load scheduled__2023-11-22T00:00:00+00:00 [queued]>
[2023-11-23T01:50:05.463+0000] {taskinstance.py:1361} INFO - Starting attempt 1 of 4
[2023-11-23T01:50:05.471+0000] {taskinstance.py:1382} INFO - Executing <Task(PythonOperator): Load> on 2023-11-22 00:00:00+00:00
[2023-11-23T01:50:05.492+0000] {standard_task_runner.py:57} INFO - Started process 304 to run task
[2023-11-23T01:50:05.506+0000] {standard_task_runner.py:84} INFO - Running: ['***', 'tasks', 'run', 'outcomes_dag', 'Load', 'scheduled__2023-11-22T00:00:00+00:00', '--job-id', '81', '--raw', '--subdir', 'DAGS_FOLDER/outcomes_dag.py', '--cfg-path', '/tmp/tmpvqm49iop']
[2023-11-23T01:50:05.510+0000] {standard_task_runner.py:85} INFO - Job 81: Subtask Load
[2023-11-23T01:50:05.571+0000] {task_command.py:416} INFO - Running <TaskInstance: outcomes_dag.Load scheduled__2023-11-22T00:00:00+00:00 [running]> on host d15d3caa5b00
[2023-11-23T01:50:05.643+0000] {taskinstance.py:1662} INFO - Exporting env vars: AIRFLOW_CTX_DAG_OWNER='***' AIRFLOW_CTX_DAG_ID='outcomes_dag' AIRFLOW_CTX_TASK_ID='Load' AIRFLOW_CTX_EXECUTION_DATE='2023-11-22T00:00:00+00:00' AIRFLOW_CTX_TRY_NUMBER='1' AIRFLOW_CTX_DAG_RUN_ID='scheduled__2023-11-22T00:00:00+00:00'
[2023-11-23T01:50:05.648+0000] {logging_mixin.py:154} INFO - Getting data from Cloud Storage
[2023-11-23T01:50:06.814+0000] {logging_mixin.py:154} INFO - Data is in Staging Table...
[2023-11-23T01:50:06.815+0000] {python.py:194} INFO - Done. Returned value was: None
[2023-11-23T01:50:06.826+0000] {taskinstance.py:1400} INFO - Marking task as SUCCESS. dag_id=outcomes_dag, task_id=Load, execution_date=20231122T000000, start_date=20231123T015005, end_date=20231123T015006
[2023-11-23T01:50:06.865+0000] {local_task_job_runner.py:228} INFO - Task exited with return code 0
[2023-11-23T01:58:44.002+0000] {taskinstance.py:1159} INFO - Dependencies all met for dep_context=non-requeueable deps ti=<TaskInstance: outcomes_dag.Load scheduled__2023-11-22T00:00:00+00:00 [queued]>
[2023-11-23T01:58:44.016+0000] {taskinstance.py:1159} INFO - Dependencies all met for dep_context=requeueable deps ti=<TaskInstance: outcomes_dag.Load scheduled__2023-11-22T00:00:00+00:00 [queued]>
[2023-11-23T01:58:44.019+0000] {taskinstance.py:1361} INFO - Starting attempt 1 of 4
[2023-11-23T01:58:44.048+0000] {taskinstance.py:1382} INFO - Executing <Task(PythonOperator): Load> on 2023-11-22 00:00:00+00:00
[2023-11-23T01:58:44.077+0000] {standard_task_runner.py:57} INFO - Started process 118 to run task
[2023-11-23T01:58:44.096+0000] {standard_task_runner.py:84} INFO - Running: ['***', 'tasks', 'run', 'outcomes_dag', 'Load', 'scheduled__2023-11-22T00:00:00+00:00', '--job-id', '20', '--raw', '--subdir', 'DAGS_FOLDER/outcomes_dag.py', '--cfg-path', '/tmp/tmp8v5n2qwf']
[2023-11-23T01:58:44.103+0000] {standard_task_runner.py:85} INFO - Job 20: Subtask Load
[2023-11-23T01:58:44.254+0000] {task_command.py:416} INFO - Running <TaskInstance: outcomes_dag.Load scheduled__2023-11-22T00:00:00+00:00 [running]> on host 3cdc572bc068
[2023-11-23T01:58:44.349+0000] {taskinstance.py:1662} INFO - Exporting env vars: AIRFLOW_CTX_DAG_OWNER='***' AIRFLOW_CTX_DAG_ID='outcomes_dag' AIRFLOW_CTX_TASK_ID='Load' AIRFLOW_CTX_EXECUTION_DATE='2023-11-22T00:00:00+00:00' AIRFLOW_CTX_TRY_NUMBER='1' AIRFLOW_CTX_DAG_RUN_ID='scheduled__2023-11-22T00:00:00+00:00'
[2023-11-23T01:58:44.353+0000] {logging_mixin.py:154} INFO - Getting data from Cloud Storage
[2023-11-23T01:58:45.110+0000] {logging_mixin.py:154} INFO - Data is in Staging Table...
[2023-11-23T01:58:45.111+0000] {python.py:194} INFO - Done. Returned value was: None
[2023-11-23T01:58:45.124+0000] {taskinstance.py:1400} INFO - Marking task as SUCCESS. dag_id=outcomes_dag, task_id=Load, execution_date=20231122T000000, start_date=20231123T015844, end_date=20231123T015845
[2023-11-23T01:58:45.176+0000] {local_task_job_runner.py:228} INFO - Task exited with return code 0
[2023-11-23T02:59:44.255+0000] {taskinstance.py:1159} INFO - Dependencies all met for dep_context=non-requeueable deps ti=<TaskInstance: outcomes_dag.Load scheduled__2023-11-22T00:00:00+00:00 [queued]>
[2023-11-23T02:59:44.263+0000] {taskinstance.py:1159} INFO - Dependencies all met for dep_context=requeueable deps ti=<TaskInstance: outcomes_dag.Load scheduled__2023-11-22T00:00:00+00:00 [queued]>
[2023-11-23T02:59:44.264+0000] {taskinstance.py:1361} INFO - Starting attempt 1 of 4
[2023-11-23T02:59:44.785+0000] {taskinstance.py:1382} INFO - Executing <Task(PythonOperator): Load> on 2023-11-22 00:00:00+00:00
[2023-11-23T02:59:44.838+0000] {standard_task_runner.py:57} INFO - Started process 162 to run task
[2023-11-23T02:59:44.871+0000] {standard_task_runner.py:84} INFO - Running: ['***', 'tasks', 'run', 'outcomes_dag', 'Load', 'scheduled__2023-11-22T00:00:00+00:00', '--job-id', '18', '--raw', '--subdir', 'DAGS_FOLDER/outcomes_dag.py', '--cfg-path', '/tmp/tmpubrtbjbf']
[2023-11-23T02:59:44.879+0000] {standard_task_runner.py:85} INFO - Job 18: Subtask Load
[2023-11-23T02:59:44.980+0000] {task_command.py:416} INFO - Running <TaskInstance: outcomes_dag.Load scheduled__2023-11-22T00:00:00+00:00 [running]> on host 1268bd8e5db0
[2023-11-23T02:59:45.157+0000] {taskinstance.py:1662} INFO - Exporting env vars: AIRFLOW_CTX_DAG_OWNER='***' AIRFLOW_CTX_DAG_ID='outcomes_dag' AIRFLOW_CTX_TASK_ID='Load' AIRFLOW_CTX_EXECUTION_DATE='2023-11-22T00:00:00+00:00' AIRFLOW_CTX_TRY_NUMBER='1' AIRFLOW_CTX_DAG_RUN_ID='scheduled__2023-11-22T00:00:00+00:00'
[2023-11-23T02:59:45.161+0000] {logging_mixin.py:154} INFO - Getting data from Cloud Storage
[2023-11-23T02:59:45.864+0000] {logging_mixin.py:154} INFO - Data is in Staging Area...
[2023-11-23T02:59:45.865+0000] {python.py:194} INFO - Done. Returned value was: None
[2023-11-23T02:59:45.874+0000] {taskinstance.py:1400} INFO - Marking task as SUCCESS. dag_id=outcomes_dag, task_id=Load, execution_date=20231122T000000, start_date=20231123T025944, end_date=20231123T025945
[2023-11-23T02:59:45.927+0000] {local_task_job_runner.py:228} INFO - Task exited with return code 0
[2023-11-23T03:42:10.992+0000] {taskinstance.py:1159} INFO - Dependencies all met for dep_context=non-requeueable deps ti=<TaskInstance: outcomes_dag.Load scheduled__2023-11-22T00:00:00+00:00 [queued]>
[2023-11-23T03:42:11.001+0000] {taskinstance.py:1159} INFO - Dependencies all met for dep_context=requeueable deps ti=<TaskInstance: outcomes_dag.Load scheduled__2023-11-22T00:00:00+00:00 [queued]>
[2023-11-23T03:42:11.001+0000] {taskinstance.py:1361} INFO - Starting attempt 1 of 4
[2023-11-23T03:42:11.012+0000] {taskinstance.py:1382} INFO - Executing <Task(PythonOperator): Load> on 2023-11-22 00:00:00+00:00
[2023-11-23T03:42:11.030+0000] {standard_task_runner.py:57} INFO - Started process 558 to run task
[2023-11-23T03:42:11.036+0000] {standard_task_runner.py:84} INFO - Running: ['***', 'tasks', 'run', 'outcomes_dag', 'Load', 'scheduled__2023-11-22T00:00:00+00:00', '--job-id', '163', '--raw', '--subdir', 'DAGS_FOLDER/outcomes_dag.py', '--cfg-path', '/tmp/tmp4koz7ejp']
[2023-11-23T03:42:11.044+0000] {standard_task_runner.py:85} INFO - Job 163: Subtask Load
[2023-11-23T03:42:11.153+0000] {task_command.py:416} INFO - Running <TaskInstance: outcomes_dag.Load scheduled__2023-11-22T00:00:00+00:00 [running]> on host e647c96745b0
[2023-11-23T03:42:11.323+0000] {taskinstance.py:1662} INFO - Exporting env vars: AIRFLOW_CTX_DAG_OWNER='***' AIRFLOW_CTX_DAG_ID='outcomes_dag' AIRFLOW_CTX_TASK_ID='Load' AIRFLOW_CTX_EXECUTION_DATE='2023-11-22T00:00:00+00:00' AIRFLOW_CTX_TRY_NUMBER='1' AIRFLOW_CTX_DAG_RUN_ID='scheduled__2023-11-22T00:00:00+00:00'
[2023-11-23T03:42:11.329+0000] {logging_mixin.py:154} INFO - Getting data from Cloud Storage
[2023-11-23T03:42:12.328+0000] {logging_mixin.py:154} INFO - Data is in Staging Area...
[2023-11-23T03:42:12.330+0000] {python.py:194} INFO - Done. Returned value was: None
[2023-11-23T03:42:12.350+0000] {taskinstance.py:1400} INFO - Marking task as SUCCESS. dag_id=outcomes_dag, task_id=Load, execution_date=20231122T000000, start_date=20231123T034210, end_date=20231123T034212
[2023-11-23T03:42:12.429+0000] {local_task_job_runner.py:228} INFO - Task exited with return code 0
