[2023-11-23T01:53:59.127+0000] {taskinstance.py:1159} INFO - Dependencies all met for dep_context=non-requeueable deps ti=<TaskInstance: outcomes_dag.Load scheduled__2023-11-22T00:00:00+00:00 [queued]>
[2023-11-23T01:53:59.130+0000] {taskinstance.py:1159} INFO - Dependencies all met for dep_context=requeueable deps ti=<TaskInstance: outcomes_dag.Load scheduled__2023-11-22T00:00:00+00:00 [queued]>
[2023-11-23T01:53:59.131+0000] {taskinstance.py:1361} INFO - Starting attempt 2 of 5
[2023-11-23T01:53:59.136+0000] {taskinstance.py:1382} INFO - Executing <Task(PythonOperator): Load> on 2023-11-22 00:00:00+00:00
[2023-11-23T01:53:59.140+0000] {standard_task_runner.py:57} INFO - Started process 407 to run task
[2023-11-23T01:53:59.143+0000] {standard_task_runner.py:84} INFO - Running: ['***', 'tasks', 'run', 'outcomes_dag', 'Load', 'scheduled__2023-11-22T00:00:00+00:00', '--job-id', '95', '--raw', '--subdir', 'DAGS_FOLDER/outcomes_dag.py', '--cfg-path', '/tmp/tmpzcnddkwv']
[2023-11-23T01:53:59.145+0000] {standard_task_runner.py:85} INFO - Job 95: Subtask Load
[2023-11-23T01:53:59.174+0000] {task_command.py:416} INFO - Running <TaskInstance: outcomes_dag.Load scheduled__2023-11-22T00:00:00+00:00 [running]> on host d15d3caa5b00
[2023-11-23T01:53:59.218+0000] {taskinstance.py:1662} INFO - Exporting env vars: AIRFLOW_CTX_DAG_OWNER='***' AIRFLOW_CTX_DAG_ID='outcomes_dag' AIRFLOW_CTX_TASK_ID='Load' AIRFLOW_CTX_EXECUTION_DATE='2023-11-22T00:00:00+00:00' AIRFLOW_CTX_TRY_NUMBER='2' AIRFLOW_CTX_DAG_RUN_ID='scheduled__2023-11-22T00:00:00+00:00'
[2023-11-23T01:53:59.219+0000] {logging_mixin.py:154} INFO - Getting data from Cloud Storage
[2023-11-23T01:53:59.954+0000] {logging_mixin.py:154} INFO - Data is in Staging Table...
[2023-11-23T01:53:59.954+0000] {python.py:194} INFO - Done. Returned value was: None
[2023-11-23T01:53:59.963+0000] {taskinstance.py:1400} INFO - Marking task as SUCCESS. dag_id=outcomes_dag, task_id=Load, execution_date=20231122T000000, start_date=20231123T015359, end_date=20231123T015359
[2023-11-23T01:53:59.982+0000] {local_task_job_runner.py:228} INFO - Task exited with return code 0
[2023-11-23T03:02:08.591+0000] {taskinstance.py:1159} INFO - Dependencies all met for dep_context=non-requeueable deps ti=<TaskInstance: outcomes_dag.Load scheduled__2023-11-22T00:00:00+00:00 [queued]>
[2023-11-23T03:02:08.596+0000] {taskinstance.py:1159} INFO - Dependencies all met for dep_context=requeueable deps ti=<TaskInstance: outcomes_dag.Load scheduled__2023-11-22T00:00:00+00:00 [queued]>
[2023-11-23T03:02:08.596+0000] {taskinstance.py:1361} INFO - Starting attempt 2 of 5
[2023-11-23T03:02:08.692+0000] {taskinstance.py:1382} INFO - Executing <Task(PythonOperator): Load> on 2023-11-22 00:00:00+00:00
[2023-11-23T03:02:08.696+0000] {standard_task_runner.py:57} INFO - Started process 229 to run task
[2023-11-23T03:02:08.699+0000] {standard_task_runner.py:84} INFO - Running: ['***', 'tasks', 'run', 'outcomes_dag', 'Load', 'scheduled__2023-11-22T00:00:00+00:00', '--job-id', '33', '--raw', '--subdir', 'DAGS_FOLDER/outcomes_dag.py', '--cfg-path', '/tmp/tmp99kylj_2']
[2023-11-23T03:02:08.701+0000] {standard_task_runner.py:85} INFO - Job 33: Subtask Load
[2023-11-23T03:02:08.729+0000] {task_command.py:416} INFO - Running <TaskInstance: outcomes_dag.Load scheduled__2023-11-22T00:00:00+00:00 [running]> on host 1268bd8e5db0
[2023-11-23T03:02:08.765+0000] {taskinstance.py:1662} INFO - Exporting env vars: AIRFLOW_CTX_DAG_OWNER='***' AIRFLOW_CTX_DAG_ID='outcomes_dag' AIRFLOW_CTX_TASK_ID='Load' AIRFLOW_CTX_EXECUTION_DATE='2023-11-22T00:00:00+00:00' AIRFLOW_CTX_TRY_NUMBER='2' AIRFLOW_CTX_DAG_RUN_ID='scheduled__2023-11-22T00:00:00+00:00'
[2023-11-23T03:02:08.766+0000] {logging_mixin.py:154} INFO - Getting data from Cloud Storage
[2023-11-23T03:02:09.431+0000] {logging_mixin.py:154} INFO - Data is in Staging Area...
[2023-11-23T03:02:09.431+0000] {python.py:194} INFO - Done. Returned value was: None
[2023-11-23T03:02:09.443+0000] {taskinstance.py:1400} INFO - Marking task as SUCCESS. dag_id=outcomes_dag, task_id=Load, execution_date=20231122T000000, start_date=20231123T030208, end_date=20231123T030209
[2023-11-23T03:02:09.471+0000] {local_task_job_runner.py:228} INFO - Task exited with return code 0
