[2023-11-21T01:20:41.069+0000] {taskinstance.py:1159} INFO - Dependencies all met for dep_context=non-requeueable deps ti=<TaskInstance: outcomes_dag.transform scheduled__2023-11-01T00:00:00+00:00 [queued]>
[2023-11-21T01:20:41.143+0000] {taskinstance.py:1159} INFO - Dependencies all met for dep_context=requeueable deps ti=<TaskInstance: outcomes_dag.transform scheduled__2023-11-01T00:00:00+00:00 [queued]>
[2023-11-21T01:20:41.146+0000] {taskinstance.py:1361} INFO - Starting attempt 1 of 1
[2023-11-21T01:20:41.173+0000] {taskinstance.py:1382} INFO - Executing <Task(PythonOperator): transform> on 2023-11-01 00:00:00+00:00
[2023-11-21T01:20:41.241+0000] {standard_task_runner.py:57} INFO - Started process 180 to run task
[2023-11-21T01:20:41.278+0000] {standard_task_runner.py:84} INFO - Running: ['***', 'tasks', 'run', 'outcomes_dag', 'transform', 'scheduled__2023-11-01T00:00:00+00:00', '--job-id', '29', '--raw', '--subdir', 'DAGS_FOLDER/outcomes_dag.py', '--cfg-path', '/tmp/tmpctllblzu']
[2023-11-21T01:20:41.498+0000] {standard_task_runner.py:85} INFO - Job 29: Subtask transform
[2023-11-21T01:20:42.298+0000] {task_command.py:416} INFO - Running <TaskInstance: outcomes_dag.transform scheduled__2023-11-01T00:00:00+00:00 [running]> on host f31a30014ab0
[2023-11-21T01:20:50.105+0000] {taskinstance.py:1662} INFO - Exporting env vars: AIRFLOW_CTX_DAG_OWNER='***' AIRFLOW_CTX_DAG_ID='outcomes_dag' AIRFLOW_CTX_TASK_ID='transform' AIRFLOW_CTX_EXECUTION_DATE='2023-11-01T00:00:00+00:00' AIRFLOW_CTX_TRY_NUMBER='1' AIRFLOW_CTX_DAG_RUN_ID='scheduled__2023-11-01T00:00:00+00:00'
[2023-11-21T01:20:50.980+0000] {python.py:194} INFO - Done. Returned value was: None
[2023-11-21T01:20:51.066+0000] {taskinstance.py:1400} INFO - Marking task as SUCCESS. dag_id=outcomes_dag, task_id=transform, execution_date=20231101T000000, start_date=20231121T012041, end_date=20231121T012051
[2023-11-21T01:20:51.380+0000] {local_task_job_runner.py:228} INFO - Task exited with return code 0
[2023-11-21T01:20:51.926+0000] {taskinstance.py:2778} INFO - 0 downstream tasks scheduled from follow-on schedule check
[2023-11-21T02:36:16.432+0000] {taskinstance.py:1159} INFO - Dependencies all met for dep_context=non-requeueable deps ti=<TaskInstance: outcomes_dag.transform scheduled__2023-11-01T00:00:00+00:00 [queued]>
[2023-11-21T02:36:16.520+0000] {taskinstance.py:1159} INFO - Dependencies all met for dep_context=requeueable deps ti=<TaskInstance: outcomes_dag.transform scheduled__2023-11-01T00:00:00+00:00 [queued]>
[2023-11-21T02:36:16.525+0000] {taskinstance.py:1361} INFO - Starting attempt 1 of 1
[2023-11-21T02:36:16.586+0000] {taskinstance.py:1382} INFO - Executing <Task(PythonOperator): transform> on 2023-11-01 00:00:00+00:00
[2023-11-21T02:36:16.611+0000] {standard_task_runner.py:57} INFO - Started process 155 to run task
[2023-11-21T02:36:16.629+0000] {standard_task_runner.py:84} INFO - Running: ['***', 'tasks', 'run', 'outcomes_dag', 'transform', 'scheduled__2023-11-01T00:00:00+00:00', '--job-id', '27', '--raw', '--subdir', 'DAGS_FOLDER/outcomes_dag.py', '--cfg-path', '/tmp/tmp3s9uw5jc']
[2023-11-21T02:36:16.640+0000] {standard_task_runner.py:85} INFO - Job 27: Subtask transform
[2023-11-21T02:36:16.798+0000] {task_command.py:416} INFO - Running <TaskInstance: outcomes_dag.transform scheduled__2023-11-01T00:00:00+00:00 [running]> on host b875fa978b1e
[2023-11-21T02:36:18.815+0000] {taskinstance.py:1662} INFO - Exporting env vars: AIRFLOW_CTX_DAG_OWNER='***' AIRFLOW_CTX_DAG_ID='outcomes_dag' AIRFLOW_CTX_TASK_ID='transform' AIRFLOW_CTX_EXECUTION_DATE='2023-11-01T00:00:00+00:00' AIRFLOW_CTX_TRY_NUMBER='1' AIRFLOW_CTX_DAG_RUN_ID='scheduled__2023-11-01T00:00:00+00:00'
[2023-11-21T02:36:19.271+0000] {python.py:194} INFO - Done. Returned value was: None
[2023-11-21T02:36:19.324+0000] {taskinstance.py:1400} INFO - Marking task as SUCCESS. dag_id=outcomes_dag, task_id=transform, execution_date=20231101T000000, start_date=20231121T023616, end_date=20231121T023619
[2023-11-21T02:36:19.413+0000] {local_task_job_runner.py:228} INFO - Task exited with return code 0
[2023-11-21T02:36:19.527+0000] {taskinstance.py:2778} INFO - 0 downstream tasks scheduled from follow-on schedule check
[2023-11-22T07:53:55.376+0000] {taskinstance.py:1159} INFO - Dependencies all met for dep_context=non-requeueable deps ti=<TaskInstance: outcomes_dag.Transform scheduled__2023-11-01T00:00:00+00:00 [queued]>
[2023-11-22T07:53:55.406+0000] {taskinstance.py:1159} INFO - Dependencies all met for dep_context=requeueable deps ti=<TaskInstance: outcomes_dag.Transform scheduled__2023-11-01T00:00:00+00:00 [queued]>
[2023-11-22T07:53:55.407+0000] {taskinstance.py:1361} INFO - Starting attempt 1 of 1
[2023-11-22T07:53:55.443+0000] {taskinstance.py:1382} INFO - Executing <Task(PythonOperator): Transform> on 2023-11-01 00:00:00+00:00
[2023-11-22T07:53:55.485+0000] {standard_task_runner.py:57} INFO - Started process 324 to run task
[2023-11-22T07:53:55.560+0000] {standard_task_runner.py:84} INFO - Running: ['***', 'tasks', 'run', 'outcomes_dag', 'Transform', 'scheduled__2023-11-01T00:00:00+00:00', '--job-id', '19', '--raw', '--subdir', 'DAGS_FOLDER/outcomes_dag.py', '--cfg-path', '/tmp/tmpct0bgizw']
[2023-11-22T07:53:55.600+0000] {standard_task_runner.py:85} INFO - Job 19: Subtask Transform
[2023-11-22T07:53:56.143+0000] {task_command.py:416} INFO - Running <TaskInstance: outcomes_dag.Transform scheduled__2023-11-01T00:00:00+00:00 [running]> on host 6318e996d951
[2023-11-22T07:53:56.539+0000] {taskinstance.py:1662} INFO - Exporting env vars: AIRFLOW_CTX_DAG_OWNER='***' AIRFLOW_CTX_DAG_ID='outcomes_dag' AIRFLOW_CTX_TASK_ID='Transform' AIRFLOW_CTX_EXECUTION_DATE='2023-11-01T00:00:00+00:00' AIRFLOW_CTX_TRY_NUMBER='1' AIRFLOW_CTX_DAG_RUN_ID='scheduled__2023-11-01T00:00:00+00:00'
[2023-11-22T07:53:56.617+0000] {logging_mixin.py:154} INFO - Getting data from Cloud Storage
[2023-11-22T07:53:57.640+0000] {logging_mixin.py:154} INFO - Index(['animal_id', 'datetime', 'monthyear', 'date_of_birth', 'outcome_type',
       'animal_type', 'sex_upon_outcome', 'age_upon_outcome', 'breed', 'color',
       'name', 'outcome_subtype'],
      dtype='object')
[2023-11-22T07:53:58.025+0000] {logging_mixin.py:154} INFO - Data Deposited into Cloud Storage
[2023-11-22T07:53:58.069+0000] {python.py:194} INFO - Done. Returned value was: None
[2023-11-22T07:53:58.308+0000] {taskinstance.py:1400} INFO - Marking task as SUCCESS. dag_id=outcomes_dag, task_id=Transform, execution_date=20231101T000000, start_date=20231122T075355, end_date=20231122T075358
[2023-11-22T07:53:58.722+0000] {local_task_job_runner.py:228} INFO - Task exited with return code 0
[2023-11-22T22:41:24.500+0000] {taskinstance.py:1159} INFO - Dependencies all met for dep_context=non-requeueable deps ti=<TaskInstance: outcomes_dag.Transform scheduled__2023-11-01T00:00:00+00:00 [queued]>
[2023-11-22T22:41:24.533+0000] {taskinstance.py:1159} INFO - Dependencies all met for dep_context=requeueable deps ti=<TaskInstance: outcomes_dag.Transform scheduled__2023-11-01T00:00:00+00:00 [queued]>
[2023-11-22T22:41:24.537+0000] {taskinstance.py:1361} INFO - Starting attempt 1 of 1
[2023-11-22T22:41:24.566+0000] {taskinstance.py:1382} INFO - Executing <Task(PythonOperator): Transform> on 2023-11-01 00:00:00+00:00
[2023-11-22T22:41:24.658+0000] {standard_task_runner.py:57} INFO - Started process 170 to run task
[2023-11-22T22:41:24.716+0000] {standard_task_runner.py:84} INFO - Running: ['***', 'tasks', 'run', 'outcomes_dag', 'Transform', 'scheduled__2023-11-01T00:00:00+00:00', '--job-id', '20', '--raw', '--subdir', 'DAGS_FOLDER/outcomes_dag.py', '--cfg-path', '/tmp/tmpn16nofnx']
[2023-11-22T22:41:24.815+0000] {standard_task_runner.py:85} INFO - Job 20: Subtask Transform
[2023-11-22T22:41:25.031+0000] {task_command.py:416} INFO - Running <TaskInstance: outcomes_dag.Transform scheduled__2023-11-01T00:00:00+00:00 [running]> on host 8ac13583809b
[2023-11-22T22:41:25.283+0000] {taskinstance.py:1662} INFO - Exporting env vars: AIRFLOW_CTX_DAG_OWNER='***' AIRFLOW_CTX_DAG_ID='outcomes_dag' AIRFLOW_CTX_TASK_ID='Transform' AIRFLOW_CTX_EXECUTION_DATE='2023-11-01T00:00:00+00:00' AIRFLOW_CTX_TRY_NUMBER='1' AIRFLOW_CTX_DAG_RUN_ID='scheduled__2023-11-01T00:00:00+00:00'
[2023-11-22T22:41:25.295+0000] {logging_mixin.py:154} INFO - Getting data from Cloud Storage
[2023-11-22T22:41:26.066+0000] {logging_mixin.py:154} INFO - Index(['animal_id', 'name', 'datetime', 'monthyear', 'date_of_birth',
       'outcome_type', 'outcome_subtype', 'animal_type', 'sex_upon_outcome',
       'age_upon_outcome', 'breed', 'color'],
      dtype='object')
[2023-11-22T22:41:26.617+0000] {logging_mixin.py:154} INFO - Data Deposited into Cloud Storage
[2023-11-22T22:41:26.627+0000] {python.py:194} INFO - Done. Returned value was: None
[2023-11-22T22:41:26.736+0000] {taskinstance.py:1400} INFO - Marking task as SUCCESS. dag_id=outcomes_dag, task_id=Transform, execution_date=20231101T000000, start_date=20231122T224124, end_date=20231122T224126
[2023-11-22T22:41:26.946+0000] {local_task_job_runner.py:228} INFO - Task exited with return code 0
[2023-11-22T22:59:47.206+0000] {taskinstance.py:1159} INFO - Dependencies all met for dep_context=non-requeueable deps ti=<TaskInstance: outcomes_dag.Transform scheduled__2023-11-01T00:00:00+00:00 [queued]>
[2023-11-22T22:59:47.272+0000] {taskinstance.py:1159} INFO - Dependencies all met for dep_context=requeueable deps ti=<TaskInstance: outcomes_dag.Transform scheduled__2023-11-01T00:00:00+00:00 [queued]>
[2023-11-22T22:59:47.284+0000] {taskinstance.py:1361} INFO - Starting attempt 1 of 1
[2023-11-22T22:59:47.338+0000] {taskinstance.py:1382} INFO - Executing <Task(PythonOperator): Transform> on 2023-11-01 00:00:00+00:00
[2023-11-22T22:59:47.442+0000] {standard_task_runner.py:57} INFO - Started process 138 to run task
[2023-11-22T22:59:47.451+0000] {standard_task_runner.py:84} INFO - Running: ['***', 'tasks', 'run', 'outcomes_dag', 'Transform', 'scheduled__2023-11-01T00:00:00+00:00', '--job-id', '19', '--raw', '--subdir', 'DAGS_FOLDER/outcomes_dag.py', '--cfg-path', '/tmp/tmpwvadgnm2']
[2023-11-22T22:59:47.474+0000] {standard_task_runner.py:85} INFO - Job 19: Subtask Transform
[2023-11-22T22:59:47.673+0000] {task_command.py:416} INFO - Running <TaskInstance: outcomes_dag.Transform scheduled__2023-11-01T00:00:00+00:00 [running]> on host 4b2f5af281f8
[2023-11-22T22:59:47.920+0000] {taskinstance.py:1662} INFO - Exporting env vars: AIRFLOW_CTX_DAG_OWNER='***' AIRFLOW_CTX_DAG_ID='outcomes_dag' AIRFLOW_CTX_TASK_ID='Transform' AIRFLOW_CTX_EXECUTION_DATE='2023-11-01T00:00:00+00:00' AIRFLOW_CTX_TRY_NUMBER='1' AIRFLOW_CTX_DAG_RUN_ID='scheduled__2023-11-01T00:00:00+00:00'
[2023-11-22T22:59:47.926+0000] {logging_mixin.py:154} INFO - Getting data from Cloud Storage
[2023-11-22T22:59:49.181+0000] {logging_mixin.py:154} INFO - Index(['animal_id', 'datetime', 'monthyear', 'date_of_birth', 'outcome_type',
       'animal_type', 'sex_upon_outcome', 'age_upon_outcome', 'breed', 'color',
       'name', 'outcome_subtype'],
      dtype='object')
[2023-11-22T22:59:50.293+0000] {logging_mixin.py:154} INFO - Data Deposited into Cloud Storage
[2023-11-22T22:59:50.295+0000] {python.py:194} INFO - Done. Returned value was: None
[2023-11-22T22:59:50.340+0000] {taskinstance.py:1400} INFO - Marking task as SUCCESS. dag_id=outcomes_dag, task_id=Transform, execution_date=20231101T000000, start_date=20231122T225947, end_date=20231122T225950
[2023-11-22T22:59:50.462+0000] {local_task_job_runner.py:228} INFO - Task exited with return code 0
[2023-11-22T23:20:13.920+0000] {taskinstance.py:1159} INFO - Dependencies all met for dep_context=non-requeueable deps ti=<TaskInstance: outcomes_dag.Transform scheduled__2023-11-01T00:00:00+00:00 [queued]>
[2023-11-22T23:20:13.939+0000] {taskinstance.py:1159} INFO - Dependencies all met for dep_context=requeueable deps ti=<TaskInstance: outcomes_dag.Transform scheduled__2023-11-01T00:00:00+00:00 [queued]>
[2023-11-22T23:20:13.946+0000] {taskinstance.py:1361} INFO - Starting attempt 1 of 1
[2023-11-22T23:20:13.990+0000] {taskinstance.py:1382} INFO - Executing <Task(PythonOperator): Transform> on 2023-11-01 00:00:00+00:00
[2023-11-22T23:20:14.099+0000] {standard_task_runner.py:57} INFO - Started process 138 to run task
[2023-11-22T23:20:14.154+0000] {standard_task_runner.py:84} INFO - Running: ['***', 'tasks', 'run', 'outcomes_dag', 'Transform', 'scheduled__2023-11-01T00:00:00+00:00', '--job-id', '19', '--raw', '--subdir', 'DAGS_FOLDER/outcomes_dag.py', '--cfg-path', '/tmp/tmpwiaoi_4g']
[2023-11-22T23:20:14.170+0000] {standard_task_runner.py:85} INFO - Job 19: Subtask Transform
[2023-11-22T23:20:14.489+0000] {task_command.py:416} INFO - Running <TaskInstance: outcomes_dag.Transform scheduled__2023-11-01T00:00:00+00:00 [running]> on host b410bfb4af5e
[2023-11-22T23:20:14.877+0000] {taskinstance.py:1662} INFO - Exporting env vars: AIRFLOW_CTX_DAG_OWNER='***' AIRFLOW_CTX_DAG_ID='outcomes_dag' AIRFLOW_CTX_TASK_ID='Transform' AIRFLOW_CTX_EXECUTION_DATE='2023-11-01T00:00:00+00:00' AIRFLOW_CTX_TRY_NUMBER='1' AIRFLOW_CTX_DAG_RUN_ID='scheduled__2023-11-01T00:00:00+00:00'
[2023-11-22T23:20:14.894+0000] {logging_mixin.py:154} INFO - Getting data from Cloud Storage
[2023-11-22T23:20:15.448+0000] {logging_mixin.py:154} INFO - Index(['animal_id', 'name', 'datetime', 'monthyear', 'date_of_birth',
       'outcome_type', 'outcome_subtype', 'animal_type', 'sex_upon_outcome',
       'age_upon_outcome', 'breed', 'color'],
      dtype='object')
[2023-11-22T23:20:16.297+0000] {logging_mixin.py:154} INFO - Data Deposited into Cloud Storage
[2023-11-22T23:20:16.299+0000] {python.py:194} INFO - Done. Returned value was: None
[2023-11-22T23:20:16.386+0000] {taskinstance.py:1400} INFO - Marking task as SUCCESS. dag_id=outcomes_dag, task_id=Transform, execution_date=20231101T000000, start_date=20231122T232013, end_date=20231122T232016
[2023-11-22T23:20:16.459+0000] {local_task_job_runner.py:228} INFO - Task exited with return code 0
[2023-11-22T23:42:59.873+0000] {taskinstance.py:1159} INFO - Dependencies all met for dep_context=non-requeueable deps ti=<TaskInstance: outcomes_dag.Transform scheduled__2023-11-01T00:00:00+00:00 [queued]>
[2023-11-22T23:42:59.901+0000] {taskinstance.py:1159} INFO - Dependencies all met for dep_context=requeueable deps ti=<TaskInstance: outcomes_dag.Transform scheduled__2023-11-01T00:00:00+00:00 [queued]>
[2023-11-22T23:42:59.902+0000] {taskinstance.py:1361} INFO - Starting attempt 1 of 1
[2023-11-22T23:42:59.967+0000] {taskinstance.py:1382} INFO - Executing <Task(PythonOperator): Transform> on 2023-11-01 00:00:00+00:00
[2023-11-22T23:43:00.065+0000] {standard_task_runner.py:57} INFO - Started process 140 to run task
[2023-11-22T23:43:00.116+0000] {standard_task_runner.py:84} INFO - Running: ['***', 'tasks', 'run', 'outcomes_dag', 'Transform', 'scheduled__2023-11-01T00:00:00+00:00', '--job-id', '21', '--raw', '--subdir', 'DAGS_FOLDER/outcomes_dag.py', '--cfg-path', '/tmp/tmpluzg6kxf']
[2023-11-22T23:43:00.141+0000] {standard_task_runner.py:85} INFO - Job 21: Subtask Transform
[2023-11-22T23:43:00.402+0000] {task_command.py:416} INFO - Running <TaskInstance: outcomes_dag.Transform scheduled__2023-11-01T00:00:00+00:00 [running]> on host 371cae71aa63
[2023-11-22T23:43:00.778+0000] {taskinstance.py:1662} INFO - Exporting env vars: AIRFLOW_CTX_DAG_OWNER='***' AIRFLOW_CTX_DAG_ID='outcomes_dag' AIRFLOW_CTX_TASK_ID='Transform' AIRFLOW_CTX_EXECUTION_DATE='2023-11-01T00:00:00+00:00' AIRFLOW_CTX_TRY_NUMBER='1' AIRFLOW_CTX_DAG_RUN_ID='scheduled__2023-11-01T00:00:00+00:00'
[2023-11-22T23:43:00.830+0000] {logging_mixin.py:154} INFO - Getting data from Cloud Storage
[2023-11-22T23:43:01.538+0000] {logging_mixin.py:154} INFO - Index(['animal_id', 'name', 'datetime', 'monthyear', 'date_of_birth',
       'outcome_type', 'outcome_subtype', 'animal_type', 'sex_upon_outcome',
       'age_upon_outcome', 'breed', 'color'],
      dtype='object')
[2023-11-22T23:43:01.971+0000] {logging_mixin.py:154} INFO - Data Deposited into Cloud Storage
[2023-11-22T23:43:01.986+0000] {python.py:194} INFO - Done. Returned value was: None
[2023-11-22T23:43:02.121+0000] {taskinstance.py:1400} INFO - Marking task as SUCCESS. dag_id=outcomes_dag, task_id=Transform, execution_date=20231101T000000, start_date=20231122T234259, end_date=20231122T234302
[2023-11-22T23:43:02.243+0000] {local_task_job_runner.py:228} INFO - Task exited with return code 0
[2023-11-23T00:39:25.364+0000] {taskinstance.py:1159} INFO - Dependencies all met for dep_context=non-requeueable deps ti=<TaskInstance: outcomes_dag.Transform scheduled__2023-11-01T00:00:00+00:00 [queued]>
[2023-11-23T00:39:25.378+0000] {taskinstance.py:1159} INFO - Dependencies all met for dep_context=requeueable deps ti=<TaskInstance: outcomes_dag.Transform scheduled__2023-11-01T00:00:00+00:00 [queued]>
[2023-11-23T00:39:25.379+0000] {taskinstance.py:1361} INFO - Starting attempt 1 of 1
[2023-11-23T00:39:25.400+0000] {taskinstance.py:1382} INFO - Executing <Task(PythonOperator): Transform> on 2023-11-01 00:00:00+00:00
[2023-11-23T00:39:25.491+0000] {standard_task_runner.py:57} INFO - Started process 146 to run task
[2023-11-23T00:39:25.532+0000] {standard_task_runner.py:84} INFO - Running: ['***', 'tasks', 'run', 'outcomes_dag', 'Transform', 'scheduled__2023-11-01T00:00:00+00:00', '--job-id', '19', '--raw', '--subdir', 'DAGS_FOLDER/outcomes_dag.py', '--cfg-path', '/tmp/tmphziglf_o']
[2023-11-23T00:39:25.547+0000] {standard_task_runner.py:85} INFO - Job 19: Subtask Transform
[2023-11-23T00:39:25.955+0000] {task_command.py:416} INFO - Running <TaskInstance: outcomes_dag.Transform scheduled__2023-11-01T00:00:00+00:00 [running]> on host 75913536581a
[2023-11-23T00:39:26.255+0000] {taskinstance.py:1662} INFO - Exporting env vars: AIRFLOW_CTX_DAG_OWNER='***' AIRFLOW_CTX_DAG_ID='outcomes_dag' AIRFLOW_CTX_TASK_ID='Transform' AIRFLOW_CTX_EXECUTION_DATE='2023-11-01T00:00:00+00:00' AIRFLOW_CTX_TRY_NUMBER='1' AIRFLOW_CTX_DAG_RUN_ID='scheduled__2023-11-01T00:00:00+00:00'
[2023-11-23T00:39:26.258+0000] {logging_mixin.py:154} INFO - Getting data from Cloud Storage
[2023-11-23T00:39:26.945+0000] {logging_mixin.py:154} INFO - Index(['animal_id', 'name', 'datetime', 'monthyear', 'date_of_birth',
       'outcome_type', 'outcome_subtype', 'animal_type', 'sex_upon_outcome',
       'age_upon_outcome', 'breed', 'color'],
      dtype='object')
[2023-11-23T00:39:27.262+0000] {logging_mixin.py:154} INFO - Data Deposited into Cloud Storage
[2023-11-23T00:39:27.272+0000] {python.py:194} INFO - Done. Returned value was: None
[2023-11-23T00:39:27.323+0000] {taskinstance.py:1400} INFO - Marking task as SUCCESS. dag_id=outcomes_dag, task_id=Transform, execution_date=20231101T000000, start_date=20231123T003925, end_date=20231123T003927
[2023-11-23T00:39:27.442+0000] {local_task_job_runner.py:228} INFO - Task exited with return code 0
[2023-11-23T01:49:30.230+0000] {taskinstance.py:1159} INFO - Dependencies all met for dep_context=non-requeueable deps ti=<TaskInstance: outcomes_dag.Transform scheduled__2023-11-01T00:00:00+00:00 [queued]>
[2023-11-23T01:49:30.266+0000] {taskinstance.py:1159} INFO - Dependencies all met for dep_context=requeueable deps ti=<TaskInstance: outcomes_dag.Transform scheduled__2023-11-01T00:00:00+00:00 [queued]>
[2023-11-23T01:49:30.270+0000] {taskinstance.py:1361} INFO - Starting attempt 1 of 1
[2023-11-23T01:49:30.322+0000] {taskinstance.py:1382} INFO - Executing <Task(PythonOperator): Transform> on 2023-11-01 00:00:00+00:00
[2023-11-23T01:49:30.493+0000] {standard_task_runner.py:57} INFO - Started process 145 to run task
[2023-11-23T01:49:30.520+0000] {standard_task_runner.py:84} INFO - Running: ['***', 'tasks', 'run', 'outcomes_dag', 'Transform', 'scheduled__2023-11-01T00:00:00+00:00', '--job-id', '20', '--raw', '--subdir', 'DAGS_FOLDER/outcomes_dag.py', '--cfg-path', '/tmp/tmpiwni3xrn']
[2023-11-23T01:49:30.559+0000] {standard_task_runner.py:85} INFO - Job 20: Subtask Transform
[2023-11-23T01:49:30.818+0000] {task_command.py:416} INFO - Running <TaskInstance: outcomes_dag.Transform scheduled__2023-11-01T00:00:00+00:00 [running]> on host d15d3caa5b00
[2023-11-23T01:49:31.256+0000] {taskinstance.py:1662} INFO - Exporting env vars: AIRFLOW_CTX_DAG_OWNER='***' AIRFLOW_CTX_DAG_ID='outcomes_dag' AIRFLOW_CTX_TASK_ID='Transform' AIRFLOW_CTX_EXECUTION_DATE='2023-11-01T00:00:00+00:00' AIRFLOW_CTX_TRY_NUMBER='1' AIRFLOW_CTX_DAG_RUN_ID='scheduled__2023-11-01T00:00:00+00:00'
[2023-11-23T01:49:31.269+0000] {logging_mixin.py:154} INFO - Getting data from Cloud Storage
[2023-11-23T01:49:31.957+0000] {logging_mixin.py:154} INFO - Index(['animal_id', 'name', 'datetime', 'monthyear', 'date_of_birth',
       'outcome_type', 'animal_type', 'sex_upon_outcome', 'age_upon_outcome',
       'breed', 'color', 'outcome_subtype'],
      dtype='object')
[2023-11-23T01:49:32.375+0000] {logging_mixin.py:154} INFO - Data Deposited into Cloud Storage
[2023-11-23T01:49:32.380+0000] {python.py:194} INFO - Done. Returned value was: None
[2023-11-23T01:49:32.490+0000] {taskinstance.py:1400} INFO - Marking task as SUCCESS. dag_id=outcomes_dag, task_id=Transform, execution_date=20231101T000000, start_date=20231123T014930, end_date=20231123T014932
[2023-11-23T01:49:32.657+0000] {local_task_job_runner.py:228} INFO - Task exited with return code 0
[2023-11-23T03:40:39.471+0000] {taskinstance.py:1159} INFO - Dependencies all met for dep_context=non-requeueable deps ti=<TaskInstance: outcomes_dag.Transform scheduled__2023-11-01T00:00:00+00:00 [queued]>
[2023-11-23T03:40:39.497+0000] {taskinstance.py:1159} INFO - Dependencies all met for dep_context=requeueable deps ti=<TaskInstance: outcomes_dag.Transform scheduled__2023-11-01T00:00:00+00:00 [queued]>
[2023-11-23T03:40:39.499+0000] {taskinstance.py:1361} INFO - Starting attempt 1 of 1
[2023-11-23T03:40:39.521+0000] {taskinstance.py:1382} INFO - Executing <Task(PythonOperator): Transform> on 2023-11-01 00:00:00+00:00
[2023-11-23T03:40:39.575+0000] {standard_task_runner.py:57} INFO - Started process 138 to run task
[2023-11-23T03:40:39.622+0000] {standard_task_runner.py:84} INFO - Running: ['***', 'tasks', 'run', 'outcomes_dag', 'Transform', 'scheduled__2023-11-01T00:00:00+00:00', '--job-id', '19', '--raw', '--subdir', 'DAGS_FOLDER/outcomes_dag.py', '--cfg-path', '/tmp/tmpb_79jf_k']
[2023-11-23T03:40:39.667+0000] {standard_task_runner.py:85} INFO - Job 19: Subtask Transform
[2023-11-23T03:40:39.883+0000] {task_command.py:416} INFO - Running <TaskInstance: outcomes_dag.Transform scheduled__2023-11-01T00:00:00+00:00 [running]> on host e647c96745b0
[2023-11-23T03:40:40.195+0000] {taskinstance.py:1662} INFO - Exporting env vars: AIRFLOW_CTX_DAG_OWNER='***' AIRFLOW_CTX_DAG_ID='outcomes_dag' AIRFLOW_CTX_TASK_ID='Transform' AIRFLOW_CTX_EXECUTION_DATE='2023-11-01T00:00:00+00:00' AIRFLOW_CTX_TRY_NUMBER='1' AIRFLOW_CTX_DAG_RUN_ID='scheduled__2023-11-01T00:00:00+00:00'
[2023-11-23T03:40:40.206+0000] {logging_mixin.py:154} INFO - Getting data from Cloud Storage
[2023-11-23T03:40:41.345+0000] {logging_mixin.py:154} INFO - Index(['animal_id', 'name', 'datetime', 'monthyear', 'date_of_birth',
       'outcome_type', 'outcome_subtype', 'animal_type', 'sex_upon_outcome',
       'age_upon_outcome', 'breed', 'color'],
      dtype='object')
[2023-11-23T03:40:41.841+0000] {logging_mixin.py:154} INFO - Data Deposited into Cloud Storage
[2023-11-23T03:40:41.867+0000] {python.py:194} INFO - Done. Returned value was: None
[2023-11-23T03:40:41.992+0000] {taskinstance.py:1400} INFO - Marking task as SUCCESS. dag_id=outcomes_dag, task_id=Transform, execution_date=20231101T000000, start_date=20231123T034039, end_date=20231123T034041
[2023-11-23T03:40:42.183+0000] {local_task_job_runner.py:228} INFO - Task exited with return code 0
