[2023-11-22T22:41:50.413+0000] {taskinstance.py:1159} INFO - Dependencies all met for dep_context=non-requeueable deps ti=<TaskInstance: outcomes_dag.Initialize_wharehouse_schema scheduled__2023-11-21T00:00:00+00:00 [queued]>
[2023-11-22T22:41:50.423+0000] {taskinstance.py:1159} INFO - Dependencies all met for dep_context=requeueable deps ti=<TaskInstance: outcomes_dag.Initialize_wharehouse_schema scheduled__2023-11-21T00:00:00+00:00 [queued]>
[2023-11-22T22:41:50.423+0000] {taskinstance.py:1361} INFO - Starting attempt 1 of 1
[2023-11-22T22:41:50.435+0000] {taskinstance.py:1382} INFO - Executing <Task(PythonOperator): Initialize_wharehouse_schema> on 2023-11-21 00:00:00+00:00
[2023-11-22T22:41:50.441+0000] {standard_task_runner.py:57} INFO - Started process 277 to run task
[2023-11-22T22:41:50.450+0000] {standard_task_runner.py:84} INFO - Running: ['***', 'tasks', 'run', 'outcomes_dag', 'Initialize_wharehouse_schema', 'scheduled__2023-11-21T00:00:00+00:00', '--job-id', '64', '--raw', '--subdir', 'DAGS_FOLDER/outcomes_dag.py', '--cfg-path', '/tmp/tmprtvb086d']
[2023-11-22T22:41:50.457+0000] {standard_task_runner.py:85} INFO - Job 64: Subtask Initialize_wharehouse_schema
[2023-11-22T22:41:50.596+0000] {task_command.py:416} INFO - Running <TaskInstance: outcomes_dag.Initialize_wharehouse_schema scheduled__2023-11-21T00:00:00+00:00 [running]> on host 8ac13583809b
[2023-11-22T22:41:50.737+0000] {taskinstance.py:1662} INFO - Exporting env vars: AIRFLOW_CTX_DAG_OWNER='***' AIRFLOW_CTX_DAG_ID='outcomes_dag' AIRFLOW_CTX_TASK_ID='Initialize_wharehouse_schema' AIRFLOW_CTX_EXECUTION_DATE='2023-11-21T00:00:00+00:00' AIRFLOW_CTX_TRY_NUMBER='1' AIRFLOW_CTX_DAG_RUN_ID='scheduled__2023-11-21T00:00:00+00:00'
[2023-11-22T22:41:51.313+0000] {taskinstance.py:1937} ERROR - Task failed with exception
Traceback (most recent call last):
  File "/home/airflow/.local/lib/python3.8/site-packages/airflow/operators/python.py", line 192, in execute
    return_value = self.execute_callable()
  File "/home/airflow/.local/lib/python3.8/site-packages/airflow/operators/python.py", line 209, in execute_callable
    return self.python_callable(*self.op_args, **self.op_kwargs)
  File "/opt/airflow/dags/ETL/load.py", line 16, in execute_sql_script
    client.query(statement)
  File "/home/airflow/.local/lib/python3.8/site-packages/google/cloud/bigquery/client.py", line 3391, in query
    return _job_helpers.query_jobs_insert(
  File "/home/airflow/.local/lib/python3.8/site-packages/google/cloud/bigquery/_job_helpers.py", line 114, in query_jobs_insert
    future = do_query()
  File "/home/airflow/.local/lib/python3.8/site-packages/google/cloud/bigquery/_job_helpers.py", line 91, in do_query
    query_job._begin(retry=retry, timeout=timeout)
  File "/home/airflow/.local/lib/python3.8/site-packages/google/cloud/bigquery/job/query.py", line 1370, in _begin
    super(QueryJob, self)._begin(client=client, retry=retry, timeout=timeout)
  File "/home/airflow/.local/lib/python3.8/site-packages/google/cloud/bigquery/job/base.py", line 693, in _begin
    api_response = client._call_api(
  File "/home/airflow/.local/lib/python3.8/site-packages/google/cloud/bigquery/client.py", line 808, in _call_api
    return call()
  File "/home/airflow/.local/lib/python3.8/site-packages/google/api_core/retry.py", line 366, in retry_wrapped_func
    return retry_target(
  File "/home/airflow/.local/lib/python3.8/site-packages/google/api_core/retry.py", line 204, in retry_target
    return target()
  File "/home/airflow/.local/lib/python3.8/site-packages/google/cloud/_http/__init__.py", line 494, in api_request
    raise exceptions.from_http_response(response)
google.api_core.exceptions.Forbidden: 403 POST https://bigquery.googleapis.com/bigquery/v2/projects/dcsc-warehouse/jobs?prettyPrint=false: Access Denied: Project dcsc-warehouse: User does not have bigquery.jobs.create permission in project dcsc-warehouse.

Location: None
Job ID: 30d4029c-6021-438c-93c9-7748ef6b2b32

[2023-11-22T22:41:51.327+0000] {taskinstance.py:1400} INFO - Marking task as FAILED. dag_id=outcomes_dag, task_id=Initialize_wharehouse_schema, execution_date=20231121T000000, start_date=20231122T224150, end_date=20231122T224151
[2023-11-22T22:41:51.338+0000] {standard_task_runner.py:104} ERROR - Failed to execute job 64 for task Initialize_wharehouse_schema (403 POST https://bigquery.googleapis.com/bigquery/v2/projects/dcsc-warehouse/jobs?prettyPrint=false: Access Denied: Project dcsc-warehouse: User does not have bigquery.jobs.create permission in project dcsc-warehouse.

Location: None
Job ID: 30d4029c-6021-438c-93c9-7748ef6b2b32
; 277)
[2023-11-22T22:41:51.372+0000] {local_task_job_runner.py:228} INFO - Task exited with return code 1
[2023-11-22T23:03:28.961+0000] {taskinstance.py:1159} INFO - Dependencies all met for dep_context=non-requeueable deps ti=<TaskInstance: outcomes_dag.Initialize_wharehouse_schema scheduled__2023-11-21T00:00:00+00:00 [queued]>
[2023-11-22T23:03:28.966+0000] {taskinstance.py:1159} INFO - Dependencies all met for dep_context=requeueable deps ti=<TaskInstance: outcomes_dag.Initialize_wharehouse_schema scheduled__2023-11-21T00:00:00+00:00 [queued]>
[2023-11-22T23:03:28.966+0000] {taskinstance.py:1361} INFO - Starting attempt 1 of 1
[2023-11-22T23:03:28.972+0000] {taskinstance.py:1382} INFO - Executing <Task(PythonOperator): Initialize_wharehouse_schema> on 2023-11-21 00:00:00+00:00
[2023-11-22T23:03:28.977+0000] {standard_task_runner.py:57} INFO - Started process 481 to run task
[2023-11-22T23:03:28.982+0000] {standard_task_runner.py:84} INFO - Running: ['***', 'tasks', 'run', 'outcomes_dag', 'Initialize_wharehouse_schema', 'scheduled__2023-11-21T00:00:00+00:00', '--job-id', '123', '--raw', '--subdir', 'DAGS_FOLDER/outcomes_dag.py', '--cfg-path', '/tmp/tmp0901dbnk']
[2023-11-22T23:03:28.986+0000] {standard_task_runner.py:85} INFO - Job 123: Subtask Initialize_wharehouse_schema
[2023-11-22T23:03:29.031+0000] {task_command.py:416} INFO - Running <TaskInstance: outcomes_dag.Initialize_wharehouse_schema scheduled__2023-11-21T00:00:00+00:00 [running]> on host 4b2f5af281f8
[2023-11-22T23:03:29.102+0000] {taskinstance.py:1662} INFO - Exporting env vars: AIRFLOW_CTX_DAG_OWNER='***' AIRFLOW_CTX_DAG_ID='outcomes_dag' AIRFLOW_CTX_TASK_ID='Initialize_wharehouse_schema' AIRFLOW_CTX_EXECUTION_DATE='2023-11-21T00:00:00+00:00' AIRFLOW_CTX_TRY_NUMBER='1' AIRFLOW_CTX_DAG_RUN_ID='scheduled__2023-11-21T00:00:00+00:00'
[2023-11-22T23:03:30.618+0000] {python.py:194} INFO - Done. Returned value was: None
[2023-11-22T23:03:30.643+0000] {taskinstance.py:1400} INFO - Marking task as SUCCESS. dag_id=outcomes_dag, task_id=Initialize_wharehouse_schema, execution_date=20231121T000000, start_date=20231122T230328, end_date=20231122T230330
[2023-11-22T23:03:30.719+0000] {local_task_job_runner.py:228} INFO - Task exited with return code 0
[2023-11-22T23:47:47.986+0000] {taskinstance.py:1159} INFO - Dependencies all met for dep_context=non-requeueable deps ti=<TaskInstance: outcomes_dag.Initialize_wharehouse_schema scheduled__2023-11-21T00:00:00+00:00 [queued]>
[2023-11-22T23:47:47.994+0000] {taskinstance.py:1159} INFO - Dependencies all met for dep_context=requeueable deps ti=<TaskInstance: outcomes_dag.Initialize_wharehouse_schema scheduled__2023-11-21T00:00:00+00:00 [queued]>
[2023-11-22T23:47:48.000+0000] {taskinstance.py:1361} INFO - Starting attempt 1 of 1
[2023-11-22T23:47:48.029+0000] {taskinstance.py:1382} INFO - Executing <Task(PythonOperator): Initialize_wharehouse_schema> on 2023-11-21 00:00:00+00:00
[2023-11-22T23:47:48.039+0000] {standard_task_runner.py:57} INFO - Started process 502 to run task
[2023-11-22T23:47:48.055+0000] {standard_task_runner.py:84} INFO - Running: ['***', 'tasks', 'run', 'outcomes_dag', 'Initialize_wharehouse_schema', 'scheduled__2023-11-21T00:00:00+00:00', '--job-id', '124', '--raw', '--subdir', 'DAGS_FOLDER/outcomes_dag.py', '--cfg-path', '/tmp/tmpmy27q_sv']
[2023-11-22T23:47:48.067+0000] {standard_task_runner.py:85} INFO - Job 124: Subtask Initialize_wharehouse_schema
[2023-11-22T23:47:48.156+0000] {task_command.py:416} INFO - Running <TaskInstance: outcomes_dag.Initialize_wharehouse_schema scheduled__2023-11-21T00:00:00+00:00 [running]> on host 371cae71aa63
[2023-11-22T23:47:48.279+0000] {taskinstance.py:1662} INFO - Exporting env vars: AIRFLOW_CTX_DAG_OWNER='***' AIRFLOW_CTX_DAG_ID='outcomes_dag' AIRFLOW_CTX_TASK_ID='Initialize_wharehouse_schema' AIRFLOW_CTX_EXECUTION_DATE='2023-11-21T00:00:00+00:00' AIRFLOW_CTX_TRY_NUMBER='1' AIRFLOW_CTX_DAG_RUN_ID='scheduled__2023-11-21T00:00:00+00:00'
[2023-11-22T23:47:50.539+0000] {python.py:194} INFO - Done. Returned value was: None
[2023-11-22T23:47:50.553+0000] {taskinstance.py:1400} INFO - Marking task as SUCCESS. dag_id=outcomes_dag, task_id=Initialize_wharehouse_schema, execution_date=20231121T000000, start_date=20231122T234747, end_date=20231122T234750
[2023-11-22T23:47:50.605+0000] {local_task_job_runner.py:228} INFO - Task exited with return code 0
[2023-11-23T00:43:12.629+0000] {taskinstance.py:1159} INFO - Dependencies all met for dep_context=non-requeueable deps ti=<TaskInstance: outcomes_dag.Initialize_wharehouse_schema scheduled__2023-11-21T00:00:00+00:00 [queued]>
[2023-11-23T00:43:12.634+0000] {taskinstance.py:1159} INFO - Dependencies all met for dep_context=requeueable deps ti=<TaskInstance: outcomes_dag.Initialize_wharehouse_schema scheduled__2023-11-21T00:00:00+00:00 [queued]>
[2023-11-23T00:43:12.635+0000] {taskinstance.py:1361} INFO - Starting attempt 1 of 1
[2023-11-23T00:43:12.643+0000] {taskinstance.py:1382} INFO - Executing <Task(PythonOperator): Initialize_wharehouse_schema> on 2023-11-21 00:00:00+00:00
[2023-11-23T00:43:12.652+0000] {standard_task_runner.py:57} INFO - Started process 508 to run task
[2023-11-23T00:43:12.661+0000] {standard_task_runner.py:84} INFO - Running: ['***', 'tasks', 'run', 'outcomes_dag', 'Initialize_wharehouse_schema', 'scheduled__2023-11-21T00:00:00+00:00', '--job-id', '130', '--raw', '--subdir', 'DAGS_FOLDER/outcomes_dag.py', '--cfg-path', '/tmp/tmp9jvrp0hh']
[2023-11-23T00:43:12.699+0000] {standard_task_runner.py:85} INFO - Job 130: Subtask Initialize_wharehouse_schema
[2023-11-23T00:43:12.772+0000] {task_command.py:416} INFO - Running <TaskInstance: outcomes_dag.Initialize_wharehouse_schema scheduled__2023-11-21T00:00:00+00:00 [running]> on host 75913536581a
[2023-11-23T00:43:12.834+0000] {taskinstance.py:1662} INFO - Exporting env vars: AIRFLOW_CTX_DAG_OWNER='***' AIRFLOW_CTX_DAG_ID='outcomes_dag' AIRFLOW_CTX_TASK_ID='Initialize_wharehouse_schema' AIRFLOW_CTX_EXECUTION_DATE='2023-11-21T00:00:00+00:00' AIRFLOW_CTX_TRY_NUMBER='1' AIRFLOW_CTX_DAG_RUN_ID='scheduled__2023-11-21T00:00:00+00:00'
[2023-11-23T00:43:14.449+0000] {python.py:194} INFO - Done. Returned value was: None
[2023-11-23T00:43:14.463+0000] {taskinstance.py:1400} INFO - Marking task as SUCCESS. dag_id=outcomes_dag, task_id=Initialize_wharehouse_schema, execution_date=20231121T000000, start_date=20231123T004312, end_date=20231123T004314
[2023-11-23T00:43:14.486+0000] {local_task_job_runner.py:228} INFO - Task exited with return code 0
