[2023-11-22T23:09:48.115+0000] {taskinstance.py:1159} INFO - Dependencies all met for dep_context=non-requeueable deps ti=<TaskInstance: outcomes_dag.Initialize_wharehouse_schema scheduled__2023-11-21T00:00:00+00:00 [queued]>
[2023-11-22T23:09:48.119+0000] {taskinstance.py:1159} INFO - Dependencies all met for dep_context=requeueable deps ti=<TaskInstance: outcomes_dag.Initialize_wharehouse_schema scheduled__2023-11-21T00:00:00+00:00 [queued]>
[2023-11-22T23:09:48.119+0000] {taskinstance.py:1361} INFO - Starting attempt 2 of 2
[2023-11-22T23:09:48.124+0000] {taskinstance.py:1382} INFO - Executing <Task(PythonOperator): Initialize_wharehouse_schema> on 2023-11-21 00:00:00+00:00
[2023-11-22T23:09:48.128+0000] {standard_task_runner.py:57} INFO - Started process 673 to run task
[2023-11-22T23:09:48.130+0000] {standard_task_runner.py:84} INFO - Running: ['***', 'tasks', 'run', 'outcomes_dag', 'Initialize_wharehouse_schema', 'scheduled__2023-11-21T00:00:00+00:00', '--job-id', '156', '--raw', '--subdir', 'DAGS_FOLDER/outcomes_dag.py', '--cfg-path', '/tmp/tmpr7goh7s3']
[2023-11-22T23:09:48.133+0000] {standard_task_runner.py:85} INFO - Job 156: Subtask Initialize_wharehouse_schema
[2023-11-22T23:09:48.161+0000] {task_command.py:416} INFO - Running <TaskInstance: outcomes_dag.Initialize_wharehouse_schema scheduled__2023-11-21T00:00:00+00:00 [running]> on host 4b2f5af281f8
[2023-11-22T23:09:48.199+0000] {taskinstance.py:1662} INFO - Exporting env vars: AIRFLOW_CTX_DAG_OWNER='***' AIRFLOW_CTX_DAG_ID='outcomes_dag' AIRFLOW_CTX_TASK_ID='Initialize_wharehouse_schema' AIRFLOW_CTX_EXECUTION_DATE='2023-11-21T00:00:00+00:00' AIRFLOW_CTX_TRY_NUMBER='2' AIRFLOW_CTX_DAG_RUN_ID='scheduled__2023-11-21T00:00:00+00:00'
[2023-11-22T23:09:49.799+0000] {python.py:194} INFO - Done. Returned value was: None
[2023-11-22T23:09:49.827+0000] {taskinstance.py:1400} INFO - Marking task as SUCCESS. dag_id=outcomes_dag, task_id=Initialize_wharehouse_schema, execution_date=20231121T000000, start_date=20231122T230948, end_date=20231122T230949
[2023-11-22T23:09:49.856+0000] {local_task_job_runner.py:228} INFO - Task exited with return code 0
[2023-11-22T23:55:05.354+0000] {taskinstance.py:1159} INFO - Dependencies all met for dep_context=non-requeueable deps ti=<TaskInstance: outcomes_dag.Initialize_wharehouse_schema scheduled__2023-11-21T00:00:00+00:00 [queued]>
[2023-11-22T23:55:05.359+0000] {taskinstance.py:1159} INFO - Dependencies all met for dep_context=requeueable deps ti=<TaskInstance: outcomes_dag.Initialize_wharehouse_schema scheduled__2023-11-21T00:00:00+00:00 [queued]>
[2023-11-22T23:55:05.360+0000] {taskinstance.py:1361} INFO - Starting attempt 2 of 2
[2023-11-22T23:55:05.366+0000] {taskinstance.py:1382} INFO - Executing <Task(PythonOperator): Initialize_wharehouse_schema> on 2023-11-21 00:00:00+00:00
[2023-11-22T23:55:05.375+0000] {standard_task_runner.py:57} INFO - Started process 660 to run task
[2023-11-22T23:55:05.378+0000] {standard_task_runner.py:84} INFO - Running: ['***', 'tasks', 'run', 'outcomes_dag', 'Initialize_wharehouse_schema', 'scheduled__2023-11-21T00:00:00+00:00', '--job-id', '143', '--raw', '--subdir', 'DAGS_FOLDER/outcomes_dag.py', '--cfg-path', '/tmp/tmpbrz9q4v7']
[2023-11-22T23:55:05.381+0000] {standard_task_runner.py:85} INFO - Job 143: Subtask Initialize_wharehouse_schema
[2023-11-22T23:55:05.413+0000] {task_command.py:416} INFO - Running <TaskInstance: outcomes_dag.Initialize_wharehouse_schema scheduled__2023-11-21T00:00:00+00:00 [running]> on host 371cae71aa63
[2023-11-22T23:55:05.454+0000] {taskinstance.py:1662} INFO - Exporting env vars: AIRFLOW_CTX_DAG_OWNER='***' AIRFLOW_CTX_DAG_ID='outcomes_dag' AIRFLOW_CTX_TASK_ID='Initialize_wharehouse_schema' AIRFLOW_CTX_EXECUTION_DATE='2023-11-21T00:00:00+00:00' AIRFLOW_CTX_TRY_NUMBER='2' AIRFLOW_CTX_DAG_RUN_ID='scheduled__2023-11-21T00:00:00+00:00'
[2023-11-22T23:55:07.180+0000] {python.py:194} INFO - Done. Returned value was: None
[2023-11-22T23:55:07.212+0000] {taskinstance.py:1400} INFO - Marking task as SUCCESS. dag_id=outcomes_dag, task_id=Initialize_wharehouse_schema, execution_date=20231121T000000, start_date=20231122T235505, end_date=20231122T235507
[2023-11-22T23:55:07.282+0000] {local_task_job_runner.py:228} INFO - Task exited with return code 0
[2023-11-23T00:46:22.192+0000] {taskinstance.py:1159} INFO - Dependencies all met for dep_context=non-requeueable deps ti=<TaskInstance: outcomes_dag.Initialize_wharehouse_schema scheduled__2023-11-21T00:00:00+00:00 [queued]>
[2023-11-23T00:46:22.198+0000] {taskinstance.py:1159} INFO - Dependencies all met for dep_context=requeueable deps ti=<TaskInstance: outcomes_dag.Initialize_wharehouse_schema scheduled__2023-11-21T00:00:00+00:00 [queued]>
[2023-11-23T00:46:22.198+0000] {taskinstance.py:1361} INFO - Starting attempt 2 of 2
[2023-11-23T00:46:22.204+0000] {taskinstance.py:1382} INFO - Executing <Task(PythonOperator): Initialize_wharehouse_schema> on 2023-11-21 00:00:00+00:00
[2023-11-23T00:46:22.212+0000] {standard_task_runner.py:57} INFO - Started process 624 to run task
[2023-11-23T00:46:22.215+0000] {standard_task_runner.py:84} INFO - Running: ['***', 'tasks', 'run', 'outcomes_dag', 'Initialize_wharehouse_schema', 'scheduled__2023-11-21T00:00:00+00:00', '--job-id', '154', '--raw', '--subdir', 'DAGS_FOLDER/outcomes_dag.py', '--cfg-path', '/tmp/tmpgelo9cye']
[2023-11-23T00:46:22.217+0000] {standard_task_runner.py:85} INFO - Job 154: Subtask Initialize_wharehouse_schema
[2023-11-23T00:46:22.251+0000] {task_command.py:416} INFO - Running <TaskInstance: outcomes_dag.Initialize_wharehouse_schema scheduled__2023-11-21T00:00:00+00:00 [running]> on host 75913536581a
[2023-11-23T00:46:22.292+0000] {taskinstance.py:1662} INFO - Exporting env vars: AIRFLOW_CTX_DAG_OWNER='***' AIRFLOW_CTX_DAG_ID='outcomes_dag' AIRFLOW_CTX_TASK_ID='Initialize_wharehouse_schema' AIRFLOW_CTX_EXECUTION_DATE='2023-11-21T00:00:00+00:00' AIRFLOW_CTX_TRY_NUMBER='2' AIRFLOW_CTX_DAG_RUN_ID='scheduled__2023-11-21T00:00:00+00:00'
[2023-11-23T00:46:24.712+0000] {python.py:194} INFO - Done. Returned value was: None
[2023-11-23T00:46:24.740+0000] {taskinstance.py:1400} INFO - Marking task as SUCCESS. dag_id=outcomes_dag, task_id=Initialize_wharehouse_schema, execution_date=20231121T000000, start_date=20231123T004622, end_date=20231123T004624
[2023-11-23T00:46:24.810+0000] {local_task_job_runner.py:228} INFO - Task exited with return code 0
