[2023-11-20T22:16:34.523+0000] {taskinstance.py:1159} INFO - Dependencies all met for dep_context=non-requeueable deps ti=<TaskInstance: outcomes_dag.step1 scheduled__2023-11-01T00:00:00+00:00 [queued]>
[2023-11-20T22:16:34.614+0000] {taskinstance.py:1159} INFO - Dependencies all met for dep_context=requeueable deps ti=<TaskInstance: outcomes_dag.step1 scheduled__2023-11-01T00:00:00+00:00 [queued]>
[2023-11-20T22:16:34.615+0000] {taskinstance.py:1361} INFO - Starting attempt 1 of 1
[2023-11-20T22:16:34.673+0000] {taskinstance.py:1382} INFO - Executing <Task(BashOperator): step1> on 2023-11-01 00:00:00+00:00
[2023-11-20T22:16:34.723+0000] {standard_task_runner.py:57} INFO - Started process 319 to run task
[2023-11-20T22:16:34.797+0000] {standard_task_runner.py:84} INFO - Running: ['***', 'tasks', 'run', 'outcomes_dag', 'step1', 'scheduled__2023-11-01T00:00:00+00:00', '--job-id', '3', '--raw', '--subdir', 'DAGS_FOLDER/outcomes_dag.py', '--cfg-path', '/tmp/tmp280042j5']
[2023-11-20T22:16:34.821+0000] {standard_task_runner.py:85} INFO - Job 3: Subtask step1
[2023-11-20T22:16:35.604+0000] {task_command.py:416} INFO - Running <TaskInstance: outcomes_dag.step1 scheduled__2023-11-01T00:00:00+00:00 [running]> on host 323903d45442
[2023-11-20T22:16:36.422+0000] {taskinstance.py:1662} INFO - Exporting env vars: AIRFLOW_CTX_DAG_OWNER='***' AIRFLOW_CTX_DAG_ID='outcomes_dag' AIRFLOW_CTX_TASK_ID='step1' AIRFLOW_CTX_EXECUTION_DATE='2023-11-01T00:00:00+00:00' AIRFLOW_CTX_TRY_NUMBER='1' AIRFLOW_CTX_DAG_RUN_ID='scheduled__2023-11-01T00:00:00+00:00'
[2023-11-20T22:16:36.431+0000] {subprocess.py:63} INFO - Tmp dir root location: /tmp
[2023-11-20T22:16:36.436+0000] {subprocess.py:75} INFO - Running command: ['/bin/bash', '-c', 'echo 1']
[2023-11-20T22:16:36.567+0000] {subprocess.py:86} INFO - Output:
[2023-11-20T22:16:36.608+0000] {subprocess.py:93} INFO - 1
[2023-11-20T22:16:36.636+0000] {subprocess.py:97} INFO - Command exited with return code 0
[2023-11-20T22:16:36.798+0000] {taskinstance.py:1400} INFO - Marking task as SUCCESS. dag_id=outcomes_dag, task_id=step1, execution_date=20231101T000000, start_date=20231120T221634, end_date=20231120T221636
[2023-11-20T22:16:36.982+0000] {local_task_job_runner.py:228} INFO - Task exited with return code 0
[2023-11-20T22:16:37.210+0000] {taskinstance.py:2778} INFO - 0 downstream tasks scheduled from follow-on schedule check
[2023-11-21T01:20:11.907+0000] {taskinstance.py:1159} INFO - Dependencies all met for dep_context=non-requeueable deps ti=<TaskInstance: outcomes_dag.step1 scheduled__2023-11-01T00:00:00+00:00 [queued]>
[2023-11-21T01:20:11.958+0000] {taskinstance.py:1159} INFO - Dependencies all met for dep_context=requeueable deps ti=<TaskInstance: outcomes_dag.step1 scheduled__2023-11-01T00:00:00+00:00 [queued]>
[2023-11-21T01:20:11.962+0000] {taskinstance.py:1361} INFO - Starting attempt 1 of 1
[2023-11-21T01:20:12.012+0000] {taskinstance.py:1382} INFO - Executing <Task(BashOperator): step1> on 2023-11-01 00:00:00+00:00
[2023-11-21T01:20:12.045+0000] {standard_task_runner.py:57} INFO - Started process 89 to run task
[2023-11-21T01:20:12.069+0000] {standard_task_runner.py:84} INFO - Running: ['***', 'tasks', 'run', 'outcomes_dag', 'step1', 'scheduled__2023-11-01T00:00:00+00:00', '--job-id', '3', '--raw', '--subdir', 'DAGS_FOLDER/outcomes_dag.py', '--cfg-path', '/tmp/tmp8zp53czo']
[2023-11-21T01:20:12.134+0000] {standard_task_runner.py:85} INFO - Job 3: Subtask step1
[2023-11-21T01:20:12.996+0000] {task_command.py:416} INFO - Running <TaskInstance: outcomes_dag.step1 scheduled__2023-11-01T00:00:00+00:00 [running]> on host f31a30014ab0
[2023-11-21T01:20:28.527+0000] {taskinstance.py:1662} INFO - Exporting env vars: AIRFLOW_CTX_DAG_OWNER='***' AIRFLOW_CTX_DAG_ID='outcomes_dag' AIRFLOW_CTX_TASK_ID='step1' AIRFLOW_CTX_EXECUTION_DATE='2023-11-01T00:00:00+00:00' AIRFLOW_CTX_TRY_NUMBER='1' AIRFLOW_CTX_DAG_RUN_ID='scheduled__2023-11-01T00:00:00+00:00'
[2023-11-21T01:20:28.563+0000] {subprocess.py:63} INFO - Tmp dir root location: /tmp
[2023-11-21T01:20:28.565+0000] {subprocess.py:75} INFO - Running command: ['/bin/bash', '-c', 'curl --create-dirs -o /opt/***/data/2023-11-01/downloads/outcomes_2023-11-01.json https://data.austintexas.gov/resource/9t4d-g238.json']
[2023-11-21T01:20:28.830+0000] {subprocess.py:86} INFO - Output:
[2023-11-21T01:20:29.160+0000] {subprocess.py:93} INFO -   % Total    % Received % Xferd  Average Speed   Time    Time     Time  Current
[2023-11-21T01:20:29.164+0000] {subprocess.py:93} INFO -                                  Dload  Upload   Total   Spent    Left  Speed
[2023-11-21T01:20:30.423+0000] {subprocess.py:93} INFO -   0     0    0     0    0     0      0      0 --:--:-- --:--:-- --:--:--     0100  110k    0  110k    0     0   107k      0 --:--:--  0:00:01 --:--:--  109k100  320k    0  320k    0     0   251k      0 --:--:--  0:00:01 --:--:--  254k
[2023-11-21T01:20:30.452+0000] {subprocess.py:97} INFO - Command exited with return code 0
[2023-11-21T01:20:30.825+0000] {taskinstance.py:1400} INFO - Marking task as SUCCESS. dag_id=outcomes_dag, task_id=step1, execution_date=20231101T000000, start_date=20231121T012011, end_date=20231121T012030
[2023-11-21T01:20:31.241+0000] {local_task_job_runner.py:228} INFO - Task exited with return code 0
[2023-11-21T01:20:31.490+0000] {taskinstance.py:2778} INFO - 0 downstream tasks scheduled from follow-on schedule check
[2023-11-21T02:36:04.109+0000] {taskinstance.py:1159} INFO - Dependencies all met for dep_context=non-requeueable deps ti=<TaskInstance: outcomes_dag.step1 scheduled__2023-11-01T00:00:00+00:00 [queued]>
[2023-11-21T02:36:04.126+0000] {taskinstance.py:1159} INFO - Dependencies all met for dep_context=requeueable deps ti=<TaskInstance: outcomes_dag.step1 scheduled__2023-11-01T00:00:00+00:00 [queued]>
[2023-11-21T02:36:04.131+0000] {taskinstance.py:1361} INFO - Starting attempt 1 of 1
[2023-11-21T02:36:04.184+0000] {taskinstance.py:1382} INFO - Executing <Task(BashOperator): step1> on 2023-11-01 00:00:00+00:00
[2023-11-21T02:36:04.212+0000] {standard_task_runner.py:57} INFO - Started process 86 to run task
[2023-11-21T02:36:04.264+0000] {standard_task_runner.py:84} INFO - Running: ['***', 'tasks', 'run', 'outcomes_dag', 'step1', 'scheduled__2023-11-01T00:00:00+00:00', '--job-id', '3', '--raw', '--subdir', 'DAGS_FOLDER/outcomes_dag.py', '--cfg-path', '/tmp/tmpm5qnkdph']
[2023-11-21T02:36:04.299+0000] {standard_task_runner.py:85} INFO - Job 3: Subtask step1
[2023-11-21T02:36:04.519+0000] {task_command.py:416} INFO - Running <TaskInstance: outcomes_dag.step1 scheduled__2023-11-01T00:00:00+00:00 [running]> on host b875fa978b1e
[2023-11-21T02:36:08.659+0000] {taskinstance.py:1662} INFO - Exporting env vars: AIRFLOW_CTX_DAG_OWNER='***' AIRFLOW_CTX_DAG_ID='outcomes_dag' AIRFLOW_CTX_TASK_ID='step1' AIRFLOW_CTX_EXECUTION_DATE='2023-11-01T00:00:00+00:00' AIRFLOW_CTX_TRY_NUMBER='1' AIRFLOW_CTX_DAG_RUN_ID='scheduled__2023-11-01T00:00:00+00:00'
[2023-11-21T02:36:08.678+0000] {subprocess.py:63} INFO - Tmp dir root location: /tmp
[2023-11-21T02:36:08.679+0000] {subprocess.py:75} INFO - Running command: ['/bin/bash', '-c', 'curl --create-dirs -o /opt/***/data/2023-11-01/downloads/outcomes_2023-11-01.json https://data.austintexas.gov/resource/9t4d-g238.json']
[2023-11-21T02:36:08.774+0000] {subprocess.py:86} INFO - Output:
[2023-11-21T02:36:08.791+0000] {subprocess.py:93} INFO -   % Total    % Received % Xferd  Average Speed   Time    Time     Time  Current
[2023-11-21T02:36:08.799+0000] {subprocess.py:93} INFO -                                  Dload  Upload   Total   Spent    Left  Speed
[2023-11-21T02:36:09.683+0000] {subprocess.py:93} INFO -   0     0    0     0    0     0      0      0 --:--:-- --:--:-- --:--:--     0  0     0    0     0    0     0      0      0 --:--:-- --:--:-- --:--:--     0100  320k    0  320k    0     0   360k      0 --:--:-- --:--:-- --:--:--  360k
[2023-11-21T02:36:09.698+0000] {subprocess.py:97} INFO - Command exited with return code 0
[2023-11-21T02:36:10.460+0000] {taskinstance.py:1400} INFO - Marking task as SUCCESS. dag_id=outcomes_dag, task_id=step1, execution_date=20231101T000000, start_date=20231121T023604, end_date=20231121T023610
[2023-11-21T02:36:10.794+0000] {local_task_job_runner.py:228} INFO - Task exited with return code 0
[2023-11-21T02:36:11.151+0000] {taskinstance.py:2778} INFO - 1 downstream tasks scheduled from follow-on schedule check
