[2023-11-23T03:23:54.947+0000] {taskinstance.py:1159} INFO - Dependencies all met for dep_context=non-requeueable deps ti=<TaskInstance: outcomes_dag.dim3_to_cloud scheduled__2023-11-22T00:00:00+00:00 [queued]>
[2023-11-23T03:23:54.952+0000] {taskinstance.py:1159} INFO - Dependencies all met for dep_context=requeueable deps ti=<TaskInstance: outcomes_dag.dim3_to_cloud scheduled__2023-11-22T00:00:00+00:00 [queued]>
[2023-11-23T03:23:54.952+0000] {taskinstance.py:1361} INFO - Starting attempt 1 of 1
[2023-11-23T03:23:54.958+0000] {taskinstance.py:1382} INFO - Executing <Task(PythonOperator): dim3_to_cloud> on 2023-11-22 00:00:00+00:00
[2023-11-23T03:23:54.963+0000] {standard_task_runner.py:57} INFO - Started process 584 to run task
[2023-11-23T03:23:54.967+0000] {standard_task_runner.py:84} INFO - Running: ['***', 'tasks', 'run', 'outcomes_dag', 'dim3_to_cloud', 'scheduled__2023-11-22T00:00:00+00:00', '--job-id', '39', '--raw', '--subdir', 'DAGS_FOLDER/outcomes_dag.py', '--cfg-path', '/tmp/tmpccqsl5d3']
[2023-11-23T03:23:54.970+0000] {standard_task_runner.py:85} INFO - Job 39: Subtask dim3_to_cloud
[2023-11-23T03:23:55.021+0000] {task_command.py:416} INFO - Running <TaskInstance: outcomes_dag.dim3_to_cloud scheduled__2023-11-22T00:00:00+00:00 [running]> on host 1268bd8e5db0
[2023-11-23T03:23:55.078+0000] {taskinstance.py:1662} INFO - Exporting env vars: AIRFLOW_CTX_DAG_OWNER='***' AIRFLOW_CTX_DAG_ID='outcomes_dag' AIRFLOW_CTX_TASK_ID='dim3_to_cloud' AIRFLOW_CTX_EXECUTION_DATE='2023-11-22T00:00:00+00:00' AIRFLOW_CTX_TRY_NUMBER='1' AIRFLOW_CTX_DAG_RUN_ID='scheduled__2023-11-22T00:00:00+00:00'
[2023-11-23T03:24:03.094+0000] {taskinstance.py:1937} ERROR - Task failed with exception
Traceback (most recent call last):
  File "/home/airflow/.local/lib/python3.8/site-packages/airflow/operators/python.py", line 192, in execute
    return_value = self.execute_callable()
  File "/home/airflow/.local/lib/python3.8/site-packages/airflow/operators/python.py", line 209, in execute_callable
    return self.python_callable(*self.op_args, **self.op_kwargs)
  File "/opt/airflow/dags/ETL/load_to_Cloud.py", line 7, in transfer_data_to_bigquery
    conn = psycopg2.connect(
  File "/home/airflow/.local/lib/python3.8/site-packages/psycopg2/__init__.py", line 122, in connect
    conn = _connect(dsn, connection_factory=connection_factory, **kwasync)
psycopg2.OperationalError: could not translate host name "local" to address: Temporary failure in name resolution

[2023-11-23T03:24:03.125+0000] {taskinstance.py:1400} INFO - Marking task as FAILED. dag_id=outcomes_dag, task_id=dim3_to_cloud, execution_date=20231122T000000, start_date=20231123T032354, end_date=20231123T032403
[2023-11-23T03:24:03.140+0000] {standard_task_runner.py:104} ERROR - Failed to execute job 39 for task dim3_to_cloud (could not translate host name "local" to address: Temporary failure in name resolution
; 584)
[2023-11-23T03:24:03.180+0000] {local_task_job_runner.py:228} INFO - Task exited with return code 1
[2023-11-23T03:42:35.788+0000] {taskinstance.py:1159} INFO - Dependencies all met for dep_context=non-requeueable deps ti=<TaskInstance: outcomes_dag.dim3_to_cloud scheduled__2023-11-22T00:00:00+00:00 [queued]>
[2023-11-23T03:42:35.845+0000] {taskinstance.py:1159} INFO - Dependencies all met for dep_context=requeueable deps ti=<TaskInstance: outcomes_dag.dim3_to_cloud scheduled__2023-11-22T00:00:00+00:00 [queued]>
[2023-11-23T03:42:35.850+0000] {taskinstance.py:1361} INFO - Starting attempt 1 of 1
[2023-11-23T03:42:35.907+0000] {taskinstance.py:1382} INFO - Executing <Task(PythonOperator): dim3_to_cloud> on 2023-11-22 00:00:00+00:00
[2023-11-23T03:42:35.957+0000] {standard_task_runner.py:57} INFO - Started process 658 to run task
[2023-11-23T03:42:35.979+0000] {standard_task_runner.py:84} INFO - Running: ['***', 'tasks', 'run', 'outcomes_dag', 'dim3_to_cloud', 'scheduled__2023-11-22T00:00:00+00:00', '--job-id', '190', '--raw', '--subdir', 'DAGS_FOLDER/outcomes_dag.py', '--cfg-path', '/tmp/tmpkjdz2wjo']
[2023-11-23T03:42:36.030+0000] {standard_task_runner.py:85} INFO - Job 190: Subtask dim3_to_cloud
[2023-11-23T03:42:36.216+0000] {task_command.py:416} INFO - Running <TaskInstance: outcomes_dag.dim3_to_cloud scheduled__2023-11-22T00:00:00+00:00 [running]> on host e647c96745b0
[2023-11-23T03:42:36.445+0000] {taskinstance.py:1662} INFO - Exporting env vars: AIRFLOW_CTX_DAG_OWNER='***' AIRFLOW_CTX_DAG_ID='outcomes_dag' AIRFLOW_CTX_TASK_ID='dim3_to_cloud' AIRFLOW_CTX_EXECUTION_DATE='2023-11-22T00:00:00+00:00' AIRFLOW_CTX_TRY_NUMBER='1' AIRFLOW_CTX_DAG_RUN_ID='scheduled__2023-11-22T00:00:00+00:00'
[2023-11-23T03:42:37.858+0000] {python.py:194} INFO - Done. Returned value was: None
[2023-11-23T03:42:37.886+0000] {taskinstance.py:1400} INFO - Marking task as SUCCESS. dag_id=outcomes_dag, task_id=dim3_to_cloud, execution_date=20231122T000000, start_date=20231123T034235, end_date=20231123T034237
[2023-11-23T03:42:37.970+0000] {local_task_job_runner.py:228} INFO - Task exited with return code 0
