[2023-11-20T22:16:39.397+0000] {taskinstance.py:1159} INFO - Dependencies all met for dep_context=non-requeueable deps ti=<TaskInstance: outcomes_dag.step1 scheduled__2023-11-09T00:00:00+00:00 [queued]>
[2023-11-20T22:16:39.419+0000] {taskinstance.py:1159} INFO - Dependencies all met for dep_context=requeueable deps ti=<TaskInstance: outcomes_dag.step1 scheduled__2023-11-09T00:00:00+00:00 [queued]>
[2023-11-20T22:16:39.422+0000] {taskinstance.py:1361} INFO - Starting attempt 1 of 1
[2023-11-20T22:16:39.460+0000] {taskinstance.py:1382} INFO - Executing <Task(BashOperator): step1> on 2023-11-09 00:00:00+00:00
[2023-11-20T22:16:39.466+0000] {standard_task_runner.py:57} INFO - Started process 365 to run task
[2023-11-20T22:16:39.475+0000] {standard_task_runner.py:84} INFO - Running: ['***', 'tasks', 'run', 'outcomes_dag', 'step1', 'scheduled__2023-11-09T00:00:00+00:00', '--job-id', '20', '--raw', '--subdir', 'DAGS_FOLDER/outcomes_dag.py', '--cfg-path', '/tmp/tmp1pr4hvmy']
[2023-11-20T22:16:39.480+0000] {standard_task_runner.py:85} INFO - Job 20: Subtask step1
[2023-11-20T22:16:39.590+0000] {task_command.py:416} INFO - Running <TaskInstance: outcomes_dag.step1 scheduled__2023-11-09T00:00:00+00:00 [running]> on host 323903d45442
[2023-11-20T22:16:39.790+0000] {taskinstance.py:1662} INFO - Exporting env vars: AIRFLOW_CTX_DAG_OWNER='***' AIRFLOW_CTX_DAG_ID='outcomes_dag' AIRFLOW_CTX_TASK_ID='step1' AIRFLOW_CTX_EXECUTION_DATE='2023-11-09T00:00:00+00:00' AIRFLOW_CTX_TRY_NUMBER='1' AIRFLOW_CTX_DAG_RUN_ID='scheduled__2023-11-09T00:00:00+00:00'
[2023-11-20T22:16:39.803+0000] {subprocess.py:63} INFO - Tmp dir root location: /tmp
[2023-11-20T22:16:39.808+0000] {subprocess.py:75} INFO - Running command: ['/bin/bash', '-c', 'echo 1']
[2023-11-20T22:16:39.833+0000] {subprocess.py:86} INFO - Output:
[2023-11-20T22:16:39.836+0000] {subprocess.py:93} INFO - 1
[2023-11-20T22:16:39.840+0000] {subprocess.py:97} INFO - Command exited with return code 0
[2023-11-20T22:16:39.881+0000] {taskinstance.py:1400} INFO - Marking task as SUCCESS. dag_id=outcomes_dag, task_id=step1, execution_date=20231109T000000, start_date=20231120T221639, end_date=20231120T221639
[2023-11-20T22:16:39.974+0000] {local_task_job_runner.py:228} INFO - Task exited with return code 0
[2023-11-20T22:16:40.024+0000] {taskinstance.py:2778} INFO - 0 downstream tasks scheduled from follow-on schedule check
[2023-11-21T01:20:36.018+0000] {taskinstance.py:1159} INFO - Dependencies all met for dep_context=non-requeueable deps ti=<TaskInstance: outcomes_dag.step1 scheduled__2023-11-09T00:00:00+00:00 [queued]>
[2023-11-21T01:20:36.153+0000] {taskinstance.py:1159} INFO - Dependencies all met for dep_context=requeueable deps ti=<TaskInstance: outcomes_dag.step1 scheduled__2023-11-09T00:00:00+00:00 [queued]>
[2023-11-21T01:20:36.163+0000] {taskinstance.py:1361} INFO - Starting attempt 1 of 1
[2023-11-21T01:20:36.210+0000] {taskinstance.py:1382} INFO - Executing <Task(BashOperator): step1> on 2023-11-09 00:00:00+00:00
[2023-11-21T01:20:36.291+0000] {standard_task_runner.py:57} INFO - Started process 152 to run task
[2023-11-21T01:20:36.359+0000] {standard_task_runner.py:84} INFO - Running: ['***', 'tasks', 'run', 'outcomes_dag', 'step1', 'scheduled__2023-11-09T00:00:00+00:00', '--job-id', '19', '--raw', '--subdir', 'DAGS_FOLDER/outcomes_dag.py', '--cfg-path', '/tmp/tmphujk8gzx']
[2023-11-21T01:20:36.403+0000] {standard_task_runner.py:85} INFO - Job 19: Subtask step1
[2023-11-21T01:20:36.665+0000] {task_command.py:416} INFO - Running <TaskInstance: outcomes_dag.step1 scheduled__2023-11-09T00:00:00+00:00 [running]> on host f31a30014ab0
[2023-11-21T01:20:46.846+0000] {taskinstance.py:1662} INFO - Exporting env vars: AIRFLOW_CTX_DAG_OWNER='***' AIRFLOW_CTX_DAG_ID='outcomes_dag' AIRFLOW_CTX_TASK_ID='step1' AIRFLOW_CTX_EXECUTION_DATE='2023-11-09T00:00:00+00:00' AIRFLOW_CTX_TRY_NUMBER='1' AIRFLOW_CTX_DAG_RUN_ID='scheduled__2023-11-09T00:00:00+00:00'
[2023-11-21T01:20:46.921+0000] {subprocess.py:63} INFO - Tmp dir root location: /tmp
[2023-11-21T01:20:46.926+0000] {subprocess.py:75} INFO - Running command: ['/bin/bash', '-c', 'curl --create-dirs -o /opt/***/data/2023-11-09/downloads/outcomes_2023-11-09.json https://data.austintexas.gov/resource/9t4d-g238.json']
[2023-11-21T01:20:47.121+0000] {subprocess.py:86} INFO - Output:
[2023-11-21T01:20:47.179+0000] {subprocess.py:93} INFO -   % Total    % Received % Xferd  Average Speed   Time    Time     Time  Current
[2023-11-21T01:20:47.184+0000] {subprocess.py:93} INFO -                                  Dload  Upload   Total   Spent    Left  Speed
[2023-11-21T01:20:48.532+0000] {subprocess.py:93} INFO -   0     0    0     0    0     0      0      0 --:--:-- --:--:-- --:--:--     0100 48104    0 48104    0     0  51065      0 --:--:-- --:--:-- --:--:-- 51011100  320k    0  320k    0     0   234k      0 --:--:--  0:00:01 --:--:--  234k
[2023-11-21T01:20:48.581+0000] {subprocess.py:97} INFO - Command exited with return code 0
[2023-11-21T01:20:49.287+0000] {taskinstance.py:1400} INFO - Marking task as SUCCESS. dag_id=outcomes_dag, task_id=step1, execution_date=20231109T000000, start_date=20231121T012036, end_date=20231121T012049
[2023-11-21T01:20:49.697+0000] {local_task_job_runner.py:228} INFO - Task exited with return code 0
[2023-11-21T01:20:50.174+0000] {taskinstance.py:2778} INFO - 0 downstream tasks scheduled from follow-on schedule check
[2023-11-21T02:36:14.018+0000] {taskinstance.py:1159} INFO - Dependencies all met for dep_context=non-requeueable deps ti=<TaskInstance: outcomes_dag.step1 scheduled__2023-11-09T00:00:00+00:00 [queued]>
[2023-11-21T02:36:14.035+0000] {taskinstance.py:1159} INFO - Dependencies all met for dep_context=requeueable deps ti=<TaskInstance: outcomes_dag.step1 scheduled__2023-11-09T00:00:00+00:00 [queued]>
[2023-11-21T02:36:14.036+0000] {taskinstance.py:1361} INFO - Starting attempt 1 of 1
[2023-11-21T02:36:14.069+0000] {taskinstance.py:1382} INFO - Executing <Task(BashOperator): step1> on 2023-11-09 00:00:00+00:00
[2023-11-21T02:36:14.081+0000] {standard_task_runner.py:57} INFO - Started process 135 to run task
[2023-11-21T02:36:14.100+0000] {standard_task_runner.py:84} INFO - Running: ['***', 'tasks', 'run', 'outcomes_dag', 'step1', 'scheduled__2023-11-09T00:00:00+00:00', '--job-id', '19', '--raw', '--subdir', 'DAGS_FOLDER/outcomes_dag.py', '--cfg-path', '/tmp/tmpj81ipqe0']
[2023-11-21T02:36:14.140+0000] {standard_task_runner.py:85} INFO - Job 19: Subtask step1
[2023-11-21T02:36:14.329+0000] {task_command.py:416} INFO - Running <TaskInstance: outcomes_dag.step1 scheduled__2023-11-09T00:00:00+00:00 [running]> on host b875fa978b1e
[2023-11-21T02:36:17.590+0000] {taskinstance.py:1662} INFO - Exporting env vars: AIRFLOW_CTX_DAG_OWNER='***' AIRFLOW_CTX_DAG_ID='outcomes_dag' AIRFLOW_CTX_TASK_ID='step1' AIRFLOW_CTX_EXECUTION_DATE='2023-11-09T00:00:00+00:00' AIRFLOW_CTX_TRY_NUMBER='1' AIRFLOW_CTX_DAG_RUN_ID='scheduled__2023-11-09T00:00:00+00:00'
[2023-11-21T02:36:17.593+0000] {subprocess.py:63} INFO - Tmp dir root location: /tmp
[2023-11-21T02:36:17.599+0000] {subprocess.py:75} INFO - Running command: ['/bin/bash', '-c', 'curl --create-dirs -o /opt/***/data/2023-11-09/downloads/outcomes_2023-11-09.json https://data.austintexas.gov/resource/9t4d-g238.json']
[2023-11-21T02:36:17.659+0000] {subprocess.py:86} INFO - Output:
[2023-11-21T02:36:17.696+0000] {subprocess.py:93} INFO -   % Total    % Received % Xferd  Average Speed   Time    Time     Time  Current
[2023-11-21T02:36:17.697+0000] {subprocess.py:93} INFO -                                  Dload  Upload   Total   Spent    Left  Speed
[2023-11-21T02:36:18.731+0000] {subprocess.py:93} INFO -   0     0    0     0    0     0      0      0 --:--:-- --:--:-- --:--:--     0  0     0    0     0    0     0      0      0 --:--:-- --:--:-- --:--:--     0100  320k    0  320k    0     0   310k      0 --:--:--  0:00:01 --:--:--  310k
[2023-11-21T02:36:18.748+0000] {subprocess.py:97} INFO - Command exited with return code 0
[2023-11-21T02:36:18.883+0000] {taskinstance.py:1400} INFO - Marking task as SUCCESS. dag_id=outcomes_dag, task_id=step1, execution_date=20231109T000000, start_date=20231121T023614, end_date=20231121T023618
[2023-11-21T02:36:19.056+0000] {local_task_job_runner.py:228} INFO - Task exited with return code 0
[2023-11-21T02:36:19.300+0000] {taskinstance.py:2778} INFO - 1 downstream tasks scheduled from follow-on schedule check
