[2023-11-22T02:30:18.018+0000] {taskinstance.py:1159} INFO - Dependencies all met for dep_context=non-requeueable deps ti=<TaskInstance: outcomes_dag.Extract scheduled__2023-11-20T00:00:00+00:00 [queued]>
[2023-11-22T02:30:18.049+0000] {taskinstance.py:1159} INFO - Dependencies all met for dep_context=requeueable deps ti=<TaskInstance: outcomes_dag.Extract scheduled__2023-11-20T00:00:00+00:00 [queued]>
[2023-11-22T02:30:18.050+0000] {taskinstance.py:1361} INFO - Starting attempt 1 of 1
[2023-11-22T02:30:18.085+0000] {taskinstance.py:1382} INFO - Executing <Task(PythonOperator): Extract> on 2023-11-20 00:00:00+00:00
[2023-11-22T02:30:18.147+0000] {standard_task_runner.py:57} INFO - Started process 74 to run task
[2023-11-22T02:30:18.189+0000] {standard_task_runner.py:84} INFO - Running: ['***', 'tasks', 'run', 'outcomes_dag', 'Extract', 'scheduled__2023-11-20T00:00:00+00:00', '--job-id', '5', '--raw', '--subdir', 'DAGS_FOLDER/outcomes_dag.py', '--cfg-path', '/tmp/tmp0c4lvlz9']
[2023-11-22T02:30:18.226+0000] {standard_task_runner.py:85} INFO - Job 5: Subtask Extract
[2023-11-22T02:30:18.461+0000] {task_command.py:416} INFO - Running <TaskInstance: outcomes_dag.Extract scheduled__2023-11-20T00:00:00+00:00 [running]> on host a66d9cf6a764
[2023-11-22T02:30:18.730+0000] {taskinstance.py:1662} INFO - Exporting env vars: AIRFLOW_CTX_DAG_OWNER='***' AIRFLOW_CTX_DAG_ID='outcomes_dag' AIRFLOW_CTX_TASK_ID='Extract' AIRFLOW_CTX_EXECUTION_DATE='2023-11-20T00:00:00+00:00' AIRFLOW_CTX_TRY_NUMBER='1' AIRFLOW_CTX_DAG_RUN_ID='scheduled__2023-11-20T00:00:00+00:00'
[2023-11-22T02:30:23.300+0000] {gcp_connect.py:28} ERROR - Error Occured while putting data into cloud storage..
[2023-11-22T02:30:23.303+0000] {taskinstance.py:1937} ERROR - Task failed with exception
Traceback (most recent call last):
  File "/home/airflow/.local/lib/python3.8/site-packages/google/cloud/storage/blob.py", line 2604, in _prep_and_do_upload
    created_json = self._do_upload(
  File "/home/airflow/.local/lib/python3.8/site-packages/google/cloud/storage/blob.py", line 2410, in _do_upload
    response = self._do_multipart_upload(
  File "/home/airflow/.local/lib/python3.8/site-packages/google/cloud/storage/blob.py", line 1923, in _do_multipart_upload
    response = upload.transmit(
  File "/home/airflow/.local/lib/python3.8/site-packages/google/resumable_media/requests/upload.py", line 153, in transmit
    return _request_helpers.wait_and_retry(
  File "/home/airflow/.local/lib/python3.8/site-packages/google/resumable_media/requests/_request_helpers.py", line 155, in wait_and_retry
    response = func()
  File "/home/airflow/.local/lib/python3.8/site-packages/google/resumable_media/requests/upload.py", line 149, in retriable_request
    self._process_response(result)
  File "/home/airflow/.local/lib/python3.8/site-packages/google/resumable_media/_upload.py", line 125, in _process_response
    _helpers.require_status_code(response, (http.client.OK,), self._get_status_code)
  File "/home/airflow/.local/lib/python3.8/site-packages/google/resumable_media/_helpers.py", line 108, in require_status_code
    raise common.InvalidResponse(
google.resumable_media.common.InvalidResponse: ('Request failed with status code', 404, 'Expected one of', 200)

During handling of the above exception, another exception occurred:

Traceback (most recent call last):
  File "/home/airflow/.local/lib/python3.8/site-packages/airflow/operators/python.py", line 192, in execute
    return_value = self.execute_callable()
  File "/home/airflow/.local/lib/python3.8/site-packages/airflow/operators/python.py", line 209, in execute_callable
    return self.python_callable(*self.op_args, **self.op_kwargs)
  File "/opt/airflow/dags/ETL/gcp_connect.py", line 15, in extract_api_data
    upload_blob(json_string, destination_blob_name, 'application/json', bucket)
  File "/opt/airflow/dags/ETL/gcp_connect.py", line 24, in upload_blob
    blob.upload_from_string(data_string, content_type = file_format)
  File "/home/airflow/.local/lib/python3.8/site-packages/google/cloud/storage/blob.py", line 3056, in upload_from_string
    self.upload_from_file(
  File "/home/airflow/.local/lib/python3.8/site-packages/google/cloud/storage/blob.py", line 2763, in upload_from_file
    self._prep_and_do_upload(
  File "/home/airflow/.local/lib/python3.8/site-packages/google/cloud/storage/blob.py", line 2622, in _prep_and_do_upload
    _raise_from_invalid_response(exc)
  File "/home/airflow/.local/lib/python3.8/site-packages/google/cloud/storage/blob.py", line 4778, in _raise_from_invalid_response
    raise exceptions.from_http_status(response.status_code, message, response=response)
google.api_core.exceptions.NotFound: 404 POST https://storage.googleapis.com/upload/storage/v1/b/dcsc-warehouse/o?uploadType=multipart: {
  "error": {
    "code": 404,
    "message": "The specified bucket does not exist.",
    "errors": [
      {
        "message": "The specified bucket does not exist.",
        "domain": "global",
        "reason": "notFound"
      }
    ]
  }
}
: ('Request failed with status code', 404, 'Expected one of', <HTTPStatus.OK: 200>)
[2023-11-22T02:30:23.321+0000] {taskinstance.py:1400} INFO - Marking task as FAILED. dag_id=outcomes_dag, task_id=Extract, execution_date=20231120T000000, start_date=20231122T023018, end_date=20231122T023023
[2023-11-22T02:30:23.337+0000] {standard_task_runner.py:104} ERROR - Failed to execute job 5 for task Extract (404 POST https://storage.googleapis.com/upload/storage/v1/b/dcsc-warehouse/o?uploadType=multipart: {
  "error": {
    "code": 404,
    "message": "The specified bucket does not exist.",
    "errors": [
      {
        "message": "The specified bucket does not exist.",
        "domain": "global",
        "reason": "notFound"
      }
    ]
  }
}
: ('Request failed with status code', 404, 'Expected one of', <HTTPStatus.OK: 200>); 74)
[2023-11-22T02:30:23.348+0000] {local_task_job_runner.py:228} INFO - Task exited with return code 1
[2023-11-22T02:53:58.886+0000] {taskinstance.py:1159} INFO - Dependencies all met for dep_context=non-requeueable deps ti=<TaskInstance: outcomes_dag.Extract scheduled__2023-11-20T00:00:00+00:00 [queued]>
[2023-11-22T02:53:58.901+0000] {taskinstance.py:1159} INFO - Dependencies all met for dep_context=requeueable deps ti=<TaskInstance: outcomes_dag.Extract scheduled__2023-11-20T00:00:00+00:00 [queued]>
[2023-11-22T02:53:58.903+0000] {taskinstance.py:1361} INFO - Starting attempt 1 of 1
[2023-11-22T02:53:58.937+0000] {taskinstance.py:1382} INFO - Executing <Task(PythonOperator): Extract> on 2023-11-20 00:00:00+00:00
[2023-11-22T02:53:58.953+0000] {standard_task_runner.py:57} INFO - Started process 76 to run task
[2023-11-22T02:53:58.999+0000] {standard_task_runner.py:84} INFO - Running: ['***', 'tasks', 'run', 'outcomes_dag', 'Extract', 'scheduled__2023-11-20T00:00:00+00:00', '--job-id', '7', '--raw', '--subdir', 'DAGS_FOLDER/outcomes_dag.py', '--cfg-path', '/tmp/tmprjbvbgus']
[2023-11-22T02:53:59.012+0000] {standard_task_runner.py:85} INFO - Job 7: Subtask Extract
[2023-11-22T02:53:59.203+0000] {task_command.py:416} INFO - Running <TaskInstance: outcomes_dag.Extract scheduled__2023-11-20T00:00:00+00:00 [running]> on host 24b88ba10398
[2023-11-22T02:53:59.350+0000] {taskinstance.py:1662} INFO - Exporting env vars: AIRFLOW_CTX_DAG_OWNER='***' AIRFLOW_CTX_DAG_ID='outcomes_dag' AIRFLOW_CTX_TASK_ID='Extract' AIRFLOW_CTX_EXECUTION_DATE='2023-11-20T00:00:00+00:00' AIRFLOW_CTX_TRY_NUMBER='1' AIRFLOW_CTX_DAG_RUN_ID='scheduled__2023-11-20T00:00:00+00:00'
[2023-11-22T02:54:02.297+0000] {logging_mixin.py:154} INFO - Data Deposited into Cloud Storage
[2023-11-22T02:54:02.304+0000] {python.py:194} INFO - Done. Returned value was: None
[2023-11-22T02:54:02.345+0000] {taskinstance.py:1400} INFO - Marking task as SUCCESS. dag_id=outcomes_dag, task_id=Extract, execution_date=20231120T000000, start_date=20231122T025358, end_date=20231122T025402
[2023-11-22T02:54:02.392+0000] {local_task_job_runner.py:228} INFO - Task exited with return code 0
[2023-11-22T03:22:44.425+0000] {taskinstance.py:1159} INFO - Dependencies all met for dep_context=non-requeueable deps ti=<TaskInstance: outcomes_dag.Extract scheduled__2023-11-20T00:00:00+00:00 [queued]>
[2023-11-22T03:22:44.487+0000] {taskinstance.py:1159} INFO - Dependencies all met for dep_context=requeueable deps ti=<TaskInstance: outcomes_dag.Extract scheduled__2023-11-20T00:00:00+00:00 [queued]>
[2023-11-22T03:22:44.488+0000] {taskinstance.py:1361} INFO - Starting attempt 1 of 1
[2023-11-22T03:22:44.551+0000] {taskinstance.py:1382} INFO - Executing <Task(PythonOperator): Extract> on 2023-11-20 00:00:00+00:00
[2023-11-22T03:22:44.611+0000] {standard_task_runner.py:57} INFO - Started process 76 to run task
[2023-11-22T03:22:44.725+0000] {standard_task_runner.py:84} INFO - Running: ['***', 'tasks', 'run', 'outcomes_dag', 'Extract', 'scheduled__2023-11-20T00:00:00+00:00', '--job-id', '7', '--raw', '--subdir', 'DAGS_FOLDER/outcomes_dag.py', '--cfg-path', '/tmp/tmpqktwnuig']
[2023-11-22T03:22:44.902+0000] {standard_task_runner.py:85} INFO - Job 7: Subtask Extract
[2023-11-22T03:22:45.794+0000] {task_command.py:416} INFO - Running <TaskInstance: outcomes_dag.Extract scheduled__2023-11-20T00:00:00+00:00 [running]> on host cf56a4e96859
[2023-11-22T03:22:47.097+0000] {taskinstance.py:1662} INFO - Exporting env vars: AIRFLOW_CTX_DAG_OWNER='***' AIRFLOW_CTX_DAG_ID='outcomes_dag' AIRFLOW_CTX_TASK_ID='Extract' AIRFLOW_CTX_EXECUTION_DATE='2023-11-20T00:00:00+00:00' AIRFLOW_CTX_TRY_NUMBER='1' AIRFLOW_CTX_DAG_RUN_ID='scheduled__2023-11-20T00:00:00+00:00'
[2023-11-22T03:22:51.373+0000] {logging_mixin.py:154} INFO - Data Deposited into Cloud Storage
[2023-11-22T03:22:51.380+0000] {python.py:194} INFO - Done. Returned value was: None
[2023-11-22T03:22:51.428+0000] {taskinstance.py:1400} INFO - Marking task as SUCCESS. dag_id=outcomes_dag, task_id=Extract, execution_date=20231120T000000, start_date=20231122T032244, end_date=20231122T032251
[2023-11-22T03:22:51.480+0000] {local_task_job_runner.py:228} INFO - Task exited with return code 0
[2023-11-22T03:55:49.118+0000] {taskinstance.py:1159} INFO - Dependencies all met for dep_context=non-requeueable deps ti=<TaskInstance: outcomes_dag.Extract scheduled__2023-11-20T00:00:00+00:00 [queued]>
[2023-11-22T03:55:49.125+0000] {taskinstance.py:1159} INFO - Dependencies all met for dep_context=requeueable deps ti=<TaskInstance: outcomes_dag.Extract scheduled__2023-11-20T00:00:00+00:00 [queued]>
[2023-11-22T03:55:49.125+0000] {taskinstance.py:1361} INFO - Starting attempt 1 of 1
[2023-11-22T03:55:49.138+0000] {taskinstance.py:1382} INFO - Executing <Task(PythonOperator): Extract> on 2023-11-20 00:00:00+00:00
[2023-11-22T03:55:49.174+0000] {standard_task_runner.py:57} INFO - Started process 66 to run task
[2023-11-22T03:55:49.200+0000] {standard_task_runner.py:84} INFO - Running: ['***', 'tasks', 'run', 'outcomes_dag', 'Extract', 'scheduled__2023-11-20T00:00:00+00:00', '--job-id', '4', '--raw', '--subdir', 'DAGS_FOLDER/outcomes_dag.py', '--cfg-path', '/tmp/tmpbt3ob5mv']
[2023-11-22T03:55:49.217+0000] {standard_task_runner.py:85} INFO - Job 4: Subtask Extract
[2023-11-22T03:55:49.420+0000] {task_command.py:416} INFO - Running <TaskInstance: outcomes_dag.Extract scheduled__2023-11-20T00:00:00+00:00 [running]> on host cf936e748923
[2023-11-22T03:55:49.593+0000] {taskinstance.py:1662} INFO - Exporting env vars: AIRFLOW_CTX_DAG_OWNER='***' AIRFLOW_CTX_DAG_ID='outcomes_dag' AIRFLOW_CTX_TASK_ID='Extract' AIRFLOW_CTX_EXECUTION_DATE='2023-11-20T00:00:00+00:00' AIRFLOW_CTX_TRY_NUMBER='1' AIRFLOW_CTX_DAG_RUN_ID='scheduled__2023-11-20T00:00:00+00:00'
[2023-11-22T03:55:51.275+0000] {logging_mixin.py:154} INFO - Data Deposited into Cloud Storage
[2023-11-22T03:55:51.289+0000] {python.py:194} INFO - Done. Returned value was: None
[2023-11-22T03:55:51.328+0000] {taskinstance.py:1400} INFO - Marking task as SUCCESS. dag_id=outcomes_dag, task_id=Extract, execution_date=20231120T000000, start_date=20231122T035549, end_date=20231122T035551
[2023-11-22T03:55:51.425+0000] {local_task_job_runner.py:228} INFO - Task exited with return code 0
[2023-11-22T05:47:41.896+0000] {taskinstance.py:1159} INFO - Dependencies all met for dep_context=non-requeueable deps ti=<TaskInstance: outcomes_dag.Extract scheduled__2023-11-20T00:00:00+00:00 [queued]>
[2023-11-22T05:47:41.930+0000] {taskinstance.py:1159} INFO - Dependencies all met for dep_context=requeueable deps ti=<TaskInstance: outcomes_dag.Extract scheduled__2023-11-20T00:00:00+00:00 [queued]>
[2023-11-22T05:47:41.934+0000] {taskinstance.py:1361} INFO - Starting attempt 1 of 1
[2023-11-22T05:47:41.969+0000] {taskinstance.py:1382} INFO - Executing <Task(PythonOperator): Extract> on 2023-11-20 00:00:00+00:00
[2023-11-22T05:47:41.985+0000] {standard_task_runner.py:57} INFO - Started process 138 to run task
[2023-11-22T05:47:42.008+0000] {standard_task_runner.py:84} INFO - Running: ['***', 'tasks', 'run', 'outcomes_dag', 'Extract', 'scheduled__2023-11-20T00:00:00+00:00', '--job-id', '6', '--raw', '--subdir', 'DAGS_FOLDER/outcomes_dag.py', '--cfg-path', '/tmp/tmpboozkqad']
[2023-11-22T05:47:42.032+0000] {standard_task_runner.py:85} INFO - Job 6: Subtask Extract
[2023-11-22T05:47:42.279+0000] {task_command.py:416} INFO - Running <TaskInstance: outcomes_dag.Extract scheduled__2023-11-20T00:00:00+00:00 [running]> on host 6e2e77b078ed
[2023-11-22T05:47:42.674+0000] {taskinstance.py:1662} INFO - Exporting env vars: AIRFLOW_CTX_DAG_OWNER='***' AIRFLOW_CTX_DAG_ID='outcomes_dag' AIRFLOW_CTX_TASK_ID='Extract' AIRFLOW_CTX_EXECUTION_DATE='2023-11-20T00:00:00+00:00' AIRFLOW_CTX_TRY_NUMBER='1' AIRFLOW_CTX_DAG_RUN_ID='scheduled__2023-11-20T00:00:00+00:00'
[2023-11-22T05:47:45.691+0000] {logging_mixin.py:154} INFO - Data Deposited into Cloud Storage
[2023-11-22T05:47:45.706+0000] {python.py:194} INFO - Done. Returned value was: None
[2023-11-22T05:47:45.753+0000] {taskinstance.py:1400} INFO - Marking task as SUCCESS. dag_id=outcomes_dag, task_id=Extract, execution_date=20231120T000000, start_date=20231122T054741, end_date=20231122T054745
[2023-11-22T05:47:45.795+0000] {local_task_job_runner.py:228} INFO - Task exited with return code 0
[2023-11-22T06:09:37.266+0000] {taskinstance.py:1159} INFO - Dependencies all met for dep_context=non-requeueable deps ti=<TaskInstance: outcomes_dag.Extract scheduled__2023-11-20T00:00:00+00:00 [queued]>
[2023-11-22T06:09:37.289+0000] {taskinstance.py:1159} INFO - Dependencies all met for dep_context=requeueable deps ti=<TaskInstance: outcomes_dag.Extract scheduled__2023-11-20T00:00:00+00:00 [queued]>
[2023-11-22T06:09:37.289+0000] {taskinstance.py:1361} INFO - Starting attempt 1 of 1
[2023-11-22T06:09:37.301+0000] {taskinstance.py:1382} INFO - Executing <Task(PythonOperator): Extract> on 2023-11-20 00:00:00+00:00
[2023-11-22T06:09:37.334+0000] {standard_task_runner.py:57} INFO - Started process 77 to run task
[2023-11-22T06:09:37.381+0000] {standard_task_runner.py:84} INFO - Running: ['***', 'tasks', 'run', 'outcomes_dag', 'Extract', 'scheduled__2023-11-20T00:00:00+00:00', '--job-id', '6', '--raw', '--subdir', 'DAGS_FOLDER/outcomes_dag.py', '--cfg-path', '/tmp/tmpdm9j5ekz']
[2023-11-22T06:09:37.420+0000] {standard_task_runner.py:85} INFO - Job 6: Subtask Extract
[2023-11-22T06:09:37.848+0000] {task_command.py:416} INFO - Running <TaskInstance: outcomes_dag.Extract scheduled__2023-11-20T00:00:00+00:00 [running]> on host ded66acd9c7f
[2023-11-22T06:09:38.191+0000] {taskinstance.py:1662} INFO - Exporting env vars: AIRFLOW_CTX_DAG_OWNER='***' AIRFLOW_CTX_DAG_ID='outcomes_dag' AIRFLOW_CTX_TASK_ID='Extract' AIRFLOW_CTX_EXECUTION_DATE='2023-11-20T00:00:00+00:00' AIRFLOW_CTX_TRY_NUMBER='1' AIRFLOW_CTX_DAG_RUN_ID='scheduled__2023-11-20T00:00:00+00:00'
[2023-11-22T06:09:39.311+0000] {logging_mixin.py:154} INFO - Data Deposited into Cloud Storage
[2023-11-22T06:09:39.314+0000] {python.py:194} INFO - Done. Returned value was: None
[2023-11-22T06:09:39.342+0000] {taskinstance.py:1400} INFO - Marking task as SUCCESS. dag_id=outcomes_dag, task_id=Extract, execution_date=20231120T000000, start_date=20231122T060937, end_date=20231122T060939
[2023-11-22T06:09:39.384+0000] {local_task_job_runner.py:228} INFO - Task exited with return code 0
[2023-11-22T06:18:55.494+0000] {taskinstance.py:1159} INFO - Dependencies all met for dep_context=non-requeueable deps ti=<TaskInstance: outcomes_dag.Extract scheduled__2023-11-20T00:00:00+00:00 [queued]>
[2023-11-22T06:18:55.550+0000] {taskinstance.py:1159} INFO - Dependencies all met for dep_context=requeueable deps ti=<TaskInstance: outcomes_dag.Extract scheduled__2023-11-20T00:00:00+00:00 [queued]>
[2023-11-22T06:18:55.551+0000] {taskinstance.py:1361} INFO - Starting attempt 1 of 1
[2023-11-22T06:18:55.617+0000] {taskinstance.py:1382} INFO - Executing <Task(PythonOperator): Extract> on 2023-11-20 00:00:00+00:00
[2023-11-22T06:18:55.635+0000] {standard_task_runner.py:57} INFO - Started process 76 to run task
[2023-11-22T06:18:55.662+0000] {standard_task_runner.py:84} INFO - Running: ['***', 'tasks', 'run', 'outcomes_dag', 'Extract', 'scheduled__2023-11-20T00:00:00+00:00', '--job-id', '5', '--raw', '--subdir', 'DAGS_FOLDER/outcomes_dag.py', '--cfg-path', '/tmp/tmpzf3v0pik']
[2023-11-22T06:18:55.679+0000] {standard_task_runner.py:85} INFO - Job 5: Subtask Extract
[2023-11-22T06:18:55.915+0000] {task_command.py:416} INFO - Running <TaskInstance: outcomes_dag.Extract scheduled__2023-11-20T00:00:00+00:00 [running]> on host 836b7d8b8a64
[2023-11-22T06:18:56.148+0000] {taskinstance.py:1662} INFO - Exporting env vars: AIRFLOW_CTX_DAG_OWNER='***' AIRFLOW_CTX_DAG_ID='outcomes_dag' AIRFLOW_CTX_TASK_ID='Extract' AIRFLOW_CTX_EXECUTION_DATE='2023-11-20T00:00:00+00:00' AIRFLOW_CTX_TRY_NUMBER='1' AIRFLOW_CTX_DAG_RUN_ID='scheduled__2023-11-20T00:00:00+00:00'
[2023-11-22T06:18:57.916+0000] {logging_mixin.py:154} INFO - Data Deposited into Cloud Storage
[2023-11-22T06:18:57.921+0000] {python.py:194} INFO - Done. Returned value was: None
[2023-11-22T06:18:57.941+0000] {taskinstance.py:1400} INFO - Marking task as SUCCESS. dag_id=outcomes_dag, task_id=Extract, execution_date=20231120T000000, start_date=20231122T061855, end_date=20231122T061857
[2023-11-22T06:18:57.984+0000] {local_task_job_runner.py:228} INFO - Task exited with return code 0
[2023-11-22T07:14:58.668+0000] {taskinstance.py:1159} INFO - Dependencies all met for dep_context=non-requeueable deps ti=<TaskInstance: outcomes_dag.Extract scheduled__2023-11-20T00:00:00+00:00 [queued]>
[2023-11-22T07:14:58.710+0000] {taskinstance.py:1159} INFO - Dependencies all met for dep_context=requeueable deps ti=<TaskInstance: outcomes_dag.Extract scheduled__2023-11-20T00:00:00+00:00 [queued]>
[2023-11-22T07:14:58.726+0000] {taskinstance.py:1361} INFO - Starting attempt 1 of 1
[2023-11-22T07:14:58.753+0000] {taskinstance.py:1382} INFO - Executing <Task(PythonOperator): Extract> on 2023-11-20 00:00:00+00:00
[2023-11-22T07:14:58.764+0000] {standard_task_runner.py:57} INFO - Started process 79 to run task
[2023-11-22T07:14:58.777+0000] {standard_task_runner.py:84} INFO - Running: ['***', 'tasks', 'run', 'outcomes_dag', 'Extract', 'scheduled__2023-11-20T00:00:00+00:00', '--job-id', '5', '--raw', '--subdir', 'DAGS_FOLDER/outcomes_dag.py', '--cfg-path', '/tmp/tmpejhyny2q']
[2023-11-22T07:14:58.794+0000] {standard_task_runner.py:85} INFO - Job 5: Subtask Extract
[2023-11-22T07:14:58.966+0000] {task_command.py:416} INFO - Running <TaskInstance: outcomes_dag.Extract scheduled__2023-11-20T00:00:00+00:00 [running]> on host 011245d9ad62
[2023-11-22T07:14:59.100+0000] {taskinstance.py:1662} INFO - Exporting env vars: AIRFLOW_CTX_DAG_OWNER='***' AIRFLOW_CTX_DAG_ID='outcomes_dag' AIRFLOW_CTX_TASK_ID='Extract' AIRFLOW_CTX_EXECUTION_DATE='2023-11-20T00:00:00+00:00' AIRFLOW_CTX_TRY_NUMBER='1' AIRFLOW_CTX_DAG_RUN_ID='scheduled__2023-11-20T00:00:00+00:00'
[2023-11-22T07:15:01.902+0000] {logging_mixin.py:154} INFO - Data Deposited into Cloud Storage
[2023-11-22T07:15:01.910+0000] {python.py:194} INFO - Done. Returned value was: None
[2023-11-22T07:15:01.944+0000] {taskinstance.py:1400} INFO - Marking task as SUCCESS. dag_id=outcomes_dag, task_id=Extract, execution_date=20231120T000000, start_date=20231122T071458, end_date=20231122T071501
[2023-11-22T07:15:02.005+0000] {local_task_job_runner.py:228} INFO - Task exited with return code 0
[2023-11-22T07:54:36.157+0000] {taskinstance.py:1159} INFO - Dependencies all met for dep_context=non-requeueable deps ti=<TaskInstance: outcomes_dag.Extract scheduled__2023-11-20T00:00:00+00:00 [queued]>
[2023-11-22T07:54:36.169+0000] {taskinstance.py:1159} INFO - Dependencies all met for dep_context=requeueable deps ti=<TaskInstance: outcomes_dag.Extract scheduled__2023-11-20T00:00:00+00:00 [queued]>
[2023-11-22T07:54:36.170+0000] {taskinstance.py:1361} INFO - Starting attempt 1 of 1
[2023-11-22T07:54:36.180+0000] {taskinstance.py:1382} INFO - Executing <Task(PythonOperator): Extract> on 2023-11-20 00:00:00+00:00
[2023-11-22T07:54:36.197+0000] {standard_task_runner.py:57} INFO - Started process 451 to run task
[2023-11-22T07:54:36.202+0000] {standard_task_runner.py:84} INFO - Running: ['***', 'tasks', 'run', 'outcomes_dag', 'Extract', 'scheduled__2023-11-20T00:00:00+00:00', '--job-id', '71', '--raw', '--subdir', 'DAGS_FOLDER/outcomes_dag.py', '--cfg-path', '/tmp/tmp9661eaui']
[2023-11-22T07:54:36.206+0000] {standard_task_runner.py:85} INFO - Job 71: Subtask Extract
[2023-11-22T07:54:36.265+0000] {task_command.py:416} INFO - Running <TaskInstance: outcomes_dag.Extract scheduled__2023-11-20T00:00:00+00:00 [running]> on host 6318e996d951
[2023-11-22T07:54:36.324+0000] {taskinstance.py:1662} INFO - Exporting env vars: AIRFLOW_CTX_DAG_OWNER='***' AIRFLOW_CTX_DAG_ID='outcomes_dag' AIRFLOW_CTX_TASK_ID='Extract' AIRFLOW_CTX_EXECUTION_DATE='2023-11-20T00:00:00+00:00' AIRFLOW_CTX_TRY_NUMBER='1' AIRFLOW_CTX_DAG_RUN_ID='scheduled__2023-11-20T00:00:00+00:00'
[2023-11-22T07:54:37.950+0000] {logging_mixin.py:154} INFO - Data Deposited into Cloud Storage
[2023-11-22T07:54:37.952+0000] {python.py:194} INFO - Done. Returned value was: None
[2023-11-22T07:54:37.963+0000] {taskinstance.py:1400} INFO - Marking task as SUCCESS. dag_id=outcomes_dag, task_id=Extract, execution_date=20231120T000000, start_date=20231122T075436, end_date=20231122T075437
[2023-11-22T07:54:38.014+0000] {local_task_job_runner.py:228} INFO - Task exited with return code 0
[2023-11-22T22:41:44.586+0000] {taskinstance.py:1159} INFO - Dependencies all met for dep_context=non-requeueable deps ti=<TaskInstance: outcomes_dag.Extract scheduled__2023-11-20T00:00:00+00:00 [queued]>
[2023-11-22T22:41:44.601+0000] {taskinstance.py:1159} INFO - Dependencies all met for dep_context=requeueable deps ti=<TaskInstance: outcomes_dag.Extract scheduled__2023-11-20T00:00:00+00:00 [queued]>
[2023-11-22T22:41:44.602+0000] {taskinstance.py:1361} INFO - Starting attempt 1 of 1
[2023-11-22T22:41:44.615+0000] {taskinstance.py:1382} INFO - Executing <Task(PythonOperator): Extract> on 2023-11-20 00:00:00+00:00
[2023-11-22T22:41:44.623+0000] {standard_task_runner.py:57} INFO - Started process 247 to run task
[2023-11-22T22:41:44.628+0000] {standard_task_runner.py:84} INFO - Running: ['***', 'tasks', 'run', 'outcomes_dag', 'Extract', 'scheduled__2023-11-20T00:00:00+00:00', '--job-id', '54', '--raw', '--subdir', 'DAGS_FOLDER/outcomes_dag.py', '--cfg-path', '/tmp/tmpek5z7j8f']
[2023-11-22T22:41:44.632+0000] {standard_task_runner.py:85} INFO - Job 54: Subtask Extract
[2023-11-22T22:41:44.716+0000] {task_command.py:416} INFO - Running <TaskInstance: outcomes_dag.Extract scheduled__2023-11-20T00:00:00+00:00 [running]> on host 8ac13583809b
[2023-11-22T22:41:44.824+0000] {taskinstance.py:1662} INFO - Exporting env vars: AIRFLOW_CTX_DAG_OWNER='***' AIRFLOW_CTX_DAG_ID='outcomes_dag' AIRFLOW_CTX_TASK_ID='Extract' AIRFLOW_CTX_EXECUTION_DATE='2023-11-20T00:00:00+00:00' AIRFLOW_CTX_TRY_NUMBER='1' AIRFLOW_CTX_DAG_RUN_ID='scheduled__2023-11-20T00:00:00+00:00'
[2023-11-22T22:41:45.702+0000] {logging_mixin.py:154} INFO - Data Deposited into Cloud Storage
[2023-11-22T22:41:45.703+0000] {python.py:194} INFO - Done. Returned value was: None
[2023-11-22T22:41:45.719+0000] {taskinstance.py:1400} INFO - Marking task as SUCCESS. dag_id=outcomes_dag, task_id=Extract, execution_date=20231120T000000, start_date=20231122T224144, end_date=20231122T224145
[2023-11-22T22:41:45.798+0000] {local_task_job_runner.py:228} INFO - Task exited with return code 0
[2023-11-22T23:03:23.736+0000] {taskinstance.py:1159} INFO - Dependencies all met for dep_context=non-requeueable deps ti=<TaskInstance: outcomes_dag.Extract scheduled__2023-11-20T00:00:00+00:00 [queued]>
[2023-11-22T23:03:23.750+0000] {taskinstance.py:1159} INFO - Dependencies all met for dep_context=requeueable deps ti=<TaskInstance: outcomes_dag.Extract scheduled__2023-11-20T00:00:00+00:00 [queued]>
[2023-11-22T23:03:23.751+0000] {taskinstance.py:1361} INFO - Starting attempt 1 of 1
[2023-11-22T23:03:23.762+0000] {taskinstance.py:1382} INFO - Executing <Task(PythonOperator): Extract> on 2023-11-20 00:00:00+00:00
[2023-11-22T23:03:23.772+0000] {standard_task_runner.py:57} INFO - Started process 464 to run task
[2023-11-22T23:03:23.777+0000] {standard_task_runner.py:84} INFO - Running: ['***', 'tasks', 'run', 'outcomes_dag', 'Extract', 'scheduled__2023-11-20T00:00:00+00:00', '--job-id', '118', '--raw', '--subdir', 'DAGS_FOLDER/outcomes_dag.py', '--cfg-path', '/tmp/tmpq_uu7rsx']
[2023-11-22T23:03:23.782+0000] {standard_task_runner.py:85} INFO - Job 118: Subtask Extract
[2023-11-22T23:03:23.853+0000] {task_command.py:416} INFO - Running <TaskInstance: outcomes_dag.Extract scheduled__2023-11-20T00:00:00+00:00 [running]> on host 4b2f5af281f8
[2023-11-22T23:03:23.943+0000] {taskinstance.py:1662} INFO - Exporting env vars: AIRFLOW_CTX_DAG_OWNER='***' AIRFLOW_CTX_DAG_ID='outcomes_dag' AIRFLOW_CTX_TASK_ID='Extract' AIRFLOW_CTX_EXECUTION_DATE='2023-11-20T00:00:00+00:00' AIRFLOW_CTX_TRY_NUMBER='1' AIRFLOW_CTX_DAG_RUN_ID='scheduled__2023-11-20T00:00:00+00:00'
[2023-11-22T23:03:27.035+0000] {logging_mixin.py:154} INFO - Data Deposited into Cloud Storage
[2023-11-22T23:03:27.047+0000] {python.py:194} INFO - Done. Returned value was: None
[2023-11-22T23:03:27.068+0000] {taskinstance.py:1400} INFO - Marking task as SUCCESS. dag_id=outcomes_dag, task_id=Extract, execution_date=20231120T000000, start_date=20231122T230323, end_date=20231122T230327
[2023-11-22T23:03:27.105+0000] {local_task_job_runner.py:228} INFO - Task exited with return code 0
[2023-11-22T23:23:45.900+0000] {taskinstance.py:1159} INFO - Dependencies all met for dep_context=non-requeueable deps ti=<TaskInstance: outcomes_dag.Extract scheduled__2023-11-20T00:00:00+00:00 [queued]>
[2023-11-22T23:23:45.905+0000] {taskinstance.py:1159} INFO - Dependencies all met for dep_context=requeueable deps ti=<TaskInstance: outcomes_dag.Extract scheduled__2023-11-20T00:00:00+00:00 [queued]>
[2023-11-22T23:23:45.905+0000] {taskinstance.py:1361} INFO - Starting attempt 1 of 1
[2023-11-22T23:23:45.912+0000] {taskinstance.py:1382} INFO - Executing <Task(PythonOperator): Extract> on 2023-11-20 00:00:00+00:00
[2023-11-22T23:23:45.921+0000] {standard_task_runner.py:57} INFO - Started process 414 to run task
[2023-11-22T23:23:45.931+0000] {standard_task_runner.py:84} INFO - Running: ['***', 'tasks', 'run', 'outcomes_dag', 'Extract', 'scheduled__2023-11-20T00:00:00+00:00', '--job-id', '102', '--raw', '--subdir', 'DAGS_FOLDER/outcomes_dag.py', '--cfg-path', '/tmp/tmp22v53sy4']
[2023-11-22T23:23:45.933+0000] {standard_task_runner.py:85} INFO - Job 102: Subtask Extract
[2023-11-22T23:23:45.981+0000] {task_command.py:416} INFO - Running <TaskInstance: outcomes_dag.Extract scheduled__2023-11-20T00:00:00+00:00 [running]> on host b410bfb4af5e
[2023-11-22T23:23:46.043+0000] {taskinstance.py:1662} INFO - Exporting env vars: AIRFLOW_CTX_DAG_OWNER='***' AIRFLOW_CTX_DAG_ID='outcomes_dag' AIRFLOW_CTX_TASK_ID='Extract' AIRFLOW_CTX_EXECUTION_DATE='2023-11-20T00:00:00+00:00' AIRFLOW_CTX_TRY_NUMBER='1' AIRFLOW_CTX_DAG_RUN_ID='scheduled__2023-11-20T00:00:00+00:00'
[2023-11-22T23:23:47.629+0000] {logging_mixin.py:154} INFO - Data Deposited into Cloud Storage
[2023-11-22T23:23:47.632+0000] {python.py:194} INFO - Done. Returned value was: None
[2023-11-22T23:23:47.648+0000] {taskinstance.py:1400} INFO - Marking task as SUCCESS. dag_id=outcomes_dag, task_id=Extract, execution_date=20231120T000000, start_date=20231122T232345, end_date=20231122T232347
[2023-11-22T23:23:47.702+0000] {local_task_job_runner.py:228} INFO - Task exited with return code 0
[2023-11-22T23:46:35.271+0000] {taskinstance.py:1159} INFO - Dependencies all met for dep_context=non-requeueable deps ti=<TaskInstance: outcomes_dag.Extract scheduled__2023-11-20T00:00:00+00:00 [queued]>
[2023-11-22T23:46:35.276+0000] {taskinstance.py:1159} INFO - Dependencies all met for dep_context=requeueable deps ti=<TaskInstance: outcomes_dag.Extract scheduled__2023-11-20T00:00:00+00:00 [queued]>
[2023-11-22T23:46:35.276+0000] {taskinstance.py:1361} INFO - Starting attempt 1 of 1
[2023-11-22T23:46:35.282+0000] {taskinstance.py:1382} INFO - Executing <Task(PythonOperator): Extract> on 2023-11-20 00:00:00+00:00
[2023-11-22T23:46:35.287+0000] {standard_task_runner.py:57} INFO - Started process 415 to run task
[2023-11-22T23:46:35.289+0000] {standard_task_runner.py:84} INFO - Running: ['***', 'tasks', 'run', 'outcomes_dag', 'Extract', 'scheduled__2023-11-20T00:00:00+00:00', '--job-id', '103', '--raw', '--subdir', 'DAGS_FOLDER/outcomes_dag.py', '--cfg-path', '/tmp/tmpmwea3wn9']
[2023-11-22T23:46:35.290+0000] {standard_task_runner.py:85} INFO - Job 103: Subtask Extract
[2023-11-22T23:46:35.329+0000] {task_command.py:416} INFO - Running <TaskInstance: outcomes_dag.Extract scheduled__2023-11-20T00:00:00+00:00 [running]> on host 371cae71aa63
[2023-11-22T23:46:35.373+0000] {taskinstance.py:1662} INFO - Exporting env vars: AIRFLOW_CTX_DAG_OWNER='***' AIRFLOW_CTX_DAG_ID='outcomes_dag' AIRFLOW_CTX_TASK_ID='Extract' AIRFLOW_CTX_EXECUTION_DATE='2023-11-20T00:00:00+00:00' AIRFLOW_CTX_TRY_NUMBER='1' AIRFLOW_CTX_DAG_RUN_ID='scheduled__2023-11-20T00:00:00+00:00'
[2023-11-22T23:46:36.552+0000] {logging_mixin.py:154} INFO - Data Deposited into Cloud Storage
[2023-11-22T23:46:36.555+0000] {python.py:194} INFO - Done. Returned value was: None
[2023-11-22T23:46:36.580+0000] {taskinstance.py:1400} INFO - Marking task as SUCCESS. dag_id=outcomes_dag, task_id=Extract, execution_date=20231120T000000, start_date=20231122T234635, end_date=20231122T234636
[2023-11-22T23:46:36.630+0000] {local_task_job_runner.py:228} INFO - Task exited with return code 0
[2023-11-23T00:43:07.005+0000] {taskinstance.py:1159} INFO - Dependencies all met for dep_context=non-requeueable deps ti=<TaskInstance: outcomes_dag.Extract scheduled__2023-11-20T00:00:00+00:00 [queued]>
[2023-11-23T00:43:07.017+0000] {taskinstance.py:1159} INFO - Dependencies all met for dep_context=requeueable deps ti=<TaskInstance: outcomes_dag.Extract scheduled__2023-11-20T00:00:00+00:00 [queued]>
[2023-11-23T00:43:07.019+0000] {taskinstance.py:1361} INFO - Starting attempt 1 of 1
[2023-11-23T00:43:07.091+0000] {taskinstance.py:1382} INFO - Executing <Task(PythonOperator): Extract> on 2023-11-20 00:00:00+00:00
[2023-11-23T00:43:07.124+0000] {standard_task_runner.py:57} INFO - Started process 476 to run task
[2023-11-23T00:43:07.128+0000] {standard_task_runner.py:84} INFO - Running: ['***', 'tasks', 'run', 'outcomes_dag', 'Extract', 'scheduled__2023-11-20T00:00:00+00:00', '--job-id', '118', '--raw', '--subdir', 'DAGS_FOLDER/outcomes_dag.py', '--cfg-path', '/tmp/tmpm8zsvb85']
[2023-11-23T00:43:07.135+0000] {standard_task_runner.py:85} INFO - Job 118: Subtask Extract
[2023-11-23T00:43:07.412+0000] {task_command.py:416} INFO - Running <TaskInstance: outcomes_dag.Extract scheduled__2023-11-20T00:00:00+00:00 [running]> on host 75913536581a
[2023-11-23T00:43:07.666+0000] {taskinstance.py:1662} INFO - Exporting env vars: AIRFLOW_CTX_DAG_OWNER='***' AIRFLOW_CTX_DAG_ID='outcomes_dag' AIRFLOW_CTX_TASK_ID='Extract' AIRFLOW_CTX_EXECUTION_DATE='2023-11-20T00:00:00+00:00' AIRFLOW_CTX_TRY_NUMBER='1' AIRFLOW_CTX_DAG_RUN_ID='scheduled__2023-11-20T00:00:00+00:00'
[2023-11-23T00:43:08.760+0000] {logging_mixin.py:154} INFO - Data Deposited into Cloud Storage
[2023-11-23T00:43:08.763+0000] {python.py:194} INFO - Done. Returned value was: None
[2023-11-23T00:43:08.790+0000] {taskinstance.py:1400} INFO - Marking task as SUCCESS. dag_id=outcomes_dag, task_id=Extract, execution_date=20231120T000000, start_date=20231123T004307, end_date=20231123T004308
[2023-11-23T00:43:08.855+0000] {local_task_job_runner.py:228} INFO - Task exited with return code 0
[2023-11-23T01:49:59.841+0000] {taskinstance.py:1159} INFO - Dependencies all met for dep_context=non-requeueable deps ti=<TaskInstance: outcomes_dag.Extract scheduled__2023-11-20T00:00:00+00:00 [queued]>
[2023-11-23T01:49:59.848+0000] {taskinstance.py:1159} INFO - Dependencies all met for dep_context=requeueable deps ti=<TaskInstance: outcomes_dag.Extract scheduled__2023-11-20T00:00:00+00:00 [queued]>
[2023-11-23T01:49:59.849+0000] {taskinstance.py:1361} INFO - Starting attempt 1 of 1
[2023-11-23T01:49:59.858+0000] {taskinstance.py:1382} INFO - Executing <Task(PythonOperator): Extract> on 2023-11-20 00:00:00+00:00
[2023-11-23T01:49:59.871+0000] {standard_task_runner.py:57} INFO - Started process 269 to run task
[2023-11-23T01:49:59.886+0000] {standard_task_runner.py:84} INFO - Running: ['***', 'tasks', 'run', 'outcomes_dag', 'Extract', 'scheduled__2023-11-20T00:00:00+00:00', '--job-id', '69', '--raw', '--subdir', 'DAGS_FOLDER/outcomes_dag.py', '--cfg-path', '/tmp/tmp69lkxj_w']
[2023-11-23T01:49:59.904+0000] {standard_task_runner.py:85} INFO - Job 69: Subtask Extract
[2023-11-23T01:49:59.978+0000] {task_command.py:416} INFO - Running <TaskInstance: outcomes_dag.Extract scheduled__2023-11-20T00:00:00+00:00 [running]> on host d15d3caa5b00
[2023-11-23T01:50:00.065+0000] {taskinstance.py:1662} INFO - Exporting env vars: AIRFLOW_CTX_DAG_OWNER='***' AIRFLOW_CTX_DAG_ID='outcomes_dag' AIRFLOW_CTX_TASK_ID='Extract' AIRFLOW_CTX_EXECUTION_DATE='2023-11-20T00:00:00+00:00' AIRFLOW_CTX_TRY_NUMBER='1' AIRFLOW_CTX_DAG_RUN_ID='scheduled__2023-11-20T00:00:00+00:00'
[2023-11-23T01:50:01.212+0000] {logging_mixin.py:154} INFO - Data Deposited into Cloud Storage
[2023-11-23T01:50:01.214+0000] {python.py:194} INFO - Done. Returned value was: None
[2023-11-23T01:50:01.226+0000] {taskinstance.py:1400} INFO - Marking task as SUCCESS. dag_id=outcomes_dag, task_id=Extract, execution_date=20231120T000000, start_date=20231123T014959, end_date=20231123T015001
[2023-11-23T01:50:01.273+0000] {local_task_job_runner.py:228} INFO - Task exited with return code 0
[2023-11-23T01:58:36.033+0000] {taskinstance.py:1159} INFO - Dependencies all met for dep_context=non-requeueable deps ti=<TaskInstance: outcomes_dag.Extract scheduled__2023-11-20T00:00:00+00:00 [queued]>
[2023-11-23T01:58:36.052+0000] {taskinstance.py:1159} INFO - Dependencies all met for dep_context=requeueable deps ti=<TaskInstance: outcomes_dag.Extract scheduled__2023-11-20T00:00:00+00:00 [queued]>
[2023-11-23T01:58:36.054+0000] {taskinstance.py:1361} INFO - Starting attempt 1 of 1
[2023-11-23T01:58:36.084+0000] {taskinstance.py:1382} INFO - Executing <Task(PythonOperator): Extract> on 2023-11-20 00:00:00+00:00
[2023-11-23T01:58:36.093+0000] {standard_task_runner.py:57} INFO - Started process 66 to run task
[2023-11-23T01:58:36.130+0000] {standard_task_runner.py:84} INFO - Running: ['***', 'tasks', 'run', 'outcomes_dag', 'Extract', 'scheduled__2023-11-20T00:00:00+00:00', '--job-id', '4', '--raw', '--subdir', 'DAGS_FOLDER/outcomes_dag.py', '--cfg-path', '/tmp/tmphwc77pqp']
[2023-11-23T01:58:36.154+0000] {standard_task_runner.py:85} INFO - Job 4: Subtask Extract
[2023-11-23T01:58:36.330+0000] {task_command.py:416} INFO - Running <TaskInstance: outcomes_dag.Extract scheduled__2023-11-20T00:00:00+00:00 [running]> on host 3cdc572bc068
[2023-11-23T01:58:36.491+0000] {taskinstance.py:1662} INFO - Exporting env vars: AIRFLOW_CTX_DAG_OWNER='***' AIRFLOW_CTX_DAG_ID='outcomes_dag' AIRFLOW_CTX_TASK_ID='Extract' AIRFLOW_CTX_EXECUTION_DATE='2023-11-20T00:00:00+00:00' AIRFLOW_CTX_TRY_NUMBER='1' AIRFLOW_CTX_DAG_RUN_ID='scheduled__2023-11-20T00:00:00+00:00'
[2023-11-23T01:58:37.772+0000] {logging_mixin.py:154} INFO - Data Deposited into Cloud Storage
[2023-11-23T01:58:37.775+0000] {python.py:194} INFO - Done. Returned value was: None
[2023-11-23T01:58:37.794+0000] {taskinstance.py:1400} INFO - Marking task as SUCCESS. dag_id=outcomes_dag, task_id=Extract, execution_date=20231120T000000, start_date=20231123T015836, end_date=20231123T015837
[2023-11-23T01:58:37.855+0000] {local_task_job_runner.py:228} INFO - Task exited with return code 0
[2023-11-23T02:59:37.251+0000] {taskinstance.py:1159} INFO - Dependencies all met for dep_context=non-requeueable deps ti=<TaskInstance: outcomes_dag.Extract scheduled__2023-11-20T00:00:00+00:00 [queued]>
[2023-11-23T02:59:37.262+0000] {taskinstance.py:1159} INFO - Dependencies all met for dep_context=requeueable deps ti=<TaskInstance: outcomes_dag.Extract scheduled__2023-11-20T00:00:00+00:00 [queued]>
[2023-11-23T02:59:37.262+0000] {taskinstance.py:1361} INFO - Starting attempt 1 of 1
[2023-11-23T02:59:37.287+0000] {taskinstance.py:1382} INFO - Executing <Task(PythonOperator): Extract> on 2023-11-20 00:00:00+00:00
[2023-11-23T02:59:37.329+0000] {standard_task_runner.py:57} INFO - Started process 112 to run task
[2023-11-23T02:59:37.363+0000] {standard_task_runner.py:84} INFO - Running: ['***', 'tasks', 'run', 'outcomes_dag', 'Extract', 'scheduled__2023-11-20T00:00:00+00:00', '--job-id', '3', '--raw', '--subdir', 'DAGS_FOLDER/outcomes_dag.py', '--cfg-path', '/tmp/tmpfxc_oq_x']
[2023-11-23T02:59:37.384+0000] {standard_task_runner.py:85} INFO - Job 3: Subtask Extract
[2023-11-23T02:59:37.553+0000] {task_command.py:416} INFO - Running <TaskInstance: outcomes_dag.Extract scheduled__2023-11-20T00:00:00+00:00 [running]> on host 1268bd8e5db0
[2023-11-23T02:59:37.714+0000] {taskinstance.py:1662} INFO - Exporting env vars: AIRFLOW_CTX_DAG_OWNER='***' AIRFLOW_CTX_DAG_ID='outcomes_dag' AIRFLOW_CTX_TASK_ID='Extract' AIRFLOW_CTX_EXECUTION_DATE='2023-11-20T00:00:00+00:00' AIRFLOW_CTX_TRY_NUMBER='1' AIRFLOW_CTX_DAG_RUN_ID='scheduled__2023-11-20T00:00:00+00:00'
[2023-11-23T02:59:39.790+0000] {logging_mixin.py:154} INFO - Data Deposited into Cloud Storage
[2023-11-23T02:59:39.792+0000] {python.py:194} INFO - Done. Returned value was: None
[2023-11-23T02:59:39.808+0000] {taskinstance.py:1400} INFO - Marking task as SUCCESS. dag_id=outcomes_dag, task_id=Extract, execution_date=20231120T000000, start_date=20231123T025937, end_date=20231123T025939
[2023-11-23T02:59:39.851+0000] {local_task_job_runner.py:228} INFO - Task exited with return code 0
[2023-11-23T03:42:03.574+0000] {taskinstance.py:1159} INFO - Dependencies all met for dep_context=non-requeueable deps ti=<TaskInstance: outcomes_dag.Extract scheduled__2023-11-20T00:00:00+00:00 [queued]>
[2023-11-23T03:42:03.585+0000] {taskinstance.py:1159} INFO - Dependencies all met for dep_context=requeueable deps ti=<TaskInstance: outcomes_dag.Extract scheduled__2023-11-20T00:00:00+00:00 [queued]>
[2023-11-23T03:42:03.586+0000] {taskinstance.py:1361} INFO - Starting attempt 1 of 1
[2023-11-23T03:42:03.605+0000] {taskinstance.py:1382} INFO - Executing <Task(PythonOperator): Extract> on 2023-11-20 00:00:00+00:00
[2023-11-23T03:42:03.621+0000] {standard_task_runner.py:57} INFO - Started process 520 to run task
[2023-11-23T03:42:03.628+0000] {standard_task_runner.py:84} INFO - Running: ['***', 'tasks', 'run', 'outcomes_dag', 'Extract', 'scheduled__2023-11-20T00:00:00+00:00', '--job-id', '150', '--raw', '--subdir', 'DAGS_FOLDER/outcomes_dag.py', '--cfg-path', '/tmp/tmppxs1yuew']
[2023-11-23T03:42:03.635+0000] {standard_task_runner.py:85} INFO - Job 150: Subtask Extract
[2023-11-23T03:42:03.695+0000] {task_command.py:416} INFO - Running <TaskInstance: outcomes_dag.Extract scheduled__2023-11-20T00:00:00+00:00 [running]> on host e647c96745b0
[2023-11-23T03:42:03.759+0000] {taskinstance.py:1662} INFO - Exporting env vars: AIRFLOW_CTX_DAG_OWNER='***' AIRFLOW_CTX_DAG_ID='outcomes_dag' AIRFLOW_CTX_TASK_ID='Extract' AIRFLOW_CTX_EXECUTION_DATE='2023-11-20T00:00:00+00:00' AIRFLOW_CTX_TRY_NUMBER='1' AIRFLOW_CTX_DAG_RUN_ID='scheduled__2023-11-20T00:00:00+00:00'
[2023-11-23T03:42:04.893+0000] {logging_mixin.py:154} INFO - Data Deposited into Cloud Storage
[2023-11-23T03:42:04.899+0000] {python.py:194} INFO - Done. Returned value was: None
[2023-11-23T03:42:04.969+0000] {taskinstance.py:1400} INFO - Marking task as SUCCESS. dag_id=outcomes_dag, task_id=Extract, execution_date=20231120T000000, start_date=20231123T034203, end_date=20231123T034204
[2023-11-23T03:42:05.031+0000] {local_task_job_runner.py:228} INFO - Task exited with return code 0
