[2023-11-22T22:41:37.283+0000] {taskinstance.py:1159} INFO - Dependencies all met for dep_context=non-requeueable deps ti=<TaskInstance: outcomes_dag.Initialize_wharehouse_schema scheduled__2023-11-05T00:00:00+00:00 [queued]>
[2023-11-22T22:41:37.293+0000] {taskinstance.py:1159} INFO - Dependencies all met for dep_context=requeueable deps ti=<TaskInstance: outcomes_dag.Initialize_wharehouse_schema scheduled__2023-11-05T00:00:00+00:00 [queued]>
[2023-11-22T22:41:37.297+0000] {taskinstance.py:1361} INFO - Starting attempt 1 of 1
[2023-11-22T22:41:37.312+0000] {taskinstance.py:1382} INFO - Executing <Task(PythonOperator): Initialize_wharehouse_schema> on 2023-11-05 00:00:00+00:00
[2023-11-22T22:41:37.324+0000] {standard_task_runner.py:57} INFO - Started process 229 to run task
[2023-11-22T22:41:37.346+0000] {standard_task_runner.py:84} INFO - Running: ['***', 'tasks', 'run', 'outcomes_dag', 'Initialize_wharehouse_schema', 'scheduled__2023-11-05T00:00:00+00:00', '--job-id', '46', '--raw', '--subdir', 'DAGS_FOLDER/outcomes_dag.py', '--cfg-path', '/tmp/tmpbt8cbgeb']
[2023-11-22T22:41:37.385+0000] {standard_task_runner.py:85} INFO - Job 46: Subtask Initialize_wharehouse_schema
[2023-11-22T22:41:37.534+0000] {task_command.py:416} INFO - Running <TaskInstance: outcomes_dag.Initialize_wharehouse_schema scheduled__2023-11-05T00:00:00+00:00 [running]> on host 8ac13583809b
[2023-11-22T22:41:37.678+0000] {taskinstance.py:1662} INFO - Exporting env vars: AIRFLOW_CTX_DAG_OWNER='***' AIRFLOW_CTX_DAG_ID='outcomes_dag' AIRFLOW_CTX_TASK_ID='Initialize_wharehouse_schema' AIRFLOW_CTX_EXECUTION_DATE='2023-11-05T00:00:00+00:00' AIRFLOW_CTX_TRY_NUMBER='1' AIRFLOW_CTX_DAG_RUN_ID='scheduled__2023-11-05T00:00:00+00:00'
[2023-11-22T22:41:38.198+0000] {taskinstance.py:1937} ERROR - Task failed with exception
Traceback (most recent call last):
  File "/home/airflow/.local/lib/python3.8/site-packages/airflow/operators/python.py", line 192, in execute
    return_value = self.execute_callable()
  File "/home/airflow/.local/lib/python3.8/site-packages/airflow/operators/python.py", line 209, in execute_callable
    return self.python_callable(*self.op_args, **self.op_kwargs)
  File "/opt/airflow/dags/ETL/load.py", line 16, in execute_sql_script
    client.query(statement)
  File "/home/airflow/.local/lib/python3.8/site-packages/google/cloud/bigquery/client.py", line 3391, in query
    return _job_helpers.query_jobs_insert(
  File "/home/airflow/.local/lib/python3.8/site-packages/google/cloud/bigquery/_job_helpers.py", line 114, in query_jobs_insert
    future = do_query()
  File "/home/airflow/.local/lib/python3.8/site-packages/google/cloud/bigquery/_job_helpers.py", line 91, in do_query
    query_job._begin(retry=retry, timeout=timeout)
  File "/home/airflow/.local/lib/python3.8/site-packages/google/cloud/bigquery/job/query.py", line 1370, in _begin
    super(QueryJob, self)._begin(client=client, retry=retry, timeout=timeout)
  File "/home/airflow/.local/lib/python3.8/site-packages/google/cloud/bigquery/job/base.py", line 693, in _begin
    api_response = client._call_api(
  File "/home/airflow/.local/lib/python3.8/site-packages/google/cloud/bigquery/client.py", line 808, in _call_api
    return call()
  File "/home/airflow/.local/lib/python3.8/site-packages/google/api_core/retry.py", line 366, in retry_wrapped_func
    return retry_target(
  File "/home/airflow/.local/lib/python3.8/site-packages/google/api_core/retry.py", line 204, in retry_target
    return target()
  File "/home/airflow/.local/lib/python3.8/site-packages/google/cloud/_http/__init__.py", line 494, in api_request
    raise exceptions.from_http_response(response)
google.api_core.exceptions.Forbidden: 403 POST https://bigquery.googleapis.com/bigquery/v2/projects/dcsc-warehouse/jobs?prettyPrint=false: Access Denied: Project dcsc-warehouse: User does not have bigquery.jobs.create permission in project dcsc-warehouse.

Location: None
Job ID: 3bfa8c58-e271-4036-8f1b-5914d06313fc

[2023-11-22T22:41:38.221+0000] {taskinstance.py:1400} INFO - Marking task as FAILED. dag_id=outcomes_dag, task_id=Initialize_wharehouse_schema, execution_date=20231105T000000, start_date=20231122T224137, end_date=20231122T224138
[2023-11-22T22:41:38.235+0000] {standard_task_runner.py:104} ERROR - Failed to execute job 46 for task Initialize_wharehouse_schema (403 POST https://bigquery.googleapis.com/bigquery/v2/projects/dcsc-warehouse/jobs?prettyPrint=false: Access Denied: Project dcsc-warehouse: User does not have bigquery.jobs.create permission in project dcsc-warehouse.

Location: None
Job ID: 3bfa8c58-e271-4036-8f1b-5914d06313fc
; 229)
[2023-11-22T22:41:38.262+0000] {local_task_job_runner.py:228} INFO - Task exited with return code 1
[2023-11-22T22:59:58.448+0000] {taskinstance.py:1159} INFO - Dependencies all met for dep_context=non-requeueable deps ti=<TaskInstance: outcomes_dag.Initialize_wharehouse_schema scheduled__2023-11-05T00:00:00+00:00 [queued]>
[2023-11-22T22:59:58.492+0000] {taskinstance.py:1159} INFO - Dependencies all met for dep_context=requeueable deps ti=<TaskInstance: outcomes_dag.Initialize_wharehouse_schema scheduled__2023-11-05T00:00:00+00:00 [queued]>
[2023-11-22T22:59:58.507+0000] {taskinstance.py:1361} INFO - Starting attempt 1 of 1
[2023-11-22T22:59:58.608+0000] {taskinstance.py:1382} INFO - Executing <Task(PythonOperator): Initialize_wharehouse_schema> on 2023-11-05 00:00:00+00:00
[2023-11-22T22:59:58.653+0000] {standard_task_runner.py:57} INFO - Started process 211 to run task
[2023-11-22T22:59:58.687+0000] {standard_task_runner.py:84} INFO - Running: ['***', 'tasks', 'run', 'outcomes_dag', 'Initialize_wharehouse_schema', 'scheduled__2023-11-05T00:00:00+00:00', '--job-id', '47', '--raw', '--subdir', 'DAGS_FOLDER/outcomes_dag.py', '--cfg-path', '/tmp/tmpyz_dpegx']
[2023-11-22T22:59:58.733+0000] {standard_task_runner.py:85} INFO - Job 47: Subtask Initialize_wharehouse_schema
[2023-11-22T22:59:59.037+0000] {task_command.py:416} INFO - Running <TaskInstance: outcomes_dag.Initialize_wharehouse_schema scheduled__2023-11-05T00:00:00+00:00 [running]> on host 4b2f5af281f8
[2023-11-22T22:59:59.499+0000] {taskinstance.py:1662} INFO - Exporting env vars: AIRFLOW_CTX_DAG_OWNER='***' AIRFLOW_CTX_DAG_ID='outcomes_dag' AIRFLOW_CTX_TASK_ID='Initialize_wharehouse_schema' AIRFLOW_CTX_EXECUTION_DATE='2023-11-05T00:00:00+00:00' AIRFLOW_CTX_TRY_NUMBER='1' AIRFLOW_CTX_DAG_RUN_ID='scheduled__2023-11-05T00:00:00+00:00'
[2023-11-22T23:00:02.177+0000] {python.py:194} INFO - Done. Returned value was: None
[2023-11-22T23:00:02.278+0000] {taskinstance.py:1400} INFO - Marking task as SUCCESS. dag_id=outcomes_dag, task_id=Initialize_wharehouse_schema, execution_date=20231105T000000, start_date=20231122T225958, end_date=20231122T230002
[2023-11-22T23:00:02.407+0000] {local_task_job_runner.py:228} INFO - Task exited with return code 0
[2023-11-23T00:39:33.788+0000] {taskinstance.py:1159} INFO - Dependencies all met for dep_context=non-requeueable deps ti=<TaskInstance: outcomes_dag.Initialize_wharehouse_schema scheduled__2023-11-05T00:00:00+00:00 [queued]>
[2023-11-23T00:39:33.805+0000] {taskinstance.py:1159} INFO - Dependencies all met for dep_context=requeueable deps ti=<TaskInstance: outcomes_dag.Initialize_wharehouse_schema scheduled__2023-11-05T00:00:00+00:00 [queued]>
[2023-11-23T00:39:33.806+0000] {taskinstance.py:1361} INFO - Starting attempt 1 of 1
[2023-11-23T00:39:33.822+0000] {taskinstance.py:1382} INFO - Executing <Task(PythonOperator): Initialize_wharehouse_schema> on 2023-11-05 00:00:00+00:00
[2023-11-23T00:39:33.837+0000] {standard_task_runner.py:57} INFO - Started process 204 to run task
[2023-11-23T00:39:33.862+0000] {standard_task_runner.py:84} INFO - Running: ['***', 'tasks', 'run', 'outcomes_dag', 'Initialize_wharehouse_schema', 'scheduled__2023-11-05T00:00:00+00:00', '--job-id', '45', '--raw', '--subdir', 'DAGS_FOLDER/outcomes_dag.py', '--cfg-path', '/tmp/tmpjf52u_di']
[2023-11-23T00:39:33.873+0000] {standard_task_runner.py:85} INFO - Job 45: Subtask Initialize_wharehouse_schema
[2023-11-23T00:39:34.000+0000] {task_command.py:416} INFO - Running <TaskInstance: outcomes_dag.Initialize_wharehouse_schema scheduled__2023-11-05T00:00:00+00:00 [running]> on host 75913536581a
[2023-11-23T00:39:34.160+0000] {taskinstance.py:1662} INFO - Exporting env vars: AIRFLOW_CTX_DAG_OWNER='***' AIRFLOW_CTX_DAG_ID='outcomes_dag' AIRFLOW_CTX_TASK_ID='Initialize_wharehouse_schema' AIRFLOW_CTX_EXECUTION_DATE='2023-11-05T00:00:00+00:00' AIRFLOW_CTX_TRY_NUMBER='1' AIRFLOW_CTX_DAG_RUN_ID='scheduled__2023-11-05T00:00:00+00:00'
[2023-11-23T00:39:35.659+0000] {python.py:194} INFO - Done. Returned value was: None
[2023-11-23T00:39:35.710+0000] {taskinstance.py:1400} INFO - Marking task as SUCCESS. dag_id=outcomes_dag, task_id=Initialize_wharehouse_schema, execution_date=20231105T000000, start_date=20231123T003933, end_date=20231123T003935
[2023-11-23T00:39:35.766+0000] {local_task_job_runner.py:228} INFO - Task exited with return code 0
