[2023-11-23T00:00:06.912+0000] {taskinstance.py:1159} INFO - Dependencies all met for dep_context=non-requeueable deps ti=<TaskInstance: outcomes_dag.Initialize_wharehouse_schema scheduled__2023-11-22T00:00:00+00:00 [queued]>
[2023-11-23T00:00:06.916+0000] {taskinstance.py:1159} INFO - Dependencies all met for dep_context=requeueable deps ti=<TaskInstance: outcomes_dag.Initialize_wharehouse_schema scheduled__2023-11-22T00:00:00+00:00 [queued]>
[2023-11-23T00:00:06.917+0000] {taskinstance.py:1361} INFO - Starting attempt 1 of 1
[2023-11-23T00:00:06.923+0000] {taskinstance.py:1382} INFO - Executing <Task(PythonOperator): Initialize_wharehouse_schema> on 2023-11-22 00:00:00+00:00
[2023-11-23T00:00:06.928+0000] {standard_task_runner.py:57} INFO - Started process 774 to run task
[2023-11-23T00:00:06.931+0000] {standard_task_runner.py:84} INFO - Running: ['***', 'tasks', 'run', 'outcomes_dag', 'Initialize_wharehouse_schema', 'scheduled__2023-11-22T00:00:00+00:00', '--job-id', '155', '--raw', '--subdir', 'DAGS_FOLDER/outcomes_dag.py', '--cfg-path', '/tmp/tmpcw0lec61']
[2023-11-23T00:00:06.934+0000] {standard_task_runner.py:85} INFO - Job 155: Subtask Initialize_wharehouse_schema
[2023-11-23T00:00:06.977+0000] {task_command.py:416} INFO - Running <TaskInstance: outcomes_dag.Initialize_wharehouse_schema scheduled__2023-11-22T00:00:00+00:00 [running]> on host 371cae71aa63
[2023-11-23T00:00:07.034+0000] {taskinstance.py:1662} INFO - Exporting env vars: AIRFLOW_CTX_DAG_OWNER='***' AIRFLOW_CTX_DAG_ID='outcomes_dag' AIRFLOW_CTX_TASK_ID='Initialize_wharehouse_schema' AIRFLOW_CTX_EXECUTION_DATE='2023-11-22T00:00:00+00:00' AIRFLOW_CTX_TRY_NUMBER='1' AIRFLOW_CTX_DAG_RUN_ID='scheduled__2023-11-22T00:00:00+00:00'
[2023-11-23T00:00:09.083+0000] {python.py:194} INFO - Done. Returned value was: None
[2023-11-23T00:00:09.097+0000] {taskinstance.py:1400} INFO - Marking task as SUCCESS. dag_id=outcomes_dag, task_id=Initialize_wharehouse_schema, execution_date=20231122T000000, start_date=20231123T000006, end_date=20231123T000009
[2023-11-23T00:00:09.148+0000] {local_task_job_runner.py:228} INFO - Task exited with return code 0
[2023-11-23T00:43:12.631+0000] {taskinstance.py:1159} INFO - Dependencies all met for dep_context=non-requeueable deps ti=<TaskInstance: outcomes_dag.Initialize_wharehouse_schema scheduled__2023-11-22T00:00:00+00:00 [queued]>
[2023-11-23T00:43:12.637+0000] {taskinstance.py:1159} INFO - Dependencies all met for dep_context=requeueable deps ti=<TaskInstance: outcomes_dag.Initialize_wharehouse_schema scheduled__2023-11-22T00:00:00+00:00 [queued]>
[2023-11-23T00:43:12.638+0000] {taskinstance.py:1361} INFO - Starting attempt 1 of 1
[2023-11-23T00:43:12.657+0000] {taskinstance.py:1382} INFO - Executing <Task(PythonOperator): Initialize_wharehouse_schema> on 2023-11-22 00:00:00+00:00
[2023-11-23T00:43:12.674+0000] {standard_task_runner.py:57} INFO - Started process 512 to run task
[2023-11-23T00:43:12.703+0000] {standard_task_runner.py:84} INFO - Running: ['***', 'tasks', 'run', 'outcomes_dag', 'Initialize_wharehouse_schema', 'scheduled__2023-11-22T00:00:00+00:00', '--job-id', '131', '--raw', '--subdir', 'DAGS_FOLDER/outcomes_dag.py', '--cfg-path', '/tmp/tmpucai4d50']
[2023-11-23T00:43:12.709+0000] {standard_task_runner.py:85} INFO - Job 131: Subtask Initialize_wharehouse_schema
[2023-11-23T00:43:12.784+0000] {task_command.py:416} INFO - Running <TaskInstance: outcomes_dag.Initialize_wharehouse_schema scheduled__2023-11-22T00:00:00+00:00 [running]> on host 75913536581a
[2023-11-23T00:43:12.881+0000] {taskinstance.py:1662} INFO - Exporting env vars: AIRFLOW_CTX_DAG_OWNER='***' AIRFLOW_CTX_DAG_ID='outcomes_dag' AIRFLOW_CTX_TASK_ID='Initialize_wharehouse_schema' AIRFLOW_CTX_EXECUTION_DATE='2023-11-22T00:00:00+00:00' AIRFLOW_CTX_TRY_NUMBER='1' AIRFLOW_CTX_DAG_RUN_ID='scheduled__2023-11-22T00:00:00+00:00'
[2023-11-23T00:43:14.765+0000] {python.py:194} INFO - Done. Returned value was: None
[2023-11-23T00:43:14.775+0000] {taskinstance.py:1400} INFO - Marking task as SUCCESS. dag_id=outcomes_dag, task_id=Initialize_wharehouse_schema, execution_date=20231122T000000, start_date=20231123T004312, end_date=20231123T004314
[2023-11-23T00:43:14.818+0000] {local_task_job_runner.py:228} INFO - Task exited with return code 0
