[2023-11-22T07:53:37.664+0000] {taskinstance.py:1159} INFO - Dependencies all met for dep_context=non-requeueable deps ti=<TaskInstance: outcomes_dag.Extract scheduled__2023-11-01T00:00:00+00:00 [queued]>
[2023-11-22T07:53:37.685+0000] {taskinstance.py:1159} INFO - Dependencies all met for dep_context=requeueable deps ti=<TaskInstance: outcomes_dag.Extract scheduled__2023-11-01T00:00:00+00:00 [queued]>
[2023-11-22T07:53:37.689+0000] {taskinstance.py:1361} INFO - Starting attempt 1 of 1
[2023-11-22T07:53:37.728+0000] {taskinstance.py:1382} INFO - Executing <Task(PythonOperator): Extract> on 2023-11-01 00:00:00+00:00
[2023-11-22T07:53:37.878+0000] {standard_task_runner.py:57} INFO - Started process 270 to run task
[2023-11-22T07:53:37.946+0000] {standard_task_runner.py:84} INFO - Running: ['***', 'tasks', 'run', 'outcomes_dag', 'Extract', 'scheduled__2023-11-01T00:00:00+00:00', '--job-id', '13', '--raw', '--subdir', 'DAGS_FOLDER/outcomes_dag.py', '--cfg-path', '/tmp/tmprs9c0cag']
[2023-11-22T07:53:38.067+0000] {standard_task_runner.py:85} INFO - Job 13: Subtask Extract
[2023-11-22T07:53:38.516+0000] {task_command.py:416} INFO - Running <TaskInstance: outcomes_dag.Extract scheduled__2023-11-01T00:00:00+00:00 [running]> on host 6318e996d951
[2023-11-22T07:53:38.879+0000] {taskinstance.py:1662} INFO - Exporting env vars: AIRFLOW_CTX_DAG_OWNER='***' AIRFLOW_CTX_DAG_ID='outcomes_dag' AIRFLOW_CTX_TASK_ID='Extract' AIRFLOW_CTX_EXECUTION_DATE='2023-11-01T00:00:00+00:00' AIRFLOW_CTX_TRY_NUMBER='1' AIRFLOW_CTX_DAG_RUN_ID='scheduled__2023-11-01T00:00:00+00:00'
[2023-11-22T07:53:40.586+0000] {logging_mixin.py:154} INFO - Data Deposited into Cloud Storage
[2023-11-22T07:53:40.592+0000] {python.py:194} INFO - Done. Returned value was: None
[2023-11-22T07:53:40.704+0000] {taskinstance.py:1400} INFO - Marking task as SUCCESS. dag_id=outcomes_dag, task_id=Extract, execution_date=20231101T000000, start_date=20231122T075337, end_date=20231122T075340
[2023-11-22T07:53:40.831+0000] {local_task_job_runner.py:228} INFO - Task exited with return code 0
[2023-11-22T22:41:13.659+0000] {taskinstance.py:1159} INFO - Dependencies all met for dep_context=non-requeueable deps ti=<TaskInstance: outcomes_dag.Extract scheduled__2023-11-01T00:00:00+00:00 [queued]>
[2023-11-22T22:41:13.683+0000] {taskinstance.py:1159} INFO - Dependencies all met for dep_context=requeueable deps ti=<TaskInstance: outcomes_dag.Extract scheduled__2023-11-01T00:00:00+00:00 [queued]>
[2023-11-22T22:41:13.683+0000] {taskinstance.py:1361} INFO - Starting attempt 1 of 1
[2023-11-22T22:41:13.710+0000] {taskinstance.py:1382} INFO - Executing <Task(PythonOperator): Extract> on 2023-11-01 00:00:00+00:00
[2023-11-22T22:41:13.819+0000] {standard_task_runner.py:57} INFO - Started process 116 to run task
[2023-11-22T22:41:13.832+0000] {standard_task_runner.py:84} INFO - Running: ['***', 'tasks', 'run', 'outcomes_dag', 'Extract', 'scheduled__2023-11-01T00:00:00+00:00', '--job-id', '6', '--raw', '--subdir', 'DAGS_FOLDER/outcomes_dag.py', '--cfg-path', '/tmp/tmp897rouxo']
[2023-11-22T22:41:13.884+0000] {standard_task_runner.py:85} INFO - Job 6: Subtask Extract
[2023-11-22T22:41:14.626+0000] {task_command.py:416} INFO - Running <TaskInstance: outcomes_dag.Extract scheduled__2023-11-01T00:00:00+00:00 [running]> on host 8ac13583809b
[2023-11-22T22:41:15.239+0000] {taskinstance.py:1662} INFO - Exporting env vars: AIRFLOW_CTX_DAG_OWNER='***' AIRFLOW_CTX_DAG_ID='outcomes_dag' AIRFLOW_CTX_TASK_ID='Extract' AIRFLOW_CTX_EXECUTION_DATE='2023-11-01T00:00:00+00:00' AIRFLOW_CTX_TRY_NUMBER='1' AIRFLOW_CTX_DAG_RUN_ID='scheduled__2023-11-01T00:00:00+00:00'
[2023-11-22T22:41:17.416+0000] {logging_mixin.py:154} INFO - Data Deposited into Cloud Storage
[2023-11-22T22:41:17.507+0000] {python.py:194} INFO - Done. Returned value was: None
[2023-11-22T22:41:17.620+0000] {taskinstance.py:1400} INFO - Marking task as SUCCESS. dag_id=outcomes_dag, task_id=Extract, execution_date=20231101T000000, start_date=20231122T224113, end_date=20231122T224117
[2023-11-22T22:41:17.708+0000] {local_task_job_runner.py:228} INFO - Task exited with return code 0
[2023-11-22T22:59:37.529+0000] {taskinstance.py:1159} INFO - Dependencies all met for dep_context=non-requeueable deps ti=<TaskInstance: outcomes_dag.Extract scheduled__2023-11-01T00:00:00+00:00 [queued]>
[2023-11-22T22:59:37.541+0000] {taskinstance.py:1159} INFO - Dependencies all met for dep_context=requeueable deps ti=<TaskInstance: outcomes_dag.Extract scheduled__2023-11-01T00:00:00+00:00 [queued]>
[2023-11-22T22:59:37.542+0000] {taskinstance.py:1361} INFO - Starting attempt 1 of 1
[2023-11-22T22:59:37.564+0000] {taskinstance.py:1382} INFO - Executing <Task(PythonOperator): Extract> on 2023-11-01 00:00:00+00:00
[2023-11-22T22:59:37.799+0000] {standard_task_runner.py:57} INFO - Started process 89 to run task
[2023-11-22T22:59:37.824+0000] {standard_task_runner.py:84} INFO - Running: ['***', 'tasks', 'run', 'outcomes_dag', 'Extract', 'scheduled__2023-11-01T00:00:00+00:00', '--job-id', '3', '--raw', '--subdir', 'DAGS_FOLDER/outcomes_dag.py', '--cfg-path', '/tmp/tmpn7ir5xd5']
[2023-11-22T22:59:37.861+0000] {standard_task_runner.py:85} INFO - Job 3: Subtask Extract
[2023-11-22T22:59:38.048+0000] {task_command.py:416} INFO - Running <TaskInstance: outcomes_dag.Extract scheduled__2023-11-01T00:00:00+00:00 [running]> on host 4b2f5af281f8
[2023-11-22T22:59:38.255+0000] {taskinstance.py:1662} INFO - Exporting env vars: AIRFLOW_CTX_DAG_OWNER='***' AIRFLOW_CTX_DAG_ID='outcomes_dag' AIRFLOW_CTX_TASK_ID='Extract' AIRFLOW_CTX_EXECUTION_DATE='2023-11-01T00:00:00+00:00' AIRFLOW_CTX_TRY_NUMBER='1' AIRFLOW_CTX_DAG_RUN_ID='scheduled__2023-11-01T00:00:00+00:00'
[2023-11-22T22:59:41.951+0000] {logging_mixin.py:154} INFO - Data Deposited into Cloud Storage
[2023-11-22T22:59:41.958+0000] {python.py:194} INFO - Done. Returned value was: None
[2023-11-22T22:59:42.010+0000] {taskinstance.py:1400} INFO - Marking task as SUCCESS. dag_id=outcomes_dag, task_id=Extract, execution_date=20231101T000000, start_date=20231122T225937, end_date=20231122T225942
[2023-11-22T22:59:42.132+0000] {local_task_job_runner.py:228} INFO - Task exited with return code 0
[2023-11-22T23:20:06.149+0000] {taskinstance.py:1159} INFO - Dependencies all met for dep_context=non-requeueable deps ti=<TaskInstance: outcomes_dag.Extract scheduled__2023-11-01T00:00:00+00:00 [queued]>
[2023-11-22T23:20:06.178+0000] {taskinstance.py:1159} INFO - Dependencies all met for dep_context=requeueable deps ti=<TaskInstance: outcomes_dag.Extract scheduled__2023-11-01T00:00:00+00:00 [queued]>
[2023-11-22T23:20:06.179+0000] {taskinstance.py:1361} INFO - Starting attempt 1 of 1
[2023-11-22T23:20:06.210+0000] {taskinstance.py:1382} INFO - Executing <Task(PythonOperator): Extract> on 2023-11-01 00:00:00+00:00
[2023-11-22T23:20:06.241+0000] {standard_task_runner.py:57} INFO - Started process 96 to run task
[2023-11-22T23:20:06.259+0000] {standard_task_runner.py:84} INFO - Running: ['***', 'tasks', 'run', 'outcomes_dag', 'Extract', 'scheduled__2023-11-01T00:00:00+00:00', '--job-id', '9', '--raw', '--subdir', 'DAGS_FOLDER/outcomes_dag.py', '--cfg-path', '/tmp/tmpdppij6hz']
[2023-11-22T23:20:06.264+0000] {standard_task_runner.py:85} INFO - Job 9: Subtask Extract
[2023-11-22T23:20:06.503+0000] {task_command.py:416} INFO - Running <TaskInstance: outcomes_dag.Extract scheduled__2023-11-01T00:00:00+00:00 [running]> on host b410bfb4af5e
[2023-11-22T23:20:06.702+0000] {taskinstance.py:1662} INFO - Exporting env vars: AIRFLOW_CTX_DAG_OWNER='***' AIRFLOW_CTX_DAG_ID='outcomes_dag' AIRFLOW_CTX_TASK_ID='Extract' AIRFLOW_CTX_EXECUTION_DATE='2023-11-01T00:00:00+00:00' AIRFLOW_CTX_TRY_NUMBER='1' AIRFLOW_CTX_DAG_RUN_ID='scheduled__2023-11-01T00:00:00+00:00'
[2023-11-22T23:20:08.351+0000] {logging_mixin.py:154} INFO - Data Deposited into Cloud Storage
[2023-11-22T23:20:08.354+0000] {python.py:194} INFO - Done. Returned value was: None
[2023-11-22T23:20:08.383+0000] {taskinstance.py:1400} INFO - Marking task as SUCCESS. dag_id=outcomes_dag, task_id=Extract, execution_date=20231101T000000, start_date=20231122T232006, end_date=20231122T232008
[2023-11-22T23:20:08.487+0000] {local_task_job_runner.py:228} INFO - Task exited with return code 0
[2023-11-22T23:42:52.586+0000] {taskinstance.py:1159} INFO - Dependencies all met for dep_context=non-requeueable deps ti=<TaskInstance: outcomes_dag.Extract scheduled__2023-11-01T00:00:00+00:00 [queued]>
[2023-11-22T23:42:52.605+0000] {taskinstance.py:1159} INFO - Dependencies all met for dep_context=requeueable deps ti=<TaskInstance: outcomes_dag.Extract scheduled__2023-11-01T00:00:00+00:00 [queued]>
[2023-11-22T23:42:52.607+0000] {taskinstance.py:1361} INFO - Starting attempt 1 of 1
[2023-11-22T23:42:52.641+0000] {taskinstance.py:1382} INFO - Executing <Task(PythonOperator): Extract> on 2023-11-01 00:00:00+00:00
[2023-11-22T23:42:52.749+0000] {standard_task_runner.py:57} INFO - Started process 96 to run task
[2023-11-22T23:42:52.813+0000] {standard_task_runner.py:84} INFO - Running: ['***', 'tasks', 'run', 'outcomes_dag', 'Extract', 'scheduled__2023-11-01T00:00:00+00:00', '--job-id', '8', '--raw', '--subdir', 'DAGS_FOLDER/outcomes_dag.py', '--cfg-path', '/tmp/tmpahah57qp']
[2023-11-22T23:42:52.845+0000] {standard_task_runner.py:85} INFO - Job 8: Subtask Extract
[2023-11-22T23:42:53.059+0000] {task_command.py:416} INFO - Running <TaskInstance: outcomes_dag.Extract scheduled__2023-11-01T00:00:00+00:00 [running]> on host 371cae71aa63
[2023-11-22T23:42:53.181+0000] {taskinstance.py:1662} INFO - Exporting env vars: AIRFLOW_CTX_DAG_OWNER='***' AIRFLOW_CTX_DAG_ID='outcomes_dag' AIRFLOW_CTX_TASK_ID='Extract' AIRFLOW_CTX_EXECUTION_DATE='2023-11-01T00:00:00+00:00' AIRFLOW_CTX_TRY_NUMBER='1' AIRFLOW_CTX_DAG_RUN_ID='scheduled__2023-11-01T00:00:00+00:00'
[2023-11-22T23:42:54.425+0000] {logging_mixin.py:154} INFO - Data Deposited into Cloud Storage
[2023-11-22T23:42:54.491+0000] {python.py:194} INFO - Done. Returned value was: None
[2023-11-22T23:42:54.650+0000] {taskinstance.py:1400} INFO - Marking task as SUCCESS. dag_id=outcomes_dag, task_id=Extract, execution_date=20231101T000000, start_date=20231122T234252, end_date=20231122T234254
[2023-11-22T23:42:54.891+0000] {local_task_job_runner.py:228} INFO - Task exited with return code 0
[2023-11-23T00:39:18.143+0000] {taskinstance.py:1159} INFO - Dependencies all met for dep_context=non-requeueable deps ti=<TaskInstance: outcomes_dag.Extract scheduled__2023-11-01T00:00:00+00:00 [queued]>
[2023-11-23T00:39:18.164+0000] {taskinstance.py:1159} INFO - Dependencies all met for dep_context=requeueable deps ti=<TaskInstance: outcomes_dag.Extract scheduled__2023-11-01T00:00:00+00:00 [queued]>
[2023-11-23T00:39:18.166+0000] {taskinstance.py:1361} INFO - Starting attempt 1 of 1
[2023-11-23T00:39:18.187+0000] {taskinstance.py:1382} INFO - Executing <Task(PythonOperator): Extract> on 2023-11-01 00:00:00+00:00
[2023-11-23T00:39:18.226+0000] {standard_task_runner.py:57} INFO - Started process 104 to run task
[2023-11-23T00:39:18.250+0000] {standard_task_runner.py:84} INFO - Running: ['***', 'tasks', 'run', 'outcomes_dag', 'Extract', 'scheduled__2023-11-01T00:00:00+00:00', '--job-id', '9', '--raw', '--subdir', 'DAGS_FOLDER/outcomes_dag.py', '--cfg-path', '/tmp/tmpsernb9tw']
[2023-11-23T00:39:18.268+0000] {standard_task_runner.py:85} INFO - Job 9: Subtask Extract
[2023-11-23T00:39:18.473+0000] {task_command.py:416} INFO - Running <TaskInstance: outcomes_dag.Extract scheduled__2023-11-01T00:00:00+00:00 [running]> on host 75913536581a
[2023-11-23T00:39:18.685+0000] {taskinstance.py:1662} INFO - Exporting env vars: AIRFLOW_CTX_DAG_OWNER='***' AIRFLOW_CTX_DAG_ID='outcomes_dag' AIRFLOW_CTX_TASK_ID='Extract' AIRFLOW_CTX_EXECUTION_DATE='2023-11-01T00:00:00+00:00' AIRFLOW_CTX_TRY_NUMBER='1' AIRFLOW_CTX_DAG_RUN_ID='scheduled__2023-11-01T00:00:00+00:00'
[2023-11-23T00:39:20.629+0000] {logging_mixin.py:154} INFO - Data Deposited into Cloud Storage
[2023-11-23T00:39:20.648+0000] {python.py:194} INFO - Done. Returned value was: None
[2023-11-23T00:39:20.750+0000] {taskinstance.py:1400} INFO - Marking task as SUCCESS. dag_id=outcomes_dag, task_id=Extract, execution_date=20231101T000000, start_date=20231123T003918, end_date=20231123T003920
[2023-11-23T00:39:20.789+0000] {local_task_job_runner.py:228} INFO - Task exited with return code 0
[2023-11-23T01:49:22.552+0000] {taskinstance.py:1159} INFO - Dependencies all met for dep_context=non-requeueable deps ti=<TaskInstance: outcomes_dag.Extract scheduled__2023-11-01T00:00:00+00:00 [queued]>
[2023-11-23T01:49:22.580+0000] {taskinstance.py:1159} INFO - Dependencies all met for dep_context=requeueable deps ti=<TaskInstance: outcomes_dag.Extract scheduled__2023-11-01T00:00:00+00:00 [queued]>
[2023-11-23T01:49:22.591+0000] {taskinstance.py:1361} INFO - Starting attempt 1 of 1
[2023-11-23T01:49:22.785+0000] {taskinstance.py:1382} INFO - Executing <Task(PythonOperator): Extract> on 2023-11-01 00:00:00+00:00
[2023-11-23T01:49:22.831+0000] {standard_task_runner.py:57} INFO - Started process 94 to run task
[2023-11-23T01:49:22.862+0000] {standard_task_runner.py:84} INFO - Running: ['***', 'tasks', 'run', 'outcomes_dag', 'Extract', 'scheduled__2023-11-01T00:00:00+00:00', '--job-id', '12', '--raw', '--subdir', 'DAGS_FOLDER/outcomes_dag.py', '--cfg-path', '/tmp/tmpmz6f8uju']
[2023-11-23T01:49:22.874+0000] {standard_task_runner.py:85} INFO - Job 12: Subtask Extract
[2023-11-23T01:49:23.192+0000] {task_command.py:416} INFO - Running <TaskInstance: outcomes_dag.Extract scheduled__2023-11-01T00:00:00+00:00 [running]> on host d15d3caa5b00
[2023-11-23T01:49:23.410+0000] {taskinstance.py:1662} INFO - Exporting env vars: AIRFLOW_CTX_DAG_OWNER='***' AIRFLOW_CTX_DAG_ID='outcomes_dag' AIRFLOW_CTX_TASK_ID='Extract' AIRFLOW_CTX_EXECUTION_DATE='2023-11-01T00:00:00+00:00' AIRFLOW_CTX_TRY_NUMBER='1' AIRFLOW_CTX_DAG_RUN_ID='scheduled__2023-11-01T00:00:00+00:00'
[2023-11-23T01:49:25.639+0000] {logging_mixin.py:154} INFO - Data Deposited into Cloud Storage
[2023-11-23T01:49:25.689+0000] {python.py:194} INFO - Done. Returned value was: None
[2023-11-23T01:49:25.727+0000] {taskinstance.py:1400} INFO - Marking task as SUCCESS. dag_id=outcomes_dag, task_id=Extract, execution_date=20231101T000000, start_date=20231123T014922, end_date=20231123T014925
[2023-11-23T01:49:25.820+0000] {local_task_job_runner.py:228} INFO - Task exited with return code 0
[2023-11-23T03:40:29.765+0000] {taskinstance.py:1159} INFO - Dependencies all met for dep_context=non-requeueable deps ti=<TaskInstance: outcomes_dag.Extract scheduled__2023-11-01T00:00:00+00:00 [queued]>
[2023-11-23T03:40:29.783+0000] {taskinstance.py:1159} INFO - Dependencies all met for dep_context=requeueable deps ti=<TaskInstance: outcomes_dag.Extract scheduled__2023-11-01T00:00:00+00:00 [queued]>
[2023-11-23T03:40:29.789+0000] {taskinstance.py:1361} INFO - Starting attempt 1 of 1
[2023-11-23T03:40:29.841+0000] {taskinstance.py:1382} INFO - Executing <Task(PythonOperator): Extract> on 2023-11-01 00:00:00+00:00
[2023-11-23T03:40:29.950+0000] {standard_task_runner.py:57} INFO - Started process 90 to run task
[2023-11-23T03:40:29.995+0000] {standard_task_runner.py:84} INFO - Running: ['***', 'tasks', 'run', 'outcomes_dag', 'Extract', 'scheduled__2023-11-01T00:00:00+00:00', '--job-id', '3', '--raw', '--subdir', 'DAGS_FOLDER/outcomes_dag.py', '--cfg-path', '/tmp/tmpekm9mma_']
[2023-11-23T03:40:30.044+0000] {standard_task_runner.py:85} INFO - Job 3: Subtask Extract
[2023-11-23T03:40:30.604+0000] {task_command.py:416} INFO - Running <TaskInstance: outcomes_dag.Extract scheduled__2023-11-01T00:00:00+00:00 [running]> on host e647c96745b0
[2023-11-23T03:40:31.389+0000] {taskinstance.py:1662} INFO - Exporting env vars: AIRFLOW_CTX_DAG_OWNER='***' AIRFLOW_CTX_DAG_ID='outcomes_dag' AIRFLOW_CTX_TASK_ID='Extract' AIRFLOW_CTX_EXECUTION_DATE='2023-11-01T00:00:00+00:00' AIRFLOW_CTX_TRY_NUMBER='1' AIRFLOW_CTX_DAG_RUN_ID='scheduled__2023-11-01T00:00:00+00:00'
[2023-11-23T03:40:33.141+0000] {logging_mixin.py:154} INFO - Data Deposited into Cloud Storage
[2023-11-23T03:40:33.198+0000] {python.py:194} INFO - Done. Returned value was: None
[2023-11-23T03:40:33.360+0000] {taskinstance.py:1400} INFO - Marking task as SUCCESS. dag_id=outcomes_dag, task_id=Extract, execution_date=20231101T000000, start_date=20231123T034029, end_date=20231123T034033
[2023-11-23T03:40:33.586+0000] {local_task_job_runner.py:228} INFO - Task exited with return code 0
