[2023-11-20T22:16:38.093+0000] {taskinstance.py:1159} INFO - Dependencies all met for dep_context=non-requeueable deps ti=<TaskInstance: outcomes_dag.step1 scheduled__2023-11-06T00:00:00+00:00 [queued]>
[2023-11-20T22:16:38.143+0000] {taskinstance.py:1159} INFO - Dependencies all met for dep_context=requeueable deps ti=<TaskInstance: outcomes_dag.step1 scheduled__2023-11-06T00:00:00+00:00 [queued]>
[2023-11-20T22:16:38.149+0000] {taskinstance.py:1361} INFO - Starting attempt 1 of 1
[2023-11-20T22:16:38.190+0000] {taskinstance.py:1382} INFO - Executing <Task(BashOperator): step1> on 2023-11-06 00:00:00+00:00
[2023-11-20T22:16:38.202+0000] {standard_task_runner.py:57} INFO - Started process 347 to run task
[2023-11-20T22:16:38.209+0000] {standard_task_runner.py:84} INFO - Running: ['***', 'tasks', 'run', 'outcomes_dag', 'step1', 'scheduled__2023-11-06T00:00:00+00:00', '--job-id', '16', '--raw', '--subdir', 'DAGS_FOLDER/outcomes_dag.py', '--cfg-path', '/tmp/tmpzktpo410']
[2023-11-20T22:16:38.218+0000] {standard_task_runner.py:85} INFO - Job 16: Subtask step1
[2023-11-20T22:16:38.389+0000] {task_command.py:416} INFO - Running <TaskInstance: outcomes_dag.step1 scheduled__2023-11-06T00:00:00+00:00 [running]> on host 323903d45442
[2023-11-20T22:16:38.598+0000] {taskinstance.py:1662} INFO - Exporting env vars: AIRFLOW_CTX_DAG_OWNER='***' AIRFLOW_CTX_DAG_ID='outcomes_dag' AIRFLOW_CTX_TASK_ID='step1' AIRFLOW_CTX_EXECUTION_DATE='2023-11-06T00:00:00+00:00' AIRFLOW_CTX_TRY_NUMBER='1' AIRFLOW_CTX_DAG_RUN_ID='scheduled__2023-11-06T00:00:00+00:00'
[2023-11-20T22:16:38.602+0000] {subprocess.py:63} INFO - Tmp dir root location: /tmp
[2023-11-20T22:16:38.616+0000] {subprocess.py:75} INFO - Running command: ['/bin/bash', '-c', 'echo 1']
[2023-11-20T22:16:38.641+0000] {subprocess.py:86} INFO - Output:
[2023-11-20T22:16:38.644+0000] {subprocess.py:93} INFO - 1
[2023-11-20T22:16:38.645+0000] {subprocess.py:97} INFO - Command exited with return code 0
[2023-11-20T22:16:38.722+0000] {taskinstance.py:1400} INFO - Marking task as SUCCESS. dag_id=outcomes_dag, task_id=step1, execution_date=20231106T000000, start_date=20231120T221638, end_date=20231120T221638
[2023-11-20T22:16:38.818+0000] {local_task_job_runner.py:228} INFO - Task exited with return code 0
[2023-11-20T22:16:38.869+0000] {taskinstance.py:2778} INFO - 0 downstream tasks scheduled from follow-on schedule check
[2023-11-21T01:20:16.871+0000] {taskinstance.py:1159} INFO - Dependencies all met for dep_context=non-requeueable deps ti=<TaskInstance: outcomes_dag.step1 scheduled__2023-11-06T00:00:00+00:00 [queued]>
[2023-11-21T01:20:17.044+0000] {taskinstance.py:1159} INFO - Dependencies all met for dep_context=requeueable deps ti=<TaskInstance: outcomes_dag.step1 scheduled__2023-11-06T00:00:00+00:00 [queued]>
[2023-11-21T01:20:17.044+0000] {taskinstance.py:1361} INFO - Starting attempt 1 of 1
[2023-11-21T01:20:17.101+0000] {taskinstance.py:1382} INFO - Executing <Task(BashOperator): step1> on 2023-11-06 00:00:00+00:00
[2023-11-21T01:20:17.177+0000] {standard_task_runner.py:57} INFO - Started process 107 to run task
[2023-11-21T01:20:17.359+0000] {standard_task_runner.py:84} INFO - Running: ['***', 'tasks', 'run', 'outcomes_dag', 'step1', 'scheduled__2023-11-06T00:00:00+00:00', '--job-id', '11', '--raw', '--subdir', 'DAGS_FOLDER/outcomes_dag.py', '--cfg-path', '/tmp/tmpk81jgxg7']
[2023-11-21T01:20:17.387+0000] {standard_task_runner.py:85} INFO - Job 11: Subtask step1
[2023-11-21T01:20:18.147+0000] {task_command.py:416} INFO - Running <TaskInstance: outcomes_dag.step1 scheduled__2023-11-06T00:00:00+00:00 [running]> on host f31a30014ab0
[2023-11-21T01:20:33.215+0000] {taskinstance.py:1662} INFO - Exporting env vars: AIRFLOW_CTX_DAG_OWNER='***' AIRFLOW_CTX_DAG_ID='outcomes_dag' AIRFLOW_CTX_TASK_ID='step1' AIRFLOW_CTX_EXECUTION_DATE='2023-11-06T00:00:00+00:00' AIRFLOW_CTX_TRY_NUMBER='1' AIRFLOW_CTX_DAG_RUN_ID='scheduled__2023-11-06T00:00:00+00:00'
[2023-11-21T01:20:33.236+0000] {subprocess.py:63} INFO - Tmp dir root location: /tmp
[2023-11-21T01:20:33.256+0000] {subprocess.py:75} INFO - Running command: ['/bin/bash', '-c', 'curl --create-dirs -o /opt/***/data/2023-11-06/downloads/outcomes_2023-11-06.json https://data.austintexas.gov/resource/9t4d-g238.json']
[2023-11-21T01:20:33.376+0000] {subprocess.py:86} INFO - Output:
[2023-11-21T01:20:33.408+0000] {subprocess.py:93} INFO -   % Total    % Received % Xferd  Average Speed   Time    Time     Time  Current
[2023-11-21T01:20:33.413+0000] {subprocess.py:93} INFO -                                  Dload  Upload   Total   Spent    Left  Speed
[2023-11-21T01:20:35.162+0000] {subprocess.py:93} INFO -   0     0    0     0    0     0      0      0 --:--:-- --:--:-- --:--:--     0100 15337    0 15337    0     0  22035      0 --:--:-- --:--:-- --:--:-- 22035100  222k    0  222k    0     0   131k      0 --:--:--  0:00:01 --:--:--  131k100  320k    0  320k    0     0   182k      0 --:--:--  0:00:01 --:--:--  182k
[2023-11-21T01:20:35.171+0000] {subprocess.py:97} INFO - Command exited with return code 0
[2023-11-21T01:20:35.454+0000] {taskinstance.py:1400} INFO - Marking task as SUCCESS. dag_id=outcomes_dag, task_id=step1, execution_date=20231106T000000, start_date=20231121T012016, end_date=20231121T012035
[2023-11-21T01:20:35.651+0000] {local_task_job_runner.py:228} INFO - Task exited with return code 0
[2023-11-21T01:20:35.900+0000] {taskinstance.py:2778} INFO - 1 downstream tasks scheduled from follow-on schedule check
[2023-11-21T02:36:07.814+0000] {taskinstance.py:1159} INFO - Dependencies all met for dep_context=non-requeueable deps ti=<TaskInstance: outcomes_dag.step1 scheduled__2023-11-06T00:00:00+00:00 [queued]>
[2023-11-21T02:36:07.864+0000] {taskinstance.py:1159} INFO - Dependencies all met for dep_context=requeueable deps ti=<TaskInstance: outcomes_dag.step1 scheduled__2023-11-06T00:00:00+00:00 [queued]>
[2023-11-21T02:36:07.866+0000] {taskinstance.py:1361} INFO - Starting attempt 1 of 1
[2023-11-21T02:36:07.916+0000] {taskinstance.py:1382} INFO - Executing <Task(BashOperator): step1> on 2023-11-06 00:00:00+00:00
[2023-11-21T02:36:07.967+0000] {standard_task_runner.py:57} INFO - Started process 104 to run task
[2023-11-21T02:36:07.981+0000] {standard_task_runner.py:84} INFO - Running: ['***', 'tasks', 'run', 'outcomes_dag', 'step1', 'scheduled__2023-11-06T00:00:00+00:00', '--job-id', '17', '--raw', '--subdir', 'DAGS_FOLDER/outcomes_dag.py', '--cfg-path', '/tmp/tmp90fhpiek']
[2023-11-21T02:36:07.991+0000] {standard_task_runner.py:85} INFO - Job 17: Subtask step1
[2023-11-21T02:36:08.247+0000] {task_command.py:416} INFO - Running <TaskInstance: outcomes_dag.step1 scheduled__2023-11-06T00:00:00+00:00 [running]> on host b875fa978b1e
[2023-11-21T02:36:14.602+0000] {taskinstance.py:1662} INFO - Exporting env vars: AIRFLOW_CTX_DAG_OWNER='***' AIRFLOW_CTX_DAG_ID='outcomes_dag' AIRFLOW_CTX_TASK_ID='step1' AIRFLOW_CTX_EXECUTION_DATE='2023-11-06T00:00:00+00:00' AIRFLOW_CTX_TRY_NUMBER='1' AIRFLOW_CTX_DAG_RUN_ID='scheduled__2023-11-06T00:00:00+00:00'
[2023-11-21T02:36:14.609+0000] {subprocess.py:63} INFO - Tmp dir root location: /tmp
[2023-11-21T02:36:14.610+0000] {subprocess.py:75} INFO - Running command: ['/bin/bash', '-c', 'curl --create-dirs -o /opt/***/data/2023-11-06/downloads/outcomes_2023-11-06.json https://data.austintexas.gov/resource/9t4d-g238.json']
[2023-11-21T02:36:14.687+0000] {subprocess.py:86} INFO - Output:
[2023-11-21T02:36:14.711+0000] {subprocess.py:93} INFO -   % Total    % Received % Xferd  Average Speed   Time    Time     Time  Current
[2023-11-21T02:36:14.712+0000] {subprocess.py:93} INFO -                                  Dload  Upload   Total   Spent    Left  Speed
[2023-11-21T02:36:15.982+0000] {subprocess.py:93} INFO -   0     0    0     0    0     0      0      0 --:--:-- --:--:-- --:--:--     0  0     0    0     0    0     0      0      0 --:--:-- --:--:-- --:--:--     0100  320k    0  320k    0     0   253k      0 --:--:--  0:00:01 --:--:--  253k
[2023-11-21T02:36:15.991+0000] {subprocess.py:97} INFO - Command exited with return code 0
[2023-11-21T02:36:16.254+0000] {taskinstance.py:1400} INFO - Marking task as SUCCESS. dag_id=outcomes_dag, task_id=step1, execution_date=20231106T000000, start_date=20231121T023607, end_date=20231121T023616
[2023-11-21T02:36:16.507+0000] {local_task_job_runner.py:228} INFO - Task exited with return code 0
[2023-11-21T02:36:16.828+0000] {taskinstance.py:2778} INFO - 0 downstream tasks scheduled from follow-on schedule check
