[2023-11-20T22:16:49.412+0000] {taskinstance.py:1159} INFO - Dependencies all met for dep_context=non-requeueable deps ti=<TaskInstance: outcomes_dag.step1 scheduled__2023-11-17T00:00:00+00:00 [queued]>
[2023-11-20T22:16:49.417+0000] {taskinstance.py:1159} INFO - Dependencies all met for dep_context=requeueable deps ti=<TaskInstance: outcomes_dag.step1 scheduled__2023-11-17T00:00:00+00:00 [queued]>
[2023-11-20T22:16:49.418+0000] {taskinstance.py:1361} INFO - Starting attempt 1 of 1
[2023-11-20T22:16:49.431+0000] {taskinstance.py:1382} INFO - Executing <Task(BashOperator): step1> on 2023-11-17 00:00:00+00:00
[2023-11-20T22:16:49.441+0000] {standard_task_runner.py:57} INFO - Started process 412 to run task
[2023-11-20T22:16:49.448+0000] {standard_task_runner.py:84} INFO - Running: ['***', 'tasks', 'run', 'outcomes_dag', 'step1', 'scheduled__2023-11-17T00:00:00+00:00', '--job-id', '38', '--raw', '--subdir', 'DAGS_FOLDER/outcomes_dag.py', '--cfg-path', '/tmp/tmp2mpy2h75']
[2023-11-20T22:16:49.451+0000] {standard_task_runner.py:85} INFO - Job 38: Subtask step1
[2023-11-20T22:16:49.535+0000] {task_command.py:416} INFO - Running <TaskInstance: outcomes_dag.step1 scheduled__2023-11-17T00:00:00+00:00 [running]> on host 323903d45442
[2023-11-20T22:16:49.631+0000] {taskinstance.py:1662} INFO - Exporting env vars: AIRFLOW_CTX_DAG_OWNER='***' AIRFLOW_CTX_DAG_ID='outcomes_dag' AIRFLOW_CTX_TASK_ID='step1' AIRFLOW_CTX_EXECUTION_DATE='2023-11-17T00:00:00+00:00' AIRFLOW_CTX_TRY_NUMBER='1' AIRFLOW_CTX_DAG_RUN_ID='scheduled__2023-11-17T00:00:00+00:00'
[2023-11-20T22:16:49.635+0000] {subprocess.py:63} INFO - Tmp dir root location: /tmp
[2023-11-20T22:16:49.636+0000] {subprocess.py:75} INFO - Running command: ['/bin/bash', '-c', 'echo 1']
[2023-11-20T22:16:49.653+0000] {subprocess.py:86} INFO - Output:
[2023-11-20T22:16:49.654+0000] {subprocess.py:93} INFO - 1
[2023-11-20T22:16:49.654+0000] {subprocess.py:97} INFO - Command exited with return code 0
[2023-11-20T22:16:49.695+0000] {taskinstance.py:1400} INFO - Marking task as SUCCESS. dag_id=outcomes_dag, task_id=step1, execution_date=20231117T000000, start_date=20231120T221649, end_date=20231120T221649
[2023-11-20T22:16:49.757+0000] {local_task_job_runner.py:228} INFO - Task exited with return code 0
[2023-11-20T22:16:49.776+0000] {taskinstance.py:2778} INFO - 0 downstream tasks scheduled from follow-on schedule check
[2023-11-21T01:21:03.018+0000] {taskinstance.py:1159} INFO - Dependencies all met for dep_context=non-requeueable deps ti=<TaskInstance: outcomes_dag.step1 scheduled__2023-11-17T00:00:00+00:00 [queued]>
[2023-11-21T01:21:03.137+0000] {taskinstance.py:1159} INFO - Dependencies all met for dep_context=requeueable deps ti=<TaskInstance: outcomes_dag.step1 scheduled__2023-11-17T00:00:00+00:00 [queued]>
[2023-11-21T01:21:03.143+0000] {taskinstance.py:1361} INFO - Starting attempt 1 of 1
[2023-11-21T01:21:03.281+0000] {taskinstance.py:1382} INFO - Executing <Task(BashOperator): step1> on 2023-11-17 00:00:00+00:00
[2023-11-21T01:21:03.382+0000] {standard_task_runner.py:57} INFO - Started process 243 to run task
[2023-11-21T01:21:03.417+0000] {standard_task_runner.py:84} INFO - Running: ['***', 'tasks', 'run', 'outcomes_dag', 'step1', 'scheduled__2023-11-17T00:00:00+00:00', '--job-id', '47', '--raw', '--subdir', 'DAGS_FOLDER/outcomes_dag.py', '--cfg-path', '/tmp/tmpbo1i_fx_']
[2023-11-21T01:21:03.484+0000] {standard_task_runner.py:85} INFO - Job 47: Subtask step1
[2023-11-21T01:21:04.182+0000] {task_command.py:416} INFO - Running <TaskInstance: outcomes_dag.step1 scheduled__2023-11-17T00:00:00+00:00 [running]> on host f31a30014ab0
[2023-11-21T01:21:12.996+0000] {taskinstance.py:1662} INFO - Exporting env vars: AIRFLOW_CTX_DAG_OWNER='***' AIRFLOW_CTX_DAG_ID='outcomes_dag' AIRFLOW_CTX_TASK_ID='step1' AIRFLOW_CTX_EXECUTION_DATE='2023-11-17T00:00:00+00:00' AIRFLOW_CTX_TRY_NUMBER='1' AIRFLOW_CTX_DAG_RUN_ID='scheduled__2023-11-17T00:00:00+00:00'
[2023-11-21T01:21:13.007+0000] {subprocess.py:63} INFO - Tmp dir root location: /tmp
[2023-11-21T01:21:13.011+0000] {subprocess.py:75} INFO - Running command: ['/bin/bash', '-c', 'curl --create-dirs -o /opt/***/data/2023-11-17/downloads/outcomes_2023-11-17.json https://data.austintexas.gov/resource/9t4d-g238.json']
[2023-11-21T01:21:13.164+0000] {subprocess.py:86} INFO - Output:
[2023-11-21T01:21:13.373+0000] {subprocess.py:93} INFO -   % Total    % Received % Xferd  Average Speed   Time    Time     Time  Current
[2023-11-21T01:21:13.374+0000] {subprocess.py:93} INFO -                                  Dload  Upload   Total   Spent    Left  Speed
[2023-11-21T01:21:14.651+0000] {subprocess.py:93} INFO -   0     0    0     0    0     0      0      0 --:--:-- --:--:-- --:--:--     0  0     0    0     0    0     0      0      0 --:--:-- --:--:-- --:--:--     0100  320k    0  320k    0     0   252k      0 --:--:--  0:00:01 --:--:--  252k
[2023-11-21T01:21:14.690+0000] {subprocess.py:97} INFO - Command exited with return code 0
[2023-11-21T01:21:14.997+0000] {taskinstance.py:1400} INFO - Marking task as SUCCESS. dag_id=outcomes_dag, task_id=step1, execution_date=20231117T000000, start_date=20231121T012103, end_date=20231121T012114
[2023-11-21T01:21:15.174+0000] {local_task_job_runner.py:228} INFO - Task exited with return code 0
[2023-11-21T01:21:15.355+0000] {taskinstance.py:2778} INFO - 1 downstream tasks scheduled from follow-on schedule check
[2023-11-21T02:36:32.296+0000] {taskinstance.py:1159} INFO - Dependencies all met for dep_context=non-requeueable deps ti=<TaskInstance: outcomes_dag.step1 scheduled__2023-11-17T00:00:00+00:00 [queued]>
[2023-11-21T02:36:32.318+0000] {taskinstance.py:1159} INFO - Dependencies all met for dep_context=requeueable deps ti=<TaskInstance: outcomes_dag.step1 scheduled__2023-11-17T00:00:00+00:00 [queued]>
[2023-11-21T02:36:32.319+0000] {taskinstance.py:1361} INFO - Starting attempt 1 of 1
[2023-11-21T02:36:32.342+0000] {taskinstance.py:1382} INFO - Executing <Task(BashOperator): step1> on 2023-11-17 00:00:00+00:00
[2023-11-21T02:36:32.348+0000] {standard_task_runner.py:57} INFO - Started process 294 to run task
[2023-11-21T02:36:32.356+0000] {standard_task_runner.py:84} INFO - Running: ['***', 'tasks', 'run', 'outcomes_dag', 'step1', 'scheduled__2023-11-17T00:00:00+00:00', '--job-id', '53', '--raw', '--subdir', 'DAGS_FOLDER/outcomes_dag.py', '--cfg-path', '/tmp/tmplu7qbi03']
[2023-11-21T02:36:32.364+0000] {standard_task_runner.py:85} INFO - Job 53: Subtask step1
[2023-11-21T02:36:32.540+0000] {task_command.py:416} INFO - Running <TaskInstance: outcomes_dag.step1 scheduled__2023-11-17T00:00:00+00:00 [running]> on host b875fa978b1e
[2023-11-21T02:36:34.142+0000] {taskinstance.py:1662} INFO - Exporting env vars: AIRFLOW_CTX_DAG_OWNER='***' AIRFLOW_CTX_DAG_ID='outcomes_dag' AIRFLOW_CTX_TASK_ID='step1' AIRFLOW_CTX_EXECUTION_DATE='2023-11-17T00:00:00+00:00' AIRFLOW_CTX_TRY_NUMBER='1' AIRFLOW_CTX_DAG_RUN_ID='scheduled__2023-11-17T00:00:00+00:00'
[2023-11-21T02:36:34.145+0000] {subprocess.py:63} INFO - Tmp dir root location: /tmp
[2023-11-21T02:36:34.146+0000] {subprocess.py:75} INFO - Running command: ['/bin/bash', '-c', 'curl --create-dirs -o /opt/***/data/2023-11-17/downloads/outcomes_2023-11-17.json https://data.austintexas.gov/resource/9t4d-g238.json']
[2023-11-21T02:36:34.173+0000] {subprocess.py:86} INFO - Output:
[2023-11-21T02:36:34.185+0000] {subprocess.py:93} INFO -   % Total    % Received % Xferd  Average Speed   Time    Time     Time  Current
[2023-11-21T02:36:34.186+0000] {subprocess.py:93} INFO -                                  Dload  Upload   Total   Spent    Left  Speed
[2023-11-21T02:36:35.204+0000] {subprocess.py:93} INFO -   0     0    0     0    0     0      0      0 --:--:-- --:--:-- --:--:--     0  0     0    0     0    0     0      0      0 --:--:-- --:--:-- --:--:--     0100  320k    0  320k    0     0   314k      0 --:--:--  0:00:01 --:--:--  314k
[2023-11-21T02:36:35.207+0000] {subprocess.py:97} INFO - Command exited with return code 0
[2023-11-21T02:36:35.250+0000] {taskinstance.py:1400} INFO - Marking task as SUCCESS. dag_id=outcomes_dag, task_id=step1, execution_date=20231117T000000, start_date=20231121T023632, end_date=20231121T023635
[2023-11-21T02:36:35.309+0000] {local_task_job_runner.py:228} INFO - Task exited with return code 0
[2023-11-21T02:36:35.355+0000] {taskinstance.py:2778} INFO - 1 downstream tasks scheduled from follow-on schedule check
[2023-11-21T03:16:08.880+0000] {taskinstance.py:1159} INFO - Dependencies all met for dep_context=non-requeueable deps ti=<TaskInstance: outcomes_dag.step1 scheduled__2023-11-17T00:00:00+00:00 [queued]>
[2023-11-21T03:16:08.913+0000] {taskinstance.py:1159} INFO - Dependencies all met for dep_context=requeueable deps ti=<TaskInstance: outcomes_dag.step1 scheduled__2023-11-17T00:00:00+00:00 [queued]>
[2023-11-21T03:16:08.919+0000] {taskinstance.py:1361} INFO - Starting attempt 1 of 1
[2023-11-21T03:16:08.940+0000] {taskinstance.py:1382} INFO - Executing <Task(BashOperator): step1> on 2023-11-17 00:00:00+00:00
[2023-11-21T03:16:08.949+0000] {standard_task_runner.py:57} INFO - Started process 76 to run task
[2023-11-21T03:16:09.005+0000] {standard_task_runner.py:84} INFO - Running: ['***', 'tasks', 'run', 'outcomes_dag', 'step1', 'scheduled__2023-11-17T00:00:00+00:00', '--job-id', '7', '--raw', '--subdir', 'DAGS_FOLDER/outcomes_dag.py', '--cfg-path', '/tmp/tmppkdlpplo']
[2023-11-21T03:16:09.030+0000] {standard_task_runner.py:85} INFO - Job 7: Subtask step1
[2023-11-21T03:16:09.261+0000] {task_command.py:416} INFO - Running <TaskInstance: outcomes_dag.step1 scheduled__2023-11-17T00:00:00+00:00 [running]> on host 33d8c5494200
[2023-11-21T03:16:10.305+0000] {taskinstance.py:1662} INFO - Exporting env vars: AIRFLOW_CTX_DAG_OWNER='***' AIRFLOW_CTX_DAG_ID='outcomes_dag' AIRFLOW_CTX_TASK_ID='step1' AIRFLOW_CTX_EXECUTION_DATE='2023-11-17T00:00:00+00:00' AIRFLOW_CTX_TRY_NUMBER='1' AIRFLOW_CTX_DAG_RUN_ID='scheduled__2023-11-17T00:00:00+00:00'
[2023-11-21T03:16:10.306+0000] {subprocess.py:63} INFO - Tmp dir root location: /tmp
[2023-11-21T03:16:10.306+0000] {subprocess.py:75} INFO - Running command: ['/bin/bash', '-c', 'curl --create-dirs -o /opt/***/data/2023-11-17/downloads/outcomes_2023-11-17.json https://data.austintexas.gov/resource/9t4d-g238.json']
[2023-11-21T03:16:10.330+0000] {subprocess.py:86} INFO - Output:
[2023-11-21T03:16:10.340+0000] {subprocess.py:93} INFO -   % Total    % Received % Xferd  Average Speed   Time    Time     Time  Current
[2023-11-21T03:16:10.341+0000] {subprocess.py:93} INFO -                                  Dload  Upload   Total   Spent    Left  Speed
[2023-11-21T03:16:11.428+0000] {subprocess.py:93} INFO -   0     0    0     0    0     0      0      0 --:--:-- --:--:-- --:--:--     0100 31721    0 31721    0     0  34554      0 --:--:-- --:--:-- --:--:-- 34516100  320k    0  320k    0     0   295k      0 --:--:--  0:00:01 --:--:--  295k
[2023-11-21T03:16:11.432+0000] {subprocess.py:97} INFO - Command exited with return code 0
[2023-11-21T03:16:11.508+0000] {taskinstance.py:1400} INFO - Marking task as SUCCESS. dag_id=outcomes_dag, task_id=step1, execution_date=20231117T000000, start_date=20231121T031608, end_date=20231121T031611
[2023-11-21T03:16:11.560+0000] {local_task_job_runner.py:228} INFO - Task exited with return code 0
[2023-11-21T03:16:11.651+0000] {taskinstance.py:2778} INFO - 1 downstream tasks scheduled from follow-on schedule check
