[2023-11-21T01:20:20.768+0000] {taskinstance.py:1159} INFO - Dependencies all met for dep_context=non-requeueable deps ti=<TaskInstance: outcomes_dag.load scheduled__2023-11-07T00:00:00+00:00 [queued]>
[2023-11-21T01:20:20.909+0000] {taskinstance.py:1159} INFO - Dependencies all met for dep_context=requeueable deps ti=<TaskInstance: outcomes_dag.load scheduled__2023-11-07T00:00:00+00:00 [queued]>
[2023-11-21T01:20:20.910+0000] {taskinstance.py:1361} INFO - Starting attempt 1 of 1
[2023-11-21T01:20:20.991+0000] {taskinstance.py:1382} INFO - Executing <Task(PythonOperator): load> on 2023-11-07 00:00:00+00:00
[2023-11-21T01:20:21.219+0000] {standard_task_runner.py:57} INFO - Started process 112 to run task
[2023-11-21T01:20:21.230+0000] {standard_task_runner.py:84} INFO - Running: ['***', 'tasks', 'run', 'outcomes_dag', 'load', 'scheduled__2023-11-07T00:00:00+00:00', '--job-id', '17', '--raw', '--subdir', 'DAGS_FOLDER/outcomes_dag.py', '--cfg-path', '/tmp/tmpki7pw8ic']
[2023-11-21T01:20:21.242+0000] {standard_task_runner.py:85} INFO - Job 17: Subtask load
[2023-11-21T01:20:21.592+0000] {task_command.py:416} INFO - Running <TaskInstance: outcomes_dag.load scheduled__2023-11-07T00:00:00+00:00 [running]> on host f31a30014ab0
[2023-11-21T01:20:34.544+0000] {taskinstance.py:1662} INFO - Exporting env vars: AIRFLOW_CTX_DAG_OWNER='***' AIRFLOW_CTX_DAG_ID='outcomes_dag' AIRFLOW_CTX_TASK_ID='load' AIRFLOW_CTX_EXECUTION_DATE='2023-11-07T00:00:00+00:00' AIRFLOW_CTX_TRY_NUMBER='1' AIRFLOW_CTX_DAG_RUN_ID='scheduled__2023-11-07T00:00:00+00:00'
[2023-11-21T01:20:34.784+0000] {taskinstance.py:1937} ERROR - Task failed with exception
Traceback (most recent call last):
  File "/home/airflow/.local/lib/python3.8/site-packages/airflow/operators/python.py", line 192, in execute
    return_value = self.execute_callable()
  File "/home/airflow/.local/lib/python3.8/site-packages/airflow/operators/python.py", line 209, in execute_callable
    return self.python_callable(*self.op_args, **self.op_kwargs)
  File "/opt/airflow/dags/ETL/load.py", line 11, in load_data
    data_to_staging(filename, engine)
  File "/opt/airflow/dags/ETL/load.py", line 19, in data_to_staging
    data = pd.read_parquet(filename)
  File "/home/airflow/.local/lib/python3.8/site-packages/pandas/io/parquet.py", line 509, in read_parquet
    return impl.read(
  File "/home/airflow/.local/lib/python3.8/site-packages/pandas/io/parquet.py", line 220, in read
    path_or_handle, handles, kwargs["filesystem"] = _get_path_or_handle(
  File "/home/airflow/.local/lib/python3.8/site-packages/pandas/io/parquet.py", line 110, in _get_path_or_handle
    handles = get_handle(
  File "/home/airflow/.local/lib/python3.8/site-packages/pandas/io/common.py", line 868, in get_handle
    handle = open(handle, ioargs.mode)
FileNotFoundError: [Errno 2] No such file or directory: '/opt/airflow/data/2023-11-07/processed/transformed_shelter_data.parquet'
[2023-11-21T01:20:34.860+0000] {taskinstance.py:1400} INFO - Marking task as FAILED. dag_id=outcomes_dag, task_id=load, execution_date=20231107T000000, start_date=20231121T012020, end_date=20231121T012034
[2023-11-21T01:20:35.074+0000] {standard_task_runner.py:104} ERROR - Failed to execute job 17 for task load ([Errno 2] No such file or directory: '/opt/airflow/data/2023-11-07/processed/transformed_shelter_data.parquet'; 112)
[2023-11-21T01:20:35.161+0000] {local_task_job_runner.py:228} INFO - Task exited with return code 1
[2023-11-21T01:20:35.401+0000] {taskinstance.py:2778} INFO - 0 downstream tasks scheduled from follow-on schedule check
[2023-11-21T02:36:07.065+0000] {taskinstance.py:1159} INFO - Dependencies all met for dep_context=non-requeueable deps ti=<TaskInstance: outcomes_dag.load scheduled__2023-11-07T00:00:00+00:00 [queued]>
[2023-11-21T02:36:07.124+0000] {taskinstance.py:1159} INFO - Dependencies all met for dep_context=requeueable deps ti=<TaskInstance: outcomes_dag.load scheduled__2023-11-07T00:00:00+00:00 [queued]>
[2023-11-21T02:36:07.124+0000] {taskinstance.py:1361} INFO - Starting attempt 1 of 1
[2023-11-21T02:36:07.172+0000] {taskinstance.py:1382} INFO - Executing <Task(PythonOperator): load> on 2023-11-07 00:00:00+00:00
[2023-11-21T02:36:07.295+0000] {standard_task_runner.py:57} INFO - Started process 103 to run task
[2023-11-21T02:36:07.404+0000] {standard_task_runner.py:84} INFO - Running: ['***', 'tasks', 'run', 'outcomes_dag', 'load', 'scheduled__2023-11-07T00:00:00+00:00', '--job-id', '16', '--raw', '--subdir', 'DAGS_FOLDER/outcomes_dag.py', '--cfg-path', '/tmp/tmppv9p747b']
[2023-11-21T02:36:07.511+0000] {standard_task_runner.py:85} INFO - Job 16: Subtask load
[2023-11-21T02:36:08.037+0000] {task_command.py:416} INFO - Running <TaskInstance: outcomes_dag.load scheduled__2023-11-07T00:00:00+00:00 [running]> on host b875fa978b1e
[2023-11-21T02:36:14.683+0000] {taskinstance.py:1662} INFO - Exporting env vars: AIRFLOW_CTX_DAG_OWNER='***' AIRFLOW_CTX_DAG_ID='outcomes_dag' AIRFLOW_CTX_TASK_ID='load' AIRFLOW_CTX_EXECUTION_DATE='2023-11-07T00:00:00+00:00' AIRFLOW_CTX_TRY_NUMBER='1' AIRFLOW_CTX_DAG_RUN_ID='scheduled__2023-11-07T00:00:00+00:00'
[2023-11-21T02:36:14.813+0000] {taskinstance.py:1937} ERROR - Task failed with exception
Traceback (most recent call last):
  File "/home/airflow/.local/lib/python3.8/site-packages/airflow/operators/python.py", line 192, in execute
    return_value = self.execute_callable()
  File "/home/airflow/.local/lib/python3.8/site-packages/airflow/operators/python.py", line 209, in execute_callable
    return self.python_callable(*self.op_args, **self.op_kwargs)
  File "/opt/airflow/dags/ETL/load.py", line 11, in load_data
    data_to_staging(filename, engine)
  File "/opt/airflow/dags/ETL/load.py", line 19, in data_to_staging
    data = pd.read_parquet(filename)
  File "/home/airflow/.local/lib/python3.8/site-packages/pandas/io/parquet.py", line 509, in read_parquet
    return impl.read(
  File "/home/airflow/.local/lib/python3.8/site-packages/pandas/io/parquet.py", line 220, in read
    path_or_handle, handles, kwargs["filesystem"] = _get_path_or_handle(
  File "/home/airflow/.local/lib/python3.8/site-packages/pandas/io/parquet.py", line 110, in _get_path_or_handle
    handles = get_handle(
  File "/home/airflow/.local/lib/python3.8/site-packages/pandas/io/common.py", line 868, in get_handle
    handle = open(handle, ioargs.mode)
FileNotFoundError: [Errno 2] No such file or directory: '/opt/airflow/data/2023-11-07/processed/transformed_shelter_data.parquet'
[2023-11-21T02:36:14.860+0000] {taskinstance.py:1400} INFO - Marking task as FAILED. dag_id=outcomes_dag, task_id=load, execution_date=20231107T000000, start_date=20231121T023607, end_date=20231121T023614
[2023-11-21T02:36:14.977+0000] {standard_task_runner.py:104} ERROR - Failed to execute job 16 for task load ([Errno 2] No such file or directory: '/opt/airflow/data/2023-11-07/processed/transformed_shelter_data.parquet'; 103)
[2023-11-21T02:36:15.146+0000] {local_task_job_runner.py:228} INFO - Task exited with return code 1
[2023-11-21T02:36:15.391+0000] {taskinstance.py:2778} INFO - 0 downstream tasks scheduled from follow-on schedule check
[2023-11-22T07:54:07.051+0000] {taskinstance.py:1159} INFO - Dependencies all met for dep_context=non-requeueable deps ti=<TaskInstance: outcomes_dag.Load scheduled__2023-11-07T00:00:00+00:00 [queued]>
[2023-11-22T07:54:07.100+0000] {taskinstance.py:1159} INFO - Dependencies all met for dep_context=requeueable deps ti=<TaskInstance: outcomes_dag.Load scheduled__2023-11-07T00:00:00+00:00 [queued]>
[2023-11-22T07:54:07.101+0000] {taskinstance.py:1361} INFO - Starting attempt 1 of 4
[2023-11-22T07:54:07.139+0000] {taskinstance.py:1382} INFO - Executing <Task(PythonOperator): Load> on 2023-11-07 00:00:00+00:00
[2023-11-22T07:54:07.184+0000] {standard_task_runner.py:57} INFO - Started process 365 to run task
[2023-11-22T07:54:07.245+0000] {standard_task_runner.py:84} INFO - Running: ['***', 'tasks', 'run', 'outcomes_dag', 'Load', 'scheduled__2023-11-07T00:00:00+00:00', '--job-id', '43', '--raw', '--subdir', 'DAGS_FOLDER/outcomes_dag.py', '--cfg-path', '/tmp/tmphr_pa0dr']
[2023-11-22T07:54:07.305+0000] {standard_task_runner.py:85} INFO - Job 43: Subtask Load
[2023-11-22T07:54:07.677+0000] {task_command.py:416} INFO - Running <TaskInstance: outcomes_dag.Load scheduled__2023-11-07T00:00:00+00:00 [running]> on host 6318e996d951
[2023-11-22T07:54:07.887+0000] {taskinstance.py:1662} INFO - Exporting env vars: AIRFLOW_CTX_DAG_OWNER='***' AIRFLOW_CTX_DAG_ID='outcomes_dag' AIRFLOW_CTX_TASK_ID='Load' AIRFLOW_CTX_EXECUTION_DATE='2023-11-07T00:00:00+00:00' AIRFLOW_CTX_TRY_NUMBER='1' AIRFLOW_CTX_DAG_RUN_ID='scheduled__2023-11-07T00:00:00+00:00'
[2023-11-22T07:54:07.890+0000] {logging_mixin.py:154} INFO - Getting data from Cloud Storage
[2023-11-22T07:54:10.504+0000] {logging_mixin.py:154} INFO - Data is in Staging Table...
[2023-11-22T07:54:10.532+0000] {python.py:194} INFO - Done. Returned value was: None
[2023-11-22T07:54:10.636+0000] {taskinstance.py:1400} INFO - Marking task as SUCCESS. dag_id=outcomes_dag, task_id=Load, execution_date=20231107T000000, start_date=20231122T075407, end_date=20231122T075410
[2023-11-22T07:54:10.878+0000] {local_task_job_runner.py:228} INFO - Task exited with return code 0
[2023-11-23T01:49:39.193+0000] {taskinstance.py:1159} INFO - Dependencies all met for dep_context=non-requeueable deps ti=<TaskInstance: outcomes_dag.Load scheduled__2023-11-07T00:00:00+00:00 [queued]>
[2023-11-23T01:49:39.231+0000] {taskinstance.py:1159} INFO - Dependencies all met for dep_context=requeueable deps ti=<TaskInstance: outcomes_dag.Load scheduled__2023-11-07T00:00:00+00:00 [queued]>
[2023-11-23T01:49:39.238+0000] {taskinstance.py:1361} INFO - Starting attempt 1 of 4
[2023-11-23T01:49:39.272+0000] {taskinstance.py:1382} INFO - Executing <Task(PythonOperator): Load> on 2023-11-07 00:00:00+00:00
[2023-11-23T01:49:39.281+0000] {standard_task_runner.py:57} INFO - Started process 195 to run task
[2023-11-23T01:49:39.287+0000] {standard_task_runner.py:84} INFO - Running: ['***', 'tasks', 'run', 'outcomes_dag', 'Load', 'scheduled__2023-11-07T00:00:00+00:00', '--job-id', '38', '--raw', '--subdir', 'DAGS_FOLDER/outcomes_dag.py', '--cfg-path', '/tmp/tmp_famlxsr']
[2023-11-23T01:49:39.313+0000] {standard_task_runner.py:85} INFO - Job 38: Subtask Load
[2023-11-23T01:49:39.547+0000] {task_command.py:416} INFO - Running <TaskInstance: outcomes_dag.Load scheduled__2023-11-07T00:00:00+00:00 [running]> on host d15d3caa5b00
[2023-11-23T01:49:39.742+0000] {taskinstance.py:1662} INFO - Exporting env vars: AIRFLOW_CTX_DAG_OWNER='***' AIRFLOW_CTX_DAG_ID='outcomes_dag' AIRFLOW_CTX_TASK_ID='Load' AIRFLOW_CTX_EXECUTION_DATE='2023-11-07T00:00:00+00:00' AIRFLOW_CTX_TRY_NUMBER='1' AIRFLOW_CTX_DAG_RUN_ID='scheduled__2023-11-07T00:00:00+00:00'
[2023-11-23T01:49:39.745+0000] {logging_mixin.py:154} INFO - Getting data from Cloud Storage
[2023-11-23T01:49:40.906+0000] {logging_mixin.py:154} INFO - Data is in Staging Table...
[2023-11-23T01:49:40.912+0000] {python.py:194} INFO - Done. Returned value was: None
[2023-11-23T01:49:40.958+0000] {taskinstance.py:1400} INFO - Marking task as SUCCESS. dag_id=outcomes_dag, task_id=Load, execution_date=20231107T000000, start_date=20231123T014939, end_date=20231123T014940
[2023-11-23T01:49:41.223+0000] {local_task_job_runner.py:228} INFO - Task exited with return code 0
[2023-11-23T03:40:49.657+0000] {taskinstance.py:1159} INFO - Dependencies all met for dep_context=non-requeueable deps ti=<TaskInstance: outcomes_dag.Load scheduled__2023-11-07T00:00:00+00:00 [queued]>
[2023-11-23T03:40:49.678+0000] {taskinstance.py:1159} INFO - Dependencies all met for dep_context=requeueable deps ti=<TaskInstance: outcomes_dag.Load scheduled__2023-11-07T00:00:00+00:00 [queued]>
[2023-11-23T03:40:49.681+0000] {taskinstance.py:1361} INFO - Starting attempt 1 of 4
[2023-11-23T03:40:49.719+0000] {taskinstance.py:1382} INFO - Executing <Task(PythonOperator): Load> on 2023-11-07 00:00:00+00:00
[2023-11-23T03:40:49.782+0000] {standard_task_runner.py:57} INFO - Started process 190 to run task
[2023-11-23T03:40:49.811+0000] {standard_task_runner.py:84} INFO - Running: ['***', 'tasks', 'run', 'outcomes_dag', 'Load', 'scheduled__2023-11-07T00:00:00+00:00', '--job-id', '39', '--raw', '--subdir', 'DAGS_FOLDER/outcomes_dag.py', '--cfg-path', '/tmp/tmpt7mvh2oz']
[2023-11-23T03:40:49.878+0000] {standard_task_runner.py:85} INFO - Job 39: Subtask Load
[2023-11-23T03:40:50.144+0000] {task_command.py:416} INFO - Running <TaskInstance: outcomes_dag.Load scheduled__2023-11-07T00:00:00+00:00 [running]> on host e647c96745b0
[2023-11-23T03:40:50.432+0000] {taskinstance.py:1662} INFO - Exporting env vars: AIRFLOW_CTX_DAG_OWNER='***' AIRFLOW_CTX_DAG_ID='outcomes_dag' AIRFLOW_CTX_TASK_ID='Load' AIRFLOW_CTX_EXECUTION_DATE='2023-11-07T00:00:00+00:00' AIRFLOW_CTX_TRY_NUMBER='1' AIRFLOW_CTX_DAG_RUN_ID='scheduled__2023-11-07T00:00:00+00:00'
[2023-11-23T03:40:50.467+0000] {logging_mixin.py:154} INFO - Getting data from Cloud Storage
[2023-11-23T03:40:52.188+0000] {logging_mixin.py:154} INFO - Data is in Staging Area...
[2023-11-23T03:40:52.196+0000] {python.py:194} INFO - Done. Returned value was: None
[2023-11-23T03:40:52.270+0000] {taskinstance.py:1400} INFO - Marking task as SUCCESS. dag_id=outcomes_dag, task_id=Load, execution_date=20231107T000000, start_date=20231123T034049, end_date=20231123T034052
[2023-11-23T03:40:52.390+0000] {local_task_job_runner.py:228} INFO - Task exited with return code 0
