[2023-11-22T23:06:43.072+0000] {taskinstance.py:1159} INFO - Dependencies all met for dep_context=non-requeueable deps ti=<TaskInstance: outcomes_dag.Load_to_staging scheduled__2023-11-19T00:00:00+00:00 [queued]>
[2023-11-22T23:06:43.076+0000] {taskinstance.py:1159} INFO - Dependencies all met for dep_context=requeueable deps ti=<TaskInstance: outcomes_dag.Load_to_staging scheduled__2023-11-19T00:00:00+00:00 [queued]>
[2023-11-22T23:06:43.076+0000] {taskinstance.py:1361} INFO - Starting attempt 4 of 4
[2023-11-22T23:06:43.082+0000] {taskinstance.py:1382} INFO - Executing <Task(PythonOperator): Load_to_staging> on 2023-11-19 00:00:00+00:00
[2023-11-22T23:06:43.086+0000] {standard_task_runner.py:57} INFO - Started process 607 to run task
[2023-11-22T23:06:43.089+0000] {standard_task_runner.py:84} INFO - Running: ['***', 'tasks', 'run', 'outcomes_dag', 'Load_to_staging', 'scheduled__2023-11-19T00:00:00+00:00', '--job-id', '150', '--raw', '--subdir', 'DAGS_FOLDER/outcomes_dag.py', '--cfg-path', '/tmp/tmpa91kyp9q']
[2023-11-22T23:06:43.091+0000] {standard_task_runner.py:85} INFO - Job 150: Subtask Load_to_staging
[2023-11-22T23:06:43.126+0000] {task_command.py:416} INFO - Running <TaskInstance: outcomes_dag.Load_to_staging scheduled__2023-11-19T00:00:00+00:00 [running]> on host 4b2f5af281f8
[2023-11-22T23:06:43.179+0000] {taskinstance.py:1662} INFO - Exporting env vars: AIRFLOW_CTX_DAG_OWNER='***' AIRFLOW_CTX_DAG_ID='outcomes_dag' AIRFLOW_CTX_TASK_ID='Load_to_staging' AIRFLOW_CTX_EXECUTION_DATE='2023-11-19T00:00:00+00:00' AIRFLOW_CTX_TRY_NUMBER='4' AIRFLOW_CTX_DAG_RUN_ID='scheduled__2023-11-19T00:00:00+00:00'
[2023-11-22T23:06:43.810+0000] {taskinstance.py:1937} ERROR - Task failed with exception
Traceback (most recent call last):
  File "/home/airflow/.local/lib/python3.8/site-packages/airflow/operators/python.py", line 192, in execute
    return_value = self.execute_callable()
  File "/home/airflow/.local/lib/python3.8/site-packages/airflow/operators/python.py", line 209, in execute_callable
    return self.python_callable(*self.op_args, **self.op_kwargs)
  File "/opt/airflow/dags/ETL/load.py", line 33, in data_to_staging
    load_job.result()  # Wait for the job to complete
  File "/home/airflow/.local/lib/python3.8/site-packages/google/cloud/bigquery/job/base.py", line 922, in result
    return super(_AsyncJob, self).result(timeout=timeout, **kwargs)
  File "/home/airflow/.local/lib/python3.8/site-packages/google/api_core/future/polling.py", line 261, in result
    raise self._exception
google.api_core.exceptions.BadRequest: 400 No schema specified on job or table.
[2023-11-22T23:06:43.830+0000] {taskinstance.py:1400} INFO - Marking task as FAILED. dag_id=outcomes_dag, task_id=Load_to_staging, execution_date=20231119T000000, start_date=20231122T230643, end_date=20231122T230643
[2023-11-22T23:06:43.844+0000] {standard_task_runner.py:104} ERROR - Failed to execute job 150 for task Load_to_staging (400 No schema specified on job or table.; 607)
[2023-11-22T23:06:43.875+0000] {local_task_job_runner.py:228} INFO - Task exited with return code 1
[2023-11-22T23:49:51.138+0000] {taskinstance.py:1159} INFO - Dependencies all met for dep_context=non-requeueable deps ti=<TaskInstance: outcomes_dag.Load_to_staging scheduled__2023-11-19T00:00:00+00:00 [queued]>
[2023-11-22T23:49:51.145+0000] {taskinstance.py:1159} INFO - Dependencies all met for dep_context=requeueable deps ti=<TaskInstance: outcomes_dag.Load_to_staging scheduled__2023-11-19T00:00:00+00:00 [queued]>
[2023-11-22T23:49:51.145+0000] {taskinstance.py:1361} INFO - Starting attempt 4 of 4
[2023-11-22T23:49:51.152+0000] {taskinstance.py:1382} INFO - Executing <Task(PythonOperator): Load_to_staging> on 2023-11-19 00:00:00+00:00
[2023-11-22T23:49:51.160+0000] {standard_task_runner.py:57} INFO - Started process 563 to run task
[2023-11-22T23:49:51.164+0000] {standard_task_runner.py:84} INFO - Running: ['***', 'tasks', 'run', 'outcomes_dag', 'Load_to_staging', 'scheduled__2023-11-19T00:00:00+00:00', '--job-id', '138', '--raw', '--subdir', 'DAGS_FOLDER/outcomes_dag.py', '--cfg-path', '/tmp/tmp_aba5ajs']
[2023-11-22T23:49:51.167+0000] {standard_task_runner.py:85} INFO - Job 138: Subtask Load_to_staging
[2023-11-22T23:49:51.227+0000] {task_command.py:416} INFO - Running <TaskInstance: outcomes_dag.Load_to_staging scheduled__2023-11-19T00:00:00+00:00 [running]> on host 371cae71aa63
[2023-11-22T23:49:51.298+0000] {taskinstance.py:1662} INFO - Exporting env vars: AIRFLOW_CTX_DAG_OWNER='***' AIRFLOW_CTX_DAG_ID='outcomes_dag' AIRFLOW_CTX_TASK_ID='Load_to_staging' AIRFLOW_CTX_EXECUTION_DATE='2023-11-19T00:00:00+00:00' AIRFLOW_CTX_TRY_NUMBER='4' AIRFLOW_CTX_DAG_RUN_ID='scheduled__2023-11-19T00:00:00+00:00'
[2023-11-22T23:49:51.786+0000] {taskinstance.py:1937} ERROR - Task failed with exception
Traceback (most recent call last):
  File "/home/airflow/.local/lib/python3.8/site-packages/airflow/operators/python.py", line 192, in execute
    return_value = self.execute_callable()
  File "/home/airflow/.local/lib/python3.8/site-packages/airflow/operators/python.py", line 209, in execute_callable
    return self.python_callable(*self.op_args, **self.op_kwargs)
  File "/opt/airflow/dags/ETL/load.py", line 33, in data_to_staging
    load_job.result()  # Wait for the job to complete
  File "/home/airflow/.local/lib/python3.8/site-packages/google/cloud/bigquery/job/base.py", line 922, in result
    return super(_AsyncJob, self).result(timeout=timeout, **kwargs)
  File "/home/airflow/.local/lib/python3.8/site-packages/google/api_core/future/polling.py", line 261, in result
    raise self._exception
google.api_core.exceptions.BadRequest: 400 No schema specified on job or table.
[2023-11-22T23:49:51.820+0000] {taskinstance.py:1400} INFO - Marking task as FAILED. dag_id=outcomes_dag, task_id=Load_to_staging, execution_date=20231119T000000, start_date=20231122T234951, end_date=20231122T234951
[2023-11-22T23:49:51.834+0000] {standard_task_runner.py:104} ERROR - Failed to execute job 138 for task Load_to_staging (400 No schema specified on job or table.; 563)
[2023-11-22T23:49:51.871+0000] {local_task_job_runner.py:228} INFO - Task exited with return code 1
[2023-11-23T00:46:23.460+0000] {taskinstance.py:1159} INFO - Dependencies all met for dep_context=non-requeueable deps ti=<TaskInstance: outcomes_dag.Load_to_staging scheduled__2023-11-19T00:00:00+00:00 [queued]>
[2023-11-23T00:46:23.465+0000] {taskinstance.py:1159} INFO - Dependencies all met for dep_context=requeueable deps ti=<TaskInstance: outcomes_dag.Load_to_staging scheduled__2023-11-19T00:00:00+00:00 [queued]>
[2023-11-23T00:46:23.465+0000] {taskinstance.py:1361} INFO - Starting attempt 4 of 4
[2023-11-23T00:46:23.472+0000] {taskinstance.py:1382} INFO - Executing <Task(PythonOperator): Load_to_staging> on 2023-11-19 00:00:00+00:00
[2023-11-23T00:46:23.478+0000] {standard_task_runner.py:57} INFO - Started process 633 to run task
[2023-11-23T00:46:23.481+0000] {standard_task_runner.py:84} INFO - Running: ['***', 'tasks', 'run', 'outcomes_dag', 'Load_to_staging', 'scheduled__2023-11-19T00:00:00+00:00', '--job-id', '155', '--raw', '--subdir', 'DAGS_FOLDER/outcomes_dag.py', '--cfg-path', '/tmp/tmpayw7om_d']
[2023-11-23T00:46:23.484+0000] {standard_task_runner.py:85} INFO - Job 155: Subtask Load_to_staging
[2023-11-23T00:46:23.551+0000] {task_command.py:416} INFO - Running <TaskInstance: outcomes_dag.Load_to_staging scheduled__2023-11-19T00:00:00+00:00 [running]> on host 75913536581a
[2023-11-23T00:46:23.622+0000] {taskinstance.py:1662} INFO - Exporting env vars: AIRFLOW_CTX_DAG_OWNER='***' AIRFLOW_CTX_DAG_ID='outcomes_dag' AIRFLOW_CTX_TASK_ID='Load_to_staging' AIRFLOW_CTX_EXECUTION_DATE='2023-11-19T00:00:00+00:00' AIRFLOW_CTX_TRY_NUMBER='4' AIRFLOW_CTX_DAG_RUN_ID='scheduled__2023-11-19T00:00:00+00:00'
[2023-11-23T00:46:24.238+0000] {taskinstance.py:1937} ERROR - Task failed with exception
Traceback (most recent call last):
  File "/home/airflow/.local/lib/python3.8/site-packages/airflow/operators/python.py", line 192, in execute
    return_value = self.execute_callable()
  File "/home/airflow/.local/lib/python3.8/site-packages/airflow/operators/python.py", line 209, in execute_callable
    return self.python_callable(*self.op_args, **self.op_kwargs)
  File "/opt/airflow/dags/ETL/load.py", line 35, in data_to_staging
    load_job.result()  # Wait for the job to complete
  File "/home/airflow/.local/lib/python3.8/site-packages/google/cloud/bigquery/job/base.py", line 922, in result
    return super(_AsyncJob, self).result(timeout=timeout, **kwargs)
  File "/home/airflow/.local/lib/python3.8/site-packages/google/api_core/future/polling.py", line 261, in result
    raise self._exception
google.api_core.exceptions.BadRequest: 400 No schema specified on job or table.
[2023-11-23T00:46:24.268+0000] {taskinstance.py:1400} INFO - Marking task as FAILED. dag_id=outcomes_dag, task_id=Load_to_staging, execution_date=20231119T000000, start_date=20231123T004623, end_date=20231123T004624
[2023-11-23T00:46:24.278+0000] {standard_task_runner.py:104} ERROR - Failed to execute job 155 for task Load_to_staging (400 No schema specified on job or table.; 633)
[2023-11-23T00:46:24.321+0000] {local_task_job_runner.py:228} INFO - Task exited with return code 1
