[2023-11-22T07:53:40.476+0000] {taskinstance.py:1159} INFO - Dependencies all met for dep_context=non-requeueable deps ti=<TaskInstance: outcomes_dag.Extract scheduled__2023-11-06T00:00:00+00:00 [queued]>
[2023-11-22T07:53:40.545+0000] {taskinstance.py:1159} INFO - Dependencies all met for dep_context=requeueable deps ti=<TaskInstance: outcomes_dag.Extract scheduled__2023-11-06T00:00:00+00:00 [queued]>
[2023-11-22T07:53:40.548+0000] {taskinstance.py:1361} INFO - Starting attempt 1 of 1
[2023-11-22T07:53:40.571+0000] {taskinstance.py:1382} INFO - Executing <Task(PythonOperator): Extract> on 2023-11-06 00:00:00+00:00
[2023-11-22T07:53:40.588+0000] {standard_task_runner.py:57} INFO - Started process 283 to run task
[2023-11-22T07:53:40.614+0000] {standard_task_runner.py:84} INFO - Running: ['***', 'tasks', 'run', 'outcomes_dag', 'Extract', 'scheduled__2023-11-06T00:00:00+00:00', '--job-id', '17', '--raw', '--subdir', 'DAGS_FOLDER/outcomes_dag.py', '--cfg-path', '/tmp/tmpfegrjnjc']
[2023-11-22T07:53:40.637+0000] {standard_task_runner.py:85} INFO - Job 17: Subtask Extract
[2023-11-22T07:53:40.741+0000] {task_command.py:416} INFO - Running <TaskInstance: outcomes_dag.Extract scheduled__2023-11-06T00:00:00+00:00 [running]> on host 6318e996d951
[2023-11-22T07:53:40.993+0000] {taskinstance.py:1662} INFO - Exporting env vars: AIRFLOW_CTX_DAG_OWNER='***' AIRFLOW_CTX_DAG_ID='outcomes_dag' AIRFLOW_CTX_TASK_ID='Extract' AIRFLOW_CTX_EXECUTION_DATE='2023-11-06T00:00:00+00:00' AIRFLOW_CTX_TRY_NUMBER='1' AIRFLOW_CTX_DAG_RUN_ID='scheduled__2023-11-06T00:00:00+00:00'
[2023-11-22T07:53:44.747+0000] {logging_mixin.py:154} INFO - Data Deposited into Cloud Storage
[2023-11-22T07:53:45.118+0000] {python.py:194} INFO - Done. Returned value was: None
[2023-11-22T07:53:46.023+0000] {taskinstance.py:1400} INFO - Marking task as SUCCESS. dag_id=outcomes_dag, task_id=Extract, execution_date=20231106T000000, start_date=20231122T075340, end_date=20231122T075346
[2023-11-22T07:53:46.238+0000] {local_task_job_runner.py:228} INFO - Task exited with return code 0
[2023-11-22T22:41:13.571+0000] {taskinstance.py:1159} INFO - Dependencies all met for dep_context=non-requeueable deps ti=<TaskInstance: outcomes_dag.Extract scheduled__2023-11-06T00:00:00+00:00 [queued]>
[2023-11-22T22:41:13.630+0000] {taskinstance.py:1159} INFO - Dependencies all met for dep_context=requeueable deps ti=<TaskInstance: outcomes_dag.Extract scheduled__2023-11-06T00:00:00+00:00 [queued]>
[2023-11-22T22:41:13.632+0000] {taskinstance.py:1361} INFO - Starting attempt 1 of 1
[2023-11-22T22:41:13.687+0000] {taskinstance.py:1382} INFO - Executing <Task(PythonOperator): Extract> on 2023-11-06 00:00:00+00:00
[2023-11-22T22:41:13.815+0000] {standard_task_runner.py:57} INFO - Started process 117 to run task
[2023-11-22T22:41:13.826+0000] {standard_task_runner.py:84} INFO - Running: ['***', 'tasks', 'run', 'outcomes_dag', 'Extract', 'scheduled__2023-11-06T00:00:00+00:00', '--job-id', '5', '--raw', '--subdir', 'DAGS_FOLDER/outcomes_dag.py', '--cfg-path', '/tmp/tmponr1pw6k']
[2023-11-22T22:41:13.885+0000] {standard_task_runner.py:85} INFO - Job 5: Subtask Extract
[2023-11-22T22:41:14.562+0000] {task_command.py:416} INFO - Running <TaskInstance: outcomes_dag.Extract scheduled__2023-11-06T00:00:00+00:00 [running]> on host 8ac13583809b
[2023-11-22T22:41:15.310+0000] {taskinstance.py:1662} INFO - Exporting env vars: AIRFLOW_CTX_DAG_OWNER='***' AIRFLOW_CTX_DAG_ID='outcomes_dag' AIRFLOW_CTX_TASK_ID='Extract' AIRFLOW_CTX_EXECUTION_DATE='2023-11-06T00:00:00+00:00' AIRFLOW_CTX_TRY_NUMBER='1' AIRFLOW_CTX_DAG_RUN_ID='scheduled__2023-11-06T00:00:00+00:00'
[2023-11-22T22:41:18.585+0000] {logging_mixin.py:154} INFO - Data Deposited into Cloud Storage
[2023-11-22T22:41:18.604+0000] {python.py:194} INFO - Done. Returned value was: None
[2023-11-22T22:41:18.748+0000] {taskinstance.py:1400} INFO - Marking task as SUCCESS. dag_id=outcomes_dag, task_id=Extract, execution_date=20231106T000000, start_date=20231122T224113, end_date=20231122T224118
[2023-11-22T22:41:18.864+0000] {local_task_job_runner.py:228} INFO - Task exited with return code 0
[2023-11-22T22:59:38.421+0000] {taskinstance.py:1159} INFO - Dependencies all met for dep_context=non-requeueable deps ti=<TaskInstance: outcomes_dag.Extract scheduled__2023-11-06T00:00:00+00:00 [queued]>
[2023-11-22T22:59:38.445+0000] {taskinstance.py:1159} INFO - Dependencies all met for dep_context=requeueable deps ti=<TaskInstance: outcomes_dag.Extract scheduled__2023-11-06T00:00:00+00:00 [queued]>
[2023-11-22T22:59:38.453+0000] {taskinstance.py:1361} INFO - Starting attempt 1 of 1
[2023-11-22T22:59:38.497+0000] {taskinstance.py:1382} INFO - Executing <Task(PythonOperator): Extract> on 2023-11-06 00:00:00+00:00
[2023-11-22T22:59:38.529+0000] {standard_task_runner.py:57} INFO - Started process 94 to run task
[2023-11-22T22:59:38.557+0000] {standard_task_runner.py:84} INFO - Running: ['***', 'tasks', 'run', 'outcomes_dag', 'Extract', 'scheduled__2023-11-06T00:00:00+00:00', '--job-id', '7', '--raw', '--subdir', 'DAGS_FOLDER/outcomes_dag.py', '--cfg-path', '/tmp/tmpe_c6cwrd']
[2023-11-22T22:59:38.588+0000] {standard_task_runner.py:85} INFO - Job 7: Subtask Extract
[2023-11-22T22:59:38.879+0000] {task_command.py:416} INFO - Running <TaskInstance: outcomes_dag.Extract scheduled__2023-11-06T00:00:00+00:00 [running]> on host 4b2f5af281f8
[2023-11-22T22:59:39.093+0000] {taskinstance.py:1662} INFO - Exporting env vars: AIRFLOW_CTX_DAG_OWNER='***' AIRFLOW_CTX_DAG_ID='outcomes_dag' AIRFLOW_CTX_TASK_ID='Extract' AIRFLOW_CTX_EXECUTION_DATE='2023-11-06T00:00:00+00:00' AIRFLOW_CTX_TRY_NUMBER='1' AIRFLOW_CTX_DAG_RUN_ID='scheduled__2023-11-06T00:00:00+00:00'
[2023-11-22T22:59:41.951+0000] {logging_mixin.py:154} INFO - Data Deposited into Cloud Storage
[2023-11-22T22:59:41.970+0000] {python.py:194} INFO - Done. Returned value was: None
[2023-11-22T22:59:42.075+0000] {taskinstance.py:1400} INFO - Marking task as SUCCESS. dag_id=outcomes_dag, task_id=Extract, execution_date=20231106T000000, start_date=20231122T225938, end_date=20231122T225942
[2023-11-22T22:59:42.177+0000] {local_task_job_runner.py:228} INFO - Task exited with return code 0
[2023-11-22T23:20:05.630+0000] {taskinstance.py:1159} INFO - Dependencies all met for dep_context=non-requeueable deps ti=<TaskInstance: outcomes_dag.Extract scheduled__2023-11-06T00:00:00+00:00 [queued]>
[2023-11-22T23:20:05.653+0000] {taskinstance.py:1159} INFO - Dependencies all met for dep_context=requeueable deps ti=<TaskInstance: outcomes_dag.Extract scheduled__2023-11-06T00:00:00+00:00 [queued]>
[2023-11-22T23:20:05.654+0000] {taskinstance.py:1361} INFO - Starting attempt 1 of 1
[2023-11-22T23:20:05.672+0000] {taskinstance.py:1382} INFO - Executing <Task(PythonOperator): Extract> on 2023-11-06 00:00:00+00:00
[2023-11-22T23:20:05.727+0000] {standard_task_runner.py:57} INFO - Started process 90 to run task
[2023-11-22T23:20:05.750+0000] {standard_task_runner.py:84} INFO - Running: ['***', 'tasks', 'run', 'outcomes_dag', 'Extract', 'scheduled__2023-11-06T00:00:00+00:00', '--job-id', '3', '--raw', '--subdir', 'DAGS_FOLDER/outcomes_dag.py', '--cfg-path', '/tmp/tmpu_27ekoe']
[2023-11-22T23:20:05.775+0000] {standard_task_runner.py:85} INFO - Job 3: Subtask Extract
[2023-11-22T23:20:05.956+0000] {task_command.py:416} INFO - Running <TaskInstance: outcomes_dag.Extract scheduled__2023-11-06T00:00:00+00:00 [running]> on host b410bfb4af5e
[2023-11-22T23:20:06.200+0000] {taskinstance.py:1662} INFO - Exporting env vars: AIRFLOW_CTX_DAG_OWNER='***' AIRFLOW_CTX_DAG_ID='outcomes_dag' AIRFLOW_CTX_TASK_ID='Extract' AIRFLOW_CTX_EXECUTION_DATE='2023-11-06T00:00:00+00:00' AIRFLOW_CTX_TRY_NUMBER='1' AIRFLOW_CTX_DAG_RUN_ID='scheduled__2023-11-06T00:00:00+00:00'
[2023-11-22T23:20:08.739+0000] {logging_mixin.py:154} INFO - Data Deposited into Cloud Storage
[2023-11-22T23:20:08.757+0000] {python.py:194} INFO - Done. Returned value was: None
[2023-11-22T23:20:08.863+0000] {taskinstance.py:1400} INFO - Marking task as SUCCESS. dag_id=outcomes_dag, task_id=Extract, execution_date=20231106T000000, start_date=20231122T232005, end_date=20231122T232008
[2023-11-22T23:20:09.076+0000] {local_task_job_runner.py:228} INFO - Task exited with return code 0
[2023-11-22T23:42:52.331+0000] {taskinstance.py:1159} INFO - Dependencies all met for dep_context=non-requeueable deps ti=<TaskInstance: outcomes_dag.Extract scheduled__2023-11-06T00:00:00+00:00 [queued]>
[2023-11-22T23:42:52.346+0000] {taskinstance.py:1159} INFO - Dependencies all met for dep_context=requeueable deps ti=<TaskInstance: outcomes_dag.Extract scheduled__2023-11-06T00:00:00+00:00 [queued]>
[2023-11-22T23:42:52.353+0000] {taskinstance.py:1361} INFO - Starting attempt 1 of 1
[2023-11-22T23:42:52.372+0000] {taskinstance.py:1382} INFO - Executing <Task(PythonOperator): Extract> on 2023-11-06 00:00:00+00:00
[2023-11-22T23:42:52.392+0000] {standard_task_runner.py:57} INFO - Started process 94 to run task
[2023-11-22T23:42:52.422+0000] {standard_task_runner.py:84} INFO - Running: ['***', 'tasks', 'run', 'outcomes_dag', 'Extract', 'scheduled__2023-11-06T00:00:00+00:00', '--job-id', '7', '--raw', '--subdir', 'DAGS_FOLDER/outcomes_dag.py', '--cfg-path', '/tmp/tmpzh168bwd']
[2023-11-22T23:42:52.427+0000] {standard_task_runner.py:85} INFO - Job 7: Subtask Extract
[2023-11-22T23:42:52.709+0000] {task_command.py:416} INFO - Running <TaskInstance: outcomes_dag.Extract scheduled__2023-11-06T00:00:00+00:00 [running]> on host 371cae71aa63
[2023-11-22T23:42:52.996+0000] {taskinstance.py:1662} INFO - Exporting env vars: AIRFLOW_CTX_DAG_OWNER='***' AIRFLOW_CTX_DAG_ID='outcomes_dag' AIRFLOW_CTX_TASK_ID='Extract' AIRFLOW_CTX_EXECUTION_DATE='2023-11-06T00:00:00+00:00' AIRFLOW_CTX_TRY_NUMBER='1' AIRFLOW_CTX_DAG_RUN_ID='scheduled__2023-11-06T00:00:00+00:00'
[2023-11-22T23:42:54.179+0000] {logging_mixin.py:154} INFO - Data Deposited into Cloud Storage
[2023-11-22T23:42:54.182+0000] {python.py:194} INFO - Done. Returned value was: None
[2023-11-22T23:42:54.257+0000] {taskinstance.py:1400} INFO - Marking task as SUCCESS. dag_id=outcomes_dag, task_id=Extract, execution_date=20231106T000000, start_date=20231122T234252, end_date=20231122T234254
[2023-11-22T23:42:54.352+0000] {local_task_job_runner.py:228} INFO - Task exited with return code 0
[2023-11-23T00:39:17.702+0000] {taskinstance.py:1159} INFO - Dependencies all met for dep_context=non-requeueable deps ti=<TaskInstance: outcomes_dag.Extract scheduled__2023-11-06T00:00:00+00:00 [queued]>
[2023-11-23T00:39:17.727+0000] {taskinstance.py:1159} INFO - Dependencies all met for dep_context=requeueable deps ti=<TaskInstance: outcomes_dag.Extract scheduled__2023-11-06T00:00:00+00:00 [queued]>
[2023-11-23T00:39:17.728+0000] {taskinstance.py:1361} INFO - Starting attempt 1 of 1
[2023-11-23T00:39:17.800+0000] {taskinstance.py:1382} INFO - Executing <Task(PythonOperator): Extract> on 2023-11-06 00:00:00+00:00
[2023-11-23T00:39:17.812+0000] {standard_task_runner.py:57} INFO - Started process 102 to run task
[2023-11-23T00:39:17.853+0000] {standard_task_runner.py:84} INFO - Running: ['***', 'tasks', 'run', 'outcomes_dag', 'Extract', 'scheduled__2023-11-06T00:00:00+00:00', '--job-id', '7', '--raw', '--subdir', 'DAGS_FOLDER/outcomes_dag.py', '--cfg-path', '/tmp/tmphk_cx5xk']
[2023-11-23T00:39:17.874+0000] {standard_task_runner.py:85} INFO - Job 7: Subtask Extract
[2023-11-23T00:39:18.035+0000] {task_command.py:416} INFO - Running <TaskInstance: outcomes_dag.Extract scheduled__2023-11-06T00:00:00+00:00 [running]> on host 75913536581a
[2023-11-23T00:39:18.245+0000] {taskinstance.py:1662} INFO - Exporting env vars: AIRFLOW_CTX_DAG_OWNER='***' AIRFLOW_CTX_DAG_ID='outcomes_dag' AIRFLOW_CTX_TASK_ID='Extract' AIRFLOW_CTX_EXECUTION_DATE='2023-11-06T00:00:00+00:00' AIRFLOW_CTX_TRY_NUMBER='1' AIRFLOW_CTX_DAG_RUN_ID='scheduled__2023-11-06T00:00:00+00:00'
[2023-11-23T00:39:20.587+0000] {logging_mixin.py:154} INFO - Data Deposited into Cloud Storage
[2023-11-23T00:39:20.608+0000] {python.py:194} INFO - Done. Returned value was: None
[2023-11-23T00:39:20.708+0000] {taskinstance.py:1400} INFO - Marking task as SUCCESS. dag_id=outcomes_dag, task_id=Extract, execution_date=20231106T000000, start_date=20231123T003917, end_date=20231123T003920
[2023-11-23T00:39:20.766+0000] {local_task_job_runner.py:228} INFO - Task exited with return code 0
[2023-11-23T01:49:21.732+0000] {taskinstance.py:1159} INFO - Dependencies all met for dep_context=non-requeueable deps ti=<TaskInstance: outcomes_dag.Extract scheduled__2023-11-06T00:00:00+00:00 [queued]>
[2023-11-23T01:49:21.750+0000] {taskinstance.py:1159} INFO - Dependencies all met for dep_context=requeueable deps ti=<TaskInstance: outcomes_dag.Extract scheduled__2023-11-06T00:00:00+00:00 [queued]>
[2023-11-23T01:49:21.751+0000] {taskinstance.py:1361} INFO - Starting attempt 1 of 1
[2023-11-23T01:49:21.774+0000] {taskinstance.py:1382} INFO - Executing <Task(PythonOperator): Extract> on 2023-11-06 00:00:00+00:00
[2023-11-23T01:49:21.865+0000] {standard_task_runner.py:57} INFO - Started process 90 to run task
[2023-11-23T01:49:21.884+0000] {standard_task_runner.py:84} INFO - Running: ['***', 'tasks', 'run', 'outcomes_dag', 'Extract', 'scheduled__2023-11-06T00:00:00+00:00', '--job-id', '4', '--raw', '--subdir', 'DAGS_FOLDER/outcomes_dag.py', '--cfg-path', '/tmp/tmp_voz9b2l']
[2023-11-23T01:49:21.953+0000] {standard_task_runner.py:85} INFO - Job 4: Subtask Extract
[2023-11-23T01:49:22.470+0000] {task_command.py:416} INFO - Running <TaskInstance: outcomes_dag.Extract scheduled__2023-11-06T00:00:00+00:00 [running]> on host d15d3caa5b00
[2023-11-23T01:49:22.978+0000] {taskinstance.py:1662} INFO - Exporting env vars: AIRFLOW_CTX_DAG_OWNER='***' AIRFLOW_CTX_DAG_ID='outcomes_dag' AIRFLOW_CTX_TASK_ID='Extract' AIRFLOW_CTX_EXECUTION_DATE='2023-11-06T00:00:00+00:00' AIRFLOW_CTX_TRY_NUMBER='1' AIRFLOW_CTX_DAG_RUN_ID='scheduled__2023-11-06T00:00:00+00:00'
[2023-11-23T01:49:25.619+0000] {logging_mixin.py:154} INFO - Data Deposited into Cloud Storage
[2023-11-23T01:49:25.626+0000] {python.py:194} INFO - Done. Returned value was: None
[2023-11-23T01:49:25.697+0000] {taskinstance.py:1400} INFO - Marking task as SUCCESS. dag_id=outcomes_dag, task_id=Extract, execution_date=20231106T000000, start_date=20231123T014921, end_date=20231123T014925
[2023-11-23T01:49:25.794+0000] {local_task_job_runner.py:228} INFO - Task exited with return code 0
[2023-11-23T03:40:30.204+0000] {taskinstance.py:1159} INFO - Dependencies all met for dep_context=non-requeueable deps ti=<TaskInstance: outcomes_dag.Extract scheduled__2023-11-06T00:00:00+00:00 [queued]>
[2023-11-23T03:40:30.248+0000] {taskinstance.py:1159} INFO - Dependencies all met for dep_context=requeueable deps ti=<TaskInstance: outcomes_dag.Extract scheduled__2023-11-06T00:00:00+00:00 [queued]>
[2023-11-23T03:40:30.248+0000] {taskinstance.py:1361} INFO - Starting attempt 1 of 1
[2023-11-23T03:40:30.313+0000] {taskinstance.py:1382} INFO - Executing <Task(PythonOperator): Extract> on 2023-11-06 00:00:00+00:00
[2023-11-23T03:40:30.423+0000] {standard_task_runner.py:57} INFO - Started process 92 to run task
[2023-11-23T03:40:30.496+0000] {standard_task_runner.py:84} INFO - Running: ['***', 'tasks', 'run', 'outcomes_dag', 'Extract', 'scheduled__2023-11-06T00:00:00+00:00', '--job-id', '6', '--raw', '--subdir', 'DAGS_FOLDER/outcomes_dag.py', '--cfg-path', '/tmp/tmpo24j3h90']
[2023-11-23T03:40:30.572+0000] {standard_task_runner.py:85} INFO - Job 6: Subtask Extract
[2023-11-23T03:40:31.254+0000] {task_command.py:416} INFO - Running <TaskInstance: outcomes_dag.Extract scheduled__2023-11-06T00:00:00+00:00 [running]> on host e647c96745b0
[2023-11-23T03:40:31.981+0000] {taskinstance.py:1662} INFO - Exporting env vars: AIRFLOW_CTX_DAG_OWNER='***' AIRFLOW_CTX_DAG_ID='outcomes_dag' AIRFLOW_CTX_TASK_ID='Extract' AIRFLOW_CTX_EXECUTION_DATE='2023-11-06T00:00:00+00:00' AIRFLOW_CTX_TRY_NUMBER='1' AIRFLOW_CTX_DAG_RUN_ID='scheduled__2023-11-06T00:00:00+00:00'
[2023-11-23T03:40:34.151+0000] {logging_mixin.py:154} INFO - Data Deposited into Cloud Storage
[2023-11-23T03:40:34.163+0000] {python.py:194} INFO - Done. Returned value was: None
[2023-11-23T03:40:34.235+0000] {taskinstance.py:1400} INFO - Marking task as SUCCESS. dag_id=outcomes_dag, task_id=Extract, execution_date=20231106T000000, start_date=20231123T034030, end_date=20231123T034034
[2023-11-23T03:40:34.385+0000] {local_task_job_runner.py:228} INFO - Task exited with return code 0
