[2023-11-21T01:20:57.330+0000] {taskinstance.py:1159} INFO - Dependencies all met for dep_context=non-requeueable deps ti=<TaskInstance: outcomes_dag.transform scheduled__2023-11-02T00:00:00+00:00 [queued]>
[2023-11-21T01:20:57.482+0000] {taskinstance.py:1159} INFO - Dependencies all met for dep_context=requeueable deps ti=<TaskInstance: outcomes_dag.transform scheduled__2023-11-02T00:00:00+00:00 [queued]>
[2023-11-21T01:20:57.483+0000] {taskinstance.py:1361} INFO - Starting attempt 1 of 1
[2023-11-21T01:20:57.644+0000] {taskinstance.py:1382} INFO - Executing <Task(PythonOperator): transform> on 2023-11-02 00:00:00+00:00
[2023-11-21T01:20:57.752+0000] {standard_task_runner.py:57} INFO - Started process 230 to run task
[2023-11-21T01:20:57.850+0000] {standard_task_runner.py:84} INFO - Running: ['***', 'tasks', 'run', 'outcomes_dag', 'transform', 'scheduled__2023-11-02T00:00:00+00:00', '--job-id', '38', '--raw', '--subdir', 'DAGS_FOLDER/outcomes_dag.py', '--cfg-path', '/tmp/tmp4wuz44o_']
[2023-11-21T01:20:57.974+0000] {standard_task_runner.py:85} INFO - Job 38: Subtask transform
[2023-11-21T01:20:58.395+0000] {task_command.py:416} INFO - Running <TaskInstance: outcomes_dag.transform scheduled__2023-11-02T00:00:00+00:00 [running]> on host f31a30014ab0
[2023-11-21T01:21:05.978+0000] {taskinstance.py:1662} INFO - Exporting env vars: AIRFLOW_CTX_DAG_OWNER='***' AIRFLOW_CTX_DAG_ID='outcomes_dag' AIRFLOW_CTX_TASK_ID='transform' AIRFLOW_CTX_EXECUTION_DATE='2023-11-02T00:00:00+00:00' AIRFLOW_CTX_TRY_NUMBER='1' AIRFLOW_CTX_DAG_RUN_ID='scheduled__2023-11-02T00:00:00+00:00'
[2023-11-21T01:21:06.863+0000] {python.py:194} INFO - Done. Returned value was: None
[2023-11-21T01:21:07.028+0000] {taskinstance.py:1400} INFO - Marking task as SUCCESS. dag_id=outcomes_dag, task_id=transform, execution_date=20231102T000000, start_date=20231121T012057, end_date=20231121T012107
[2023-11-21T01:21:07.620+0000] {local_task_job_runner.py:228} INFO - Task exited with return code 0
[2023-11-21T01:21:08.111+0000] {taskinstance.py:2778} INFO - 0 downstream tasks scheduled from follow-on schedule check
[2023-11-21T02:36:20.681+0000] {taskinstance.py:1159} INFO - Dependencies all met for dep_context=non-requeueable deps ti=<TaskInstance: outcomes_dag.transform scheduled__2023-11-02T00:00:00+00:00 [queued]>
[2023-11-21T02:36:20.736+0000] {taskinstance.py:1159} INFO - Dependencies all met for dep_context=requeueable deps ti=<TaskInstance: outcomes_dag.transform scheduled__2023-11-02T00:00:00+00:00 [queued]>
[2023-11-21T02:36:20.744+0000] {taskinstance.py:1361} INFO - Starting attempt 1 of 1
[2023-11-21T02:36:20.799+0000] {taskinstance.py:1382} INFO - Executing <Task(PythonOperator): transform> on 2023-11-02 00:00:00+00:00
[2023-11-21T02:36:20.815+0000] {standard_task_runner.py:57} INFO - Started process 193 to run task
[2023-11-21T02:36:20.831+0000] {standard_task_runner.py:84} INFO - Running: ['***', 'tasks', 'run', 'outcomes_dag', 'transform', 'scheduled__2023-11-02T00:00:00+00:00', '--job-id', '34', '--raw', '--subdir', 'DAGS_FOLDER/outcomes_dag.py', '--cfg-path', '/tmp/tmpz0y6nuoa']
[2023-11-21T02:36:20.871+0000] {standard_task_runner.py:85} INFO - Job 34: Subtask transform
[2023-11-21T02:36:21.045+0000] {task_command.py:416} INFO - Running <TaskInstance: outcomes_dag.transform scheduled__2023-11-02T00:00:00+00:00 [running]> on host b875fa978b1e
[2023-11-21T02:36:22.553+0000] {taskinstance.py:1662} INFO - Exporting env vars: AIRFLOW_CTX_DAG_OWNER='***' AIRFLOW_CTX_DAG_ID='outcomes_dag' AIRFLOW_CTX_TASK_ID='transform' AIRFLOW_CTX_EXECUTION_DATE='2023-11-02T00:00:00+00:00' AIRFLOW_CTX_TRY_NUMBER='1' AIRFLOW_CTX_DAG_RUN_ID='scheduled__2023-11-02T00:00:00+00:00'
[2023-11-21T02:36:22.876+0000] {python.py:194} INFO - Done. Returned value was: None
[2023-11-21T02:36:22.905+0000] {taskinstance.py:1400} INFO - Marking task as SUCCESS. dag_id=outcomes_dag, task_id=transform, execution_date=20231102T000000, start_date=20231121T023620, end_date=20231121T023622
[2023-11-21T02:36:23.017+0000] {local_task_job_runner.py:228} INFO - Task exited with return code 0
[2023-11-21T02:36:23.156+0000] {taskinstance.py:2778} INFO - 0 downstream tasks scheduled from follow-on schedule check
[2023-11-22T07:53:53.000+0000] {taskinstance.py:1159} INFO - Dependencies all met for dep_context=non-requeueable deps ti=<TaskInstance: outcomes_dag.Transform scheduled__2023-11-02T00:00:00+00:00 [queued]>
[2023-11-22T07:53:53.058+0000] {taskinstance.py:1159} INFO - Dependencies all met for dep_context=requeueable deps ti=<TaskInstance: outcomes_dag.Transform scheduled__2023-11-02T00:00:00+00:00 [queued]>
[2023-11-22T07:53:53.066+0000] {taskinstance.py:1361} INFO - Starting attempt 1 of 1
[2023-11-22T07:53:53.156+0000] {taskinstance.py:1382} INFO - Executing <Task(PythonOperator): Transform> on 2023-11-02 00:00:00+00:00
[2023-11-22T07:53:53.242+0000] {standard_task_runner.py:57} INFO - Started process 318 to run task
[2023-11-22T07:53:53.296+0000] {standard_task_runner.py:84} INFO - Running: ['***', 'tasks', 'run', 'outcomes_dag', 'Transform', 'scheduled__2023-11-02T00:00:00+00:00', '--job-id', '22', '--raw', '--subdir', 'DAGS_FOLDER/outcomes_dag.py', '--cfg-path', '/tmp/tmpegd4tgbu']
[2023-11-22T07:53:53.351+0000] {standard_task_runner.py:85} INFO - Job 22: Subtask Transform
[2023-11-22T07:53:53.558+0000] {task_command.py:416} INFO - Running <TaskInstance: outcomes_dag.Transform scheduled__2023-11-02T00:00:00+00:00 [running]> on host 6318e996d951
[2023-11-22T07:53:53.782+0000] {taskinstance.py:1662} INFO - Exporting env vars: AIRFLOW_CTX_DAG_OWNER='***' AIRFLOW_CTX_DAG_ID='outcomes_dag' AIRFLOW_CTX_TASK_ID='Transform' AIRFLOW_CTX_EXECUTION_DATE='2023-11-02T00:00:00+00:00' AIRFLOW_CTX_TRY_NUMBER='1' AIRFLOW_CTX_DAG_RUN_ID='scheduled__2023-11-02T00:00:00+00:00'
[2023-11-22T07:53:53.814+0000] {logging_mixin.py:154} INFO - Getting data from Cloud Storage
[2023-11-22T07:53:55.068+0000] {logging_mixin.py:154} INFO - Index(['animal_id', 'datetime', 'monthyear', 'date_of_birth', 'outcome_type',
       'animal_type', 'sex_upon_outcome', 'age_upon_outcome', 'breed', 'color',
       'outcome_subtype', 'name'],
      dtype='object')
[2023-11-22T07:53:55.989+0000] {logging_mixin.py:154} INFO - Data Deposited into Cloud Storage
[2023-11-22T07:53:55.992+0000] {python.py:194} INFO - Done. Returned value was: None
[2023-11-22T07:53:56.165+0000] {taskinstance.py:1400} INFO - Marking task as SUCCESS. dag_id=outcomes_dag, task_id=Transform, execution_date=20231102T000000, start_date=20231122T075353, end_date=20231122T075356
[2023-11-22T07:53:56.475+0000] {local_task_job_runner.py:228} INFO - Task exited with return code 0
[2023-11-22T22:41:27.291+0000] {taskinstance.py:1159} INFO - Dependencies all met for dep_context=non-requeueable deps ti=<TaskInstance: outcomes_dag.Transform scheduled__2023-11-02T00:00:00+00:00 [queued]>
[2023-11-22T22:41:27.364+0000] {taskinstance.py:1159} INFO - Dependencies all met for dep_context=requeueable deps ti=<TaskInstance: outcomes_dag.Transform scheduled__2023-11-02T00:00:00+00:00 [queued]>
[2023-11-22T22:41:27.367+0000] {taskinstance.py:1361} INFO - Starting attempt 1 of 1
[2023-11-22T22:41:27.482+0000] {taskinstance.py:1382} INFO - Executing <Task(PythonOperator): Transform> on 2023-11-02 00:00:00+00:00
[2023-11-22T22:41:27.553+0000] {standard_task_runner.py:57} INFO - Started process 176 to run task
[2023-11-22T22:41:27.639+0000] {standard_task_runner.py:84} INFO - Running: ['***', 'tasks', 'run', 'outcomes_dag', 'Transform', 'scheduled__2023-11-02T00:00:00+00:00', '--job-id', '25', '--raw', '--subdir', 'DAGS_FOLDER/outcomes_dag.py', '--cfg-path', '/tmp/tmp3xviiv7s']
[2023-11-22T22:41:27.683+0000] {standard_task_runner.py:85} INFO - Job 25: Subtask Transform
[2023-11-22T22:41:28.000+0000] {task_command.py:416} INFO - Running <TaskInstance: outcomes_dag.Transform scheduled__2023-11-02T00:00:00+00:00 [running]> on host 8ac13583809b
[2023-11-22T22:41:28.272+0000] {taskinstance.py:1662} INFO - Exporting env vars: AIRFLOW_CTX_DAG_OWNER='***' AIRFLOW_CTX_DAG_ID='outcomes_dag' AIRFLOW_CTX_TASK_ID='Transform' AIRFLOW_CTX_EXECUTION_DATE='2023-11-02T00:00:00+00:00' AIRFLOW_CTX_TRY_NUMBER='1' AIRFLOW_CTX_DAG_RUN_ID='scheduled__2023-11-02T00:00:00+00:00'
[2023-11-22T22:41:28.277+0000] {logging_mixin.py:154} INFO - Getting data from Cloud Storage
[2023-11-22T22:41:29.093+0000] {logging_mixin.py:154} INFO - Index(['animal_id', 'datetime', 'monthyear', 'date_of_birth', 'outcome_type',
       'outcome_subtype', 'animal_type', 'sex_upon_outcome',
       'age_upon_outcome', 'breed', 'color', 'name'],
      dtype='object')
[2023-11-22T22:41:29.333+0000] {logging_mixin.py:154} INFO - Data Deposited into Cloud Storage
[2023-11-22T22:41:29.334+0000] {python.py:194} INFO - Done. Returned value was: None
[2023-11-22T22:41:29.426+0000] {taskinstance.py:1400} INFO - Marking task as SUCCESS. dag_id=outcomes_dag, task_id=Transform, execution_date=20231102T000000, start_date=20231122T224127, end_date=20231122T224129
[2023-11-22T22:41:29.507+0000] {local_task_job_runner.py:228} INFO - Task exited with return code 0
[2023-11-22T22:59:48.801+0000] {taskinstance.py:1159} INFO - Dependencies all met for dep_context=non-requeueable deps ti=<TaskInstance: outcomes_dag.Transform scheduled__2023-11-02T00:00:00+00:00 [queued]>
[2023-11-22T22:59:48.806+0000] {taskinstance.py:1159} INFO - Dependencies all met for dep_context=requeueable deps ti=<TaskInstance: outcomes_dag.Transform scheduled__2023-11-02T00:00:00+00:00 [queued]>
[2023-11-22T22:59:48.806+0000] {taskinstance.py:1361} INFO - Starting attempt 1 of 1
[2023-11-22T22:59:48.812+0000] {taskinstance.py:1382} INFO - Executing <Task(PythonOperator): Transform> on 2023-11-02 00:00:00+00:00
[2023-11-22T22:59:48.819+0000] {standard_task_runner.py:57} INFO - Started process 151 to run task
[2023-11-22T22:59:48.822+0000] {standard_task_runner.py:84} INFO - Running: ['***', 'tasks', 'run', 'outcomes_dag', 'Transform', 'scheduled__2023-11-02T00:00:00+00:00', '--job-id', '32', '--raw', '--subdir', 'DAGS_FOLDER/outcomes_dag.py', '--cfg-path', '/tmp/tmplzl2abm8']
[2023-11-22T22:59:48.825+0000] {standard_task_runner.py:85} INFO - Job 32: Subtask Transform
[2023-11-22T22:59:48.873+0000] {task_command.py:416} INFO - Running <TaskInstance: outcomes_dag.Transform scheduled__2023-11-02T00:00:00+00:00 [running]> on host 4b2f5af281f8
[2023-11-22T22:59:48.946+0000] {taskinstance.py:1662} INFO - Exporting env vars: AIRFLOW_CTX_DAG_OWNER='***' AIRFLOW_CTX_DAG_ID='outcomes_dag' AIRFLOW_CTX_TASK_ID='Transform' AIRFLOW_CTX_EXECUTION_DATE='2023-11-02T00:00:00+00:00' AIRFLOW_CTX_TRY_NUMBER='1' AIRFLOW_CTX_DAG_RUN_ID='scheduled__2023-11-02T00:00:00+00:00'
[2023-11-22T22:59:48.948+0000] {logging_mixin.py:154} INFO - Getting data from Cloud Storage
[2023-11-22T22:59:50.635+0000] {logging_mixin.py:154} INFO - Index(['animal_id', 'datetime', 'monthyear', 'date_of_birth', 'outcome_type',
       'animal_type', 'sex_upon_outcome', 'age_upon_outcome', 'breed', 'color',
       'outcome_subtype', 'name'],
      dtype='object')
[2023-11-22T22:59:50.827+0000] {logging_mixin.py:154} INFO - Data Deposited into Cloud Storage
[2023-11-22T22:59:50.827+0000] {python.py:194} INFO - Done. Returned value was: None
[2023-11-22T22:59:50.841+0000] {taskinstance.py:1400} INFO - Marking task as SUCCESS. dag_id=outcomes_dag, task_id=Transform, execution_date=20231102T000000, start_date=20231122T225948, end_date=20231122T225950
[2023-11-22T22:59:50.861+0000] {local_task_job_runner.py:228} INFO - Task exited with return code 0
[2023-11-22T23:20:16.348+0000] {taskinstance.py:1159} INFO - Dependencies all met for dep_context=non-requeueable deps ti=<TaskInstance: outcomes_dag.Transform scheduled__2023-11-02T00:00:00+00:00 [queued]>
[2023-11-22T23:20:16.374+0000] {taskinstance.py:1159} INFO - Dependencies all met for dep_context=requeueable deps ti=<TaskInstance: outcomes_dag.Transform scheduled__2023-11-02T00:00:00+00:00 [queued]>
[2023-11-22T23:20:16.374+0000] {taskinstance.py:1361} INFO - Starting attempt 1 of 1
[2023-11-22T23:20:16.398+0000] {taskinstance.py:1382} INFO - Executing <Task(PythonOperator): Transform> on 2023-11-02 00:00:00+00:00
[2023-11-22T23:20:16.409+0000] {standard_task_runner.py:57} INFO - Started process 149 to run task
[2023-11-22T23:20:16.425+0000] {standard_task_runner.py:84} INFO - Running: ['***', 'tasks', 'run', 'outcomes_dag', 'Transform', 'scheduled__2023-11-02T00:00:00+00:00', '--job-id', '30', '--raw', '--subdir', 'DAGS_FOLDER/outcomes_dag.py', '--cfg-path', '/tmp/tmp1kega2gc']
[2023-11-22T23:20:16.429+0000] {standard_task_runner.py:85} INFO - Job 30: Subtask Transform
[2023-11-22T23:20:16.594+0000] {task_command.py:416} INFO - Running <TaskInstance: outcomes_dag.Transform scheduled__2023-11-02T00:00:00+00:00 [running]> on host b410bfb4af5e
[2023-11-22T23:20:16.747+0000] {taskinstance.py:1662} INFO - Exporting env vars: AIRFLOW_CTX_DAG_OWNER='***' AIRFLOW_CTX_DAG_ID='outcomes_dag' AIRFLOW_CTX_TASK_ID='Transform' AIRFLOW_CTX_EXECUTION_DATE='2023-11-02T00:00:00+00:00' AIRFLOW_CTX_TRY_NUMBER='1' AIRFLOW_CTX_DAG_RUN_ID='scheduled__2023-11-02T00:00:00+00:00'
[2023-11-22T23:20:16.758+0000] {logging_mixin.py:154} INFO - Getting data from Cloud Storage
[2023-11-22T23:20:17.280+0000] {logging_mixin.py:154} INFO - Index(['animal_id', 'datetime', 'monthyear', 'date_of_birth', 'outcome_type',
       'outcome_subtype', 'animal_type', 'sex_upon_outcome',
       'age_upon_outcome', 'breed', 'color', 'name'],
      dtype='object')
[2023-11-22T23:20:17.546+0000] {logging_mixin.py:154} INFO - Data Deposited into Cloud Storage
[2023-11-22T23:20:17.549+0000] {python.py:194} INFO - Done. Returned value was: None
[2023-11-22T23:20:17.661+0000] {taskinstance.py:1400} INFO - Marking task as SUCCESS. dag_id=outcomes_dag, task_id=Transform, execution_date=20231102T000000, start_date=20231122T232016, end_date=20231122T232017
[2023-11-22T23:20:17.860+0000] {local_task_job_runner.py:228} INFO - Task exited with return code 0
[2023-11-22T23:42:59.895+0000] {taskinstance.py:1159} INFO - Dependencies all met for dep_context=non-requeueable deps ti=<TaskInstance: outcomes_dag.Transform scheduled__2023-11-02T00:00:00+00:00 [queued]>
[2023-11-22T23:42:59.931+0000] {taskinstance.py:1159} INFO - Dependencies all met for dep_context=requeueable deps ti=<TaskInstance: outcomes_dag.Transform scheduled__2023-11-02T00:00:00+00:00 [queued]>
[2023-11-22T23:42:59.932+0000] {taskinstance.py:1361} INFO - Starting attempt 1 of 1
[2023-11-22T23:42:59.994+0000] {taskinstance.py:1382} INFO - Executing <Task(PythonOperator): Transform> on 2023-11-02 00:00:00+00:00
[2023-11-22T23:43:00.080+0000] {standard_task_runner.py:57} INFO - Started process 141 to run task
[2023-11-22T23:43:00.113+0000] {standard_task_runner.py:84} INFO - Running: ['***', 'tasks', 'run', 'outcomes_dag', 'Transform', 'scheduled__2023-11-02T00:00:00+00:00', '--job-id', '22', '--raw', '--subdir', 'DAGS_FOLDER/outcomes_dag.py', '--cfg-path', '/tmp/tmpdey5ykjc']
[2023-11-22T23:43:00.120+0000] {standard_task_runner.py:85} INFO - Job 22: Subtask Transform
[2023-11-22T23:43:00.452+0000] {task_command.py:416} INFO - Running <TaskInstance: outcomes_dag.Transform scheduled__2023-11-02T00:00:00+00:00 [running]> on host 371cae71aa63
[2023-11-22T23:43:00.708+0000] {taskinstance.py:1662} INFO - Exporting env vars: AIRFLOW_CTX_DAG_OWNER='***' AIRFLOW_CTX_DAG_ID='outcomes_dag' AIRFLOW_CTX_TASK_ID='Transform' AIRFLOW_CTX_EXECUTION_DATE='2023-11-02T00:00:00+00:00' AIRFLOW_CTX_TRY_NUMBER='1' AIRFLOW_CTX_DAG_RUN_ID='scheduled__2023-11-02T00:00:00+00:00'
[2023-11-22T23:43:00.746+0000] {logging_mixin.py:154} INFO - Getting data from Cloud Storage
[2023-11-22T23:43:01.154+0000] {logging_mixin.py:154} INFO - Index(['animal_id', 'datetime', 'monthyear', 'date_of_birth', 'outcome_type',
       'animal_type', 'sex_upon_outcome', 'age_upon_outcome', 'breed', 'color',
       'outcome_subtype', 'name'],
      dtype='object')
[2023-11-22T23:43:01.756+0000] {logging_mixin.py:154} INFO - Data Deposited into Cloud Storage
[2023-11-22T23:43:01.759+0000] {python.py:194} INFO - Done. Returned value was: None
[2023-11-22T23:43:01.909+0000] {taskinstance.py:1400} INFO - Marking task as SUCCESS. dag_id=outcomes_dag, task_id=Transform, execution_date=20231102T000000, start_date=20231122T234259, end_date=20231122T234301
[2023-11-22T23:43:02.151+0000] {local_task_job_runner.py:228} INFO - Task exited with return code 0
[2023-11-23T00:39:27.050+0000] {taskinstance.py:1159} INFO - Dependencies all met for dep_context=non-requeueable deps ti=<TaskInstance: outcomes_dag.Transform scheduled__2023-11-02T00:00:00+00:00 [queued]>
[2023-11-23T00:39:27.061+0000] {taskinstance.py:1159} INFO - Dependencies all met for dep_context=requeueable deps ti=<TaskInstance: outcomes_dag.Transform scheduled__2023-11-02T00:00:00+00:00 [queued]>
[2023-11-23T00:39:27.061+0000] {taskinstance.py:1361} INFO - Starting attempt 1 of 1
[2023-11-23T00:39:27.077+0000] {taskinstance.py:1382} INFO - Executing <Task(PythonOperator): Transform> on 2023-11-02 00:00:00+00:00
[2023-11-23T00:39:27.101+0000] {standard_task_runner.py:57} INFO - Started process 159 to run task
[2023-11-23T00:39:27.110+0000] {standard_task_runner.py:84} INFO - Running: ['***', 'tasks', 'run', 'outcomes_dag', 'Transform', 'scheduled__2023-11-02T00:00:00+00:00', '--job-id', '32', '--raw', '--subdir', 'DAGS_FOLDER/outcomes_dag.py', '--cfg-path', '/tmp/tmp87y4xf16']
[2023-11-23T00:39:27.119+0000] {standard_task_runner.py:85} INFO - Job 32: Subtask Transform
[2023-11-23T00:39:27.185+0000] {task_command.py:416} INFO - Running <TaskInstance: outcomes_dag.Transform scheduled__2023-11-02T00:00:00+00:00 [running]> on host 75913536581a
[2023-11-23T00:39:27.304+0000] {taskinstance.py:1662} INFO - Exporting env vars: AIRFLOW_CTX_DAG_OWNER='***' AIRFLOW_CTX_DAG_ID='outcomes_dag' AIRFLOW_CTX_TASK_ID='Transform' AIRFLOW_CTX_EXECUTION_DATE='2023-11-02T00:00:00+00:00' AIRFLOW_CTX_TRY_NUMBER='1' AIRFLOW_CTX_DAG_RUN_ID='scheduled__2023-11-02T00:00:00+00:00'
[2023-11-23T00:39:27.311+0000] {logging_mixin.py:154} INFO - Getting data from Cloud Storage
[2023-11-23T00:39:27.901+0000] {logging_mixin.py:154} INFO - Index(['animal_id', 'datetime', 'monthyear', 'date_of_birth', 'outcome_type',
       'animal_type', 'sex_upon_outcome', 'age_upon_outcome', 'breed', 'color',
       'outcome_subtype', 'name'],
      dtype='object')
[2023-11-23T00:39:28.140+0000] {logging_mixin.py:154} INFO - Data Deposited into Cloud Storage
[2023-11-23T00:39:28.144+0000] {python.py:194} INFO - Done. Returned value was: None
[2023-11-23T00:39:28.193+0000] {taskinstance.py:1400} INFO - Marking task as SUCCESS. dag_id=outcomes_dag, task_id=Transform, execution_date=20231102T000000, start_date=20231123T003927, end_date=20231123T003928
[2023-11-23T00:39:28.407+0000] {local_task_job_runner.py:228} INFO - Task exited with return code 0
[2023-11-23T01:49:33.004+0000] {taskinstance.py:1159} INFO - Dependencies all met for dep_context=non-requeueable deps ti=<TaskInstance: outcomes_dag.Transform scheduled__2023-11-02T00:00:00+00:00 [queued]>
[2023-11-23T01:49:33.040+0000] {taskinstance.py:1159} INFO - Dependencies all met for dep_context=requeueable deps ti=<TaskInstance: outcomes_dag.Transform scheduled__2023-11-02T00:00:00+00:00 [queued]>
[2023-11-23T01:49:33.041+0000] {taskinstance.py:1361} INFO - Starting attempt 1 of 1
[2023-11-23T01:49:33.283+0000] {taskinstance.py:1382} INFO - Executing <Task(PythonOperator): Transform> on 2023-11-02 00:00:00+00:00
[2023-11-23T01:49:33.576+0000] {standard_task_runner.py:57} INFO - Started process 152 to run task
[2023-11-23T01:49:33.643+0000] {standard_task_runner.py:84} INFO - Running: ['***', 'tasks', 'run', 'outcomes_dag', 'Transform', 'scheduled__2023-11-02T00:00:00+00:00', '--job-id', '29', '--raw', '--subdir', 'DAGS_FOLDER/outcomes_dag.py', '--cfg-path', '/tmp/tmpt45_38m_']
[2023-11-23T01:49:33.727+0000] {standard_task_runner.py:85} INFO - Job 29: Subtask Transform
[2023-11-23T01:49:34.123+0000] {task_command.py:416} INFO - Running <TaskInstance: outcomes_dag.Transform scheduled__2023-11-02T00:00:00+00:00 [running]> on host d15d3caa5b00
[2023-11-23T01:49:34.464+0000] {taskinstance.py:1662} INFO - Exporting env vars: AIRFLOW_CTX_DAG_OWNER='***' AIRFLOW_CTX_DAG_ID='outcomes_dag' AIRFLOW_CTX_TASK_ID='Transform' AIRFLOW_CTX_EXECUTION_DATE='2023-11-02T00:00:00+00:00' AIRFLOW_CTX_TRY_NUMBER='1' AIRFLOW_CTX_DAG_RUN_ID='scheduled__2023-11-02T00:00:00+00:00'
[2023-11-23T01:49:34.470+0000] {logging_mixin.py:154} INFO - Getting data from Cloud Storage
[2023-11-23T01:49:35.265+0000] {logging_mixin.py:154} INFO - Index(['animal_id', 'datetime', 'monthyear', 'date_of_birth', 'outcome_type',
       'animal_type', 'sex_upon_outcome', 'age_upon_outcome', 'breed', 'color',
       'outcome_subtype', 'name'],
      dtype='object')
[2023-11-23T01:49:35.600+0000] {logging_mixin.py:154} INFO - Data Deposited into Cloud Storage
[2023-11-23T01:49:35.602+0000] {python.py:194} INFO - Done. Returned value was: None
[2023-11-23T01:49:35.654+0000] {taskinstance.py:1400} INFO - Marking task as SUCCESS. dag_id=outcomes_dag, task_id=Transform, execution_date=20231102T000000, start_date=20231123T014933, end_date=20231123T014935
[2023-11-23T01:49:35.737+0000] {local_task_job_runner.py:228} INFO - Task exited with return code 0
[2023-11-23T03:40:41.514+0000] {taskinstance.py:1159} INFO - Dependencies all met for dep_context=non-requeueable deps ti=<TaskInstance: outcomes_dag.Transform scheduled__2023-11-02T00:00:00+00:00 [queued]>
[2023-11-23T03:40:41.567+0000] {taskinstance.py:1159} INFO - Dependencies all met for dep_context=requeueable deps ti=<TaskInstance: outcomes_dag.Transform scheduled__2023-11-02T00:00:00+00:00 [queued]>
[2023-11-23T03:40:41.574+0000] {taskinstance.py:1361} INFO - Starting attempt 1 of 1
[2023-11-23T03:40:41.651+0000] {taskinstance.py:1382} INFO - Executing <Task(PythonOperator): Transform> on 2023-11-02 00:00:00+00:00
[2023-11-23T03:40:42.035+0000] {standard_task_runner.py:57} INFO - Started process 140 to run task
[2023-11-23T03:40:42.099+0000] {standard_task_runner.py:84} INFO - Running: ['***', 'tasks', 'run', 'outcomes_dag', 'Transform', 'scheduled__2023-11-02T00:00:00+00:00', '--job-id', '21', '--raw', '--subdir', 'DAGS_FOLDER/outcomes_dag.py', '--cfg-path', '/tmp/tmpjrh8po4w']
[2023-11-23T03:40:42.163+0000] {standard_task_runner.py:85} INFO - Job 21: Subtask Transform
[2023-11-23T03:40:42.528+0000] {task_command.py:416} INFO - Running <TaskInstance: outcomes_dag.Transform scheduled__2023-11-02T00:00:00+00:00 [running]> on host e647c96745b0
[2023-11-23T03:40:42.798+0000] {taskinstance.py:1662} INFO - Exporting env vars: AIRFLOW_CTX_DAG_OWNER='***' AIRFLOW_CTX_DAG_ID='outcomes_dag' AIRFLOW_CTX_TASK_ID='Transform' AIRFLOW_CTX_EXECUTION_DATE='2023-11-02T00:00:00+00:00' AIRFLOW_CTX_TRY_NUMBER='1' AIRFLOW_CTX_DAG_RUN_ID='scheduled__2023-11-02T00:00:00+00:00'
[2023-11-23T03:40:42.842+0000] {logging_mixin.py:154} INFO - Getting data from Cloud Storage
[2023-11-23T03:40:43.591+0000] {logging_mixin.py:154} INFO - Index(['animal_id', 'datetime', 'monthyear', 'date_of_birth', 'outcome_type',
       'animal_type', 'sex_upon_outcome', 'age_upon_outcome', 'breed', 'color',
       'outcome_subtype', 'name'],
      dtype='object')
[2023-11-23T03:40:43.790+0000] {logging_mixin.py:154} INFO - Data Deposited into Cloud Storage
[2023-11-23T03:40:43.791+0000] {python.py:194} INFO - Done. Returned value was: None
[2023-11-23T03:40:43.812+0000] {taskinstance.py:1400} INFO - Marking task as SUCCESS. dag_id=outcomes_dag, task_id=Transform, execution_date=20231102T000000, start_date=20231123T034041, end_date=20231123T034043
[2023-11-23T03:40:43.891+0000] {local_task_job_runner.py:228} INFO - Task exited with return code 0
