[2023-11-22T07:53:40.660+0000] {taskinstance.py:1159} INFO - Dependencies all met for dep_context=non-requeueable deps ti=<TaskInstance: outcomes_dag.Extract scheduled__2023-11-03T00:00:00+00:00 [queued]>
[2023-11-22T07:53:40.687+0000] {taskinstance.py:1159} INFO - Dependencies all met for dep_context=requeueable deps ti=<TaskInstance: outcomes_dag.Extract scheduled__2023-11-03T00:00:00+00:00 [queued]>
[2023-11-22T07:53:40.692+0000] {taskinstance.py:1361} INFO - Starting attempt 1 of 1
[2023-11-22T07:53:40.766+0000] {taskinstance.py:1382} INFO - Executing <Task(PythonOperator): Extract> on 2023-11-03 00:00:00+00:00
[2023-11-22T07:53:40.774+0000] {standard_task_runner.py:57} INFO - Started process 284 to run task
[2023-11-22T07:53:40.784+0000] {standard_task_runner.py:84} INFO - Running: ['***', 'tasks', 'run', 'outcomes_dag', 'Extract', 'scheduled__2023-11-03T00:00:00+00:00', '--job-id', '18', '--raw', '--subdir', 'DAGS_FOLDER/outcomes_dag.py', '--cfg-path', '/tmp/tmpqe6ocd_e']
[2023-11-22T07:53:40.819+0000] {standard_task_runner.py:85} INFO - Job 18: Subtask Extract
[2023-11-22T07:53:41.037+0000] {task_command.py:416} INFO - Running <TaskInstance: outcomes_dag.Extract scheduled__2023-11-03T00:00:00+00:00 [running]> on host 6318e996d951
[2023-11-22T07:53:42.629+0000] {taskinstance.py:1662} INFO - Exporting env vars: AIRFLOW_CTX_DAG_OWNER='***' AIRFLOW_CTX_DAG_ID='outcomes_dag' AIRFLOW_CTX_TASK_ID='Extract' AIRFLOW_CTX_EXECUTION_DATE='2023-11-03T00:00:00+00:00' AIRFLOW_CTX_TRY_NUMBER='1' AIRFLOW_CTX_DAG_RUN_ID='scheduled__2023-11-03T00:00:00+00:00'
[2023-11-22T07:53:44.921+0000] {logging_mixin.py:154} INFO - Data Deposited into Cloud Storage
[2023-11-22T07:53:44.956+0000] {python.py:194} INFO - Done. Returned value was: None
[2023-11-22T07:53:45.242+0000] {taskinstance.py:1400} INFO - Marking task as SUCCESS. dag_id=outcomes_dag, task_id=Extract, execution_date=20231103T000000, start_date=20231122T075340, end_date=20231122T075345
[2023-11-22T07:53:45.561+0000] {local_task_job_runner.py:228} INFO - Task exited with return code 0
[2023-11-22T22:41:14.705+0000] {taskinstance.py:1159} INFO - Dependencies all met for dep_context=non-requeueable deps ti=<TaskInstance: outcomes_dag.Extract scheduled__2023-11-03T00:00:00+00:00 [queued]>
[2023-11-22T22:41:14.795+0000] {taskinstance.py:1159} INFO - Dependencies all met for dep_context=requeueable deps ti=<TaskInstance: outcomes_dag.Extract scheduled__2023-11-03T00:00:00+00:00 [queued]>
[2023-11-22T22:41:14.804+0000] {taskinstance.py:1361} INFO - Starting attempt 1 of 1
[2023-11-22T22:41:14.885+0000] {taskinstance.py:1382} INFO - Executing <Task(PythonOperator): Extract> on 2023-11-03 00:00:00+00:00
[2023-11-22T22:41:14.936+0000] {standard_task_runner.py:57} INFO - Started process 123 to run task
[2023-11-22T22:41:14.993+0000] {standard_task_runner.py:84} INFO - Running: ['***', 'tasks', 'run', 'outcomes_dag', 'Extract', 'scheduled__2023-11-03T00:00:00+00:00', '--job-id', '12', '--raw', '--subdir', 'DAGS_FOLDER/outcomes_dag.py', '--cfg-path', '/tmp/tmptf9m1tag']
[2023-11-22T22:41:15.087+0000] {standard_task_runner.py:85} INFO - Job 12: Subtask Extract
[2023-11-22T22:41:15.941+0000] {task_command.py:416} INFO - Running <TaskInstance: outcomes_dag.Extract scheduled__2023-11-03T00:00:00+00:00 [running]> on host 8ac13583809b
[2023-11-22T22:41:16.318+0000] {taskinstance.py:1662} INFO - Exporting env vars: AIRFLOW_CTX_DAG_OWNER='***' AIRFLOW_CTX_DAG_ID='outcomes_dag' AIRFLOW_CTX_TASK_ID='Extract' AIRFLOW_CTX_EXECUTION_DATE='2023-11-03T00:00:00+00:00' AIRFLOW_CTX_TRY_NUMBER='1' AIRFLOW_CTX_DAG_RUN_ID='scheduled__2023-11-03T00:00:00+00:00'
[2023-11-22T22:41:18.579+0000] {logging_mixin.py:154} INFO - Data Deposited into Cloud Storage
[2023-11-22T22:41:18.618+0000] {python.py:194} INFO - Done. Returned value was: None
[2023-11-22T22:41:18.836+0000] {taskinstance.py:1400} INFO - Marking task as SUCCESS. dag_id=outcomes_dag, task_id=Extract, execution_date=20231103T000000, start_date=20231122T224114, end_date=20231122T224118
[2023-11-22T22:41:18.994+0000] {local_task_job_runner.py:228} INFO - Task exited with return code 0
[2023-11-22T22:59:38.064+0000] {taskinstance.py:1159} INFO - Dependencies all met for dep_context=non-requeueable deps ti=<TaskInstance: outcomes_dag.Extract scheduled__2023-11-03T00:00:00+00:00 [queued]>
[2023-11-22T22:59:38.084+0000] {taskinstance.py:1159} INFO - Dependencies all met for dep_context=requeueable deps ti=<TaskInstance: outcomes_dag.Extract scheduled__2023-11-03T00:00:00+00:00 [queued]>
[2023-11-22T22:59:38.085+0000] {taskinstance.py:1361} INFO - Starting attempt 1 of 1
[2023-11-22T22:59:38.119+0000] {taskinstance.py:1382} INFO - Executing <Task(PythonOperator): Extract> on 2023-11-03 00:00:00+00:00
[2023-11-22T22:59:38.184+0000] {standard_task_runner.py:57} INFO - Started process 91 to run task
[2023-11-22T22:59:38.244+0000] {standard_task_runner.py:84} INFO - Running: ['***', 'tasks', 'run', 'outcomes_dag', 'Extract', 'scheduled__2023-11-03T00:00:00+00:00', '--job-id', '4', '--raw', '--subdir', 'DAGS_FOLDER/outcomes_dag.py', '--cfg-path', '/tmp/tmpedz887qw']
[2023-11-22T22:59:38.374+0000] {standard_task_runner.py:85} INFO - Job 4: Subtask Extract
[2023-11-22T22:59:38.716+0000] {task_command.py:416} INFO - Running <TaskInstance: outcomes_dag.Extract scheduled__2023-11-03T00:00:00+00:00 [running]> on host 4b2f5af281f8
[2023-11-22T22:59:39.003+0000] {taskinstance.py:1662} INFO - Exporting env vars: AIRFLOW_CTX_DAG_OWNER='***' AIRFLOW_CTX_DAG_ID='outcomes_dag' AIRFLOW_CTX_TASK_ID='Extract' AIRFLOW_CTX_EXECUTION_DATE='2023-11-03T00:00:00+00:00' AIRFLOW_CTX_TRY_NUMBER='1' AIRFLOW_CTX_DAG_RUN_ID='scheduled__2023-11-03T00:00:00+00:00'
[2023-11-22T22:59:41.951+0000] {logging_mixin.py:154} INFO - Data Deposited into Cloud Storage
[2023-11-22T22:59:41.966+0000] {python.py:194} INFO - Done. Returned value was: None
[2023-11-22T22:59:42.046+0000] {taskinstance.py:1400} INFO - Marking task as SUCCESS. dag_id=outcomes_dag, task_id=Extract, execution_date=20231103T000000, start_date=20231122T225938, end_date=20231122T225942
[2023-11-22T22:59:42.143+0000] {local_task_job_runner.py:228} INFO - Task exited with return code 0
[2023-11-22T23:20:06.708+0000] {taskinstance.py:1159} INFO - Dependencies all met for dep_context=non-requeueable deps ti=<TaskInstance: outcomes_dag.Extract scheduled__2023-11-03T00:00:00+00:00 [queued]>
[2023-11-22T23:20:06.716+0000] {taskinstance.py:1159} INFO - Dependencies all met for dep_context=requeueable deps ti=<TaskInstance: outcomes_dag.Extract scheduled__2023-11-03T00:00:00+00:00 [queued]>
[2023-11-22T23:20:06.717+0000] {taskinstance.py:1361} INFO - Starting attempt 1 of 1
[2023-11-22T23:20:06.731+0000] {taskinstance.py:1382} INFO - Executing <Task(PythonOperator): Extract> on 2023-11-03 00:00:00+00:00
[2023-11-22T23:20:06.750+0000] {standard_task_runner.py:57} INFO - Started process 99 to run task
[2023-11-22T23:20:06.758+0000] {standard_task_runner.py:84} INFO - Running: ['***', 'tasks', 'run', 'outcomes_dag', 'Extract', 'scheduled__2023-11-03T00:00:00+00:00', '--job-id', '12', '--raw', '--subdir', 'DAGS_FOLDER/outcomes_dag.py', '--cfg-path', '/tmp/tmpikl7a0m6']
[2023-11-22T23:20:06.761+0000] {standard_task_runner.py:85} INFO - Job 12: Subtask Extract
[2023-11-22T23:20:06.835+0000] {task_command.py:416} INFO - Running <TaskInstance: outcomes_dag.Extract scheduled__2023-11-03T00:00:00+00:00 [running]> on host b410bfb4af5e
[2023-11-22T23:20:07.008+0000] {taskinstance.py:1662} INFO - Exporting env vars: AIRFLOW_CTX_DAG_OWNER='***' AIRFLOW_CTX_DAG_ID='outcomes_dag' AIRFLOW_CTX_TASK_ID='Extract' AIRFLOW_CTX_EXECUTION_DATE='2023-11-03T00:00:00+00:00' AIRFLOW_CTX_TRY_NUMBER='1' AIRFLOW_CTX_DAG_RUN_ID='scheduled__2023-11-03T00:00:00+00:00'
[2023-11-22T23:20:08.472+0000] {logging_mixin.py:154} INFO - Data Deposited into Cloud Storage
[2023-11-22T23:20:08.475+0000] {python.py:194} INFO - Done. Returned value was: None
[2023-11-22T23:20:08.523+0000] {taskinstance.py:1400} INFO - Marking task as SUCCESS. dag_id=outcomes_dag, task_id=Extract, execution_date=20231103T000000, start_date=20231122T232006, end_date=20231122T232008
[2023-11-22T23:20:08.613+0000] {local_task_job_runner.py:228} INFO - Task exited with return code 0
[2023-11-22T23:42:52.252+0000] {taskinstance.py:1159} INFO - Dependencies all met for dep_context=non-requeueable deps ti=<TaskInstance: outcomes_dag.Extract scheduled__2023-11-03T00:00:00+00:00 [queued]>
[2023-11-22T23:42:52.276+0000] {taskinstance.py:1159} INFO - Dependencies all met for dep_context=requeueable deps ti=<TaskInstance: outcomes_dag.Extract scheduled__2023-11-03T00:00:00+00:00 [queued]>
[2023-11-22T23:42:52.276+0000] {taskinstance.py:1361} INFO - Starting attempt 1 of 1
[2023-11-22T23:42:52.290+0000] {taskinstance.py:1382} INFO - Executing <Task(PythonOperator): Extract> on 2023-11-03 00:00:00+00:00
[2023-11-22T23:42:52.349+0000] {standard_task_runner.py:57} INFO - Started process 93 to run task
[2023-11-22T23:42:52.369+0000] {standard_task_runner.py:84} INFO - Running: ['***', 'tasks', 'run', 'outcomes_dag', 'Extract', 'scheduled__2023-11-03T00:00:00+00:00', '--job-id', '6', '--raw', '--subdir', 'DAGS_FOLDER/outcomes_dag.py', '--cfg-path', '/tmp/tmpme6hcz6l']
[2023-11-22T23:42:52.375+0000] {standard_task_runner.py:85} INFO - Job 6: Subtask Extract
[2023-11-22T23:42:52.621+0000] {task_command.py:416} INFO - Running <TaskInstance: outcomes_dag.Extract scheduled__2023-11-03T00:00:00+00:00 [running]> on host 371cae71aa63
[2023-11-22T23:42:52.887+0000] {taskinstance.py:1662} INFO - Exporting env vars: AIRFLOW_CTX_DAG_OWNER='***' AIRFLOW_CTX_DAG_ID='outcomes_dag' AIRFLOW_CTX_TASK_ID='Extract' AIRFLOW_CTX_EXECUTION_DATE='2023-11-03T00:00:00+00:00' AIRFLOW_CTX_TRY_NUMBER='1' AIRFLOW_CTX_DAG_RUN_ID='scheduled__2023-11-03T00:00:00+00:00'
[2023-11-22T23:42:53.767+0000] {logging_mixin.py:154} INFO - Data Deposited into Cloud Storage
[2023-11-22T23:42:53.816+0000] {python.py:194} INFO - Done. Returned value was: None
[2023-11-22T23:42:53.880+0000] {taskinstance.py:1400} INFO - Marking task as SUCCESS. dag_id=outcomes_dag, task_id=Extract, execution_date=20231103T000000, start_date=20231122T234252, end_date=20231122T234253
[2023-11-22T23:42:54.060+0000] {local_task_job_runner.py:228} INFO - Task exited with return code 0
[2023-11-23T00:39:17.303+0000] {taskinstance.py:1159} INFO - Dependencies all met for dep_context=non-requeueable deps ti=<TaskInstance: outcomes_dag.Extract scheduled__2023-11-03T00:00:00+00:00 [queued]>
[2023-11-23T00:39:17.321+0000] {taskinstance.py:1159} INFO - Dependencies all met for dep_context=requeueable deps ti=<TaskInstance: outcomes_dag.Extract scheduled__2023-11-03T00:00:00+00:00 [queued]>
[2023-11-23T00:39:17.321+0000] {taskinstance.py:1361} INFO - Starting attempt 1 of 1
[2023-11-23T00:39:17.518+0000] {taskinstance.py:1382} INFO - Executing <Task(PythonOperator): Extract> on 2023-11-03 00:00:00+00:00
[2023-11-23T00:39:17.529+0000] {standard_task_runner.py:57} INFO - Started process 100 to run task
[2023-11-23T00:39:17.581+0000] {standard_task_runner.py:84} INFO - Running: ['***', 'tasks', 'run', 'outcomes_dag', 'Extract', 'scheduled__2023-11-03T00:00:00+00:00', '--job-id', '5', '--raw', '--subdir', 'DAGS_FOLDER/outcomes_dag.py', '--cfg-path', '/tmp/tmpk04s8k_2']
[2023-11-23T00:39:17.634+0000] {standard_task_runner.py:85} INFO - Job 5: Subtask Extract
[2023-11-23T00:39:17.825+0000] {task_command.py:416} INFO - Running <TaskInstance: outcomes_dag.Extract scheduled__2023-11-03T00:00:00+00:00 [running]> on host 75913536581a
[2023-11-23T00:39:18.028+0000] {taskinstance.py:1662} INFO - Exporting env vars: AIRFLOW_CTX_DAG_OWNER='***' AIRFLOW_CTX_DAG_ID='outcomes_dag' AIRFLOW_CTX_TASK_ID='Extract' AIRFLOW_CTX_EXECUTION_DATE='2023-11-03T00:00:00+00:00' AIRFLOW_CTX_TRY_NUMBER='1' AIRFLOW_CTX_DAG_RUN_ID='scheduled__2023-11-03T00:00:00+00:00'
[2023-11-23T00:39:20.404+0000] {logging_mixin.py:154} INFO - Data Deposited into Cloud Storage
[2023-11-23T00:39:20.422+0000] {python.py:194} INFO - Done. Returned value was: None
[2023-11-23T00:39:20.450+0000] {taskinstance.py:1400} INFO - Marking task as SUCCESS. dag_id=outcomes_dag, task_id=Extract, execution_date=20231103T000000, start_date=20231123T003917, end_date=20231123T003920
[2023-11-23T00:39:20.518+0000] {local_task_job_runner.py:228} INFO - Task exited with return code 0
[2023-11-23T01:49:22.090+0000] {taskinstance.py:1159} INFO - Dependencies all met for dep_context=non-requeueable deps ti=<TaskInstance: outcomes_dag.Extract scheduled__2023-11-03T00:00:00+00:00 [queued]>
[2023-11-23T01:49:22.117+0000] {taskinstance.py:1159} INFO - Dependencies all met for dep_context=requeueable deps ti=<TaskInstance: outcomes_dag.Extract scheduled__2023-11-03T00:00:00+00:00 [queued]>
[2023-11-23T01:49:22.122+0000] {taskinstance.py:1361} INFO - Starting attempt 1 of 1
[2023-11-23T01:49:22.197+0000] {taskinstance.py:1382} INFO - Executing <Task(PythonOperator): Extract> on 2023-11-03 00:00:00+00:00
[2023-11-23T01:49:22.308+0000] {standard_task_runner.py:57} INFO - Started process 91 to run task
[2023-11-23T01:49:22.343+0000] {standard_task_runner.py:84} INFO - Running: ['***', 'tasks', 'run', 'outcomes_dag', 'Extract', 'scheduled__2023-11-03T00:00:00+00:00', '--job-id', '11', '--raw', '--subdir', 'DAGS_FOLDER/outcomes_dag.py', '--cfg-path', '/tmp/tmp41vxsi4g']
[2023-11-23T01:49:22.374+0000] {standard_task_runner.py:85} INFO - Job 11: Subtask Extract
[2023-11-23T01:49:22.632+0000] {task_command.py:416} INFO - Running <TaskInstance: outcomes_dag.Extract scheduled__2023-11-03T00:00:00+00:00 [running]> on host d15d3caa5b00
[2023-11-23T01:49:23.082+0000] {taskinstance.py:1662} INFO - Exporting env vars: AIRFLOW_CTX_DAG_OWNER='***' AIRFLOW_CTX_DAG_ID='outcomes_dag' AIRFLOW_CTX_TASK_ID='Extract' AIRFLOW_CTX_EXECUTION_DATE='2023-11-03T00:00:00+00:00' AIRFLOW_CTX_TRY_NUMBER='1' AIRFLOW_CTX_DAG_RUN_ID='scheduled__2023-11-03T00:00:00+00:00'
[2023-11-23T01:49:24.856+0000] {logging_mixin.py:154} INFO - Data Deposited into Cloud Storage
[2023-11-23T01:49:24.932+0000] {python.py:194} INFO - Done. Returned value was: None
[2023-11-23T01:49:25.093+0000] {taskinstance.py:1400} INFO - Marking task as SUCCESS. dag_id=outcomes_dag, task_id=Extract, execution_date=20231103T000000, start_date=20231123T014922, end_date=20231123T014925
[2023-11-23T01:49:25.207+0000] {local_task_job_runner.py:228} INFO - Task exited with return code 0
[2023-11-23T03:40:30.169+0000] {taskinstance.py:1159} INFO - Dependencies all met for dep_context=non-requeueable deps ti=<TaskInstance: outcomes_dag.Extract scheduled__2023-11-03T00:00:00+00:00 [queued]>
[2023-11-23T03:40:30.247+0000] {taskinstance.py:1159} INFO - Dependencies all met for dep_context=requeueable deps ti=<TaskInstance: outcomes_dag.Extract scheduled__2023-11-03T00:00:00+00:00 [queued]>
[2023-11-23T03:40:30.256+0000] {taskinstance.py:1361} INFO - Starting attempt 1 of 1
[2023-11-23T03:40:30.298+0000] {taskinstance.py:1382} INFO - Executing <Task(PythonOperator): Extract> on 2023-11-03 00:00:00+00:00
[2023-11-23T03:40:30.376+0000] {standard_task_runner.py:57} INFO - Started process 93 to run task
[2023-11-23T03:40:30.480+0000] {standard_task_runner.py:84} INFO - Running: ['***', 'tasks', 'run', 'outcomes_dag', 'Extract', 'scheduled__2023-11-03T00:00:00+00:00', '--job-id', '5', '--raw', '--subdir', 'DAGS_FOLDER/outcomes_dag.py', '--cfg-path', '/tmp/tmpcntj1qsp']
[2023-11-23T03:40:30.523+0000] {standard_task_runner.py:85} INFO - Job 5: Subtask Extract
[2023-11-23T03:40:30.942+0000] {task_command.py:416} INFO - Running <TaskInstance: outcomes_dag.Extract scheduled__2023-11-03T00:00:00+00:00 [running]> on host e647c96745b0
[2023-11-23T03:40:31.469+0000] {taskinstance.py:1662} INFO - Exporting env vars: AIRFLOW_CTX_DAG_OWNER='***' AIRFLOW_CTX_DAG_ID='outcomes_dag' AIRFLOW_CTX_TASK_ID='Extract' AIRFLOW_CTX_EXECUTION_DATE='2023-11-03T00:00:00+00:00' AIRFLOW_CTX_TRY_NUMBER='1' AIRFLOW_CTX_DAG_RUN_ID='scheduled__2023-11-03T00:00:00+00:00'
[2023-11-23T03:40:33.760+0000] {logging_mixin.py:154} INFO - Data Deposited into Cloud Storage
[2023-11-23T03:40:33.800+0000] {python.py:194} INFO - Done. Returned value was: None
[2023-11-23T03:40:33.905+0000] {taskinstance.py:1400} INFO - Marking task as SUCCESS. dag_id=outcomes_dag, task_id=Extract, execution_date=20231103T000000, start_date=20231123T034030, end_date=20231123T034033
[2023-11-23T03:40:34.009+0000] {local_task_job_runner.py:228} INFO - Task exited with return code 0
