[2023-11-22T22:41:36.639+0000] {taskinstance.py:1159} INFO - Dependencies all met for dep_context=non-requeueable deps ti=<TaskInstance: outcomes_dag.Initialize_wharehouse_schema scheduled__2023-11-06T00:00:00+00:00 [queued]>
[2023-11-22T22:41:36.660+0000] {taskinstance.py:1159} INFO - Dependencies all met for dep_context=requeueable deps ti=<TaskInstance: outcomes_dag.Initialize_wharehouse_schema scheduled__2023-11-06T00:00:00+00:00 [queued]>
[2023-11-22T22:41:36.666+0000] {taskinstance.py:1361} INFO - Starting attempt 1 of 1
[2023-11-22T22:41:36.699+0000] {taskinstance.py:1382} INFO - Executing <Task(PythonOperator): Initialize_wharehouse_schema> on 2023-11-06 00:00:00+00:00
[2023-11-22T22:41:36.758+0000] {standard_task_runner.py:57} INFO - Started process 225 to run task
[2023-11-22T22:41:36.788+0000] {standard_task_runner.py:84} INFO - Running: ['***', 'tasks', 'run', 'outcomes_dag', 'Initialize_wharehouse_schema', 'scheduled__2023-11-06T00:00:00+00:00', '--job-id', '42', '--raw', '--subdir', 'DAGS_FOLDER/outcomes_dag.py', '--cfg-path', '/tmp/tmpztsu52qv']
[2023-11-22T22:41:36.810+0000] {standard_task_runner.py:85} INFO - Job 42: Subtask Initialize_wharehouse_schema
[2023-11-22T22:41:36.980+0000] {task_command.py:416} INFO - Running <TaskInstance: outcomes_dag.Initialize_wharehouse_schema scheduled__2023-11-06T00:00:00+00:00 [running]> on host 8ac13583809b
[2023-11-22T22:41:37.221+0000] {taskinstance.py:1662} INFO - Exporting env vars: AIRFLOW_CTX_DAG_OWNER='***' AIRFLOW_CTX_DAG_ID='outcomes_dag' AIRFLOW_CTX_TASK_ID='Initialize_wharehouse_schema' AIRFLOW_CTX_EXECUTION_DATE='2023-11-06T00:00:00+00:00' AIRFLOW_CTX_TRY_NUMBER='1' AIRFLOW_CTX_DAG_RUN_ID='scheduled__2023-11-06T00:00:00+00:00'
[2023-11-22T22:41:37.683+0000] {taskinstance.py:1937} ERROR - Task failed with exception
Traceback (most recent call last):
  File "/home/airflow/.local/lib/python3.8/site-packages/airflow/operators/python.py", line 192, in execute
    return_value = self.execute_callable()
  File "/home/airflow/.local/lib/python3.8/site-packages/airflow/operators/python.py", line 209, in execute_callable
    return self.python_callable(*self.op_args, **self.op_kwargs)
  File "/opt/airflow/dags/ETL/load.py", line 16, in execute_sql_script
    client.query(statement)
  File "/home/airflow/.local/lib/python3.8/site-packages/google/cloud/bigquery/client.py", line 3391, in query
    return _job_helpers.query_jobs_insert(
  File "/home/airflow/.local/lib/python3.8/site-packages/google/cloud/bigquery/_job_helpers.py", line 114, in query_jobs_insert
    future = do_query()
  File "/home/airflow/.local/lib/python3.8/site-packages/google/cloud/bigquery/_job_helpers.py", line 91, in do_query
    query_job._begin(retry=retry, timeout=timeout)
  File "/home/airflow/.local/lib/python3.8/site-packages/google/cloud/bigquery/job/query.py", line 1370, in _begin
    super(QueryJob, self)._begin(client=client, retry=retry, timeout=timeout)
  File "/home/airflow/.local/lib/python3.8/site-packages/google/cloud/bigquery/job/base.py", line 693, in _begin
    api_response = client._call_api(
  File "/home/airflow/.local/lib/python3.8/site-packages/google/cloud/bigquery/client.py", line 808, in _call_api
    return call()
  File "/home/airflow/.local/lib/python3.8/site-packages/google/api_core/retry.py", line 366, in retry_wrapped_func
    return retry_target(
  File "/home/airflow/.local/lib/python3.8/site-packages/google/api_core/retry.py", line 204, in retry_target
    return target()
  File "/home/airflow/.local/lib/python3.8/site-packages/google/cloud/_http/__init__.py", line 494, in api_request
    raise exceptions.from_http_response(response)
google.api_core.exceptions.Forbidden: 403 POST https://bigquery.googleapis.com/bigquery/v2/projects/dcsc-warehouse/jobs?prettyPrint=false: Access Denied: Project dcsc-warehouse: User does not have bigquery.jobs.create permission in project dcsc-warehouse.

Location: None
Job ID: d50e0560-8afb-4b41-be2f-6bf60da9a945

[2023-11-22T22:41:37.734+0000] {taskinstance.py:1400} INFO - Marking task as FAILED. dag_id=outcomes_dag, task_id=Initialize_wharehouse_schema, execution_date=20231106T000000, start_date=20231122T224136, end_date=20231122T224137
[2023-11-22T22:41:37.767+0000] {standard_task_runner.py:104} ERROR - Failed to execute job 42 for task Initialize_wharehouse_schema (403 POST https://bigquery.googleapis.com/bigquery/v2/projects/dcsc-warehouse/jobs?prettyPrint=false: Access Denied: Project dcsc-warehouse: User does not have bigquery.jobs.create permission in project dcsc-warehouse.

Location: None
Job ID: d50e0560-8afb-4b41-be2f-6bf60da9a945
; 225)
[2023-11-22T22:41:37.838+0000] {local_task_job_runner.py:228} INFO - Task exited with return code 1
[2023-11-22T22:59:58.327+0000] {taskinstance.py:1159} INFO - Dependencies all met for dep_context=non-requeueable deps ti=<TaskInstance: outcomes_dag.Initialize_wharehouse_schema scheduled__2023-11-06T00:00:00+00:00 [queued]>
[2023-11-22T22:59:58.371+0000] {taskinstance.py:1159} INFO - Dependencies all met for dep_context=requeueable deps ti=<TaskInstance: outcomes_dag.Initialize_wharehouse_schema scheduled__2023-11-06T00:00:00+00:00 [queued]>
[2023-11-22T22:59:58.375+0000] {taskinstance.py:1361} INFO - Starting attempt 1 of 1
[2023-11-22T22:59:58.428+0000] {taskinstance.py:1382} INFO - Executing <Task(PythonOperator): Initialize_wharehouse_schema> on 2023-11-06 00:00:00+00:00
[2023-11-22T22:59:58.447+0000] {standard_task_runner.py:57} INFO - Started process 207 to run task
[2023-11-22T22:59:58.499+0000] {standard_task_runner.py:84} INFO - Running: ['***', 'tasks', 'run', 'outcomes_dag', 'Initialize_wharehouse_schema', 'scheduled__2023-11-06T00:00:00+00:00', '--job-id', '46', '--raw', '--subdir', 'DAGS_FOLDER/outcomes_dag.py', '--cfg-path', '/tmp/tmpt1gg73k1']
[2023-11-22T22:59:58.547+0000] {standard_task_runner.py:85} INFO - Job 46: Subtask Initialize_wharehouse_schema
[2023-11-22T22:59:59.021+0000] {task_command.py:416} INFO - Running <TaskInstance: outcomes_dag.Initialize_wharehouse_schema scheduled__2023-11-06T00:00:00+00:00 [running]> on host 4b2f5af281f8
[2023-11-22T22:59:59.492+0000] {taskinstance.py:1662} INFO - Exporting env vars: AIRFLOW_CTX_DAG_OWNER='***' AIRFLOW_CTX_DAG_ID='outcomes_dag' AIRFLOW_CTX_TASK_ID='Initialize_wharehouse_schema' AIRFLOW_CTX_EXECUTION_DATE='2023-11-06T00:00:00+00:00' AIRFLOW_CTX_TRY_NUMBER='1' AIRFLOW_CTX_DAG_RUN_ID='scheduled__2023-11-06T00:00:00+00:00'
[2023-11-22T23:00:02.171+0000] {python.py:194} INFO - Done. Returned value was: None
[2023-11-22T23:00:02.329+0000] {taskinstance.py:1400} INFO - Marking task as SUCCESS. dag_id=outcomes_dag, task_id=Initialize_wharehouse_schema, execution_date=20231106T000000, start_date=20231122T225958, end_date=20231122T230002
[2023-11-22T23:00:02.714+0000] {local_task_job_runner.py:228} INFO - Task exited with return code 0
[2023-11-23T00:39:33.880+0000] {taskinstance.py:1159} INFO - Dependencies all met for dep_context=non-requeueable deps ti=<TaskInstance: outcomes_dag.Initialize_wharehouse_schema scheduled__2023-11-06T00:00:00+00:00 [queued]>
[2023-11-23T00:39:33.890+0000] {taskinstance.py:1159} INFO - Dependencies all met for dep_context=requeueable deps ti=<TaskInstance: outcomes_dag.Initialize_wharehouse_schema scheduled__2023-11-06T00:00:00+00:00 [queued]>
[2023-11-23T00:39:33.890+0000] {taskinstance.py:1361} INFO - Starting attempt 1 of 1
[2023-11-23T00:39:33.900+0000] {taskinstance.py:1382} INFO - Executing <Task(PythonOperator): Initialize_wharehouse_schema> on 2023-11-06 00:00:00+00:00
[2023-11-23T00:39:33.913+0000] {standard_task_runner.py:57} INFO - Started process 206 to run task
[2023-11-23T00:39:33.925+0000] {standard_task_runner.py:84} INFO - Running: ['***', 'tasks', 'run', 'outcomes_dag', 'Initialize_wharehouse_schema', 'scheduled__2023-11-06T00:00:00+00:00', '--job-id', '47', '--raw', '--subdir', 'DAGS_FOLDER/outcomes_dag.py', '--cfg-path', '/tmp/tmpw6t4kkqx']
[2023-11-23T00:39:33.937+0000] {standard_task_runner.py:85} INFO - Job 47: Subtask Initialize_wharehouse_schema
[2023-11-23T00:39:34.059+0000] {task_command.py:416} INFO - Running <TaskInstance: outcomes_dag.Initialize_wharehouse_schema scheduled__2023-11-06T00:00:00+00:00 [running]> on host 75913536581a
[2023-11-23T00:39:34.189+0000] {taskinstance.py:1662} INFO - Exporting env vars: AIRFLOW_CTX_DAG_OWNER='***' AIRFLOW_CTX_DAG_ID='outcomes_dag' AIRFLOW_CTX_TASK_ID='Initialize_wharehouse_schema' AIRFLOW_CTX_EXECUTION_DATE='2023-11-06T00:00:00+00:00' AIRFLOW_CTX_TRY_NUMBER='1' AIRFLOW_CTX_DAG_RUN_ID='scheduled__2023-11-06T00:00:00+00:00'
[2023-11-23T00:39:35.837+0000] {python.py:194} INFO - Done. Returned value was: None
[2023-11-23T00:39:35.968+0000] {taskinstance.py:1400} INFO - Marking task as SUCCESS. dag_id=outcomes_dag, task_id=Initialize_wharehouse_schema, execution_date=20231106T000000, start_date=20231123T003933, end_date=20231123T003935
[2023-11-23T00:39:36.113+0000] {local_task_job_runner.py:228} INFO - Task exited with return code 0
