[2023-11-23T01:52:58.941+0000] {taskinstance.py:1159} INFO - Dependencies all met for dep_context=non-requeueable deps ti=<TaskInstance: outcomes_dag.Insert scheduled__2023-11-22T00:00:00+00:00 [queued]>
[2023-11-23T01:52:58.945+0000] {taskinstance.py:1159} INFO - Dependencies all met for dep_context=requeueable deps ti=<TaskInstance: outcomes_dag.Insert scheduled__2023-11-22T00:00:00+00:00 [queued]>
[2023-11-23T01:52:58.945+0000] {taskinstance.py:1361} INFO - Starting attempt 2 of 2
[2023-11-23T01:52:58.951+0000] {taskinstance.py:1382} INFO - Executing <Task(PythonOperator): Insert> on 2023-11-22 00:00:00+00:00
[2023-11-23T01:52:58.956+0000] {standard_task_runner.py:57} INFO - Started process 382 to run task
[2023-11-23T01:52:58.959+0000] {standard_task_runner.py:84} INFO - Running: ['***', 'tasks', 'run', 'outcomes_dag', 'Insert', 'scheduled__2023-11-22T00:00:00+00:00', '--job-id', '92', '--raw', '--subdir', 'DAGS_FOLDER/outcomes_dag.py', '--cfg-path', '/tmp/tmpfihu93oe']
[2023-11-23T01:52:58.962+0000] {standard_task_runner.py:85} INFO - Job 92: Subtask Insert
[2023-11-23T01:52:59.000+0000] {task_command.py:416} INFO - Running <TaskInstance: outcomes_dag.Insert scheduled__2023-11-22T00:00:00+00:00 [running]> on host d15d3caa5b00
[2023-11-23T01:52:59.048+0000] {taskinstance.py:1662} INFO - Exporting env vars: AIRFLOW_CTX_DAG_OWNER='***' AIRFLOW_CTX_DAG_ID='outcomes_dag' AIRFLOW_CTX_TASK_ID='Insert' AIRFLOW_CTX_EXECUTION_DATE='2023-11-22T00:00:00+00:00' AIRFLOW_CTX_TRY_NUMBER='2' AIRFLOW_CTX_DAG_RUN_ID='scheduled__2023-11-22T00:00:00+00:00'
[2023-11-23T01:52:59.067+0000] {logging_mixin.py:154} INFO - Error executing SQL script: (psycopg2.errors.UndefinedTable) relation "animal_dim" does not exist
LINE 4: INSERT INTO animal_dim ("Animal ID", "Name", "Animal Type", ...
                    ^

[SQL: --- INSERT DATA INTO DIMENSION TABLES

--- Animal Dimension
INSERT INTO animal_dim ("Animal ID", "Name", "Animal Type", "Breed", "Color", "Sex", "DOB")
SELECT DISTINCT "Animal ID", "Name", "Animal Type", "Breed", "Color", "Sex", "DOB"
FROM outcomes_staging
WHERE "Animal ID" IS NOT NULL;

--- Outcomes Dimension
INSERT INTO outcome_type_dim ("Outcome Type")
SELECT DISTINCT "Outcome"
FROM outcomes_staging
WHERE "Outcome" IS NOT NULL;

--- Reproductive Status Dimension
INSERT INTO reproductive_status_dim ("Reproductive Status")
SELECT DISTINCT "Reproductive Status"
FROM outcomes_staging
WHERE "Reproductive Status" IS NOT NULL;

--- Date Dimension
INSERT INTO date_dim ("Date ID", "Day", "Month", "Year")
SELECT DISTINCT "Date ID", "Day", "Month", "Year"
FROM outcomes_staging
WHERE "Date ID" IS NOT NULL;




--- INSERT DATA INTO FACT TABLE
INSERT INTO outcomes_fct ("Date", "Animal", "Outcome", "Repo Status")
SELECT 
    dd."Date ID",
    ad."Animal ID",
    otd."Outcome ID",
    rsd."Status ID"
FROM outcomes_staging os
JOIN date_dim dd ON os."Date ID" = dd."Date ID"
JOIN animal_dim ad ON os."Animal ID" = ad."Animal ID"
JOIN outcome_type_dim otd ON os."Outcome" = otd."Outcome Type"
JOIN reproductive_status_dim rsd ON os."Reproductive Status" = rsd."Reproductive Status";

]
(Background on this error at: https://sqlalche.me/e/14/f405)
[2023-11-23T01:52:59.067+0000] {python.py:194} INFO - Done. Returned value was: None
[2023-11-23T01:52:59.075+0000] {taskinstance.py:1400} INFO - Marking task as SUCCESS. dag_id=outcomes_dag, task_id=Insert, execution_date=20231122T000000, start_date=20231123T015258, end_date=20231123T015259
[2023-11-23T01:52:59.091+0000] {local_task_job_runner.py:228} INFO - Task exited with return code 0
[2023-11-23T01:52:59.102+0000] {taskinstance.py:2778} INFO - 0 downstream tasks scheduled from follow-on schedule check
[2023-11-23T03:02:10.350+0000] {taskinstance.py:1159} INFO - Dependencies all met for dep_context=non-requeueable deps ti=<TaskInstance: outcomes_dag.Insert scheduled__2023-11-22T00:00:00+00:00 [queued]>
[2023-11-23T03:02:10.354+0000] {taskinstance.py:1159} INFO - Dependencies all met for dep_context=requeueable deps ti=<TaskInstance: outcomes_dag.Insert scheduled__2023-11-22T00:00:00+00:00 [queued]>
[2023-11-23T03:02:10.354+0000] {taskinstance.py:1361} INFO - Starting attempt 2 of 2
[2023-11-23T03:02:10.438+0000] {taskinstance.py:1382} INFO - Executing <Task(PythonOperator): Insert> on 2023-11-22 00:00:00+00:00
[2023-11-23T03:02:10.442+0000] {standard_task_runner.py:57} INFO - Started process 232 to run task
[2023-11-23T03:02:10.445+0000] {standard_task_runner.py:84} INFO - Running: ['***', 'tasks', 'run', 'outcomes_dag', 'Insert', 'scheduled__2023-11-22T00:00:00+00:00', '--job-id', '34', '--raw', '--subdir', 'DAGS_FOLDER/outcomes_dag.py', '--cfg-path', '/tmp/tmpl7z80plq']
[2023-11-23T03:02:10.447+0000] {standard_task_runner.py:85} INFO - Job 34: Subtask Insert
[2023-11-23T03:02:10.475+0000] {task_command.py:416} INFO - Running <TaskInstance: outcomes_dag.Insert scheduled__2023-11-22T00:00:00+00:00 [running]> on host 1268bd8e5db0
[2023-11-23T03:02:10.512+0000] {taskinstance.py:1662} INFO - Exporting env vars: AIRFLOW_CTX_DAG_OWNER='***' AIRFLOW_CTX_DAG_ID='outcomes_dag' AIRFLOW_CTX_TASK_ID='Insert' AIRFLOW_CTX_EXECUTION_DATE='2023-11-22T00:00:00+00:00' AIRFLOW_CTX_TRY_NUMBER='2' AIRFLOW_CTX_DAG_RUN_ID='scheduled__2023-11-22T00:00:00+00:00'
[2023-11-23T03:02:10.528+0000] {python.py:194} INFO - Done. Returned value was: None
[2023-11-23T03:02:10.535+0000] {taskinstance.py:1400} INFO - Marking task as SUCCESS. dag_id=outcomes_dag, task_id=Insert, execution_date=20231122T000000, start_date=20231123T030210, end_date=20231123T030210
[2023-11-23T03:02:10.578+0000] {local_task_job_runner.py:228} INFO - Task exited with return code 0
[2023-11-23T03:02:10.587+0000] {taskinstance.py:2778} INFO - 0 downstream tasks scheduled from follow-on schedule check
