[2023-11-21T01:21:24.182+0000] {taskinstance.py:1159} INFO - Dependencies all met for dep_context=non-requeueable deps ti=<TaskInstance: outcomes_dag.load scheduled__2023-11-20T00:00:00+00:00 [queued]>
[2023-11-21T01:21:24.190+0000] {taskinstance.py:1159} INFO - Dependencies all met for dep_context=requeueable deps ti=<TaskInstance: outcomes_dag.load scheduled__2023-11-20T00:00:00+00:00 [queued]>
[2023-11-21T01:21:24.190+0000] {taskinstance.py:1361} INFO - Starting attempt 1 of 1
[2023-11-21T01:21:24.198+0000] {taskinstance.py:1382} INFO - Executing <Task(PythonOperator): load> on 2023-11-20 00:00:00+00:00
[2023-11-21T01:21:24.204+0000] {standard_task_runner.py:57} INFO - Started process 317 to run task
[2023-11-21T01:21:24.208+0000] {standard_task_runner.py:84} INFO - Running: ['***', 'tasks', 'run', 'outcomes_dag', 'load', 'scheduled__2023-11-20T00:00:00+00:00', '--job-id', '62', '--raw', '--subdir', 'DAGS_FOLDER/outcomes_dag.py', '--cfg-path', '/tmp/tmpndi25n86']
[2023-11-21T01:21:24.214+0000] {standard_task_runner.py:85} INFO - Job 62: Subtask load
[2023-11-21T01:21:24.290+0000] {task_command.py:416} INFO - Running <TaskInstance: outcomes_dag.load scheduled__2023-11-20T00:00:00+00:00 [running]> on host f31a30014ab0
[2023-11-21T01:21:24.731+0000] {taskinstance.py:1662} INFO - Exporting env vars: AIRFLOW_CTX_DAG_OWNER='***' AIRFLOW_CTX_DAG_ID='outcomes_dag' AIRFLOW_CTX_TASK_ID='load' AIRFLOW_CTX_EXECUTION_DATE='2023-11-20T00:00:00+00:00' AIRFLOW_CTX_TRY_NUMBER='1' AIRFLOW_CTX_DAG_RUN_ID='scheduled__2023-11-20T00:00:00+00:00'
[2023-11-21T01:21:24.748+0000] {taskinstance.py:1937} ERROR - Task failed with exception
Traceback (most recent call last):
  File "/home/airflow/.local/lib/python3.8/site-packages/airflow/operators/python.py", line 192, in execute
    return_value = self.execute_callable()
  File "/home/airflow/.local/lib/python3.8/site-packages/airflow/operators/python.py", line 209, in execute_callable
    return self.python_callable(*self.op_args, **self.op_kwargs)
  File "/opt/airflow/dags/ETL/load.py", line 11, in load_data
    data_to_staging(filename, engine)
  File "/opt/airflow/dags/ETL/load.py", line 19, in data_to_staging
    data = pd.read_parquet(filename)
  File "/home/airflow/.local/lib/python3.8/site-packages/pandas/io/parquet.py", line 509, in read_parquet
    return impl.read(
  File "/home/airflow/.local/lib/python3.8/site-packages/pandas/io/parquet.py", line 220, in read
    path_or_handle, handles, kwargs["filesystem"] = _get_path_or_handle(
  File "/home/airflow/.local/lib/python3.8/site-packages/pandas/io/parquet.py", line 110, in _get_path_or_handle
    handles = get_handle(
  File "/home/airflow/.local/lib/python3.8/site-packages/pandas/io/common.py", line 868, in get_handle
    handle = open(handle, ioargs.mode)
FileNotFoundError: [Errno 2] No such file or directory: '/opt/airflow/data/2023-11-20/processed/transformed_shelter_data.parquet'
[2023-11-21T01:21:24.770+0000] {taskinstance.py:1400} INFO - Marking task as FAILED. dag_id=outcomes_dag, task_id=load, execution_date=20231120T000000, start_date=20231121T012124, end_date=20231121T012124
[2023-11-21T01:21:24.787+0000] {standard_task_runner.py:104} ERROR - Failed to execute job 62 for task load ([Errno 2] No such file or directory: '/opt/airflow/data/2023-11-20/processed/transformed_shelter_data.parquet'; 317)
[2023-11-21T01:21:24.827+0000] {local_task_job_runner.py:228} INFO - Task exited with return code 1
[2023-11-21T01:21:24.871+0000] {taskinstance.py:2778} INFO - 0 downstream tasks scheduled from follow-on schedule check
[2023-11-21T02:36:34.075+0000] {taskinstance.py:1159} INFO - Dependencies all met for dep_context=non-requeueable deps ti=<TaskInstance: outcomes_dag.load scheduled__2023-11-20T00:00:00+00:00 [queued]>
[2023-11-21T02:36:34.099+0000] {taskinstance.py:1159} INFO - Dependencies all met for dep_context=requeueable deps ti=<TaskInstance: outcomes_dag.load scheduled__2023-11-20T00:00:00+00:00 [queued]>
[2023-11-21T02:36:34.101+0000] {taskinstance.py:1361} INFO - Starting attempt 1 of 1
[2023-11-21T02:36:34.118+0000] {taskinstance.py:1382} INFO - Executing <Task(PythonOperator): load> on 2023-11-20 00:00:00+00:00
[2023-11-21T02:36:34.134+0000] {standard_task_runner.py:57} INFO - Started process 305 to run task
[2023-11-21T02:36:34.151+0000] {standard_task_runner.py:84} INFO - Running: ['***', 'tasks', 'run', 'outcomes_dag', 'load', 'scheduled__2023-11-20T00:00:00+00:00', '--job-id', '60', '--raw', '--subdir', 'DAGS_FOLDER/outcomes_dag.py', '--cfg-path', '/tmp/tmp88g6eujo']
[2023-11-21T02:36:34.175+0000] {standard_task_runner.py:85} INFO - Job 60: Subtask load
[2023-11-21T02:36:34.308+0000] {task_command.py:416} INFO - Running <TaskInstance: outcomes_dag.load scheduled__2023-11-20T00:00:00+00:00 [running]> on host b875fa978b1e
[2023-11-21T02:36:35.046+0000] {taskinstance.py:1662} INFO - Exporting env vars: AIRFLOW_CTX_DAG_OWNER='***' AIRFLOW_CTX_DAG_ID='outcomes_dag' AIRFLOW_CTX_TASK_ID='load' AIRFLOW_CTX_EXECUTION_DATE='2023-11-20T00:00:00+00:00' AIRFLOW_CTX_TRY_NUMBER='1' AIRFLOW_CTX_DAG_RUN_ID='scheduled__2023-11-20T00:00:00+00:00'
[2023-11-21T02:36:35.063+0000] {taskinstance.py:1937} ERROR - Task failed with exception
Traceback (most recent call last):
  File "/home/airflow/.local/lib/python3.8/site-packages/airflow/operators/python.py", line 192, in execute
    return_value = self.execute_callable()
  File "/home/airflow/.local/lib/python3.8/site-packages/airflow/operators/python.py", line 209, in execute_callable
    return self.python_callable(*self.op_args, **self.op_kwargs)
  File "/opt/airflow/dags/ETL/load.py", line 11, in load_data
    data_to_staging(filename, engine)
  File "/opt/airflow/dags/ETL/load.py", line 19, in data_to_staging
    data = pd.read_parquet(filename)
  File "/home/airflow/.local/lib/python3.8/site-packages/pandas/io/parquet.py", line 509, in read_parquet
    return impl.read(
  File "/home/airflow/.local/lib/python3.8/site-packages/pandas/io/parquet.py", line 220, in read
    path_or_handle, handles, kwargs["filesystem"] = _get_path_or_handle(
  File "/home/airflow/.local/lib/python3.8/site-packages/pandas/io/parquet.py", line 110, in _get_path_or_handle
    handles = get_handle(
  File "/home/airflow/.local/lib/python3.8/site-packages/pandas/io/common.py", line 868, in get_handle
    handle = open(handle, ioargs.mode)
FileNotFoundError: [Errno 2] No such file or directory: '/opt/airflow/data/2023-11-20/processed/transformed_shelter_data.parquet'
[2023-11-21T02:36:35.072+0000] {taskinstance.py:1400} INFO - Marking task as FAILED. dag_id=outcomes_dag, task_id=load, execution_date=20231120T000000, start_date=20231121T023634, end_date=20231121T023635
[2023-11-21T02:36:35.081+0000] {standard_task_runner.py:104} ERROR - Failed to execute job 60 for task load ([Errno 2] No such file or directory: '/opt/airflow/data/2023-11-20/processed/transformed_shelter_data.parquet'; 305)
[2023-11-21T02:36:35.135+0000] {local_task_job_runner.py:228} INFO - Task exited with return code 1
[2023-11-21T02:36:35.156+0000] {taskinstance.py:2778} INFO - 0 downstream tasks scheduled from follow-on schedule check
[2023-11-21T03:16:14.875+0000] {taskinstance.py:1159} INFO - Dependencies all met for dep_context=non-requeueable deps ti=<TaskInstance: outcomes_dag.load scheduled__2023-11-20T00:00:00+00:00 [queued]>
[2023-11-21T03:16:14.884+0000] {taskinstance.py:1159} INFO - Dependencies all met for dep_context=requeueable deps ti=<TaskInstance: outcomes_dag.load scheduled__2023-11-20T00:00:00+00:00 [queued]>
[2023-11-21T03:16:14.885+0000] {taskinstance.py:1361} INFO - Starting attempt 1 of 1
[2023-11-21T03:16:14.891+0000] {taskinstance.py:1382} INFO - Executing <Task(PythonOperator): load> on 2023-11-20 00:00:00+00:00
[2023-11-21T03:16:14.896+0000] {standard_task_runner.py:57} INFO - Started process 130 to run task
[2023-11-21T03:16:14.900+0000] {standard_task_runner.py:84} INFO - Running: ['***', 'tasks', 'run', 'outcomes_dag', 'load', 'scheduled__2023-11-20T00:00:00+00:00', '--job-id', '21', '--raw', '--subdir', 'DAGS_FOLDER/outcomes_dag.py', '--cfg-path', '/tmp/tmpcrtn40he']
[2023-11-21T03:16:14.905+0000] {standard_task_runner.py:85} INFO - Job 21: Subtask load
[2023-11-21T03:16:15.000+0000] {task_command.py:416} INFO - Running <TaskInstance: outcomes_dag.load scheduled__2023-11-20T00:00:00+00:00 [running]> on host 33d8c5494200
[2023-11-21T03:16:15.503+0000] {taskinstance.py:1662} INFO - Exporting env vars: AIRFLOW_CTX_DAG_OWNER='***' AIRFLOW_CTX_DAG_ID='outcomes_dag' AIRFLOW_CTX_TASK_ID='load' AIRFLOW_CTX_EXECUTION_DATE='2023-11-20T00:00:00+00:00' AIRFLOW_CTX_TRY_NUMBER='1' AIRFLOW_CTX_DAG_RUN_ID='scheduled__2023-11-20T00:00:00+00:00'
[2023-11-21T03:16:15.911+0000] {logging_mixin.py:154} INFO - Data is in Staging Table...
[2023-11-21T03:16:15.916+0000] {taskinstance.py:1937} ERROR - Task failed with exception
Traceback (most recent call last):
  File "/home/airflow/.local/lib/python3.8/site-packages/airflow/operators/python.py", line 192, in execute
    return_value = self.execute_callable()
  File "/home/airflow/.local/lib/python3.8/site-packages/airflow/operators/python.py", line 209, in execute_callable
    return self.python_callable(*self.op_args, **self.op_kwargs)
  File "/opt/airflow/dags/ETL/load.py", line 13, in load_data
    execute_sql_script(engine)
  File "/opt/airflow/dags/ETL/load.py", line 38, in execute_sql_script
    with open(script_path, 'r') as file:
FileNotFoundError: [Errno 2] No such file or directory: 'data_insertion.sql'
[2023-11-21T03:16:15.937+0000] {taskinstance.py:1400} INFO - Marking task as FAILED. dag_id=outcomes_dag, task_id=load, execution_date=20231120T000000, start_date=20231121T031614, end_date=20231121T031615
[2023-11-21T03:16:15.947+0000] {standard_task_runner.py:104} ERROR - Failed to execute job 21 for task load ([Errno 2] No such file or directory: 'data_insertion.sql'; 130)
[2023-11-21T03:16:16.017+0000] {local_task_job_runner.py:228} INFO - Task exited with return code 1
[2023-11-21T03:16:16.085+0000] {taskinstance.py:2778} INFO - 0 downstream tasks scheduled from follow-on schedule check
[2023-11-22T03:22:57.166+0000] {taskinstance.py:1159} INFO - Dependencies all met for dep_context=non-requeueable deps ti=<TaskInstance: outcomes_dag.Load scheduled__2023-11-20T00:00:00+00:00 [queued]>
[2023-11-22T03:22:57.172+0000] {taskinstance.py:1159} INFO - Dependencies all met for dep_context=requeueable deps ti=<TaskInstance: outcomes_dag.Load scheduled__2023-11-20T00:00:00+00:00 [queued]>
[2023-11-22T03:22:57.173+0000] {taskinstance.py:1361} INFO - Starting attempt 1 of 1
[2023-11-22T03:22:57.179+0000] {taskinstance.py:1382} INFO - Executing <Task(PythonOperator): Load> on 2023-11-20 00:00:00+00:00
[2023-11-22T03:22:57.188+0000] {standard_task_runner.py:57} INFO - Started process 126 to run task
[2023-11-22T03:22:57.193+0000] {standard_task_runner.py:84} INFO - Running: ['***', 'tasks', 'run', 'outcomes_dag', 'Load', 'scheduled__2023-11-20T00:00:00+00:00', '--job-id', '24', '--raw', '--subdir', 'DAGS_FOLDER/outcomes_dag.py', '--cfg-path', '/tmp/tmpnjxxfhi5']
[2023-11-22T03:22:57.195+0000] {standard_task_runner.py:85} INFO - Job 24: Subtask Load
[2023-11-22T03:22:57.235+0000] {task_command.py:416} INFO - Running <TaskInstance: outcomes_dag.Load scheduled__2023-11-20T00:00:00+00:00 [running]> on host cf56a4e96859
[2023-11-22T03:22:57.292+0000] {taskinstance.py:1662} INFO - Exporting env vars: AIRFLOW_CTX_DAG_OWNER='***' AIRFLOW_CTX_DAG_ID='outcomes_dag' AIRFLOW_CTX_TASK_ID='Load' AIRFLOW_CTX_EXECUTION_DATE='2023-11-20T00:00:00+00:00' AIRFLOW_CTX_TRY_NUMBER='1' AIRFLOW_CTX_DAG_RUN_ID='scheduled__2023-11-20T00:00:00+00:00'
[2023-11-22T03:22:57.294+0000] {logging_mixin.py:154} INFO - Getting data from Cloud Storage
[2023-11-22T03:22:58.111+0000] {logging_mixin.py:154} INFO - Data is in Staging Table...
[2023-11-22T03:22:59.140+0000] {logging_mixin.py:154} INFO - Data is Loaded into Fact & Dim Tables
[2023-11-22T03:22:59.142+0000] {python.py:194} INFO - Done. Returned value was: None
[2023-11-22T03:22:59.155+0000] {taskinstance.py:1400} INFO - Marking task as SUCCESS. dag_id=outcomes_dag, task_id=Load, execution_date=20231120T000000, start_date=20231122T032257, end_date=20231122T032259
[2023-11-22T03:22:59.225+0000] {local_task_job_runner.py:228} INFO - Task exited with return code 0
[2023-11-22T03:22:59.251+0000] {taskinstance.py:2778} INFO - 0 downstream tasks scheduled from follow-on schedule check
[2023-11-22T03:55:57.725+0000] {taskinstance.py:1159} INFO - Dependencies all met for dep_context=non-requeueable deps ti=<TaskInstance: outcomes_dag.Load scheduled__2023-11-20T00:00:00+00:00 [queued]>
[2023-11-22T03:55:57.730+0000] {taskinstance.py:1159} INFO - Dependencies all met for dep_context=requeueable deps ti=<TaskInstance: outcomes_dag.Load scheduled__2023-11-20T00:00:00+00:00 [queued]>
[2023-11-22T03:55:57.730+0000] {taskinstance.py:1361} INFO - Starting attempt 1 of 1
[2023-11-22T03:55:57.736+0000] {taskinstance.py:1382} INFO - Executing <Task(PythonOperator): Load> on 2023-11-20 00:00:00+00:00
[2023-11-22T03:55:57.741+0000] {standard_task_runner.py:57} INFO - Started process 128 to run task
[2023-11-22T03:55:57.746+0000] {standard_task_runner.py:84} INFO - Running: ['***', 'tasks', 'run', 'outcomes_dag', 'Load', 'scheduled__2023-11-20T00:00:00+00:00', '--job-id', '26', '--raw', '--subdir', 'DAGS_FOLDER/outcomes_dag.py', '--cfg-path', '/tmp/tmpyp4h0j4r']
[2023-11-22T03:55:57.749+0000] {standard_task_runner.py:85} INFO - Job 26: Subtask Load
[2023-11-22T03:55:57.784+0000] {task_command.py:416} INFO - Running <TaskInstance: outcomes_dag.Load scheduled__2023-11-20T00:00:00+00:00 [running]> on host cf936e748923
[2023-11-22T03:55:57.836+0000] {taskinstance.py:1662} INFO - Exporting env vars: AIRFLOW_CTX_DAG_OWNER='***' AIRFLOW_CTX_DAG_ID='outcomes_dag' AIRFLOW_CTX_TASK_ID='Load' AIRFLOW_CTX_EXECUTION_DATE='2023-11-20T00:00:00+00:00' AIRFLOW_CTX_TRY_NUMBER='1' AIRFLOW_CTX_DAG_RUN_ID='scheduled__2023-11-20T00:00:00+00:00'
[2023-11-22T03:55:57.837+0000] {logging_mixin.py:154} INFO - Getting data from Cloud Storage
[2023-11-22T03:55:58.990+0000] {logging_mixin.py:154} INFO - Data is in Staging Table...
[2023-11-22T03:55:59.695+0000] {logging_mixin.py:154} INFO - Data is Loaded into Fact & Dim Tables
[2023-11-22T03:55:59.697+0000] {python.py:194} INFO - Done. Returned value was: None
[2023-11-22T03:55:59.712+0000] {taskinstance.py:1400} INFO - Marking task as SUCCESS. dag_id=outcomes_dag, task_id=Load, execution_date=20231120T000000, start_date=20231122T035557, end_date=20231122T035559
[2023-11-22T03:55:59.755+0000] {local_task_job_runner.py:228} INFO - Task exited with return code 0
[2023-11-22T03:55:59.785+0000] {taskinstance.py:2778} INFO - 0 downstream tasks scheduled from follow-on schedule check
[2023-11-22T05:47:52.340+0000] {taskinstance.py:1159} INFO - Dependencies all met for dep_context=non-requeueable deps ti=<TaskInstance: outcomes_dag.Load scheduled__2023-11-20T00:00:00+00:00 [queued]>
[2023-11-22T05:47:52.349+0000] {taskinstance.py:1159} INFO - Dependencies all met for dep_context=requeueable deps ti=<TaskInstance: outcomes_dag.Load scheduled__2023-11-20T00:00:00+00:00 [queued]>
[2023-11-22T05:47:52.349+0000] {taskinstance.py:1361} INFO - Starting attempt 1 of 4
[2023-11-22T05:47:52.358+0000] {taskinstance.py:1382} INFO - Executing <Task(PythonOperator): Load> on 2023-11-20 00:00:00+00:00
[2023-11-22T05:47:52.371+0000] {standard_task_runner.py:57} INFO - Started process 201 to run task
[2023-11-22T05:47:52.393+0000] {standard_task_runner.py:84} INFO - Running: ['***', 'tasks', 'run', 'outcomes_dag', 'Load', 'scheduled__2023-11-20T00:00:00+00:00', '--job-id', '27', '--raw', '--subdir', 'DAGS_FOLDER/outcomes_dag.py', '--cfg-path', '/tmp/tmpqgxgbnxg']
[2023-11-22T05:47:52.427+0000] {standard_task_runner.py:85} INFO - Job 27: Subtask Load
[2023-11-22T05:47:52.536+0000] {task_command.py:416} INFO - Running <TaskInstance: outcomes_dag.Load scheduled__2023-11-20T00:00:00+00:00 [running]> on host 6e2e77b078ed
[2023-11-22T05:47:52.606+0000] {taskinstance.py:1662} INFO - Exporting env vars: AIRFLOW_CTX_DAG_OWNER='***' AIRFLOW_CTX_DAG_ID='outcomes_dag' AIRFLOW_CTX_TASK_ID='Load' AIRFLOW_CTX_EXECUTION_DATE='2023-11-20T00:00:00+00:00' AIRFLOW_CTX_TRY_NUMBER='1' AIRFLOW_CTX_DAG_RUN_ID='scheduled__2023-11-20T00:00:00+00:00'
[2023-11-22T05:47:52.608+0000] {logging_mixin.py:154} INFO - Getting data from Cloud Storage
[2023-11-22T05:47:53.285+0000] {logging_mixin.py:154} INFO - Data is in Staging Table...
[2023-11-22T05:47:53.286+0000] {python.py:194} INFO - Done. Returned value was: None
[2023-11-22T05:47:53.295+0000] {taskinstance.py:1400} INFO - Marking task as SUCCESS. dag_id=outcomes_dag, task_id=Load, execution_date=20231120T000000, start_date=20231122T054752, end_date=20231122T054753
[2023-11-22T05:47:53.332+0000] {local_task_job_runner.py:228} INFO - Task exited with return code 0
[2023-11-22T06:09:44.101+0000] {taskinstance.py:1159} INFO - Dependencies all met for dep_context=non-requeueable deps ti=<TaskInstance: outcomes_dag.Load scheduled__2023-11-20T00:00:00+00:00 [queued]>
[2023-11-22T06:09:44.122+0000] {taskinstance.py:1159} INFO - Dependencies all met for dep_context=requeueable deps ti=<TaskInstance: outcomes_dag.Load scheduled__2023-11-20T00:00:00+00:00 [queued]>
[2023-11-22T06:09:44.128+0000] {taskinstance.py:1361} INFO - Starting attempt 1 of 4
[2023-11-22T06:09:44.152+0000] {taskinstance.py:1382} INFO - Executing <Task(PythonOperator): Load> on 2023-11-20 00:00:00+00:00
[2023-11-22T06:09:44.163+0000] {standard_task_runner.py:57} INFO - Started process 119 to run task
[2023-11-22T06:09:44.173+0000] {standard_task_runner.py:84} INFO - Running: ['***', 'tasks', 'run', 'outcomes_dag', 'Load', 'scheduled__2023-11-20T00:00:00+00:00', '--job-id', '21', '--raw', '--subdir', 'DAGS_FOLDER/outcomes_dag.py', '--cfg-path', '/tmp/tmpbkq0i2in']
[2023-11-22T06:09:44.186+0000] {standard_task_runner.py:85} INFO - Job 21: Subtask Load
[2023-11-22T06:09:44.277+0000] {task_command.py:416} INFO - Running <TaskInstance: outcomes_dag.Load scheduled__2023-11-20T00:00:00+00:00 [running]> on host ded66acd9c7f
[2023-11-22T06:09:44.353+0000] {taskinstance.py:1662} INFO - Exporting env vars: AIRFLOW_CTX_DAG_OWNER='***' AIRFLOW_CTX_DAG_ID='outcomes_dag' AIRFLOW_CTX_TASK_ID='Load' AIRFLOW_CTX_EXECUTION_DATE='2023-11-20T00:00:00+00:00' AIRFLOW_CTX_TRY_NUMBER='1' AIRFLOW_CTX_DAG_RUN_ID='scheduled__2023-11-20T00:00:00+00:00'
[2023-11-22T06:09:44.358+0000] {logging_mixin.py:154} INFO - Getting data from Cloud Storage
[2023-11-22T06:09:45.053+0000] {logging_mixin.py:154} INFO - Data is in Staging Table...
[2023-11-22T06:09:45.054+0000] {python.py:194} INFO - Done. Returned value was: None
[2023-11-22T06:09:45.067+0000] {taskinstance.py:1400} INFO - Marking task as SUCCESS. dag_id=outcomes_dag, task_id=Load, execution_date=20231120T000000, start_date=20231122T060944, end_date=20231122T060945
[2023-11-22T06:09:45.126+0000] {local_task_job_runner.py:228} INFO - Task exited with return code 0
[2023-11-22T06:19:04.887+0000] {taskinstance.py:1159} INFO - Dependencies all met for dep_context=non-requeueable deps ti=<TaskInstance: outcomes_dag.Load scheduled__2023-11-20T00:00:00+00:00 [queued]>
[2023-11-22T06:19:04.894+0000] {taskinstance.py:1159} INFO - Dependencies all met for dep_context=requeueable deps ti=<TaskInstance: outcomes_dag.Load scheduled__2023-11-20T00:00:00+00:00 [queued]>
[2023-11-22T06:19:04.894+0000] {taskinstance.py:1361} INFO - Starting attempt 1 of 4
[2023-11-22T06:19:04.903+0000] {taskinstance.py:1382} INFO - Executing <Task(PythonOperator): Load> on 2023-11-20 00:00:00+00:00
[2023-11-22T06:19:04.910+0000] {standard_task_runner.py:57} INFO - Started process 127 to run task
[2023-11-22T06:19:04.930+0000] {standard_task_runner.py:84} INFO - Running: ['***', 'tasks', 'run', 'outcomes_dag', 'Load', 'scheduled__2023-11-20T00:00:00+00:00', '--job-id', '24', '--raw', '--subdir', 'DAGS_FOLDER/outcomes_dag.py', '--cfg-path', '/tmp/tmpu_3aa75i']
[2023-11-22T06:19:04.943+0000] {standard_task_runner.py:85} INFO - Job 24: Subtask Load
[2023-11-22T06:19:05.009+0000] {task_command.py:416} INFO - Running <TaskInstance: outcomes_dag.Load scheduled__2023-11-20T00:00:00+00:00 [running]> on host 836b7d8b8a64
[2023-11-22T06:19:05.080+0000] {taskinstance.py:1662} INFO - Exporting env vars: AIRFLOW_CTX_DAG_OWNER='***' AIRFLOW_CTX_DAG_ID='outcomes_dag' AIRFLOW_CTX_TASK_ID='Load' AIRFLOW_CTX_EXECUTION_DATE='2023-11-20T00:00:00+00:00' AIRFLOW_CTX_TRY_NUMBER='1' AIRFLOW_CTX_DAG_RUN_ID='scheduled__2023-11-20T00:00:00+00:00'
[2023-11-22T06:19:05.081+0000] {logging_mixin.py:154} INFO - Getting data from Cloud Storage
[2023-11-22T06:19:06.045+0000] {logging_mixin.py:154} INFO - Data is in Staging Table...
[2023-11-22T06:19:06.046+0000] {python.py:194} INFO - Done. Returned value was: None
[2023-11-22T06:19:06.060+0000] {taskinstance.py:1400} INFO - Marking task as SUCCESS. dag_id=outcomes_dag, task_id=Load, execution_date=20231120T000000, start_date=20231122T061904, end_date=20231122T061906
[2023-11-22T06:19:06.087+0000] {local_task_job_runner.py:228} INFO - Task exited with return code 0
[2023-11-22T07:15:08.332+0000] {taskinstance.py:1159} INFO - Dependencies all met for dep_context=non-requeueable deps ti=<TaskInstance: outcomes_dag.Load scheduled__2023-11-20T00:00:00+00:00 [queued]>
[2023-11-22T07:15:08.337+0000] {taskinstance.py:1159} INFO - Dependencies all met for dep_context=requeueable deps ti=<TaskInstance: outcomes_dag.Load scheduled__2023-11-20T00:00:00+00:00 [queued]>
[2023-11-22T07:15:08.338+0000] {taskinstance.py:1361} INFO - Starting attempt 1 of 4
[2023-11-22T07:15:08.349+0000] {taskinstance.py:1382} INFO - Executing <Task(PythonOperator): Load> on 2023-11-20 00:00:00+00:00
[2023-11-22T07:15:08.356+0000] {standard_task_runner.py:57} INFO - Started process 130 to run task
[2023-11-22T07:15:08.363+0000] {standard_task_runner.py:84} INFO - Running: ['***', 'tasks', 'run', 'outcomes_dag', 'Load', 'scheduled__2023-11-20T00:00:00+00:00', '--job-id', '25', '--raw', '--subdir', 'DAGS_FOLDER/outcomes_dag.py', '--cfg-path', '/tmp/tmprq6pq52k']
[2023-11-22T07:15:08.369+0000] {standard_task_runner.py:85} INFO - Job 25: Subtask Load
[2023-11-22T07:15:08.414+0000] {task_command.py:416} INFO - Running <TaskInstance: outcomes_dag.Load scheduled__2023-11-20T00:00:00+00:00 [running]> on host 011245d9ad62
[2023-11-22T07:15:08.466+0000] {taskinstance.py:1662} INFO - Exporting env vars: AIRFLOW_CTX_DAG_OWNER='***' AIRFLOW_CTX_DAG_ID='outcomes_dag' AIRFLOW_CTX_TASK_ID='Load' AIRFLOW_CTX_EXECUTION_DATE='2023-11-20T00:00:00+00:00' AIRFLOW_CTX_TRY_NUMBER='1' AIRFLOW_CTX_DAG_RUN_ID='scheduled__2023-11-20T00:00:00+00:00'
[2023-11-22T07:15:08.467+0000] {logging_mixin.py:154} INFO - Getting data from Cloud Storage
[2023-11-22T07:15:09.829+0000] {logging_mixin.py:154} INFO - Data is in Staging Table...
[2023-11-22T07:15:09.830+0000] {python.py:194} INFO - Done. Returned value was: None
[2023-11-22T07:15:09.842+0000] {taskinstance.py:1400} INFO - Marking task as SUCCESS. dag_id=outcomes_dag, task_id=Load, execution_date=20231120T000000, start_date=20231122T071508, end_date=20231122T071509
[2023-11-22T07:15:09.887+0000] {local_task_job_runner.py:228} INFO - Task exited with return code 0
[2023-11-22T07:54:43.186+0000] {taskinstance.py:1159} INFO - Dependencies all met for dep_context=non-requeueable deps ti=<TaskInstance: outcomes_dag.Load scheduled__2023-11-20T00:00:00+00:00 [queued]>
[2023-11-22T07:54:43.192+0000] {taskinstance.py:1159} INFO - Dependencies all met for dep_context=requeueable deps ti=<TaskInstance: outcomes_dag.Load scheduled__2023-11-20T00:00:00+00:00 [queued]>
[2023-11-22T07:54:43.193+0000] {taskinstance.py:1361} INFO - Starting attempt 1 of 4
[2023-11-22T07:54:43.202+0000] {taskinstance.py:1382} INFO - Executing <Task(PythonOperator): Load> on 2023-11-20 00:00:00+00:00
[2023-11-22T07:54:43.209+0000] {standard_task_runner.py:57} INFO - Started process 475 to run task
[2023-11-22T07:54:43.213+0000] {standard_task_runner.py:84} INFO - Running: ['***', 'tasks', 'run', 'outcomes_dag', 'Load', 'scheduled__2023-11-20T00:00:00+00:00', '--job-id', '79', '--raw', '--subdir', 'DAGS_FOLDER/outcomes_dag.py', '--cfg-path', '/tmp/tmpli37655c']
[2023-11-22T07:54:43.221+0000] {standard_task_runner.py:85} INFO - Job 79: Subtask Load
[2023-11-22T07:54:43.277+0000] {task_command.py:416} INFO - Running <TaskInstance: outcomes_dag.Load scheduled__2023-11-20T00:00:00+00:00 [running]> on host 6318e996d951
[2023-11-22T07:54:43.393+0000] {taskinstance.py:1662} INFO - Exporting env vars: AIRFLOW_CTX_DAG_OWNER='***' AIRFLOW_CTX_DAG_ID='outcomes_dag' AIRFLOW_CTX_TASK_ID='Load' AIRFLOW_CTX_EXECUTION_DATE='2023-11-20T00:00:00+00:00' AIRFLOW_CTX_TRY_NUMBER='1' AIRFLOW_CTX_DAG_RUN_ID='scheduled__2023-11-20T00:00:00+00:00'
[2023-11-22T07:54:43.395+0000] {logging_mixin.py:154} INFO - Getting data from Cloud Storage
[2023-11-22T07:54:44.144+0000] {logging_mixin.py:154} INFO - Data is in Staging Table...
[2023-11-22T07:54:44.145+0000] {python.py:194} INFO - Done. Returned value was: None
[2023-11-22T07:54:44.165+0000] {taskinstance.py:1400} INFO - Marking task as SUCCESS. dag_id=outcomes_dag, task_id=Load, execution_date=20231120T000000, start_date=20231122T075443, end_date=20231122T075444
[2023-11-22T07:54:44.201+0000] {local_task_job_runner.py:228} INFO - Task exited with return code 0
[2023-11-23T01:50:05.512+0000] {taskinstance.py:1159} INFO - Dependencies all met for dep_context=non-requeueable deps ti=<TaskInstance: outcomes_dag.Load scheduled__2023-11-20T00:00:00+00:00 [queued]>
[2023-11-23T01:50:05.518+0000] {taskinstance.py:1159} INFO - Dependencies all met for dep_context=requeueable deps ti=<TaskInstance: outcomes_dag.Load scheduled__2023-11-20T00:00:00+00:00 [queued]>
[2023-11-23T01:50:05.519+0000] {taskinstance.py:1361} INFO - Starting attempt 1 of 4
[2023-11-23T01:50:05.527+0000] {taskinstance.py:1382} INFO - Executing <Task(PythonOperator): Load> on 2023-11-20 00:00:00+00:00
[2023-11-23T01:50:05.538+0000] {standard_task_runner.py:57} INFO - Started process 307 to run task
[2023-11-23T01:50:05.549+0000] {standard_task_runner.py:84} INFO - Running: ['***', 'tasks', 'run', 'outcomes_dag', 'Load', 'scheduled__2023-11-20T00:00:00+00:00', '--job-id', '82', '--raw', '--subdir', 'DAGS_FOLDER/outcomes_dag.py', '--cfg-path', '/tmp/tmpz49axfk6']
[2023-11-23T01:50:05.554+0000] {standard_task_runner.py:85} INFO - Job 82: Subtask Load
[2023-11-23T01:50:05.611+0000] {task_command.py:416} INFO - Running <TaskInstance: outcomes_dag.Load scheduled__2023-11-20T00:00:00+00:00 [running]> on host d15d3caa5b00
[2023-11-23T01:50:05.677+0000] {taskinstance.py:1662} INFO - Exporting env vars: AIRFLOW_CTX_DAG_OWNER='***' AIRFLOW_CTX_DAG_ID='outcomes_dag' AIRFLOW_CTX_TASK_ID='Load' AIRFLOW_CTX_EXECUTION_DATE='2023-11-20T00:00:00+00:00' AIRFLOW_CTX_TRY_NUMBER='1' AIRFLOW_CTX_DAG_RUN_ID='scheduled__2023-11-20T00:00:00+00:00'
[2023-11-23T01:50:05.679+0000] {logging_mixin.py:154} INFO - Getting data from Cloud Storage
[2023-11-23T01:50:06.702+0000] {logging_mixin.py:154} INFO - Data is in Staging Table...
[2023-11-23T01:50:06.702+0000] {python.py:194} INFO - Done. Returned value was: None
[2023-11-23T01:50:06.712+0000] {taskinstance.py:1400} INFO - Marking task as SUCCESS. dag_id=outcomes_dag, task_id=Load, execution_date=20231120T000000, start_date=20231123T015005, end_date=20231123T015006
[2023-11-23T01:50:06.749+0000] {local_task_job_runner.py:228} INFO - Task exited with return code 0
[2023-11-23T01:58:44.103+0000] {taskinstance.py:1159} INFO - Dependencies all met for dep_context=non-requeueable deps ti=<TaskInstance: outcomes_dag.Load scheduled__2023-11-20T00:00:00+00:00 [queued]>
[2023-11-23T01:58:44.120+0000] {taskinstance.py:1159} INFO - Dependencies all met for dep_context=requeueable deps ti=<TaskInstance: outcomes_dag.Load scheduled__2023-11-20T00:00:00+00:00 [queued]>
[2023-11-23T01:58:44.123+0000] {taskinstance.py:1361} INFO - Starting attempt 1 of 4
[2023-11-23T01:58:44.158+0000] {taskinstance.py:1382} INFO - Executing <Task(PythonOperator): Load> on 2023-11-20 00:00:00+00:00
[2023-11-23T01:58:44.198+0000] {standard_task_runner.py:57} INFO - Started process 119 to run task
[2023-11-23T01:58:44.226+0000] {standard_task_runner.py:84} INFO - Running: ['***', 'tasks', 'run', 'outcomes_dag', 'Load', 'scheduled__2023-11-20T00:00:00+00:00', '--job-id', '22', '--raw', '--subdir', 'DAGS_FOLDER/outcomes_dag.py', '--cfg-path', '/tmp/tmpso7e2zop']
[2023-11-23T01:58:44.234+0000] {standard_task_runner.py:85} INFO - Job 22: Subtask Load
[2023-11-23T01:58:44.306+0000] {task_command.py:416} INFO - Running <TaskInstance: outcomes_dag.Load scheduled__2023-11-20T00:00:00+00:00 [running]> on host 3cdc572bc068
[2023-11-23T01:58:44.378+0000] {taskinstance.py:1662} INFO - Exporting env vars: AIRFLOW_CTX_DAG_OWNER='***' AIRFLOW_CTX_DAG_ID='outcomes_dag' AIRFLOW_CTX_TASK_ID='Load' AIRFLOW_CTX_EXECUTION_DATE='2023-11-20T00:00:00+00:00' AIRFLOW_CTX_TRY_NUMBER='1' AIRFLOW_CTX_DAG_RUN_ID='scheduled__2023-11-20T00:00:00+00:00'
[2023-11-23T01:58:44.381+0000] {logging_mixin.py:154} INFO - Getting data from Cloud Storage
[2023-11-23T01:58:45.098+0000] {logging_mixin.py:154} INFO - Data is in Staging Table...
[2023-11-23T01:58:45.100+0000] {python.py:194} INFO - Done. Returned value was: None
[2023-11-23T01:58:45.114+0000] {taskinstance.py:1400} INFO - Marking task as SUCCESS. dag_id=outcomes_dag, task_id=Load, execution_date=20231120T000000, start_date=20231123T015844, end_date=20231123T015845
[2023-11-23T01:58:45.175+0000] {local_task_job_runner.py:228} INFO - Task exited with return code 0
[2023-11-23T02:59:44.412+0000] {taskinstance.py:1159} INFO - Dependencies all met for dep_context=non-requeueable deps ti=<TaskInstance: outcomes_dag.Load scheduled__2023-11-20T00:00:00+00:00 [queued]>
[2023-11-23T02:59:44.925+0000] {taskinstance.py:1159} INFO - Dependencies all met for dep_context=requeueable deps ti=<TaskInstance: outcomes_dag.Load scheduled__2023-11-20T00:00:00+00:00 [queued]>
[2023-11-23T02:59:44.926+0000] {taskinstance.py:1361} INFO - Starting attempt 1 of 4
[2023-11-23T02:59:44.942+0000] {taskinstance.py:1382} INFO - Executing <Task(PythonOperator): Load> on 2023-11-20 00:00:00+00:00
[2023-11-23T02:59:44.948+0000] {standard_task_runner.py:57} INFO - Started process 167 to run task
[2023-11-23T02:59:44.978+0000] {standard_task_runner.py:84} INFO - Running: ['***', 'tasks', 'run', 'outcomes_dag', 'Load', 'scheduled__2023-11-20T00:00:00+00:00', '--job-id', '23', '--raw', '--subdir', 'DAGS_FOLDER/outcomes_dag.py', '--cfg-path', '/tmp/tmpk09ercs6']
[2023-11-23T02:59:44.992+0000] {standard_task_runner.py:85} INFO - Job 23: Subtask Load
[2023-11-23T02:59:45.154+0000] {task_command.py:416} INFO - Running <TaskInstance: outcomes_dag.Load scheduled__2023-11-20T00:00:00+00:00 [running]> on host 1268bd8e5db0
[2023-11-23T02:59:45.285+0000] {taskinstance.py:1662} INFO - Exporting env vars: AIRFLOW_CTX_DAG_OWNER='***' AIRFLOW_CTX_DAG_ID='outcomes_dag' AIRFLOW_CTX_TASK_ID='Load' AIRFLOW_CTX_EXECUTION_DATE='2023-11-20T00:00:00+00:00' AIRFLOW_CTX_TRY_NUMBER='1' AIRFLOW_CTX_DAG_RUN_ID='scheduled__2023-11-20T00:00:00+00:00'
[2023-11-23T02:59:45.287+0000] {logging_mixin.py:154} INFO - Getting data from Cloud Storage
[2023-11-23T02:59:46.098+0000] {logging_mixin.py:154} INFO - Data is in Staging Area...
[2023-11-23T02:59:46.099+0000] {python.py:194} INFO - Done. Returned value was: None
[2023-11-23T02:59:46.118+0000] {taskinstance.py:1400} INFO - Marking task as SUCCESS. dag_id=outcomes_dag, task_id=Load, execution_date=20231120T000000, start_date=20231123T025944, end_date=20231123T025946
[2023-11-23T02:59:46.158+0000] {local_task_job_runner.py:228} INFO - Task exited with return code 0
[2023-11-23T03:42:10.992+0000] {taskinstance.py:1159} INFO - Dependencies all met for dep_context=non-requeueable deps ti=<TaskInstance: outcomes_dag.Load scheduled__2023-11-20T00:00:00+00:00 [queued]>
[2023-11-23T03:42:11.004+0000] {taskinstance.py:1159} INFO - Dependencies all met for dep_context=requeueable deps ti=<TaskInstance: outcomes_dag.Load scheduled__2023-11-20T00:00:00+00:00 [queued]>
[2023-11-23T03:42:11.004+0000] {taskinstance.py:1361} INFO - Starting attempt 1 of 4
[2023-11-23T03:42:11.014+0000] {taskinstance.py:1382} INFO - Executing <Task(PythonOperator): Load> on 2023-11-20 00:00:00+00:00
[2023-11-23T03:42:11.029+0000] {standard_task_runner.py:57} INFO - Started process 557 to run task
[2023-11-23T03:42:11.036+0000] {standard_task_runner.py:84} INFO - Running: ['***', 'tasks', 'run', 'outcomes_dag', 'Load', 'scheduled__2023-11-20T00:00:00+00:00', '--job-id', '164', '--raw', '--subdir', 'DAGS_FOLDER/outcomes_dag.py', '--cfg-path', '/tmp/tmpoug94i_i']
[2023-11-23T03:42:11.044+0000] {standard_task_runner.py:85} INFO - Job 164: Subtask Load
[2023-11-23T03:42:11.132+0000] {task_command.py:416} INFO - Running <TaskInstance: outcomes_dag.Load scheduled__2023-11-20T00:00:00+00:00 [running]> on host e647c96745b0
[2023-11-23T03:42:11.320+0000] {taskinstance.py:1662} INFO - Exporting env vars: AIRFLOW_CTX_DAG_OWNER='***' AIRFLOW_CTX_DAG_ID='outcomes_dag' AIRFLOW_CTX_TASK_ID='Load' AIRFLOW_CTX_EXECUTION_DATE='2023-11-20T00:00:00+00:00' AIRFLOW_CTX_TRY_NUMBER='1' AIRFLOW_CTX_DAG_RUN_ID='scheduled__2023-11-20T00:00:00+00:00'
[2023-11-23T03:42:11.332+0000] {logging_mixin.py:154} INFO - Getting data from Cloud Storage
[2023-11-23T03:42:12.327+0000] {logging_mixin.py:154} INFO - Data is in Staging Area...
[2023-11-23T03:42:12.329+0000] {python.py:194} INFO - Done. Returned value was: None
[2023-11-23T03:42:12.344+0000] {taskinstance.py:1400} INFO - Marking task as SUCCESS. dag_id=outcomes_dag, task_id=Load, execution_date=20231120T000000, start_date=20231123T034210, end_date=20231123T034212
[2023-11-23T03:42:12.392+0000] {local_task_job_runner.py:228} INFO - Task exited with return code 0
