[2023-11-22T07:53:37.840+0000] {taskinstance.py:1159} INFO - Dependencies all met for dep_context=non-requeueable deps ti=<TaskInstance: outcomes_dag.Extract scheduled__2023-11-14T00:00:00+00:00 [queued]>
[2023-11-22T07:53:37.922+0000] {taskinstance.py:1159} INFO - Dependencies all met for dep_context=requeueable deps ti=<TaskInstance: outcomes_dag.Extract scheduled__2023-11-14T00:00:00+00:00 [queued]>
[2023-11-22T07:53:37.931+0000] {taskinstance.py:1361} INFO - Starting attempt 1 of 1
[2023-11-22T07:53:38.085+0000] {taskinstance.py:1382} INFO - Executing <Task(PythonOperator): Extract> on 2023-11-14 00:00:00+00:00
[2023-11-22T07:53:38.192+0000] {standard_task_runner.py:57} INFO - Started process 271 to run task
[2023-11-22T07:53:38.343+0000] {standard_task_runner.py:84} INFO - Running: ['***', 'tasks', 'run', 'outcomes_dag', 'Extract', 'scheduled__2023-11-14T00:00:00+00:00', '--job-id', '6', '--raw', '--subdir', 'DAGS_FOLDER/outcomes_dag.py', '--cfg-path', '/tmp/tmp7augeksp']
[2023-11-22T07:53:38.448+0000] {standard_task_runner.py:85} INFO - Job 6: Subtask Extract
[2023-11-22T07:53:38.669+0000] {task_command.py:416} INFO - Running <TaskInstance: outcomes_dag.Extract scheduled__2023-11-14T00:00:00+00:00 [running]> on host 6318e996d951
[2023-11-22T07:53:39.038+0000] {taskinstance.py:1662} INFO - Exporting env vars: AIRFLOW_CTX_DAG_OWNER='***' AIRFLOW_CTX_DAG_ID='outcomes_dag' AIRFLOW_CTX_TASK_ID='Extract' AIRFLOW_CTX_EXECUTION_DATE='2023-11-14T00:00:00+00:00' AIRFLOW_CTX_TRY_NUMBER='1' AIRFLOW_CTX_DAG_RUN_ID='scheduled__2023-11-14T00:00:00+00:00'
[2023-11-22T07:53:40.313+0000] {logging_mixin.py:154} INFO - Data Deposited into Cloud Storage
[2023-11-22T07:53:40.366+0000] {python.py:194} INFO - Done. Returned value was: None
[2023-11-22T07:53:40.542+0000] {taskinstance.py:1400} INFO - Marking task as SUCCESS. dag_id=outcomes_dag, task_id=Extract, execution_date=20231114T000000, start_date=20231122T075337, end_date=20231122T075340
[2023-11-22T07:53:40.714+0000] {local_task_job_runner.py:228} INFO - Task exited with return code 0
[2023-11-22T22:41:17.354+0000] {taskinstance.py:1159} INFO - Dependencies all met for dep_context=non-requeueable deps ti=<TaskInstance: outcomes_dag.Extract scheduled__2023-11-14T00:00:00+00:00 [queued]>
[2023-11-22T22:41:17.379+0000] {taskinstance.py:1159} INFO - Dependencies all met for dep_context=requeueable deps ti=<TaskInstance: outcomes_dag.Extract scheduled__2023-11-14T00:00:00+00:00 [queued]>
[2023-11-22T22:41:17.380+0000] {taskinstance.py:1361} INFO - Starting attempt 1 of 1
[2023-11-22T22:41:17.535+0000] {taskinstance.py:1382} INFO - Executing <Task(PythonOperator): Extract> on 2023-11-14 00:00:00+00:00
[2023-11-22T22:41:17.604+0000] {standard_task_runner.py:57} INFO - Started process 128 to run task
[2023-11-22T22:41:17.647+0000] {standard_task_runner.py:84} INFO - Running: ['***', 'tasks', 'run', 'outcomes_dag', 'Extract', 'scheduled__2023-11-14T00:00:00+00:00', '--job-id', '17', '--raw', '--subdir', 'DAGS_FOLDER/outcomes_dag.py', '--cfg-path', '/tmp/tmpx02qtqp7']
[2023-11-22T22:41:17.664+0000] {standard_task_runner.py:85} INFO - Job 17: Subtask Extract
[2023-11-22T22:41:17.813+0000] {task_command.py:416} INFO - Running <TaskInstance: outcomes_dag.Extract scheduled__2023-11-14T00:00:00+00:00 [running]> on host 8ac13583809b
[2023-11-22T22:41:17.936+0000] {taskinstance.py:1662} INFO - Exporting env vars: AIRFLOW_CTX_DAG_OWNER='***' AIRFLOW_CTX_DAG_ID='outcomes_dag' AIRFLOW_CTX_TASK_ID='Extract' AIRFLOW_CTX_EXECUTION_DATE='2023-11-14T00:00:00+00:00' AIRFLOW_CTX_TRY_NUMBER='1' AIRFLOW_CTX_DAG_RUN_ID='scheduled__2023-11-14T00:00:00+00:00'
[2023-11-22T22:41:19.494+0000] {logging_mixin.py:154} INFO - Data Deposited into Cloud Storage
[2023-11-22T22:41:19.514+0000] {python.py:194} INFO - Done. Returned value was: None
[2023-11-22T22:41:19.643+0000] {taskinstance.py:1400} INFO - Marking task as SUCCESS. dag_id=outcomes_dag, task_id=Extract, execution_date=20231114T000000, start_date=20231122T224117, end_date=20231122T224119
[2023-11-22T22:41:19.854+0000] {local_task_job_runner.py:228} INFO - Task exited with return code 0
[2023-11-22T22:59:39.788+0000] {taskinstance.py:1159} INFO - Dependencies all met for dep_context=non-requeueable deps ti=<TaskInstance: outcomes_dag.Extract scheduled__2023-11-14T00:00:00+00:00 [queued]>
[2023-11-22T22:59:39.798+0000] {taskinstance.py:1159} INFO - Dependencies all met for dep_context=requeueable deps ti=<TaskInstance: outcomes_dag.Extract scheduled__2023-11-14T00:00:00+00:00 [queued]>
[2023-11-22T22:59:39.809+0000] {taskinstance.py:1361} INFO - Starting attempt 1 of 1
[2023-11-22T22:59:39.845+0000] {taskinstance.py:1382} INFO - Executing <Task(PythonOperator): Extract> on 2023-11-14 00:00:00+00:00
[2023-11-22T22:59:39.858+0000] {standard_task_runner.py:57} INFO - Started process 102 to run task
[2023-11-22T22:59:39.892+0000] {standard_task_runner.py:84} INFO - Running: ['***', 'tasks', 'run', 'outcomes_dag', 'Extract', 'scheduled__2023-11-14T00:00:00+00:00', '--job-id', '16', '--raw', '--subdir', 'DAGS_FOLDER/outcomes_dag.py', '--cfg-path', '/tmp/tmpfw_c79hn']
[2023-11-22T22:59:39.919+0000] {standard_task_runner.py:85} INFO - Job 16: Subtask Extract
[2023-11-22T22:59:40.141+0000] {task_command.py:416} INFO - Running <TaskInstance: outcomes_dag.Extract scheduled__2023-11-14T00:00:00+00:00 [running]> on host 4b2f5af281f8
[2023-11-22T22:59:40.436+0000] {taskinstance.py:1662} INFO - Exporting env vars: AIRFLOW_CTX_DAG_OWNER='***' AIRFLOW_CTX_DAG_ID='outcomes_dag' AIRFLOW_CTX_TASK_ID='Extract' AIRFLOW_CTX_EXECUTION_DATE='2023-11-14T00:00:00+00:00' AIRFLOW_CTX_TRY_NUMBER='1' AIRFLOW_CTX_DAG_RUN_ID='scheduled__2023-11-14T00:00:00+00:00'
[2023-11-22T22:59:42.241+0000] {logging_mixin.py:154} INFO - Data Deposited into Cloud Storage
[2023-11-22T22:59:42.260+0000] {python.py:194} INFO - Done. Returned value was: None
[2023-11-22T22:59:42.381+0000] {taskinstance.py:1400} INFO - Marking task as SUCCESS. dag_id=outcomes_dag, task_id=Extract, execution_date=20231114T000000, start_date=20231122T225939, end_date=20231122T225942
[2023-11-22T22:59:42.470+0000] {local_task_job_runner.py:228} INFO - Task exited with return code 0
[2023-11-22T23:20:06.928+0000] {taskinstance.py:1159} INFO - Dependencies all met for dep_context=non-requeueable deps ti=<TaskInstance: outcomes_dag.Extract scheduled__2023-11-14T00:00:00+00:00 [queued]>
[2023-11-22T23:20:06.936+0000] {taskinstance.py:1159} INFO - Dependencies all met for dep_context=requeueable deps ti=<TaskInstance: outcomes_dag.Extract scheduled__2023-11-14T00:00:00+00:00 [queued]>
[2023-11-22T23:20:06.939+0000] {taskinstance.py:1361} INFO - Starting attempt 1 of 1
[2023-11-22T23:20:06.951+0000] {taskinstance.py:1382} INFO - Executing <Task(PythonOperator): Extract> on 2023-11-14 00:00:00+00:00
[2023-11-22T23:20:06.969+0000] {standard_task_runner.py:57} INFO - Started process 102 to run task
[2023-11-22T23:20:06.985+0000] {standard_task_runner.py:84} INFO - Running: ['***', 'tasks', 'run', 'outcomes_dag', 'Extract', 'scheduled__2023-11-14T00:00:00+00:00', '--job-id', '16', '--raw', '--subdir', 'DAGS_FOLDER/outcomes_dag.py', '--cfg-path', '/tmp/tmpxu2oquxk']
[2023-11-22T23:20:06.987+0000] {standard_task_runner.py:85} INFO - Job 16: Subtask Extract
[2023-11-22T23:20:07.195+0000] {task_command.py:416} INFO - Running <TaskInstance: outcomes_dag.Extract scheduled__2023-11-14T00:00:00+00:00 [running]> on host b410bfb4af5e
[2023-11-22T23:20:07.344+0000] {taskinstance.py:1662} INFO - Exporting env vars: AIRFLOW_CTX_DAG_OWNER='***' AIRFLOW_CTX_DAG_ID='outcomes_dag' AIRFLOW_CTX_TASK_ID='Extract' AIRFLOW_CTX_EXECUTION_DATE='2023-11-14T00:00:00+00:00' AIRFLOW_CTX_TRY_NUMBER='1' AIRFLOW_CTX_DAG_RUN_ID='scheduled__2023-11-14T00:00:00+00:00'
[2023-11-22T23:20:08.469+0000] {logging_mixin.py:154} INFO - Data Deposited into Cloud Storage
[2023-11-22T23:20:08.472+0000] {python.py:194} INFO - Done. Returned value was: None
[2023-11-22T23:20:08.492+0000] {taskinstance.py:1400} INFO - Marking task as SUCCESS. dag_id=outcomes_dag, task_id=Extract, execution_date=20231114T000000, start_date=20231122T232006, end_date=20231122T232008
[2023-11-22T23:20:08.582+0000] {local_task_job_runner.py:228} INFO - Task exited with return code 0
[2023-11-22T23:42:54.132+0000] {taskinstance.py:1159} INFO - Dependencies all met for dep_context=non-requeueable deps ti=<TaskInstance: outcomes_dag.Extract scheduled__2023-11-14T00:00:00+00:00 [queued]>
[2023-11-22T23:42:54.164+0000] {taskinstance.py:1159} INFO - Dependencies all met for dep_context=requeueable deps ti=<TaskInstance: outcomes_dag.Extract scheduled__2023-11-14T00:00:00+00:00 [queued]>
[2023-11-22T23:42:54.171+0000] {taskinstance.py:1361} INFO - Starting attempt 1 of 1
[2023-11-22T23:42:54.206+0000] {taskinstance.py:1382} INFO - Executing <Task(PythonOperator): Extract> on 2023-11-14 00:00:00+00:00
[2023-11-22T23:42:54.223+0000] {standard_task_runner.py:57} INFO - Started process 102 to run task
[2023-11-22T23:42:54.230+0000] {standard_task_runner.py:84} INFO - Running: ['***', 'tasks', 'run', 'outcomes_dag', 'Extract', 'scheduled__2023-11-14T00:00:00+00:00', '--job-id', '14', '--raw', '--subdir', 'DAGS_FOLDER/outcomes_dag.py', '--cfg-path', '/tmp/tmpb1tcydc0']
[2023-11-22T23:42:54.240+0000] {standard_task_runner.py:85} INFO - Job 14: Subtask Extract
[2023-11-22T23:42:54.456+0000] {task_command.py:416} INFO - Running <TaskInstance: outcomes_dag.Extract scheduled__2023-11-14T00:00:00+00:00 [running]> on host 371cae71aa63
[2023-11-22T23:42:54.809+0000] {taskinstance.py:1662} INFO - Exporting env vars: AIRFLOW_CTX_DAG_OWNER='***' AIRFLOW_CTX_DAG_ID='outcomes_dag' AIRFLOW_CTX_TASK_ID='Extract' AIRFLOW_CTX_EXECUTION_DATE='2023-11-14T00:00:00+00:00' AIRFLOW_CTX_TRY_NUMBER='1' AIRFLOW_CTX_DAG_RUN_ID='scheduled__2023-11-14T00:00:00+00:00'
[2023-11-22T23:42:56.159+0000] {logging_mixin.py:154} INFO - Data Deposited into Cloud Storage
[2023-11-22T23:42:56.187+0000] {python.py:194} INFO - Done. Returned value was: None
[2023-11-22T23:42:56.227+0000] {taskinstance.py:1400} INFO - Marking task as SUCCESS. dag_id=outcomes_dag, task_id=Extract, execution_date=20231114T000000, start_date=20231122T234254, end_date=20231122T234256
[2023-11-22T23:42:56.340+0000] {local_task_job_runner.py:228} INFO - Task exited with return code 0
[2023-11-23T00:39:19.350+0000] {taskinstance.py:1159} INFO - Dependencies all met for dep_context=non-requeueable deps ti=<TaskInstance: outcomes_dag.Extract scheduled__2023-11-14T00:00:00+00:00 [queued]>
[2023-11-23T00:39:19.359+0000] {taskinstance.py:1159} INFO - Dependencies all met for dep_context=requeueable deps ti=<TaskInstance: outcomes_dag.Extract scheduled__2023-11-14T00:00:00+00:00 [queued]>
[2023-11-23T00:39:19.359+0000] {taskinstance.py:1361} INFO - Starting attempt 1 of 1
[2023-11-23T00:39:19.370+0000] {taskinstance.py:1382} INFO - Executing <Task(PythonOperator): Extract> on 2023-11-14 00:00:00+00:00
[2023-11-23T00:39:19.384+0000] {standard_task_runner.py:57} INFO - Started process 111 to run task
[2023-11-23T00:39:19.408+0000] {standard_task_runner.py:84} INFO - Running: ['***', 'tasks', 'run', 'outcomes_dag', 'Extract', 'scheduled__2023-11-14T00:00:00+00:00', '--job-id', '16', '--raw', '--subdir', 'DAGS_FOLDER/outcomes_dag.py', '--cfg-path', '/tmp/tmp9rn9s6w_']
[2023-11-23T00:39:19.424+0000] {standard_task_runner.py:85} INFO - Job 16: Subtask Extract
[2023-11-23T00:39:19.751+0000] {task_command.py:416} INFO - Running <TaskInstance: outcomes_dag.Extract scheduled__2023-11-14T00:00:00+00:00 [running]> on host 75913536581a
[2023-11-23T00:39:19.957+0000] {taskinstance.py:1662} INFO - Exporting env vars: AIRFLOW_CTX_DAG_OWNER='***' AIRFLOW_CTX_DAG_ID='outcomes_dag' AIRFLOW_CTX_TASK_ID='Extract' AIRFLOW_CTX_EXECUTION_DATE='2023-11-14T00:00:00+00:00' AIRFLOW_CTX_TRY_NUMBER='1' AIRFLOW_CTX_DAG_RUN_ID='scheduled__2023-11-14T00:00:00+00:00'
[2023-11-23T00:39:21.165+0000] {logging_mixin.py:154} INFO - Data Deposited into Cloud Storage
[2023-11-23T00:39:21.169+0000] {python.py:194} INFO - Done. Returned value was: None
[2023-11-23T00:39:21.250+0000] {taskinstance.py:1400} INFO - Marking task as SUCCESS. dag_id=outcomes_dag, task_id=Extract, execution_date=20231114T000000, start_date=20231123T003919, end_date=20231123T003921
[2023-11-23T00:39:21.415+0000] {local_task_job_runner.py:228} INFO - Task exited with return code 0
[2023-11-23T01:49:24.233+0000] {taskinstance.py:1159} INFO - Dependencies all met for dep_context=non-requeueable deps ti=<TaskInstance: outcomes_dag.Extract scheduled__2023-11-14T00:00:00+00:00 [queued]>
[2023-11-23T01:49:24.273+0000] {taskinstance.py:1159} INFO - Dependencies all met for dep_context=requeueable deps ti=<TaskInstance: outcomes_dag.Extract scheduled__2023-11-14T00:00:00+00:00 [queued]>
[2023-11-23T01:49:24.279+0000] {taskinstance.py:1361} INFO - Starting attempt 1 of 1
[2023-11-23T01:49:24.439+0000] {taskinstance.py:1382} INFO - Executing <Task(PythonOperator): Extract> on 2023-11-14 00:00:00+00:00
[2023-11-23T01:49:24.476+0000] {standard_task_runner.py:57} INFO - Started process 102 to run task
[2023-11-23T01:49:24.551+0000] {standard_task_runner.py:84} INFO - Running: ['***', 'tasks', 'run', 'outcomes_dag', 'Extract', 'scheduled__2023-11-14T00:00:00+00:00', '--job-id', '16', '--raw', '--subdir', 'DAGS_FOLDER/outcomes_dag.py', '--cfg-path', '/tmp/tmpimnae94p']
[2023-11-23T01:49:24.608+0000] {standard_task_runner.py:85} INFO - Job 16: Subtask Extract
[2023-11-23T01:49:24.800+0000] {task_command.py:416} INFO - Running <TaskInstance: outcomes_dag.Extract scheduled__2023-11-14T00:00:00+00:00 [running]> on host d15d3caa5b00
[2023-11-23T01:49:25.171+0000] {taskinstance.py:1662} INFO - Exporting env vars: AIRFLOW_CTX_DAG_OWNER='***' AIRFLOW_CTX_DAG_ID='outcomes_dag' AIRFLOW_CTX_TASK_ID='Extract' AIRFLOW_CTX_EXECUTION_DATE='2023-11-14T00:00:00+00:00' AIRFLOW_CTX_TRY_NUMBER='1' AIRFLOW_CTX_DAG_RUN_ID='scheduled__2023-11-14T00:00:00+00:00'
[2023-11-23T01:49:26.954+0000] {logging_mixin.py:154} INFO - Data Deposited into Cloud Storage
[2023-11-23T01:49:27.045+0000] {python.py:194} INFO - Done. Returned value was: None
[2023-11-23T01:49:27.235+0000] {taskinstance.py:1400} INFO - Marking task as SUCCESS. dag_id=outcomes_dag, task_id=Extract, execution_date=20231114T000000, start_date=20231123T014924, end_date=20231123T014927
[2023-11-23T01:49:27.431+0000] {local_task_job_runner.py:228} INFO - Task exited with return code 0
[2023-11-23T03:40:32.584+0000] {taskinstance.py:1159} INFO - Dependencies all met for dep_context=non-requeueable deps ti=<TaskInstance: outcomes_dag.Extract scheduled__2023-11-14T00:00:00+00:00 [queued]>
[2023-11-23T03:40:32.598+0000] {taskinstance.py:1159} INFO - Dependencies all met for dep_context=requeueable deps ti=<TaskInstance: outcomes_dag.Extract scheduled__2023-11-14T00:00:00+00:00 [queued]>
[2023-11-23T03:40:32.598+0000] {taskinstance.py:1361} INFO - Starting attempt 1 of 1
[2023-11-23T03:40:32.656+0000] {taskinstance.py:1382} INFO - Executing <Task(PythonOperator): Extract> on 2023-11-14 00:00:00+00:00
[2023-11-23T03:40:32.686+0000] {standard_task_runner.py:57} INFO - Started process 98 to run task
[2023-11-23T03:40:32.719+0000] {standard_task_runner.py:84} INFO - Running: ['***', 'tasks', 'run', 'outcomes_dag', 'Extract', 'scheduled__2023-11-14T00:00:00+00:00', '--job-id', '11', '--raw', '--subdir', 'DAGS_FOLDER/outcomes_dag.py', '--cfg-path', '/tmp/tmpks7a88r0']
[2023-11-23T03:40:32.756+0000] {standard_task_runner.py:85} INFO - Job 11: Subtask Extract
[2023-11-23T03:40:32.998+0000] {task_command.py:416} INFO - Running <TaskInstance: outcomes_dag.Extract scheduled__2023-11-14T00:00:00+00:00 [running]> on host e647c96745b0
[2023-11-23T03:40:33.782+0000] {taskinstance.py:1662} INFO - Exporting env vars: AIRFLOW_CTX_DAG_OWNER='***' AIRFLOW_CTX_DAG_ID='outcomes_dag' AIRFLOW_CTX_TASK_ID='Extract' AIRFLOW_CTX_EXECUTION_DATE='2023-11-14T00:00:00+00:00' AIRFLOW_CTX_TRY_NUMBER='1' AIRFLOW_CTX_DAG_RUN_ID='scheduled__2023-11-14T00:00:00+00:00'
[2023-11-23T03:40:35.373+0000] {logging_mixin.py:154} INFO - Data Deposited into Cloud Storage
[2023-11-23T03:40:35.417+0000] {python.py:194} INFO - Done. Returned value was: None
[2023-11-23T03:40:35.699+0000] {taskinstance.py:1400} INFO - Marking task as SUCCESS. dag_id=outcomes_dag, task_id=Extract, execution_date=20231114T000000, start_date=20231123T034032, end_date=20231123T034035
[2023-11-23T03:40:35.933+0000] {local_task_job_runner.py:228} INFO - Task exited with return code 0
