[2023-11-21T01:20:41.301+0000] {taskinstance.py:1159} INFO - Dependencies all met for dep_context=non-requeueable deps ti=<TaskInstance: outcomes_dag.transform scheduled__2023-11-04T00:00:00+00:00 [queued]>
[2023-11-21T01:20:41.455+0000] {taskinstance.py:1159} INFO - Dependencies all met for dep_context=requeueable deps ti=<TaskInstance: outcomes_dag.transform scheduled__2023-11-04T00:00:00+00:00 [queued]>
[2023-11-21T01:20:41.462+0000] {taskinstance.py:1361} INFO - Starting attempt 1 of 1
[2023-11-21T01:20:41.629+0000] {taskinstance.py:1382} INFO - Executing <Task(PythonOperator): transform> on 2023-11-04 00:00:00+00:00
[2023-11-21T01:20:41.727+0000] {standard_task_runner.py:57} INFO - Started process 181 to run task
[2023-11-21T01:20:41.829+0000] {standard_task_runner.py:84} INFO - Running: ['***', 'tasks', 'run', 'outcomes_dag', 'transform', 'scheduled__2023-11-04T00:00:00+00:00', '--job-id', '30', '--raw', '--subdir', 'DAGS_FOLDER/outcomes_dag.py', '--cfg-path', '/tmp/tmp89bq4nbt']
[2023-11-21T01:20:41.918+0000] {standard_task_runner.py:85} INFO - Job 30: Subtask transform
[2023-11-21T01:20:42.527+0000] {task_command.py:416} INFO - Running <TaskInstance: outcomes_dag.transform scheduled__2023-11-04T00:00:00+00:00 [running]> on host f31a30014ab0
[2023-11-21T01:20:50.283+0000] {taskinstance.py:1662} INFO - Exporting env vars: AIRFLOW_CTX_DAG_OWNER='***' AIRFLOW_CTX_DAG_ID='outcomes_dag' AIRFLOW_CTX_TASK_ID='transform' AIRFLOW_CTX_EXECUTION_DATE='2023-11-04T00:00:00+00:00' AIRFLOW_CTX_TRY_NUMBER='1' AIRFLOW_CTX_DAG_RUN_ID='scheduled__2023-11-04T00:00:00+00:00'
[2023-11-21T01:20:51.109+0000] {python.py:194} INFO - Done. Returned value was: None
[2023-11-21T01:20:51.226+0000] {taskinstance.py:1400} INFO - Marking task as SUCCESS. dag_id=outcomes_dag, task_id=transform, execution_date=20231104T000000, start_date=20231121T012041, end_date=20231121T012051
[2023-11-21T01:20:51.484+0000] {local_task_job_runner.py:228} INFO - Task exited with return code 0
[2023-11-21T01:20:51.925+0000] {taskinstance.py:2778} INFO - 0 downstream tasks scheduled from follow-on schedule check
[2023-11-21T02:36:18.518+0000] {taskinstance.py:1159} INFO - Dependencies all met for dep_context=non-requeueable deps ti=<TaskInstance: outcomes_dag.transform scheduled__2023-11-04T00:00:00+00:00 [queued]>
[2023-11-21T02:36:18.557+0000] {taskinstance.py:1159} INFO - Dependencies all met for dep_context=requeueable deps ti=<TaskInstance: outcomes_dag.transform scheduled__2023-11-04T00:00:00+00:00 [queued]>
[2023-11-21T02:36:18.557+0000] {taskinstance.py:1361} INFO - Starting attempt 1 of 1
[2023-11-21T02:36:18.617+0000] {taskinstance.py:1382} INFO - Executing <Task(PythonOperator): transform> on 2023-11-04 00:00:00+00:00
[2023-11-21T02:36:18.646+0000] {standard_task_runner.py:57} INFO - Started process 176 to run task
[2023-11-21T02:36:18.665+0000] {standard_task_runner.py:84} INFO - Running: ['***', 'tasks', 'run', 'outcomes_dag', 'transform', 'scheduled__2023-11-04T00:00:00+00:00', '--job-id', '29', '--raw', '--subdir', 'DAGS_FOLDER/outcomes_dag.py', '--cfg-path', '/tmp/tmpp45dajw5']
[2023-11-21T02:36:18.676+0000] {standard_task_runner.py:85} INFO - Job 29: Subtask transform
[2023-11-21T02:36:18.851+0000] {task_command.py:416} INFO - Running <TaskInstance: outcomes_dag.transform scheduled__2023-11-04T00:00:00+00:00 [running]> on host b875fa978b1e
[2023-11-21T02:36:20.667+0000] {taskinstance.py:1662} INFO - Exporting env vars: AIRFLOW_CTX_DAG_OWNER='***' AIRFLOW_CTX_DAG_ID='outcomes_dag' AIRFLOW_CTX_TASK_ID='transform' AIRFLOW_CTX_EXECUTION_DATE='2023-11-04T00:00:00+00:00' AIRFLOW_CTX_TRY_NUMBER='1' AIRFLOW_CTX_DAG_RUN_ID='scheduled__2023-11-04T00:00:00+00:00'
[2023-11-21T02:36:21.094+0000] {python.py:194} INFO - Done. Returned value was: None
[2023-11-21T02:36:21.187+0000] {taskinstance.py:1400} INFO - Marking task as SUCCESS. dag_id=outcomes_dag, task_id=transform, execution_date=20231104T000000, start_date=20231121T023618, end_date=20231121T023621
[2023-11-21T02:36:21.484+0000] {local_task_job_runner.py:228} INFO - Task exited with return code 0
[2023-11-21T02:36:21.670+0000] {taskinstance.py:2778} INFO - 0 downstream tasks scheduled from follow-on schedule check
[2023-11-22T07:53:56.068+0000] {taskinstance.py:1159} INFO - Dependencies all met for dep_context=non-requeueable deps ti=<TaskInstance: outcomes_dag.Transform scheduled__2023-11-04T00:00:00+00:00 [queued]>
[2023-11-22T07:53:56.089+0000] {taskinstance.py:1159} INFO - Dependencies all met for dep_context=requeueable deps ti=<TaskInstance: outcomes_dag.Transform scheduled__2023-11-04T00:00:00+00:00 [queued]>
[2023-11-22T07:53:56.091+0000] {taskinstance.py:1361} INFO - Starting attempt 1 of 1
[2023-11-22T07:53:56.143+0000] {taskinstance.py:1382} INFO - Executing <Task(PythonOperator): Transform> on 2023-11-04 00:00:00+00:00
[2023-11-22T07:53:56.198+0000] {standard_task_runner.py:57} INFO - Started process 326 to run task
[2023-11-22T07:53:56.373+0000] {standard_task_runner.py:84} INFO - Running: ['***', 'tasks', 'run', 'outcomes_dag', 'Transform', 'scheduled__2023-11-04T00:00:00+00:00', '--job-id', '28', '--raw', '--subdir', 'DAGS_FOLDER/outcomes_dag.py', '--cfg-path', '/tmp/tmpn5vtgz78']
[2023-11-22T07:53:56.435+0000] {standard_task_runner.py:85} INFO - Job 28: Subtask Transform
[2023-11-22T07:53:57.069+0000] {task_command.py:416} INFO - Running <TaskInstance: outcomes_dag.Transform scheduled__2023-11-04T00:00:00+00:00 [running]> on host 6318e996d951
[2023-11-22T07:53:57.870+0000] {taskinstance.py:1662} INFO - Exporting env vars: AIRFLOW_CTX_DAG_OWNER='***' AIRFLOW_CTX_DAG_ID='outcomes_dag' AIRFLOW_CTX_TASK_ID='Transform' AIRFLOW_CTX_EXECUTION_DATE='2023-11-04T00:00:00+00:00' AIRFLOW_CTX_TRY_NUMBER='1' AIRFLOW_CTX_DAG_RUN_ID='scheduled__2023-11-04T00:00:00+00:00'
[2023-11-22T07:53:57.907+0000] {logging_mixin.py:154} INFO - Getting data from Cloud Storage
[2023-11-22T07:53:59.115+0000] {logging_mixin.py:154} INFO - Index(['animal_id', 'datetime', 'monthyear', 'date_of_birth', 'outcome_type',
       'outcome_subtype', 'animal_type', 'sex_upon_outcome',
       'age_upon_outcome', 'breed', 'color', 'name'],
      dtype='object')
[2023-11-22T07:53:59.604+0000] {logging_mixin.py:154} INFO - Data Deposited into Cloud Storage
[2023-11-22T07:53:59.606+0000] {python.py:194} INFO - Done. Returned value was: None
[2023-11-22T07:53:59.683+0000] {taskinstance.py:1400} INFO - Marking task as SUCCESS. dag_id=outcomes_dag, task_id=Transform, execution_date=20231104T000000, start_date=20231122T075356, end_date=20231122T075359
[2023-11-22T07:54:00.044+0000] {local_task_job_runner.py:228} INFO - Task exited with return code 0
[2023-11-22T22:41:28.083+0000] {taskinstance.py:1159} INFO - Dependencies all met for dep_context=non-requeueable deps ti=<TaskInstance: outcomes_dag.Transform scheduled__2023-11-04T00:00:00+00:00 [queued]>
[2023-11-22T22:41:28.124+0000] {taskinstance.py:1159} INFO - Dependencies all met for dep_context=requeueable deps ti=<TaskInstance: outcomes_dag.Transform scheduled__2023-11-04T00:00:00+00:00 [queued]>
[2023-11-22T22:41:28.130+0000] {taskinstance.py:1361} INFO - Starting attempt 1 of 1
[2023-11-22T22:41:28.187+0000] {taskinstance.py:1382} INFO - Executing <Task(PythonOperator): Transform> on 2023-11-04 00:00:00+00:00
[2023-11-22T22:41:28.225+0000] {standard_task_runner.py:57} INFO - Started process 181 to run task
[2023-11-22T22:41:28.236+0000] {standard_task_runner.py:84} INFO - Running: ['***', 'tasks', 'run', 'outcomes_dag', 'Transform', 'scheduled__2023-11-04T00:00:00+00:00', '--job-id', '28', '--raw', '--subdir', 'DAGS_FOLDER/outcomes_dag.py', '--cfg-path', '/tmp/tmp5x90evcx']
[2023-11-22T22:41:28.270+0000] {standard_task_runner.py:85} INFO - Job 28: Subtask Transform
[2023-11-22T22:41:28.538+0000] {task_command.py:416} INFO - Running <TaskInstance: outcomes_dag.Transform scheduled__2023-11-04T00:00:00+00:00 [running]> on host 8ac13583809b
[2023-11-22T22:41:29.054+0000] {taskinstance.py:1662} INFO - Exporting env vars: AIRFLOW_CTX_DAG_OWNER='***' AIRFLOW_CTX_DAG_ID='outcomes_dag' AIRFLOW_CTX_TASK_ID='Transform' AIRFLOW_CTX_EXECUTION_DATE='2023-11-04T00:00:00+00:00' AIRFLOW_CTX_TRY_NUMBER='1' AIRFLOW_CTX_DAG_RUN_ID='scheduled__2023-11-04T00:00:00+00:00'
[2023-11-22T22:41:29.062+0000] {logging_mixin.py:154} INFO - Getting data from Cloud Storage
[2023-11-22T22:41:29.437+0000] {logging_mixin.py:154} INFO - Index(['animal_id', 'datetime', 'monthyear', 'date_of_birth', 'outcome_type',
       'outcome_subtype', 'animal_type', 'sex_upon_outcome',
       'age_upon_outcome', 'breed', 'color', 'name'],
      dtype='object')
[2023-11-22T22:41:29.797+0000] {logging_mixin.py:154} INFO - Data Deposited into Cloud Storage
[2023-11-22T22:41:29.798+0000] {python.py:194} INFO - Done. Returned value was: None
[2023-11-22T22:41:29.900+0000] {taskinstance.py:1400} INFO - Marking task as SUCCESS. dag_id=outcomes_dag, task_id=Transform, execution_date=20231104T000000, start_date=20231122T224128, end_date=20231122T224129
[2023-11-22T22:41:30.018+0000] {local_task_job_runner.py:228} INFO - Task exited with return code 0
[2023-11-22T22:59:48.485+0000] {taskinstance.py:1159} INFO - Dependencies all met for dep_context=non-requeueable deps ti=<TaskInstance: outcomes_dag.Transform scheduled__2023-11-04T00:00:00+00:00 [queued]>
[2023-11-22T22:59:48.492+0000] {taskinstance.py:1159} INFO - Dependencies all met for dep_context=requeueable deps ti=<TaskInstance: outcomes_dag.Transform scheduled__2023-11-04T00:00:00+00:00 [queued]>
[2023-11-22T22:59:48.493+0000] {taskinstance.py:1361} INFO - Starting attempt 1 of 1
[2023-11-22T22:59:48.504+0000] {taskinstance.py:1382} INFO - Executing <Task(PythonOperator): Transform> on 2023-11-04 00:00:00+00:00
[2023-11-22T22:59:48.522+0000] {standard_task_runner.py:57} INFO - Started process 150 to run task
[2023-11-22T22:59:48.531+0000] {standard_task_runner.py:84} INFO - Running: ['***', 'tasks', 'run', 'outcomes_dag', 'Transform', 'scheduled__2023-11-04T00:00:00+00:00', '--job-id', '31', '--raw', '--subdir', 'DAGS_FOLDER/outcomes_dag.py', '--cfg-path', '/tmp/tmp347fpsc9']
[2023-11-22T22:59:48.541+0000] {standard_task_runner.py:85} INFO - Job 31: Subtask Transform
[2023-11-22T22:59:48.612+0000] {task_command.py:416} INFO - Running <TaskInstance: outcomes_dag.Transform scheduled__2023-11-04T00:00:00+00:00 [running]> on host 4b2f5af281f8
[2023-11-22T22:59:48.694+0000] {taskinstance.py:1662} INFO - Exporting env vars: AIRFLOW_CTX_DAG_OWNER='***' AIRFLOW_CTX_DAG_ID='outcomes_dag' AIRFLOW_CTX_TASK_ID='Transform' AIRFLOW_CTX_EXECUTION_DATE='2023-11-04T00:00:00+00:00' AIRFLOW_CTX_TRY_NUMBER='1' AIRFLOW_CTX_DAG_RUN_ID='scheduled__2023-11-04T00:00:00+00:00'
[2023-11-22T22:59:48.696+0000] {logging_mixin.py:154} INFO - Getting data from Cloud Storage
[2023-11-22T22:59:50.182+0000] {logging_mixin.py:154} INFO - Index(['animal_id', 'datetime', 'monthyear', 'date_of_birth', 'outcome_type',
       'outcome_subtype', 'animal_type', 'sex_upon_outcome',
       'age_upon_outcome', 'breed', 'color', 'name'],
      dtype='object')
[2023-11-22T22:59:50.623+0000] {logging_mixin.py:154} INFO - Data Deposited into Cloud Storage
[2023-11-22T22:59:50.624+0000] {python.py:194} INFO - Done. Returned value was: None
[2023-11-22T22:59:50.651+0000] {taskinstance.py:1400} INFO - Marking task as SUCCESS. dag_id=outcomes_dag, task_id=Transform, execution_date=20231104T000000, start_date=20231122T225948, end_date=20231122T225950
[2023-11-22T22:59:50.698+0000] {local_task_job_runner.py:228} INFO - Task exited with return code 0
[2023-11-22T23:20:16.311+0000] {taskinstance.py:1159} INFO - Dependencies all met for dep_context=non-requeueable deps ti=<TaskInstance: outcomes_dag.Transform scheduled__2023-11-04T00:00:00+00:00 [queued]>
[2023-11-22T23:20:16.328+0000] {taskinstance.py:1159} INFO - Dependencies all met for dep_context=requeueable deps ti=<TaskInstance: outcomes_dag.Transform scheduled__2023-11-04T00:00:00+00:00 [queued]>
[2023-11-22T23:20:16.336+0000] {taskinstance.py:1361} INFO - Starting attempt 1 of 1
[2023-11-22T23:20:16.382+0000] {taskinstance.py:1382} INFO - Executing <Task(PythonOperator): Transform> on 2023-11-04 00:00:00+00:00
[2023-11-22T23:20:16.402+0000] {standard_task_runner.py:57} INFO - Started process 147 to run task
[2023-11-22T23:20:16.422+0000] {standard_task_runner.py:84} INFO - Running: ['***', 'tasks', 'run', 'outcomes_dag', 'Transform', 'scheduled__2023-11-04T00:00:00+00:00', '--job-id', '28', '--raw', '--subdir', 'DAGS_FOLDER/outcomes_dag.py', '--cfg-path', '/tmp/tmpovms8cdt']
[2023-11-22T23:20:16.424+0000] {standard_task_runner.py:85} INFO - Job 28: Subtask Transform
[2023-11-22T23:20:16.564+0000] {task_command.py:416} INFO - Running <TaskInstance: outcomes_dag.Transform scheduled__2023-11-04T00:00:00+00:00 [running]> on host b410bfb4af5e
[2023-11-22T23:20:16.724+0000] {taskinstance.py:1662} INFO - Exporting env vars: AIRFLOW_CTX_DAG_OWNER='***' AIRFLOW_CTX_DAG_ID='outcomes_dag' AIRFLOW_CTX_TASK_ID='Transform' AIRFLOW_CTX_EXECUTION_DATE='2023-11-04T00:00:00+00:00' AIRFLOW_CTX_TRY_NUMBER='1' AIRFLOW_CTX_DAG_RUN_ID='scheduled__2023-11-04T00:00:00+00:00'
[2023-11-22T23:20:16.730+0000] {logging_mixin.py:154} INFO - Getting data from Cloud Storage
[2023-11-22T23:20:17.212+0000] {logging_mixin.py:154} INFO - Index(['animal_id', 'datetime', 'monthyear', 'date_of_birth', 'outcome_type',
       'outcome_subtype', 'animal_type', 'sex_upon_outcome',
       'age_upon_outcome', 'breed', 'color', 'name'],
      dtype='object')
[2023-11-22T23:20:17.545+0000] {logging_mixin.py:154} INFO - Data Deposited into Cloud Storage
[2023-11-22T23:20:17.548+0000] {python.py:194} INFO - Done. Returned value was: None
[2023-11-22T23:20:17.632+0000] {taskinstance.py:1400} INFO - Marking task as SUCCESS. dag_id=outcomes_dag, task_id=Transform, execution_date=20231104T000000, start_date=20231122T232016, end_date=20231122T232017
[2023-11-22T23:20:17.877+0000] {local_task_job_runner.py:228} INFO - Task exited with return code 0
[2023-11-22T23:43:00.742+0000] {taskinstance.py:1159} INFO - Dependencies all met for dep_context=non-requeueable deps ti=<TaskInstance: outcomes_dag.Transform scheduled__2023-11-04T00:00:00+00:00 [queued]>
[2023-11-22T23:43:00.803+0000] {taskinstance.py:1159} INFO - Dependencies all met for dep_context=requeueable deps ti=<TaskInstance: outcomes_dag.Transform scheduled__2023-11-04T00:00:00+00:00 [queued]>
[2023-11-22T23:43:00.808+0000] {taskinstance.py:1361} INFO - Starting attempt 1 of 1
[2023-11-22T23:43:00.850+0000] {taskinstance.py:1382} INFO - Executing <Task(PythonOperator): Transform> on 2023-11-04 00:00:00+00:00
[2023-11-22T23:43:00.922+0000] {standard_task_runner.py:57} INFO - Started process 151 to run task
[2023-11-22T23:43:00.953+0000] {standard_task_runner.py:84} INFO - Running: ['***', 'tasks', 'run', 'outcomes_dag', 'Transform', 'scheduled__2023-11-04T00:00:00+00:00', '--job-id', '26', '--raw', '--subdir', 'DAGS_FOLDER/outcomes_dag.py', '--cfg-path', '/tmp/tmp38edubt6']
[2023-11-22T23:43:00.972+0000] {standard_task_runner.py:85} INFO - Job 26: Subtask Transform
[2023-11-22T23:43:01.259+0000] {task_command.py:416} INFO - Running <TaskInstance: outcomes_dag.Transform scheduled__2023-11-04T00:00:00+00:00 [running]> on host 371cae71aa63
[2023-11-22T23:43:01.526+0000] {taskinstance.py:1662} INFO - Exporting env vars: AIRFLOW_CTX_DAG_OWNER='***' AIRFLOW_CTX_DAG_ID='outcomes_dag' AIRFLOW_CTX_TASK_ID='Transform' AIRFLOW_CTX_EXECUTION_DATE='2023-11-04T00:00:00+00:00' AIRFLOW_CTX_TRY_NUMBER='1' AIRFLOW_CTX_DAG_RUN_ID='scheduled__2023-11-04T00:00:00+00:00'
[2023-11-22T23:43:01.578+0000] {logging_mixin.py:154} INFO - Getting data from Cloud Storage
[2023-11-22T23:43:02.236+0000] {logging_mixin.py:154} INFO - Index(['animal_id', 'datetime', 'monthyear', 'date_of_birth', 'outcome_type',
       'outcome_subtype', 'animal_type', 'sex_upon_outcome',
       'age_upon_outcome', 'breed', 'color', 'name'],
      dtype='object')
[2023-11-22T23:43:02.828+0000] {logging_mixin.py:154} INFO - Data Deposited into Cloud Storage
[2023-11-22T23:43:02.831+0000] {python.py:194} INFO - Done. Returned value was: None
[2023-11-22T23:43:03.170+0000] {taskinstance.py:1400} INFO - Marking task as SUCCESS. dag_id=outcomes_dag, task_id=Transform, execution_date=20231104T000000, start_date=20231122T234300, end_date=20231122T234303
[2023-11-22T23:43:03.395+0000] {local_task_job_runner.py:228} INFO - Task exited with return code 0
[2023-11-23T00:39:25.973+0000] {taskinstance.py:1159} INFO - Dependencies all met for dep_context=non-requeueable deps ti=<TaskInstance: outcomes_dag.Transform scheduled__2023-11-04T00:00:00+00:00 [queued]>
[2023-11-23T00:39:26.017+0000] {taskinstance.py:1159} INFO - Dependencies all met for dep_context=requeueable deps ti=<TaskInstance: outcomes_dag.Transform scheduled__2023-11-04T00:00:00+00:00 [queued]>
[2023-11-23T00:39:26.021+0000] {taskinstance.py:1361} INFO - Starting attempt 1 of 1
[2023-11-23T00:39:26.063+0000] {taskinstance.py:1382} INFO - Executing <Task(PythonOperator): Transform> on 2023-11-04 00:00:00+00:00
[2023-11-23T00:39:26.088+0000] {standard_task_runner.py:57} INFO - Started process 150 to run task
[2023-11-23T00:39:26.115+0000] {standard_task_runner.py:84} INFO - Running: ['***', 'tasks', 'run', 'outcomes_dag', 'Transform', 'scheduled__2023-11-04T00:00:00+00:00', '--job-id', '23', '--raw', '--subdir', 'DAGS_FOLDER/outcomes_dag.py', '--cfg-path', '/tmp/tmpzqd09q48']
[2023-11-23T00:39:26.163+0000] {standard_task_runner.py:85} INFO - Job 23: Subtask Transform
[2023-11-23T00:39:26.482+0000] {task_command.py:416} INFO - Running <TaskInstance: outcomes_dag.Transform scheduled__2023-11-04T00:00:00+00:00 [running]> on host 75913536581a
[2023-11-23T00:39:26.688+0000] {taskinstance.py:1662} INFO - Exporting env vars: AIRFLOW_CTX_DAG_OWNER='***' AIRFLOW_CTX_DAG_ID='outcomes_dag' AIRFLOW_CTX_TASK_ID='Transform' AIRFLOW_CTX_EXECUTION_DATE='2023-11-04T00:00:00+00:00' AIRFLOW_CTX_TRY_NUMBER='1' AIRFLOW_CTX_DAG_RUN_ID='scheduled__2023-11-04T00:00:00+00:00'
[2023-11-23T00:39:26.701+0000] {logging_mixin.py:154} INFO - Getting data from Cloud Storage
[2023-11-23T00:39:27.108+0000] {logging_mixin.py:154} INFO - Index(['animal_id', 'datetime', 'monthyear', 'date_of_birth', 'outcome_type',
       'outcome_subtype', 'animal_type', 'sex_upon_outcome',
       'age_upon_outcome', 'breed', 'color', 'name'],
      dtype='object')
[2023-11-23T00:39:27.375+0000] {logging_mixin.py:154} INFO - Data Deposited into Cloud Storage
[2023-11-23T00:39:27.376+0000] {python.py:194} INFO - Done. Returned value was: None
[2023-11-23T00:39:27.417+0000] {taskinstance.py:1400} INFO - Marking task as SUCCESS. dag_id=outcomes_dag, task_id=Transform, execution_date=20231104T000000, start_date=20231123T003925, end_date=20231123T003927
[2023-11-23T00:39:27.530+0000] {local_task_job_runner.py:228} INFO - Task exited with return code 0
[2023-11-23T01:49:32.076+0000] {taskinstance.py:1159} INFO - Dependencies all met for dep_context=non-requeueable deps ti=<TaskInstance: outcomes_dag.Transform scheduled__2023-11-04T00:00:00+00:00 [queued]>
[2023-11-23T01:49:32.127+0000] {taskinstance.py:1159} INFO - Dependencies all met for dep_context=requeueable deps ti=<TaskInstance: outcomes_dag.Transform scheduled__2023-11-04T00:00:00+00:00 [queued]>
[2023-11-23T01:49:32.130+0000] {taskinstance.py:1361} INFO - Starting attempt 1 of 1
[2023-11-23T01:49:32.239+0000] {taskinstance.py:1382} INFO - Executing <Task(PythonOperator): Transform> on 2023-11-04 00:00:00+00:00
[2023-11-23T01:49:32.394+0000] {standard_task_runner.py:57} INFO - Started process 149 to run task
[2023-11-23T01:49:32.412+0000] {standard_task_runner.py:84} INFO - Running: ['***', 'tasks', 'run', 'outcomes_dag', 'Transform', 'scheduled__2023-11-04T00:00:00+00:00', '--job-id', '21', '--raw', '--subdir', 'DAGS_FOLDER/outcomes_dag.py', '--cfg-path', '/tmp/tmpoo41oz0i']
[2023-11-23T01:49:32.455+0000] {standard_task_runner.py:85} INFO - Job 21: Subtask Transform
[2023-11-23T01:49:32.685+0000] {task_command.py:416} INFO - Running <TaskInstance: outcomes_dag.Transform scheduled__2023-11-04T00:00:00+00:00 [running]> on host d15d3caa5b00
[2023-11-23T01:49:32.983+0000] {taskinstance.py:1662} INFO - Exporting env vars: AIRFLOW_CTX_DAG_OWNER='***' AIRFLOW_CTX_DAG_ID='outcomes_dag' AIRFLOW_CTX_TASK_ID='Transform' AIRFLOW_CTX_EXECUTION_DATE='2023-11-04T00:00:00+00:00' AIRFLOW_CTX_TRY_NUMBER='1' AIRFLOW_CTX_DAG_RUN_ID='scheduled__2023-11-04T00:00:00+00:00'
[2023-11-23T01:49:32.989+0000] {logging_mixin.py:154} INFO - Getting data from Cloud Storage
[2023-11-23T01:49:34.070+0000] {logging_mixin.py:154} INFO - Index(['animal_id', 'datetime', 'monthyear', 'date_of_birth', 'outcome_type',
       'outcome_subtype', 'animal_type', 'sex_upon_outcome',
       'age_upon_outcome', 'breed', 'color', 'name'],
      dtype='object')
[2023-11-23T01:49:34.560+0000] {logging_mixin.py:154} INFO - Data Deposited into Cloud Storage
[2023-11-23T01:49:34.565+0000] {python.py:194} INFO - Done. Returned value was: None
[2023-11-23T01:49:34.670+0000] {taskinstance.py:1400} INFO - Marking task as SUCCESS. dag_id=outcomes_dag, task_id=Transform, execution_date=20231104T000000, start_date=20231123T014932, end_date=20231123T014934
[2023-11-23T01:49:34.829+0000] {local_task_job_runner.py:228} INFO - Task exited with return code 0
[2023-11-23T03:40:43.606+0000] {taskinstance.py:1159} INFO - Dependencies all met for dep_context=non-requeueable deps ti=<TaskInstance: outcomes_dag.Transform scheduled__2023-11-04T00:00:00+00:00 [queued]>
[2023-11-23T03:40:43.632+0000] {taskinstance.py:1159} INFO - Dependencies all met for dep_context=requeueable deps ti=<TaskInstance: outcomes_dag.Transform scheduled__2023-11-04T00:00:00+00:00 [queued]>
[2023-11-23T03:40:43.636+0000] {taskinstance.py:1361} INFO - Starting attempt 1 of 1
[2023-11-23T03:40:43.666+0000] {taskinstance.py:1382} INFO - Executing <Task(PythonOperator): Transform> on 2023-11-04 00:00:00+00:00
[2023-11-23T03:40:43.688+0000] {standard_task_runner.py:57} INFO - Started process 150 to run task
[2023-11-23T03:40:43.720+0000] {standard_task_runner.py:84} INFO - Running: ['***', 'tasks', 'run', 'outcomes_dag', 'Transform', 'scheduled__2023-11-04T00:00:00+00:00', '--job-id', '31', '--raw', '--subdir', 'DAGS_FOLDER/outcomes_dag.py', '--cfg-path', '/tmp/tmpo5keh_t1']
[2023-11-23T03:40:43.733+0000] {standard_task_runner.py:85} INFO - Job 31: Subtask Transform
[2023-11-23T03:40:43.886+0000] {task_command.py:416} INFO - Running <TaskInstance: outcomes_dag.Transform scheduled__2023-11-04T00:00:00+00:00 [running]> on host e647c96745b0
[2023-11-23T03:40:44.040+0000] {taskinstance.py:1662} INFO - Exporting env vars: AIRFLOW_CTX_DAG_OWNER='***' AIRFLOW_CTX_DAG_ID='outcomes_dag' AIRFLOW_CTX_TASK_ID='Transform' AIRFLOW_CTX_EXECUTION_DATE='2023-11-04T00:00:00+00:00' AIRFLOW_CTX_TRY_NUMBER='1' AIRFLOW_CTX_DAG_RUN_ID='scheduled__2023-11-04T00:00:00+00:00'
[2023-11-23T03:40:44.047+0000] {logging_mixin.py:154} INFO - Getting data from Cloud Storage
[2023-11-23T03:40:44.438+0000] {logging_mixin.py:154} INFO - Index(['animal_id', 'datetime', 'monthyear', 'date_of_birth', 'outcome_type',
       'outcome_subtype', 'animal_type', 'sex_upon_outcome',
       'age_upon_outcome', 'breed', 'color', 'name'],
      dtype='object')
[2023-11-23T03:40:44.680+0000] {logging_mixin.py:154} INFO - Data Deposited into Cloud Storage
[2023-11-23T03:40:44.681+0000] {python.py:194} INFO - Done. Returned value was: None
[2023-11-23T03:40:44.763+0000] {taskinstance.py:1400} INFO - Marking task as SUCCESS. dag_id=outcomes_dag, task_id=Transform, execution_date=20231104T000000, start_date=20231123T034043, end_date=20231123T034044
[2023-11-23T03:40:44.823+0000] {local_task_job_runner.py:228} INFO - Task exited with return code 0
