[2023-11-20T22:16:44.289+0000] {taskinstance.py:1159} INFO - Dependencies all met for dep_context=non-requeueable deps ti=<TaskInstance: outcomes_dag.step1 scheduled__2023-11-12T00:00:00+00:00 [queued]>
[2023-11-20T22:16:44.296+0000] {taskinstance.py:1159} INFO - Dependencies all met for dep_context=requeueable deps ti=<TaskInstance: outcomes_dag.step1 scheduled__2023-11-12T00:00:00+00:00 [queued]>
[2023-11-20T22:16:44.296+0000] {taskinstance.py:1361} INFO - Starting attempt 1 of 1
[2023-11-20T22:16:44.304+0000] {taskinstance.py:1382} INFO - Executing <Task(BashOperator): step1> on 2023-11-12 00:00:00+00:00
[2023-11-20T22:16:44.309+0000] {standard_task_runner.py:57} INFO - Started process 382 to run task
[2023-11-20T22:16:44.313+0000] {standard_task_runner.py:84} INFO - Running: ['***', 'tasks', 'run', 'outcomes_dag', 'step1', 'scheduled__2023-11-12T00:00:00+00:00', '--job-id', '28', '--raw', '--subdir', 'DAGS_FOLDER/outcomes_dag.py', '--cfg-path', '/tmp/tmpz5m0bb5w']
[2023-11-20T22:16:44.314+0000] {standard_task_runner.py:85} INFO - Job 28: Subtask step1
[2023-11-20T22:16:44.389+0000] {task_command.py:416} INFO - Running <TaskInstance: outcomes_dag.step1 scheduled__2023-11-12T00:00:00+00:00 [running]> on host 323903d45442
[2023-11-20T22:16:44.514+0000] {taskinstance.py:1662} INFO - Exporting env vars: AIRFLOW_CTX_DAG_OWNER='***' AIRFLOW_CTX_DAG_ID='outcomes_dag' AIRFLOW_CTX_TASK_ID='step1' AIRFLOW_CTX_EXECUTION_DATE='2023-11-12T00:00:00+00:00' AIRFLOW_CTX_TRY_NUMBER='1' AIRFLOW_CTX_DAG_RUN_ID='scheduled__2023-11-12T00:00:00+00:00'
[2023-11-20T22:16:44.516+0000] {subprocess.py:63} INFO - Tmp dir root location: /tmp
[2023-11-20T22:16:44.517+0000] {subprocess.py:75} INFO - Running command: ['/bin/bash', '-c', 'echo 1']
[2023-11-20T22:16:44.536+0000] {subprocess.py:86} INFO - Output:
[2023-11-20T22:16:44.550+0000] {subprocess.py:93} INFO - 1
[2023-11-20T22:16:44.551+0000] {subprocess.py:97} INFO - Command exited with return code 0
[2023-11-20T22:16:44.596+0000] {taskinstance.py:1400} INFO - Marking task as SUCCESS. dag_id=outcomes_dag, task_id=step1, execution_date=20231112T000000, start_date=20231120T221644, end_date=20231120T221644
[2023-11-20T22:16:44.657+0000] {local_task_job_runner.py:228} INFO - Task exited with return code 0
[2023-11-20T22:16:44.705+0000] {taskinstance.py:2778} INFO - 0 downstream tasks scheduled from follow-on schedule check
[2023-11-21T01:20:36.761+0000] {taskinstance.py:1159} INFO - Dependencies all met for dep_context=non-requeueable deps ti=<TaskInstance: outcomes_dag.step1 scheduled__2023-11-12T00:00:00+00:00 [queued]>
[2023-11-21T01:20:36.813+0000] {taskinstance.py:1159} INFO - Dependencies all met for dep_context=requeueable deps ti=<TaskInstance: outcomes_dag.step1 scheduled__2023-11-12T00:00:00+00:00 [queued]>
[2023-11-21T01:20:36.813+0000] {taskinstance.py:1361} INFO - Starting attempt 1 of 1
[2023-11-21T01:20:36.883+0000] {taskinstance.py:1382} INFO - Executing <Task(BashOperator): step1> on 2023-11-12 00:00:00+00:00
[2023-11-21T01:20:36.904+0000] {standard_task_runner.py:57} INFO - Started process 155 to run task
[2023-11-21T01:20:36.979+0000] {standard_task_runner.py:84} INFO - Running: ['***', 'tasks', 'run', 'outcomes_dag', 'step1', 'scheduled__2023-11-12T00:00:00+00:00', '--job-id', '23', '--raw', '--subdir', 'DAGS_FOLDER/outcomes_dag.py', '--cfg-path', '/tmp/tmpeu1fqvfv']
[2023-11-21T01:20:37.051+0000] {standard_task_runner.py:85} INFO - Job 23: Subtask step1
[2023-11-21T01:20:37.523+0000] {task_command.py:416} INFO - Running <TaskInstance: outcomes_dag.step1 scheduled__2023-11-12T00:00:00+00:00 [running]> on host f31a30014ab0
[2023-11-21T01:20:49.269+0000] {taskinstance.py:1662} INFO - Exporting env vars: AIRFLOW_CTX_DAG_OWNER='***' AIRFLOW_CTX_DAG_ID='outcomes_dag' AIRFLOW_CTX_TASK_ID='step1' AIRFLOW_CTX_EXECUTION_DATE='2023-11-12T00:00:00+00:00' AIRFLOW_CTX_TRY_NUMBER='1' AIRFLOW_CTX_DAG_RUN_ID='scheduled__2023-11-12T00:00:00+00:00'
[2023-11-21T01:20:49.447+0000] {subprocess.py:63} INFO - Tmp dir root location: /tmp
[2023-11-21T01:20:49.457+0000] {subprocess.py:75} INFO - Running command: ['/bin/bash', '-c', 'curl --create-dirs -o /opt/***/data/2023-11-12/downloads/outcomes_2023-11-12.json https://data.austintexas.gov/resource/9t4d-g238.json']
[2023-11-21T01:20:49.619+0000] {subprocess.py:86} INFO - Output:
[2023-11-21T01:20:49.649+0000] {subprocess.py:93} INFO -   % Total    % Received % Xferd  Average Speed   Time    Time     Time  Current
[2023-11-21T01:20:49.651+0000] {subprocess.py:93} INFO -                                  Dload  Upload   Total   Spent    Left  Speed
[2023-11-21T01:20:50.863+0000] {subprocess.py:93} INFO -   0     0    0     0    0     0      0      0 --:--:-- --:--:-- --:--:--     0  0     0    0     0    0     0      0      0 --:--:-- --:--:-- --:--:--     0100  320k    0  320k    0     0   265k      0 --:--:--  0:00:01 --:--:--  265k
[2023-11-21T01:20:50.872+0000] {subprocess.py:97} INFO - Command exited with return code 0
[2023-11-21T01:20:51.165+0000] {taskinstance.py:1400} INFO - Marking task as SUCCESS. dag_id=outcomes_dag, task_id=step1, execution_date=20231112T000000, start_date=20231121T012036, end_date=20231121T012051
[2023-11-21T01:20:51.429+0000] {local_task_job_runner.py:228} INFO - Task exited with return code 0
[2023-11-21T01:20:51.757+0000] {taskinstance.py:2778} INFO - 1 downstream tasks scheduled from follow-on schedule check
[2023-11-21T02:36:14.179+0000] {taskinstance.py:1159} INFO - Dependencies all met for dep_context=non-requeueable deps ti=<TaskInstance: outcomes_dag.step1 scheduled__2023-11-12T00:00:00+00:00 [queued]>
[2023-11-21T02:36:14.196+0000] {taskinstance.py:1159} INFO - Dependencies all met for dep_context=requeueable deps ti=<TaskInstance: outcomes_dag.step1 scheduled__2023-11-12T00:00:00+00:00 [queued]>
[2023-11-21T02:36:14.196+0000] {taskinstance.py:1361} INFO - Starting attempt 1 of 1
[2023-11-21T02:36:14.211+0000] {taskinstance.py:1382} INFO - Executing <Task(BashOperator): step1> on 2023-11-12 00:00:00+00:00
[2023-11-21T02:36:14.220+0000] {standard_task_runner.py:57} INFO - Started process 138 to run task
[2023-11-21T02:36:14.250+0000] {standard_task_runner.py:84} INFO - Running: ['***', 'tasks', 'run', 'outcomes_dag', 'step1', 'scheduled__2023-11-12T00:00:00+00:00', '--job-id', '22', '--raw', '--subdir', 'DAGS_FOLDER/outcomes_dag.py', '--cfg-path', '/tmp/tmpvz9b6wo1']
[2023-11-21T02:36:14.271+0000] {standard_task_runner.py:85} INFO - Job 22: Subtask step1
[2023-11-21T02:36:14.421+0000] {task_command.py:416} INFO - Running <TaskInstance: outcomes_dag.step1 scheduled__2023-11-12T00:00:00+00:00 [running]> on host b875fa978b1e
[2023-11-21T02:36:17.655+0000] {taskinstance.py:1662} INFO - Exporting env vars: AIRFLOW_CTX_DAG_OWNER='***' AIRFLOW_CTX_DAG_ID='outcomes_dag' AIRFLOW_CTX_TASK_ID='step1' AIRFLOW_CTX_EXECUTION_DATE='2023-11-12T00:00:00+00:00' AIRFLOW_CTX_TRY_NUMBER='1' AIRFLOW_CTX_DAG_RUN_ID='scheduled__2023-11-12T00:00:00+00:00'
[2023-11-21T02:36:17.666+0000] {subprocess.py:63} INFO - Tmp dir root location: /tmp
[2023-11-21T02:36:17.669+0000] {subprocess.py:75} INFO - Running command: ['/bin/bash', '-c', 'curl --create-dirs -o /opt/***/data/2023-11-12/downloads/outcomes_2023-11-12.json https://data.austintexas.gov/resource/9t4d-g238.json']
[2023-11-21T02:36:17.750+0000] {subprocess.py:86} INFO - Output:
[2023-11-21T02:36:17.784+0000] {subprocess.py:93} INFO -   % Total    % Received % Xferd  Average Speed   Time    Time     Time  Current
[2023-11-21T02:36:17.785+0000] {subprocess.py:93} INFO -                                  Dload  Upload   Total   Spent    Left  Speed
[2023-11-21T02:36:18.953+0000] {subprocess.py:93} INFO -   0     0    0     0    0     0      0      0 --:--:-- --:--:-- --:--:--     0  0     0    0     0    0     0      0      0 --:--:-- --:--:-- --:--:--     0100  320k    0  320k    0     0   274k      0 --:--:--  0:00:01 --:--:--  275k
[2023-11-21T02:36:18.965+0000] {subprocess.py:97} INFO - Command exited with return code 0
[2023-11-21T02:36:19.188+0000] {taskinstance.py:1400} INFO - Marking task as SUCCESS. dag_id=outcomes_dag, task_id=step1, execution_date=20231112T000000, start_date=20231121T023614, end_date=20231121T023619
[2023-11-21T02:36:19.625+0000] {local_task_job_runner.py:228} INFO - Task exited with return code 0
[2023-11-21T02:36:19.789+0000] {taskinstance.py:2778} INFO - 0 downstream tasks scheduled from follow-on schedule check
