[2023-11-20T22:16:49.681+0000] {taskinstance.py:1159} INFO - Dependencies all met for dep_context=non-requeueable deps ti=<TaskInstance: outcomes_dag.step1 scheduled__2023-11-18T00:00:00+00:00 [queued]>
[2023-11-20T22:16:49.690+0000] {taskinstance.py:1159} INFO - Dependencies all met for dep_context=requeueable deps ti=<TaskInstance: outcomes_dag.step1 scheduled__2023-11-18T00:00:00+00:00 [queued]>
[2023-11-20T22:16:49.691+0000] {taskinstance.py:1361} INFO - Starting attempt 1 of 1
[2023-11-20T22:16:49.704+0000] {taskinstance.py:1382} INFO - Executing <Task(BashOperator): step1> on 2023-11-18 00:00:00+00:00
[2023-11-20T22:16:49.713+0000] {standard_task_runner.py:57} INFO - Started process 418 to run task
[2023-11-20T22:16:49.715+0000] {standard_task_runner.py:84} INFO - Running: ['***', 'tasks', 'run', 'outcomes_dag', 'step1', 'scheduled__2023-11-18T00:00:00+00:00', '--job-id', '39', '--raw', '--subdir', 'DAGS_FOLDER/outcomes_dag.py', '--cfg-path', '/tmp/tmp5lvakisz']
[2023-11-20T22:16:49.718+0000] {standard_task_runner.py:85} INFO - Job 39: Subtask step1
[2023-11-20T22:16:49.768+0000] {task_command.py:416} INFO - Running <TaskInstance: outcomes_dag.step1 scheduled__2023-11-18T00:00:00+00:00 [running]> on host 323903d45442
[2023-11-20T22:16:49.837+0000] {taskinstance.py:1662} INFO - Exporting env vars: AIRFLOW_CTX_DAG_OWNER='***' AIRFLOW_CTX_DAG_ID='outcomes_dag' AIRFLOW_CTX_TASK_ID='step1' AIRFLOW_CTX_EXECUTION_DATE='2023-11-18T00:00:00+00:00' AIRFLOW_CTX_TRY_NUMBER='1' AIRFLOW_CTX_DAG_RUN_ID='scheduled__2023-11-18T00:00:00+00:00'
[2023-11-20T22:16:49.837+0000] {subprocess.py:63} INFO - Tmp dir root location: /tmp
[2023-11-20T22:16:49.838+0000] {subprocess.py:75} INFO - Running command: ['/bin/bash', '-c', 'echo 1']
[2023-11-20T22:16:49.847+0000] {subprocess.py:86} INFO - Output:
[2023-11-20T22:16:49.849+0000] {subprocess.py:93} INFO - 1
[2023-11-20T22:16:49.849+0000] {subprocess.py:97} INFO - Command exited with return code 0
[2023-11-20T22:16:49.873+0000] {taskinstance.py:1400} INFO - Marking task as SUCCESS. dag_id=outcomes_dag, task_id=step1, execution_date=20231118T000000, start_date=20231120T221649, end_date=20231120T221649
[2023-11-20T22:16:49.891+0000] {local_task_job_runner.py:228} INFO - Task exited with return code 0
[2023-11-20T22:16:49.910+0000] {taskinstance.py:2778} INFO - 0 downstream tasks scheduled from follow-on schedule check
[2023-11-21T01:21:11.405+0000] {taskinstance.py:1159} INFO - Dependencies all met for dep_context=non-requeueable deps ti=<TaskInstance: outcomes_dag.step1 scheduled__2023-11-18T00:00:00+00:00 [queued]>
[2023-11-21T01:21:11.442+0000] {taskinstance.py:1159} INFO - Dependencies all met for dep_context=requeueable deps ti=<TaskInstance: outcomes_dag.step1 scheduled__2023-11-18T00:00:00+00:00 [queued]>
[2023-11-21T01:21:11.443+0000] {taskinstance.py:1361} INFO - Starting attempt 1 of 1
[2023-11-21T01:21:11.518+0000] {taskinstance.py:1382} INFO - Executing <Task(BashOperator): step1> on 2023-11-18 00:00:00+00:00
[2023-11-21T01:21:11.564+0000] {standard_task_runner.py:57} INFO - Started process 265 to run task
[2023-11-21T01:21:11.599+0000] {standard_task_runner.py:84} INFO - Running: ['***', 'tasks', 'run', 'outcomes_dag', 'step1', 'scheduled__2023-11-18T00:00:00+00:00', '--job-id', '49', '--raw', '--subdir', 'DAGS_FOLDER/outcomes_dag.py', '--cfg-path', '/tmp/tmp5job5fcg']
[2023-11-21T01:21:11.649+0000] {standard_task_runner.py:85} INFO - Job 49: Subtask step1
[2023-11-21T01:21:12.207+0000] {task_command.py:416} INFO - Running <TaskInstance: outcomes_dag.step1 scheduled__2023-11-18T00:00:00+00:00 [running]> on host f31a30014ab0
[2023-11-21T01:21:14.440+0000] {taskinstance.py:1662} INFO - Exporting env vars: AIRFLOW_CTX_DAG_OWNER='***' AIRFLOW_CTX_DAG_ID='outcomes_dag' AIRFLOW_CTX_TASK_ID='step1' AIRFLOW_CTX_EXECUTION_DATE='2023-11-18T00:00:00+00:00' AIRFLOW_CTX_TRY_NUMBER='1' AIRFLOW_CTX_DAG_RUN_ID='scheduled__2023-11-18T00:00:00+00:00'
[2023-11-21T01:21:14.452+0000] {subprocess.py:63} INFO - Tmp dir root location: /tmp
[2023-11-21T01:21:14.453+0000] {subprocess.py:75} INFO - Running command: ['/bin/bash', '-c', 'curl --create-dirs -o /opt/***/data/2023-11-18/downloads/outcomes_2023-11-18.json https://data.austintexas.gov/resource/9t4d-g238.json']
[2023-11-21T01:21:14.533+0000] {subprocess.py:86} INFO - Output:
[2023-11-21T01:21:14.620+0000] {subprocess.py:93} INFO -   % Total    % Received % Xferd  Average Speed   Time    Time     Time  Current
[2023-11-21T01:21:14.621+0000] {subprocess.py:93} INFO -                                  Dload  Upload   Total   Spent    Left  Speed
[2023-11-21T01:21:15.704+0000] {subprocess.py:93} INFO -   0     0    0     0    0     0      0      0 --:--:-- --:--:-- --:--:--     0  0     0    0     0    0     0      0      0 --:--:-- --:--:-- --:--:--     0100  320k    0  320k    0     0   297k      0 --:--:--  0:00:01 --:--:--  297k
[2023-11-21T01:21:15.777+0000] {subprocess.py:97} INFO - Command exited with return code 0
[2023-11-21T01:21:16.140+0000] {taskinstance.py:1400} INFO - Marking task as SUCCESS. dag_id=outcomes_dag, task_id=step1, execution_date=20231118T000000, start_date=20231121T012111, end_date=20231121T012116
[2023-11-21T01:21:16.531+0000] {local_task_job_runner.py:228} INFO - Task exited with return code 0
[2023-11-21T01:21:17.298+0000] {taskinstance.py:2778} INFO - 0 downstream tasks scheduled from follow-on schedule check
[2023-11-21T02:36:32.937+0000] {taskinstance.py:1159} INFO - Dependencies all met for dep_context=non-requeueable deps ti=<TaskInstance: outcomes_dag.step1 scheduled__2023-11-18T00:00:00+00:00 [queued]>
[2023-11-21T02:36:32.953+0000] {taskinstance.py:1159} INFO - Dependencies all met for dep_context=requeueable deps ti=<TaskInstance: outcomes_dag.step1 scheduled__2023-11-18T00:00:00+00:00 [queued]>
[2023-11-21T02:36:32.953+0000] {taskinstance.py:1361} INFO - Starting attempt 1 of 1
[2023-11-21T02:36:32.995+0000] {taskinstance.py:1382} INFO - Executing <Task(BashOperator): step1> on 2023-11-18 00:00:00+00:00
[2023-11-21T02:36:33.007+0000] {standard_task_runner.py:57} INFO - Started process 299 to run task
[2023-11-21T02:36:33.053+0000] {standard_task_runner.py:84} INFO - Running: ['***', 'tasks', 'run', 'outcomes_dag', 'step1', 'scheduled__2023-11-18T00:00:00+00:00', '--job-id', '55', '--raw', '--subdir', 'DAGS_FOLDER/outcomes_dag.py', '--cfg-path', '/tmp/tmpg10ayoif']
[2023-11-21T02:36:33.105+0000] {standard_task_runner.py:85} INFO - Job 55: Subtask step1
[2023-11-21T02:36:33.326+0000] {task_command.py:416} INFO - Running <TaskInstance: outcomes_dag.step1 scheduled__2023-11-18T00:00:00+00:00 [running]> on host b875fa978b1e
[2023-11-21T02:36:34.272+0000] {taskinstance.py:1662} INFO - Exporting env vars: AIRFLOW_CTX_DAG_OWNER='***' AIRFLOW_CTX_DAG_ID='outcomes_dag' AIRFLOW_CTX_TASK_ID='step1' AIRFLOW_CTX_EXECUTION_DATE='2023-11-18T00:00:00+00:00' AIRFLOW_CTX_TRY_NUMBER='1' AIRFLOW_CTX_DAG_RUN_ID='scheduled__2023-11-18T00:00:00+00:00'
[2023-11-21T02:36:34.281+0000] {subprocess.py:63} INFO - Tmp dir root location: /tmp
[2023-11-21T02:36:34.282+0000] {subprocess.py:75} INFO - Running command: ['/bin/bash', '-c', 'curl --create-dirs -o /opt/***/data/2023-11-18/downloads/outcomes_2023-11-18.json https://data.austintexas.gov/resource/9t4d-g238.json']
[2023-11-21T02:36:34.328+0000] {subprocess.py:86} INFO - Output:
[2023-11-21T02:36:34.379+0000] {subprocess.py:93} INFO -   % Total    % Received % Xferd  Average Speed   Time    Time     Time  Current
[2023-11-21T02:36:34.381+0000] {subprocess.py:93} INFO -                                  Dload  Upload   Total   Spent    Left  Speed
[2023-11-21T02:36:35.336+0000] {subprocess.py:93} INFO -   0     0    0     0    0     0      0      0 --:--:-- --:--:-- --:--:--     0100 97248    0 97248    0     0   108k      0 --:--:-- --:--:-- --:--:--  108k100  320k    0  320k    0     0   335k      0 --:--:-- --:--:-- --:--:--  335k
[2023-11-21T02:36:35.339+0000] {subprocess.py:97} INFO - Command exited with return code 0
[2023-11-21T02:36:35.378+0000] {taskinstance.py:1400} INFO - Marking task as SUCCESS. dag_id=outcomes_dag, task_id=step1, execution_date=20231118T000000, start_date=20231121T023632, end_date=20231121T023635
[2023-11-21T02:36:35.432+0000] {local_task_job_runner.py:228} INFO - Task exited with return code 0
[2023-11-21T02:36:35.464+0000] {taskinstance.py:2778} INFO - 1 downstream tasks scheduled from follow-on schedule check
[2023-11-21T03:16:08.811+0000] {taskinstance.py:1159} INFO - Dependencies all met for dep_context=non-requeueable deps ti=<TaskInstance: outcomes_dag.step1 scheduled__2023-11-18T00:00:00+00:00 [queued]>
[2023-11-21T03:16:08.829+0000] {taskinstance.py:1159} INFO - Dependencies all met for dep_context=requeueable deps ti=<TaskInstance: outcomes_dag.step1 scheduled__2023-11-18T00:00:00+00:00 [queued]>
[2023-11-21T03:16:08.830+0000] {taskinstance.py:1361} INFO - Starting attempt 1 of 1
[2023-11-21T03:16:08.849+0000] {taskinstance.py:1382} INFO - Executing <Task(BashOperator): step1> on 2023-11-18 00:00:00+00:00
[2023-11-21T03:16:08.864+0000] {standard_task_runner.py:57} INFO - Started process 73 to run task
[2023-11-21T03:16:08.875+0000] {standard_task_runner.py:84} INFO - Running: ['***', 'tasks', 'run', 'outcomes_dag', 'step1', 'scheduled__2023-11-18T00:00:00+00:00', '--job-id', '3', '--raw', '--subdir', 'DAGS_FOLDER/outcomes_dag.py', '--cfg-path', '/tmp/tmp4uvo_b7r']
[2023-11-21T03:16:08.879+0000] {standard_task_runner.py:85} INFO - Job 3: Subtask step1
[2023-11-21T03:16:09.039+0000] {task_command.py:416} INFO - Running <TaskInstance: outcomes_dag.step1 scheduled__2023-11-18T00:00:00+00:00 [running]> on host 33d8c5494200
[2023-11-21T03:16:10.219+0000] {taskinstance.py:1662} INFO - Exporting env vars: AIRFLOW_CTX_DAG_OWNER='***' AIRFLOW_CTX_DAG_ID='outcomes_dag' AIRFLOW_CTX_TASK_ID='step1' AIRFLOW_CTX_EXECUTION_DATE='2023-11-18T00:00:00+00:00' AIRFLOW_CTX_TRY_NUMBER='1' AIRFLOW_CTX_DAG_RUN_ID='scheduled__2023-11-18T00:00:00+00:00'
[2023-11-21T03:16:10.222+0000] {subprocess.py:63} INFO - Tmp dir root location: /tmp
[2023-11-21T03:16:10.222+0000] {subprocess.py:75} INFO - Running command: ['/bin/bash', '-c', 'curl --create-dirs -o /opt/***/data/2023-11-18/downloads/outcomes_2023-11-18.json https://data.austintexas.gov/resource/9t4d-g238.json']
[2023-11-21T03:16:10.257+0000] {subprocess.py:86} INFO - Output:
[2023-11-21T03:16:10.296+0000] {subprocess.py:93} INFO -   % Total    % Received % Xferd  Average Speed   Time    Time     Time  Current
[2023-11-21T03:16:10.296+0000] {subprocess.py:93} INFO -                                  Dload  Upload   Total   Spent    Left  Speed
[2023-11-21T03:16:12.469+0000] {subprocess.py:93} INFO -   0     0    0     0    0     0      0      0 --:--:-- --:--:-- --:--:--     0  0     0    0     0    0     0      0      0 --:--:--  0:00:01 --:--:--     0100 48104    0 48104    0     0  23908      0 --:--:--  0:00:02 --:--:-- 23908100  320k    0  320k    0     0   147k      0 --:--:--  0:00:02 --:--:--  147k
[2023-11-21T03:16:12.479+0000] {subprocess.py:97} INFO - Command exited with return code 0
[2023-11-21T03:16:12.560+0000] {taskinstance.py:1400} INFO - Marking task as SUCCESS. dag_id=outcomes_dag, task_id=step1, execution_date=20231118T000000, start_date=20231121T031608, end_date=20231121T031612
[2023-11-21T03:16:12.649+0000] {local_task_job_runner.py:228} INFO - Task exited with return code 0
[2023-11-21T03:16:12.708+0000] {taskinstance.py:2778} INFO - 0 downstream tasks scheduled from follow-on schedule check
