[2023-11-20T22:16:38.270+0000] {taskinstance.py:1159} INFO - Dependencies all met for dep_context=non-requeueable deps ti=<TaskInstance: outcomes_dag.step1 scheduled__2023-11-07T00:00:00+00:00 [queued]>
[2023-11-20T22:16:38.311+0000] {taskinstance.py:1159} INFO - Dependencies all met for dep_context=requeueable deps ti=<TaskInstance: outcomes_dag.step1 scheduled__2023-11-07T00:00:00+00:00 [queued]>
[2023-11-20T22:16:38.317+0000] {taskinstance.py:1361} INFO - Starting attempt 1 of 1
[2023-11-20T22:16:38.351+0000] {taskinstance.py:1382} INFO - Executing <Task(BashOperator): step1> on 2023-11-07 00:00:00+00:00
[2023-11-20T22:16:38.368+0000] {standard_task_runner.py:57} INFO - Started process 352 to run task
[2023-11-20T22:16:38.447+0000] {standard_task_runner.py:84} INFO - Running: ['***', 'tasks', 'run', 'outcomes_dag', 'step1', 'scheduled__2023-11-07T00:00:00+00:00', '--job-id', '18', '--raw', '--subdir', 'DAGS_FOLDER/outcomes_dag.py', '--cfg-path', '/tmp/tmpbrlipv5e']
[2023-11-20T22:16:38.464+0000] {standard_task_runner.py:85} INFO - Job 18: Subtask step1
[2023-11-20T22:16:38.627+0000] {task_command.py:416} INFO - Running <TaskInstance: outcomes_dag.step1 scheduled__2023-11-07T00:00:00+00:00 [running]> on host 323903d45442
[2023-11-20T22:16:38.855+0000] {taskinstance.py:1662} INFO - Exporting env vars: AIRFLOW_CTX_DAG_OWNER='***' AIRFLOW_CTX_DAG_ID='outcomes_dag' AIRFLOW_CTX_TASK_ID='step1' AIRFLOW_CTX_EXECUTION_DATE='2023-11-07T00:00:00+00:00' AIRFLOW_CTX_TRY_NUMBER='1' AIRFLOW_CTX_DAG_RUN_ID='scheduled__2023-11-07T00:00:00+00:00'
[2023-11-20T22:16:38.862+0000] {subprocess.py:63} INFO - Tmp dir root location: /tmp
[2023-11-20T22:16:38.867+0000] {subprocess.py:75} INFO - Running command: ['/bin/bash', '-c', 'echo 1']
[2023-11-20T22:16:38.912+0000] {subprocess.py:86} INFO - Output:
[2023-11-20T22:16:38.919+0000] {subprocess.py:93} INFO - 1
[2023-11-20T22:16:38.921+0000] {subprocess.py:97} INFO - Command exited with return code 0
[2023-11-20T22:16:39.063+0000] {taskinstance.py:1400} INFO - Marking task as SUCCESS. dag_id=outcomes_dag, task_id=step1, execution_date=20231107T000000, start_date=20231120T221638, end_date=20231120T221639
[2023-11-20T22:16:39.126+0000] {local_task_job_runner.py:228} INFO - Task exited with return code 0
[2023-11-20T22:16:39.157+0000] {taskinstance.py:2778} INFO - 0 downstream tasks scheduled from follow-on schedule check
[2023-11-21T01:20:22.585+0000] {taskinstance.py:1159} INFO - Dependencies all met for dep_context=non-requeueable deps ti=<TaskInstance: outcomes_dag.step1 scheduled__2023-11-07T00:00:00+00:00 [queued]>
[2023-11-21T01:20:22.623+0000] {taskinstance.py:1159} INFO - Dependencies all met for dep_context=requeueable deps ti=<TaskInstance: outcomes_dag.step1 scheduled__2023-11-07T00:00:00+00:00 [queued]>
[2023-11-21T01:20:22.623+0000] {taskinstance.py:1361} INFO - Starting attempt 1 of 1
[2023-11-21T01:20:22.659+0000] {taskinstance.py:1382} INFO - Executing <Task(BashOperator): step1> on 2023-11-07 00:00:00+00:00
[2023-11-21T01:20:22.861+0000] {standard_task_runner.py:57} INFO - Started process 113 to run task
[2023-11-21T01:20:22.976+0000] {standard_task_runner.py:84} INFO - Running: ['***', 'tasks', 'run', 'outcomes_dag', 'step1', 'scheduled__2023-11-07T00:00:00+00:00', '--job-id', '18', '--raw', '--subdir', 'DAGS_FOLDER/outcomes_dag.py', '--cfg-path', '/tmp/tmps486pl6r']
[2023-11-21T01:20:23.014+0000] {standard_task_runner.py:85} INFO - Job 18: Subtask step1
[2023-11-21T01:20:23.852+0000] {task_command.py:416} INFO - Running <TaskInstance: outcomes_dag.step1 scheduled__2023-11-07T00:00:00+00:00 [running]> on host f31a30014ab0
[2023-11-21T01:20:34.595+0000] {taskinstance.py:1662} INFO - Exporting env vars: AIRFLOW_CTX_DAG_OWNER='***' AIRFLOW_CTX_DAG_ID='outcomes_dag' AIRFLOW_CTX_TASK_ID='step1' AIRFLOW_CTX_EXECUTION_DATE='2023-11-07T00:00:00+00:00' AIRFLOW_CTX_TRY_NUMBER='1' AIRFLOW_CTX_DAG_RUN_ID='scheduled__2023-11-07T00:00:00+00:00'
[2023-11-21T01:20:34.645+0000] {subprocess.py:63} INFO - Tmp dir root location: /tmp
[2023-11-21T01:20:34.653+0000] {subprocess.py:75} INFO - Running command: ['/bin/bash', '-c', 'curl --create-dirs -o /opt/***/data/2023-11-07/downloads/outcomes_2023-11-07.json https://data.austintexas.gov/resource/9t4d-g238.json']
[2023-11-21T01:20:34.703+0000] {subprocess.py:86} INFO - Output:
[2023-11-21T01:20:34.745+0000] {subprocess.py:93} INFO -   % Total    % Received % Xferd  Average Speed   Time    Time     Time  Current
[2023-11-21T01:20:34.749+0000] {subprocess.py:93} INFO -                                  Dload  Upload   Total   Spent    Left  Speed
[2023-11-21T01:20:36.246+0000] {subprocess.py:93} INFO -   0     0    0     0    0     0      0      0 --:--:-- --:--:-- --:--:--     0  0     0    0     0    0     0      0      0 --:--:-- --:--:-- --:--:--     0100  158k    0  158k    0     0   118k      0 --:--:--  0:00:01 --:--:--  118k100  320k    0  320k    0     0   214k      0 --:--:--  0:00:01 --:--:--  214k
[2023-11-21T01:20:36.259+0000] {subprocess.py:97} INFO - Command exited with return code 0
[2023-11-21T01:20:36.596+0000] {taskinstance.py:1400} INFO - Marking task as SUCCESS. dag_id=outcomes_dag, task_id=step1, execution_date=20231107T000000, start_date=20231121T012022, end_date=20231121T012036
[2023-11-21T01:20:36.813+0000] {local_task_job_runner.py:228} INFO - Task exited with return code 0
[2023-11-21T01:20:36.999+0000] {taskinstance.py:2778} INFO - 1 downstream tasks scheduled from follow-on schedule check
[2023-11-21T02:36:08.863+0000] {taskinstance.py:1159} INFO - Dependencies all met for dep_context=non-requeueable deps ti=<TaskInstance: outcomes_dag.step1 scheduled__2023-11-07T00:00:00+00:00 [queued]>
[2023-11-21T02:36:08.873+0000] {taskinstance.py:1159} INFO - Dependencies all met for dep_context=requeueable deps ti=<TaskInstance: outcomes_dag.step1 scheduled__2023-11-07T00:00:00+00:00 [queued]>
[2023-11-21T02:36:08.884+0000] {taskinstance.py:1361} INFO - Starting attempt 1 of 1
[2023-11-21T02:36:08.920+0000] {taskinstance.py:1382} INFO - Executing <Task(BashOperator): step1> on 2023-11-07 00:00:00+00:00
[2023-11-21T02:36:08.938+0000] {standard_task_runner.py:57} INFO - Started process 111 to run task
[2023-11-21T02:36:08.994+0000] {standard_task_runner.py:84} INFO - Running: ['***', 'tasks', 'run', 'outcomes_dag', 'step1', 'scheduled__2023-11-07T00:00:00+00:00', '--job-id', '18', '--raw', '--subdir', 'DAGS_FOLDER/outcomes_dag.py', '--cfg-path', '/tmp/tmpx5yw5xih']
[2023-11-21T02:36:09.008+0000] {standard_task_runner.py:85} INFO - Job 18: Subtask step1
[2023-11-21T02:36:09.278+0000] {task_command.py:416} INFO - Running <TaskInstance: outcomes_dag.step1 scheduled__2023-11-07T00:00:00+00:00 [running]> on host b875fa978b1e
[2023-11-21T02:36:14.771+0000] {taskinstance.py:1662} INFO - Exporting env vars: AIRFLOW_CTX_DAG_OWNER='***' AIRFLOW_CTX_DAG_ID='outcomes_dag' AIRFLOW_CTX_TASK_ID='step1' AIRFLOW_CTX_EXECUTION_DATE='2023-11-07T00:00:00+00:00' AIRFLOW_CTX_TRY_NUMBER='1' AIRFLOW_CTX_DAG_RUN_ID='scheduled__2023-11-07T00:00:00+00:00'
[2023-11-21T02:36:14.776+0000] {subprocess.py:63} INFO - Tmp dir root location: /tmp
[2023-11-21T02:36:14.778+0000] {subprocess.py:75} INFO - Running command: ['/bin/bash', '-c', 'curl --create-dirs -o /opt/***/data/2023-11-07/downloads/outcomes_2023-11-07.json https://data.austintexas.gov/resource/9t4d-g238.json']
[2023-11-21T02:36:14.881+0000] {subprocess.py:86} INFO - Output:
[2023-11-21T02:36:14.928+0000] {subprocess.py:93} INFO -   % Total    % Received % Xferd  Average Speed   Time    Time     Time  Current
[2023-11-21T02:36:14.929+0000] {subprocess.py:93} INFO -                                  Dload  Upload   Total   Spent    Left  Speed
[2023-11-21T02:36:15.982+0000] {subprocess.py:93} INFO -   0     0    0     0    0     0      0      0 --:--:-- --:--:-- --:--:--     0  0     0    0     0    0     0      0      0 --:--:-- --:--:-- --:--:--     0100  320k    0  320k    0     0   306k      0 --:--:--  0:00:01 --:--:--  306k
[2023-11-21T02:36:15.994+0000] {subprocess.py:97} INFO - Command exited with return code 0
[2023-11-21T02:36:16.186+0000] {taskinstance.py:1400} INFO - Marking task as SUCCESS. dag_id=outcomes_dag, task_id=step1, execution_date=20231107T000000, start_date=20231121T023608, end_date=20231121T023616
[2023-11-21T02:36:16.359+0000] {local_task_job_runner.py:228} INFO - Task exited with return code 0
[2023-11-21T02:36:16.775+0000] {taskinstance.py:2778} INFO - 0 downstream tasks scheduled from follow-on schedule check
