[2023-11-21T01:21:00.136+0000] {taskinstance.py:1159} INFO - Dependencies all met for dep_context=non-requeueable deps ti=<TaskInstance: outcomes_dag.transform scheduled__2023-11-14T00:00:00+00:00 [queued]>
[2023-11-21T01:21:00.214+0000] {taskinstance.py:1159} INFO - Dependencies all met for dep_context=requeueable deps ti=<TaskInstance: outcomes_dag.transform scheduled__2023-11-14T00:00:00+00:00 [queued]>
[2023-11-21T01:21:00.215+0000] {taskinstance.py:1361} INFO - Starting attempt 1 of 1
[2023-11-21T01:21:00.314+0000] {taskinstance.py:1382} INFO - Executing <Task(PythonOperator): transform> on 2023-11-14 00:00:00+00:00
[2023-11-21T01:21:00.431+0000] {standard_task_runner.py:57} INFO - Started process 240 to run task
[2023-11-21T01:21:00.457+0000] {standard_task_runner.py:84} INFO - Running: ['***', 'tasks', 'run', 'outcomes_dag', 'transform', 'scheduled__2023-11-14T00:00:00+00:00', '--job-id', '45', '--raw', '--subdir', 'DAGS_FOLDER/outcomes_dag.py', '--cfg-path', '/tmp/tmpst8jfr9z']
[2023-11-21T01:21:00.497+0000] {standard_task_runner.py:85} INFO - Job 45: Subtask transform
[2023-11-21T01:21:00.839+0000] {task_command.py:416} INFO - Running <TaskInstance: outcomes_dag.transform scheduled__2023-11-14T00:00:00+00:00 [running]> on host f31a30014ab0
[2023-11-21T01:21:10.634+0000] {taskinstance.py:1662} INFO - Exporting env vars: AIRFLOW_CTX_DAG_OWNER='***' AIRFLOW_CTX_DAG_ID='outcomes_dag' AIRFLOW_CTX_TASK_ID='transform' AIRFLOW_CTX_EXECUTION_DATE='2023-11-14T00:00:00+00:00' AIRFLOW_CTX_TRY_NUMBER='1' AIRFLOW_CTX_DAG_RUN_ID='scheduled__2023-11-14T00:00:00+00:00'
[2023-11-21T01:21:11.085+0000] {python.py:194} INFO - Done. Returned value was: None
[2023-11-21T01:21:11.165+0000] {taskinstance.py:1400} INFO - Marking task as SUCCESS. dag_id=outcomes_dag, task_id=transform, execution_date=20231114T000000, start_date=20231121T012100, end_date=20231121T012111
[2023-11-21T01:21:11.419+0000] {local_task_job_runner.py:228} INFO - Task exited with return code 0
[2023-11-21T01:21:11.502+0000] {taskinstance.py:2778} INFO - 0 downstream tasks scheduled from follow-on schedule check
[2023-11-21T02:36:26.026+0000] {taskinstance.py:1159} INFO - Dependencies all met for dep_context=non-requeueable deps ti=<TaskInstance: outcomes_dag.transform scheduled__2023-11-14T00:00:00+00:00 [queued]>
[2023-11-21T02:36:26.075+0000] {taskinstance.py:1159} INFO - Dependencies all met for dep_context=requeueable deps ti=<TaskInstance: outcomes_dag.transform scheduled__2023-11-14T00:00:00+00:00 [queued]>
[2023-11-21T02:36:26.094+0000] {taskinstance.py:1361} INFO - Starting attempt 1 of 1
[2023-11-21T02:36:26.187+0000] {taskinstance.py:1382} INFO - Executing <Task(PythonOperator): transform> on 2023-11-14 00:00:00+00:00
[2023-11-21T02:36:26.417+0000] {standard_task_runner.py:57} INFO - Started process 230 to run task
[2023-11-21T02:36:26.437+0000] {standard_task_runner.py:84} INFO - Running: ['***', 'tasks', 'run', 'outcomes_dag', 'transform', 'scheduled__2023-11-14T00:00:00+00:00', '--job-id', '47', '--raw', '--subdir', 'DAGS_FOLDER/outcomes_dag.py', '--cfg-path', '/tmp/tmp17u9agu5']
[2023-11-21T02:36:26.487+0000] {standard_task_runner.py:85} INFO - Job 47: Subtask transform
[2023-11-21T02:36:26.684+0000] {task_command.py:416} INFO - Running <TaskInstance: outcomes_dag.transform scheduled__2023-11-14T00:00:00+00:00 [running]> on host b875fa978b1e
[2023-11-21T02:36:28.614+0000] {taskinstance.py:1662} INFO - Exporting env vars: AIRFLOW_CTX_DAG_OWNER='***' AIRFLOW_CTX_DAG_ID='outcomes_dag' AIRFLOW_CTX_TASK_ID='transform' AIRFLOW_CTX_EXECUTION_DATE='2023-11-14T00:00:00+00:00' AIRFLOW_CTX_TRY_NUMBER='1' AIRFLOW_CTX_DAG_RUN_ID='scheduled__2023-11-14T00:00:00+00:00'
[2023-11-21T02:36:28.823+0000] {python.py:194} INFO - Done. Returned value was: None
[2023-11-21T02:36:28.847+0000] {taskinstance.py:1400} INFO - Marking task as SUCCESS. dag_id=outcomes_dag, task_id=transform, execution_date=20231114T000000, start_date=20231121T023626, end_date=20231121T023628
[2023-11-21T02:36:28.926+0000] {local_task_job_runner.py:228} INFO - Task exited with return code 0
[2023-11-21T02:36:28.978+0000] {taskinstance.py:2778} INFO - 0 downstream tasks scheduled from follow-on schedule check
[2023-11-22T07:53:52.398+0000] {taskinstance.py:1159} INFO - Dependencies all met for dep_context=non-requeueable deps ti=<TaskInstance: outcomes_dag.Transform scheduled__2023-11-14T00:00:00+00:00 [queued]>
[2023-11-22T07:53:52.437+0000] {taskinstance.py:1159} INFO - Dependencies all met for dep_context=requeueable deps ti=<TaskInstance: outcomes_dag.Transform scheduled__2023-11-14T00:00:00+00:00 [queued]>
[2023-11-22T07:53:52.443+0000] {taskinstance.py:1361} INFO - Starting attempt 1 of 1
[2023-11-22T07:53:52.477+0000] {taskinstance.py:1382} INFO - Executing <Task(PythonOperator): Transform> on 2023-11-14 00:00:00+00:00
[2023-11-22T07:53:52.711+0000] {standard_task_runner.py:57} INFO - Started process 315 to run task
[2023-11-22T07:53:52.806+0000] {standard_task_runner.py:84} INFO - Running: ['***', 'tasks', 'run', 'outcomes_dag', 'Transform', 'scheduled__2023-11-14T00:00:00+00:00', '--job-id', '23', '--raw', '--subdir', 'DAGS_FOLDER/outcomes_dag.py', '--cfg-path', '/tmp/tmp6da9gekn']
[2023-11-22T07:53:52.816+0000] {standard_task_runner.py:85} INFO - Job 23: Subtask Transform
[2023-11-22T07:53:53.211+0000] {task_command.py:416} INFO - Running <TaskInstance: outcomes_dag.Transform scheduled__2023-11-14T00:00:00+00:00 [running]> on host 6318e996d951
[2023-11-22T07:53:53.471+0000] {taskinstance.py:1662} INFO - Exporting env vars: AIRFLOW_CTX_DAG_OWNER='***' AIRFLOW_CTX_DAG_ID='outcomes_dag' AIRFLOW_CTX_TASK_ID='Transform' AIRFLOW_CTX_EXECUTION_DATE='2023-11-14T00:00:00+00:00' AIRFLOW_CTX_TRY_NUMBER='1' AIRFLOW_CTX_DAG_RUN_ID='scheduled__2023-11-14T00:00:00+00:00'
[2023-11-22T07:53:53.478+0000] {logging_mixin.py:154} INFO - Getting data from Cloud Storage
[2023-11-22T07:53:54.742+0000] {logging_mixin.py:154} INFO - Index(['animal_id', 'datetime', 'monthyear', 'date_of_birth', 'outcome_type',
       'outcome_subtype', 'animal_type', 'sex_upon_outcome',
       'age_upon_outcome', 'breed', 'color', 'name'],
      dtype='object')
[2023-11-22T07:53:55.972+0000] {logging_mixin.py:154} INFO - Data Deposited into Cloud Storage
[2023-11-22T07:53:55.990+0000] {python.py:194} INFO - Done. Returned value was: None
[2023-11-22T07:53:56.123+0000] {taskinstance.py:1400} INFO - Marking task as SUCCESS. dag_id=outcomes_dag, task_id=Transform, execution_date=20231114T000000, start_date=20231122T075352, end_date=20231122T075356
[2023-11-22T07:53:56.410+0000] {local_task_job_runner.py:228} INFO - Task exited with return code 0
[2023-11-22T22:41:26.539+0000] {taskinstance.py:1159} INFO - Dependencies all met for dep_context=non-requeueable deps ti=<TaskInstance: outcomes_dag.Transform scheduled__2023-11-14T00:00:00+00:00 [queued]>
[2023-11-22T22:41:26.569+0000] {taskinstance.py:1159} INFO - Dependencies all met for dep_context=requeueable deps ti=<TaskInstance: outcomes_dag.Transform scheduled__2023-11-14T00:00:00+00:00 [queued]>
[2023-11-22T22:41:26.573+0000] {taskinstance.py:1361} INFO - Starting attempt 1 of 1
[2023-11-22T22:41:26.630+0000] {taskinstance.py:1382} INFO - Executing <Task(PythonOperator): Transform> on 2023-11-14 00:00:00+00:00
[2023-11-22T22:41:26.807+0000] {standard_task_runner.py:57} INFO - Started process 173 to run task
[2023-11-22T22:41:26.863+0000] {standard_task_runner.py:84} INFO - Running: ['***', 'tasks', 'run', 'outcomes_dag', 'Transform', 'scheduled__2023-11-14T00:00:00+00:00', '--job-id', '22', '--raw', '--subdir', 'DAGS_FOLDER/outcomes_dag.py', '--cfg-path', '/tmp/tmplla0sq59']
[2023-11-22T22:41:26.970+0000] {standard_task_runner.py:85} INFO - Job 22: Subtask Transform
[2023-11-22T22:41:27.368+0000] {task_command.py:416} INFO - Running <TaskInstance: outcomes_dag.Transform scheduled__2023-11-14T00:00:00+00:00 [running]> on host 8ac13583809b
[2023-11-22T22:41:27.826+0000] {taskinstance.py:1662} INFO - Exporting env vars: AIRFLOW_CTX_DAG_OWNER='***' AIRFLOW_CTX_DAG_ID='outcomes_dag' AIRFLOW_CTX_TASK_ID='Transform' AIRFLOW_CTX_EXECUTION_DATE='2023-11-14T00:00:00+00:00' AIRFLOW_CTX_TRY_NUMBER='1' AIRFLOW_CTX_DAG_RUN_ID='scheduled__2023-11-14T00:00:00+00:00'
[2023-11-22T22:41:27.839+0000] {logging_mixin.py:154} INFO - Getting data from Cloud Storage
[2023-11-22T22:41:28.416+0000] {logging_mixin.py:154} INFO - Index(['animal_id', 'name', 'datetime', 'monthyear', 'date_of_birth',
       'outcome_type', 'animal_type', 'sex_upon_outcome', 'age_upon_outcome',
       'breed', 'color', 'outcome_subtype'],
      dtype='object')
[2023-11-22T22:41:29.238+0000] {logging_mixin.py:154} INFO - Data Deposited into Cloud Storage
[2023-11-22T22:41:29.247+0000] {python.py:194} INFO - Done. Returned value was: None
[2023-11-22T22:41:29.319+0000] {taskinstance.py:1400} INFO - Marking task as SUCCESS. dag_id=outcomes_dag, task_id=Transform, execution_date=20231114T000000, start_date=20231122T224126, end_date=20231122T224129
[2023-11-22T22:41:29.470+0000] {local_task_job_runner.py:228} INFO - Task exited with return code 0
[2023-11-22T22:59:47.354+0000] {taskinstance.py:1159} INFO - Dependencies all met for dep_context=non-requeueable deps ti=<TaskInstance: outcomes_dag.Transform scheduled__2023-11-14T00:00:00+00:00 [queued]>
[2023-11-22T22:59:47.372+0000] {taskinstance.py:1159} INFO - Dependencies all met for dep_context=requeueable deps ti=<TaskInstance: outcomes_dag.Transform scheduled__2023-11-14T00:00:00+00:00 [queued]>
[2023-11-22T22:59:47.373+0000] {taskinstance.py:1361} INFO - Starting attempt 1 of 1
[2023-11-22T22:59:47.396+0000] {taskinstance.py:1382} INFO - Executing <Task(PythonOperator): Transform> on 2023-11-14 00:00:00+00:00
[2023-11-22T22:59:47.450+0000] {standard_task_runner.py:57} INFO - Started process 139 to run task
[2023-11-22T22:59:47.464+0000] {standard_task_runner.py:84} INFO - Running: ['***', 'tasks', 'run', 'outcomes_dag', 'Transform', 'scheduled__2023-11-14T00:00:00+00:00', '--job-id', '20', '--raw', '--subdir', 'DAGS_FOLDER/outcomes_dag.py', '--cfg-path', '/tmp/tmpu2k8b5ci']
[2023-11-22T22:59:47.474+0000] {standard_task_runner.py:85} INFO - Job 20: Subtask Transform
[2023-11-22T22:59:47.640+0000] {task_command.py:416} INFO - Running <TaskInstance: outcomes_dag.Transform scheduled__2023-11-14T00:00:00+00:00 [running]> on host 4b2f5af281f8
[2023-11-22T22:59:47.839+0000] {taskinstance.py:1662} INFO - Exporting env vars: AIRFLOW_CTX_DAG_OWNER='***' AIRFLOW_CTX_DAG_ID='outcomes_dag' AIRFLOW_CTX_TASK_ID='Transform' AIRFLOW_CTX_EXECUTION_DATE='2023-11-14T00:00:00+00:00' AIRFLOW_CTX_TRY_NUMBER='1' AIRFLOW_CTX_DAG_RUN_ID='scheduled__2023-11-14T00:00:00+00:00'
[2023-11-22T22:59:47.844+0000] {logging_mixin.py:154} INFO - Getting data from Cloud Storage
[2023-11-22T22:59:49.229+0000] {logging_mixin.py:154} INFO - Index(['animal_id', 'name', 'datetime', 'monthyear', 'date_of_birth',
       'outcome_type', 'animal_type', 'sex_upon_outcome', 'age_upon_outcome',
       'breed', 'color', 'outcome_subtype'],
      dtype='object')
[2023-11-22T22:59:52.366+0000] {logging_mixin.py:154} INFO - Data Deposited into Cloud Storage
[2023-11-22T22:59:52.374+0000] {python.py:194} INFO - Done. Returned value was: None
[2023-11-22T22:59:52.511+0000] {taskinstance.py:1400} INFO - Marking task as SUCCESS. dag_id=outcomes_dag, task_id=Transform, execution_date=20231114T000000, start_date=20231122T225947, end_date=20231122T225952
[2023-11-22T22:59:52.637+0000] {local_task_job_runner.py:228} INFO - Task exited with return code 0
[2023-11-22T23:20:16.335+0000] {taskinstance.py:1159} INFO - Dependencies all met for dep_context=non-requeueable deps ti=<TaskInstance: outcomes_dag.Transform scheduled__2023-11-14T00:00:00+00:00 [queued]>
[2023-11-22T23:20:16.361+0000] {taskinstance.py:1159} INFO - Dependencies all met for dep_context=requeueable deps ti=<TaskInstance: outcomes_dag.Transform scheduled__2023-11-14T00:00:00+00:00 [queued]>
[2023-11-22T23:20:16.364+0000] {taskinstance.py:1361} INFO - Starting attempt 1 of 1
[2023-11-22T23:20:16.402+0000] {taskinstance.py:1382} INFO - Executing <Task(PythonOperator): Transform> on 2023-11-14 00:00:00+00:00
[2023-11-22T23:20:16.409+0000] {standard_task_runner.py:57} INFO - Started process 148 to run task
[2023-11-22T23:20:16.422+0000] {standard_task_runner.py:84} INFO - Running: ['***', 'tasks', 'run', 'outcomes_dag', 'Transform', 'scheduled__2023-11-14T00:00:00+00:00', '--job-id', '29', '--raw', '--subdir', 'DAGS_FOLDER/outcomes_dag.py', '--cfg-path', '/tmp/tmp7y4fscs_']
[2023-11-22T23:20:16.431+0000] {standard_task_runner.py:85} INFO - Job 29: Subtask Transform
[2023-11-22T23:20:16.552+0000] {task_command.py:416} INFO - Running <TaskInstance: outcomes_dag.Transform scheduled__2023-11-14T00:00:00+00:00 [running]> on host b410bfb4af5e
[2023-11-22T23:20:16.711+0000] {taskinstance.py:1662} INFO - Exporting env vars: AIRFLOW_CTX_DAG_OWNER='***' AIRFLOW_CTX_DAG_ID='outcomes_dag' AIRFLOW_CTX_TASK_ID='Transform' AIRFLOW_CTX_EXECUTION_DATE='2023-11-14T00:00:00+00:00' AIRFLOW_CTX_TRY_NUMBER='1' AIRFLOW_CTX_DAG_RUN_ID='scheduled__2023-11-14T00:00:00+00:00'
[2023-11-22T23:20:16.719+0000] {logging_mixin.py:154} INFO - Getting data from Cloud Storage
[2023-11-22T23:20:17.228+0000] {logging_mixin.py:154} INFO - Index(['animal_id', 'name', 'datetime', 'monthyear', 'date_of_birth',
       'outcome_type', 'animal_type', 'sex_upon_outcome', 'age_upon_outcome',
       'breed', 'color', 'outcome_subtype'],
      dtype='object')
[2023-11-22T23:20:17.546+0000] {logging_mixin.py:154} INFO - Data Deposited into Cloud Storage
[2023-11-22T23:20:17.554+0000] {python.py:194} INFO - Done. Returned value was: None
[2023-11-22T23:20:17.692+0000] {taskinstance.py:1400} INFO - Marking task as SUCCESS. dag_id=outcomes_dag, task_id=Transform, execution_date=20231114T000000, start_date=20231122T232016, end_date=20231122T232017
[2023-11-22T23:20:17.942+0000] {local_task_job_runner.py:228} INFO - Task exited with return code 0
[2023-11-22T23:43:03.937+0000] {taskinstance.py:1159} INFO - Dependencies all met for dep_context=non-requeueable deps ti=<TaskInstance: outcomes_dag.Transform scheduled__2023-11-14T00:00:00+00:00 [queued]>
[2023-11-22T23:43:04.051+0000] {taskinstance.py:1159} INFO - Dependencies all met for dep_context=requeueable deps ti=<TaskInstance: outcomes_dag.Transform scheduled__2023-11-14T00:00:00+00:00 [queued]>
[2023-11-22T23:43:04.061+0000] {taskinstance.py:1361} INFO - Starting attempt 1 of 1
[2023-11-22T23:43:04.141+0000] {taskinstance.py:1382} INFO - Executing <Task(PythonOperator): Transform> on 2023-11-14 00:00:00+00:00
[2023-11-22T23:43:04.180+0000] {standard_task_runner.py:57} INFO - Started process 162 to run task
[2023-11-22T23:43:04.238+0000] {standard_task_runner.py:84} INFO - Running: ['***', 'tasks', 'run', 'outcomes_dag', 'Transform', 'scheduled__2023-11-14T00:00:00+00:00', '--job-id', '28', '--raw', '--subdir', 'DAGS_FOLDER/outcomes_dag.py', '--cfg-path', '/tmp/tmpyb15ln2v']
[2023-11-22T23:43:04.255+0000] {standard_task_runner.py:85} INFO - Job 28: Subtask Transform
[2023-11-22T23:43:04.583+0000] {task_command.py:416} INFO - Running <TaskInstance: outcomes_dag.Transform scheduled__2023-11-14T00:00:00+00:00 [running]> on host 371cae71aa63
[2023-11-22T23:43:04.854+0000] {taskinstance.py:1662} INFO - Exporting env vars: AIRFLOW_CTX_DAG_OWNER='***' AIRFLOW_CTX_DAG_ID='outcomes_dag' AIRFLOW_CTX_TASK_ID='Transform' AIRFLOW_CTX_EXECUTION_DATE='2023-11-14T00:00:00+00:00' AIRFLOW_CTX_TRY_NUMBER='1' AIRFLOW_CTX_DAG_RUN_ID='scheduled__2023-11-14T00:00:00+00:00'
[2023-11-22T23:43:04.864+0000] {logging_mixin.py:154} INFO - Getting data from Cloud Storage
[2023-11-22T23:43:05.306+0000] {logging_mixin.py:154} INFO - Index(['animal_id', 'name', 'datetime', 'monthyear', 'date_of_birth',
       'outcome_type', 'animal_type', 'sex_upon_outcome', 'age_upon_outcome',
       'breed', 'color', 'outcome_subtype'],
      dtype='object')
[2023-11-22T23:43:05.556+0000] {logging_mixin.py:154} INFO - Data Deposited into Cloud Storage
[2023-11-22T23:43:05.556+0000] {python.py:194} INFO - Done. Returned value was: None
[2023-11-22T23:43:05.573+0000] {taskinstance.py:1400} INFO - Marking task as SUCCESS. dag_id=outcomes_dag, task_id=Transform, execution_date=20231114T000000, start_date=20231122T234303, end_date=20231122T234305
[2023-11-22T23:43:05.643+0000] {local_task_job_runner.py:228} INFO - Task exited with return code 0
[2023-11-23T00:39:26.566+0000] {taskinstance.py:1159} INFO - Dependencies all met for dep_context=non-requeueable deps ti=<TaskInstance: outcomes_dag.Transform scheduled__2023-11-14T00:00:00+00:00 [queued]>
[2023-11-23T00:39:26.583+0000] {taskinstance.py:1159} INFO - Dependencies all met for dep_context=requeueable deps ti=<TaskInstance: outcomes_dag.Transform scheduled__2023-11-14T00:00:00+00:00 [queued]>
[2023-11-23T00:39:26.588+0000] {taskinstance.py:1361} INFO - Starting attempt 1 of 1
[2023-11-23T00:39:26.629+0000] {taskinstance.py:1382} INFO - Executing <Task(PythonOperator): Transform> on 2023-11-14 00:00:00+00:00
[2023-11-23T00:39:26.645+0000] {standard_task_runner.py:57} INFO - Started process 153 to run task
[2023-11-23T00:39:26.668+0000] {standard_task_runner.py:84} INFO - Running: ['***', 'tasks', 'run', 'outcomes_dag', 'Transform', 'scheduled__2023-11-14T00:00:00+00:00', '--job-id', '26', '--raw', '--subdir', 'DAGS_FOLDER/outcomes_dag.py', '--cfg-path', '/tmp/tmp2qjj55g3']
[2023-11-23T00:39:26.678+0000] {standard_task_runner.py:85} INFO - Job 26: Subtask Transform
[2023-11-23T00:39:26.800+0000] {task_command.py:416} INFO - Running <TaskInstance: outcomes_dag.Transform scheduled__2023-11-14T00:00:00+00:00 [running]> on host 75913536581a
[2023-11-23T00:39:27.008+0000] {taskinstance.py:1662} INFO - Exporting env vars: AIRFLOW_CTX_DAG_OWNER='***' AIRFLOW_CTX_DAG_ID='outcomes_dag' AIRFLOW_CTX_TASK_ID='Transform' AIRFLOW_CTX_EXECUTION_DATE='2023-11-14T00:00:00+00:00' AIRFLOW_CTX_TRY_NUMBER='1' AIRFLOW_CTX_DAG_RUN_ID='scheduled__2023-11-14T00:00:00+00:00'
[2023-11-23T00:39:27.015+0000] {logging_mixin.py:154} INFO - Getting data from Cloud Storage
[2023-11-23T00:39:27.554+0000] {logging_mixin.py:154} INFO - Index(['animal_id', 'name', 'datetime', 'monthyear', 'date_of_birth',
       'outcome_type', 'animal_type', 'sex_upon_outcome', 'age_upon_outcome',
       'breed', 'color', 'outcome_subtype'],
      dtype='object')
[2023-11-23T00:39:27.874+0000] {logging_mixin.py:154} INFO - Data Deposited into Cloud Storage
[2023-11-23T00:39:27.881+0000] {python.py:194} INFO - Done. Returned value was: None
[2023-11-23T00:39:27.962+0000] {taskinstance.py:1400} INFO - Marking task as SUCCESS. dag_id=outcomes_dag, task_id=Transform, execution_date=20231114T000000, start_date=20231123T003926, end_date=20231123T003927
[2023-11-23T00:39:28.112+0000] {local_task_job_runner.py:228} INFO - Task exited with return code 0
[2023-11-23T01:49:35.197+0000] {taskinstance.py:1159} INFO - Dependencies all met for dep_context=non-requeueable deps ti=<TaskInstance: outcomes_dag.Transform scheduled__2023-11-14T00:00:00+00:00 [queued]>
[2023-11-23T01:49:35.228+0000] {taskinstance.py:1159} INFO - Dependencies all met for dep_context=requeueable deps ti=<TaskInstance: outcomes_dag.Transform scheduled__2023-11-14T00:00:00+00:00 [queued]>
[2023-11-23T01:49:35.234+0000] {taskinstance.py:1361} INFO - Starting attempt 1 of 1
[2023-11-23T01:49:35.284+0000] {taskinstance.py:1382} INFO - Executing <Task(PythonOperator): Transform> on 2023-11-14 00:00:00+00:00
[2023-11-23T01:49:35.304+0000] {standard_task_runner.py:57} INFO - Started process 167 to run task
[2023-11-23T01:49:35.322+0000] {standard_task_runner.py:84} INFO - Running: ['***', 'tasks', 'run', 'outcomes_dag', 'Transform', 'scheduled__2023-11-14T00:00:00+00:00', '--job-id', '32', '--raw', '--subdir', 'DAGS_FOLDER/outcomes_dag.py', '--cfg-path', '/tmp/tmpuo64fs2p']
[2023-11-23T01:49:35.342+0000] {standard_task_runner.py:85} INFO - Job 32: Subtask Transform
[2023-11-23T01:49:35.474+0000] {task_command.py:416} INFO - Running <TaskInstance: outcomes_dag.Transform scheduled__2023-11-14T00:00:00+00:00 [running]> on host d15d3caa5b00
[2023-11-23T01:49:35.661+0000] {taskinstance.py:1662} INFO - Exporting env vars: AIRFLOW_CTX_DAG_OWNER='***' AIRFLOW_CTX_DAG_ID='outcomes_dag' AIRFLOW_CTX_TASK_ID='Transform' AIRFLOW_CTX_EXECUTION_DATE='2023-11-14T00:00:00+00:00' AIRFLOW_CTX_TRY_NUMBER='1' AIRFLOW_CTX_DAG_RUN_ID='scheduled__2023-11-14T00:00:00+00:00'
[2023-11-23T01:49:35.663+0000] {logging_mixin.py:154} INFO - Getting data from Cloud Storage
[2023-11-23T01:49:36.280+0000] {logging_mixin.py:154} INFO - Index(['animal_id', 'datetime', 'monthyear', 'date_of_birth', 'outcome_type',
       'outcome_subtype', 'animal_type', 'sex_upon_outcome',
       'age_upon_outcome', 'breed', 'color', 'name'],
      dtype='object')
[2023-11-23T01:49:36.585+0000] {logging_mixin.py:154} INFO - Data Deposited into Cloud Storage
[2023-11-23T01:49:36.587+0000] {python.py:194} INFO - Done. Returned value was: None
[2023-11-23T01:49:36.647+0000] {taskinstance.py:1400} INFO - Marking task as SUCCESS. dag_id=outcomes_dag, task_id=Transform, execution_date=20231114T000000, start_date=20231123T014935, end_date=20231123T014936
[2023-11-23T01:49:36.879+0000] {local_task_job_runner.py:228} INFO - Task exited with return code 0
[2023-11-23T03:40:42.156+0000] {taskinstance.py:1159} INFO - Dependencies all met for dep_context=non-requeueable deps ti=<TaskInstance: outcomes_dag.Transform scheduled__2023-11-14T00:00:00+00:00 [queued]>
[2023-11-23T03:40:42.192+0000] {taskinstance.py:1159} INFO - Dependencies all met for dep_context=requeueable deps ti=<TaskInstance: outcomes_dag.Transform scheduled__2023-11-14T00:00:00+00:00 [queued]>
[2023-11-23T03:40:42.206+0000] {taskinstance.py:1361} INFO - Starting attempt 1 of 1
[2023-11-23T03:40:42.272+0000] {taskinstance.py:1382} INFO - Executing <Task(PythonOperator): Transform> on 2023-11-14 00:00:00+00:00
[2023-11-23T03:40:42.334+0000] {standard_task_runner.py:57} INFO - Started process 143 to run task
[2023-11-23T03:40:42.379+0000] {standard_task_runner.py:84} INFO - Running: ['***', 'tasks', 'run', 'outcomes_dag', 'Transform', 'scheduled__2023-11-14T00:00:00+00:00', '--job-id', '24', '--raw', '--subdir', 'DAGS_FOLDER/outcomes_dag.py', '--cfg-path', '/tmp/tmpi3ewkmkm']
[2023-11-23T03:40:42.444+0000] {standard_task_runner.py:85} INFO - Job 24: Subtask Transform
[2023-11-23T03:40:42.754+0000] {task_command.py:416} INFO - Running <TaskInstance: outcomes_dag.Transform scheduled__2023-11-14T00:00:00+00:00 [running]> on host e647c96745b0
[2023-11-23T03:40:43.069+0000] {taskinstance.py:1662} INFO - Exporting env vars: AIRFLOW_CTX_DAG_OWNER='***' AIRFLOW_CTX_DAG_ID='outcomes_dag' AIRFLOW_CTX_TASK_ID='Transform' AIRFLOW_CTX_EXECUTION_DATE='2023-11-14T00:00:00+00:00' AIRFLOW_CTX_TRY_NUMBER='1' AIRFLOW_CTX_DAG_RUN_ID='scheduled__2023-11-14T00:00:00+00:00'
[2023-11-23T03:40:43.072+0000] {logging_mixin.py:154} INFO - Getting data from Cloud Storage
[2023-11-23T03:40:43.593+0000] {logging_mixin.py:154} INFO - Index(['animal_id', 'name', 'datetime', 'monthyear', 'date_of_birth',
       'outcome_type', 'animal_type', 'sex_upon_outcome', 'age_upon_outcome',
       'breed', 'color', 'outcome_subtype'],
      dtype='object')
[2023-11-23T03:40:43.891+0000] {logging_mixin.py:154} INFO - Data Deposited into Cloud Storage
[2023-11-23T03:40:43.891+0000] {python.py:194} INFO - Done. Returned value was: None
[2023-11-23T03:40:43.911+0000] {taskinstance.py:1400} INFO - Marking task as SUCCESS. dag_id=outcomes_dag, task_id=Transform, execution_date=20231114T000000, start_date=20231123T034042, end_date=20231123T034043
[2023-11-23T03:40:44.012+0000] {local_task_job_runner.py:228} INFO - Task exited with return code 0
