[2023-11-21T01:21:27.227+0000] {taskinstance.py:1159} INFO - Dependencies all met for dep_context=non-requeueable deps ti=<TaskInstance: outcomes_dag.transform scheduled__2023-11-19T00:00:00+00:00 [queued]>
[2023-11-21T01:21:27.232+0000] {taskinstance.py:1159} INFO - Dependencies all met for dep_context=requeueable deps ti=<TaskInstance: outcomes_dag.transform scheduled__2023-11-19T00:00:00+00:00 [queued]>
[2023-11-21T01:21:27.232+0000] {taskinstance.py:1361} INFO - Starting attempt 1 of 1
[2023-11-21T01:21:27.239+0000] {taskinstance.py:1382} INFO - Executing <Task(PythonOperator): transform> on 2023-11-19 00:00:00+00:00
[2023-11-21T01:21:27.243+0000] {standard_task_runner.py:57} INFO - Started process 328 to run task
[2023-11-21T01:21:27.247+0000] {standard_task_runner.py:84} INFO - Running: ['***', 'tasks', 'run', 'outcomes_dag', 'transform', 'scheduled__2023-11-19T00:00:00+00:00', '--job-id', '64', '--raw', '--subdir', 'DAGS_FOLDER/outcomes_dag.py', '--cfg-path', '/tmp/tmp9h7lo2s7']
[2023-11-21T01:21:27.250+0000] {standard_task_runner.py:85} INFO - Job 64: Subtask transform
[2023-11-21T01:21:27.304+0000] {task_command.py:416} INFO - Running <TaskInstance: outcomes_dag.transform scheduled__2023-11-19T00:00:00+00:00 [running]> on host f31a30014ab0
[2023-11-21T01:21:27.698+0000] {taskinstance.py:1662} INFO - Exporting env vars: AIRFLOW_CTX_DAG_OWNER='***' AIRFLOW_CTX_DAG_ID='outcomes_dag' AIRFLOW_CTX_TASK_ID='transform' AIRFLOW_CTX_EXECUTION_DATE='2023-11-19T00:00:00+00:00' AIRFLOW_CTX_TRY_NUMBER='1' AIRFLOW_CTX_DAG_RUN_ID='scheduled__2023-11-19T00:00:00+00:00'
[2023-11-21T01:21:27.743+0000] {python.py:194} INFO - Done. Returned value was: None
[2023-11-21T01:21:27.754+0000] {taskinstance.py:1400} INFO - Marking task as SUCCESS. dag_id=outcomes_dag, task_id=transform, execution_date=20231119T000000, start_date=20231121T012127, end_date=20231121T012127
[2023-11-21T01:21:27.788+0000] {local_task_job_runner.py:228} INFO - Task exited with return code 0
[2023-11-21T01:21:27.813+0000] {taskinstance.py:2778} INFO - 0 downstream tasks scheduled from follow-on schedule check
[2023-11-21T02:36:36.518+0000] {taskinstance.py:1159} INFO - Dependencies all met for dep_context=non-requeueable deps ti=<TaskInstance: outcomes_dag.transform scheduled__2023-11-19T00:00:00+00:00 [queued]>
[2023-11-21T02:36:36.526+0000] {taskinstance.py:1159} INFO - Dependencies all met for dep_context=requeueable deps ti=<TaskInstance: outcomes_dag.transform scheduled__2023-11-19T00:00:00+00:00 [queued]>
[2023-11-21T02:36:36.527+0000] {taskinstance.py:1361} INFO - Starting attempt 1 of 1
[2023-11-21T02:36:36.535+0000] {taskinstance.py:1382} INFO - Executing <Task(PythonOperator): transform> on 2023-11-19 00:00:00+00:00
[2023-11-21T02:36:36.541+0000] {standard_task_runner.py:57} INFO - Started process 327 to run task
[2023-11-21T02:36:36.546+0000] {standard_task_runner.py:84} INFO - Running: ['***', 'tasks', 'run', 'outcomes_dag', 'transform', 'scheduled__2023-11-19T00:00:00+00:00', '--job-id', '64', '--raw', '--subdir', 'DAGS_FOLDER/outcomes_dag.py', '--cfg-path', '/tmp/tmpj3j4l_lb']
[2023-11-21T02:36:36.550+0000] {standard_task_runner.py:85} INFO - Job 64: Subtask transform
[2023-11-21T02:36:36.628+0000] {task_command.py:416} INFO - Running <TaskInstance: outcomes_dag.transform scheduled__2023-11-19T00:00:00+00:00 [running]> on host b875fa978b1e
[2023-11-21T02:36:37.006+0000] {taskinstance.py:1662} INFO - Exporting env vars: AIRFLOW_CTX_DAG_OWNER='***' AIRFLOW_CTX_DAG_ID='outcomes_dag' AIRFLOW_CTX_TASK_ID='transform' AIRFLOW_CTX_EXECUTION_DATE='2023-11-19T00:00:00+00:00' AIRFLOW_CTX_TRY_NUMBER='1' AIRFLOW_CTX_DAG_RUN_ID='scheduled__2023-11-19T00:00:00+00:00'
[2023-11-21T02:36:37.047+0000] {python.py:194} INFO - Done. Returned value was: None
[2023-11-21T02:36:37.057+0000] {taskinstance.py:1400} INFO - Marking task as SUCCESS. dag_id=outcomes_dag, task_id=transform, execution_date=20231119T000000, start_date=20231121T023636, end_date=20231121T023637
[2023-11-21T02:36:37.082+0000] {local_task_job_runner.py:228} INFO - Task exited with return code 0
[2023-11-21T02:36:37.098+0000] {taskinstance.py:2778} INFO - 0 downstream tasks scheduled from follow-on schedule check
[2023-11-21T03:16:13.050+0000] {taskinstance.py:1159} INFO - Dependencies all met for dep_context=non-requeueable deps ti=<TaskInstance: outcomes_dag.transform scheduled__2023-11-19T00:00:00+00:00 [queued]>
[2023-11-21T03:16:13.064+0000] {taskinstance.py:1159} INFO - Dependencies all met for dep_context=requeueable deps ti=<TaskInstance: outcomes_dag.transform scheduled__2023-11-19T00:00:00+00:00 [queued]>
[2023-11-21T03:16:13.064+0000] {taskinstance.py:1361} INFO - Starting attempt 1 of 1
[2023-11-21T03:16:13.083+0000] {taskinstance.py:1382} INFO - Executing <Task(PythonOperator): transform> on 2023-11-19 00:00:00+00:00
[2023-11-21T03:16:13.088+0000] {standard_task_runner.py:57} INFO - Started process 109 to run task
[2023-11-21T03:16:13.095+0000] {standard_task_runner.py:84} INFO - Running: ['***', 'tasks', 'run', 'outcomes_dag', 'transform', 'scheduled__2023-11-19T00:00:00+00:00', '--job-id', '13', '--raw', '--subdir', 'DAGS_FOLDER/outcomes_dag.py', '--cfg-path', '/tmp/tmp4m7biv69']
[2023-11-21T03:16:13.104+0000] {standard_task_runner.py:85} INFO - Job 13: Subtask transform
[2023-11-21T03:16:13.197+0000] {task_command.py:416} INFO - Running <TaskInstance: outcomes_dag.transform scheduled__2023-11-19T00:00:00+00:00 [running]> on host 33d8c5494200
[2023-11-21T03:16:13.793+0000] {taskinstance.py:1662} INFO - Exporting env vars: AIRFLOW_CTX_DAG_OWNER='***' AIRFLOW_CTX_DAG_ID='outcomes_dag' AIRFLOW_CTX_TASK_ID='transform' AIRFLOW_CTX_EXECUTION_DATE='2023-11-19T00:00:00+00:00' AIRFLOW_CTX_TRY_NUMBER='1' AIRFLOW_CTX_DAG_RUN_ID='scheduled__2023-11-19T00:00:00+00:00'
[2023-11-21T03:16:13.837+0000] {python.py:194} INFO - Done. Returned value was: None
[2023-11-21T03:16:13.862+0000] {taskinstance.py:1400} INFO - Marking task as SUCCESS. dag_id=outcomes_dag, task_id=transform, execution_date=20231119T000000, start_date=20231121T031613, end_date=20231121T031613
[2023-11-21T03:16:13.927+0000] {local_task_job_runner.py:228} INFO - Task exited with return code 0
[2023-11-21T03:16:13.986+0000] {taskinstance.py:2778} INFO - 1 downstream tasks scheduled from follow-on schedule check
[2023-11-22T02:54:02.772+0000] {taskinstance.py:1159} INFO - Dependencies all met for dep_context=non-requeueable deps ti=<TaskInstance: outcomes_dag.Transform scheduled__2023-11-19T00:00:00+00:00 [queued]>
[2023-11-22T02:54:02.778+0000] {taskinstance.py:1159} INFO - Dependencies all met for dep_context=requeueable deps ti=<TaskInstance: outcomes_dag.Transform scheduled__2023-11-19T00:00:00+00:00 [queued]>
[2023-11-22T02:54:02.780+0000] {taskinstance.py:1361} INFO - Starting attempt 1 of 1
[2023-11-22T02:54:02.790+0000] {taskinstance.py:1382} INFO - Executing <Task(PythonOperator): Transform> on 2023-11-19 00:00:00+00:00
[2023-11-22T02:54:02.797+0000] {standard_task_runner.py:57} INFO - Started process 93 to run task
[2023-11-22T02:54:02.802+0000] {standard_task_runner.py:84} INFO - Running: ['***', 'tasks', 'run', 'outcomes_dag', 'Transform', 'scheduled__2023-11-19T00:00:00+00:00', '--job-id', '14', '--raw', '--subdir', 'DAGS_FOLDER/outcomes_dag.py', '--cfg-path', '/tmp/tmp7tc_pec1']
[2023-11-22T02:54:02.807+0000] {standard_task_runner.py:85} INFO - Job 14: Subtask Transform
[2023-11-22T02:54:02.857+0000] {task_command.py:416} INFO - Running <TaskInstance: outcomes_dag.Transform scheduled__2023-11-19T00:00:00+00:00 [running]> on host 24b88ba10398
[2023-11-22T02:54:02.946+0000] {taskinstance.py:1662} INFO - Exporting env vars: AIRFLOW_CTX_DAG_OWNER='***' AIRFLOW_CTX_DAG_ID='outcomes_dag' AIRFLOW_CTX_TASK_ID='Transform' AIRFLOW_CTX_EXECUTION_DATE='2023-11-19T00:00:00+00:00' AIRFLOW_CTX_TRY_NUMBER='1' AIRFLOW_CTX_DAG_RUN_ID='scheduled__2023-11-19T00:00:00+00:00'
[2023-11-22T02:54:02.947+0000] {logging_mixin.py:154} INFO - Getting data from Cloud Storage
[2023-11-22T02:54:03.757+0000] {taskinstance.py:1937} ERROR - Task failed with exception
Traceback (most recent call last):
  File "/home/airflow/.local/lib/python3.8/site-packages/airflow/operators/python.py", line 192, in execute
    return_value = self.execute_callable()
  File "/home/airflow/.local/lib/python3.8/site-packages/airflow/operators/python.py", line 209, in execute_callable
    return self.python_callable(*self.op_args, **self.op_kwargs)
  File "/opt/airflow/dags/ETL/Transform.py", line 10, in transform_data
    new_data = pre_process(df)
  File "/opt/airflow/dags/ETL/Transform.py", line 23, in pre_process
    df['Day'] = df["datetime"].dt.day
  File "/home/airflow/.local/lib/python3.8/site-packages/pandas/core/generic.py", line 5989, in __getattr__
    return object.__getattribute__(self, name)
  File "/home/airflow/.local/lib/python3.8/site-packages/pandas/core/accessor.py", line 224, in __get__
    accessor_obj = self._accessor(obj)
  File "/home/airflow/.local/lib/python3.8/site-packages/pandas/core/indexes/accessors.py", line 580, in __new__
    raise AttributeError("Can only use .dt accessor with datetimelike values")
AttributeError: Can only use .dt accessor with datetimelike values
[2023-11-22T02:54:03.787+0000] {taskinstance.py:1400} INFO - Marking task as FAILED. dag_id=outcomes_dag, task_id=Transform, execution_date=20231119T000000, start_date=20231122T025402, end_date=20231122T025403
[2023-11-22T02:54:03.814+0000] {standard_task_runner.py:104} ERROR - Failed to execute job 14 for task Transform (Can only use .dt accessor with datetimelike values; 93)
[2023-11-22T02:54:03.833+0000] {local_task_job_runner.py:228} INFO - Task exited with return code 1
[2023-11-22T03:22:51.245+0000] {taskinstance.py:1159} INFO - Dependencies all met for dep_context=non-requeueable deps ti=<TaskInstance: outcomes_dag.Transform scheduled__2023-11-19T00:00:00+00:00 [queued]>
[2023-11-22T03:22:51.253+0000] {taskinstance.py:1159} INFO - Dependencies all met for dep_context=requeueable deps ti=<TaskInstance: outcomes_dag.Transform scheduled__2023-11-19T00:00:00+00:00 [queued]>
[2023-11-22T03:22:51.253+0000] {taskinstance.py:1361} INFO - Starting attempt 1 of 1
[2023-11-22T03:22:51.262+0000] {taskinstance.py:1382} INFO - Executing <Task(PythonOperator): Transform> on 2023-11-19 00:00:00+00:00
[2023-11-22T03:22:51.277+0000] {standard_task_runner.py:57} INFO - Started process 92 to run task
[2023-11-22T03:22:51.282+0000] {standard_task_runner.py:84} INFO - Running: ['***', 'tasks', 'run', 'outcomes_dag', 'Transform', 'scheduled__2023-11-19T00:00:00+00:00', '--job-id', '13', '--raw', '--subdir', 'DAGS_FOLDER/outcomes_dag.py', '--cfg-path', '/tmp/tmp53271g3c']
[2023-11-22T03:22:51.287+0000] {standard_task_runner.py:85} INFO - Job 13: Subtask Transform
[2023-11-22T03:22:51.385+0000] {task_command.py:416} INFO - Running <TaskInstance: outcomes_dag.Transform scheduled__2023-11-19T00:00:00+00:00 [running]> on host cf56a4e96859
[2023-11-22T03:22:51.512+0000] {taskinstance.py:1662} INFO - Exporting env vars: AIRFLOW_CTX_DAG_OWNER='***' AIRFLOW_CTX_DAG_ID='outcomes_dag' AIRFLOW_CTX_TASK_ID='Transform' AIRFLOW_CTX_EXECUTION_DATE='2023-11-19T00:00:00+00:00' AIRFLOW_CTX_TRY_NUMBER='1' AIRFLOW_CTX_DAG_RUN_ID='scheduled__2023-11-19T00:00:00+00:00'
[2023-11-22T03:22:51.515+0000] {logging_mixin.py:154} INFO - Getting data from Cloud Storage
[2023-11-22T03:22:51.906+0000] {logging_mixin.py:154} INFO - Index(['animal_id', 'name', 'datetime', 'monthyear', 'date_of_birth',
       'outcome_type', 'animal_type', 'sex_upon_outcome', 'age_upon_outcome',
       'breed', 'color', 'outcome_subtype'],
      dtype='object')
[2023-11-22T03:22:52.067+0000] {logging_mixin.py:154} INFO - Data Deposited into Cloud Storage
[2023-11-22T03:22:52.067+0000] {python.py:194} INFO - Done. Returned value was: None
[2023-11-22T03:22:52.077+0000] {taskinstance.py:1400} INFO - Marking task as SUCCESS. dag_id=outcomes_dag, task_id=Transform, execution_date=20231119T000000, start_date=20231122T032251, end_date=20231122T032252
[2023-11-22T03:22:52.114+0000] {local_task_job_runner.py:228} INFO - Task exited with return code 0
[2023-11-22T03:55:53.988+0000] {taskinstance.py:1159} INFO - Dependencies all met for dep_context=non-requeueable deps ti=<TaskInstance: outcomes_dag.Transform scheduled__2023-11-19T00:00:00+00:00 [queued]>
[2023-11-22T03:55:54.008+0000] {taskinstance.py:1159} INFO - Dependencies all met for dep_context=requeueable deps ti=<TaskInstance: outcomes_dag.Transform scheduled__2023-11-19T00:00:00+00:00 [queued]>
[2023-11-22T03:55:54.009+0000] {taskinstance.py:1361} INFO - Starting attempt 1 of 1
[2023-11-22T03:55:54.036+0000] {taskinstance.py:1382} INFO - Executing <Task(PythonOperator): Transform> on 2023-11-19 00:00:00+00:00
[2023-11-22T03:55:54.060+0000] {standard_task_runner.py:57} INFO - Started process 98 to run task
[2023-11-22T03:55:54.101+0000] {standard_task_runner.py:84} INFO - Running: ['***', 'tasks', 'run', 'outcomes_dag', 'Transform', 'scheduled__2023-11-19T00:00:00+00:00', '--job-id', '12', '--raw', '--subdir', 'DAGS_FOLDER/outcomes_dag.py', '--cfg-path', '/tmp/tmpt5z2j1yk']
[2023-11-22T03:55:54.113+0000] {standard_task_runner.py:85} INFO - Job 12: Subtask Transform
[2023-11-22T03:55:54.339+0000] {task_command.py:416} INFO - Running <TaskInstance: outcomes_dag.Transform scheduled__2023-11-19T00:00:00+00:00 [running]> on host cf936e748923
[2023-11-22T03:55:54.557+0000] {taskinstance.py:1662} INFO - Exporting env vars: AIRFLOW_CTX_DAG_OWNER='***' AIRFLOW_CTX_DAG_ID='outcomes_dag' AIRFLOW_CTX_TASK_ID='Transform' AIRFLOW_CTX_EXECUTION_DATE='2023-11-19T00:00:00+00:00' AIRFLOW_CTX_TRY_NUMBER='1' AIRFLOW_CTX_DAG_RUN_ID='scheduled__2023-11-19T00:00:00+00:00'
[2023-11-22T03:55:54.578+0000] {logging_mixin.py:154} INFO - Getting data from Cloud Storage
[2023-11-22T03:55:55.099+0000] {logging_mixin.py:154} INFO - Index(['animal_id', 'name', 'datetime', 'monthyear', 'date_of_birth',
       'outcome_type', 'outcome_subtype', 'animal_type', 'sex_upon_outcome',
       'age_upon_outcome', 'breed', 'color'],
      dtype='object')
[2023-11-22T03:55:55.246+0000] {logging_mixin.py:154} INFO - Data Deposited into Cloud Storage
[2023-11-22T03:55:55.246+0000] {python.py:194} INFO - Done. Returned value was: None
[2023-11-22T03:55:55.257+0000] {taskinstance.py:1400} INFO - Marking task as SUCCESS. dag_id=outcomes_dag, task_id=Transform, execution_date=20231119T000000, start_date=20231122T035553, end_date=20231122T035555
[2023-11-22T03:55:55.314+0000] {local_task_job_runner.py:228} INFO - Task exited with return code 0
[2023-11-22T05:47:48.640+0000] {taskinstance.py:1159} INFO - Dependencies all met for dep_context=non-requeueable deps ti=<TaskInstance: outcomes_dag.Transform scheduled__2023-11-19T00:00:00+00:00 [queued]>
[2023-11-22T05:47:48.667+0000] {taskinstance.py:1159} INFO - Dependencies all met for dep_context=requeueable deps ti=<TaskInstance: outcomes_dag.Transform scheduled__2023-11-19T00:00:00+00:00 [queued]>
[2023-11-22T05:47:48.668+0000] {taskinstance.py:1361} INFO - Starting attempt 1 of 1
[2023-11-22T05:47:48.696+0000] {taskinstance.py:1382} INFO - Executing <Task(PythonOperator): Transform> on 2023-11-19 00:00:00+00:00
[2023-11-22T05:47:48.738+0000] {standard_task_runner.py:57} INFO - Started process 173 to run task
[2023-11-22T05:47:48.798+0000] {standard_task_runner.py:84} INFO - Running: ['***', 'tasks', 'run', 'outcomes_dag', 'Transform', 'scheduled__2023-11-19T00:00:00+00:00', '--job-id', '19', '--raw', '--subdir', 'DAGS_FOLDER/outcomes_dag.py', '--cfg-path', '/tmp/tmpd26n_w2_']
[2023-11-22T05:47:48.812+0000] {standard_task_runner.py:85} INFO - Job 19: Subtask Transform
[2023-11-22T05:47:48.979+0000] {task_command.py:416} INFO - Running <TaskInstance: outcomes_dag.Transform scheduled__2023-11-19T00:00:00+00:00 [running]> on host 6e2e77b078ed
[2023-11-22T05:47:49.112+0000] {taskinstance.py:1662} INFO - Exporting env vars: AIRFLOW_CTX_DAG_OWNER='***' AIRFLOW_CTX_DAG_ID='outcomes_dag' AIRFLOW_CTX_TASK_ID='Transform' AIRFLOW_CTX_EXECUTION_DATE='2023-11-19T00:00:00+00:00' AIRFLOW_CTX_TRY_NUMBER='1' AIRFLOW_CTX_DAG_RUN_ID='scheduled__2023-11-19T00:00:00+00:00'
[2023-11-22T05:47:49.115+0000] {logging_mixin.py:154} INFO - Getting data from Cloud Storage
[2023-11-22T05:47:49.670+0000] {logging_mixin.py:154} INFO - Index(['animal_id', 'datetime', 'monthyear', 'date_of_birth', 'outcome_type',
       'outcome_subtype', 'animal_type', 'sex_upon_outcome',
       'age_upon_outcome', 'breed', 'color', 'name'],
      dtype='object')
[2023-11-22T05:47:49.918+0000] {logging_mixin.py:154} INFO - Data Deposited into Cloud Storage
[2023-11-22T05:47:49.918+0000] {python.py:194} INFO - Done. Returned value was: None
[2023-11-22T05:47:49.928+0000] {taskinstance.py:1400} INFO - Marking task as SUCCESS. dag_id=outcomes_dag, task_id=Transform, execution_date=20231119T000000, start_date=20231122T054748, end_date=20231122T054749
[2023-11-22T05:47:49.967+0000] {local_task_job_runner.py:228} INFO - Task exited with return code 0
[2023-11-22T06:09:43.889+0000] {taskinstance.py:1159} INFO - Dependencies all met for dep_context=non-requeueable deps ti=<TaskInstance: outcomes_dag.Transform scheduled__2023-11-19T00:00:00+00:00 [queued]>
[2023-11-22T06:09:43.912+0000] {taskinstance.py:1159} INFO - Dependencies all met for dep_context=requeueable deps ti=<TaskInstance: outcomes_dag.Transform scheduled__2023-11-19T00:00:00+00:00 [queued]>
[2023-11-22T06:09:43.912+0000] {taskinstance.py:1361} INFO - Starting attempt 1 of 1
[2023-11-22T06:09:43.927+0000] {taskinstance.py:1382} INFO - Executing <Task(PythonOperator): Transform> on 2023-11-19 00:00:00+00:00
[2023-11-22T06:09:43.982+0000] {standard_task_runner.py:57} INFO - Started process 114 to run task
[2023-11-22T06:09:43.992+0000] {standard_task_runner.py:84} INFO - Running: ['***', 'tasks', 'run', 'outcomes_dag', 'Transform', 'scheduled__2023-11-19T00:00:00+00:00', '--job-id', '17', '--raw', '--subdir', 'DAGS_FOLDER/outcomes_dag.py', '--cfg-path', '/tmp/tmpe3_3lw_j']
[2023-11-22T06:09:43.996+0000] {standard_task_runner.py:85} INFO - Job 17: Subtask Transform
[2023-11-22T06:09:44.089+0000] {task_command.py:416} INFO - Running <TaskInstance: outcomes_dag.Transform scheduled__2023-11-19T00:00:00+00:00 [running]> on host ded66acd9c7f
[2023-11-22T06:09:44.177+0000] {taskinstance.py:1662} INFO - Exporting env vars: AIRFLOW_CTX_DAG_OWNER='***' AIRFLOW_CTX_DAG_ID='outcomes_dag' AIRFLOW_CTX_TASK_ID='Transform' AIRFLOW_CTX_EXECUTION_DATE='2023-11-19T00:00:00+00:00' AIRFLOW_CTX_TRY_NUMBER='1' AIRFLOW_CTX_DAG_RUN_ID='scheduled__2023-11-19T00:00:00+00:00'
[2023-11-22T06:09:44.190+0000] {logging_mixin.py:154} INFO - Getting data from Cloud Storage
[2023-11-22T06:09:44.609+0000] {logging_mixin.py:154} INFO - Index(['animal_id', 'datetime', 'monthyear', 'date_of_birth', 'outcome_type',
       'outcome_subtype', 'animal_type', 'sex_upon_outcome',
       'age_upon_outcome', 'breed', 'color', 'name'],
      dtype='object')
[2023-11-22T06:09:44.838+0000] {logging_mixin.py:154} INFO - Data Deposited into Cloud Storage
[2023-11-22T06:09:44.839+0000] {python.py:194} INFO - Done. Returned value was: None
[2023-11-22T06:09:44.854+0000] {taskinstance.py:1400} INFO - Marking task as SUCCESS. dag_id=outcomes_dag, task_id=Transform, execution_date=20231119T000000, start_date=20231122T060943, end_date=20231122T060944
[2023-11-22T06:09:44.897+0000] {local_task_job_runner.py:228} INFO - Task exited with return code 0
[2023-11-22T06:19:00.781+0000] {taskinstance.py:1159} INFO - Dependencies all met for dep_context=non-requeueable deps ti=<TaskInstance: outcomes_dag.Transform scheduled__2023-11-19T00:00:00+00:00 [queued]>
[2023-11-22T06:19:00.787+0000] {taskinstance.py:1159} INFO - Dependencies all met for dep_context=requeueable deps ti=<TaskInstance: outcomes_dag.Transform scheduled__2023-11-19T00:00:00+00:00 [queued]>
[2023-11-22T06:19:00.788+0000] {taskinstance.py:1361} INFO - Starting attempt 1 of 1
[2023-11-22T06:19:00.798+0000] {taskinstance.py:1382} INFO - Executing <Task(PythonOperator): Transform> on 2023-11-19 00:00:00+00:00
[2023-11-22T06:19:00.817+0000] {standard_task_runner.py:57} INFO - Started process 101 to run task
[2023-11-22T06:19:00.840+0000] {standard_task_runner.py:84} INFO - Running: ['***', 'tasks', 'run', 'outcomes_dag', 'Transform', 'scheduled__2023-11-19T00:00:00+00:00', '--job-id', '13', '--raw', '--subdir', 'DAGS_FOLDER/outcomes_dag.py', '--cfg-path', '/tmp/tmpqd212fjk']
[2023-11-22T06:19:00.854+0000] {standard_task_runner.py:85} INFO - Job 13: Subtask Transform
[2023-11-22T06:19:00.959+0000] {task_command.py:416} INFO - Running <TaskInstance: outcomes_dag.Transform scheduled__2023-11-19T00:00:00+00:00 [running]> on host 836b7d8b8a64
[2023-11-22T06:19:01.063+0000] {taskinstance.py:1662} INFO - Exporting env vars: AIRFLOW_CTX_DAG_OWNER='***' AIRFLOW_CTX_DAG_ID='outcomes_dag' AIRFLOW_CTX_TASK_ID='Transform' AIRFLOW_CTX_EXECUTION_DATE='2023-11-19T00:00:00+00:00' AIRFLOW_CTX_TRY_NUMBER='1' AIRFLOW_CTX_DAG_RUN_ID='scheduled__2023-11-19T00:00:00+00:00'
[2023-11-22T06:19:01.071+0000] {logging_mixin.py:154} INFO - Getting data from Cloud Storage
[2023-11-22T06:19:01.432+0000] {logging_mixin.py:154} INFO - Index(['animal_id', 'datetime', 'monthyear', 'date_of_birth', 'outcome_type',
       'outcome_subtype', 'animal_type', 'sex_upon_outcome',
       'age_upon_outcome', 'breed', 'color', 'name'],
      dtype='object')
[2023-11-22T06:19:01.716+0000] {logging_mixin.py:154} INFO - Data Deposited into Cloud Storage
[2023-11-22T06:19:01.716+0000] {python.py:194} INFO - Done. Returned value was: None
[2023-11-22T06:19:01.731+0000] {taskinstance.py:1400} INFO - Marking task as SUCCESS. dag_id=outcomes_dag, task_id=Transform, execution_date=20231119T000000, start_date=20231122T061900, end_date=20231122T061901
[2023-11-22T06:19:01.796+0000] {local_task_job_runner.py:228} INFO - Task exited with return code 0
[2023-11-22T07:15:04.425+0000] {taskinstance.py:1159} INFO - Dependencies all met for dep_context=non-requeueable deps ti=<TaskInstance: outcomes_dag.Transform scheduled__2023-11-19T00:00:00+00:00 [queued]>
[2023-11-22T07:15:04.435+0000] {taskinstance.py:1159} INFO - Dependencies all met for dep_context=requeueable deps ti=<TaskInstance: outcomes_dag.Transform scheduled__2023-11-19T00:00:00+00:00 [queued]>
[2023-11-22T07:15:04.436+0000] {taskinstance.py:1361} INFO - Starting attempt 1 of 1
[2023-11-22T07:15:04.449+0000] {taskinstance.py:1382} INFO - Executing <Task(PythonOperator): Transform> on 2023-11-19 00:00:00+00:00
[2023-11-22T07:15:04.460+0000] {standard_task_runner.py:57} INFO - Started process 105 to run task
[2023-11-22T07:15:04.465+0000] {standard_task_runner.py:84} INFO - Running: ['***', 'tasks', 'run', 'outcomes_dag', 'Transform', 'scheduled__2023-11-19T00:00:00+00:00', '--job-id', '17', '--raw', '--subdir', 'DAGS_FOLDER/outcomes_dag.py', '--cfg-path', '/tmp/tmpfrridbi2']
[2023-11-22T07:15:04.469+0000] {standard_task_runner.py:85} INFO - Job 17: Subtask Transform
[2023-11-22T07:15:04.521+0000] {task_command.py:416} INFO - Running <TaskInstance: outcomes_dag.Transform scheduled__2023-11-19T00:00:00+00:00 [running]> on host 011245d9ad62
[2023-11-22T07:15:04.581+0000] {taskinstance.py:1662} INFO - Exporting env vars: AIRFLOW_CTX_DAG_OWNER='***' AIRFLOW_CTX_DAG_ID='outcomes_dag' AIRFLOW_CTX_TASK_ID='Transform' AIRFLOW_CTX_EXECUTION_DATE='2023-11-19T00:00:00+00:00' AIRFLOW_CTX_TRY_NUMBER='1' AIRFLOW_CTX_DAG_RUN_ID='scheduled__2023-11-19T00:00:00+00:00'
[2023-11-22T07:15:04.584+0000] {logging_mixin.py:154} INFO - Getting data from Cloud Storage
[2023-11-22T07:15:05.404+0000] {logging_mixin.py:154} INFO - Index(['animal_id', 'datetime', 'monthyear', 'date_of_birth', 'outcome_type',
       'outcome_subtype', 'animal_type', 'sex_upon_outcome',
       'age_upon_outcome', 'breed', 'color', 'name'],
      dtype='object')
[2023-11-22T07:15:05.738+0000] {logging_mixin.py:154} INFO - Data Deposited into Cloud Storage
[2023-11-22T07:15:05.738+0000] {python.py:194} INFO - Done. Returned value was: None
[2023-11-22T07:15:05.764+0000] {taskinstance.py:1400} INFO - Marking task as SUCCESS. dag_id=outcomes_dag, task_id=Transform, execution_date=20231119T000000, start_date=20231122T071504, end_date=20231122T071505
[2023-11-22T07:15:05.832+0000] {local_task_job_runner.py:228} INFO - Task exited with return code 0
[2023-11-22T07:54:40.431+0000] {taskinstance.py:1159} INFO - Dependencies all met for dep_context=non-requeueable deps ti=<TaskInstance: outcomes_dag.Transform scheduled__2023-11-19T00:00:00+00:00 [queued]>
[2023-11-22T07:54:40.438+0000] {taskinstance.py:1159} INFO - Dependencies all met for dep_context=requeueable deps ti=<TaskInstance: outcomes_dag.Transform scheduled__2023-11-19T00:00:00+00:00 [queued]>
[2023-11-22T07:54:40.438+0000] {taskinstance.py:1361} INFO - Starting attempt 1 of 1
[2023-11-22T07:54:40.447+0000] {taskinstance.py:1382} INFO - Executing <Task(PythonOperator): Transform> on 2023-11-19 00:00:00+00:00
[2023-11-22T07:54:40.470+0000] {standard_task_runner.py:57} INFO - Started process 462 to run task
[2023-11-22T07:54:40.478+0000] {standard_task_runner.py:84} INFO - Running: ['***', 'tasks', 'run', 'outcomes_dag', 'Transform', 'scheduled__2023-11-19T00:00:00+00:00', '--job-id', '75', '--raw', '--subdir', 'DAGS_FOLDER/outcomes_dag.py', '--cfg-path', '/tmp/tmpc2lpa690']
[2023-11-22T07:54:40.482+0000] {standard_task_runner.py:85} INFO - Job 75: Subtask Transform
[2023-11-22T07:54:40.540+0000] {task_command.py:416} INFO - Running <TaskInstance: outcomes_dag.Transform scheduled__2023-11-19T00:00:00+00:00 [running]> on host 6318e996d951
[2023-11-22T07:54:40.616+0000] {taskinstance.py:1662} INFO - Exporting env vars: AIRFLOW_CTX_DAG_OWNER='***' AIRFLOW_CTX_DAG_ID='outcomes_dag' AIRFLOW_CTX_TASK_ID='Transform' AIRFLOW_CTX_EXECUTION_DATE='2023-11-19T00:00:00+00:00' AIRFLOW_CTX_TRY_NUMBER='1' AIRFLOW_CTX_DAG_RUN_ID='scheduled__2023-11-19T00:00:00+00:00'
[2023-11-22T07:54:40.617+0000] {logging_mixin.py:154} INFO - Getting data from Cloud Storage
[2023-11-22T07:54:41.068+0000] {logging_mixin.py:154} INFO - Index(['animal_id', 'name', 'datetime', 'monthyear', 'date_of_birth',
       'outcome_type', 'animal_type', 'sex_upon_outcome', 'age_upon_outcome',
       'breed', 'color', 'outcome_subtype'],
      dtype='object')
[2023-11-22T07:54:41.327+0000] {logging_mixin.py:154} INFO - Data Deposited into Cloud Storage
[2023-11-22T07:54:41.327+0000] {python.py:194} INFO - Done. Returned value was: None
[2023-11-22T07:54:41.342+0000] {taskinstance.py:1400} INFO - Marking task as SUCCESS. dag_id=outcomes_dag, task_id=Transform, execution_date=20231119T000000, start_date=20231122T075440, end_date=20231122T075441
[2023-11-22T07:54:41.386+0000] {local_task_job_runner.py:228} INFO - Task exited with return code 0
[2023-11-22T22:41:47.740+0000] {taskinstance.py:1159} INFO - Dependencies all met for dep_context=non-requeueable deps ti=<TaskInstance: outcomes_dag.Transform scheduled__2023-11-19T00:00:00+00:00 [queued]>
[2023-11-22T22:41:47.748+0000] {taskinstance.py:1159} INFO - Dependencies all met for dep_context=requeueable deps ti=<TaskInstance: outcomes_dag.Transform scheduled__2023-11-19T00:00:00+00:00 [queued]>
[2023-11-22T22:41:47.748+0000] {taskinstance.py:1361} INFO - Starting attempt 1 of 1
[2023-11-22T22:41:47.759+0000] {taskinstance.py:1382} INFO - Executing <Task(PythonOperator): Transform> on 2023-11-19 00:00:00+00:00
[2023-11-22T22:41:47.770+0000] {standard_task_runner.py:57} INFO - Started process 262 to run task
[2023-11-22T22:41:47.775+0000] {standard_task_runner.py:84} INFO - Running: ['***', 'tasks', 'run', 'outcomes_dag', 'Transform', 'scheduled__2023-11-19T00:00:00+00:00', '--job-id', '57', '--raw', '--subdir', 'DAGS_FOLDER/outcomes_dag.py', '--cfg-path', '/tmp/tmp8p6830q5']
[2023-11-22T22:41:47.781+0000] {standard_task_runner.py:85} INFO - Job 57: Subtask Transform
[2023-11-22T22:41:47.896+0000] {task_command.py:416} INFO - Running <TaskInstance: outcomes_dag.Transform scheduled__2023-11-19T00:00:00+00:00 [running]> on host 8ac13583809b
[2023-11-22T22:41:48.020+0000] {taskinstance.py:1662} INFO - Exporting env vars: AIRFLOW_CTX_DAG_OWNER='***' AIRFLOW_CTX_DAG_ID='outcomes_dag' AIRFLOW_CTX_TASK_ID='Transform' AIRFLOW_CTX_EXECUTION_DATE='2023-11-19T00:00:00+00:00' AIRFLOW_CTX_TRY_NUMBER='1' AIRFLOW_CTX_DAG_RUN_ID='scheduled__2023-11-19T00:00:00+00:00'
[2023-11-22T22:41:48.022+0000] {logging_mixin.py:154} INFO - Getting data from Cloud Storage
[2023-11-22T22:41:48.474+0000] {logging_mixin.py:154} INFO - Index(['animal_id', 'name', 'datetime', 'monthyear', 'date_of_birth',
       'outcome_type', 'animal_type', 'sex_upon_outcome', 'age_upon_outcome',
       'breed', 'color', 'outcome_subtype'],
      dtype='object')
[2023-11-22T22:41:48.652+0000] {logging_mixin.py:154} INFO - Data Deposited into Cloud Storage
[2023-11-22T22:41:48.653+0000] {python.py:194} INFO - Done. Returned value was: None
[2023-11-22T22:41:48.674+0000] {taskinstance.py:1400} INFO - Marking task as SUCCESS. dag_id=outcomes_dag, task_id=Transform, execution_date=20231119T000000, start_date=20231122T224147, end_date=20231122T224148
[2023-11-22T22:41:48.733+0000] {local_task_job_runner.py:228} INFO - Task exited with return code 0
[2023-11-22T23:03:28.958+0000] {taskinstance.py:1159} INFO - Dependencies all met for dep_context=non-requeueable deps ti=<TaskInstance: outcomes_dag.Transform scheduled__2023-11-19T00:00:00+00:00 [queued]>
[2023-11-22T23:03:28.963+0000] {taskinstance.py:1159} INFO - Dependencies all met for dep_context=requeueable deps ti=<TaskInstance: outcomes_dag.Transform scheduled__2023-11-19T00:00:00+00:00 [queued]>
[2023-11-22T23:03:28.963+0000] {taskinstance.py:1361} INFO - Starting attempt 1 of 1
[2023-11-22T23:03:28.969+0000] {taskinstance.py:1382} INFO - Executing <Task(PythonOperator): Transform> on 2023-11-19 00:00:00+00:00
[2023-11-22T23:03:28.976+0000] {standard_task_runner.py:57} INFO - Started process 479 to run task
[2023-11-22T23:03:28.982+0000] {standard_task_runner.py:84} INFO - Running: ['***', 'tasks', 'run', 'outcomes_dag', 'Transform', 'scheduled__2023-11-19T00:00:00+00:00', '--job-id', '124', '--raw', '--subdir', 'DAGS_FOLDER/outcomes_dag.py', '--cfg-path', '/tmp/tmpjomgyj8c']
[2023-11-22T23:03:28.986+0000] {standard_task_runner.py:85} INFO - Job 124: Subtask Transform
[2023-11-22T23:03:29.042+0000] {task_command.py:416} INFO - Running <TaskInstance: outcomes_dag.Transform scheduled__2023-11-19T00:00:00+00:00 [running]> on host 4b2f5af281f8
[2023-11-22T23:03:29.125+0000] {taskinstance.py:1662} INFO - Exporting env vars: AIRFLOW_CTX_DAG_OWNER='***' AIRFLOW_CTX_DAG_ID='outcomes_dag' AIRFLOW_CTX_TASK_ID='Transform' AIRFLOW_CTX_EXECUTION_DATE='2023-11-19T00:00:00+00:00' AIRFLOW_CTX_TRY_NUMBER='1' AIRFLOW_CTX_DAG_RUN_ID='scheduled__2023-11-19T00:00:00+00:00'
[2023-11-22T23:03:29.126+0000] {logging_mixin.py:154} INFO - Getting data from Cloud Storage
[2023-11-22T23:03:29.496+0000] {logging_mixin.py:154} INFO - Index(['animal_id', 'name', 'datetime', 'monthyear', 'date_of_birth',
       'outcome_type', 'animal_type', 'sex_upon_outcome', 'age_upon_outcome',
       'breed', 'color', 'outcome_subtype'],
      dtype='object')
[2023-11-22T23:03:29.780+0000] {logging_mixin.py:154} INFO - Data Deposited into Cloud Storage
[2023-11-22T23:03:29.781+0000] {python.py:194} INFO - Done. Returned value was: None
[2023-11-22T23:03:29.793+0000] {taskinstance.py:1400} INFO - Marking task as SUCCESS. dag_id=outcomes_dag, task_id=Transform, execution_date=20231119T000000, start_date=20231122T230328, end_date=20231122T230329
[2023-11-22T23:03:29.848+0000] {local_task_job_runner.py:228} INFO - Task exited with return code 0
[2023-11-22T23:23:50.513+0000] {taskinstance.py:1159} INFO - Dependencies all met for dep_context=non-requeueable deps ti=<TaskInstance: outcomes_dag.Transform scheduled__2023-11-19T00:00:00+00:00 [queued]>
[2023-11-22T23:23:50.521+0000] {taskinstance.py:1159} INFO - Dependencies all met for dep_context=requeueable deps ti=<TaskInstance: outcomes_dag.Transform scheduled__2023-11-19T00:00:00+00:00 [queued]>
[2023-11-22T23:23:50.521+0000] {taskinstance.py:1361} INFO - Starting attempt 1 of 1
[2023-11-22T23:23:50.530+0000] {taskinstance.py:1382} INFO - Executing <Task(PythonOperator): Transform> on 2023-11-19 00:00:00+00:00
[2023-11-22T23:23:50.536+0000] {standard_task_runner.py:57} INFO - Started process 426 to run task
[2023-11-22T23:23:50.540+0000] {standard_task_runner.py:84} INFO - Running: ['***', 'tasks', 'run', 'outcomes_dag', 'Transform', 'scheduled__2023-11-19T00:00:00+00:00', '--job-id', '105', '--raw', '--subdir', 'DAGS_FOLDER/outcomes_dag.py', '--cfg-path', '/tmp/tmpw5am4m4a']
[2023-11-22T23:23:50.542+0000] {standard_task_runner.py:85} INFO - Job 105: Subtask Transform
[2023-11-22T23:23:50.583+0000] {task_command.py:416} INFO - Running <TaskInstance: outcomes_dag.Transform scheduled__2023-11-19T00:00:00+00:00 [running]> on host b410bfb4af5e
[2023-11-22T23:23:50.646+0000] {taskinstance.py:1662} INFO - Exporting env vars: AIRFLOW_CTX_DAG_OWNER='***' AIRFLOW_CTX_DAG_ID='outcomes_dag' AIRFLOW_CTX_TASK_ID='Transform' AIRFLOW_CTX_EXECUTION_DATE='2023-11-19T00:00:00+00:00' AIRFLOW_CTX_TRY_NUMBER='1' AIRFLOW_CTX_DAG_RUN_ID='scheduled__2023-11-19T00:00:00+00:00'
[2023-11-22T23:23:50.649+0000] {logging_mixin.py:154} INFO - Getting data from Cloud Storage
[2023-11-22T23:23:51.115+0000] {logging_mixin.py:154} INFO - Index(['animal_id', 'name', 'datetime', 'monthyear', 'date_of_birth',
       'outcome_type', 'animal_type', 'sex_upon_outcome', 'age_upon_outcome',
       'breed', 'color', 'outcome_subtype'],
      dtype='object')
[2023-11-22T23:23:51.427+0000] {logging_mixin.py:154} INFO - Data Deposited into Cloud Storage
[2023-11-22T23:23:51.428+0000] {python.py:194} INFO - Done. Returned value was: None
[2023-11-22T23:23:51.438+0000] {taskinstance.py:1400} INFO - Marking task as SUCCESS. dag_id=outcomes_dag, task_id=Transform, execution_date=20231119T000000, start_date=20231122T232350, end_date=20231122T232351
[2023-11-22T23:23:51.489+0000] {local_task_job_runner.py:228} INFO - Task exited with return code 0
[2023-11-22T23:46:39.674+0000] {taskinstance.py:1159} INFO - Dependencies all met for dep_context=non-requeueable deps ti=<TaskInstance: outcomes_dag.Transform scheduled__2023-11-19T00:00:00+00:00 [queued]>
[2023-11-22T23:46:39.679+0000] {taskinstance.py:1159} INFO - Dependencies all met for dep_context=requeueable deps ti=<TaskInstance: outcomes_dag.Transform scheduled__2023-11-19T00:00:00+00:00 [queued]>
[2023-11-22T23:46:39.680+0000] {taskinstance.py:1361} INFO - Starting attempt 1 of 1
[2023-11-22T23:46:39.686+0000] {taskinstance.py:1382} INFO - Executing <Task(PythonOperator): Transform> on 2023-11-19 00:00:00+00:00
[2023-11-22T23:46:39.691+0000] {standard_task_runner.py:57} INFO - Started process 428 to run task
[2023-11-22T23:46:39.695+0000] {standard_task_runner.py:84} INFO - Running: ['***', 'tasks', 'run', 'outcomes_dag', 'Transform', 'scheduled__2023-11-19T00:00:00+00:00', '--job-id', '106', '--raw', '--subdir', 'DAGS_FOLDER/outcomes_dag.py', '--cfg-path', '/tmp/tmpw7qvw_6n']
[2023-11-22T23:46:39.696+0000] {standard_task_runner.py:85} INFO - Job 106: Subtask Transform
[2023-11-22T23:46:39.772+0000] {task_command.py:416} INFO - Running <TaskInstance: outcomes_dag.Transform scheduled__2023-11-19T00:00:00+00:00 [running]> on host 371cae71aa63
[2023-11-22T23:46:39.861+0000] {taskinstance.py:1662} INFO - Exporting env vars: AIRFLOW_CTX_DAG_OWNER='***' AIRFLOW_CTX_DAG_ID='outcomes_dag' AIRFLOW_CTX_TASK_ID='Transform' AIRFLOW_CTX_EXECUTION_DATE='2023-11-19T00:00:00+00:00' AIRFLOW_CTX_TRY_NUMBER='1' AIRFLOW_CTX_DAG_RUN_ID='scheduled__2023-11-19T00:00:00+00:00'
[2023-11-22T23:46:39.868+0000] {logging_mixin.py:154} INFO - Getting data from Cloud Storage
[2023-11-22T23:46:40.141+0000] {logging_mixin.py:154} INFO - Index(['animal_id', 'name', 'datetime', 'monthyear', 'date_of_birth',
       'outcome_type', 'animal_type', 'sex_upon_outcome', 'age_upon_outcome',
       'breed', 'color', 'outcome_subtype'],
      dtype='object')
[2023-11-22T23:46:40.408+0000] {logging_mixin.py:154} INFO - Data Deposited into Cloud Storage
[2023-11-22T23:46:40.409+0000] {python.py:194} INFO - Done. Returned value was: None
[2023-11-22T23:46:40.424+0000] {taskinstance.py:1400} INFO - Marking task as SUCCESS. dag_id=outcomes_dag, task_id=Transform, execution_date=20231119T000000, start_date=20231122T234639, end_date=20231122T234640
[2023-11-22T23:46:40.480+0000] {local_task_job_runner.py:228} INFO - Task exited with return code 0
[2023-11-23T00:43:10.087+0000] {taskinstance.py:1159} INFO - Dependencies all met for dep_context=non-requeueable deps ti=<TaskInstance: outcomes_dag.Transform scheduled__2023-11-19T00:00:00+00:00 [queued]>
[2023-11-23T00:43:10.093+0000] {taskinstance.py:1159} INFO - Dependencies all met for dep_context=requeueable deps ti=<TaskInstance: outcomes_dag.Transform scheduled__2023-11-19T00:00:00+00:00 [queued]>
[2023-11-23T00:43:10.094+0000] {taskinstance.py:1361} INFO - Starting attempt 1 of 1
[2023-11-23T00:43:10.101+0000] {taskinstance.py:1382} INFO - Executing <Task(PythonOperator): Transform> on 2023-11-19 00:00:00+00:00
[2023-11-23T00:43:10.109+0000] {standard_task_runner.py:57} INFO - Started process 492 to run task
[2023-11-23T00:43:10.119+0000] {standard_task_runner.py:84} INFO - Running: ['***', 'tasks', 'run', 'outcomes_dag', 'Transform', 'scheduled__2023-11-19T00:00:00+00:00', '--job-id', '124', '--raw', '--subdir', 'DAGS_FOLDER/outcomes_dag.py', '--cfg-path', '/tmp/tmp4gs3kwme']
[2023-11-23T00:43:10.128+0000] {standard_task_runner.py:85} INFO - Job 124: Subtask Transform
[2023-11-23T00:43:10.200+0000] {task_command.py:416} INFO - Running <TaskInstance: outcomes_dag.Transform scheduled__2023-11-19T00:00:00+00:00 [running]> on host 75913536581a
[2023-11-23T00:43:10.268+0000] {taskinstance.py:1662} INFO - Exporting env vars: AIRFLOW_CTX_DAG_OWNER='***' AIRFLOW_CTX_DAG_ID='outcomes_dag' AIRFLOW_CTX_TASK_ID='Transform' AIRFLOW_CTX_EXECUTION_DATE='2023-11-19T00:00:00+00:00' AIRFLOW_CTX_TRY_NUMBER='1' AIRFLOW_CTX_DAG_RUN_ID='scheduled__2023-11-19T00:00:00+00:00'
[2023-11-23T00:43:10.270+0000] {logging_mixin.py:154} INFO - Getting data from Cloud Storage
[2023-11-23T00:43:10.680+0000] {logging_mixin.py:154} INFO - Index(['animal_id', 'name', 'datetime', 'monthyear', 'date_of_birth',
       'outcome_type', 'animal_type', 'sex_upon_outcome', 'age_upon_outcome',
       'breed', 'color', 'outcome_subtype'],
      dtype='object')
[2023-11-23T00:43:10.829+0000] {logging_mixin.py:154} INFO - Data Deposited into Cloud Storage
[2023-11-23T00:43:10.830+0000] {python.py:194} INFO - Done. Returned value was: None
[2023-11-23T00:43:10.838+0000] {taskinstance.py:1400} INFO - Marking task as SUCCESS. dag_id=outcomes_dag, task_id=Transform, execution_date=20231119T000000, start_date=20231123T004310, end_date=20231123T004310
[2023-11-23T00:43:10.860+0000] {local_task_job_runner.py:228} INFO - Task exited with return code 0
[2023-11-23T01:50:02.845+0000] {taskinstance.py:1159} INFO - Dependencies all met for dep_context=non-requeueable deps ti=<TaskInstance: outcomes_dag.Transform scheduled__2023-11-19T00:00:00+00:00 [queued]>
[2023-11-23T01:50:02.863+0000] {taskinstance.py:1159} INFO - Dependencies all met for dep_context=requeueable deps ti=<TaskInstance: outcomes_dag.Transform scheduled__2023-11-19T00:00:00+00:00 [queued]>
[2023-11-23T01:50:02.864+0000] {taskinstance.py:1361} INFO - Starting attempt 1 of 1
[2023-11-23T01:50:02.895+0000] {taskinstance.py:1382} INFO - Executing <Task(PythonOperator): Transform> on 2023-11-19 00:00:00+00:00
[2023-11-23T01:50:02.914+0000] {standard_task_runner.py:57} INFO - Started process 289 to run task
[2023-11-23T01:50:02.945+0000] {standard_task_runner.py:84} INFO - Running: ['***', 'tasks', 'run', 'outcomes_dag', 'Transform', 'scheduled__2023-11-19T00:00:00+00:00', '--job-id', '77', '--raw', '--subdir', 'DAGS_FOLDER/outcomes_dag.py', '--cfg-path', '/tmp/tmpe97u2cg2']
[2023-11-23T01:50:02.950+0000] {standard_task_runner.py:85} INFO - Job 77: Subtask Transform
[2023-11-23T01:50:03.033+0000] {task_command.py:416} INFO - Running <TaskInstance: outcomes_dag.Transform scheduled__2023-11-19T00:00:00+00:00 [running]> on host d15d3caa5b00
[2023-11-23T01:50:03.104+0000] {taskinstance.py:1662} INFO - Exporting env vars: AIRFLOW_CTX_DAG_OWNER='***' AIRFLOW_CTX_DAG_ID='outcomes_dag' AIRFLOW_CTX_TASK_ID='Transform' AIRFLOW_CTX_EXECUTION_DATE='2023-11-19T00:00:00+00:00' AIRFLOW_CTX_TRY_NUMBER='1' AIRFLOW_CTX_DAG_RUN_ID='scheduled__2023-11-19T00:00:00+00:00'
[2023-11-23T01:50:03.106+0000] {logging_mixin.py:154} INFO - Getting data from Cloud Storage
[2023-11-23T01:50:03.390+0000] {logging_mixin.py:154} INFO - Index(['animal_id', 'name', 'datetime', 'monthyear', 'date_of_birth',
       'outcome_type', 'animal_type', 'sex_upon_outcome', 'age_upon_outcome',
       'breed', 'color', 'outcome_subtype'],
      dtype='object')
[2023-11-23T01:50:03.646+0000] {logging_mixin.py:154} INFO - Data Deposited into Cloud Storage
[2023-11-23T01:50:03.648+0000] {python.py:194} INFO - Done. Returned value was: None
[2023-11-23T01:50:03.671+0000] {taskinstance.py:1400} INFO - Marking task as SUCCESS. dag_id=outcomes_dag, task_id=Transform, execution_date=20231119T000000, start_date=20231123T015002, end_date=20231123T015003
[2023-11-23T01:50:03.716+0000] {local_task_job_runner.py:228} INFO - Task exited with return code 0
[2023-11-23T01:58:39.523+0000] {taskinstance.py:1159} INFO - Dependencies all met for dep_context=non-requeueable deps ti=<TaskInstance: outcomes_dag.Transform scheduled__2023-11-19T00:00:00+00:00 [queued]>
[2023-11-23T01:58:39.538+0000] {taskinstance.py:1159} INFO - Dependencies all met for dep_context=requeueable deps ti=<TaskInstance: outcomes_dag.Transform scheduled__2023-11-19T00:00:00+00:00 [queued]>
[2023-11-23T01:58:39.539+0000] {taskinstance.py:1361} INFO - Starting attempt 1 of 1
[2023-11-23T01:58:39.555+0000] {taskinstance.py:1382} INFO - Executing <Task(PythonOperator): Transform> on 2023-11-19 00:00:00+00:00
[2023-11-23T01:58:39.564+0000] {standard_task_runner.py:57} INFO - Started process 89 to run task
[2023-11-23T01:58:39.578+0000] {standard_task_runner.py:84} INFO - Running: ['***', 'tasks', 'run', 'outcomes_dag', 'Transform', 'scheduled__2023-11-19T00:00:00+00:00', '--job-id', '13', '--raw', '--subdir', 'DAGS_FOLDER/outcomes_dag.py', '--cfg-path', '/tmp/tmp9epgh_q3']
[2023-11-23T01:58:39.588+0000] {standard_task_runner.py:85} INFO - Job 13: Subtask Transform
[2023-11-23T01:58:39.671+0000] {task_command.py:416} INFO - Running <TaskInstance: outcomes_dag.Transform scheduled__2023-11-19T00:00:00+00:00 [running]> on host 3cdc572bc068
[2023-11-23T01:58:39.786+0000] {taskinstance.py:1662} INFO - Exporting env vars: AIRFLOW_CTX_DAG_OWNER='***' AIRFLOW_CTX_DAG_ID='outcomes_dag' AIRFLOW_CTX_TASK_ID='Transform' AIRFLOW_CTX_EXECUTION_DATE='2023-11-19T00:00:00+00:00' AIRFLOW_CTX_TRY_NUMBER='1' AIRFLOW_CTX_DAG_RUN_ID='scheduled__2023-11-19T00:00:00+00:00'
[2023-11-23T01:58:39.789+0000] {logging_mixin.py:154} INFO - Getting data from Cloud Storage
[2023-11-23T01:58:40.189+0000] {logging_mixin.py:154} INFO - Index(['animal_id', 'name', 'datetime', 'monthyear', 'date_of_birth',
       'outcome_type', 'animal_type', 'sex_upon_outcome', 'age_upon_outcome',
       'breed', 'color', 'outcome_subtype'],
      dtype='object')
[2023-11-23T01:58:40.417+0000] {logging_mixin.py:154} INFO - Data Deposited into Cloud Storage
[2023-11-23T01:58:40.418+0000] {python.py:194} INFO - Done. Returned value was: None
[2023-11-23T01:58:40.435+0000] {taskinstance.py:1400} INFO - Marking task as SUCCESS. dag_id=outcomes_dag, task_id=Transform, execution_date=20231119T000000, start_date=20231123T015839, end_date=20231123T015840
[2023-11-23T01:58:40.526+0000] {local_task_job_runner.py:228} INFO - Task exited with return code 0
[2023-11-23T02:59:41.872+0000] {taskinstance.py:1159} INFO - Dependencies all met for dep_context=non-requeueable deps ti=<TaskInstance: outcomes_dag.Transform scheduled__2023-11-19T00:00:00+00:00 [queued]>
[2023-11-23T02:59:41.897+0000] {taskinstance.py:1159} INFO - Dependencies all met for dep_context=requeueable deps ti=<TaskInstance: outcomes_dag.Transform scheduled__2023-11-19T00:00:00+00:00 [queued]>
[2023-11-23T02:59:41.898+0000] {taskinstance.py:1361} INFO - Starting attempt 1 of 1
[2023-11-23T02:59:42.260+0000] {taskinstance.py:1382} INFO - Executing <Task(PythonOperator): Transform> on 2023-11-19 00:00:00+00:00
[2023-11-23T02:59:42.273+0000] {standard_task_runner.py:57} INFO - Started process 144 to run task
[2023-11-23T02:59:42.279+0000] {standard_task_runner.py:84} INFO - Running: ['***', 'tasks', 'run', 'outcomes_dag', 'Transform', 'scheduled__2023-11-19T00:00:00+00:00', '--job-id', '13', '--raw', '--subdir', 'DAGS_FOLDER/outcomes_dag.py', '--cfg-path', '/tmp/tmpoocdoiad']
[2023-11-23T02:59:42.300+0000] {standard_task_runner.py:85} INFO - Job 13: Subtask Transform
[2023-11-23T02:59:42.490+0000] {task_command.py:416} INFO - Running <TaskInstance: outcomes_dag.Transform scheduled__2023-11-19T00:00:00+00:00 [running]> on host 1268bd8e5db0
[2023-11-23T02:59:42.639+0000] {taskinstance.py:1662} INFO - Exporting env vars: AIRFLOW_CTX_DAG_OWNER='***' AIRFLOW_CTX_DAG_ID='outcomes_dag' AIRFLOW_CTX_TASK_ID='Transform' AIRFLOW_CTX_EXECUTION_DATE='2023-11-19T00:00:00+00:00' AIRFLOW_CTX_TRY_NUMBER='1' AIRFLOW_CTX_DAG_RUN_ID='scheduled__2023-11-19T00:00:00+00:00'
[2023-11-23T02:59:42.641+0000] {logging_mixin.py:154} INFO - Getting data from Cloud Storage
[2023-11-23T02:59:43.109+0000] {logging_mixin.py:154} INFO - Index(['animal_id', 'name', 'datetime', 'monthyear', 'date_of_birth',
       'outcome_type', 'animal_type', 'sex_upon_outcome', 'age_upon_outcome',
       'breed', 'color', 'outcome_subtype'],
      dtype='object')
[2023-11-23T02:59:43.292+0000] {logging_mixin.py:154} INFO - Data Deposited into Cloud Storage
[2023-11-23T02:59:43.292+0000] {python.py:194} INFO - Done. Returned value was: None
[2023-11-23T02:59:43.305+0000] {taskinstance.py:1400} INFO - Marking task as SUCCESS. dag_id=outcomes_dag, task_id=Transform, execution_date=20231119T000000, start_date=20231123T025941, end_date=20231123T025943
[2023-11-23T02:59:43.364+0000] {local_task_job_runner.py:228} INFO - Task exited with return code 0
[2023-11-23T03:42:06.569+0000] {taskinstance.py:1159} INFO - Dependencies all met for dep_context=non-requeueable deps ti=<TaskInstance: outcomes_dag.Transform scheduled__2023-11-19T00:00:00+00:00 [queued]>
[2023-11-23T03:42:06.590+0000] {taskinstance.py:1159} INFO - Dependencies all met for dep_context=requeueable deps ti=<TaskInstance: outcomes_dag.Transform scheduled__2023-11-19T00:00:00+00:00 [queued]>
[2023-11-23T03:42:06.595+0000] {taskinstance.py:1361} INFO - Starting attempt 1 of 1
[2023-11-23T03:42:06.624+0000] {taskinstance.py:1382} INFO - Executing <Task(PythonOperator): Transform> on 2023-11-19 00:00:00+00:00
[2023-11-23T03:42:06.682+0000] {standard_task_runner.py:57} INFO - Started process 536 to run task
[2023-11-23T03:42:06.703+0000] {standard_task_runner.py:84} INFO - Running: ['***', 'tasks', 'run', 'outcomes_dag', 'Transform', 'scheduled__2023-11-19T00:00:00+00:00', '--job-id', '154', '--raw', '--subdir', 'DAGS_FOLDER/outcomes_dag.py', '--cfg-path', '/tmp/tmprvgubvy7']
[2023-11-23T03:42:06.738+0000] {standard_task_runner.py:85} INFO - Job 154: Subtask Transform
[2023-11-23T03:42:06.933+0000] {task_command.py:416} INFO - Running <TaskInstance: outcomes_dag.Transform scheduled__2023-11-19T00:00:00+00:00 [running]> on host e647c96745b0
[2023-11-23T03:42:07.156+0000] {taskinstance.py:1662} INFO - Exporting env vars: AIRFLOW_CTX_DAG_OWNER='***' AIRFLOW_CTX_DAG_ID='outcomes_dag' AIRFLOW_CTX_TASK_ID='Transform' AIRFLOW_CTX_EXECUTION_DATE='2023-11-19T00:00:00+00:00' AIRFLOW_CTX_TRY_NUMBER='1' AIRFLOW_CTX_DAG_RUN_ID='scheduled__2023-11-19T00:00:00+00:00'
[2023-11-23T03:42:07.177+0000] {logging_mixin.py:154} INFO - Getting data from Cloud Storage
[2023-11-23T03:42:07.660+0000] {logging_mixin.py:154} INFO - Index(['animal_id', 'name', 'datetime', 'monthyear', 'date_of_birth',
       'outcome_type', 'animal_type', 'sex_upon_outcome', 'age_upon_outcome',
       'breed', 'color', 'outcome_subtype'],
      dtype='object')
[2023-11-23T03:42:07.895+0000] {logging_mixin.py:154} INFO - Data Deposited into Cloud Storage
[2023-11-23T03:42:07.896+0000] {python.py:194} INFO - Done. Returned value was: None
[2023-11-23T03:42:07.911+0000] {taskinstance.py:1400} INFO - Marking task as SUCCESS. dag_id=outcomes_dag, task_id=Transform, execution_date=20231119T000000, start_date=20231123T034206, end_date=20231123T034207
[2023-11-23T03:42:07.941+0000] {local_task_job_runner.py:228} INFO - Task exited with return code 0
