[2023-11-21T01:20:12.489+0000] {taskinstance.py:1159} INFO - Dependencies all met for dep_context=non-requeueable deps ti=<TaskInstance: outcomes_dag.load scheduled__2023-11-02T00:00:00+00:00 [queued]>
[2023-11-21T01:20:12.688+0000] {taskinstance.py:1159} INFO - Dependencies all met for dep_context=requeueable deps ti=<TaskInstance: outcomes_dag.load scheduled__2023-11-02T00:00:00+00:00 [queued]>
[2023-11-21T01:20:12.692+0000] {taskinstance.py:1361} INFO - Starting attempt 1 of 1
[2023-11-21T01:20:12.975+0000] {taskinstance.py:1382} INFO - Executing <Task(PythonOperator): load> on 2023-11-02 00:00:00+00:00
[2023-11-21T01:20:13.051+0000] {standard_task_runner.py:57} INFO - Started process 98 to run task
[2023-11-21T01:20:13.100+0000] {standard_task_runner.py:84} INFO - Running: ['***', 'tasks', 'run', 'outcomes_dag', 'load', 'scheduled__2023-11-02T00:00:00+00:00', '--job-id', '9', '--raw', '--subdir', 'DAGS_FOLDER/outcomes_dag.py', '--cfg-path', '/tmp/tmpee83bngc']
[2023-11-21T01:20:13.253+0000] {standard_task_runner.py:85} INFO - Job 9: Subtask load
[2023-11-21T01:20:13.933+0000] {task_command.py:416} INFO - Running <TaskInstance: outcomes_dag.load scheduled__2023-11-02T00:00:00+00:00 [running]> on host f31a30014ab0
[2023-11-21T01:20:33.481+0000] {taskinstance.py:1662} INFO - Exporting env vars: AIRFLOW_CTX_DAG_OWNER='***' AIRFLOW_CTX_DAG_ID='outcomes_dag' AIRFLOW_CTX_TASK_ID='load' AIRFLOW_CTX_EXECUTION_DATE='2023-11-02T00:00:00+00:00' AIRFLOW_CTX_TRY_NUMBER='1' AIRFLOW_CTX_DAG_RUN_ID='scheduled__2023-11-02T00:00:00+00:00'
[2023-11-21T01:20:33.785+0000] {taskinstance.py:1937} ERROR - Task failed with exception
Traceback (most recent call last):
  File "/home/airflow/.local/lib/python3.8/site-packages/airflow/operators/python.py", line 192, in execute
    return_value = self.execute_callable()
  File "/home/airflow/.local/lib/python3.8/site-packages/airflow/operators/python.py", line 209, in execute_callable
    return self.python_callable(*self.op_args, **self.op_kwargs)
  File "/opt/airflow/dags/ETL/load.py", line 11, in load_data
    data_to_staging(filename, engine)
  File "/opt/airflow/dags/ETL/load.py", line 19, in data_to_staging
    data = pd.read_parquet(filename)
  File "/home/airflow/.local/lib/python3.8/site-packages/pandas/io/parquet.py", line 509, in read_parquet
    return impl.read(
  File "/home/airflow/.local/lib/python3.8/site-packages/pandas/io/parquet.py", line 220, in read
    path_or_handle, handles, kwargs["filesystem"] = _get_path_or_handle(
  File "/home/airflow/.local/lib/python3.8/site-packages/pandas/io/parquet.py", line 110, in _get_path_or_handle
    handles = get_handle(
  File "/home/airflow/.local/lib/python3.8/site-packages/pandas/io/common.py", line 868, in get_handle
    handle = open(handle, ioargs.mode)
FileNotFoundError: [Errno 2] No such file or directory: '/opt/airflow/data/2023-11-02/processed/transformed_shelter_data.parquet'
[2023-11-21T01:20:33.865+0000] {taskinstance.py:1400} INFO - Marking task as FAILED. dag_id=outcomes_dag, task_id=load, execution_date=20231102T000000, start_date=20231121T012012, end_date=20231121T012033
[2023-11-21T01:20:34.038+0000] {standard_task_runner.py:104} ERROR - Failed to execute job 9 for task load ([Errno 2] No such file or directory: '/opt/airflow/data/2023-11-02/processed/transformed_shelter_data.parquet'; 98)
[2023-11-21T01:20:34.174+0000] {local_task_job_runner.py:228} INFO - Task exited with return code 1
[2023-11-21T01:20:38.948+0000] {taskinstance.py:2778} INFO - 0 downstream tasks scheduled from follow-on schedule check
[2023-11-21T02:36:04.130+0000] {taskinstance.py:1159} INFO - Dependencies all met for dep_context=non-requeueable deps ti=<TaskInstance: outcomes_dag.load scheduled__2023-11-02T00:00:00+00:00 [queued]>
[2023-11-21T02:36:04.149+0000] {taskinstance.py:1159} INFO - Dependencies all met for dep_context=requeueable deps ti=<TaskInstance: outcomes_dag.load scheduled__2023-11-02T00:00:00+00:00 [queued]>
[2023-11-21T02:36:04.150+0000] {taskinstance.py:1361} INFO - Starting attempt 1 of 1
[2023-11-21T02:36:04.181+0000] {taskinstance.py:1382} INFO - Executing <Task(PythonOperator): load> on 2023-11-02 00:00:00+00:00
[2023-11-21T02:36:04.211+0000] {standard_task_runner.py:57} INFO - Started process 85 to run task
[2023-11-21T02:36:04.270+0000] {standard_task_runner.py:84} INFO - Running: ['***', 'tasks', 'run', 'outcomes_dag', 'load', 'scheduled__2023-11-02T00:00:00+00:00', '--job-id', '6', '--raw', '--subdir', 'DAGS_FOLDER/outcomes_dag.py', '--cfg-path', '/tmp/tmp4g4oo74t']
[2023-11-21T02:36:04.315+0000] {standard_task_runner.py:85} INFO - Job 6: Subtask load
[2023-11-21T02:36:04.542+0000] {task_command.py:416} INFO - Running <TaskInstance: outcomes_dag.load scheduled__2023-11-02T00:00:00+00:00 [running]> on host b875fa978b1e
[2023-11-21T02:36:07.108+0000] {taskinstance.py:1662} INFO - Exporting env vars: AIRFLOW_CTX_DAG_OWNER='***' AIRFLOW_CTX_DAG_ID='outcomes_dag' AIRFLOW_CTX_TASK_ID='load' AIRFLOW_CTX_EXECUTION_DATE='2023-11-02T00:00:00+00:00' AIRFLOW_CTX_TRY_NUMBER='1' AIRFLOW_CTX_DAG_RUN_ID='scheduled__2023-11-02T00:00:00+00:00'
[2023-11-21T02:36:07.549+0000] {taskinstance.py:1937} ERROR - Task failed with exception
Traceback (most recent call last):
  File "/home/airflow/.local/lib/python3.8/site-packages/airflow/operators/python.py", line 192, in execute
    return_value = self.execute_callable()
  File "/home/airflow/.local/lib/python3.8/site-packages/airflow/operators/python.py", line 209, in execute_callable
    return self.python_callable(*self.op_args, **self.op_kwargs)
  File "/opt/airflow/dags/ETL/load.py", line 11, in load_data
    data_to_staging(filename, engine)
  File "/opt/airflow/dags/ETL/load.py", line 19, in data_to_staging
    data = pd.read_parquet(filename)
  File "/home/airflow/.local/lib/python3.8/site-packages/pandas/io/parquet.py", line 509, in read_parquet
    return impl.read(
  File "/home/airflow/.local/lib/python3.8/site-packages/pandas/io/parquet.py", line 220, in read
    path_or_handle, handles, kwargs["filesystem"] = _get_path_or_handle(
  File "/home/airflow/.local/lib/python3.8/site-packages/pandas/io/parquet.py", line 110, in _get_path_or_handle
    handles = get_handle(
  File "/home/airflow/.local/lib/python3.8/site-packages/pandas/io/common.py", line 868, in get_handle
    handle = open(handle, ioargs.mode)
FileNotFoundError: [Errno 2] No such file or directory: '/opt/airflow/data/2023-11-02/processed/transformed_shelter_data.parquet'
[2023-11-21T02:36:07.657+0000] {taskinstance.py:1400} INFO - Marking task as FAILED. dag_id=outcomes_dag, task_id=load, execution_date=20231102T000000, start_date=20231121T023604, end_date=20231121T023607
[2023-11-21T02:36:07.795+0000] {standard_task_runner.py:104} ERROR - Failed to execute job 6 for task load ([Errno 2] No such file or directory: '/opt/airflow/data/2023-11-02/processed/transformed_shelter_data.parquet'; 85)
[2023-11-21T02:36:08.011+0000] {local_task_job_runner.py:228} INFO - Task exited with return code 1
[2023-11-21T02:36:08.360+0000] {taskinstance.py:2778} INFO - 0 downstream tasks scheduled from follow-on schedule check
[2023-11-22T07:54:05.810+0000] {taskinstance.py:1159} INFO - Dependencies all met for dep_context=non-requeueable deps ti=<TaskInstance: outcomes_dag.Load scheduled__2023-11-02T00:00:00+00:00 [queued]>
[2023-11-22T07:54:05.850+0000] {taskinstance.py:1159} INFO - Dependencies all met for dep_context=requeueable deps ti=<TaskInstance: outcomes_dag.Load scheduled__2023-11-02T00:00:00+00:00 [queued]>
[2023-11-22T07:54:05.854+0000] {taskinstance.py:1361} INFO - Starting attempt 1 of 4
[2023-11-22T07:54:06.015+0000] {taskinstance.py:1382} INFO - Executing <Task(PythonOperator): Load> on 2023-11-02 00:00:00+00:00
[2023-11-22T07:54:06.175+0000] {standard_task_runner.py:57} INFO - Started process 361 to run task
[2023-11-22T07:54:06.278+0000] {standard_task_runner.py:84} INFO - Running: ['***', 'tasks', 'run', 'outcomes_dag', 'Load', 'scheduled__2023-11-02T00:00:00+00:00', '--job-id', '36', '--raw', '--subdir', 'DAGS_FOLDER/outcomes_dag.py', '--cfg-path', '/tmp/tmpirgz1uzd']
[2023-11-22T07:54:06.332+0000] {standard_task_runner.py:85} INFO - Job 36: Subtask Load
[2023-11-22T07:54:06.582+0000] {task_command.py:416} INFO - Running <TaskInstance: outcomes_dag.Load scheduled__2023-11-02T00:00:00+00:00 [running]> on host 6318e996d951
[2023-11-22T07:54:07.046+0000] {taskinstance.py:1662} INFO - Exporting env vars: AIRFLOW_CTX_DAG_OWNER='***' AIRFLOW_CTX_DAG_ID='outcomes_dag' AIRFLOW_CTX_TASK_ID='Load' AIRFLOW_CTX_EXECUTION_DATE='2023-11-02T00:00:00+00:00' AIRFLOW_CTX_TRY_NUMBER='1' AIRFLOW_CTX_DAG_RUN_ID='scheduled__2023-11-02T00:00:00+00:00'
[2023-11-22T07:54:07.062+0000] {logging_mixin.py:154} INFO - Getting data from Cloud Storage
[2023-11-22T07:54:08.567+0000] {logging_mixin.py:154} INFO - Data is in Staging Table...
[2023-11-22T07:54:08.569+0000] {python.py:194} INFO - Done. Returned value was: None
[2023-11-22T07:54:08.628+0000] {taskinstance.py:1400} INFO - Marking task as SUCCESS. dag_id=outcomes_dag, task_id=Load, execution_date=20231102T000000, start_date=20231122T075405, end_date=20231122T075408
[2023-11-22T07:54:09.417+0000] {local_task_job_runner.py:228} INFO - Task exited with return code 0
[2023-11-23T01:49:41.387+0000] {taskinstance.py:1159} INFO - Dependencies all met for dep_context=non-requeueable deps ti=<TaskInstance: outcomes_dag.Load scheduled__2023-11-02T00:00:00+00:00 [queued]>
[2023-11-23T01:49:41.434+0000] {taskinstance.py:1159} INFO - Dependencies all met for dep_context=requeueable deps ti=<TaskInstance: outcomes_dag.Load scheduled__2023-11-02T00:00:00+00:00 [queued]>
[2023-11-23T01:49:41.437+0000] {taskinstance.py:1361} INFO - Starting attempt 1 of 4
[2023-11-23T01:49:41.597+0000] {taskinstance.py:1382} INFO - Executing <Task(PythonOperator): Load> on 2023-11-02 00:00:00+00:00
[2023-11-23T01:49:41.654+0000] {standard_task_runner.py:57} INFO - Started process 199 to run task
[2023-11-23T01:49:41.681+0000] {standard_task_runner.py:84} INFO - Running: ['***', 'tasks', 'run', 'outcomes_dag', 'Load', 'scheduled__2023-11-02T00:00:00+00:00', '--job-id', '41', '--raw', '--subdir', 'DAGS_FOLDER/outcomes_dag.py', '--cfg-path', '/tmp/tmpho3dg755']
[2023-11-23T01:49:41.761+0000] {standard_task_runner.py:85} INFO - Job 41: Subtask Load
[2023-11-23T01:49:41.915+0000] {task_command.py:416} INFO - Running <TaskInstance: outcomes_dag.Load scheduled__2023-11-02T00:00:00+00:00 [running]> on host d15d3caa5b00
[2023-11-23T01:49:42.212+0000] {taskinstance.py:1662} INFO - Exporting env vars: AIRFLOW_CTX_DAG_OWNER='***' AIRFLOW_CTX_DAG_ID='outcomes_dag' AIRFLOW_CTX_TASK_ID='Load' AIRFLOW_CTX_EXECUTION_DATE='2023-11-02T00:00:00+00:00' AIRFLOW_CTX_TRY_NUMBER='1' AIRFLOW_CTX_DAG_RUN_ID='scheduled__2023-11-02T00:00:00+00:00'
[2023-11-23T01:49:42.235+0000] {logging_mixin.py:154} INFO - Getting data from Cloud Storage
[2023-11-23T01:49:43.737+0000] {logging_mixin.py:154} INFO - Data is in Staging Table...
[2023-11-23T01:49:43.743+0000] {python.py:194} INFO - Done. Returned value was: None
[2023-11-23T01:49:43.814+0000] {taskinstance.py:1400} INFO - Marking task as SUCCESS. dag_id=outcomes_dag, task_id=Load, execution_date=20231102T000000, start_date=20231123T014941, end_date=20231123T014943
[2023-11-23T01:49:43.953+0000] {local_task_job_runner.py:228} INFO - Task exited with return code 0
[2023-11-23T03:40:48.787+0000] {taskinstance.py:1159} INFO - Dependencies all met for dep_context=non-requeueable deps ti=<TaskInstance: outcomes_dag.Load scheduled__2023-11-02T00:00:00+00:00 [queued]>
[2023-11-23T03:40:48.809+0000] {taskinstance.py:1159} INFO - Dependencies all met for dep_context=requeueable deps ti=<TaskInstance: outcomes_dag.Load scheduled__2023-11-02T00:00:00+00:00 [queued]>
[2023-11-23T03:40:48.815+0000] {taskinstance.py:1361} INFO - Starting attempt 1 of 4
[2023-11-23T03:40:48.924+0000] {taskinstance.py:1382} INFO - Executing <Task(PythonOperator): Load> on 2023-11-02 00:00:00+00:00
[2023-11-23T03:40:49.075+0000] {standard_task_runner.py:57} INFO - Started process 186 to run task
[2023-11-23T03:40:49.133+0000] {standard_task_runner.py:84} INFO - Running: ['***', 'tasks', 'run', 'outcomes_dag', 'Load', 'scheduled__2023-11-02T00:00:00+00:00', '--job-id', '36', '--raw', '--subdir', 'DAGS_FOLDER/outcomes_dag.py', '--cfg-path', '/tmp/tmph8mhfdiq']
[2023-11-23T03:40:49.253+0000] {standard_task_runner.py:85} INFO - Job 36: Subtask Load
[2023-11-23T03:40:49.581+0000] {task_command.py:416} INFO - Running <TaskInstance: outcomes_dag.Load scheduled__2023-11-02T00:00:00+00:00 [running]> on host e647c96745b0
[2023-11-23T03:40:49.863+0000] {taskinstance.py:1662} INFO - Exporting env vars: AIRFLOW_CTX_DAG_OWNER='***' AIRFLOW_CTX_DAG_ID='outcomes_dag' AIRFLOW_CTX_TASK_ID='Load' AIRFLOW_CTX_EXECUTION_DATE='2023-11-02T00:00:00+00:00' AIRFLOW_CTX_TRY_NUMBER='1' AIRFLOW_CTX_DAG_RUN_ID='scheduled__2023-11-02T00:00:00+00:00'
[2023-11-23T03:40:49.882+0000] {logging_mixin.py:154} INFO - Getting data from Cloud Storage
[2023-11-23T03:40:51.337+0000] {logging_mixin.py:154} INFO - Data is in Staging Area...
[2023-11-23T03:40:51.340+0000] {python.py:194} INFO - Done. Returned value was: None
[2023-11-23T03:40:51.387+0000] {taskinstance.py:1400} INFO - Marking task as SUCCESS. dag_id=outcomes_dag, task_id=Load, execution_date=20231102T000000, start_date=20231123T034048, end_date=20231123T034051
[2023-11-23T03:40:51.508+0000] {local_task_job_runner.py:228} INFO - Task exited with return code 0
