[2023-11-22T00:00:02.959+0000] {taskinstance.py:1159} INFO - Dependencies all met for dep_context=non-requeueable deps ti=<TaskInstance: outcomes_dag.Extract scheduled__2023-11-21T00:00:00+00:00 [queued]>
[2023-11-22T00:00:02.963+0000] {taskinstance.py:1159} INFO - Dependencies all met for dep_context=requeueable deps ti=<TaskInstance: outcomes_dag.Extract scheduled__2023-11-21T00:00:00+00:00 [queued]>
[2023-11-22T00:00:02.964+0000] {taskinstance.py:1361} INFO - Starting attempt 1 of 1
[2023-11-22T00:00:02.970+0000] {taskinstance.py:1382} INFO - Executing <Task(BashOperator): Extract> on 2023-11-21 00:00:00+00:00
[2023-11-22T00:00:02.979+0000] {standard_task_runner.py:57} INFO - Started process 9889 to run task
[2023-11-22T00:00:02.982+0000] {standard_task_runner.py:84} INFO - Running: ['***', 'tasks', 'run', 'outcomes_dag', 'Extract', 'scheduled__2023-11-21T00:00:00+00:00', '--job-id', '32', '--raw', '--subdir', 'DAGS_FOLDER/outcomes_dag.py', '--cfg-path', '/tmp/tmp51custpp']
[2023-11-22T00:00:02.986+0000] {standard_task_runner.py:85} INFO - Job 32: Subtask Extract
[2023-11-22T00:00:03.033+0000] {task_command.py:416} INFO - Running <TaskInstance: outcomes_dag.Extract scheduled__2023-11-21T00:00:00+00:00 [running]> on host 33d8c5494200
[2023-11-22T00:00:03.083+0000] {taskinstance.py:1662} INFO - Exporting env vars: AIRFLOW_CTX_DAG_OWNER='***' AIRFLOW_CTX_DAG_ID='outcomes_dag' AIRFLOW_CTX_TASK_ID='Extract' AIRFLOW_CTX_EXECUTION_DATE='2023-11-21T00:00:00+00:00' AIRFLOW_CTX_TRY_NUMBER='1' AIRFLOW_CTX_DAG_RUN_ID='scheduled__2023-11-21T00:00:00+00:00'
[2023-11-22T00:00:03.084+0000] {subprocess.py:63} INFO - Tmp dir root location: /tmp
[2023-11-22T00:00:03.085+0000] {subprocess.py:75} INFO - Running command: ['/bin/bash', '-c', 'curl --create-dirs -o /opt/***/data/2023-11-21/downloads/outcomes_2023-11-21.json https://data.austintexas.gov/resource/9t4d-g238.json']
[2023-11-22T00:00:03.099+0000] {subprocess.py:86} INFO - Output:
[2023-11-22T00:00:03.132+0000] {subprocess.py:93} INFO -   % Total    % Received % Xferd  Average Speed   Time    Time     Time  Current
[2023-11-22T00:00:03.133+0000] {subprocess.py:93} INFO -                                  Dload  Upload   Total   Spent    Left  Speed
[2023-11-22T00:00:04.246+0000] {subprocess.py:93} INFO -   0     0    0     0    0     0      0      0 --:--:-- --:--:-- --:--:--     0100 64488    0 64488    0     0  79223      0 --:--:-- --:--:-- --:--:-- 79126100  320k    0  320k    0     0   288k      0 --:--:--  0:00:01 --:--:--  288k
[2023-11-22T00:00:04.249+0000] {subprocess.py:97} INFO - Command exited with return code 0
[2023-11-22T00:00:04.271+0000] {taskinstance.py:1400} INFO - Marking task as SUCCESS. dag_id=outcomes_dag, task_id=Extract, execution_date=20231121T000000, start_date=20231122T000002, end_date=20231122T000004
[2023-11-22T00:00:04.286+0000] {local_task_job_runner.py:228} INFO - Task exited with return code 0
[2023-11-22T00:00:04.308+0000] {taskinstance.py:2778} INFO - 1 downstream tasks scheduled from follow-on schedule check
[2023-11-22T02:30:18.621+0000] {taskinstance.py:1159} INFO - Dependencies all met for dep_context=non-requeueable deps ti=<TaskInstance: outcomes_dag.Extract scheduled__2023-11-21T00:00:00+00:00 [queued]>
[2023-11-22T02:30:18.631+0000] {taskinstance.py:1159} INFO - Dependencies all met for dep_context=requeueable deps ti=<TaskInstance: outcomes_dag.Extract scheduled__2023-11-21T00:00:00+00:00 [queued]>
[2023-11-22T02:30:18.634+0000] {taskinstance.py:1361} INFO - Starting attempt 1 of 1
[2023-11-22T02:30:18.661+0000] {taskinstance.py:1382} INFO - Executing <Task(PythonOperator): Extract> on 2023-11-21 00:00:00+00:00
[2023-11-22T02:30:18.678+0000] {standard_task_runner.py:57} INFO - Started process 81 to run task
[2023-11-22T02:30:18.730+0000] {standard_task_runner.py:84} INFO - Running: ['***', 'tasks', 'run', 'outcomes_dag', 'Extract', 'scheduled__2023-11-21T00:00:00+00:00', '--job-id', '7', '--raw', '--subdir', 'DAGS_FOLDER/outcomes_dag.py', '--cfg-path', '/tmp/tmp1bfvc98q']
[2023-11-22T02:30:18.773+0000] {standard_task_runner.py:85} INFO - Job 7: Subtask Extract
[2023-11-22T02:30:19.627+0000] {task_command.py:416} INFO - Running <TaskInstance: outcomes_dag.Extract scheduled__2023-11-21T00:00:00+00:00 [running]> on host a66d9cf6a764
[2023-11-22T02:30:19.830+0000] {taskinstance.py:1662} INFO - Exporting env vars: AIRFLOW_CTX_DAG_OWNER='***' AIRFLOW_CTX_DAG_ID='outcomes_dag' AIRFLOW_CTX_TASK_ID='Extract' AIRFLOW_CTX_EXECUTION_DATE='2023-11-21T00:00:00+00:00' AIRFLOW_CTX_TRY_NUMBER='1' AIRFLOW_CTX_DAG_RUN_ID='scheduled__2023-11-21T00:00:00+00:00'
[2023-11-22T02:30:23.300+0000] {gcp_connect.py:28} ERROR - Error Occured while putting data into cloud storage..
[2023-11-22T02:30:23.303+0000] {taskinstance.py:1937} ERROR - Task failed with exception
Traceback (most recent call last):
  File "/home/airflow/.local/lib/python3.8/site-packages/google/cloud/storage/blob.py", line 2604, in _prep_and_do_upload
    created_json = self._do_upload(
  File "/home/airflow/.local/lib/python3.8/site-packages/google/cloud/storage/blob.py", line 2410, in _do_upload
    response = self._do_multipart_upload(
  File "/home/airflow/.local/lib/python3.8/site-packages/google/cloud/storage/blob.py", line 1923, in _do_multipart_upload
    response = upload.transmit(
  File "/home/airflow/.local/lib/python3.8/site-packages/google/resumable_media/requests/upload.py", line 153, in transmit
    return _request_helpers.wait_and_retry(
  File "/home/airflow/.local/lib/python3.8/site-packages/google/resumable_media/requests/_request_helpers.py", line 155, in wait_and_retry
    response = func()
  File "/home/airflow/.local/lib/python3.8/site-packages/google/resumable_media/requests/upload.py", line 149, in retriable_request
    self._process_response(result)
  File "/home/airflow/.local/lib/python3.8/site-packages/google/resumable_media/_upload.py", line 125, in _process_response
    _helpers.require_status_code(response, (http.client.OK,), self._get_status_code)
  File "/home/airflow/.local/lib/python3.8/site-packages/google/resumable_media/_helpers.py", line 108, in require_status_code
    raise common.InvalidResponse(
google.resumable_media.common.InvalidResponse: ('Request failed with status code', 404, 'Expected one of', 200)

During handling of the above exception, another exception occurred:

Traceback (most recent call last):
  File "/home/airflow/.local/lib/python3.8/site-packages/airflow/operators/python.py", line 192, in execute
    return_value = self.execute_callable()
  File "/home/airflow/.local/lib/python3.8/site-packages/airflow/operators/python.py", line 209, in execute_callable
    return self.python_callable(*self.op_args, **self.op_kwargs)
  File "/opt/airflow/dags/ETL/gcp_connect.py", line 15, in extract_api_data
    upload_blob(json_string, destination_blob_name, 'application/json', bucket)
  File "/opt/airflow/dags/ETL/gcp_connect.py", line 24, in upload_blob
    blob.upload_from_string(data_string, content_type = file_format)
  File "/home/airflow/.local/lib/python3.8/site-packages/google/cloud/storage/blob.py", line 3056, in upload_from_string
    self.upload_from_file(
  File "/home/airflow/.local/lib/python3.8/site-packages/google/cloud/storage/blob.py", line 2763, in upload_from_file
    self._prep_and_do_upload(
  File "/home/airflow/.local/lib/python3.8/site-packages/google/cloud/storage/blob.py", line 2622, in _prep_and_do_upload
    _raise_from_invalid_response(exc)
  File "/home/airflow/.local/lib/python3.8/site-packages/google/cloud/storage/blob.py", line 4778, in _raise_from_invalid_response
    raise exceptions.from_http_status(response.status_code, message, response=response)
google.api_core.exceptions.NotFound: 404 POST https://storage.googleapis.com/upload/storage/v1/b/dcsc-warehouse/o?uploadType=multipart: {
  "error": {
    "code": 404,
    "message": "The specified bucket does not exist.",
    "errors": [
      {
        "message": "The specified bucket does not exist.",
        "domain": "global",
        "reason": "notFound"
      }
    ]
  }
}
: ('Request failed with status code', 404, 'Expected one of', <HTTPStatus.OK: 200>)
[2023-11-22T02:30:23.321+0000] {taskinstance.py:1400} INFO - Marking task as FAILED. dag_id=outcomes_dag, task_id=Extract, execution_date=20231121T000000, start_date=20231122T023018, end_date=20231122T023023
[2023-11-22T02:30:23.338+0000] {standard_task_runner.py:104} ERROR - Failed to execute job 7 for task Extract (404 POST https://storage.googleapis.com/upload/storage/v1/b/dcsc-warehouse/o?uploadType=multipart: {
  "error": {
    "code": 404,
    "message": "The specified bucket does not exist.",
    "errors": [
      {
        "message": "The specified bucket does not exist.",
        "domain": "global",
        "reason": "notFound"
      }
    ]
  }
}
: ('Request failed with status code', 404, 'Expected one of', <HTTPStatus.OK: 200>); 81)
[2023-11-22T02:30:23.379+0000] {local_task_job_runner.py:228} INFO - Task exited with return code 1
[2023-11-22T02:53:58.856+0000] {taskinstance.py:1159} INFO - Dependencies all met for dep_context=non-requeueable deps ti=<TaskInstance: outcomes_dag.Extract scheduled__2023-11-21T00:00:00+00:00 [queued]>
[2023-11-22T02:53:58.887+0000] {taskinstance.py:1159} INFO - Dependencies all met for dep_context=requeueable deps ti=<TaskInstance: outcomes_dag.Extract scheduled__2023-11-21T00:00:00+00:00 [queued]>
[2023-11-22T02:53:58.889+0000] {taskinstance.py:1361} INFO - Starting attempt 1 of 1
[2023-11-22T02:53:58.920+0000] {taskinstance.py:1382} INFO - Executing <Task(PythonOperator): Extract> on 2023-11-21 00:00:00+00:00
[2023-11-22T02:53:58.938+0000] {standard_task_runner.py:57} INFO - Started process 75 to run task
[2023-11-22T02:53:58.955+0000] {standard_task_runner.py:84} INFO - Running: ['***', 'tasks', 'run', 'outcomes_dag', 'Extract', 'scheduled__2023-11-21T00:00:00+00:00', '--job-id', '6', '--raw', '--subdir', 'DAGS_FOLDER/outcomes_dag.py', '--cfg-path', '/tmp/tmppphdrlrm']
[2023-11-22T02:53:58.974+0000] {standard_task_runner.py:85} INFO - Job 6: Subtask Extract
[2023-11-22T02:53:59.184+0000] {task_command.py:416} INFO - Running <TaskInstance: outcomes_dag.Extract scheduled__2023-11-21T00:00:00+00:00 [running]> on host 24b88ba10398
[2023-11-22T02:53:59.354+0000] {taskinstance.py:1662} INFO - Exporting env vars: AIRFLOW_CTX_DAG_OWNER='***' AIRFLOW_CTX_DAG_ID='outcomes_dag' AIRFLOW_CTX_TASK_ID='Extract' AIRFLOW_CTX_EXECUTION_DATE='2023-11-21T00:00:00+00:00' AIRFLOW_CTX_TRY_NUMBER='1' AIRFLOW_CTX_DAG_RUN_ID='scheduled__2023-11-21T00:00:00+00:00'
[2023-11-22T02:54:02.133+0000] {logging_mixin.py:154} INFO - Data Deposited into Cloud Storage
[2023-11-22T02:54:02.135+0000] {python.py:194} INFO - Done. Returned value was: None
[2023-11-22T02:54:02.164+0000] {taskinstance.py:1400} INFO - Marking task as SUCCESS. dag_id=outcomes_dag, task_id=Extract, execution_date=20231121T000000, start_date=20231122T025358, end_date=20231122T025402
[2023-11-22T02:54:02.255+0000] {local_task_job_runner.py:228} INFO - Task exited with return code 0
[2023-11-22T03:22:44.763+0000] {taskinstance.py:1159} INFO - Dependencies all met for dep_context=non-requeueable deps ti=<TaskInstance: outcomes_dag.Extract scheduled__2023-11-21T00:00:00+00:00 [queued]>
[2023-11-22T03:22:44.845+0000] {taskinstance.py:1159} INFO - Dependencies all met for dep_context=requeueable deps ti=<TaskInstance: outcomes_dag.Extract scheduled__2023-11-21T00:00:00+00:00 [queued]>
[2023-11-22T03:22:44.846+0000] {taskinstance.py:1361} INFO - Starting attempt 1 of 1
[2023-11-22T03:22:44.926+0000] {taskinstance.py:1382} INFO - Executing <Task(PythonOperator): Extract> on 2023-11-21 00:00:00+00:00
[2023-11-22T03:22:45.005+0000] {standard_task_runner.py:57} INFO - Started process 78 to run task
[2023-11-22T03:22:45.392+0000] {standard_task_runner.py:84} INFO - Running: ['***', 'tasks', 'run', 'outcomes_dag', 'Extract', 'scheduled__2023-11-21T00:00:00+00:00', '--job-id', '5', '--raw', '--subdir', 'DAGS_FOLDER/outcomes_dag.py', '--cfg-path', '/tmp/tmpy4koazc3']
[2023-11-22T03:22:45.432+0000] {standard_task_runner.py:85} INFO - Job 5: Subtask Extract
[2023-11-22T03:22:47.237+0000] {task_command.py:416} INFO - Running <TaskInstance: outcomes_dag.Extract scheduled__2023-11-21T00:00:00+00:00 [running]> on host cf56a4e96859
[2023-11-22T03:22:47.730+0000] {taskinstance.py:1662} INFO - Exporting env vars: AIRFLOW_CTX_DAG_OWNER='***' AIRFLOW_CTX_DAG_ID='outcomes_dag' AIRFLOW_CTX_TASK_ID='Extract' AIRFLOW_CTX_EXECUTION_DATE='2023-11-21T00:00:00+00:00' AIRFLOW_CTX_TRY_NUMBER='1' AIRFLOW_CTX_DAG_RUN_ID='scheduled__2023-11-21T00:00:00+00:00'
[2023-11-22T03:22:49.322+0000] {logging_mixin.py:154} INFO - Data Deposited into Cloud Storage
[2023-11-22T03:22:49.326+0000] {python.py:194} INFO - Done. Returned value was: None
[2023-11-22T03:22:49.354+0000] {taskinstance.py:1400} INFO - Marking task as SUCCESS. dag_id=outcomes_dag, task_id=Extract, execution_date=20231121T000000, start_date=20231122T032244, end_date=20231122T032249
[2023-11-22T03:22:49.404+0000] {local_task_job_runner.py:228} INFO - Task exited with return code 0
[2023-11-22T03:55:49.592+0000] {taskinstance.py:1159} INFO - Dependencies all met for dep_context=non-requeueable deps ti=<TaskInstance: outcomes_dag.Extract scheduled__2023-11-21T00:00:00+00:00 [queued]>
[2023-11-22T03:55:49.606+0000] {taskinstance.py:1159} INFO - Dependencies all met for dep_context=requeueable deps ti=<TaskInstance: outcomes_dag.Extract scheduled__2023-11-21T00:00:00+00:00 [queued]>
[2023-11-22T03:55:49.613+0000] {taskinstance.py:1361} INFO - Starting attempt 1 of 1
[2023-11-22T03:55:49.623+0000] {taskinstance.py:1382} INFO - Executing <Task(PythonOperator): Extract> on 2023-11-21 00:00:00+00:00
[2023-11-22T03:55:49.632+0000] {standard_task_runner.py:57} INFO - Started process 73 to run task
[2023-11-22T03:55:49.642+0000] {standard_task_runner.py:84} INFO - Running: ['***', 'tasks', 'run', 'outcomes_dag', 'Extract', 'scheduled__2023-11-21T00:00:00+00:00', '--job-id', '8', '--raw', '--subdir', 'DAGS_FOLDER/outcomes_dag.py', '--cfg-path', '/tmp/tmp2u47mou1']
[2023-11-22T03:55:49.651+0000] {standard_task_runner.py:85} INFO - Job 8: Subtask Extract
[2023-11-22T03:55:49.739+0000] {task_command.py:416} INFO - Running <TaskInstance: outcomes_dag.Extract scheduled__2023-11-21T00:00:00+00:00 [running]> on host cf936e748923
[2023-11-22T03:55:49.813+0000] {taskinstance.py:1662} INFO - Exporting env vars: AIRFLOW_CTX_DAG_OWNER='***' AIRFLOW_CTX_DAG_ID='outcomes_dag' AIRFLOW_CTX_TASK_ID='Extract' AIRFLOW_CTX_EXECUTION_DATE='2023-11-21T00:00:00+00:00' AIRFLOW_CTX_TRY_NUMBER='1' AIRFLOW_CTX_DAG_RUN_ID='scheduled__2023-11-21T00:00:00+00:00'
[2023-11-22T03:55:51.949+0000] {logging_mixin.py:154} INFO - Data Deposited into Cloud Storage
[2023-11-22T03:55:51.952+0000] {python.py:194} INFO - Done. Returned value was: None
[2023-11-22T03:55:51.972+0000] {taskinstance.py:1400} INFO - Marking task as SUCCESS. dag_id=outcomes_dag, task_id=Extract, execution_date=20231121T000000, start_date=20231122T035549, end_date=20231122T035551
[2023-11-22T03:55:52.005+0000] {local_task_job_runner.py:228} INFO - Task exited with return code 0
[2023-11-22T05:47:42.130+0000] {taskinstance.py:1159} INFO - Dependencies all met for dep_context=non-requeueable deps ti=<TaskInstance: outcomes_dag.Extract scheduled__2023-11-21T00:00:00+00:00 [queued]>
[2023-11-22T05:47:42.166+0000] {taskinstance.py:1159} INFO - Dependencies all met for dep_context=requeueable deps ti=<TaskInstance: outcomes_dag.Extract scheduled__2023-11-21T00:00:00+00:00 [queued]>
[2023-11-22T05:47:42.169+0000] {taskinstance.py:1361} INFO - Starting attempt 1 of 1
[2023-11-22T05:47:42.192+0000] {taskinstance.py:1382} INFO - Executing <Task(PythonOperator): Extract> on 2023-11-21 00:00:00+00:00
[2023-11-22T05:47:42.199+0000] {standard_task_runner.py:57} INFO - Started process 142 to run task
[2023-11-22T05:47:42.240+0000] {standard_task_runner.py:84} INFO - Running: ['***', 'tasks', 'run', 'outcomes_dag', 'Extract', 'scheduled__2023-11-21T00:00:00+00:00', '--job-id', '3', '--raw', '--subdir', 'DAGS_FOLDER/outcomes_dag.py', '--cfg-path', '/tmp/tmp69dvvjgl']
[2023-11-22T05:47:42.276+0000] {standard_task_runner.py:85} INFO - Job 3: Subtask Extract
[2023-11-22T05:47:42.620+0000] {task_command.py:416} INFO - Running <TaskInstance: outcomes_dag.Extract scheduled__2023-11-21T00:00:00+00:00 [running]> on host 6e2e77b078ed
[2023-11-22T05:47:42.723+0000] {taskinstance.py:1662} INFO - Exporting env vars: AIRFLOW_CTX_DAG_OWNER='***' AIRFLOW_CTX_DAG_ID='outcomes_dag' AIRFLOW_CTX_TASK_ID='Extract' AIRFLOW_CTX_EXECUTION_DATE='2023-11-21T00:00:00+00:00' AIRFLOW_CTX_TRY_NUMBER='1' AIRFLOW_CTX_DAG_RUN_ID='scheduled__2023-11-21T00:00:00+00:00'
[2023-11-22T05:47:43.992+0000] {logging_mixin.py:154} INFO - Data Deposited into Cloud Storage
[2023-11-22T05:47:44.000+0000] {python.py:194} INFO - Done. Returned value was: None
[2023-11-22T05:47:44.025+0000] {taskinstance.py:1400} INFO - Marking task as SUCCESS. dag_id=outcomes_dag, task_id=Extract, execution_date=20231121T000000, start_date=20231122T054742, end_date=20231122T054744
[2023-11-22T05:47:44.065+0000] {local_task_job_runner.py:228} INFO - Task exited with return code 0
[2023-11-22T06:09:37.891+0000] {taskinstance.py:1159} INFO - Dependencies all met for dep_context=non-requeueable deps ti=<TaskInstance: outcomes_dag.Extract scheduled__2023-11-21T00:00:00+00:00 [queued]>
[2023-11-22T06:09:37.912+0000] {taskinstance.py:1159} INFO - Dependencies all met for dep_context=requeueable deps ti=<TaskInstance: outcomes_dag.Extract scheduled__2023-11-21T00:00:00+00:00 [queued]>
[2023-11-22T06:09:37.914+0000] {taskinstance.py:1361} INFO - Starting attempt 1 of 1
[2023-11-22T06:09:37.937+0000] {taskinstance.py:1382} INFO - Executing <Task(PythonOperator): Extract> on 2023-11-21 00:00:00+00:00
[2023-11-22T06:09:37.953+0000] {standard_task_runner.py:57} INFO - Started process 81 to run task
[2023-11-22T06:09:37.987+0000] {standard_task_runner.py:84} INFO - Running: ['***', 'tasks', 'run', 'outcomes_dag', 'Extract', 'scheduled__2023-11-21T00:00:00+00:00', '--job-id', '7', '--raw', '--subdir', 'DAGS_FOLDER/outcomes_dag.py', '--cfg-path', '/tmp/tmp78p77_0d']
[2023-11-22T06:09:38.006+0000] {standard_task_runner.py:85} INFO - Job 7: Subtask Extract
[2023-11-22T06:09:38.247+0000] {task_command.py:416} INFO - Running <TaskInstance: outcomes_dag.Extract scheduled__2023-11-21T00:00:00+00:00 [running]> on host ded66acd9c7f
[2023-11-22T06:09:38.382+0000] {taskinstance.py:1662} INFO - Exporting env vars: AIRFLOW_CTX_DAG_OWNER='***' AIRFLOW_CTX_DAG_ID='outcomes_dag' AIRFLOW_CTX_TASK_ID='Extract' AIRFLOW_CTX_EXECUTION_DATE='2023-11-21T00:00:00+00:00' AIRFLOW_CTX_TRY_NUMBER='1' AIRFLOW_CTX_DAG_RUN_ID='scheduled__2023-11-21T00:00:00+00:00'
[2023-11-22T06:09:39.431+0000] {logging_mixin.py:154} INFO - Data Deposited into Cloud Storage
[2023-11-22T06:09:39.434+0000] {python.py:194} INFO - Done. Returned value was: None
[2023-11-22T06:09:39.447+0000] {taskinstance.py:1400} INFO - Marking task as SUCCESS. dag_id=outcomes_dag, task_id=Extract, execution_date=20231121T000000, start_date=20231122T060937, end_date=20231122T060939
[2023-11-22T06:09:39.527+0000] {local_task_job_runner.py:228} INFO - Task exited with return code 0
[2023-11-22T06:18:55.853+0000] {taskinstance.py:1159} INFO - Dependencies all met for dep_context=non-requeueable deps ti=<TaskInstance: outcomes_dag.Extract scheduled__2023-11-21T00:00:00+00:00 [queued]>
[2023-11-22T06:18:55.872+0000] {taskinstance.py:1159} INFO - Dependencies all met for dep_context=requeueable deps ti=<TaskInstance: outcomes_dag.Extract scheduled__2023-11-21T00:00:00+00:00 [queued]>
[2023-11-22T06:18:55.873+0000] {taskinstance.py:1361} INFO - Starting attempt 1 of 1
[2023-11-22T06:18:56.017+0000] {taskinstance.py:1382} INFO - Executing <Task(PythonOperator): Extract> on 2023-11-21 00:00:00+00:00
[2023-11-22T06:18:56.042+0000] {standard_task_runner.py:57} INFO - Started process 81 to run task
[2023-11-22T06:18:56.056+0000] {standard_task_runner.py:84} INFO - Running: ['***', 'tasks', 'run', 'outcomes_dag', 'Extract', 'scheduled__2023-11-21T00:00:00+00:00', '--job-id', '6', '--raw', '--subdir', 'DAGS_FOLDER/outcomes_dag.py', '--cfg-path', '/tmp/tmp3di2px7f']
[2023-11-22T06:18:56.063+0000] {standard_task_runner.py:85} INFO - Job 6: Subtask Extract
[2023-11-22T06:18:56.161+0000] {task_command.py:416} INFO - Running <TaskInstance: outcomes_dag.Extract scheduled__2023-11-21T00:00:00+00:00 [running]> on host 836b7d8b8a64
[2023-11-22T06:18:56.251+0000] {taskinstance.py:1662} INFO - Exporting env vars: AIRFLOW_CTX_DAG_OWNER='***' AIRFLOW_CTX_DAG_ID='outcomes_dag' AIRFLOW_CTX_TASK_ID='Extract' AIRFLOW_CTX_EXECUTION_DATE='2023-11-21T00:00:00+00:00' AIRFLOW_CTX_TRY_NUMBER='1' AIRFLOW_CTX_DAG_RUN_ID='scheduled__2023-11-21T00:00:00+00:00'
[2023-11-22T06:18:58.696+0000] {logging_mixin.py:154} INFO - Data Deposited into Cloud Storage
[2023-11-22T06:18:58.702+0000] {python.py:194} INFO - Done. Returned value was: None
[2023-11-22T06:18:58.729+0000] {taskinstance.py:1400} INFO - Marking task as SUCCESS. dag_id=outcomes_dag, task_id=Extract, execution_date=20231121T000000, start_date=20231122T061855, end_date=20231122T061858
[2023-11-22T06:18:58.807+0000] {local_task_job_runner.py:228} INFO - Task exited with return code 0
[2023-11-22T07:14:58.266+0000] {taskinstance.py:1159} INFO - Dependencies all met for dep_context=non-requeueable deps ti=<TaskInstance: outcomes_dag.Extract scheduled__2023-11-21T00:00:00+00:00 [queued]>
[2023-11-22T07:14:58.304+0000] {taskinstance.py:1159} INFO - Dependencies all met for dep_context=requeueable deps ti=<TaskInstance: outcomes_dag.Extract scheduled__2023-11-21T00:00:00+00:00 [queued]>
[2023-11-22T07:14:58.305+0000] {taskinstance.py:1361} INFO - Starting attempt 1 of 1
[2023-11-22T07:14:58.357+0000] {taskinstance.py:1382} INFO - Executing <Task(PythonOperator): Extract> on 2023-11-21 00:00:00+00:00
[2023-11-22T07:14:58.419+0000] {standard_task_runner.py:57} INFO - Started process 75 to run task
[2023-11-22T07:14:58.425+0000] {standard_task_runner.py:84} INFO - Running: ['***', 'tasks', 'run', 'outcomes_dag', 'Extract', 'scheduled__2023-11-21T00:00:00+00:00', '--job-id', '6', '--raw', '--subdir', 'DAGS_FOLDER/outcomes_dag.py', '--cfg-path', '/tmp/tmp6xte0g_a']
[2023-11-22T07:14:58.440+0000] {standard_task_runner.py:85} INFO - Job 6: Subtask Extract
[2023-11-22T07:14:58.636+0000] {task_command.py:416} INFO - Running <TaskInstance: outcomes_dag.Extract scheduled__2023-11-21T00:00:00+00:00 [running]> on host 011245d9ad62
[2023-11-22T07:14:58.850+0000] {taskinstance.py:1662} INFO - Exporting env vars: AIRFLOW_CTX_DAG_OWNER='***' AIRFLOW_CTX_DAG_ID='outcomes_dag' AIRFLOW_CTX_TASK_ID='Extract' AIRFLOW_CTX_EXECUTION_DATE='2023-11-21T00:00:00+00:00' AIRFLOW_CTX_TRY_NUMBER='1' AIRFLOW_CTX_DAG_RUN_ID='scheduled__2023-11-21T00:00:00+00:00'
[2023-11-22T07:15:01.904+0000] {logging_mixin.py:154} INFO - Data Deposited into Cloud Storage
[2023-11-22T07:15:01.911+0000] {python.py:194} INFO - Done. Returned value was: None
[2023-11-22T07:15:01.945+0000] {taskinstance.py:1400} INFO - Marking task as SUCCESS. dag_id=outcomes_dag, task_id=Extract, execution_date=20231121T000000, start_date=20231122T071458, end_date=20231122T071501
[2023-11-22T07:15:02.022+0000] {local_task_job_runner.py:228} INFO - Task exited with return code 0
[2023-11-22T07:54:36.217+0000] {taskinstance.py:1159} INFO - Dependencies all met for dep_context=non-requeueable deps ti=<TaskInstance: outcomes_dag.Extract scheduled__2023-11-21T00:00:00+00:00 [queued]>
[2023-11-22T07:54:36.225+0000] {taskinstance.py:1159} INFO - Dependencies all met for dep_context=requeueable deps ti=<TaskInstance: outcomes_dag.Extract scheduled__2023-11-21T00:00:00+00:00 [queued]>
[2023-11-22T07:54:36.225+0000] {taskinstance.py:1361} INFO - Starting attempt 1 of 1
[2023-11-22T07:54:36.233+0000] {taskinstance.py:1382} INFO - Executing <Task(PythonOperator): Extract> on 2023-11-21 00:00:00+00:00
[2023-11-22T07:54:36.240+0000] {standard_task_runner.py:57} INFO - Started process 452 to run task
[2023-11-22T07:54:36.244+0000] {standard_task_runner.py:84} INFO - Running: ['***', 'tasks', 'run', 'outcomes_dag', 'Extract', 'scheduled__2023-11-21T00:00:00+00:00', '--job-id', '72', '--raw', '--subdir', 'DAGS_FOLDER/outcomes_dag.py', '--cfg-path', '/tmp/tmpb360vj5k']
[2023-11-22T07:54:36.248+0000] {standard_task_runner.py:85} INFO - Job 72: Subtask Extract
[2023-11-22T07:54:36.296+0000] {task_command.py:416} INFO - Running <TaskInstance: outcomes_dag.Extract scheduled__2023-11-21T00:00:00+00:00 [running]> on host 6318e996d951
[2023-11-22T07:54:36.353+0000] {taskinstance.py:1662} INFO - Exporting env vars: AIRFLOW_CTX_DAG_OWNER='***' AIRFLOW_CTX_DAG_ID='outcomes_dag' AIRFLOW_CTX_TASK_ID='Extract' AIRFLOW_CTX_EXECUTION_DATE='2023-11-21T00:00:00+00:00' AIRFLOW_CTX_TRY_NUMBER='1' AIRFLOW_CTX_DAG_RUN_ID='scheduled__2023-11-21T00:00:00+00:00'
[2023-11-22T07:54:37.950+0000] {logging_mixin.py:154} INFO - Data Deposited into Cloud Storage
[2023-11-22T07:54:37.952+0000] {python.py:194} INFO - Done. Returned value was: None
[2023-11-22T07:54:37.963+0000] {taskinstance.py:1400} INFO - Marking task as SUCCESS. dag_id=outcomes_dag, task_id=Extract, execution_date=20231121T000000, start_date=20231122T075436, end_date=20231122T075437
[2023-11-22T07:54:38.016+0000] {local_task_job_runner.py:228} INFO - Task exited with return code 0
[2023-11-22T22:41:44.649+0000] {taskinstance.py:1159} INFO - Dependencies all met for dep_context=non-requeueable deps ti=<TaskInstance: outcomes_dag.Extract scheduled__2023-11-21T00:00:00+00:00 [queued]>
[2023-11-22T22:41:44.666+0000] {taskinstance.py:1159} INFO - Dependencies all met for dep_context=requeueable deps ti=<TaskInstance: outcomes_dag.Extract scheduled__2023-11-21T00:00:00+00:00 [queued]>
[2023-11-22T22:41:44.668+0000] {taskinstance.py:1361} INFO - Starting attempt 1 of 1
[2023-11-22T22:41:44.695+0000] {taskinstance.py:1382} INFO - Executing <Task(PythonOperator): Extract> on 2023-11-21 00:00:00+00:00
[2023-11-22T22:41:44.703+0000] {standard_task_runner.py:57} INFO - Started process 248 to run task
[2023-11-22T22:41:44.715+0000] {standard_task_runner.py:84} INFO - Running: ['***', 'tasks', 'run', 'outcomes_dag', 'Extract', 'scheduled__2023-11-21T00:00:00+00:00', '--job-id', '55', '--raw', '--subdir', 'DAGS_FOLDER/outcomes_dag.py', '--cfg-path', '/tmp/tmps0_kcfi_']
[2023-11-22T22:41:44.731+0000] {standard_task_runner.py:85} INFO - Job 55: Subtask Extract
[2023-11-22T22:41:44.807+0000] {task_command.py:416} INFO - Running <TaskInstance: outcomes_dag.Extract scheduled__2023-11-21T00:00:00+00:00 [running]> on host 8ac13583809b
[2023-11-22T22:41:44.883+0000] {taskinstance.py:1662} INFO - Exporting env vars: AIRFLOW_CTX_DAG_OWNER='***' AIRFLOW_CTX_DAG_ID='outcomes_dag' AIRFLOW_CTX_TASK_ID='Extract' AIRFLOW_CTX_EXECUTION_DATE='2023-11-21T00:00:00+00:00' AIRFLOW_CTX_TRY_NUMBER='1' AIRFLOW_CTX_DAG_RUN_ID='scheduled__2023-11-21T00:00:00+00:00'
[2023-11-22T22:41:45.860+0000] {logging_mixin.py:154} INFO - Data Deposited into Cloud Storage
[2023-11-22T22:41:45.864+0000] {python.py:194} INFO - Done. Returned value was: None
[2023-11-22T22:41:45.882+0000] {taskinstance.py:1400} INFO - Marking task as SUCCESS. dag_id=outcomes_dag, task_id=Extract, execution_date=20231121T000000, start_date=20231122T224144, end_date=20231122T224145
[2023-11-22T22:41:45.953+0000] {local_task_job_runner.py:228} INFO - Task exited with return code 0
[2023-11-22T23:03:23.861+0000] {taskinstance.py:1159} INFO - Dependencies all met for dep_context=non-requeueable deps ti=<TaskInstance: outcomes_dag.Extract scheduled__2023-11-21T00:00:00+00:00 [queued]>
[2023-11-22T23:03:23.867+0000] {taskinstance.py:1159} INFO - Dependencies all met for dep_context=requeueable deps ti=<TaskInstance: outcomes_dag.Extract scheduled__2023-11-21T00:00:00+00:00 [queued]>
[2023-11-22T23:03:23.868+0000] {taskinstance.py:1361} INFO - Starting attempt 1 of 1
[2023-11-22T23:03:23.878+0000] {taskinstance.py:1382} INFO - Executing <Task(PythonOperator): Extract> on 2023-11-21 00:00:00+00:00
[2023-11-22T23:03:23.889+0000] {standard_task_runner.py:57} INFO - Started process 465 to run task
[2023-11-22T23:03:23.895+0000] {standard_task_runner.py:84} INFO - Running: ['***', 'tasks', 'run', 'outcomes_dag', 'Extract', 'scheduled__2023-11-21T00:00:00+00:00', '--job-id', '119', '--raw', '--subdir', 'DAGS_FOLDER/outcomes_dag.py', '--cfg-path', '/tmp/tmpslzd97wk']
[2023-11-22T23:03:23.916+0000] {standard_task_runner.py:85} INFO - Job 119: Subtask Extract
[2023-11-22T23:03:23.965+0000] {task_command.py:416} INFO - Running <TaskInstance: outcomes_dag.Extract scheduled__2023-11-21T00:00:00+00:00 [running]> on host 4b2f5af281f8
[2023-11-22T23:03:24.041+0000] {taskinstance.py:1662} INFO - Exporting env vars: AIRFLOW_CTX_DAG_OWNER='***' AIRFLOW_CTX_DAG_ID='outcomes_dag' AIRFLOW_CTX_TASK_ID='Extract' AIRFLOW_CTX_EXECUTION_DATE='2023-11-21T00:00:00+00:00' AIRFLOW_CTX_TRY_NUMBER='1' AIRFLOW_CTX_DAG_RUN_ID='scheduled__2023-11-21T00:00:00+00:00'
[2023-11-22T23:03:24.960+0000] {logging_mixin.py:154} INFO - Data Deposited into Cloud Storage
[2023-11-22T23:03:24.962+0000] {python.py:194} INFO - Done. Returned value was: None
[2023-11-22T23:03:24.986+0000] {taskinstance.py:1400} INFO - Marking task as SUCCESS. dag_id=outcomes_dag, task_id=Extract, execution_date=20231121T000000, start_date=20231122T230323, end_date=20231122T230324
[2023-11-22T23:03:25.022+0000] {local_task_job_runner.py:228} INFO - Task exited with return code 0
[2023-11-22T23:23:57.453+0000] {taskinstance.py:1159} INFO - Dependencies all met for dep_context=non-requeueable deps ti=<TaskInstance: outcomes_dag.Extract scheduled__2023-11-21T00:00:00+00:00 [queued]>
[2023-11-22T23:23:57.461+0000] {taskinstance.py:1159} INFO - Dependencies all met for dep_context=requeueable deps ti=<TaskInstance: outcomes_dag.Extract scheduled__2023-11-21T00:00:00+00:00 [queued]>
[2023-11-22T23:23:57.461+0000] {taskinstance.py:1361} INFO - Starting attempt 1 of 1
[2023-11-22T23:23:57.468+0000] {taskinstance.py:1382} INFO - Executing <Task(PythonOperator): Extract> on 2023-11-21 00:00:00+00:00
[2023-11-22T23:23:57.475+0000] {standard_task_runner.py:57} INFO - Started process 441 to run task
[2023-11-22T23:23:57.479+0000] {standard_task_runner.py:84} INFO - Running: ['***', 'tasks', 'run', 'outcomes_dag', 'Extract', 'scheduled__2023-11-21T00:00:00+00:00', '--job-id', '111', '--raw', '--subdir', 'DAGS_FOLDER/outcomes_dag.py', '--cfg-path', '/tmp/tmp3ur1va44']
[2023-11-22T23:23:57.480+0000] {standard_task_runner.py:85} INFO - Job 111: Subtask Extract
[2023-11-22T23:23:57.529+0000] {task_command.py:416} INFO - Running <TaskInstance: outcomes_dag.Extract scheduled__2023-11-21T00:00:00+00:00 [running]> on host b410bfb4af5e
[2023-11-22T23:23:57.592+0000] {taskinstance.py:1662} INFO - Exporting env vars: AIRFLOW_CTX_DAG_OWNER='***' AIRFLOW_CTX_DAG_ID='outcomes_dag' AIRFLOW_CTX_TASK_ID='Extract' AIRFLOW_CTX_EXECUTION_DATE='2023-11-21T00:00:00+00:00' AIRFLOW_CTX_TRY_NUMBER='1' AIRFLOW_CTX_DAG_RUN_ID='scheduled__2023-11-21T00:00:00+00:00'
[2023-11-22T23:23:58.767+0000] {logging_mixin.py:154} INFO - Data Deposited into Cloud Storage
[2023-11-22T23:23:58.768+0000] {python.py:194} INFO - Done. Returned value was: None
[2023-11-22T23:23:58.779+0000] {taskinstance.py:1400} INFO - Marking task as SUCCESS. dag_id=outcomes_dag, task_id=Extract, execution_date=20231121T000000, start_date=20231122T232357, end_date=20231122T232358
[2023-11-22T23:23:58.854+0000] {local_task_job_runner.py:228} INFO - Task exited with return code 0
[2023-11-22T23:46:35.163+0000] {taskinstance.py:1159} INFO - Dependencies all met for dep_context=non-requeueable deps ti=<TaskInstance: outcomes_dag.Extract scheduled__2023-11-21T00:00:00+00:00 [queued]>
[2023-11-22T23:46:35.168+0000] {taskinstance.py:1159} INFO - Dependencies all met for dep_context=requeueable deps ti=<TaskInstance: outcomes_dag.Extract scheduled__2023-11-21T00:00:00+00:00 [queued]>
[2023-11-22T23:46:35.168+0000] {taskinstance.py:1361} INFO - Starting attempt 1 of 1
[2023-11-22T23:46:35.174+0000] {taskinstance.py:1382} INFO - Executing <Task(PythonOperator): Extract> on 2023-11-21 00:00:00+00:00
[2023-11-22T23:46:35.180+0000] {standard_task_runner.py:57} INFO - Started process 413 to run task
[2023-11-22T23:46:35.183+0000] {standard_task_runner.py:84} INFO - Running: ['***', 'tasks', 'run', 'outcomes_dag', 'Extract', 'scheduled__2023-11-21T00:00:00+00:00', '--job-id', '101', '--raw', '--subdir', 'DAGS_FOLDER/outcomes_dag.py', '--cfg-path', '/tmp/tmpjg7hvnwe']
[2023-11-22T23:46:35.184+0000] {standard_task_runner.py:85} INFO - Job 101: Subtask Extract
[2023-11-22T23:46:35.225+0000] {task_command.py:416} INFO - Running <TaskInstance: outcomes_dag.Extract scheduled__2023-11-21T00:00:00+00:00 [running]> on host 371cae71aa63
[2023-11-22T23:46:35.279+0000] {taskinstance.py:1662} INFO - Exporting env vars: AIRFLOW_CTX_DAG_OWNER='***' AIRFLOW_CTX_DAG_ID='outcomes_dag' AIRFLOW_CTX_TASK_ID='Extract' AIRFLOW_CTX_EXECUTION_DATE='2023-11-21T00:00:00+00:00' AIRFLOW_CTX_TRY_NUMBER='1' AIRFLOW_CTX_DAG_RUN_ID='scheduled__2023-11-21T00:00:00+00:00'
[2023-11-22T23:46:36.511+0000] {logging_mixin.py:154} INFO - Data Deposited into Cloud Storage
[2023-11-22T23:46:36.512+0000] {python.py:194} INFO - Done. Returned value was: None
[2023-11-22T23:46:36.539+0000] {taskinstance.py:1400} INFO - Marking task as SUCCESS. dag_id=outcomes_dag, task_id=Extract, execution_date=20231121T000000, start_date=20231122T234635, end_date=20231122T234636
[2023-11-22T23:46:36.630+0000] {local_task_job_runner.py:228} INFO - Task exited with return code 0
[2023-11-23T00:43:07.210+0000] {taskinstance.py:1159} INFO - Dependencies all met for dep_context=non-requeueable deps ti=<TaskInstance: outcomes_dag.Extract scheduled__2023-11-21T00:00:00+00:00 [queued]>
[2023-11-23T00:43:07.222+0000] {taskinstance.py:1159} INFO - Dependencies all met for dep_context=requeueable deps ti=<TaskInstance: outcomes_dag.Extract scheduled__2023-11-21T00:00:00+00:00 [queued]>
[2023-11-23T00:43:07.222+0000] {taskinstance.py:1361} INFO - Starting attempt 1 of 1
[2023-11-23T00:43:07.251+0000] {taskinstance.py:1382} INFO - Executing <Task(PythonOperator): Extract> on 2023-11-21 00:00:00+00:00
[2023-11-23T00:43:07.280+0000] {standard_task_runner.py:57} INFO - Started process 477 to run task
[2023-11-23T00:43:07.348+0000] {standard_task_runner.py:84} INFO - Running: ['***', 'tasks', 'run', 'outcomes_dag', 'Extract', 'scheduled__2023-11-21T00:00:00+00:00', '--job-id', '120', '--raw', '--subdir', 'DAGS_FOLDER/outcomes_dag.py', '--cfg-path', '/tmp/tmpip3cz0tz']
[2023-11-23T00:43:07.387+0000] {standard_task_runner.py:85} INFO - Job 120: Subtask Extract
[2023-11-23T00:43:07.579+0000] {task_command.py:416} INFO - Running <TaskInstance: outcomes_dag.Extract scheduled__2023-11-21T00:00:00+00:00 [running]> on host 75913536581a
[2023-11-23T00:43:07.721+0000] {taskinstance.py:1662} INFO - Exporting env vars: AIRFLOW_CTX_DAG_OWNER='***' AIRFLOW_CTX_DAG_ID='outcomes_dag' AIRFLOW_CTX_TASK_ID='Extract' AIRFLOW_CTX_EXECUTION_DATE='2023-11-21T00:00:00+00:00' AIRFLOW_CTX_TRY_NUMBER='1' AIRFLOW_CTX_DAG_RUN_ID='scheduled__2023-11-21T00:00:00+00:00'
[2023-11-23T00:43:08.753+0000] {logging_mixin.py:154} INFO - Data Deposited into Cloud Storage
[2023-11-23T00:43:08.756+0000] {python.py:194} INFO - Done. Returned value was: None
[2023-11-23T00:43:08.778+0000] {taskinstance.py:1400} INFO - Marking task as SUCCESS. dag_id=outcomes_dag, task_id=Extract, execution_date=20231121T000000, start_date=20231123T004307, end_date=20231123T004308
[2023-11-23T00:43:08.827+0000] {local_task_job_runner.py:228} INFO - Task exited with return code 0
[2023-11-23T01:49:59.915+0000] {taskinstance.py:1159} INFO - Dependencies all met for dep_context=non-requeueable deps ti=<TaskInstance: outcomes_dag.Extract scheduled__2023-11-21T00:00:00+00:00 [queued]>
[2023-11-23T01:49:59.921+0000] {taskinstance.py:1159} INFO - Dependencies all met for dep_context=requeueable deps ti=<TaskInstance: outcomes_dag.Extract scheduled__2023-11-21T00:00:00+00:00 [queued]>
[2023-11-23T01:49:59.922+0000] {taskinstance.py:1361} INFO - Starting attempt 1 of 1
[2023-11-23T01:49:59.929+0000] {taskinstance.py:1382} INFO - Executing <Task(PythonOperator): Extract> on 2023-11-21 00:00:00+00:00
[2023-11-23T01:49:59.941+0000] {standard_task_runner.py:57} INFO - Started process 270 to run task
[2023-11-23T01:49:59.948+0000] {standard_task_runner.py:84} INFO - Running: ['***', 'tasks', 'run', 'outcomes_dag', 'Extract', 'scheduled__2023-11-21T00:00:00+00:00', '--job-id', '70', '--raw', '--subdir', 'DAGS_FOLDER/outcomes_dag.py', '--cfg-path', '/tmp/tmpzp6vn2bd']
[2023-11-23T01:49:59.957+0000] {standard_task_runner.py:85} INFO - Job 70: Subtask Extract
[2023-11-23T01:50:00.007+0000] {task_command.py:416} INFO - Running <TaskInstance: outcomes_dag.Extract scheduled__2023-11-21T00:00:00+00:00 [running]> on host d15d3caa5b00
[2023-11-23T01:50:00.103+0000] {taskinstance.py:1662} INFO - Exporting env vars: AIRFLOW_CTX_DAG_OWNER='***' AIRFLOW_CTX_DAG_ID='outcomes_dag' AIRFLOW_CTX_TASK_ID='Extract' AIRFLOW_CTX_EXECUTION_DATE='2023-11-21T00:00:00+00:00' AIRFLOW_CTX_TRY_NUMBER='1' AIRFLOW_CTX_DAG_RUN_ID='scheduled__2023-11-21T00:00:00+00:00'
[2023-11-23T01:50:01.211+0000] {logging_mixin.py:154} INFO - Data Deposited into Cloud Storage
[2023-11-23T01:50:01.212+0000] {python.py:194} INFO - Done. Returned value was: None
[2023-11-23T01:50:01.223+0000] {taskinstance.py:1400} INFO - Marking task as SUCCESS. dag_id=outcomes_dag, task_id=Extract, execution_date=20231121T000000, start_date=20231123T014959, end_date=20231123T015001
[2023-11-23T01:50:01.263+0000] {local_task_job_runner.py:228} INFO - Task exited with return code 0
[2023-11-23T01:58:36.335+0000] {taskinstance.py:1159} INFO - Dependencies all met for dep_context=non-requeueable deps ti=<TaskInstance: outcomes_dag.Extract scheduled__2023-11-21T00:00:00+00:00 [queued]>
[2023-11-23T01:58:36.351+0000] {taskinstance.py:1159} INFO - Dependencies all met for dep_context=requeueable deps ti=<TaskInstance: outcomes_dag.Extract scheduled__2023-11-21T00:00:00+00:00 [queued]>
[2023-11-23T01:58:36.353+0000] {taskinstance.py:1361} INFO - Starting attempt 1 of 1
[2023-11-23T01:58:36.386+0000] {taskinstance.py:1382} INFO - Executing <Task(PythonOperator): Extract> on 2023-11-21 00:00:00+00:00
[2023-11-23T01:58:36.414+0000] {standard_task_runner.py:57} INFO - Started process 70 to run task
[2023-11-23T01:58:36.427+0000] {standard_task_runner.py:84} INFO - Running: ['***', 'tasks', 'run', 'outcomes_dag', 'Extract', 'scheduled__2023-11-21T00:00:00+00:00', '--job-id', '5', '--raw', '--subdir', 'DAGS_FOLDER/outcomes_dag.py', '--cfg-path', '/tmp/tmpkadhjoal']
[2023-11-23T01:58:36.436+0000] {standard_task_runner.py:85} INFO - Job 5: Subtask Extract
[2023-11-23T01:58:36.555+0000] {task_command.py:416} INFO - Running <TaskInstance: outcomes_dag.Extract scheduled__2023-11-21T00:00:00+00:00 [running]> on host 3cdc572bc068
[2023-11-23T01:58:36.643+0000] {taskinstance.py:1662} INFO - Exporting env vars: AIRFLOW_CTX_DAG_OWNER='***' AIRFLOW_CTX_DAG_ID='outcomes_dag' AIRFLOW_CTX_TASK_ID='Extract' AIRFLOW_CTX_EXECUTION_DATE='2023-11-21T00:00:00+00:00' AIRFLOW_CTX_TRY_NUMBER='1' AIRFLOW_CTX_DAG_RUN_ID='scheduled__2023-11-21T00:00:00+00:00'
[2023-11-23T01:58:37.755+0000] {logging_mixin.py:154} INFO - Data Deposited into Cloud Storage
[2023-11-23T01:58:37.772+0000] {python.py:194} INFO - Done. Returned value was: None
[2023-11-23T01:58:37.795+0000] {taskinstance.py:1400} INFO - Marking task as SUCCESS. dag_id=outcomes_dag, task_id=Extract, execution_date=20231121T000000, start_date=20231123T015836, end_date=20231123T015837
[2023-11-23T01:58:37.834+0000] {local_task_job_runner.py:228} INFO - Task exited with return code 0
[2023-11-23T02:59:36.718+0000] {taskinstance.py:1159} INFO - Dependencies all met for dep_context=non-requeueable deps ti=<TaskInstance: outcomes_dag.Extract scheduled__2023-11-21T00:00:00+00:00 [queued]>
[2023-11-23T02:59:36.738+0000] {taskinstance.py:1159} INFO - Dependencies all met for dep_context=requeueable deps ti=<TaskInstance: outcomes_dag.Extract scheduled__2023-11-21T00:00:00+00:00 [queued]>
[2023-11-23T02:59:36.738+0000] {taskinstance.py:1361} INFO - Starting attempt 1 of 1
[2023-11-23T02:59:37.510+0000] {taskinstance.py:1382} INFO - Executing <Task(PythonOperator): Extract> on 2023-11-21 00:00:00+00:00
[2023-11-23T02:59:37.520+0000] {standard_task_runner.py:57} INFO - Started process 114 to run task
[2023-11-23T02:59:37.555+0000] {standard_task_runner.py:84} INFO - Running: ['***', 'tasks', 'run', 'outcomes_dag', 'Extract', 'scheduled__2023-11-21T00:00:00+00:00', '--job-id', '5', '--raw', '--subdir', 'DAGS_FOLDER/outcomes_dag.py', '--cfg-path', '/tmp/tmp28ffbsjp']
[2023-11-23T02:59:37.579+0000] {standard_task_runner.py:85} INFO - Job 5: Subtask Extract
[2023-11-23T02:59:37.701+0000] {task_command.py:416} INFO - Running <TaskInstance: outcomes_dag.Extract scheduled__2023-11-21T00:00:00+00:00 [running]> on host 1268bd8e5db0
[2023-11-23T02:59:37.804+0000] {taskinstance.py:1662} INFO - Exporting env vars: AIRFLOW_CTX_DAG_OWNER='***' AIRFLOW_CTX_DAG_ID='outcomes_dag' AIRFLOW_CTX_TASK_ID='Extract' AIRFLOW_CTX_EXECUTION_DATE='2023-11-21T00:00:00+00:00' AIRFLOW_CTX_TRY_NUMBER='1' AIRFLOW_CTX_DAG_RUN_ID='scheduled__2023-11-21T00:00:00+00:00'
[2023-11-23T02:59:39.790+0000] {logging_mixin.py:154} INFO - Data Deposited into Cloud Storage
[2023-11-23T02:59:39.792+0000] {python.py:194} INFO - Done. Returned value was: None
[2023-11-23T02:59:39.806+0000] {taskinstance.py:1400} INFO - Marking task as SUCCESS. dag_id=outcomes_dag, task_id=Extract, execution_date=20231121T000000, start_date=20231123T025936, end_date=20231123T025939
[2023-11-23T02:59:39.842+0000] {local_task_job_runner.py:228} INFO - Task exited with return code 0
[2023-11-23T03:42:03.678+0000] {taskinstance.py:1159} INFO - Dependencies all met for dep_context=non-requeueable deps ti=<TaskInstance: outcomes_dag.Extract scheduled__2023-11-21T00:00:00+00:00 [queued]>
[2023-11-23T03:42:03.686+0000] {taskinstance.py:1159} INFO - Dependencies all met for dep_context=requeueable deps ti=<TaskInstance: outcomes_dag.Extract scheduled__2023-11-21T00:00:00+00:00 [queued]>
[2023-11-23T03:42:03.686+0000] {taskinstance.py:1361} INFO - Starting attempt 1 of 1
[2023-11-23T03:42:03.693+0000] {taskinstance.py:1382} INFO - Executing <Task(PythonOperator): Extract> on 2023-11-21 00:00:00+00:00
[2023-11-23T03:42:03.699+0000] {standard_task_runner.py:57} INFO - Started process 521 to run task
[2023-11-23T03:42:03.707+0000] {standard_task_runner.py:84} INFO - Running: ['***', 'tasks', 'run', 'outcomes_dag', 'Extract', 'scheduled__2023-11-21T00:00:00+00:00', '--job-id', '151', '--raw', '--subdir', 'DAGS_FOLDER/outcomes_dag.py', '--cfg-path', '/tmp/tmpag7na53b']
[2023-11-23T03:42:03.716+0000] {standard_task_runner.py:85} INFO - Job 151: Subtask Extract
[2023-11-23T03:42:03.758+0000] {task_command.py:416} INFO - Running <TaskInstance: outcomes_dag.Extract scheduled__2023-11-21T00:00:00+00:00 [running]> on host e647c96745b0
[2023-11-23T03:42:03.818+0000] {taskinstance.py:1662} INFO - Exporting env vars: AIRFLOW_CTX_DAG_OWNER='***' AIRFLOW_CTX_DAG_ID='outcomes_dag' AIRFLOW_CTX_TASK_ID='Extract' AIRFLOW_CTX_EXECUTION_DATE='2023-11-21T00:00:00+00:00' AIRFLOW_CTX_TRY_NUMBER='1' AIRFLOW_CTX_DAG_RUN_ID='scheduled__2023-11-21T00:00:00+00:00'
[2023-11-23T03:42:04.840+0000] {logging_mixin.py:154} INFO - Data Deposited into Cloud Storage
[2023-11-23T03:42:04.845+0000] {python.py:194} INFO - Done. Returned value was: None
[2023-11-23T03:42:04.876+0000] {taskinstance.py:1400} INFO - Marking task as SUCCESS. dag_id=outcomes_dag, task_id=Extract, execution_date=20231121T000000, start_date=20231123T034203, end_date=20231123T034204
[2023-11-23T03:42:04.940+0000] {local_task_job_runner.py:228} INFO - Task exited with return code 0
