[2023-11-22T23:09:41.710+0000] {taskinstance.py:1159} INFO - Dependencies all met for dep_context=non-requeueable deps ti=<TaskInstance: outcomes_dag.Extract scheduled__2023-11-21T00:00:00+00:00 [queued]>
[2023-11-22T23:09:41.714+0000] {taskinstance.py:1159} INFO - Dependencies all met for dep_context=requeueable deps ti=<TaskInstance: outcomes_dag.Extract scheduled__2023-11-21T00:00:00+00:00 [queued]>
[2023-11-22T23:09:41.715+0000] {taskinstance.py:1361} INFO - Starting attempt 2 of 2
[2023-11-22T23:09:41.720+0000] {taskinstance.py:1382} INFO - Executing <Task(PythonOperator): Extract> on 2023-11-21 00:00:00+00:00
[2023-11-22T23:09:41.726+0000] {standard_task_runner.py:57} INFO - Started process 667 to run task
[2023-11-22T23:09:41.729+0000] {standard_task_runner.py:84} INFO - Running: ['***', 'tasks', 'run', 'outcomes_dag', 'Extract', 'scheduled__2023-11-21T00:00:00+00:00', '--job-id', '154', '--raw', '--subdir', 'DAGS_FOLDER/outcomes_dag.py', '--cfg-path', '/tmp/tmpo0sj8jqb']
[2023-11-22T23:09:41.732+0000] {standard_task_runner.py:85} INFO - Job 154: Subtask Extract
[2023-11-22T23:09:41.772+0000] {task_command.py:416} INFO - Running <TaskInstance: outcomes_dag.Extract scheduled__2023-11-21T00:00:00+00:00 [running]> on host 4b2f5af281f8
[2023-11-22T23:09:41.818+0000] {taskinstance.py:1662} INFO - Exporting env vars: AIRFLOW_CTX_DAG_OWNER='***' AIRFLOW_CTX_DAG_ID='outcomes_dag' AIRFLOW_CTX_TASK_ID='Extract' AIRFLOW_CTX_EXECUTION_DATE='2023-11-21T00:00:00+00:00' AIRFLOW_CTX_TRY_NUMBER='2' AIRFLOW_CTX_DAG_RUN_ID='scheduled__2023-11-21T00:00:00+00:00'
[2023-11-22T23:09:45.183+0000] {logging_mixin.py:154} INFO - Data Deposited into Cloud Storage
[2023-11-22T23:09:45.186+0000] {python.py:194} INFO - Done. Returned value was: None
[2023-11-22T23:09:45.206+0000] {taskinstance.py:1400} INFO - Marking task as SUCCESS. dag_id=outcomes_dag, task_id=Extract, execution_date=20231121T000000, start_date=20231122T230941, end_date=20231122T230945
[2023-11-22T23:09:45.254+0000] {local_task_job_runner.py:228} INFO - Task exited with return code 0
[2023-11-22T23:55:00.042+0000] {taskinstance.py:1159} INFO - Dependencies all met for dep_context=non-requeueable deps ti=<TaskInstance: outcomes_dag.Extract scheduled__2023-11-21T00:00:00+00:00 [queued]>
[2023-11-22T23:55:00.048+0000] {taskinstance.py:1159} INFO - Dependencies all met for dep_context=requeueable deps ti=<TaskInstance: outcomes_dag.Extract scheduled__2023-11-21T00:00:00+00:00 [queued]>
[2023-11-22T23:55:00.049+0000] {taskinstance.py:1361} INFO - Starting attempt 2 of 2
[2023-11-22T23:55:00.056+0000] {taskinstance.py:1382} INFO - Executing <Task(PythonOperator): Extract> on 2023-11-21 00:00:00+00:00
[2023-11-22T23:55:00.061+0000] {standard_task_runner.py:57} INFO - Started process 652 to run task
[2023-11-22T23:55:00.065+0000] {standard_task_runner.py:84} INFO - Running: ['***', 'tasks', 'run', 'outcomes_dag', 'Extract', 'scheduled__2023-11-21T00:00:00+00:00', '--job-id', '141', '--raw', '--subdir', 'DAGS_FOLDER/outcomes_dag.py', '--cfg-path', '/tmp/tmpljk7bbxt']
[2023-11-22T23:55:00.068+0000] {standard_task_runner.py:85} INFO - Job 141: Subtask Extract
[2023-11-22T23:55:00.100+0000] {task_command.py:416} INFO - Running <TaskInstance: outcomes_dag.Extract scheduled__2023-11-21T00:00:00+00:00 [running]> on host 371cae71aa63
[2023-11-22T23:55:00.143+0000] {taskinstance.py:1662} INFO - Exporting env vars: AIRFLOW_CTX_DAG_OWNER='***' AIRFLOW_CTX_DAG_ID='outcomes_dag' AIRFLOW_CTX_TASK_ID='Extract' AIRFLOW_CTX_EXECUTION_DATE='2023-11-21T00:00:00+00:00' AIRFLOW_CTX_TRY_NUMBER='2' AIRFLOW_CTX_DAG_RUN_ID='scheduled__2023-11-21T00:00:00+00:00'
[2023-11-22T23:55:01.991+0000] {logging_mixin.py:154} INFO - Data Deposited into Cloud Storage
[2023-11-22T23:55:01.993+0000] {python.py:194} INFO - Done. Returned value was: None
[2023-11-22T23:55:02.008+0000] {taskinstance.py:1400} INFO - Marking task as SUCCESS. dag_id=outcomes_dag, task_id=Extract, execution_date=20231121T000000, start_date=20231122T235500, end_date=20231122T235502
[2023-11-22T23:55:02.052+0000] {local_task_job_runner.py:228} INFO - Task exited with return code 0
[2023-11-23T00:46:17.780+0000] {taskinstance.py:1159} INFO - Dependencies all met for dep_context=non-requeueable deps ti=<TaskInstance: outcomes_dag.Extract scheduled__2023-11-21T00:00:00+00:00 [queued]>
[2023-11-23T00:46:17.785+0000] {taskinstance.py:1159} INFO - Dependencies all met for dep_context=requeueable deps ti=<TaskInstance: outcomes_dag.Extract scheduled__2023-11-21T00:00:00+00:00 [queued]>
[2023-11-23T00:46:17.785+0000] {taskinstance.py:1361} INFO - Starting attempt 2 of 2
[2023-11-23T00:46:17.793+0000] {taskinstance.py:1382} INFO - Executing <Task(PythonOperator): Extract> on 2023-11-21 00:00:00+00:00
[2023-11-23T00:46:17.803+0000] {standard_task_runner.py:57} INFO - Started process 615 to run task
[2023-11-23T00:46:17.805+0000] {standard_task_runner.py:84} INFO - Running: ['***', 'tasks', 'run', 'outcomes_dag', 'Extract', 'scheduled__2023-11-21T00:00:00+00:00', '--job-id', '151', '--raw', '--subdir', 'DAGS_FOLDER/outcomes_dag.py', '--cfg-path', '/tmp/tmp0o42k8ex']
[2023-11-23T00:46:17.808+0000] {standard_task_runner.py:85} INFO - Job 151: Subtask Extract
[2023-11-23T00:46:17.841+0000] {task_command.py:416} INFO - Running <TaskInstance: outcomes_dag.Extract scheduled__2023-11-21T00:00:00+00:00 [running]> on host 75913536581a
[2023-11-23T00:46:17.882+0000] {taskinstance.py:1662} INFO - Exporting env vars: AIRFLOW_CTX_DAG_OWNER='***' AIRFLOW_CTX_DAG_ID='outcomes_dag' AIRFLOW_CTX_TASK_ID='Extract' AIRFLOW_CTX_EXECUTION_DATE='2023-11-21T00:00:00+00:00' AIRFLOW_CTX_TRY_NUMBER='2' AIRFLOW_CTX_DAG_RUN_ID='scheduled__2023-11-21T00:00:00+00:00'
[2023-11-23T00:46:18.928+0000] {logging_mixin.py:154} INFO - Data Deposited into Cloud Storage
[2023-11-23T00:46:18.929+0000] {python.py:194} INFO - Done. Returned value was: None
[2023-11-23T00:46:18.938+0000] {taskinstance.py:1400} INFO - Marking task as SUCCESS. dag_id=outcomes_dag, task_id=Extract, execution_date=20231121T000000, start_date=20231123T004617, end_date=20231123T004618
[2023-11-23T00:46:18.964+0000] {local_task_job_runner.py:228} INFO - Task exited with return code 0
