[2023-11-22T07:53:32.930+0000] {taskinstance.py:1159} INFO - Dependencies all met for dep_context=non-requeueable deps ti=<TaskInstance: outcomes_dag.Extract scheduled__2023-11-02T00:00:00+00:00 [queued]>
[2023-11-22T07:53:32.955+0000] {taskinstance.py:1159} INFO - Dependencies all met for dep_context=requeueable deps ti=<TaskInstance: outcomes_dag.Extract scheduled__2023-11-02T00:00:00+00:00 [queued]>
[2023-11-22T07:53:32.959+0000] {taskinstance.py:1361} INFO - Starting attempt 1 of 1
[2023-11-22T07:53:33.020+0000] {taskinstance.py:1382} INFO - Executing <Task(PythonOperator): Extract> on 2023-11-02 00:00:00+00:00
[2023-11-22T07:53:33.164+0000] {standard_task_runner.py:57} INFO - Started process 268 to run task
[2023-11-22T07:53:33.282+0000] {standard_task_runner.py:84} INFO - Running: ['***', 'tasks', 'run', 'outcomes_dag', 'Extract', 'scheduled__2023-11-02T00:00:00+00:00', '--job-id', '12', '--raw', '--subdir', 'DAGS_FOLDER/outcomes_dag.py', '--cfg-path', '/tmp/tmpcz8eihba']
[2023-11-22T07:53:33.434+0000] {standard_task_runner.py:85} INFO - Job 12: Subtask Extract
[2023-11-22T07:53:35.064+0000] {task_command.py:416} INFO - Running <TaskInstance: outcomes_dag.Extract scheduled__2023-11-02T00:00:00+00:00 [running]> on host 6318e996d951
[2023-11-22T07:53:35.752+0000] {taskinstance.py:1662} INFO - Exporting env vars: AIRFLOW_CTX_DAG_OWNER='***' AIRFLOW_CTX_DAG_ID='outcomes_dag' AIRFLOW_CTX_TASK_ID='Extract' AIRFLOW_CTX_EXECUTION_DATE='2023-11-02T00:00:00+00:00' AIRFLOW_CTX_TRY_NUMBER='1' AIRFLOW_CTX_DAG_RUN_ID='scheduled__2023-11-02T00:00:00+00:00'
[2023-11-22T07:53:39.105+0000] {logging_mixin.py:154} INFO - Data Deposited into Cloud Storage
[2023-11-22T07:53:39.131+0000] {python.py:194} INFO - Done. Returned value was: None
[2023-11-22T07:53:39.370+0000] {taskinstance.py:1400} INFO - Marking task as SUCCESS. dag_id=outcomes_dag, task_id=Extract, execution_date=20231102T000000, start_date=20231122T075332, end_date=20231122T075339
[2023-11-22T07:53:39.580+0000] {local_task_job_runner.py:228} INFO - Task exited with return code 0
[2023-11-22T22:41:14.277+0000] {taskinstance.py:1159} INFO - Dependencies all met for dep_context=non-requeueable deps ti=<TaskInstance: outcomes_dag.Extract scheduled__2023-11-02T00:00:00+00:00 [queued]>
[2023-11-22T22:41:14.313+0000] {taskinstance.py:1159} INFO - Dependencies all met for dep_context=requeueable deps ti=<TaskInstance: outcomes_dag.Extract scheduled__2023-11-02T00:00:00+00:00 [queued]>
[2023-11-22T22:41:14.319+0000] {taskinstance.py:1361} INFO - Starting attempt 1 of 1
[2023-11-22T22:41:14.459+0000] {taskinstance.py:1382} INFO - Executing <Task(PythonOperator): Extract> on 2023-11-02 00:00:00+00:00
[2023-11-22T22:41:14.627+0000] {standard_task_runner.py:57} INFO - Started process 122 to run task
[2023-11-22T22:41:14.803+0000] {standard_task_runner.py:84} INFO - Running: ['***', 'tasks', 'run', 'outcomes_dag', 'Extract', 'scheduled__2023-11-02T00:00:00+00:00', '--job-id', '10', '--raw', '--subdir', 'DAGS_FOLDER/outcomes_dag.py', '--cfg-path', '/tmp/tmp7yt6lqa0']
[2023-11-22T22:41:14.954+0000] {standard_task_runner.py:85} INFO - Job 10: Subtask Extract
[2023-11-22T22:41:16.144+0000] {task_command.py:416} INFO - Running <TaskInstance: outcomes_dag.Extract scheduled__2023-11-02T00:00:00+00:00 [running]> on host 8ac13583809b
[2023-11-22T22:41:16.376+0000] {taskinstance.py:1662} INFO - Exporting env vars: AIRFLOW_CTX_DAG_OWNER='***' AIRFLOW_CTX_DAG_ID='outcomes_dag' AIRFLOW_CTX_TASK_ID='Extract' AIRFLOW_CTX_EXECUTION_DATE='2023-11-02T00:00:00+00:00' AIRFLOW_CTX_TRY_NUMBER='1' AIRFLOW_CTX_DAG_RUN_ID='scheduled__2023-11-02T00:00:00+00:00'
[2023-11-22T22:41:18.581+0000] {logging_mixin.py:154} INFO - Data Deposited into Cloud Storage
[2023-11-22T22:41:18.605+0000] {python.py:194} INFO - Done. Returned value was: None
[2023-11-22T22:41:18.769+0000] {taskinstance.py:1400} INFO - Marking task as SUCCESS. dag_id=outcomes_dag, task_id=Extract, execution_date=20231102T000000, start_date=20231122T224114, end_date=20231122T224118
[2023-11-22T22:41:18.926+0000] {local_task_job_runner.py:228} INFO - Task exited with return code 0
[2023-11-22T22:59:39.350+0000] {taskinstance.py:1159} INFO - Dependencies all met for dep_context=non-requeueable deps ti=<TaskInstance: outcomes_dag.Extract scheduled__2023-11-02T00:00:00+00:00 [queued]>
[2023-11-22T22:59:39.363+0000] {taskinstance.py:1159} INFO - Dependencies all met for dep_context=requeueable deps ti=<TaskInstance: outcomes_dag.Extract scheduled__2023-11-02T00:00:00+00:00 [queued]>
[2023-11-22T22:59:39.363+0000] {taskinstance.py:1361} INFO - Starting attempt 1 of 1
[2023-11-22T22:59:39.377+0000] {taskinstance.py:1382} INFO - Executing <Task(PythonOperator): Extract> on 2023-11-02 00:00:00+00:00
[2023-11-22T22:59:39.387+0000] {standard_task_runner.py:57} INFO - Started process 100 to run task
[2023-11-22T22:59:39.404+0000] {standard_task_runner.py:84} INFO - Running: ['***', 'tasks', 'run', 'outcomes_dag', 'Extract', 'scheduled__2023-11-02T00:00:00+00:00', '--job-id', '13', '--raw', '--subdir', 'DAGS_FOLDER/outcomes_dag.py', '--cfg-path', '/tmp/tmpyyl8t35f']
[2023-11-22T22:59:39.422+0000] {standard_task_runner.py:85} INFO - Job 13: Subtask Extract
[2023-11-22T22:59:39.634+0000] {task_command.py:416} INFO - Running <TaskInstance: outcomes_dag.Extract scheduled__2023-11-02T00:00:00+00:00 [running]> on host 4b2f5af281f8
[2023-11-22T22:59:39.954+0000] {taskinstance.py:1662} INFO - Exporting env vars: AIRFLOW_CTX_DAG_OWNER='***' AIRFLOW_CTX_DAG_ID='outcomes_dag' AIRFLOW_CTX_TASK_ID='Extract' AIRFLOW_CTX_EXECUTION_DATE='2023-11-02T00:00:00+00:00' AIRFLOW_CTX_TRY_NUMBER='1' AIRFLOW_CTX_DAG_RUN_ID='scheduled__2023-11-02T00:00:00+00:00'
[2023-11-22T22:59:44.176+0000] {logging_mixin.py:154} INFO - Data Deposited into Cloud Storage
[2023-11-22T22:59:44.180+0000] {python.py:194} INFO - Done. Returned value was: None
[2023-11-22T22:59:44.228+0000] {taskinstance.py:1400} INFO - Marking task as SUCCESS. dag_id=outcomes_dag, task_id=Extract, execution_date=20231102T000000, start_date=20231122T225939, end_date=20231122T225944
[2023-11-22T22:59:44.328+0000] {local_task_job_runner.py:228} INFO - Task exited with return code 0
[2023-11-22T23:20:05.754+0000] {taskinstance.py:1159} INFO - Dependencies all met for dep_context=non-requeueable deps ti=<TaskInstance: outcomes_dag.Extract scheduled__2023-11-02T00:00:00+00:00 [queued]>
[2023-11-22T23:20:05.778+0000] {taskinstance.py:1159} INFO - Dependencies all met for dep_context=requeueable deps ti=<TaskInstance: outcomes_dag.Extract scheduled__2023-11-02T00:00:00+00:00 [queued]>
[2023-11-22T23:20:05.779+0000] {taskinstance.py:1361} INFO - Starting attempt 1 of 1
[2023-11-22T23:20:05.838+0000] {taskinstance.py:1382} INFO - Executing <Task(PythonOperator): Extract> on 2023-11-02 00:00:00+00:00
[2023-11-22T23:20:05.886+0000] {standard_task_runner.py:84} INFO - Running: ['***', 'tasks', 'run', 'outcomes_dag', 'Extract', 'scheduled__2023-11-02T00:00:00+00:00', '--job-id', '6', '--raw', '--subdir', 'DAGS_FOLDER/outcomes_dag.py', '--cfg-path', '/tmp/tmplqwl0wde']
[2023-11-22T23:20:05.909+0000] {standard_task_runner.py:85} INFO - Job 6: Subtask Extract
[2023-11-22T23:20:05.887+0000] {standard_task_runner.py:57} INFO - Started process 93 to run task
[2023-11-22T23:20:06.105+0000] {task_command.py:416} INFO - Running <TaskInstance: outcomes_dag.Extract scheduled__2023-11-02T00:00:00+00:00 [running]> on host b410bfb4af5e
[2023-11-22T23:20:06.353+0000] {taskinstance.py:1662} INFO - Exporting env vars: AIRFLOW_CTX_DAG_OWNER='***' AIRFLOW_CTX_DAG_ID='outcomes_dag' AIRFLOW_CTX_TASK_ID='Extract' AIRFLOW_CTX_EXECUTION_DATE='2023-11-02T00:00:00+00:00' AIRFLOW_CTX_TRY_NUMBER='1' AIRFLOW_CTX_DAG_RUN_ID='scheduled__2023-11-02T00:00:00+00:00'
[2023-11-22T23:20:08.765+0000] {logging_mixin.py:154} INFO - Data Deposited into Cloud Storage
[2023-11-22T23:20:08.773+0000] {python.py:194} INFO - Done. Returned value was: None
[2023-11-22T23:20:08.903+0000] {taskinstance.py:1400} INFO - Marking task as SUCCESS. dag_id=outcomes_dag, task_id=Extract, execution_date=20231102T000000, start_date=20231122T232005, end_date=20231122T232008
[2023-11-22T23:20:09.069+0000] {local_task_job_runner.py:228} INFO - Task exited with return code 0
[2023-11-22T23:42:51.866+0000] {taskinstance.py:1159} INFO - Dependencies all met for dep_context=non-requeueable deps ti=<TaskInstance: outcomes_dag.Extract scheduled__2023-11-02T00:00:00+00:00 [queued]>
[2023-11-22T23:42:51.874+0000] {taskinstance.py:1159} INFO - Dependencies all met for dep_context=requeueable deps ti=<TaskInstance: outcomes_dag.Extract scheduled__2023-11-02T00:00:00+00:00 [queued]>
[2023-11-22T23:42:51.874+0000] {taskinstance.py:1361} INFO - Starting attempt 1 of 1
[2023-11-22T23:42:51.882+0000] {taskinstance.py:1382} INFO - Executing <Task(PythonOperator): Extract> on 2023-11-02 00:00:00+00:00
[2023-11-22T23:42:51.892+0000] {standard_task_runner.py:57} INFO - Started process 92 to run task
[2023-11-22T23:42:51.903+0000] {standard_task_runner.py:84} INFO - Running: ['***', 'tasks', 'run', 'outcomes_dag', 'Extract', 'scheduled__2023-11-02T00:00:00+00:00', '--job-id', '5', '--raw', '--subdir', 'DAGS_FOLDER/outcomes_dag.py', '--cfg-path', '/tmp/tmpylsgaie_']
[2023-11-22T23:42:51.905+0000] {standard_task_runner.py:85} INFO - Job 5: Subtask Extract
[2023-11-22T23:42:51.990+0000] {task_command.py:416} INFO - Running <TaskInstance: outcomes_dag.Extract scheduled__2023-11-02T00:00:00+00:00 [running]> on host 371cae71aa63
[2023-11-22T23:42:52.100+0000] {taskinstance.py:1662} INFO - Exporting env vars: AIRFLOW_CTX_DAG_OWNER='***' AIRFLOW_CTX_DAG_ID='outcomes_dag' AIRFLOW_CTX_TASK_ID='Extract' AIRFLOW_CTX_EXECUTION_DATE='2023-11-02T00:00:00+00:00' AIRFLOW_CTX_TRY_NUMBER='1' AIRFLOW_CTX_DAG_RUN_ID='scheduled__2023-11-02T00:00:00+00:00'
[2023-11-22T23:42:53.185+0000] {logging_mixin.py:154} INFO - Data Deposited into Cloud Storage
[2023-11-22T23:42:53.194+0000] {python.py:194} INFO - Done. Returned value was: None
[2023-11-22T23:42:53.318+0000] {taskinstance.py:1400} INFO - Marking task as SUCCESS. dag_id=outcomes_dag, task_id=Extract, execution_date=20231102T000000, start_date=20231122T234251, end_date=20231122T234253
[2023-11-22T23:42:53.439+0000] {local_task_job_runner.py:228} INFO - Task exited with return code 0
[2023-11-23T00:39:16.751+0000] {taskinstance.py:1159} INFO - Dependencies all met for dep_context=non-requeueable deps ti=<TaskInstance: outcomes_dag.Extract scheduled__2023-11-02T00:00:00+00:00 [queued]>
[2023-11-23T00:39:16.799+0000] {taskinstance.py:1159} INFO - Dependencies all met for dep_context=requeueable deps ti=<TaskInstance: outcomes_dag.Extract scheduled__2023-11-02T00:00:00+00:00 [queued]>
[2023-11-23T00:39:16.804+0000] {taskinstance.py:1361} INFO - Starting attempt 1 of 1
[2023-11-23T00:39:16.871+0000] {taskinstance.py:1382} INFO - Executing <Task(PythonOperator): Extract> on 2023-11-02 00:00:00+00:00
[2023-11-23T00:39:17.019+0000] {standard_task_runner.py:57} INFO - Started process 98 to run task
[2023-11-23T00:39:17.069+0000] {standard_task_runner.py:84} INFO - Running: ['***', 'tasks', 'run', 'outcomes_dag', 'Extract', 'scheduled__2023-11-02T00:00:00+00:00', '--job-id', '3', '--raw', '--subdir', 'DAGS_FOLDER/outcomes_dag.py', '--cfg-path', '/tmp/tmpnu772n7r']
[2023-11-23T00:39:17.096+0000] {standard_task_runner.py:85} INFO - Job 3: Subtask Extract
[2023-11-23T00:39:17.259+0000] {task_command.py:416} INFO - Running <TaskInstance: outcomes_dag.Extract scheduled__2023-11-02T00:00:00+00:00 [running]> on host 75913536581a
[2023-11-23T00:39:17.532+0000] {taskinstance.py:1662} INFO - Exporting env vars: AIRFLOW_CTX_DAG_OWNER='***' AIRFLOW_CTX_DAG_ID='outcomes_dag' AIRFLOW_CTX_TASK_ID='Extract' AIRFLOW_CTX_EXECUTION_DATE='2023-11-02T00:00:00+00:00' AIRFLOW_CTX_TRY_NUMBER='1' AIRFLOW_CTX_DAG_RUN_ID='scheduled__2023-11-02T00:00:00+00:00'
[2023-11-23T00:39:20.402+0000] {logging_mixin.py:154} INFO - Data Deposited into Cloud Storage
[2023-11-23T00:39:20.418+0000] {python.py:194} INFO - Done. Returned value was: None
[2023-11-23T00:39:20.451+0000] {taskinstance.py:1400} INFO - Marking task as SUCCESS. dag_id=outcomes_dag, task_id=Extract, execution_date=20231102T000000, start_date=20231123T003916, end_date=20231123T003920
[2023-11-23T00:39:20.518+0000] {local_task_job_runner.py:228} INFO - Task exited with return code 0
[2023-11-23T01:49:22.162+0000] {taskinstance.py:1159} INFO - Dependencies all met for dep_context=non-requeueable deps ti=<TaskInstance: outcomes_dag.Extract scheduled__2023-11-02T00:00:00+00:00 [queued]>
[2023-11-23T01:49:22.180+0000] {taskinstance.py:1159} INFO - Dependencies all met for dep_context=requeueable deps ti=<TaskInstance: outcomes_dag.Extract scheduled__2023-11-02T00:00:00+00:00 [queued]>
[2023-11-23T01:49:22.190+0000] {taskinstance.py:1361} INFO - Starting attempt 1 of 1
[2023-11-23T01:49:22.235+0000] {taskinstance.py:1382} INFO - Executing <Task(PythonOperator): Extract> on 2023-11-02 00:00:00+00:00
[2023-11-23T01:49:22.307+0000] {standard_task_runner.py:57} INFO - Started process 92 to run task
[2023-11-23T01:49:22.397+0000] {standard_task_runner.py:84} INFO - Running: ['***', 'tasks', 'run', 'outcomes_dag', 'Extract', 'scheduled__2023-11-02T00:00:00+00:00', '--job-id', '3', '--raw', '--subdir', 'DAGS_FOLDER/outcomes_dag.py', '--cfg-path', '/tmp/tmpgpt60hlj']
[2023-11-23T01:49:22.447+0000] {standard_task_runner.py:85} INFO - Job 3: Subtask Extract
[2023-11-23T01:49:22.859+0000] {task_command.py:416} INFO - Running <TaskInstance: outcomes_dag.Extract scheduled__2023-11-02T00:00:00+00:00 [running]> on host d15d3caa5b00
[2023-11-23T01:49:23.207+0000] {taskinstance.py:1662} INFO - Exporting env vars: AIRFLOW_CTX_DAG_OWNER='***' AIRFLOW_CTX_DAG_ID='outcomes_dag' AIRFLOW_CTX_TASK_ID='Extract' AIRFLOW_CTX_EXECUTION_DATE='2023-11-02T00:00:00+00:00' AIRFLOW_CTX_TRY_NUMBER='1' AIRFLOW_CTX_DAG_RUN_ID='scheduled__2023-11-02T00:00:00+00:00'
[2023-11-23T01:49:25.586+0000] {logging_mixin.py:154} INFO - Data Deposited into Cloud Storage
[2023-11-23T01:49:25.601+0000] {python.py:194} INFO - Done. Returned value was: None
[2023-11-23T01:49:25.653+0000] {taskinstance.py:1400} INFO - Marking task as SUCCESS. dag_id=outcomes_dag, task_id=Extract, execution_date=20231102T000000, start_date=20231123T014922, end_date=20231123T014925
[2023-11-23T01:49:25.825+0000] {local_task_job_runner.py:228} INFO - Task exited with return code 0
[2023-11-23T03:40:29.894+0000] {taskinstance.py:1159} INFO - Dependencies all met for dep_context=non-requeueable deps ti=<TaskInstance: outcomes_dag.Extract scheduled__2023-11-02T00:00:00+00:00 [queued]>
[2023-11-23T03:40:29.926+0000] {taskinstance.py:1159} INFO - Dependencies all met for dep_context=requeueable deps ti=<TaskInstance: outcomes_dag.Extract scheduled__2023-11-02T00:00:00+00:00 [queued]>
[2023-11-23T03:40:29.935+0000] {taskinstance.py:1361} INFO - Starting attempt 1 of 1
[2023-11-23T03:40:29.980+0000] {taskinstance.py:1382} INFO - Executing <Task(PythonOperator): Extract> on 2023-11-02 00:00:00+00:00
[2023-11-23T03:40:30.033+0000] {standard_task_runner.py:57} INFO - Started process 91 to run task
[2023-11-23T03:40:30.099+0000] {standard_task_runner.py:84} INFO - Running: ['***', 'tasks', 'run', 'outcomes_dag', 'Extract', 'scheduled__2023-11-02T00:00:00+00:00', '--job-id', '4', '--raw', '--subdir', 'DAGS_FOLDER/outcomes_dag.py', '--cfg-path', '/tmp/tmpfz_k0egs']
[2023-11-23T03:40:30.143+0000] {standard_task_runner.py:85} INFO - Job 4: Subtask Extract
[2023-11-23T03:40:30.720+0000] {task_command.py:416} INFO - Running <TaskInstance: outcomes_dag.Extract scheduled__2023-11-02T00:00:00+00:00 [running]> on host e647c96745b0
[2023-11-23T03:40:31.406+0000] {taskinstance.py:1662} INFO - Exporting env vars: AIRFLOW_CTX_DAG_OWNER='***' AIRFLOW_CTX_DAG_ID='outcomes_dag' AIRFLOW_CTX_TASK_ID='Extract' AIRFLOW_CTX_EXECUTION_DATE='2023-11-02T00:00:00+00:00' AIRFLOW_CTX_TRY_NUMBER='1' AIRFLOW_CTX_DAG_RUN_ID='scheduled__2023-11-02T00:00:00+00:00'
[2023-11-23T03:40:33.941+0000] {logging_mixin.py:154} INFO - Data Deposited into Cloud Storage
[2023-11-23T03:40:33.958+0000] {python.py:194} INFO - Done. Returned value was: None
[2023-11-23T03:40:34.046+0000] {taskinstance.py:1400} INFO - Marking task as SUCCESS. dag_id=outcomes_dag, task_id=Extract, execution_date=20231102T000000, start_date=20231123T034029, end_date=20231123T034034
[2023-11-23T03:40:34.218+0000] {local_task_job_runner.py:228} INFO - Task exited with return code 0
