[2023-11-22T23:56:56.034+0000] {taskinstance.py:1159} INFO - Dependencies all met for dep_context=non-requeueable deps ti=<TaskInstance: outcomes_dag.Initialize_wharehouse_schema scheduled__2023-11-20T00:00:00+00:00 [queued]>
[2023-11-22T23:56:56.038+0000] {taskinstance.py:1159} INFO - Dependencies all met for dep_context=requeueable deps ti=<TaskInstance: outcomes_dag.Initialize_wharehouse_schema scheduled__2023-11-20T00:00:00+00:00 [queued]>
[2023-11-22T23:56:56.038+0000] {taskinstance.py:1361} INFO - Starting attempt 2 of 2
[2023-11-22T23:56:56.043+0000] {taskinstance.py:1382} INFO - Executing <Task(PythonOperator): Initialize_wharehouse_schema> on 2023-11-20 00:00:00+00:00
[2023-11-22T23:56:56.048+0000] {standard_task_runner.py:57} INFO - Started process 699 to run task
[2023-11-22T23:56:56.051+0000] {standard_task_runner.py:84} INFO - Running: ['***', 'tasks', 'run', 'outcomes_dag', 'Initialize_wharehouse_schema', 'scheduled__2023-11-20T00:00:00+00:00', '--job-id', '146', '--raw', '--subdir', 'DAGS_FOLDER/outcomes_dag.py', '--cfg-path', '/tmp/tmpykqq7l9d']
[2023-11-22T23:56:56.054+0000] {standard_task_runner.py:85} INFO - Job 146: Subtask Initialize_wharehouse_schema
[2023-11-22T23:56:56.089+0000] {task_command.py:416} INFO - Running <TaskInstance: outcomes_dag.Initialize_wharehouse_schema scheduled__2023-11-20T00:00:00+00:00 [running]> on host 371cae71aa63
[2023-11-22T23:56:56.137+0000] {taskinstance.py:1662} INFO - Exporting env vars: AIRFLOW_CTX_DAG_OWNER='***' AIRFLOW_CTX_DAG_ID='outcomes_dag' AIRFLOW_CTX_TASK_ID='Initialize_wharehouse_schema' AIRFLOW_CTX_EXECUTION_DATE='2023-11-20T00:00:00+00:00' AIRFLOW_CTX_TRY_NUMBER='2' AIRFLOW_CTX_DAG_RUN_ID='scheduled__2023-11-20T00:00:00+00:00'
[2023-11-22T23:56:57.710+0000] {python.py:194} INFO - Done. Returned value was: None
[2023-11-22T23:56:57.719+0000] {taskinstance.py:1400} INFO - Marking task as SUCCESS. dag_id=outcomes_dag, task_id=Initialize_wharehouse_schema, execution_date=20231120T000000, start_date=20231122T235656, end_date=20231122T235657
[2023-11-22T23:56:57.757+0000] {local_task_job_runner.py:228} INFO - Task exited with return code 0
[2023-11-23T01:09:41.744+0000] {taskinstance.py:1159} INFO - Dependencies all met for dep_context=non-requeueable deps ti=<TaskInstance: outcomes_dag.Initialize_wharehouse_schema scheduled__2023-11-20T00:00:00+00:00 [queued]>
[2023-11-23T01:09:41.751+0000] {taskinstance.py:1159} INFO - Dependencies all met for dep_context=requeueable deps ti=<TaskInstance: outcomes_dag.Initialize_wharehouse_schema scheduled__2023-11-20T00:00:00+00:00 [queued]>
[2023-11-23T01:09:41.751+0000] {taskinstance.py:1361} INFO - Starting attempt 2 of 2
[2023-11-23T01:09:41.757+0000] {taskinstance.py:1382} INFO - Executing <Task(PythonOperator): Initialize_wharehouse_schema> on 2023-11-20 00:00:00+00:00
[2023-11-23T01:09:41.763+0000] {standard_task_runner.py:57} INFO - Started process 1055 to run task
[2023-11-23T01:09:41.766+0000] {standard_task_runner.py:84} INFO - Running: ['***', 'tasks', 'run', 'outcomes_dag', 'Initialize_wharehouse_schema', 'scheduled__2023-11-20T00:00:00+00:00', '--job-id', '177', '--raw', '--subdir', 'DAGS_FOLDER/outcomes_dag.py', '--cfg-path', '/tmp/tmp4jznfmi3']
[2023-11-23T01:09:41.769+0000] {standard_task_runner.py:85} INFO - Job 177: Subtask Initialize_wharehouse_schema
[2023-11-23T01:09:41.799+0000] {task_command.py:416} INFO - Running <TaskInstance: outcomes_dag.Initialize_wharehouse_schema scheduled__2023-11-20T00:00:00+00:00 [running]> on host 75913536581a
[2023-11-23T01:09:41.837+0000] {taskinstance.py:1662} INFO - Exporting env vars: AIRFLOW_CTX_DAG_OWNER='***' AIRFLOW_CTX_DAG_ID='outcomes_dag' AIRFLOW_CTX_TASK_ID='Initialize_wharehouse_schema' AIRFLOW_CTX_EXECUTION_DATE='2023-11-20T00:00:00+00:00' AIRFLOW_CTX_TRY_NUMBER='2' AIRFLOW_CTX_DAG_RUN_ID='scheduled__2023-11-20T00:00:00+00:00'
[2023-11-23T01:09:42.353+0000] {load.py:19} INFO - SQL statement executed successfully: -- CREATE STAGING TABLE (CATCHES ALL TRANSFORMED DATA)
CREATE OR REPLACE TABLE shelter_warehouse_schema.outcomes_staging (
    `Animal ID` STRING,
    `Outcome` STRING,
    `Date ID` INT64,
    `Day` INT64,
    `Month` INT64,
    `Year` INT64,
    `Reproductive Status` STRING,
    `Name` STRING,
    `Animal Type` STRING,
    `Breed` STRING,
    `Color` STRING,
    `Sex` STRING,
    `DOB` DATE
)
[2023-11-23T01:09:42.608+0000] {load.py:19} INFO - SQL statement executed successfully: 

-- CREATE DIMENSION TABLES
-- Animal Dimension
CREATE OR REPLACE TABLE shelter_warehouse_schema.animal_dim (
    `Animal ID` STRING,
    `Name` STRING,
    `Animal Type` STRING,
    `Breed` STRING,
    `Color` STRING,
    `Sex` STRING,
    `DOB` DATE
)
[2023-11-23T01:09:42.909+0000] {load.py:19} INFO - SQL statement executed successfully: 

-- Outcomes Dimension
CREATE OR REPLACE TABLE shelter_warehouse_schema.outcome_type_dim (
    `Outcome ID` INT64,
    `Outcome Type` STRING
)
[2023-11-23T01:09:43.234+0000] {load.py:19} INFO - SQL statement executed successfully: 

-- Reproductive Status Dimension
CREATE OR REPLACE TABLE shelter_warehouse_schema.reproductive_status_dim (
    `Status ID` INT64,
    `Reproductive Status` STRING
)
[2023-11-23T01:09:43.562+0000] {load.py:19} INFO - SQL statement executed successfully: 

-- Date Dimension
CREATE OR REPLACE TABLE shelter_warehouse_schema.date_dim (
    `Date ID` INT64,
    `Day` INT64,
    `Month` INT64,
    `Year` INT64
)
[2023-11-23T01:09:43.905+0000] {load.py:19} INFO - SQL statement executed successfully: 

-- CREATE FACT TABLE
CREATE OR REPLACE TABLE shelter_warehouse_schema.outcomes_fct (
    `Event ID` INT64,
    `Date` INT64,
    `Animal` STRING,
    `Outcome` INT64,
    `Repo Status` INT64
)
[2023-11-23T01:09:43.906+0000] {load.py:20} INFO - SQL script executed successfully
[2023-11-23T01:09:43.907+0000] {python.py:194} INFO - Done. Returned value was: None
[2023-11-23T01:09:43.931+0000] {taskinstance.py:1400} INFO - Marking task as SUCCESS. dag_id=outcomes_dag, task_id=Initialize_wharehouse_schema, execution_date=20231120T000000, start_date=20231123T010941, end_date=20231123T010943
[2023-11-23T01:09:43.947+0000] {local_task_job_runner.py:228} INFO - Task exited with return code 0
