[2023-11-22T23:07:46.665+0000] {taskinstance.py:1159} INFO - Dependencies all met for dep_context=non-requeueable deps ti=<TaskInstance: outcomes_dag.Load_to_staging scheduled__2023-11-16T00:00:00+00:00 [queued]>
[2023-11-22T23:07:46.669+0000] {taskinstance.py:1159} INFO - Dependencies all met for dep_context=requeueable deps ti=<TaskInstance: outcomes_dag.Load_to_staging scheduled__2023-11-16T00:00:00+00:00 [queued]>
[2023-11-22T23:07:46.669+0000] {taskinstance.py:1361} INFO - Starting attempt 6 of 8
[2023-11-22T23:07:46.674+0000] {taskinstance.py:1382} INFO - Executing <Task(PythonOperator): Load_to_staging> on 2023-11-16 00:00:00+00:00
[2023-11-22T23:07:46.680+0000] {standard_task_runner.py:57} INFO - Started process 629 to run task
[2023-11-22T23:07:46.683+0000] {standard_task_runner.py:84} INFO - Running: ['***', 'tasks', 'run', 'outcomes_dag', 'Load_to_staging', 'scheduled__2023-11-16T00:00:00+00:00', '--job-id', '152', '--raw', '--subdir', 'DAGS_FOLDER/outcomes_dag.py', '--cfg-path', '/tmp/tmp7urosook']
[2023-11-22T23:07:46.686+0000] {standard_task_runner.py:85} INFO - Job 152: Subtask Load_to_staging
[2023-11-22T23:07:46.721+0000] {task_command.py:416} INFO - Running <TaskInstance: outcomes_dag.Load_to_staging scheduled__2023-11-16T00:00:00+00:00 [running]> on host 4b2f5af281f8
[2023-11-22T23:07:46.771+0000] {taskinstance.py:1662} INFO - Exporting env vars: AIRFLOW_CTX_DAG_OWNER='***' AIRFLOW_CTX_DAG_ID='outcomes_dag' AIRFLOW_CTX_TASK_ID='Load_to_staging' AIRFLOW_CTX_EXECUTION_DATE='2023-11-16T00:00:00+00:00' AIRFLOW_CTX_TRY_NUMBER='6' AIRFLOW_CTX_DAG_RUN_ID='scheduled__2023-11-16T00:00:00+00:00'
[2023-11-22T23:07:47.216+0000] {taskinstance.py:1937} ERROR - Task failed with exception
Traceback (most recent call last):
  File "/home/airflow/.local/lib/python3.8/site-packages/airflow/operators/python.py", line 192, in execute
    return_value = self.execute_callable()
  File "/home/airflow/.local/lib/python3.8/site-packages/airflow/operators/python.py", line 209, in execute_callable
    return self.python_callable(*self.op_args, **self.op_kwargs)
  File "/opt/airflow/dags/ETL/load.py", line 33, in data_to_staging
    load_job.result()  # Wait for the job to complete
  File "/home/airflow/.local/lib/python3.8/site-packages/google/cloud/bigquery/job/base.py", line 922, in result
    return super(_AsyncJob, self).result(timeout=timeout, **kwargs)
  File "/home/airflow/.local/lib/python3.8/site-packages/google/api_core/future/polling.py", line 261, in result
    raise self._exception
google.api_core.exceptions.BadRequest: 400 No schema specified on job or table.
[2023-11-22T23:07:47.234+0000] {taskinstance.py:1400} INFO - Marking task as UP_FOR_RETRY. dag_id=outcomes_dag, task_id=Load_to_staging, execution_date=20231116T000000, start_date=20231122T230746, end_date=20231122T230747
[2023-11-22T23:07:47.256+0000] {standard_task_runner.py:104} ERROR - Failed to execute job 152 for task Load_to_staging (400 No schema specified on job or table.; 629)
[2023-11-22T23:07:47.291+0000] {local_task_job_runner.py:228} INFO - Task exited with return code 1
