[2023-11-22T23:09:51.693+0000] {taskinstance.py:1159} INFO - Dependencies all met for dep_context=non-requeueable deps ti=<TaskInstance: outcomes_dag.Load_to_staging scheduled__2023-11-16T00:00:00+00:00 [queued]>
[2023-11-22T23:09:51.699+0000] {taskinstance.py:1159} INFO - Dependencies all met for dep_context=requeueable deps ti=<TaskInstance: outcomes_dag.Load_to_staging scheduled__2023-11-16T00:00:00+00:00 [queued]>
[2023-11-22T23:09:51.699+0000] {taskinstance.py:1361} INFO - Starting attempt 8 of 8
[2023-11-22T23:09:51.705+0000] {taskinstance.py:1382} INFO - Executing <Task(PythonOperator): Load_to_staging> on 2023-11-16 00:00:00+00:00
[2023-11-22T23:09:51.709+0000] {standard_task_runner.py:57} INFO - Started process 679 to run task
[2023-11-22T23:09:51.712+0000] {standard_task_runner.py:84} INFO - Running: ['***', 'tasks', 'run', 'outcomes_dag', 'Load_to_staging', 'scheduled__2023-11-16T00:00:00+00:00', '--job-id', '158', '--raw', '--subdir', 'DAGS_FOLDER/outcomes_dag.py', '--cfg-path', '/tmp/tmpekcrwa0j']
[2023-11-22T23:09:51.714+0000] {standard_task_runner.py:85} INFO - Job 158: Subtask Load_to_staging
[2023-11-22T23:09:51.749+0000] {task_command.py:416} INFO - Running <TaskInstance: outcomes_dag.Load_to_staging scheduled__2023-11-16T00:00:00+00:00 [running]> on host 4b2f5af281f8
[2023-11-22T23:09:51.793+0000] {taskinstance.py:1662} INFO - Exporting env vars: AIRFLOW_CTX_DAG_OWNER='***' AIRFLOW_CTX_DAG_ID='outcomes_dag' AIRFLOW_CTX_TASK_ID='Load_to_staging' AIRFLOW_CTX_EXECUTION_DATE='2023-11-16T00:00:00+00:00' AIRFLOW_CTX_TRY_NUMBER='8' AIRFLOW_CTX_DAG_RUN_ID='scheduled__2023-11-16T00:00:00+00:00'
[2023-11-22T23:09:52.521+0000] {taskinstance.py:1937} ERROR - Task failed with exception
Traceback (most recent call last):
  File "/home/airflow/.local/lib/python3.8/site-packages/airflow/operators/python.py", line 192, in execute
    return_value = self.execute_callable()
  File "/home/airflow/.local/lib/python3.8/site-packages/airflow/operators/python.py", line 209, in execute_callable
    return self.python_callable(*self.op_args, **self.op_kwargs)
  File "/opt/airflow/dags/ETL/load.py", line 33, in data_to_staging
    load_job.result()  # Wait for the job to complete
  File "/home/airflow/.local/lib/python3.8/site-packages/google/cloud/bigquery/job/base.py", line 922, in result
    return super(_AsyncJob, self).result(timeout=timeout, **kwargs)
  File "/home/airflow/.local/lib/python3.8/site-packages/google/api_core/future/polling.py", line 261, in result
    raise self._exception
google.api_core.exceptions.BadRequest: 400 No schema specified on job or table.
[2023-11-22T23:09:52.538+0000] {taskinstance.py:1400} INFO - Marking task as FAILED. dag_id=outcomes_dag, task_id=Load_to_staging, execution_date=20231116T000000, start_date=20231122T230951, end_date=20231122T230952
[2023-11-22T23:09:52.551+0000] {standard_task_runner.py:104} ERROR - Failed to execute job 158 for task Load_to_staging (400 No schema specified on job or table.; 679)
[2023-11-22T23:09:52.561+0000] {local_task_job_runner.py:228} INFO - Task exited with return code 1
