[2023-11-22T07:53:38.568+0000] {taskinstance.py:1159} INFO - Dependencies all met for dep_context=non-requeueable deps ti=<TaskInstance: outcomes_dag.Extract scheduled__2023-11-12T00:00:00+00:00 [queued]>
[2023-11-22T07:53:38.596+0000] {taskinstance.py:1159} INFO - Dependencies all met for dep_context=requeueable deps ti=<TaskInstance: outcomes_dag.Extract scheduled__2023-11-12T00:00:00+00:00 [queued]>
[2023-11-22T07:53:38.596+0000] {taskinstance.py:1361} INFO - Starting attempt 1 of 1
[2023-11-22T07:53:38.627+0000] {taskinstance.py:1382} INFO - Executing <Task(PythonOperator): Extract> on 2023-11-12 00:00:00+00:00
[2023-11-22T07:53:38.666+0000] {standard_task_runner.py:57} INFO - Started process 272 to run task
[2023-11-22T07:53:38.684+0000] {standard_task_runner.py:84} INFO - Running: ['***', 'tasks', 'run', 'outcomes_dag', 'Extract', 'scheduled__2023-11-12T00:00:00+00:00', '--job-id', '3', '--raw', '--subdir', 'DAGS_FOLDER/outcomes_dag.py', '--cfg-path', '/tmp/tmp2mg218tq']
[2023-11-22T07:53:38.721+0000] {standard_task_runner.py:85} INFO - Job 3: Subtask Extract
[2023-11-22T07:53:39.026+0000] {task_command.py:416} INFO - Running <TaskInstance: outcomes_dag.Extract scheduled__2023-11-12T00:00:00+00:00 [running]> on host 6318e996d951
[2023-11-22T07:53:39.240+0000] {taskinstance.py:1662} INFO - Exporting env vars: AIRFLOW_CTX_DAG_OWNER='***' AIRFLOW_CTX_DAG_ID='outcomes_dag' AIRFLOW_CTX_TASK_ID='Extract' AIRFLOW_CTX_EXECUTION_DATE='2023-11-12T00:00:00+00:00' AIRFLOW_CTX_TRY_NUMBER='1' AIRFLOW_CTX_DAG_RUN_ID='scheduled__2023-11-12T00:00:00+00:00'
[2023-11-22T07:53:40.797+0000] {logging_mixin.py:154} INFO - Data Deposited into Cloud Storage
[2023-11-22T07:53:40.812+0000] {python.py:194} INFO - Done. Returned value was: None
[2023-11-22T07:53:40.859+0000] {taskinstance.py:1400} INFO - Marking task as SUCCESS. dag_id=outcomes_dag, task_id=Extract, execution_date=20231112T000000, start_date=20231122T075338, end_date=20231122T075340
[2023-11-22T07:53:41.039+0000] {local_task_job_runner.py:228} INFO - Task exited with return code 0
[2023-11-22T22:41:15.919+0000] {taskinstance.py:1159} INFO - Dependencies all met for dep_context=non-requeueable deps ti=<TaskInstance: outcomes_dag.Extract scheduled__2023-11-12T00:00:00+00:00 [queued]>
[2023-11-22T22:41:15.988+0000] {taskinstance.py:1159} INFO - Dependencies all met for dep_context=requeueable deps ti=<TaskInstance: outcomes_dag.Extract scheduled__2023-11-12T00:00:00+00:00 [queued]>
[2023-11-22T22:41:15.997+0000] {taskinstance.py:1361} INFO - Starting attempt 1 of 1
[2023-11-22T22:41:16.107+0000] {taskinstance.py:1382} INFO - Executing <Task(PythonOperator): Extract> on 2023-11-12 00:00:00+00:00
[2023-11-22T22:41:16.166+0000] {standard_task_runner.py:57} INFO - Started process 124 to run task
[2023-11-22T22:41:16.202+0000] {standard_task_runner.py:84} INFO - Running: ['***', 'tasks', 'run', 'outcomes_dag', 'Extract', 'scheduled__2023-11-12T00:00:00+00:00', '--job-id', '13', '--raw', '--subdir', 'DAGS_FOLDER/outcomes_dag.py', '--cfg-path', '/tmp/tmpe0w4avaa']
[2023-11-22T22:41:16.227+0000] {standard_task_runner.py:85} INFO - Job 13: Subtask Extract
[2023-11-22T22:41:16.761+0000] {task_command.py:416} INFO - Running <TaskInstance: outcomes_dag.Extract scheduled__2023-11-12T00:00:00+00:00 [running]> on host 8ac13583809b
[2023-11-22T22:41:16.950+0000] {taskinstance.py:1662} INFO - Exporting env vars: AIRFLOW_CTX_DAG_OWNER='***' AIRFLOW_CTX_DAG_ID='outcomes_dag' AIRFLOW_CTX_TASK_ID='Extract' AIRFLOW_CTX_EXECUTION_DATE='2023-11-12T00:00:00+00:00' AIRFLOW_CTX_TRY_NUMBER='1' AIRFLOW_CTX_DAG_RUN_ID='scheduled__2023-11-12T00:00:00+00:00'
[2023-11-22T22:41:18.574+0000] {logging_mixin.py:154} INFO - Data Deposited into Cloud Storage
[2023-11-22T22:41:18.624+0000] {python.py:194} INFO - Done. Returned value was: None
[2023-11-22T22:41:18.805+0000] {taskinstance.py:1400} INFO - Marking task as SUCCESS. dag_id=outcomes_dag, task_id=Extract, execution_date=20231112T000000, start_date=20231122T224115, end_date=20231122T224118
[2023-11-22T22:41:18.881+0000] {local_task_job_runner.py:228} INFO - Task exited with return code 0
[2023-11-22T22:59:40.101+0000] {taskinstance.py:1159} INFO - Dependencies all met for dep_context=non-requeueable deps ti=<TaskInstance: outcomes_dag.Extract scheduled__2023-11-12T00:00:00+00:00 [queued]>
[2023-11-22T22:59:40.111+0000] {taskinstance.py:1159} INFO - Dependencies all met for dep_context=requeueable deps ti=<TaskInstance: outcomes_dag.Extract scheduled__2023-11-12T00:00:00+00:00 [queued]>
[2023-11-22T22:59:40.112+0000] {taskinstance.py:1361} INFO - Starting attempt 1 of 1
[2023-11-22T22:59:40.133+0000] {taskinstance.py:1382} INFO - Executing <Task(PythonOperator): Extract> on 2023-11-12 00:00:00+00:00
[2023-11-22T22:59:40.190+0000] {standard_task_runner.py:57} INFO - Started process 104 to run task
[2023-11-22T22:59:40.215+0000] {standard_task_runner.py:84} INFO - Running: ['***', 'tasks', 'run', 'outcomes_dag', 'Extract', 'scheduled__2023-11-12T00:00:00+00:00', '--job-id', '17', '--raw', '--subdir', 'DAGS_FOLDER/outcomes_dag.py', '--cfg-path', '/tmp/tmp4jcwwdtu']
[2023-11-22T22:59:40.236+0000] {standard_task_runner.py:85} INFO - Job 17: Subtask Extract
[2023-11-22T22:59:40.429+0000] {task_command.py:416} INFO - Running <TaskInstance: outcomes_dag.Extract scheduled__2023-11-12T00:00:00+00:00 [running]> on host 4b2f5af281f8
[2023-11-22T22:59:40.541+0000] {taskinstance.py:1662} INFO - Exporting env vars: AIRFLOW_CTX_DAG_OWNER='***' AIRFLOW_CTX_DAG_ID='outcomes_dag' AIRFLOW_CTX_TASK_ID='Extract' AIRFLOW_CTX_EXECUTION_DATE='2023-11-12T00:00:00+00:00' AIRFLOW_CTX_TRY_NUMBER='1' AIRFLOW_CTX_DAG_RUN_ID='scheduled__2023-11-12T00:00:00+00:00'
[2023-11-22T22:59:44.166+0000] {logging_mixin.py:154} INFO - Data Deposited into Cloud Storage
[2023-11-22T22:59:44.170+0000] {python.py:194} INFO - Done. Returned value was: None
[2023-11-22T22:59:44.260+0000] {taskinstance.py:1400} INFO - Marking task as SUCCESS. dag_id=outcomes_dag, task_id=Extract, execution_date=20231112T000000, start_date=20231122T225940, end_date=20231122T225944
[2023-11-22T22:59:44.402+0000] {local_task_job_runner.py:228} INFO - Task exited with return code 0
[2023-11-22T23:20:06.800+0000] {taskinstance.py:1159} INFO - Dependencies all met for dep_context=non-requeueable deps ti=<TaskInstance: outcomes_dag.Extract scheduled__2023-11-12T00:00:00+00:00 [queued]>
[2023-11-22T23:20:06.810+0000] {taskinstance.py:1159} INFO - Dependencies all met for dep_context=requeueable deps ti=<TaskInstance: outcomes_dag.Extract scheduled__2023-11-12T00:00:00+00:00 [queued]>
[2023-11-22T23:20:06.810+0000] {taskinstance.py:1361} INFO - Starting attempt 1 of 1
[2023-11-22T23:20:06.822+0000] {taskinstance.py:1382} INFO - Executing <Task(PythonOperator): Extract> on 2023-11-12 00:00:00+00:00
[2023-11-22T23:20:06.834+0000] {standard_task_runner.py:57} INFO - Started process 101 to run task
[2023-11-22T23:20:06.844+0000] {standard_task_runner.py:84} INFO - Running: ['***', 'tasks', 'run', 'outcomes_dag', 'Extract', 'scheduled__2023-11-12T00:00:00+00:00', '--job-id', '14', '--raw', '--subdir', 'DAGS_FOLDER/outcomes_dag.py', '--cfg-path', '/tmp/tmpg910mcx4']
[2023-11-22T23:20:06.855+0000] {standard_task_runner.py:85} INFO - Job 14: Subtask Extract
[2023-11-22T23:20:07.025+0000] {task_command.py:416} INFO - Running <TaskInstance: outcomes_dag.Extract scheduled__2023-11-12T00:00:00+00:00 [running]> on host b410bfb4af5e
[2023-11-22T23:20:07.299+0000] {taskinstance.py:1662} INFO - Exporting env vars: AIRFLOW_CTX_DAG_OWNER='***' AIRFLOW_CTX_DAG_ID='outcomes_dag' AIRFLOW_CTX_TASK_ID='Extract' AIRFLOW_CTX_EXECUTION_DATE='2023-11-12T00:00:00+00:00' AIRFLOW_CTX_TRY_NUMBER='1' AIRFLOW_CTX_DAG_RUN_ID='scheduled__2023-11-12T00:00:00+00:00'
[2023-11-22T23:20:08.610+0000] {logging_mixin.py:154} INFO - Data Deposited into Cloud Storage
[2023-11-22T23:20:08.635+0000] {python.py:194} INFO - Done. Returned value was: None
[2023-11-22T23:20:08.729+0000] {taskinstance.py:1400} INFO - Marking task as SUCCESS. dag_id=outcomes_dag, task_id=Extract, execution_date=20231112T000000, start_date=20231122T232006, end_date=20231122T232008
[2023-11-22T23:20:08.926+0000] {local_task_job_runner.py:228} INFO - Task exited with return code 0
[2023-11-22T23:42:53.788+0000] {taskinstance.py:1159} INFO - Dependencies all met for dep_context=non-requeueable deps ti=<TaskInstance: outcomes_dag.Extract scheduled__2023-11-12T00:00:00+00:00 [queued]>
[2023-11-22T23:42:53.804+0000] {taskinstance.py:1159} INFO - Dependencies all met for dep_context=requeueable deps ti=<TaskInstance: outcomes_dag.Extract scheduled__2023-11-12T00:00:00+00:00 [queued]>
[2023-11-22T23:42:53.808+0000] {taskinstance.py:1361} INFO - Starting attempt 1 of 1
[2023-11-22T23:42:53.951+0000] {taskinstance.py:1382} INFO - Executing <Task(PythonOperator): Extract> on 2023-11-12 00:00:00+00:00
[2023-11-22T23:42:54.012+0000] {standard_task_runner.py:57} INFO - Started process 98 to run task
[2023-11-22T23:42:54.071+0000] {standard_task_runner.py:84} INFO - Running: ['***', 'tasks', 'run', 'outcomes_dag', 'Extract', 'scheduled__2023-11-12T00:00:00+00:00', '--job-id', '11', '--raw', '--subdir', 'DAGS_FOLDER/outcomes_dag.py', '--cfg-path', '/tmp/tmpxvf7jbyv']
[2023-11-22T23:42:54.105+0000] {standard_task_runner.py:85} INFO - Job 11: Subtask Extract
[2023-11-22T23:42:54.334+0000] {task_command.py:416} INFO - Running <TaskInstance: outcomes_dag.Extract scheduled__2023-11-12T00:00:00+00:00 [running]> on host 371cae71aa63
[2023-11-22T23:42:54.813+0000] {taskinstance.py:1662} INFO - Exporting env vars: AIRFLOW_CTX_DAG_OWNER='***' AIRFLOW_CTX_DAG_ID='outcomes_dag' AIRFLOW_CTX_TASK_ID='Extract' AIRFLOW_CTX_EXECUTION_DATE='2023-11-12T00:00:00+00:00' AIRFLOW_CTX_TRY_NUMBER='1' AIRFLOW_CTX_DAG_RUN_ID='scheduled__2023-11-12T00:00:00+00:00'
[2023-11-22T23:42:56.024+0000] {logging_mixin.py:154} INFO - Data Deposited into Cloud Storage
[2023-11-22T23:42:56.056+0000] {python.py:194} INFO - Done. Returned value was: None
[2023-11-22T23:42:56.139+0000] {taskinstance.py:1400} INFO - Marking task as SUCCESS. dag_id=outcomes_dag, task_id=Extract, execution_date=20231112T000000, start_date=20231122T234253, end_date=20231122T234256
[2023-11-22T23:42:56.235+0000] {local_task_job_runner.py:228} INFO - Task exited with return code 0
[2023-11-23T00:39:18.913+0000] {taskinstance.py:1159} INFO - Dependencies all met for dep_context=non-requeueable deps ti=<TaskInstance: outcomes_dag.Extract scheduled__2023-11-12T00:00:00+00:00 [queued]>
[2023-11-23T00:39:18.978+0000] {taskinstance.py:1159} INFO - Dependencies all met for dep_context=requeueable deps ti=<TaskInstance: outcomes_dag.Extract scheduled__2023-11-12T00:00:00+00:00 [queued]>
[2023-11-23T00:39:18.979+0000] {taskinstance.py:1361} INFO - Starting attempt 1 of 1
[2023-11-23T00:39:19.070+0000] {taskinstance.py:1382} INFO - Executing <Task(PythonOperator): Extract> on 2023-11-12 00:00:00+00:00
[2023-11-23T00:39:19.163+0000] {standard_task_runner.py:84} INFO - Running: ['***', 'tasks', 'run', 'outcomes_dag', 'Extract', 'scheduled__2023-11-12T00:00:00+00:00', '--job-id', '15', '--raw', '--subdir', 'DAGS_FOLDER/outcomes_dag.py', '--cfg-path', '/tmp/tmpqw44p8_e']
[2023-11-23T00:39:19.176+0000] {standard_task_runner.py:85} INFO - Job 15: Subtask Extract
[2023-11-23T00:39:19.148+0000] {standard_task_runner.py:57} INFO - Started process 110 to run task
[2023-11-23T00:39:19.355+0000] {task_command.py:416} INFO - Running <TaskInstance: outcomes_dag.Extract scheduled__2023-11-12T00:00:00+00:00 [running]> on host 75913536581a
[2023-11-23T00:39:19.582+0000] {taskinstance.py:1662} INFO - Exporting env vars: AIRFLOW_CTX_DAG_OWNER='***' AIRFLOW_CTX_DAG_ID='outcomes_dag' AIRFLOW_CTX_TASK_ID='Extract' AIRFLOW_CTX_EXECUTION_DATE='2023-11-12T00:00:00+00:00' AIRFLOW_CTX_TRY_NUMBER='1' AIRFLOW_CTX_DAG_RUN_ID='scheduled__2023-11-12T00:00:00+00:00'
[2023-11-23T00:39:21.155+0000] {logging_mixin.py:154} INFO - Data Deposited into Cloud Storage
[2023-11-23T00:39:21.164+0000] {python.py:194} INFO - Done. Returned value was: None
[2023-11-23T00:39:21.275+0000] {taskinstance.py:1400} INFO - Marking task as SUCCESS. dag_id=outcomes_dag, task_id=Extract, execution_date=20231112T000000, start_date=20231123T003918, end_date=20231123T003921
[2023-11-23T00:39:21.413+0000] {local_task_job_runner.py:228} INFO - Task exited with return code 0
[2023-11-23T01:49:24.678+0000] {taskinstance.py:1159} INFO - Dependencies all met for dep_context=non-requeueable deps ti=<TaskInstance: outcomes_dag.Extract scheduled__2023-11-12T00:00:00+00:00 [queued]>
[2023-11-23T01:49:24.732+0000] {taskinstance.py:1159} INFO - Dependencies all met for dep_context=requeueable deps ti=<TaskInstance: outcomes_dag.Extract scheduled__2023-11-12T00:00:00+00:00 [queued]>
[2023-11-23T01:49:24.732+0000] {taskinstance.py:1361} INFO - Starting attempt 1 of 1
[2023-11-23T01:49:24.783+0000] {taskinstance.py:1382} INFO - Executing <Task(PythonOperator): Extract> on 2023-11-12 00:00:00+00:00
[2023-11-23T01:49:24.792+0000] {standard_task_runner.py:57} INFO - Started process 103 to run task
[2023-11-23T01:49:24.814+0000] {standard_task_runner.py:84} INFO - Running: ['***', 'tasks', 'run', 'outcomes_dag', 'Extract', 'scheduled__2023-11-12T00:00:00+00:00', '--job-id', '15', '--raw', '--subdir', 'DAGS_FOLDER/outcomes_dag.py', '--cfg-path', '/tmp/tmp85xzk2l2']
[2023-11-23T01:49:24.833+0000] {standard_task_runner.py:85} INFO - Job 15: Subtask Extract
[2023-11-23T01:49:25.124+0000] {task_command.py:416} INFO - Running <TaskInstance: outcomes_dag.Extract scheduled__2023-11-12T00:00:00+00:00 [running]> on host d15d3caa5b00
[2023-11-23T01:49:25.414+0000] {taskinstance.py:1662} INFO - Exporting env vars: AIRFLOW_CTX_DAG_OWNER='***' AIRFLOW_CTX_DAG_ID='outcomes_dag' AIRFLOW_CTX_TASK_ID='Extract' AIRFLOW_CTX_EXECUTION_DATE='2023-11-12T00:00:00+00:00' AIRFLOW_CTX_TRY_NUMBER='1' AIRFLOW_CTX_DAG_RUN_ID='scheduled__2023-11-12T00:00:00+00:00'
[2023-11-23T01:49:26.977+0000] {logging_mixin.py:154} INFO - Data Deposited into Cloud Storage
[2023-11-23T01:49:27.019+0000] {python.py:194} INFO - Done. Returned value was: None
[2023-11-23T01:49:27.298+0000] {taskinstance.py:1400} INFO - Marking task as SUCCESS. dag_id=outcomes_dag, task_id=Extract, execution_date=20231112T000000, start_date=20231123T014924, end_date=20231123T014927
[2023-11-23T01:49:27.550+0000] {local_task_job_runner.py:228} INFO - Task exited with return code 0
[2023-11-23T03:40:33.932+0000] {taskinstance.py:1159} INFO - Dependencies all met for dep_context=non-requeueable deps ti=<TaskInstance: outcomes_dag.Extract scheduled__2023-11-12T00:00:00+00:00 [queued]>
[2023-11-23T03:40:33.975+0000] {taskinstance.py:1159} INFO - Dependencies all met for dep_context=requeueable deps ti=<TaskInstance: outcomes_dag.Extract scheduled__2023-11-12T00:00:00+00:00 [queued]>
[2023-11-23T03:40:33.976+0000] {taskinstance.py:1361} INFO - Starting attempt 1 of 1
[2023-11-23T03:40:34.158+0000] {taskinstance.py:1382} INFO - Executing <Task(PythonOperator): Extract> on 2023-11-12 00:00:00+00:00
[2023-11-23T03:40:34.174+0000] {standard_task_runner.py:57} INFO - Started process 105 to run task
[2023-11-23T03:40:34.198+0000] {standard_task_runner.py:84} INFO - Running: ['***', 'tasks', 'run', 'outcomes_dag', 'Extract', 'scheduled__2023-11-12T00:00:00+00:00', '--job-id', '18', '--raw', '--subdir', 'DAGS_FOLDER/outcomes_dag.py', '--cfg-path', '/tmp/tmpxy9zwwh6']
[2023-11-23T03:40:34.204+0000] {standard_task_runner.py:85} INFO - Job 18: Subtask Extract
[2023-11-23T03:40:34.344+0000] {task_command.py:416} INFO - Running <TaskInstance: outcomes_dag.Extract scheduled__2023-11-12T00:00:00+00:00 [running]> on host e647c96745b0
[2023-11-23T03:40:34.681+0000] {taskinstance.py:1662} INFO - Exporting env vars: AIRFLOW_CTX_DAG_OWNER='***' AIRFLOW_CTX_DAG_ID='outcomes_dag' AIRFLOW_CTX_TASK_ID='Extract' AIRFLOW_CTX_EXECUTION_DATE='2023-11-12T00:00:00+00:00' AIRFLOW_CTX_TRY_NUMBER='1' AIRFLOW_CTX_DAG_RUN_ID='scheduled__2023-11-12T00:00:00+00:00'
[2023-11-23T03:40:36.297+0000] {logging_mixin.py:154} INFO - Data Deposited into Cloud Storage
[2023-11-23T03:40:36.304+0000] {python.py:194} INFO - Done. Returned value was: None
[2023-11-23T03:40:36.441+0000] {taskinstance.py:1400} INFO - Marking task as SUCCESS. dag_id=outcomes_dag, task_id=Extract, execution_date=20231112T000000, start_date=20231123T034033, end_date=20231123T034036
[2023-11-23T03:40:36.549+0000] {local_task_job_runner.py:228} INFO - Task exited with return code 0
