[2023-11-20T23:12:14.625+0000] {taskinstance.py:1159} INFO - Dependencies all met for dep_context=non-requeueable deps ti=<TaskInstance: outcomes_dag.transform manual__2023-11-20T22:55:27.029485+00:00 [queued]>
[2023-11-20T23:12:14.630+0000] {taskinstance.py:1159} INFO - Dependencies all met for dep_context=requeueable deps ti=<TaskInstance: outcomes_dag.transform manual__2023-11-20T22:55:27.029485+00:00 [queued]>
[2023-11-20T23:12:14.630+0000] {taskinstance.py:1361} INFO - Starting attempt 2 of 2
[2023-11-20T23:12:14.637+0000] {taskinstance.py:1382} INFO - Executing <Task(PythonOperator): transform> on 2023-11-20 22:55:27.029485+00:00
[2023-11-20T23:12:14.642+0000] {standard_task_runner.py:57} INFO - Started process 1321 to run task
[2023-11-20T23:12:14.647+0000] {standard_task_runner.py:84} INFO - Running: ['***', 'tasks', 'run', 'outcomes_dag', 'transform', 'manual__2023-11-20T22:55:27.029485+00:00', '--job-id', '51', '--raw', '--subdir', 'DAGS_FOLDER/outcomes_dag.py', '--cfg-path', '/tmp/tmpd8ysf7w_']
[2023-11-20T23:12:14.650+0000] {standard_task_runner.py:85} INFO - Job 51: Subtask transform
[2023-11-20T23:12:14.688+0000] {task_command.py:416} INFO - Running <TaskInstance: outcomes_dag.transform manual__2023-11-20T22:55:27.029485+00:00 [running]> on host 323903d45442
[2023-11-20T23:12:14.959+0000] {taskinstance.py:1662} INFO - Exporting env vars: AIRFLOW_CTX_DAG_OWNER='***' AIRFLOW_CTX_DAG_ID='outcomes_dag' AIRFLOW_CTX_TASK_ID='transform' AIRFLOW_CTX_EXECUTION_DATE='2023-11-20T22:55:27.029485+00:00' AIRFLOW_CTX_TRY_NUMBER='2' AIRFLOW_CTX_DAG_RUN_ID='manual__2023-11-20T22:55:27.029485+00:00'
[2023-11-20T23:12:14.966+0000] {taskinstance.py:1937} ERROR - Task failed with exception
Traceback (most recent call last):
  File "/home/airflow/.local/lib/python3.8/site-packages/airflow/operators/python.py", line 192, in execute
    return_value = self.execute_callable()
  File "/home/airflow/.local/lib/python3.8/site-packages/airflow/operators/python.py", line 209, in execute_callable
    return self.python_callable(*self.op_args, **self.op_kwargs)
  File "/opt/airflow/dags/ETL/Transform.py", line 8, in transform_data
    new_data = pre_process(new_data)
  File "/opt/airflow/dags/ETL/Transform.py", line 18, in pre_process
    df['Day'] = df["datetime"].dt.day
  File "/home/airflow/.local/lib/python3.8/site-packages/pandas/core/generic.py", line 5989, in __getattr__
    return object.__getattribute__(self, name)
  File "/home/airflow/.local/lib/python3.8/site-packages/pandas/core/accessor.py", line 224, in __get__
    accessor_obj = self._accessor(obj)
  File "/home/airflow/.local/lib/python3.8/site-packages/pandas/core/indexes/accessors.py", line 580, in __new__
    raise AttributeError("Can only use .dt accessor with datetimelike values")
AttributeError: Can only use .dt accessor with datetimelike values
[2023-11-20T23:12:14.975+0000] {taskinstance.py:1400} INFO - Marking task as FAILED. dag_id=outcomes_dag, task_id=transform, execution_date=20231120T225527, start_date=20231120T231214, end_date=20231120T231214
[2023-11-20T23:12:14.980+0000] {standard_task_runner.py:104} ERROR - Failed to execute job 51 for task transform (Can only use .dt accessor with datetimelike values; 1321)
[2023-11-20T23:12:15.024+0000] {local_task_job_runner.py:228} INFO - Task exited with return code 1
[2023-11-20T23:12:15.036+0000] {taskinstance.py:2778} INFO - 0 downstream tasks scheduled from follow-on schedule check
