[2023-11-22T22:41:37.542+0000] {taskinstance.py:1159} INFO - Dependencies all met for dep_context=non-requeueable deps ti=<TaskInstance: outcomes_dag.Initialize_wharehouse_schema scheduled__2023-11-12T00:00:00+00:00 [queued]>
[2023-11-22T22:41:37.552+0000] {taskinstance.py:1159} INFO - Dependencies all met for dep_context=requeueable deps ti=<TaskInstance: outcomes_dag.Initialize_wharehouse_schema scheduled__2023-11-12T00:00:00+00:00 [queued]>
[2023-11-22T22:41:37.553+0000] {taskinstance.py:1361} INFO - Starting attempt 1 of 1
[2023-11-22T22:41:37.571+0000] {taskinstance.py:1382} INFO - Executing <Task(PythonOperator): Initialize_wharehouse_schema> on 2023-11-12 00:00:00+00:00
[2023-11-22T22:41:37.587+0000] {standard_task_runner.py:57} INFO - Started process 232 to run task
[2023-11-22T22:41:37.596+0000] {standard_task_runner.py:84} INFO - Running: ['***', 'tasks', 'run', 'outcomes_dag', 'Initialize_wharehouse_schema', 'scheduled__2023-11-12T00:00:00+00:00', '--job-id', '49', '--raw', '--subdir', 'DAGS_FOLDER/outcomes_dag.py', '--cfg-path', '/tmp/tmpl3zf9yl5']
[2023-11-22T22:41:37.606+0000] {standard_task_runner.py:85} INFO - Job 49: Subtask Initialize_wharehouse_schema
[2023-11-22T22:41:37.718+0000] {task_command.py:416} INFO - Running <TaskInstance: outcomes_dag.Initialize_wharehouse_schema scheduled__2023-11-12T00:00:00+00:00 [running]> on host 8ac13583809b
[2023-11-22T22:41:37.894+0000] {taskinstance.py:1662} INFO - Exporting env vars: AIRFLOW_CTX_DAG_OWNER='***' AIRFLOW_CTX_DAG_ID='outcomes_dag' AIRFLOW_CTX_TASK_ID='Initialize_wharehouse_schema' AIRFLOW_CTX_EXECUTION_DATE='2023-11-12T00:00:00+00:00' AIRFLOW_CTX_TRY_NUMBER='1' AIRFLOW_CTX_DAG_RUN_ID='scheduled__2023-11-12T00:00:00+00:00'
[2023-11-22T22:41:38.362+0000] {taskinstance.py:1937} ERROR - Task failed with exception
Traceback (most recent call last):
  File "/home/airflow/.local/lib/python3.8/site-packages/airflow/operators/python.py", line 192, in execute
    return_value = self.execute_callable()
  File "/home/airflow/.local/lib/python3.8/site-packages/airflow/operators/python.py", line 209, in execute_callable
    return self.python_callable(*self.op_args, **self.op_kwargs)
  File "/opt/airflow/dags/ETL/load.py", line 16, in execute_sql_script
    client.query(statement)
  File "/home/airflow/.local/lib/python3.8/site-packages/google/cloud/bigquery/client.py", line 3391, in query
    return _job_helpers.query_jobs_insert(
  File "/home/airflow/.local/lib/python3.8/site-packages/google/cloud/bigquery/_job_helpers.py", line 114, in query_jobs_insert
    future = do_query()
  File "/home/airflow/.local/lib/python3.8/site-packages/google/cloud/bigquery/_job_helpers.py", line 91, in do_query
    query_job._begin(retry=retry, timeout=timeout)
  File "/home/airflow/.local/lib/python3.8/site-packages/google/cloud/bigquery/job/query.py", line 1370, in _begin
    super(QueryJob, self)._begin(client=client, retry=retry, timeout=timeout)
  File "/home/airflow/.local/lib/python3.8/site-packages/google/cloud/bigquery/job/base.py", line 693, in _begin
    api_response = client._call_api(
  File "/home/airflow/.local/lib/python3.8/site-packages/google/cloud/bigquery/client.py", line 808, in _call_api
    return call()
  File "/home/airflow/.local/lib/python3.8/site-packages/google/api_core/retry.py", line 366, in retry_wrapped_func
    return retry_target(
  File "/home/airflow/.local/lib/python3.8/site-packages/google/api_core/retry.py", line 204, in retry_target
    return target()
  File "/home/airflow/.local/lib/python3.8/site-packages/google/cloud/_http/__init__.py", line 494, in api_request
    raise exceptions.from_http_response(response)
google.api_core.exceptions.Forbidden: 403 POST https://bigquery.googleapis.com/bigquery/v2/projects/dcsc-warehouse/jobs?prettyPrint=false: Access Denied: Project dcsc-warehouse: User does not have bigquery.jobs.create permission in project dcsc-warehouse.

Location: None
Job ID: 60ca0733-22fb-436b-8771-5023ac20645a

[2023-11-22T22:41:38.377+0000] {taskinstance.py:1400} INFO - Marking task as FAILED. dag_id=outcomes_dag, task_id=Initialize_wharehouse_schema, execution_date=20231112T000000, start_date=20231122T224137, end_date=20231122T224138
[2023-11-22T22:41:38.391+0000] {standard_task_runner.py:104} ERROR - Failed to execute job 49 for task Initialize_wharehouse_schema (403 POST https://bigquery.googleapis.com/bigquery/v2/projects/dcsc-warehouse/jobs?prettyPrint=false: Access Denied: Project dcsc-warehouse: User does not have bigquery.jobs.create permission in project dcsc-warehouse.

Location: None
Job ID: 60ca0733-22fb-436b-8771-5023ac20645a
; 232)
[2023-11-22T22:41:38.422+0000] {local_task_job_runner.py:228} INFO - Task exited with return code 1
[2023-11-22T22:59:53.889+0000] {taskinstance.py:1159} INFO - Dependencies all met for dep_context=non-requeueable deps ti=<TaskInstance: outcomes_dag.Initialize_wharehouse_schema scheduled__2023-11-12T00:00:00+00:00 [queued]>
[2023-11-22T22:59:53.935+0000] {taskinstance.py:1159} INFO - Dependencies all met for dep_context=requeueable deps ti=<TaskInstance: outcomes_dag.Initialize_wharehouse_schema scheduled__2023-11-12T00:00:00+00:00 [queued]>
[2023-11-22T22:59:53.940+0000] {taskinstance.py:1361} INFO - Starting attempt 1 of 1
[2023-11-22T22:59:53.967+0000] {taskinstance.py:1382} INFO - Executing <Task(PythonOperator): Initialize_wharehouse_schema> on 2023-11-12 00:00:00+00:00
[2023-11-22T22:59:53.994+0000] {standard_task_runner.py:57} INFO - Started process 177 to run task
[2023-11-22T22:59:54.010+0000] {standard_task_runner.py:84} INFO - Running: ['***', 'tasks', 'run', 'outcomes_dag', 'Initialize_wharehouse_schema', 'scheduled__2023-11-12T00:00:00+00:00', '--job-id', '35', '--raw', '--subdir', 'DAGS_FOLDER/outcomes_dag.py', '--cfg-path', '/tmp/tmpahd30gre']
[2023-11-22T22:59:54.038+0000] {standard_task_runner.py:85} INFO - Job 35: Subtask Initialize_wharehouse_schema
[2023-11-22T22:59:54.263+0000] {task_command.py:416} INFO - Running <TaskInstance: outcomes_dag.Initialize_wharehouse_schema scheduled__2023-11-12T00:00:00+00:00 [running]> on host 4b2f5af281f8
[2023-11-22T22:59:55.015+0000] {taskinstance.py:1662} INFO - Exporting env vars: AIRFLOW_CTX_DAG_OWNER='***' AIRFLOW_CTX_DAG_ID='outcomes_dag' AIRFLOW_CTX_TASK_ID='Initialize_wharehouse_schema' AIRFLOW_CTX_EXECUTION_DATE='2023-11-12T00:00:00+00:00' AIRFLOW_CTX_TRY_NUMBER='1' AIRFLOW_CTX_DAG_RUN_ID='scheduled__2023-11-12T00:00:00+00:00'
[2023-11-22T22:59:57.162+0000] {python.py:194} INFO - Done. Returned value was: None
[2023-11-22T22:59:57.371+0000] {taskinstance.py:1400} INFO - Marking task as SUCCESS. dag_id=outcomes_dag, task_id=Initialize_wharehouse_schema, execution_date=20231112T000000, start_date=20231122T225953, end_date=20231122T225957
[2023-11-22T22:59:57.619+0000] {local_task_job_runner.py:228} INFO - Task exited with return code 0
[2023-11-22T23:47:47.884+0000] {taskinstance.py:1159} INFO - Dependencies all met for dep_context=non-requeueable deps ti=<TaskInstance: outcomes_dag.Initialize_wharehouse_schema scheduled__2023-11-12T00:00:00+00:00 [queued]>
[2023-11-22T23:47:47.895+0000] {taskinstance.py:1159} INFO - Dependencies all met for dep_context=requeueable deps ti=<TaskInstance: outcomes_dag.Initialize_wharehouse_schema scheduled__2023-11-12T00:00:00+00:00 [queued]>
[2023-11-22T23:47:47.895+0000] {taskinstance.py:1361} INFO - Starting attempt 1 of 1
[2023-11-22T23:47:47.919+0000] {taskinstance.py:1382} INFO - Executing <Task(PythonOperator): Initialize_wharehouse_schema> on 2023-11-12 00:00:00+00:00
[2023-11-22T23:47:47.949+0000] {standard_task_runner.py:57} INFO - Started process 500 to run task
[2023-11-22T23:47:47.958+0000] {standard_task_runner.py:84} INFO - Running: ['***', 'tasks', 'run', 'outcomes_dag', 'Initialize_wharehouse_schema', 'scheduled__2023-11-12T00:00:00+00:00', '--job-id', '122', '--raw', '--subdir', 'DAGS_FOLDER/outcomes_dag.py', '--cfg-path', '/tmp/tmpkla4wla4']
[2023-11-22T23:47:47.979+0000] {standard_task_runner.py:85} INFO - Job 122: Subtask Initialize_wharehouse_schema
[2023-11-22T23:47:48.086+0000] {task_command.py:416} INFO - Running <TaskInstance: outcomes_dag.Initialize_wharehouse_schema scheduled__2023-11-12T00:00:00+00:00 [running]> on host 371cae71aa63
[2023-11-22T23:47:48.200+0000] {taskinstance.py:1662} INFO - Exporting env vars: AIRFLOW_CTX_DAG_OWNER='***' AIRFLOW_CTX_DAG_ID='outcomes_dag' AIRFLOW_CTX_TASK_ID='Initialize_wharehouse_schema' AIRFLOW_CTX_EXECUTION_DATE='2023-11-12T00:00:00+00:00' AIRFLOW_CTX_TRY_NUMBER='1' AIRFLOW_CTX_DAG_RUN_ID='scheduled__2023-11-12T00:00:00+00:00'
[2023-11-22T23:47:50.364+0000] {python.py:194} INFO - Done. Returned value was: None
[2023-11-22T23:47:50.376+0000] {taskinstance.py:1400} INFO - Marking task as SUCCESS. dag_id=outcomes_dag, task_id=Initialize_wharehouse_schema, execution_date=20231112T000000, start_date=20231122T234747, end_date=20231122T234750
[2023-11-22T23:47:50.441+0000] {local_task_job_runner.py:228} INFO - Task exited with return code 0
[2023-11-23T00:39:33.986+0000] {taskinstance.py:1159} INFO - Dependencies all met for dep_context=non-requeueable deps ti=<TaskInstance: outcomes_dag.Initialize_wharehouse_schema scheduled__2023-11-12T00:00:00+00:00 [queued]>
[2023-11-23T00:39:33.998+0000] {taskinstance.py:1159} INFO - Dependencies all met for dep_context=requeueable deps ti=<TaskInstance: outcomes_dag.Initialize_wharehouse_schema scheduled__2023-11-12T00:00:00+00:00 [queued]>
[2023-11-23T00:39:33.999+0000] {taskinstance.py:1361} INFO - Starting attempt 1 of 1
[2023-11-23T00:39:34.008+0000] {taskinstance.py:1382} INFO - Executing <Task(PythonOperator): Initialize_wharehouse_schema> on 2023-11-12 00:00:00+00:00
[2023-11-23T00:39:34.020+0000] {standard_task_runner.py:57} INFO - Started process 208 to run task
[2023-11-23T00:39:34.035+0000] {standard_task_runner.py:84} INFO - Running: ['***', 'tasks', 'run', 'outcomes_dag', 'Initialize_wharehouse_schema', 'scheduled__2023-11-12T00:00:00+00:00', '--job-id', '49', '--raw', '--subdir', 'DAGS_FOLDER/outcomes_dag.py', '--cfg-path', '/tmp/tmpmskpz2st']
[2023-11-23T00:39:34.044+0000] {standard_task_runner.py:85} INFO - Job 49: Subtask Initialize_wharehouse_schema
[2023-11-23T00:39:34.162+0000] {task_command.py:416} INFO - Running <TaskInstance: outcomes_dag.Initialize_wharehouse_schema scheduled__2023-11-12T00:00:00+00:00 [running]> on host 75913536581a
[2023-11-23T00:39:34.241+0000] {taskinstance.py:1662} INFO - Exporting env vars: AIRFLOW_CTX_DAG_OWNER='***' AIRFLOW_CTX_DAG_ID='outcomes_dag' AIRFLOW_CTX_TASK_ID='Initialize_wharehouse_schema' AIRFLOW_CTX_EXECUTION_DATE='2023-11-12T00:00:00+00:00' AIRFLOW_CTX_TRY_NUMBER='1' AIRFLOW_CTX_DAG_RUN_ID='scheduled__2023-11-12T00:00:00+00:00'
[2023-11-23T00:39:36.532+0000] {python.py:194} INFO - Done. Returned value was: None
[2023-11-23T00:39:36.806+0000] {taskinstance.py:1400} INFO - Marking task as SUCCESS. dag_id=outcomes_dag, task_id=Initialize_wharehouse_schema, execution_date=20231112T000000, start_date=20231123T003933, end_date=20231123T003936
[2023-11-23T00:39:37.002+0000] {local_task_job_runner.py:228} INFO - Task exited with return code 0
