[2023-11-22T07:54:26.373+0000] {taskinstance.py:1159} INFO - Dependencies all met for dep_context=non-requeueable deps ti=<TaskInstance: outcomes_dag.Insert scheduled__2023-11-12T00:00:00+00:00 [queued]>
[2023-11-22T07:54:26.398+0000] {taskinstance.py:1159} INFO - Dependencies all met for dep_context=requeueable deps ti=<TaskInstance: outcomes_dag.Insert scheduled__2023-11-12T00:00:00+00:00 [queued]>
[2023-11-22T07:54:26.398+0000] {taskinstance.py:1361} INFO - Starting attempt 1 of 1
[2023-11-22T07:54:26.448+0000] {taskinstance.py:1382} INFO - Executing <Task(PythonOperator): Insert> on 2023-11-12 00:00:00+00:00
[2023-11-22T07:54:26.535+0000] {standard_task_runner.py:84} INFO - Running: ['***', 'tasks', 'run', 'outcomes_dag', 'Insert', 'scheduled__2023-11-12T00:00:00+00:00', '--job-id', '59', '--raw', '--subdir', 'DAGS_FOLDER/outcomes_dag.py', '--cfg-path', '/tmp/tmpb2ljlaj3']
[2023-11-22T07:54:26.552+0000] {standard_task_runner.py:85} INFO - Job 59: Subtask Insert
[2023-11-22T07:54:26.525+0000] {standard_task_runner.py:57} INFO - Started process 424 to run task
[2023-11-22T07:54:27.028+0000] {task_command.py:416} INFO - Running <TaskInstance: outcomes_dag.Insert scheduled__2023-11-12T00:00:00+00:00 [running]> on host 6318e996d951
[2023-11-22T07:54:27.306+0000] {taskinstance.py:1662} INFO - Exporting env vars: AIRFLOW_CTX_DAG_OWNER='***' AIRFLOW_CTX_DAG_ID='outcomes_dag' AIRFLOW_CTX_TASK_ID='Insert' AIRFLOW_CTX_EXECUTION_DATE='2023-11-12T00:00:00+00:00' AIRFLOW_CTX_TRY_NUMBER='1' AIRFLOW_CTX_DAG_RUN_ID='scheduled__2023-11-12T00:00:00+00:00'
[2023-11-22T07:54:27.367+0000] {logging_mixin.py:154} INFO - Error executing SQL script: (psycopg2.errors.UniqueViolation) duplicate key value violates unique constraint "animal_dim_pkey"
DETAIL:  Key ("Animal ID")=(A889466) already exists.

[SQL: --- INSERT DATA INTO DIMENSION TABLES

--- Animal Dimension
INSERT INTO animal_dim ("Animal ID", "Name", "Animal Type", "Breed", "Color", "Sex", "DOB")
SELECT DISTINCT "Animal ID", "Name", "Animal Type", "Breed", "Color", "Sex", "DOB"
FROM outcomes_staging
WHERE "Animal ID" IS NOT NULL;

--- Outcomes Dimension
INSERT INTO outcome_type_dim ("Outcome Type")
SELECT DISTINCT "Outcome"
FROM outcomes_staging
WHERE "Outcome" IS NOT NULL;

--- Reproductive Status Dimension
INSERT INTO reproductive_status_dim ("Reproductive Status")
SELECT DISTINCT "Reproductive Status"
FROM outcomes_staging
WHERE "Reproductive Status" IS NOT NULL;

--- Date Dimension
INSERT INTO date_dim ("Date ID", "Day", "Month", "Year")
SELECT DISTINCT "Date ID", "Day", "Month", "Year"
FROM outcomes_staging
WHERE "Date ID" IS NOT NULL;




--- INSERT DATA INTO FACT TABLE
INSERT INTO outcomes_fct ("Date", "Animal", "Outcome", "Repo Status")
SELECT 
    dd."Date ID",
    ad."Animal ID",
    otd."Outcome ID",
    rsd."Status ID"
FROM outcomes_staging os
JOIN date_dim dd ON os."Date ID" = dd."Date ID"
JOIN animal_dim ad ON os."Animal ID" = ad."Animal ID"
JOIN outcome_type_dim otd ON os."Outcome" = otd."Outcome Type"
JOIN reproductive_status_dim rsd ON os."Reproductive Status" = rsd."Reproductive Status";

]
(Background on this error at: https://sqlalche.me/e/14/gkpj)
[2023-11-22T07:54:27.368+0000] {python.py:194} INFO - Done. Returned value was: None
[2023-11-22T07:54:27.397+0000] {taskinstance.py:1400} INFO - Marking task as SUCCESS. dag_id=outcomes_dag, task_id=Insert, execution_date=20231112T000000, start_date=20231122T075426, end_date=20231122T075427
[2023-11-22T07:54:27.539+0000] {local_task_job_runner.py:228} INFO - Task exited with return code 0
[2023-11-22T07:54:27.648+0000] {taskinstance.py:2778} INFO - 0 downstream tasks scheduled from follow-on schedule check
[2023-11-23T01:49:50.196+0000] {taskinstance.py:1159} INFO - Dependencies all met for dep_context=non-requeueable deps ti=<TaskInstance: outcomes_dag.Insert scheduled__2023-11-12T00:00:00+00:00 [queued]>
[2023-11-23T01:49:50.230+0000] {taskinstance.py:1159} INFO - Dependencies all met for dep_context=requeueable deps ti=<TaskInstance: outcomes_dag.Insert scheduled__2023-11-12T00:00:00+00:00 [queued]>
[2023-11-23T01:49:50.230+0000] {taskinstance.py:1361} INFO - Starting attempt 1 of 1
[2023-11-23T01:49:50.269+0000] {taskinstance.py:1382} INFO - Executing <Task(PythonOperator): Insert> on 2023-11-12 00:00:00+00:00
[2023-11-23T01:49:50.287+0000] {standard_task_runner.py:57} INFO - Started process 247 to run task
[2023-11-23T01:49:50.316+0000] {standard_task_runner.py:84} INFO - Running: ['***', 'tasks', 'run', 'outcomes_dag', 'Insert', 'scheduled__2023-11-12T00:00:00+00:00', '--job-id', '57', '--raw', '--subdir', 'DAGS_FOLDER/outcomes_dag.py', '--cfg-path', '/tmp/tmppvw8j6tz']
[2023-11-23T01:49:50.327+0000] {standard_task_runner.py:85} INFO - Job 57: Subtask Insert
[2023-11-23T01:49:50.549+0000] {task_command.py:416} INFO - Running <TaskInstance: outcomes_dag.Insert scheduled__2023-11-12T00:00:00+00:00 [running]> on host d15d3caa5b00
[2023-11-23T01:49:50.750+0000] {taskinstance.py:1662} INFO - Exporting env vars: AIRFLOW_CTX_DAG_OWNER='***' AIRFLOW_CTX_DAG_ID='outcomes_dag' AIRFLOW_CTX_TASK_ID='Insert' AIRFLOW_CTX_EXECUTION_DATE='2023-11-12T00:00:00+00:00' AIRFLOW_CTX_TRY_NUMBER='1' AIRFLOW_CTX_DAG_RUN_ID='scheduled__2023-11-12T00:00:00+00:00'
[2023-11-23T01:49:50.791+0000] {logging_mixin.py:154} INFO - Error executing SQL script: (psycopg2.errors.SyntaxError) syntax error at or near "`"
LINE 4: INSERT INTO animal_dim (`Animal ID`, `Name`, `Animal Type`, ...
                                ^

[SQL: -- INSERT DATA INTO DIMENSION TABLES

-- Animal Dimension
INSERT INTO animal_dim (`Animal ID`, `Name`, `Animal Type`, `Breed`, `Color`, `Sex`, `DOB`)
SELECT DISTINCT `Animal ID`, `Name`, `Animal Type`, `Breed`, `Color`, `Sex`, `DOB`
FROM outcomes_staging
WHERE `Animal ID` IS NOT NULL;

-- Outcomes Dimension
INSERT INTO outcome_type_dim (`Outcome Type`)
SELECT DISTINCT `Outcome`
FROM outcomes_staging
WHERE `Outcome` IS NOT NULL;

-- Reproductive Status Dimension
INSERT INTO reproductive_status_dim (`Reproductive Status`)
SELECT DISTINCT `Reproductive Status`
FROM outcomes_staging
WHERE `Reproductive Status` IS NOT NULL;

-- Date Dimension
INSERT INTO date_dim (`Date ID`, `Day`, `Month`, `Year`)
SELECT DISTINCT `Date ID`, `Day`, `Month`, `Year`
FROM outcomes_staging
WHERE `Date ID` IS NOT NULL;

-- INSERT DATA INTO FACT TABLE
INSERT INTO outcomes_fct (`Date`, `Animal`, `Outcome`, `Repo Status`)
SELECT 
    dd.`Date ID`,
    ad.`Animal ID`,
    otd.`Outcome ID`,
    rsd.`Status ID`
FROM outcomes_staging os
JOIN date_dim dd ON os.`Date ID` = dd.`Date ID`
JOIN animal_dim ad ON os.`Animal ID` = ad.`Animal ID`
JOIN outcome_type_dim otd ON os.`Outcome` = otd.`Outcome Type`
JOIN reproductive_status_dim rsd ON os.`Reproductive Status` = rsd.`Reproductive Status`;
]
(Background on this error at: https://sqlalche.me/e/14/f405)
[2023-11-23T01:49:50.794+0000] {python.py:194} INFO - Done. Returned value was: None
[2023-11-23T01:49:50.822+0000] {taskinstance.py:1400} INFO - Marking task as SUCCESS. dag_id=outcomes_dag, task_id=Insert, execution_date=20231112T000000, start_date=20231123T014950, end_date=20231123T014950
[2023-11-23T01:49:50.890+0000] {local_task_job_runner.py:228} INFO - Task exited with return code 0
[2023-11-23T01:49:50.955+0000] {taskinstance.py:2778} INFO - 0 downstream tasks scheduled from follow-on schedule check
[2023-11-23T03:40:57.309+0000] {taskinstance.py:1159} INFO - Dependencies all met for dep_context=non-requeueable deps ti=<TaskInstance: outcomes_dag.Insert scheduled__2023-11-12T00:00:00+00:00 [queued]>
[2023-11-23T03:40:57.360+0000] {taskinstance.py:1159} INFO - Dependencies all met for dep_context=requeueable deps ti=<TaskInstance: outcomes_dag.Insert scheduled__2023-11-12T00:00:00+00:00 [queued]>
[2023-11-23T03:40:57.365+0000] {taskinstance.py:1361} INFO - Starting attempt 1 of 1
[2023-11-23T03:40:57.410+0000] {taskinstance.py:1382} INFO - Executing <Task(PythonOperator): Insert> on 2023-11-12 00:00:00+00:00
[2023-11-23T03:40:57.475+0000] {standard_task_runner.py:57} INFO - Started process 234 to run task
[2023-11-23T03:40:57.579+0000] {standard_task_runner.py:84} INFO - Running: ['***', 'tasks', 'run', 'outcomes_dag', 'Insert', 'scheduled__2023-11-12T00:00:00+00:00', '--job-id', '51', '--raw', '--subdir', 'DAGS_FOLDER/outcomes_dag.py', '--cfg-path', '/tmp/tmpnvpzt3bc']
[2023-11-23T03:40:57.615+0000] {standard_task_runner.py:85} INFO - Job 51: Subtask Insert
[2023-11-23T03:40:57.789+0000] {task_command.py:416} INFO - Running <TaskInstance: outcomes_dag.Insert scheduled__2023-11-12T00:00:00+00:00 [running]> on host e647c96745b0
[2023-11-23T03:40:57.970+0000] {taskinstance.py:1662} INFO - Exporting env vars: AIRFLOW_CTX_DAG_OWNER='***' AIRFLOW_CTX_DAG_ID='outcomes_dag' AIRFLOW_CTX_TASK_ID='Insert' AIRFLOW_CTX_EXECUTION_DATE='2023-11-12T00:00:00+00:00' AIRFLOW_CTX_TRY_NUMBER='1' AIRFLOW_CTX_DAG_RUN_ID='scheduled__2023-11-12T00:00:00+00:00'
[2023-11-23T03:40:58.001+0000] {logging_mixin.py:154} INFO - Error executing SQL script: (psycopg2.errors.UniqueViolation) duplicate key value violates unique constraint "animal_dim_pkey"
DETAIL:  Key ("Animal ID")=(A892660) already exists.

[SQL: --- INSERT DATA INTO DIMENSION TABLES

--- Animal Dimension
INSERT INTO animal_dim ("Animal ID", "Name", "Animal Type", "Breed", "Color", "Sex", "DOB")
SELECT DISTINCT "Animal ID", "Name", "Animal Type", "Breed", "Color", "Sex", "DOB"
FROM outcomes_staging
WHERE "Animal ID" IS NOT NULL;

--- Outcomes Dimension
INSERT INTO outcome_type_dim ("Outcome Type")
SELECT DISTINCT "Outcome"
FROM outcomes_staging
WHERE "Outcome" IS NOT NULL;

--- Reproductive Status Dimension
INSERT INTO reproductive_status_dim ("Reproductive Status")
SELECT DISTINCT "Reproductive Status"
FROM outcomes_staging
WHERE "Reproductive Status" IS NOT NULL;

--- Date Dimension
INSERT INTO date_dim ("Date ID", "Day", "Month", "Year")
SELECT DISTINCT "Date ID", "Day", "Month", "Year"
FROM outcomes_staging
WHERE "Date ID" IS NOT NULL;




--- INSERT DATA INTO FACT TABLE
INSERT INTO outcomes_fct ("Date", "Animal", "Outcome", "Repo Status")
SELECT 
    dd."Date ID",
    ad."Animal ID",
    otd."Outcome ID",
    rsd."Status ID"
FROM outcomes_staging os
JOIN date_dim dd ON os."Date ID" = dd."Date ID"
JOIN animal_dim ad ON os."Animal ID" = ad."Animal ID"
JOIN outcome_type_dim otd ON os."Outcome" = otd."Outcome Type"
JOIN reproductive_status_dim rsd ON os."Reproductive Status" = rsd."Reproductive Status";

]
(Background on this error at: https://sqlalche.me/e/14/gkpj)
[2023-11-23T03:40:58.009+0000] {python.py:194} INFO - Done. Returned value was: None
[2023-11-23T03:40:58.028+0000] {taskinstance.py:1400} INFO - Marking task as SUCCESS. dag_id=outcomes_dag, task_id=Insert, execution_date=20231112T000000, start_date=20231123T034057, end_date=20231123T034058
[2023-11-23T03:40:58.073+0000] {local_task_job_runner.py:228} INFO - Task exited with return code 0
