[2023-11-21T01:21:27.227+0000] {taskinstance.py:1159} INFO - Dependencies all met for dep_context=non-requeueable deps ti=<TaskInstance: outcomes_dag.transform scheduled__2023-11-20T00:00:00+00:00 [queued]>
[2023-11-21T01:21:27.232+0000] {taskinstance.py:1159} INFO - Dependencies all met for dep_context=requeueable deps ti=<TaskInstance: outcomes_dag.transform scheduled__2023-11-20T00:00:00+00:00 [queued]>
[2023-11-21T01:21:27.232+0000] {taskinstance.py:1361} INFO - Starting attempt 1 of 1
[2023-11-21T01:21:27.239+0000] {taskinstance.py:1382} INFO - Executing <Task(PythonOperator): transform> on 2023-11-20 00:00:00+00:00
[2023-11-21T01:21:27.243+0000] {standard_task_runner.py:57} INFO - Started process 327 to run task
[2023-11-21T01:21:27.247+0000] {standard_task_runner.py:84} INFO - Running: ['***', 'tasks', 'run', 'outcomes_dag', 'transform', 'scheduled__2023-11-20T00:00:00+00:00', '--job-id', '65', '--raw', '--subdir', 'DAGS_FOLDER/outcomes_dag.py', '--cfg-path', '/tmp/tmpmg2lnohj']
[2023-11-21T01:21:27.250+0000] {standard_task_runner.py:85} INFO - Job 65: Subtask transform
[2023-11-21T01:21:27.301+0000] {task_command.py:416} INFO - Running <TaskInstance: outcomes_dag.transform scheduled__2023-11-20T00:00:00+00:00 [running]> on host f31a30014ab0
[2023-11-21T01:21:27.698+0000] {taskinstance.py:1662} INFO - Exporting env vars: AIRFLOW_CTX_DAG_OWNER='***' AIRFLOW_CTX_DAG_ID='outcomes_dag' AIRFLOW_CTX_TASK_ID='transform' AIRFLOW_CTX_EXECUTION_DATE='2023-11-20T00:00:00+00:00' AIRFLOW_CTX_TRY_NUMBER='1' AIRFLOW_CTX_DAG_RUN_ID='scheduled__2023-11-20T00:00:00+00:00'
[2023-11-21T01:21:27.743+0000] {python.py:194} INFO - Done. Returned value was: None
[2023-11-21T01:21:27.753+0000] {taskinstance.py:1400} INFO - Marking task as SUCCESS. dag_id=outcomes_dag, task_id=transform, execution_date=20231120T000000, start_date=20231121T012127, end_date=20231121T012127
[2023-11-21T01:21:27.785+0000] {local_task_job_runner.py:228} INFO - Task exited with return code 0
[2023-11-21T01:21:27.807+0000] {taskinstance.py:2778} INFO - 0 downstream tasks scheduled from follow-on schedule check
[2023-11-21T02:36:36.819+0000] {taskinstance.py:1159} INFO - Dependencies all met for dep_context=non-requeueable deps ti=<TaskInstance: outcomes_dag.transform scheduled__2023-11-20T00:00:00+00:00 [queued]>
[2023-11-21T02:36:36.825+0000] {taskinstance.py:1159} INFO - Dependencies all met for dep_context=requeueable deps ti=<TaskInstance: outcomes_dag.transform scheduled__2023-11-20T00:00:00+00:00 [queued]>
[2023-11-21T02:36:36.826+0000] {taskinstance.py:1361} INFO - Starting attempt 1 of 1
[2023-11-21T02:36:36.836+0000] {taskinstance.py:1382} INFO - Executing <Task(PythonOperator): transform> on 2023-11-20 00:00:00+00:00
[2023-11-21T02:36:36.847+0000] {standard_task_runner.py:57} INFO - Started process 328 to run task
[2023-11-21T02:36:36.858+0000] {standard_task_runner.py:84} INFO - Running: ['***', 'tasks', 'run', 'outcomes_dag', 'transform', 'scheduled__2023-11-20T00:00:00+00:00', '--job-id', '65', '--raw', '--subdir', 'DAGS_FOLDER/outcomes_dag.py', '--cfg-path', '/tmp/tmpxd329bgv']
[2023-11-21T02:36:36.864+0000] {standard_task_runner.py:85} INFO - Job 65: Subtask transform
[2023-11-21T02:36:36.930+0000] {task_command.py:416} INFO - Running <TaskInstance: outcomes_dag.transform scheduled__2023-11-20T00:00:00+00:00 [running]> on host b875fa978b1e
[2023-11-21T02:36:37.155+0000] {taskinstance.py:1662} INFO - Exporting env vars: AIRFLOW_CTX_DAG_OWNER='***' AIRFLOW_CTX_DAG_ID='outcomes_dag' AIRFLOW_CTX_TASK_ID='transform' AIRFLOW_CTX_EXECUTION_DATE='2023-11-20T00:00:00+00:00' AIRFLOW_CTX_TRY_NUMBER='1' AIRFLOW_CTX_DAG_RUN_ID='scheduled__2023-11-20T00:00:00+00:00'
[2023-11-21T02:36:37.183+0000] {python.py:194} INFO - Done. Returned value was: None
[2023-11-21T02:36:37.189+0000] {taskinstance.py:1400} INFO - Marking task as SUCCESS. dag_id=outcomes_dag, task_id=transform, execution_date=20231120T000000, start_date=20231121T023636, end_date=20231121T023637
[2023-11-21T02:36:37.239+0000] {local_task_job_runner.py:228} INFO - Task exited with return code 0
[2023-11-21T02:36:37.251+0000] {taskinstance.py:2778} INFO - 0 downstream tasks scheduled from follow-on schedule check
[2023-11-21T03:16:13.029+0000] {taskinstance.py:1159} INFO - Dependencies all met for dep_context=non-requeueable deps ti=<TaskInstance: outcomes_dag.transform scheduled__2023-11-20T00:00:00+00:00 [queued]>
[2023-11-21T03:16:13.036+0000] {taskinstance.py:1159} INFO - Dependencies all met for dep_context=requeueable deps ti=<TaskInstance: outcomes_dag.transform scheduled__2023-11-20T00:00:00+00:00 [queued]>
[2023-11-21T03:16:13.038+0000] {taskinstance.py:1361} INFO - Starting attempt 1 of 1
[2023-11-21T03:16:13.070+0000] {taskinstance.py:1382} INFO - Executing <Task(PythonOperator): transform> on 2023-11-20 00:00:00+00:00
[2023-11-21T03:16:13.076+0000] {standard_task_runner.py:57} INFO - Started process 108 to run task
[2023-11-21T03:16:13.083+0000] {standard_task_runner.py:84} INFO - Running: ['***', 'tasks', 'run', 'outcomes_dag', 'transform', 'scheduled__2023-11-20T00:00:00+00:00', '--job-id', '11', '--raw', '--subdir', 'DAGS_FOLDER/outcomes_dag.py', '--cfg-path', '/tmp/tmpnoa7e6i0']
[2023-11-21T03:16:13.087+0000] {standard_task_runner.py:85} INFO - Job 11: Subtask transform
[2023-11-21T03:16:13.153+0000] {task_command.py:416} INFO - Running <TaskInstance: outcomes_dag.transform scheduled__2023-11-20T00:00:00+00:00 [running]> on host 33d8c5494200
[2023-11-21T03:16:13.746+0000] {taskinstance.py:1662} INFO - Exporting env vars: AIRFLOW_CTX_DAG_OWNER='***' AIRFLOW_CTX_DAG_ID='outcomes_dag' AIRFLOW_CTX_TASK_ID='transform' AIRFLOW_CTX_EXECUTION_DATE='2023-11-20T00:00:00+00:00' AIRFLOW_CTX_TRY_NUMBER='1' AIRFLOW_CTX_DAG_RUN_ID='scheduled__2023-11-20T00:00:00+00:00'
[2023-11-21T03:16:13.797+0000] {python.py:194} INFO - Done. Returned value was: None
[2023-11-21T03:16:13.818+0000] {taskinstance.py:1400} INFO - Marking task as SUCCESS. dag_id=outcomes_dag, task_id=transform, execution_date=20231120T000000, start_date=20231121T031613, end_date=20231121T031613
[2023-11-21T03:16:13.906+0000] {local_task_job_runner.py:228} INFO - Task exited with return code 0
[2023-11-21T03:16:13.940+0000] {taskinstance.py:2778} INFO - 1 downstream tasks scheduled from follow-on schedule check
[2023-11-22T02:54:04.462+0000] {taskinstance.py:1159} INFO - Dependencies all met for dep_context=non-requeueable deps ti=<TaskInstance: outcomes_dag.Transform scheduled__2023-11-20T00:00:00+00:00 [queued]>
[2023-11-22T02:54:04.469+0000] {taskinstance.py:1159} INFO - Dependencies all met for dep_context=requeueable deps ti=<TaskInstance: outcomes_dag.Transform scheduled__2023-11-20T00:00:00+00:00 [queued]>
[2023-11-22T02:54:04.469+0000] {taskinstance.py:1361} INFO - Starting attempt 1 of 1
[2023-11-22T02:54:04.476+0000] {taskinstance.py:1382} INFO - Executing <Task(PythonOperator): Transform> on 2023-11-20 00:00:00+00:00
[2023-11-22T02:54:04.481+0000] {standard_task_runner.py:57} INFO - Started process 103 to run task
[2023-11-22T02:54:04.484+0000] {standard_task_runner.py:84} INFO - Running: ['***', 'tasks', 'run', 'outcomes_dag', 'Transform', 'scheduled__2023-11-20T00:00:00+00:00', '--job-id', '16', '--raw', '--subdir', 'DAGS_FOLDER/outcomes_dag.py', '--cfg-path', '/tmp/tmp8g7nck_0']
[2023-11-22T02:54:04.487+0000] {standard_task_runner.py:85} INFO - Job 16: Subtask Transform
[2023-11-22T02:54:04.534+0000] {task_command.py:416} INFO - Running <TaskInstance: outcomes_dag.Transform scheduled__2023-11-20T00:00:00+00:00 [running]> on host 24b88ba10398
[2023-11-22T02:54:04.591+0000] {taskinstance.py:1662} INFO - Exporting env vars: AIRFLOW_CTX_DAG_OWNER='***' AIRFLOW_CTX_DAG_ID='outcomes_dag' AIRFLOW_CTX_TASK_ID='Transform' AIRFLOW_CTX_EXECUTION_DATE='2023-11-20T00:00:00+00:00' AIRFLOW_CTX_TRY_NUMBER='1' AIRFLOW_CTX_DAG_RUN_ID='scheduled__2023-11-20T00:00:00+00:00'
[2023-11-22T02:54:04.593+0000] {logging_mixin.py:154} INFO - Getting data from Cloud Storage
[2023-11-22T02:54:04.984+0000] {taskinstance.py:1937} ERROR - Task failed with exception
Traceback (most recent call last):
  File "/home/airflow/.local/lib/python3.8/site-packages/airflow/operators/python.py", line 192, in execute
    return_value = self.execute_callable()
  File "/home/airflow/.local/lib/python3.8/site-packages/airflow/operators/python.py", line 209, in execute_callable
    return self.python_callable(*self.op_args, **self.op_kwargs)
  File "/opt/airflow/dags/ETL/Transform.py", line 10, in transform_data
    new_data = pre_process(df)
  File "/opt/airflow/dags/ETL/Transform.py", line 23, in pre_process
    df['Day'] = df["datetime"].dt.day
  File "/home/airflow/.local/lib/python3.8/site-packages/pandas/core/generic.py", line 5989, in __getattr__
    return object.__getattribute__(self, name)
  File "/home/airflow/.local/lib/python3.8/site-packages/pandas/core/accessor.py", line 224, in __get__
    accessor_obj = self._accessor(obj)
  File "/home/airflow/.local/lib/python3.8/site-packages/pandas/core/indexes/accessors.py", line 580, in __new__
    raise AttributeError("Can only use .dt accessor with datetimelike values")
AttributeError: Can only use .dt accessor with datetimelike values
[2023-11-22T02:54:04.995+0000] {taskinstance.py:1400} INFO - Marking task as FAILED. dag_id=outcomes_dag, task_id=Transform, execution_date=20231120T000000, start_date=20231122T025404, end_date=20231122T025404
[2023-11-22T02:54:05.004+0000] {standard_task_runner.py:104} ERROR - Failed to execute job 16 for task Transform (Can only use .dt accessor with datetimelike values; 103)
[2023-11-22T02:54:05.020+0000] {local_task_job_runner.py:228} INFO - Task exited with return code 1
[2023-11-22T03:22:53.649+0000] {taskinstance.py:1159} INFO - Dependencies all met for dep_context=non-requeueable deps ti=<TaskInstance: outcomes_dag.Transform scheduled__2023-11-20T00:00:00+00:00 [queued]>
[2023-11-22T03:22:53.661+0000] {taskinstance.py:1159} INFO - Dependencies all met for dep_context=requeueable deps ti=<TaskInstance: outcomes_dag.Transform scheduled__2023-11-20T00:00:00+00:00 [queued]>
[2023-11-22T03:22:53.663+0000] {taskinstance.py:1361} INFO - Starting attempt 1 of 1
[2023-11-22T03:22:53.695+0000] {taskinstance.py:1382} INFO - Executing <Task(PythonOperator): Transform> on 2023-11-20 00:00:00+00:00
[2023-11-22T03:22:53.759+0000] {standard_task_runner.py:57} INFO - Started process 111 to run task
[2023-11-22T03:22:53.799+0000] {standard_task_runner.py:84} INFO - Running: ['***', 'tasks', 'run', 'outcomes_dag', 'Transform', 'scheduled__2023-11-20T00:00:00+00:00', '--job-id', '16', '--raw', '--subdir', 'DAGS_FOLDER/outcomes_dag.py', '--cfg-path', '/tmp/tmpgx8qw_tn']
[2023-11-22T03:22:53.842+0000] {standard_task_runner.py:85} INFO - Job 16: Subtask Transform
[2023-11-22T03:22:54.109+0000] {task_command.py:416} INFO - Running <TaskInstance: outcomes_dag.Transform scheduled__2023-11-20T00:00:00+00:00 [running]> on host cf56a4e96859
[2023-11-22T03:22:54.383+0000] {taskinstance.py:1662} INFO - Exporting env vars: AIRFLOW_CTX_DAG_OWNER='***' AIRFLOW_CTX_DAG_ID='outcomes_dag' AIRFLOW_CTX_TASK_ID='Transform' AIRFLOW_CTX_EXECUTION_DATE='2023-11-20T00:00:00+00:00' AIRFLOW_CTX_TRY_NUMBER='1' AIRFLOW_CTX_DAG_RUN_ID='scheduled__2023-11-20T00:00:00+00:00'
[2023-11-22T03:22:54.400+0000] {logging_mixin.py:154} INFO - Getting data from Cloud Storage
[2023-11-22T03:22:55.032+0000] {logging_mixin.py:154} INFO - Index(['animal_id', 'datetime', 'monthyear', 'date_of_birth', 'outcome_type',
       'outcome_subtype', 'animal_type', 'sex_upon_outcome',
       'age_upon_outcome', 'breed', 'color', 'name'],
      dtype='object')
[2023-11-22T03:22:55.326+0000] {logging_mixin.py:154} INFO - Data Deposited into Cloud Storage
[2023-11-22T03:22:55.327+0000] {python.py:194} INFO - Done. Returned value was: None
[2023-11-22T03:22:55.343+0000] {taskinstance.py:1400} INFO - Marking task as SUCCESS. dag_id=outcomes_dag, task_id=Transform, execution_date=20231120T000000, start_date=20231122T032253, end_date=20231122T032255
[2023-11-22T03:22:55.376+0000] {local_task_job_runner.py:228} INFO - Task exited with return code 0
[2023-11-22T03:55:54.943+0000] {taskinstance.py:1159} INFO - Dependencies all met for dep_context=non-requeueable deps ti=<TaskInstance: outcomes_dag.Transform scheduled__2023-11-20T00:00:00+00:00 [queued]>
[2023-11-22T03:55:54.948+0000] {taskinstance.py:1159} INFO - Dependencies all met for dep_context=requeueable deps ti=<TaskInstance: outcomes_dag.Transform scheduled__2023-11-20T00:00:00+00:00 [queued]>
[2023-11-22T03:55:54.948+0000] {taskinstance.py:1361} INFO - Starting attempt 1 of 1
[2023-11-22T03:55:54.959+0000] {taskinstance.py:1382} INFO - Executing <Task(PythonOperator): Transform> on 2023-11-20 00:00:00+00:00
[2023-11-22T03:55:54.968+0000] {standard_task_runner.py:57} INFO - Started process 104 to run task
[2023-11-22T03:55:54.972+0000] {standard_task_runner.py:84} INFO - Running: ['***', 'tasks', 'run', 'outcomes_dag', 'Transform', 'scheduled__2023-11-20T00:00:00+00:00', '--job-id', '18', '--raw', '--subdir', 'DAGS_FOLDER/outcomes_dag.py', '--cfg-path', '/tmp/tmpxvg118gl']
[2023-11-22T03:55:54.976+0000] {standard_task_runner.py:85} INFO - Job 18: Subtask Transform
[2023-11-22T03:55:55.035+0000] {task_command.py:416} INFO - Running <TaskInstance: outcomes_dag.Transform scheduled__2023-11-20T00:00:00+00:00 [running]> on host cf936e748923
[2023-11-22T03:55:55.089+0000] {taskinstance.py:1662} INFO - Exporting env vars: AIRFLOW_CTX_DAG_OWNER='***' AIRFLOW_CTX_DAG_ID='outcomes_dag' AIRFLOW_CTX_TASK_ID='Transform' AIRFLOW_CTX_EXECUTION_DATE='2023-11-20T00:00:00+00:00' AIRFLOW_CTX_TRY_NUMBER='1' AIRFLOW_CTX_DAG_RUN_ID='scheduled__2023-11-20T00:00:00+00:00'
[2023-11-22T03:55:55.091+0000] {logging_mixin.py:154} INFO - Getting data from Cloud Storage
[2023-11-22T03:55:55.335+0000] {logging_mixin.py:154} INFO - Index(['animal_id', 'name', 'datetime', 'monthyear', 'date_of_birth',
       'outcome_type', 'animal_type', 'sex_upon_outcome', 'age_upon_outcome',
       'breed', 'color', 'outcome_subtype'],
      dtype='object')
[2023-11-22T03:55:55.618+0000] {logging_mixin.py:154} INFO - Data Deposited into Cloud Storage
[2023-11-22T03:55:55.619+0000] {python.py:194} INFO - Done. Returned value was: None
[2023-11-22T03:55:55.642+0000] {taskinstance.py:1400} INFO - Marking task as SUCCESS. dag_id=outcomes_dag, task_id=Transform, execution_date=20231120T000000, start_date=20231122T035554, end_date=20231122T035555
[2023-11-22T03:55:55.684+0000] {local_task_job_runner.py:228} INFO - Task exited with return code 0
[2023-11-22T05:47:49.013+0000] {taskinstance.py:1159} INFO - Dependencies all met for dep_context=non-requeueable deps ti=<TaskInstance: outcomes_dag.Transform scheduled__2023-11-20T00:00:00+00:00 [queued]>
[2023-11-22T05:47:49.023+0000] {taskinstance.py:1159} INFO - Dependencies all met for dep_context=requeueable deps ti=<TaskInstance: outcomes_dag.Transform scheduled__2023-11-20T00:00:00+00:00 [queued]>
[2023-11-22T05:47:49.025+0000] {taskinstance.py:1361} INFO - Starting attempt 1 of 1
[2023-11-22T05:47:49.034+0000] {taskinstance.py:1382} INFO - Executing <Task(PythonOperator): Transform> on 2023-11-20 00:00:00+00:00
[2023-11-22T05:47:49.053+0000] {standard_task_runner.py:57} INFO - Started process 178 to run task
[2023-11-22T05:47:49.064+0000] {standard_task_runner.py:84} INFO - Running: ['***', 'tasks', 'run', 'outcomes_dag', 'Transform', 'scheduled__2023-11-20T00:00:00+00:00', '--job-id', '20', '--raw', '--subdir', 'DAGS_FOLDER/outcomes_dag.py', '--cfg-path', '/tmp/tmph_c2p3v8']
[2023-11-22T05:47:49.078+0000] {standard_task_runner.py:85} INFO - Job 20: Subtask Transform
[2023-11-22T05:47:49.156+0000] {task_command.py:416} INFO - Running <TaskInstance: outcomes_dag.Transform scheduled__2023-11-20T00:00:00+00:00 [running]> on host 6e2e77b078ed
[2023-11-22T05:47:49.236+0000] {taskinstance.py:1662} INFO - Exporting env vars: AIRFLOW_CTX_DAG_OWNER='***' AIRFLOW_CTX_DAG_ID='outcomes_dag' AIRFLOW_CTX_TASK_ID='Transform' AIRFLOW_CTX_EXECUTION_DATE='2023-11-20T00:00:00+00:00' AIRFLOW_CTX_TRY_NUMBER='1' AIRFLOW_CTX_DAG_RUN_ID='scheduled__2023-11-20T00:00:00+00:00'
[2023-11-22T05:47:49.238+0000] {logging_mixin.py:154} INFO - Getting data from Cloud Storage
[2023-11-22T05:47:49.683+0000] {logging_mixin.py:154} INFO - Index(['animal_id', 'name', 'datetime', 'monthyear', 'date_of_birth',
       'outcome_type', 'animal_type', 'sex_upon_outcome', 'age_upon_outcome',
       'breed', 'color', 'outcome_subtype'],
      dtype='object')
[2023-11-22T05:47:49.886+0000] {logging_mixin.py:154} INFO - Data Deposited into Cloud Storage
[2023-11-22T05:47:49.887+0000] {python.py:194} INFO - Done. Returned value was: None
[2023-11-22T05:47:49.901+0000] {taskinstance.py:1400} INFO - Marking task as SUCCESS. dag_id=outcomes_dag, task_id=Transform, execution_date=20231120T000000, start_date=20231122T054749, end_date=20231122T054749
[2023-11-22T05:47:49.931+0000] {local_task_job_runner.py:228} INFO - Task exited with return code 0
[2023-11-22T06:09:40.525+0000] {taskinstance.py:1159} INFO - Dependencies all met for dep_context=non-requeueable deps ti=<TaskInstance: outcomes_dag.Transform scheduled__2023-11-20T00:00:00+00:00 [queued]>
[2023-11-22T06:09:40.533+0000] {taskinstance.py:1159} INFO - Dependencies all met for dep_context=requeueable deps ti=<TaskInstance: outcomes_dag.Transform scheduled__2023-11-20T00:00:00+00:00 [queued]>
[2023-11-22T06:09:40.534+0000] {taskinstance.py:1361} INFO - Starting attempt 1 of 1
[2023-11-22T06:09:40.543+0000] {taskinstance.py:1382} INFO - Executing <Task(PythonOperator): Transform> on 2023-11-20 00:00:00+00:00
[2023-11-22T06:09:40.549+0000] {standard_task_runner.py:57} INFO - Started process 95 to run task
[2023-11-22T06:09:40.554+0000] {standard_task_runner.py:84} INFO - Running: ['***', 'tasks', 'run', 'outcomes_dag', 'Transform', 'scheduled__2023-11-20T00:00:00+00:00', '--job-id', '14', '--raw', '--subdir', 'DAGS_FOLDER/outcomes_dag.py', '--cfg-path', '/tmp/tmp6jmvox64']
[2023-11-22T06:09:40.559+0000] {standard_task_runner.py:85} INFO - Job 14: Subtask Transform
[2023-11-22T06:09:40.613+0000] {task_command.py:416} INFO - Running <TaskInstance: outcomes_dag.Transform scheduled__2023-11-20T00:00:00+00:00 [running]> on host ded66acd9c7f
[2023-11-22T06:09:40.685+0000] {taskinstance.py:1662} INFO - Exporting env vars: AIRFLOW_CTX_DAG_OWNER='***' AIRFLOW_CTX_DAG_ID='outcomes_dag' AIRFLOW_CTX_TASK_ID='Transform' AIRFLOW_CTX_EXECUTION_DATE='2023-11-20T00:00:00+00:00' AIRFLOW_CTX_TRY_NUMBER='1' AIRFLOW_CTX_DAG_RUN_ID='scheduled__2023-11-20T00:00:00+00:00'
[2023-11-22T06:09:40.687+0000] {logging_mixin.py:154} INFO - Getting data from Cloud Storage
[2023-11-22T06:09:41.044+0000] {logging_mixin.py:154} INFO - Index(['animal_id', 'name', 'datetime', 'monthyear', 'date_of_birth',
       'outcome_type', 'animal_type', 'sex_upon_outcome', 'age_upon_outcome',
       'breed', 'color', 'outcome_subtype'],
      dtype='object')
[2023-11-22T06:09:41.339+0000] {logging_mixin.py:154} INFO - Data Deposited into Cloud Storage
[2023-11-22T06:09:41.340+0000] {python.py:194} INFO - Done. Returned value was: None
[2023-11-22T06:09:41.366+0000] {taskinstance.py:1400} INFO - Marking task as SUCCESS. dag_id=outcomes_dag, task_id=Transform, execution_date=20231120T000000, start_date=20231122T060940, end_date=20231122T060941
[2023-11-22T06:09:41.419+0000] {local_task_job_runner.py:228} INFO - Task exited with return code 0
[2023-11-22T06:19:00.715+0000] {taskinstance.py:1159} INFO - Dependencies all met for dep_context=non-requeueable deps ti=<TaskInstance: outcomes_dag.Transform scheduled__2023-11-20T00:00:00+00:00 [queued]>
[2023-11-22T06:19:00.723+0000] {taskinstance.py:1159} INFO - Dependencies all met for dep_context=requeueable deps ti=<TaskInstance: outcomes_dag.Transform scheduled__2023-11-20T00:00:00+00:00 [queued]>
[2023-11-22T06:19:00.723+0000] {taskinstance.py:1361} INFO - Starting attempt 1 of 1
[2023-11-22T06:19:00.740+0000] {taskinstance.py:1382} INFO - Executing <Task(PythonOperator): Transform> on 2023-11-20 00:00:00+00:00
[2023-11-22T06:19:00.768+0000] {standard_task_runner.py:57} INFO - Started process 100 to run task
[2023-11-22T06:19:00.789+0000] {standard_task_runner.py:84} INFO - Running: ['***', 'tasks', 'run', 'outcomes_dag', 'Transform', 'scheduled__2023-11-20T00:00:00+00:00', '--job-id', '16', '--raw', '--subdir', 'DAGS_FOLDER/outcomes_dag.py', '--cfg-path', '/tmp/tmp5h75cem7']
[2023-11-22T06:19:00.801+0000] {standard_task_runner.py:85} INFO - Job 16: Subtask Transform
[2023-11-22T06:19:00.938+0000] {task_command.py:416} INFO - Running <TaskInstance: outcomes_dag.Transform scheduled__2023-11-20T00:00:00+00:00 [running]> on host 836b7d8b8a64
[2023-11-22T06:19:01.036+0000] {taskinstance.py:1662} INFO - Exporting env vars: AIRFLOW_CTX_DAG_OWNER='***' AIRFLOW_CTX_DAG_ID='outcomes_dag' AIRFLOW_CTX_TASK_ID='Transform' AIRFLOW_CTX_EXECUTION_DATE='2023-11-20T00:00:00+00:00' AIRFLOW_CTX_TRY_NUMBER='1' AIRFLOW_CTX_DAG_RUN_ID='scheduled__2023-11-20T00:00:00+00:00'
[2023-11-22T06:19:01.040+0000] {logging_mixin.py:154} INFO - Getting data from Cloud Storage
[2023-11-22T06:19:01.432+0000] {logging_mixin.py:154} INFO - Index(['animal_id', 'name', 'datetime', 'monthyear', 'date_of_birth',
       'outcome_type', 'animal_type', 'sex_upon_outcome', 'age_upon_outcome',
       'breed', 'color', 'outcome_subtype'],
      dtype='object')
[2023-11-22T06:19:01.715+0000] {logging_mixin.py:154} INFO - Data Deposited into Cloud Storage
[2023-11-22T06:19:01.715+0000] {python.py:194} INFO - Done. Returned value was: None
[2023-11-22T06:19:01.726+0000] {taskinstance.py:1400} INFO - Marking task as SUCCESS. dag_id=outcomes_dag, task_id=Transform, execution_date=20231120T000000, start_date=20231122T061900, end_date=20231122T061901
[2023-11-22T06:19:01.773+0000] {local_task_job_runner.py:228} INFO - Task exited with return code 0
[2023-11-22T07:15:04.405+0000] {taskinstance.py:1159} INFO - Dependencies all met for dep_context=non-requeueable deps ti=<TaskInstance: outcomes_dag.Transform scheduled__2023-11-20T00:00:00+00:00 [queued]>
[2023-11-22T07:15:04.416+0000] {taskinstance.py:1159} INFO - Dependencies all met for dep_context=requeueable deps ti=<TaskInstance: outcomes_dag.Transform scheduled__2023-11-20T00:00:00+00:00 [queued]>
[2023-11-22T07:15:04.416+0000] {taskinstance.py:1361} INFO - Starting attempt 1 of 1
[2023-11-22T07:15:04.433+0000] {taskinstance.py:1382} INFO - Executing <Task(PythonOperator): Transform> on 2023-11-20 00:00:00+00:00
[2023-11-22T07:15:04.446+0000] {standard_task_runner.py:57} INFO - Started process 104 to run task
[2023-11-22T07:15:04.453+0000] {standard_task_runner.py:84} INFO - Running: ['***', 'tasks', 'run', 'outcomes_dag', 'Transform', 'scheduled__2023-11-20T00:00:00+00:00', '--job-id', '16', '--raw', '--subdir', 'DAGS_FOLDER/outcomes_dag.py', '--cfg-path', '/tmp/tmpxjogkq9m']
[2023-11-22T07:15:04.457+0000] {standard_task_runner.py:85} INFO - Job 16: Subtask Transform
[2023-11-22T07:15:04.513+0000] {task_command.py:416} INFO - Running <TaskInstance: outcomes_dag.Transform scheduled__2023-11-20T00:00:00+00:00 [running]> on host 011245d9ad62
[2023-11-22T07:15:04.580+0000] {taskinstance.py:1662} INFO - Exporting env vars: AIRFLOW_CTX_DAG_OWNER='***' AIRFLOW_CTX_DAG_ID='outcomes_dag' AIRFLOW_CTX_TASK_ID='Transform' AIRFLOW_CTX_EXECUTION_DATE='2023-11-20T00:00:00+00:00' AIRFLOW_CTX_TRY_NUMBER='1' AIRFLOW_CTX_DAG_RUN_ID='scheduled__2023-11-20T00:00:00+00:00'
[2023-11-22T07:15:04.584+0000] {logging_mixin.py:154} INFO - Getting data from Cloud Storage
[2023-11-22T07:15:05.404+0000] {logging_mixin.py:154} INFO - Index(['animal_id', 'name', 'datetime', 'monthyear', 'date_of_birth',
       'outcome_type', 'animal_type', 'sex_upon_outcome', 'age_upon_outcome',
       'breed', 'color', 'outcome_subtype'],
      dtype='object')
[2023-11-22T07:15:05.736+0000] {logging_mixin.py:154} INFO - Data Deposited into Cloud Storage
[2023-11-22T07:15:05.736+0000] {python.py:194} INFO - Done. Returned value was: None
[2023-11-22T07:15:05.751+0000] {taskinstance.py:1400} INFO - Marking task as SUCCESS. dag_id=outcomes_dag, task_id=Transform, execution_date=20231120T000000, start_date=20231122T071504, end_date=20231122T071505
[2023-11-22T07:15:05.776+0000] {local_task_job_runner.py:228} INFO - Task exited with return code 0
[2023-11-22T07:54:40.431+0000] {taskinstance.py:1159} INFO - Dependencies all met for dep_context=non-requeueable deps ti=<TaskInstance: outcomes_dag.Transform scheduled__2023-11-20T00:00:00+00:00 [queued]>
[2023-11-22T07:54:40.438+0000] {taskinstance.py:1159} INFO - Dependencies all met for dep_context=requeueable deps ti=<TaskInstance: outcomes_dag.Transform scheduled__2023-11-20T00:00:00+00:00 [queued]>
[2023-11-22T07:54:40.439+0000] {taskinstance.py:1361} INFO - Starting attempt 1 of 1
[2023-11-22T07:54:40.448+0000] {taskinstance.py:1382} INFO - Executing <Task(PythonOperator): Transform> on 2023-11-20 00:00:00+00:00
[2023-11-22T07:54:40.469+0000] {standard_task_runner.py:57} INFO - Started process 461 to run task
[2023-11-22T07:54:40.474+0000] {standard_task_runner.py:84} INFO - Running: ['***', 'tasks', 'run', 'outcomes_dag', 'Transform', 'scheduled__2023-11-20T00:00:00+00:00', '--job-id', '73', '--raw', '--subdir', 'DAGS_FOLDER/outcomes_dag.py', '--cfg-path', '/tmp/tmpurzxquke']
[2023-11-22T07:54:40.479+0000] {standard_task_runner.py:85} INFO - Job 73: Subtask Transform
[2023-11-22T07:54:40.540+0000] {task_command.py:416} INFO - Running <TaskInstance: outcomes_dag.Transform scheduled__2023-11-20T00:00:00+00:00 [running]> on host 6318e996d951
[2023-11-22T07:54:40.615+0000] {taskinstance.py:1662} INFO - Exporting env vars: AIRFLOW_CTX_DAG_OWNER='***' AIRFLOW_CTX_DAG_ID='outcomes_dag' AIRFLOW_CTX_TASK_ID='Transform' AIRFLOW_CTX_EXECUTION_DATE='2023-11-20T00:00:00+00:00' AIRFLOW_CTX_TRY_NUMBER='1' AIRFLOW_CTX_DAG_RUN_ID='scheduled__2023-11-20T00:00:00+00:00'
[2023-11-22T07:54:40.617+0000] {logging_mixin.py:154} INFO - Getting data from Cloud Storage
[2023-11-22T07:54:41.089+0000] {logging_mixin.py:154} INFO - Index(['animal_id', 'datetime', 'monthyear', 'date_of_birth', 'outcome_type',
       'outcome_subtype', 'animal_type', 'sex_upon_outcome',
       'age_upon_outcome', 'breed', 'color', 'name'],
      dtype='object')
[2023-11-22T07:54:41.326+0000] {logging_mixin.py:154} INFO - Data Deposited into Cloud Storage
[2023-11-22T07:54:41.327+0000] {python.py:194} INFO - Done. Returned value was: None
[2023-11-22T07:54:41.341+0000] {taskinstance.py:1400} INFO - Marking task as SUCCESS. dag_id=outcomes_dag, task_id=Transform, execution_date=20231120T000000, start_date=20231122T075440, end_date=20231122T075441
[2023-11-22T07:54:41.388+0000] {local_task_job_runner.py:228} INFO - Task exited with return code 0
[2023-11-22T22:41:47.740+0000] {taskinstance.py:1159} INFO - Dependencies all met for dep_context=non-requeueable deps ti=<TaskInstance: outcomes_dag.Transform scheduled__2023-11-20T00:00:00+00:00 [queued]>
[2023-11-22T22:41:47.748+0000] {taskinstance.py:1159} INFO - Dependencies all met for dep_context=requeueable deps ti=<TaskInstance: outcomes_dag.Transform scheduled__2023-11-20T00:00:00+00:00 [queued]>
[2023-11-22T22:41:47.748+0000] {taskinstance.py:1361} INFO - Starting attempt 1 of 1
[2023-11-22T22:41:47.758+0000] {taskinstance.py:1382} INFO - Executing <Task(PythonOperator): Transform> on 2023-11-20 00:00:00+00:00
[2023-11-22T22:41:47.767+0000] {standard_task_runner.py:57} INFO - Started process 261 to run task
[2023-11-22T22:41:47.773+0000] {standard_task_runner.py:84} INFO - Running: ['***', 'tasks', 'run', 'outcomes_dag', 'Transform', 'scheduled__2023-11-20T00:00:00+00:00', '--job-id', '58', '--raw', '--subdir', 'DAGS_FOLDER/outcomes_dag.py', '--cfg-path', '/tmp/tmp_btxlo4w']
[2023-11-22T22:41:47.777+0000] {standard_task_runner.py:85} INFO - Job 58: Subtask Transform
[2023-11-22T22:41:47.913+0000] {task_command.py:416} INFO - Running <TaskInstance: outcomes_dag.Transform scheduled__2023-11-20T00:00:00+00:00 [running]> on host 8ac13583809b
[2023-11-22T22:41:48.035+0000] {taskinstance.py:1662} INFO - Exporting env vars: AIRFLOW_CTX_DAG_OWNER='***' AIRFLOW_CTX_DAG_ID='outcomes_dag' AIRFLOW_CTX_TASK_ID='Transform' AIRFLOW_CTX_EXECUTION_DATE='2023-11-20T00:00:00+00:00' AIRFLOW_CTX_TRY_NUMBER='1' AIRFLOW_CTX_DAG_RUN_ID='scheduled__2023-11-20T00:00:00+00:00'
[2023-11-22T22:41:48.042+0000] {logging_mixin.py:154} INFO - Getting data from Cloud Storage
[2023-11-22T22:41:48.477+0000] {logging_mixin.py:154} INFO - Index(['animal_id', 'datetime', 'monthyear', 'date_of_birth', 'outcome_type',
       'outcome_subtype', 'animal_type', 'sex_upon_outcome',
       'age_upon_outcome', 'breed', 'color', 'name'],
      dtype='object')
[2023-11-22T22:41:48.669+0000] {logging_mixin.py:154} INFO - Data Deposited into Cloud Storage
[2023-11-22T22:41:48.669+0000] {python.py:194} INFO - Done. Returned value was: None
[2023-11-22T22:41:48.679+0000] {taskinstance.py:1400} INFO - Marking task as SUCCESS. dag_id=outcomes_dag, task_id=Transform, execution_date=20231120T000000, start_date=20231122T224147, end_date=20231122T224148
[2023-11-22T22:41:48.724+0000] {local_task_job_runner.py:228} INFO - Task exited with return code 0
[2023-11-22T23:03:28.955+0000] {taskinstance.py:1159} INFO - Dependencies all met for dep_context=non-requeueable deps ti=<TaskInstance: outcomes_dag.Transform scheduled__2023-11-20T00:00:00+00:00 [queued]>
[2023-11-22T23:03:28.962+0000] {taskinstance.py:1159} INFO - Dependencies all met for dep_context=requeueable deps ti=<TaskInstance: outcomes_dag.Transform scheduled__2023-11-20T00:00:00+00:00 [queued]>
[2023-11-22T23:03:28.962+0000] {taskinstance.py:1361} INFO - Starting attempt 1 of 1
[2023-11-22T23:03:28.968+0000] {taskinstance.py:1382} INFO - Executing <Task(PythonOperator): Transform> on 2023-11-20 00:00:00+00:00
[2023-11-22T23:03:28.976+0000] {standard_task_runner.py:57} INFO - Started process 480 to run task
[2023-11-22T23:03:28.983+0000] {standard_task_runner.py:84} INFO - Running: ['***', 'tasks', 'run', 'outcomes_dag', 'Transform', 'scheduled__2023-11-20T00:00:00+00:00', '--job-id', '121', '--raw', '--subdir', 'DAGS_FOLDER/outcomes_dag.py', '--cfg-path', '/tmp/tmptn42zesz']
[2023-11-22T23:03:28.987+0000] {standard_task_runner.py:85} INFO - Job 121: Subtask Transform
[2023-11-22T23:03:29.047+0000] {task_command.py:416} INFO - Running <TaskInstance: outcomes_dag.Transform scheduled__2023-11-20T00:00:00+00:00 [running]> on host 4b2f5af281f8
[2023-11-22T23:03:29.107+0000] {taskinstance.py:1662} INFO - Exporting env vars: AIRFLOW_CTX_DAG_OWNER='***' AIRFLOW_CTX_DAG_ID='outcomes_dag' AIRFLOW_CTX_TASK_ID='Transform' AIRFLOW_CTX_EXECUTION_DATE='2023-11-20T00:00:00+00:00' AIRFLOW_CTX_TRY_NUMBER='1' AIRFLOW_CTX_DAG_RUN_ID='scheduled__2023-11-20T00:00:00+00:00'
[2023-11-22T23:03:29.109+0000] {logging_mixin.py:154} INFO - Getting data from Cloud Storage
[2023-11-22T23:03:29.507+0000] {logging_mixin.py:154} INFO - Index(['animal_id', 'datetime', 'monthyear', 'date_of_birth', 'outcome_type',
       'outcome_subtype', 'animal_type', 'sex_upon_outcome',
       'age_upon_outcome', 'breed', 'color', 'name'],
      dtype='object')
[2023-11-22T23:03:29.780+0000] {logging_mixin.py:154} INFO - Data Deposited into Cloud Storage
[2023-11-22T23:03:29.781+0000] {python.py:194} INFO - Done. Returned value was: None
[2023-11-22T23:03:29.792+0000] {taskinstance.py:1400} INFO - Marking task as SUCCESS. dag_id=outcomes_dag, task_id=Transform, execution_date=20231120T000000, start_date=20231122T230328, end_date=20231122T230329
[2023-11-22T23:03:29.853+0000] {local_task_job_runner.py:228} INFO - Task exited with return code 0
[2023-11-22T23:23:50.526+0000] {taskinstance.py:1159} INFO - Dependencies all met for dep_context=non-requeueable deps ti=<TaskInstance: outcomes_dag.Transform scheduled__2023-11-20T00:00:00+00:00 [queued]>
[2023-11-22T23:23:50.532+0000] {taskinstance.py:1159} INFO - Dependencies all met for dep_context=requeueable deps ti=<TaskInstance: outcomes_dag.Transform scheduled__2023-11-20T00:00:00+00:00 [queued]>
[2023-11-22T23:23:50.532+0000] {taskinstance.py:1361} INFO - Starting attempt 1 of 1
[2023-11-22T23:23:50.539+0000] {taskinstance.py:1382} INFO - Executing <Task(PythonOperator): Transform> on 2023-11-20 00:00:00+00:00
[2023-11-22T23:23:50.545+0000] {standard_task_runner.py:57} INFO - Started process 427 to run task
[2023-11-22T23:23:50.549+0000] {standard_task_runner.py:84} INFO - Running: ['***', 'tasks', 'run', 'outcomes_dag', 'Transform', 'scheduled__2023-11-20T00:00:00+00:00', '--job-id', '106', '--raw', '--subdir', 'DAGS_FOLDER/outcomes_dag.py', '--cfg-path', '/tmp/tmp7_y06o44']
[2023-11-22T23:23:50.551+0000] {standard_task_runner.py:85} INFO - Job 106: Subtask Transform
[2023-11-22T23:23:50.591+0000] {task_command.py:416} INFO - Running <TaskInstance: outcomes_dag.Transform scheduled__2023-11-20T00:00:00+00:00 [running]> on host b410bfb4af5e
[2023-11-22T23:23:50.654+0000] {taskinstance.py:1662} INFO - Exporting env vars: AIRFLOW_CTX_DAG_OWNER='***' AIRFLOW_CTX_DAG_ID='outcomes_dag' AIRFLOW_CTX_TASK_ID='Transform' AIRFLOW_CTX_EXECUTION_DATE='2023-11-20T00:00:00+00:00' AIRFLOW_CTX_TRY_NUMBER='1' AIRFLOW_CTX_DAG_RUN_ID='scheduled__2023-11-20T00:00:00+00:00'
[2023-11-22T23:23:50.657+0000] {logging_mixin.py:154} INFO - Getting data from Cloud Storage
[2023-11-22T23:23:51.124+0000] {logging_mixin.py:154} INFO - Index(['animal_id', 'datetime', 'monthyear', 'date_of_birth', 'outcome_type',
       'outcome_subtype', 'animal_type', 'sex_upon_outcome',
       'age_upon_outcome', 'breed', 'color', 'name'],
      dtype='object')
[2023-11-22T23:23:51.427+0000] {logging_mixin.py:154} INFO - Data Deposited into Cloud Storage
[2023-11-22T23:23:51.428+0000] {python.py:194} INFO - Done. Returned value was: None
[2023-11-22T23:23:51.438+0000] {taskinstance.py:1400} INFO - Marking task as SUCCESS. dag_id=outcomes_dag, task_id=Transform, execution_date=20231120T000000, start_date=20231122T232350, end_date=20231122T232351
[2023-11-22T23:23:51.465+0000] {local_task_job_runner.py:228} INFO - Task exited with return code 0
[2023-11-22T23:46:39.726+0000] {taskinstance.py:1159} INFO - Dependencies all met for dep_context=non-requeueable deps ti=<TaskInstance: outcomes_dag.Transform scheduled__2023-11-20T00:00:00+00:00 [queued]>
[2023-11-22T23:46:39.738+0000] {taskinstance.py:1159} INFO - Dependencies all met for dep_context=requeueable deps ti=<TaskInstance: outcomes_dag.Transform scheduled__2023-11-20T00:00:00+00:00 [queued]>
[2023-11-22T23:46:39.739+0000] {taskinstance.py:1361} INFO - Starting attempt 1 of 1
[2023-11-22T23:46:39.755+0000] {taskinstance.py:1382} INFO - Executing <Task(PythonOperator): Transform> on 2023-11-20 00:00:00+00:00
[2023-11-22T23:46:39.762+0000] {standard_task_runner.py:57} INFO - Started process 430 to run task
[2023-11-22T23:46:39.766+0000] {standard_task_runner.py:84} INFO - Running: ['***', 'tasks', 'run', 'outcomes_dag', 'Transform', 'scheduled__2023-11-20T00:00:00+00:00', '--job-id', '108', '--raw', '--subdir', 'DAGS_FOLDER/outcomes_dag.py', '--cfg-path', '/tmp/tmp2lu4tkea']
[2023-11-22T23:46:39.768+0000] {standard_task_runner.py:85} INFO - Job 108: Subtask Transform
[2023-11-22T23:46:39.838+0000] {task_command.py:416} INFO - Running <TaskInstance: outcomes_dag.Transform scheduled__2023-11-20T00:00:00+00:00 [running]> on host 371cae71aa63
[2023-11-22T23:46:39.933+0000] {taskinstance.py:1662} INFO - Exporting env vars: AIRFLOW_CTX_DAG_OWNER='***' AIRFLOW_CTX_DAG_ID='outcomes_dag' AIRFLOW_CTX_TASK_ID='Transform' AIRFLOW_CTX_EXECUTION_DATE='2023-11-20T00:00:00+00:00' AIRFLOW_CTX_TRY_NUMBER='1' AIRFLOW_CTX_DAG_RUN_ID='scheduled__2023-11-20T00:00:00+00:00'
[2023-11-22T23:46:39.935+0000] {logging_mixin.py:154} INFO - Getting data from Cloud Storage
[2023-11-22T23:46:40.290+0000] {logging_mixin.py:154} INFO - Index(['animal_id', 'datetime', 'monthyear', 'date_of_birth', 'outcome_type',
       'outcome_subtype', 'animal_type', 'sex_upon_outcome',
       'age_upon_outcome', 'breed', 'color', 'name'],
      dtype='object')
[2023-11-22T23:46:40.523+0000] {logging_mixin.py:154} INFO - Data Deposited into Cloud Storage
[2023-11-22T23:46:40.524+0000] {python.py:194} INFO - Done. Returned value was: None
[2023-11-22T23:46:40.539+0000] {taskinstance.py:1400} INFO - Marking task as SUCCESS. dag_id=outcomes_dag, task_id=Transform, execution_date=20231120T000000, start_date=20231122T234639, end_date=20231122T234640
[2023-11-22T23:46:40.586+0000] {local_task_job_runner.py:228} INFO - Task exited with return code 0
[2023-11-23T00:43:10.148+0000] {taskinstance.py:1159} INFO - Dependencies all met for dep_context=non-requeueable deps ti=<TaskInstance: outcomes_dag.Transform scheduled__2023-11-20T00:00:00+00:00 [queued]>
[2023-11-23T00:43:10.156+0000] {taskinstance.py:1159} INFO - Dependencies all met for dep_context=requeueable deps ti=<TaskInstance: outcomes_dag.Transform scheduled__2023-11-20T00:00:00+00:00 [queued]>
[2023-11-23T00:43:10.156+0000] {taskinstance.py:1361} INFO - Starting attempt 1 of 1
[2023-11-23T00:43:10.168+0000] {taskinstance.py:1382} INFO - Executing <Task(PythonOperator): Transform> on 2023-11-20 00:00:00+00:00
[2023-11-23T00:43:10.177+0000] {standard_task_runner.py:57} INFO - Started process 494 to run task
[2023-11-23T00:43:10.202+0000] {standard_task_runner.py:84} INFO - Running: ['***', 'tasks', 'run', 'outcomes_dag', 'Transform', 'scheduled__2023-11-20T00:00:00+00:00', '--job-id', '126', '--raw', '--subdir', 'DAGS_FOLDER/outcomes_dag.py', '--cfg-path', '/tmp/tmptij84ved']
[2023-11-23T00:43:10.207+0000] {standard_task_runner.py:85} INFO - Job 126: Subtask Transform
[2023-11-23T00:43:10.250+0000] {task_command.py:416} INFO - Running <TaskInstance: outcomes_dag.Transform scheduled__2023-11-20T00:00:00+00:00 [running]> on host 75913536581a
[2023-11-23T00:43:10.306+0000] {taskinstance.py:1662} INFO - Exporting env vars: AIRFLOW_CTX_DAG_OWNER='***' AIRFLOW_CTX_DAG_ID='outcomes_dag' AIRFLOW_CTX_TASK_ID='Transform' AIRFLOW_CTX_EXECUTION_DATE='2023-11-20T00:00:00+00:00' AIRFLOW_CTX_TRY_NUMBER='1' AIRFLOW_CTX_DAG_RUN_ID='scheduled__2023-11-20T00:00:00+00:00'
[2023-11-23T00:43:10.308+0000] {logging_mixin.py:154} INFO - Getting data from Cloud Storage
[2023-11-23T00:43:10.777+0000] {logging_mixin.py:154} INFO - Index(['animal_id', 'datetime', 'monthyear', 'date_of_birth', 'outcome_type',
       'outcome_subtype', 'animal_type', 'sex_upon_outcome',
       'age_upon_outcome', 'breed', 'color', 'name'],
      dtype='object')
[2023-11-23T00:43:11.095+0000] {logging_mixin.py:154} INFO - Data Deposited into Cloud Storage
[2023-11-23T00:43:11.095+0000] {python.py:194} INFO - Done. Returned value was: None
[2023-11-23T00:43:11.107+0000] {taskinstance.py:1400} INFO - Marking task as SUCCESS. dag_id=outcomes_dag, task_id=Transform, execution_date=20231120T000000, start_date=20231123T004310, end_date=20231123T004311
[2023-11-23T00:43:11.124+0000] {local_task_job_runner.py:228} INFO - Task exited with return code 0
[2023-11-23T01:50:02.612+0000] {taskinstance.py:1159} INFO - Dependencies all met for dep_context=non-requeueable deps ti=<TaskInstance: outcomes_dag.Transform scheduled__2023-11-20T00:00:00+00:00 [queued]>
[2023-11-23T01:50:02.623+0000] {taskinstance.py:1159} INFO - Dependencies all met for dep_context=requeueable deps ti=<TaskInstance: outcomes_dag.Transform scheduled__2023-11-20T00:00:00+00:00 [queued]>
[2023-11-23T01:50:02.627+0000] {taskinstance.py:1361} INFO - Starting attempt 1 of 1
[2023-11-23T01:50:02.641+0000] {taskinstance.py:1382} INFO - Executing <Task(PythonOperator): Transform> on 2023-11-20 00:00:00+00:00
[2023-11-23T01:50:02.654+0000] {standard_task_runner.py:57} INFO - Started process 286 to run task
[2023-11-23T01:50:02.669+0000] {standard_task_runner.py:84} INFO - Running: ['***', 'tasks', 'run', 'outcomes_dag', 'Transform', 'scheduled__2023-11-20T00:00:00+00:00', '--job-id', '75', '--raw', '--subdir', 'DAGS_FOLDER/outcomes_dag.py', '--cfg-path', '/tmp/tmpsgt1q23w']
[2023-11-23T01:50:02.673+0000] {standard_task_runner.py:85} INFO - Job 75: Subtask Transform
[2023-11-23T01:50:02.838+0000] {task_command.py:416} INFO - Running <TaskInstance: outcomes_dag.Transform scheduled__2023-11-20T00:00:00+00:00 [running]> on host d15d3caa5b00
[2023-11-23T01:50:03.025+0000] {taskinstance.py:1662} INFO - Exporting env vars: AIRFLOW_CTX_DAG_OWNER='***' AIRFLOW_CTX_DAG_ID='outcomes_dag' AIRFLOW_CTX_TASK_ID='Transform' AIRFLOW_CTX_EXECUTION_DATE='2023-11-20T00:00:00+00:00' AIRFLOW_CTX_TRY_NUMBER='1' AIRFLOW_CTX_DAG_RUN_ID='scheduled__2023-11-20T00:00:00+00:00'
[2023-11-23T01:50:03.029+0000] {logging_mixin.py:154} INFO - Getting data from Cloud Storage
[2023-11-23T01:50:03.391+0000] {logging_mixin.py:154} INFO - Index(['animal_id', 'datetime', 'monthyear', 'date_of_birth', 'outcome_type',
       'outcome_subtype', 'animal_type', 'sex_upon_outcome',
       'age_upon_outcome', 'breed', 'color', 'name'],
      dtype='object')
[2023-11-23T01:50:03.647+0000] {logging_mixin.py:154} INFO - Data Deposited into Cloud Storage
[2023-11-23T01:50:03.648+0000] {python.py:194} INFO - Done. Returned value was: None
[2023-11-23T01:50:03.670+0000] {taskinstance.py:1400} INFO - Marking task as SUCCESS. dag_id=outcomes_dag, task_id=Transform, execution_date=20231120T000000, start_date=20231123T015002, end_date=20231123T015003
[2023-11-23T01:50:03.760+0000] {local_task_job_runner.py:228} INFO - Task exited with return code 0
[2023-11-23T01:58:39.460+0000] {taskinstance.py:1159} INFO - Dependencies all met for dep_context=non-requeueable deps ti=<TaskInstance: outcomes_dag.Transform scheduled__2023-11-20T00:00:00+00:00 [queued]>
[2023-11-23T01:58:39.475+0000] {taskinstance.py:1159} INFO - Dependencies all met for dep_context=requeueable deps ti=<TaskInstance: outcomes_dag.Transform scheduled__2023-11-20T00:00:00+00:00 [queued]>
[2023-11-23T01:58:39.476+0000] {taskinstance.py:1361} INFO - Starting attempt 1 of 1
[2023-11-23T01:58:39.506+0000] {taskinstance.py:1382} INFO - Executing <Task(PythonOperator): Transform> on 2023-11-20 00:00:00+00:00
[2023-11-23T01:58:39.518+0000] {standard_task_runner.py:57} INFO - Started process 87 to run task
[2023-11-23T01:58:39.535+0000] {standard_task_runner.py:84} INFO - Running: ['***', 'tasks', 'run', 'outcomes_dag', 'Transform', 'scheduled__2023-11-20T00:00:00+00:00', '--job-id', '10', '--raw', '--subdir', 'DAGS_FOLDER/outcomes_dag.py', '--cfg-path', '/tmp/tmpycpv2dex']
[2023-11-23T01:58:39.551+0000] {standard_task_runner.py:85} INFO - Job 10: Subtask Transform
[2023-11-23T01:58:39.653+0000] {task_command.py:416} INFO - Running <TaskInstance: outcomes_dag.Transform scheduled__2023-11-20T00:00:00+00:00 [running]> on host 3cdc572bc068
[2023-11-23T01:58:39.770+0000] {taskinstance.py:1662} INFO - Exporting env vars: AIRFLOW_CTX_DAG_OWNER='***' AIRFLOW_CTX_DAG_ID='outcomes_dag' AIRFLOW_CTX_TASK_ID='Transform' AIRFLOW_CTX_EXECUTION_DATE='2023-11-20T00:00:00+00:00' AIRFLOW_CTX_TRY_NUMBER='1' AIRFLOW_CTX_DAG_RUN_ID='scheduled__2023-11-20T00:00:00+00:00'
[2023-11-23T01:58:39.776+0000] {logging_mixin.py:154} INFO - Getting data from Cloud Storage
[2023-11-23T01:58:40.193+0000] {logging_mixin.py:154} INFO - Index(['animal_id', 'datetime', 'monthyear', 'date_of_birth', 'outcome_type',
       'outcome_subtype', 'animal_type', 'sex_upon_outcome',
       'age_upon_outcome', 'breed', 'color', 'name'],
      dtype='object')
[2023-11-23T01:58:40.417+0000] {logging_mixin.py:154} INFO - Data Deposited into Cloud Storage
[2023-11-23T01:58:40.418+0000] {python.py:194} INFO - Done. Returned value was: None
[2023-11-23T01:58:40.438+0000] {taskinstance.py:1400} INFO - Marking task as SUCCESS. dag_id=outcomes_dag, task_id=Transform, execution_date=20231120T000000, start_date=20231123T015839, end_date=20231123T015840
[2023-11-23T01:58:40.523+0000] {local_task_job_runner.py:228} INFO - Task exited with return code 0
[2023-11-23T02:59:41.766+0000] {taskinstance.py:1159} INFO - Dependencies all met for dep_context=non-requeueable deps ti=<TaskInstance: outcomes_dag.Transform scheduled__2023-11-20T00:00:00+00:00 [queued]>
[2023-11-23T02:59:42.380+0000] {taskinstance.py:1159} INFO - Dependencies all met for dep_context=requeueable deps ti=<TaskInstance: outcomes_dag.Transform scheduled__2023-11-20T00:00:00+00:00 [queued]>
[2023-11-23T02:59:42.381+0000] {taskinstance.py:1361} INFO - Starting attempt 1 of 1
[2023-11-23T02:59:42.401+0000] {taskinstance.py:1382} INFO - Executing <Task(PythonOperator): Transform> on 2023-11-20 00:00:00+00:00
[2023-11-23T02:59:42.407+0000] {standard_task_runner.py:57} INFO - Started process 146 to run task
[2023-11-23T02:59:42.431+0000] {standard_task_runner.py:84} INFO - Running: ['***', 'tasks', 'run', 'outcomes_dag', 'Transform', 'scheduled__2023-11-20T00:00:00+00:00', '--job-id', '11', '--raw', '--subdir', 'DAGS_FOLDER/outcomes_dag.py', '--cfg-path', '/tmp/tmpy2llrnuq']
[2023-11-23T02:59:42.467+0000] {standard_task_runner.py:85} INFO - Job 11: Subtask Transform
[2023-11-23T02:59:42.602+0000] {task_command.py:416} INFO - Running <TaskInstance: outcomes_dag.Transform scheduled__2023-11-20T00:00:00+00:00 [running]> on host 1268bd8e5db0
[2023-11-23T02:59:42.740+0000] {taskinstance.py:1662} INFO - Exporting env vars: AIRFLOW_CTX_DAG_OWNER='***' AIRFLOW_CTX_DAG_ID='outcomes_dag' AIRFLOW_CTX_TASK_ID='Transform' AIRFLOW_CTX_EXECUTION_DATE='2023-11-20T00:00:00+00:00' AIRFLOW_CTX_TRY_NUMBER='1' AIRFLOW_CTX_DAG_RUN_ID='scheduled__2023-11-20T00:00:00+00:00'
[2023-11-23T02:59:42.742+0000] {logging_mixin.py:154} INFO - Getting data from Cloud Storage
[2023-11-23T02:59:43.120+0000] {logging_mixin.py:154} INFO - Index(['animal_id', 'datetime', 'monthyear', 'date_of_birth', 'outcome_type',
       'outcome_subtype', 'animal_type', 'sex_upon_outcome',
       'age_upon_outcome', 'breed', 'color', 'name'],
      dtype='object')
[2023-11-23T02:59:43.292+0000] {logging_mixin.py:154} INFO - Data Deposited into Cloud Storage
[2023-11-23T02:59:43.293+0000] {python.py:194} INFO - Done. Returned value was: None
[2023-11-23T02:59:43.308+0000] {taskinstance.py:1400} INFO - Marking task as SUCCESS. dag_id=outcomes_dag, task_id=Transform, execution_date=20231120T000000, start_date=20231123T025941, end_date=20231123T025943
[2023-11-23T02:59:43.361+0000] {local_task_job_runner.py:228} INFO - Task exited with return code 0
[2023-11-23T03:42:07.370+0000] {taskinstance.py:1159} INFO - Dependencies all met for dep_context=non-requeueable deps ti=<TaskInstance: outcomes_dag.Transform scheduled__2023-11-20T00:00:00+00:00 [queued]>
[2023-11-23T03:42:07.379+0000] {taskinstance.py:1159} INFO - Dependencies all met for dep_context=requeueable deps ti=<TaskInstance: outcomes_dag.Transform scheduled__2023-11-20T00:00:00+00:00 [queued]>
[2023-11-23T03:42:07.380+0000] {taskinstance.py:1361} INFO - Starting attempt 1 of 1
[2023-11-23T03:42:07.393+0000] {taskinstance.py:1382} INFO - Executing <Task(PythonOperator): Transform> on 2023-11-20 00:00:00+00:00
[2023-11-23T03:42:07.403+0000] {standard_task_runner.py:57} INFO - Started process 540 to run task
[2023-11-23T03:42:07.407+0000] {standard_task_runner.py:84} INFO - Running: ['***', 'tasks', 'run', 'outcomes_dag', 'Transform', 'scheduled__2023-11-20T00:00:00+00:00', '--job-id', '158', '--raw', '--subdir', 'DAGS_FOLDER/outcomes_dag.py', '--cfg-path', '/tmp/tmp9wdjet_w']
[2023-11-23T03:42:07.411+0000] {standard_task_runner.py:85} INFO - Job 158: Subtask Transform
[2023-11-23T03:42:07.470+0000] {task_command.py:416} INFO - Running <TaskInstance: outcomes_dag.Transform scheduled__2023-11-20T00:00:00+00:00 [running]> on host e647c96745b0
[2023-11-23T03:42:07.535+0000] {taskinstance.py:1662} INFO - Exporting env vars: AIRFLOW_CTX_DAG_OWNER='***' AIRFLOW_CTX_DAG_ID='outcomes_dag' AIRFLOW_CTX_TASK_ID='Transform' AIRFLOW_CTX_EXECUTION_DATE='2023-11-20T00:00:00+00:00' AIRFLOW_CTX_TRY_NUMBER='1' AIRFLOW_CTX_DAG_RUN_ID='scheduled__2023-11-20T00:00:00+00:00'
[2023-11-23T03:42:07.539+0000] {logging_mixin.py:154} INFO - Getting data from Cloud Storage
[2023-11-23T03:42:08.032+0000] {logging_mixin.py:154} INFO - Index(['animal_id', 'datetime', 'monthyear', 'date_of_birth', 'outcome_type',
       'outcome_subtype', 'animal_type', 'sex_upon_outcome',
       'age_upon_outcome', 'breed', 'color', 'name'],
      dtype='object')
[2023-11-23T03:42:08.315+0000] {logging_mixin.py:154} INFO - Data Deposited into Cloud Storage
[2023-11-23T03:42:08.317+0000] {python.py:194} INFO - Done. Returned value was: None
[2023-11-23T03:42:08.348+0000] {taskinstance.py:1400} INFO - Marking task as SUCCESS. dag_id=outcomes_dag, task_id=Transform, execution_date=20231120T000000, start_date=20231123T034207, end_date=20231123T034208
[2023-11-23T03:42:08.471+0000] {local_task_job_runner.py:228} INFO - Task exited with return code 0
