[2023-11-20T22:16:36.847+0000] {taskinstance.py:1159} INFO - Dependencies all met for dep_context=non-requeueable deps ti=<TaskInstance: outcomes_dag.step1 scheduled__2023-11-04T00:00:00+00:00 [queued]>
[2023-11-20T22:16:36.868+0000] {taskinstance.py:1159} INFO - Dependencies all met for dep_context=requeueable deps ti=<TaskInstance: outcomes_dag.step1 scheduled__2023-11-04T00:00:00+00:00 [queued]>
[2023-11-20T22:16:36.871+0000] {taskinstance.py:1361} INFO - Starting attempt 1 of 1
[2023-11-20T22:16:36.965+0000] {taskinstance.py:1382} INFO - Executing <Task(BashOperator): step1> on 2023-11-04 00:00:00+00:00
[2023-11-20T22:16:37.053+0000] {standard_task_runner.py:57} INFO - Started process 336 to run task
[2023-11-20T22:16:37.135+0000] {standard_task_runner.py:84} INFO - Running: ['***', 'tasks', 'run', 'outcomes_dag', 'step1', 'scheduled__2023-11-04T00:00:00+00:00', '--job-id', '9', '--raw', '--subdir', 'DAGS_FOLDER/outcomes_dag.py', '--cfg-path', '/tmp/tmpc_xcdq4z']
[2023-11-20T22:16:37.136+0000] {standard_task_runner.py:85} INFO - Job 9: Subtask step1
[2023-11-20T22:16:37.467+0000] {task_command.py:416} INFO - Running <TaskInstance: outcomes_dag.step1 scheduled__2023-11-04T00:00:00+00:00 [running]> on host 323903d45442
[2023-11-20T22:16:37.886+0000] {taskinstance.py:1662} INFO - Exporting env vars: AIRFLOW_CTX_DAG_OWNER='***' AIRFLOW_CTX_DAG_ID='outcomes_dag' AIRFLOW_CTX_TASK_ID='step1' AIRFLOW_CTX_EXECUTION_DATE='2023-11-04T00:00:00+00:00' AIRFLOW_CTX_TRY_NUMBER='1' AIRFLOW_CTX_DAG_RUN_ID='scheduled__2023-11-04T00:00:00+00:00'
[2023-11-20T22:16:37.913+0000] {subprocess.py:63} INFO - Tmp dir root location: /tmp
[2023-11-20T22:16:37.925+0000] {subprocess.py:75} INFO - Running command: ['/bin/bash', '-c', 'echo 1']
[2023-11-20T22:16:37.971+0000] {subprocess.py:86} INFO - Output:
[2023-11-20T22:16:37.976+0000] {subprocess.py:93} INFO - 1
[2023-11-20T22:16:37.977+0000] {subprocess.py:97} INFO - Command exited with return code 0
[2023-11-20T22:16:38.090+0000] {taskinstance.py:1400} INFO - Marking task as SUCCESS. dag_id=outcomes_dag, task_id=step1, execution_date=20231104T000000, start_date=20231120T221636, end_date=20231120T221638
[2023-11-20T22:16:38.223+0000] {local_task_job_runner.py:228} INFO - Task exited with return code 0
[2023-11-20T22:16:38.395+0000] {taskinstance.py:2778} INFO - 0 downstream tasks scheduled from follow-on schedule check
[2023-11-21T01:20:17.835+0000] {taskinstance.py:1159} INFO - Dependencies all met for dep_context=non-requeueable deps ti=<TaskInstance: outcomes_dag.step1 scheduled__2023-11-04T00:00:00+00:00 [queued]>
[2023-11-21T01:20:17.922+0000] {taskinstance.py:1159} INFO - Dependencies all met for dep_context=requeueable deps ti=<TaskInstance: outcomes_dag.step1 scheduled__2023-11-04T00:00:00+00:00 [queued]>
[2023-11-21T01:20:17.923+0000] {taskinstance.py:1361} INFO - Starting attempt 1 of 1
[2023-11-21T01:20:17.981+0000] {taskinstance.py:1382} INFO - Executing <Task(BashOperator): step1> on 2023-11-04 00:00:00+00:00
[2023-11-21T01:20:18.104+0000] {standard_task_runner.py:57} INFO - Started process 108 to run task
[2023-11-21T01:20:18.139+0000] {standard_task_runner.py:84} INFO - Running: ['***', 'tasks', 'run', 'outcomes_dag', 'step1', 'scheduled__2023-11-04T00:00:00+00:00', '--job-id', '13', '--raw', '--subdir', 'DAGS_FOLDER/outcomes_dag.py', '--cfg-path', '/tmp/tmp37yofpqt']
[2023-11-21T01:20:18.217+0000] {standard_task_runner.py:85} INFO - Job 13: Subtask step1
[2023-11-21T01:20:18.976+0000] {task_command.py:416} INFO - Running <TaskInstance: outcomes_dag.step1 scheduled__2023-11-04T00:00:00+00:00 [running]> on host f31a30014ab0
[2023-11-21T01:20:32.809+0000] {taskinstance.py:1662} INFO - Exporting env vars: AIRFLOW_CTX_DAG_OWNER='***' AIRFLOW_CTX_DAG_ID='outcomes_dag' AIRFLOW_CTX_TASK_ID='step1' AIRFLOW_CTX_EXECUTION_DATE='2023-11-04T00:00:00+00:00' AIRFLOW_CTX_TRY_NUMBER='1' AIRFLOW_CTX_DAG_RUN_ID='scheduled__2023-11-04T00:00:00+00:00'
[2023-11-21T01:20:32.873+0000] {subprocess.py:63} INFO - Tmp dir root location: /tmp
[2023-11-21T01:20:32.891+0000] {subprocess.py:75} INFO - Running command: ['/bin/bash', '-c', 'curl --create-dirs -o /opt/***/data/2023-11-04/downloads/outcomes_2023-11-04.json https://data.austintexas.gov/resource/9t4d-g238.json']
[2023-11-21T01:20:32.950+0000] {subprocess.py:86} INFO - Output:
[2023-11-21T01:20:32.992+0000] {subprocess.py:93} INFO -   % Total    % Received % Xferd  Average Speed   Time    Time     Time  Current
[2023-11-21T01:20:32.993+0000] {subprocess.py:93} INFO -                                  Dload  Upload   Total   Spent    Left  Speed
[2023-11-21T01:20:34.575+0000] {subprocess.py:93} INFO -   0     0    0     0    0     0      0      0 --:--:-- --:--:-- --:--:--     0  0     0    0     0    0     0      0      0 --:--:-- --:--:-- --:--:--     0100  158k    0  158k    0     0   147k      0 --:--:--  0:00:01 --:--:--  147k100  320k    0  320k    0     0   203k      0 --:--:--  0:00:01 --:--:--  203k
[2023-11-21T01:20:34.630+0000] {subprocess.py:97} INFO - Command exited with return code 0
[2023-11-21T01:20:34.921+0000] {taskinstance.py:1400} INFO - Marking task as SUCCESS. dag_id=outcomes_dag, task_id=step1, execution_date=20231104T000000, start_date=20231121T012017, end_date=20231121T012034
[2023-11-21T01:20:35.178+0000] {local_task_job_runner.py:228} INFO - Task exited with return code 0
[2023-11-21T01:20:35.390+0000] {taskinstance.py:2778} INFO - 1 downstream tasks scheduled from follow-on schedule check
[2023-11-21T02:36:04.455+0000] {taskinstance.py:1159} INFO - Dependencies all met for dep_context=non-requeueable deps ti=<TaskInstance: outcomes_dag.step1 scheduled__2023-11-04T00:00:00+00:00 [queued]>
[2023-11-21T02:36:04.464+0000] {taskinstance.py:1159} INFO - Dependencies all met for dep_context=requeueable deps ti=<TaskInstance: outcomes_dag.step1 scheduled__2023-11-04T00:00:00+00:00 [queued]>
[2023-11-21T02:36:04.464+0000] {taskinstance.py:1361} INFO - Starting attempt 1 of 1
[2023-11-21T02:36:04.497+0000] {taskinstance.py:1382} INFO - Executing <Task(BashOperator): step1> on 2023-11-04 00:00:00+00:00
[2023-11-21T02:36:04.524+0000] {standard_task_runner.py:57} INFO - Started process 92 to run task
[2023-11-21T02:36:04.569+0000] {standard_task_runner.py:84} INFO - Running: ['***', 'tasks', 'run', 'outcomes_dag', 'step1', 'scheduled__2023-11-04T00:00:00+00:00', '--job-id', '11', '--raw', '--subdir', 'DAGS_FOLDER/outcomes_dag.py', '--cfg-path', '/tmp/tmpo_zikog9']
[2023-11-21T02:36:04.589+0000] {standard_task_runner.py:85} INFO - Job 11: Subtask step1
[2023-11-21T02:36:05.002+0000] {task_command.py:416} INFO - Running <TaskInstance: outcomes_dag.step1 scheduled__2023-11-04T00:00:00+00:00 [running]> on host b875fa978b1e
[2023-11-21T02:36:13.796+0000] {taskinstance.py:1662} INFO - Exporting env vars: AIRFLOW_CTX_DAG_OWNER='***' AIRFLOW_CTX_DAG_ID='outcomes_dag' AIRFLOW_CTX_TASK_ID='step1' AIRFLOW_CTX_EXECUTION_DATE='2023-11-04T00:00:00+00:00' AIRFLOW_CTX_TRY_NUMBER='1' AIRFLOW_CTX_DAG_RUN_ID='scheduled__2023-11-04T00:00:00+00:00'
[2023-11-21T02:36:13.806+0000] {subprocess.py:63} INFO - Tmp dir root location: /tmp
[2023-11-21T02:36:13.807+0000] {subprocess.py:75} INFO - Running command: ['/bin/bash', '-c', 'curl --create-dirs -o /opt/***/data/2023-11-04/downloads/outcomes_2023-11-04.json https://data.austintexas.gov/resource/9t4d-g238.json']
[2023-11-21T02:36:13.849+0000] {subprocess.py:86} INFO - Output:
[2023-11-21T02:36:13.864+0000] {subprocess.py:93} INFO -   % Total    % Received % Xferd  Average Speed   Time    Time     Time  Current
[2023-11-21T02:36:13.865+0000] {subprocess.py:93} INFO -                                  Dload  Upload   Total   Spent    Left  Speed
[2023-11-21T02:36:14.769+0000] {subprocess.py:93} INFO -   0     0    0     0    0     0      0      0 --:--:-- --:--:-- --:--:--     0  0     0    0     0    0     0      0      0 --:--:-- --:--:-- --:--:--     0100  320k    0  320k    0     0   355k      0 --:--:-- --:--:-- --:--:--  355k
[2023-11-21T02:36:14.783+0000] {subprocess.py:97} INFO - Command exited with return code 0
[2023-11-21T02:36:15.033+0000] {taskinstance.py:1400} INFO - Marking task as SUCCESS. dag_id=outcomes_dag, task_id=step1, execution_date=20231104T000000, start_date=20231121T023604, end_date=20231121T023615
[2023-11-21T02:36:15.206+0000] {local_task_job_runner.py:228} INFO - Task exited with return code 0
[2023-11-21T02:36:15.511+0000] {taskinstance.py:2778} INFO - 0 downstream tasks scheduled from follow-on schedule check
